#
# There is insufficient memory for the Java Runtime Environment to continue.
# Native memory allocation (malloc) failed to allocate 269456 bytes for Chunk::new
# Possible reasons:
#   The system is out of physical RAM or swap space
#   In 32 bit mode, the process size limit was hit
# Possible solutions:
#   Reduce memory load on the system
#   Increase physical memory or swap space
#   Check if swap backing store is full
#   Use 64 bit Java on a 64 bit OS
#   Decrease Java heap size (-Xmx/-Xms)
#   Decrease number of Java threads
#   Decrease Java thread stack sizes (-Xss)
#   Set larger code cache with -XX:ReservedCodeCacheSize=
# This output file may be truncated or incomplete.
#
#  Out of Memory Error (allocation.cpp:390), pid=9012, tid=0x0000000000002038
#
# JRE version: Java(TM) SE Runtime Environment (8.0_92-b14) (build 1.8.0_92-b14)
# Java VM: Java HotSpot(TM) 64-Bit Server VM (25.92-b14 mixed mode windows-amd64 compressed oops)
# Failed to write core dump. Minidumps are not enabled by default on client versions of Windows
#

---------------  T H R E A D  ---------------

Current thread (0x0000000015091000):  JavaThread "C2 CompilerThread1" daemon [_thread_in_native, id=8248, stack(0x00000000167d0000,0x00000000168d0000)]

Stack: [0x00000000167d0000,0x00000000168d0000]
[error occurred during error reporting (printing stack bounds), id 0xc0000005]

Native frames: (J=compiled Java code, j=interpreted, Vv=VM code, C=native code)


Current CompileTask:
C2:   1963 1478       4       com.android.dx.ssa.back.FirstFitLocalCombiningAllocator$1::processInsn (169 bytes)


---------------  P R O C E S S  ---------------

Java Threads: ( => current thread )
  0x0000000016c47000 JavaThread "pool-1-thread-4" [_thread_in_Java, id=4444, stack(0x00000000173d0000,0x00000000174d0000)]
  0x0000000016c46000 JavaThread "pool-1-thread-3" [_thread_blocked, id=7332, stack(0x00000000172d0000,0x00000000173d0000)]
  0x0000000016c45800 JavaThread "pool-1-thread-2" [_thread_blocked, id=2232, stack(0x00000000171d0000,0x00000000172d0000)]
  0x0000000016c3a800 JavaThread "pool-2-thread-1" [_thread_blocked, id=8600, stack(0x00000000170d0000,0x00000000171d0000)]
  0x0000000016c39800 JavaThread "pool-1-thread-1" [_thread_blocked, id=8216, stack(0x0000000016fd0000,0x00000000170d0000)]
  0x00000000169d3000 JavaThread "Service Thread" daemon [_thread_blocked, id=7544, stack(0x0000000016dd0000,0x0000000016ed0000)]
  0x00000000150ec000 JavaThread "C1 CompilerThread2" daemon [_thread_blocked, id=6816, stack(0x00000000168d0000,0x00000000169d0000)]
=>0x0000000015091000 JavaThread "C2 CompilerThread1" daemon [_thread_in_native, id=8248, stack(0x00000000167d0000,0x00000000168d0000)]
  0x000000001508e000 JavaThread "C2 CompilerThread0" daemon [_thread_in_native, id=2876, stack(0x00000000166d0000,0x00000000167d0000)]
  0x000000001508c000 JavaThread "Attach Listener" daemon [_thread_blocked, id=4904, stack(0x00000000165d0000,0x00000000166d0000)]
  0x000000001508b000 JavaThread "Signal Dispatcher" daemon [_thread_blocked, id=8576, stack(0x00000000164d0000,0x00000000165d0000)]
  0x000000001507a800 JavaThread "Finalizer" daemon [_thread_blocked, id=4668, stack(0x00000000162f0000,0x00000000163f0000)]
  0x00000000029b0800 JavaThread "Reference Handler" daemon [_thread_blocked, id=7852, stack(0x00000000161f0000,0x00000000162f0000)]
  0x00000000028c2800 JavaThread "main" [_thread_in_native, id=4300, stack(0x0000000002700000,0x0000000002800000)]

Other Threads:
  0x0000000015058800 VMThread [stack: 0x00000000160f0000,0x00000000161f0000] [id=7868]
  0x00000000169da000 WatcherThread [stack: 0x0000000016ed0000,0x0000000016fd0000] [id=3832]

VM state:not at safepoint (normal execution)

VM Mutex/Monitor currently owned by a thread: None

Heap:
 PSYoungGen      total 71680K, used 9604K [0x00000000eab00000, 0x00000000ef600000, 0x0000000100000000)
  eden space 66560K, 6% used [0x00000000eab00000,0x00000000eaf67bb8,0x00000000eec00000)
  from space 5120K, 99% used [0x00000000ef100000,0x00000000ef5f9560,0x00000000ef600000)
  to   space 5120K, 0% used [0x00000000eec00000,0x00000000eec00000,0x00000000ef100000)
 ParOldGen       total 87552K, used 5391K [0x00000000c0000000, 0x00000000c5580000, 0x00000000eab00000)
  object space 87552K, 6% used [0x00000000c0000000,0x00000000c0543fe0,0x00000000c5580000)
 Metaspace       used 6210K, capacity 7090K, committed 7296K, reserved 1056768K
  class space    used 604K, capacity 618K, committed 640K, reserved 1048576K

Card table byte_map: [0x0000000011d80000,0x0000000011f90000] byte_map_base: 0x0000000011780000

Marking Bits: (ParMarkBitMap*) 0x0000000072cb64f0
 Begin Bits: [0x00000000124f0000, 0x00000000134f0000)
 End Bits:   [0x00000000134f0000, 0x00000000144f0000)

Polling page: 0x0000000000da0000

CodeCache: size=245760Kb used=6166Kb max_used=6166Kb free=239593Kb
 bounds [0x00000000029c0000, 0x0000000002fd0000, 0x00000000119c0000]
 total_blobs=1747 nmethods=1478 adapters=182
 compilation: enabled

Compilation events (10 events):
Event: 1.832 Thread 0x00000000150ec000 1484       1       com.android.dx.ssa.MoveParamCombiner$1::visitPhiInsn (1 bytes)
Event: 1.832 Thread 0x00000000150ec000 nmethod 1484 0x0000000002fc3b10 code [0x0000000002fc3c60, 0x0000000002fc3d70]
Event: 1.835 Thread 0x00000000150ec000 1485       1       com.android.dx.rop.code.ThrowingInsn::getCatches (5 bytes)
Event: 1.835 Thread 0x00000000150ec000 nmethod 1485 0x0000000002fc3850 code [0x0000000002fc39a0, 0x0000000002fc3ab0]
Event: 1.835 Thread 0x00000000150ec000 1486       3       com.android.dx.rop.code.ThrowingInsn::accept (8 bytes)
Event: 1.835 Thread 0x00000000150ec000 nmethod 1486 0x0000000002fc33d0 code [0x0000000002fc3540, 0x0000000002fc3768]
Event: 1.957 Thread 0x00000000150ec000 1488       2       com.android.dx.ssa.PhiInsn::mapSourceRegisters (78 bytes)
Event: 1.958 Thread 0x00000000150ec000 nmethod 1488 0x0000000002fc2bd0 code [0x0000000002fc2d60, 0x0000000002fc3128]
Event: 1.958 Thread 0x00000000150ec000 1489       1       com.android.dx.rop.cst.CstKnownNull::getType (4 bytes)
Event: 1.958 Thread 0x00000000150ec000 nmethod 1489 0x0000000002fcb410 code [0x0000000002fcb560, 0x0000000002fcb670]

GC Heap History (4 events):
Event: 1.573 GC heap before
{Heap before GC invocations=1 (full 0):
 PSYoungGen      total 38400K, used 33280K [0x00000000eab00000, 0x00000000ed580000, 0x0000000100000000)
  eden space 33280K, 100% used [0x00000000eab00000,0x00000000ecb80000,0x00000000ecb80000)
  from space 5120K, 0% used [0x00000000ed080000,0x00000000ed080000,0x00000000ed580000)
  to   space 5120K, 0% used [0x00000000ecb80000,0x00000000ecb80000,0x00000000ed080000)
 ParOldGen       total 87552K, used 0K [0x00000000c0000000, 0x00000000c5580000, 0x00000000eab00000)
  object space 87552K, 0% used [0x00000000c0000000,0x00000000c0000000,0x00000000c5580000)
 Metaspace       used 6030K, capacity 6962K, committed 7040K, reserved 1056768K
  class space    used 604K, capacity 618K, committed 640K, reserved 1048576K
Event: 1.604 GC heap after
Heap after GC invocations=1 (full 0):
 PSYoungGen      total 38400K, used 5097K [0x00000000eab00000, 0x00000000ef600000, 0x0000000100000000)
  eden space 33280K, 0% used [0x00000000eab00000,0x00000000eab00000,0x00000000ecb80000)
  from space 5120K, 99% used [0x00000000ecb80000,0x00000000ed07a470,0x00000000ed080000)
  to   space 5120K, 0% used [0x00000000ef100000,0x00000000ef100000,0x00000000ef600000)
 ParOldGen       total 87552K, used 950K [0x00000000c0000000, 0x00000000c5580000, 0x00000000eab00000)
  object space 87552K, 1% used [0x00000000c0000000,0x00000000c00edb68,0x00000000c5580000)
 Metaspace       used 6030K, capacity 6962K, committed 7040K, reserved 1056768K
  class space    used 604K, capacity 618K, committed 640K, reserved 1048576K
}
Event: 1.837 GC heap before
{Heap before GC invocations=2 (full 0):
 PSYoungGen      total 38400K, used 38377K [0x00000000eab00000, 0x00000000ef600000, 0x0000000100000000)
  eden space 33280K, 100% used [0x00000000eab00000,0x00000000ecb80000,0x00000000ecb80000)
  from space 5120K, 99% used [0x00000000ecb80000,0x00000000ed07a470,0x00000000ed080000)
  to   space 5120K, 0% used [0x00000000ef100000,0x00000000ef100000,0x00000000ef600000)
 ParOldGen       total 87552K, used 950K [0x00000000c0000000, 0x00000000c5580000, 0x00000000eab00000)
  object space 87552K, 1% used [0x00000000c0000000,0x00000000c00edb68,0x00000000c5580000)
 Metaspace       used 6208K, capacity 7090K, committed 7296K, reserved 1056768K
  class space    used 604K, capacity 618K, committed 640K, reserved 1048576K
Event: 1.954 GC heap after
Heap after GC invocations=2 (full 0):
 PSYoungGen      total 71680K, used 5093K [0x00000000eab00000, 0x00000000ef600000, 0x0000000100000000)
  eden space 66560K, 0% used [0x00000000eab00000,0x00000000eab00000,0x00000000eec00000)
  from space 5120K, 99% used [0x00000000ef100000,0x00000000ef5f9560,0x00000000ef600000)
  to   space 5120K, 0% used [0x00000000eec00000,0x00000000eec00000,0x00000000ef100000)
 ParOldGen       total 87552K, used 5391K [0x00000000c0000000, 0x00000000c5580000, 0x00000000eab00000)
  object space 87552K, 6% used [0x00000000c0000000,0x00000000c0543fe0,0x00000000c5580000)
 Metaspace       used 6208K, capacity 7090K, committed 7296K, reserved 1056768K
  class space    used 604K, capacity 618K, committed 640K, reserved 1048576K
}

Deoptimization events (10 events):
Event: 1.235 Thread 0x0000000016c39800 Uncommon trap: reason=unstable_if action=reinterpret pc=0x0000000002be7db0 method=java.util.BitSet.nextSetBit(I)I @ 87
Event: 1.419 Thread 0x0000000016c39800 Uncommon trap: reason=unstable_if action=reinterpret pc=0x0000000002cc82ac method=com.android.dx.rop.code.RegisterSpecSet.put(Lcom/android/dx/rop/code/RegisterSpec;)V @ 77
Event: 1.419 Thread 0x0000000016c39800 Uncommon trap: reason=unstable_if action=reinterpret pc=0x0000000002d51098 method=com.android.dx.rop.code.RegisterSpecSet.put(Lcom/android/dx/rop/code/RegisterSpec;)V @ 77
Event: 1.512 Thread 0x0000000016c45800 Uncommon trap: reason=unstable_if action=reinterpret pc=0x0000000002c8b1c4 method=com.android.dx.rop.code.RegisterSpec.equals(ILcom/android/dx/rop/type/TypeBearer;Lcom/android/dx/rop/code/LocalItem;)Z @ 42
Event: 1.676 Thread 0x0000000016c45800 Uncommon trap: reason=unstable_if action=reinterpret pc=0x0000000002f21638 method=com.android.dx.ssa.SCCP.simulateBranch(Lcom/android/dx/ssa/SsaInsn;)V @ 107
Event: 1.715 Thread 0x0000000016c39800 Uncommon trap: reason=class_check action=maybe_recompile pc=0x0000000002ee88a4 method=com.android.dx.cf.code.BytecodeArray.parseInstruction(ILcom/android/dx/cf/code/BytecodeArray$Visitor;)I @ 955
Event: 1.748 Thread 0x0000000016c39800 Uncommon trap: reason=class_check action=maybe_recompile pc=0x0000000002ee88a4 method=com.android.dx.cf.code.BytecodeArray.parseInstruction(ILcom/android/dx/cf/code/BytecodeArray$Visitor;)I @ 955
Event: 1.748 Thread 0x0000000016c46000 Uncommon trap: reason=class_check action=maybe_recompile pc=0x0000000002ee88a4 method=com.android.dx.cf.code.BytecodeArray.parseInstruction(ILcom/android/dx/cf/code/BytecodeArray$Visitor;)I @ 955
Event: 1.757 Thread 0x0000000016c46000 Uncommon trap: reason=class_check action=maybe_recompile pc=0x0000000002ee88a4 method=com.android.dx.cf.code.BytecodeArray.parseInstruction(ILcom/android/dx/cf/code/BytecodeArray$Visitor;)I @ 955
Event: 1.823 Thread 0x0000000016c47000 Uncommon trap: reason=unstable_if action=reinterpret pc=0x0000000002c1279c method=com.android.dx.rop.cst.Constant.compareTo(Lcom/android/dx/rop/cst/Constant;)I @ 12

Internal exceptions (2 events):
Event: 0.061 Thread 0x00000000028c2800 Exception <a 'java/lang/NoSuchMethodError': Method sun.misc.Unsafe.defineClass(Ljava/lang/String;[BII)Ljava/lang/Class; name or signature does not match> (0x00000000eab07cc0) thrown at [D:\re\workspace\8-2-build-windows-amd64-cygwin\jdk8u92\6642\hotspot\sr¿±Wr*NØ?
Event: 0.061 Thread 0x00000000028c2800 Exception <a 'java/lang/NoSuchMethodError': Method sun.misc.Unsafe.prefetchRead(Ljava/lang/Object;J)V name or signature does not match> (0x00000000eab07fa8) thrown at [D:\re\workspace\8-2-build-windows-amd64-cygwin\jdk8u92\6642\hotspot\src\share\vm\prims\j

Events (10 events):
Event: 1.748 Thread 0x0000000016c46000 DEOPT PACKING pc=0x0000000002ee88a4 sp=0x00000000173ce830
Event: 1.748 Thread 0x0000000016c46000 DEOPT UNPACKING pc=0x0000000002a0582a sp=0x00000000173ce7a0 mode 2
Event: 1.757 Thread 0x0000000016c46000 Uncommon trap: trap_request=0xffffffde fr.pc=0x0000000002ee88a4
Event: 1.757 Thread 0x0000000016c46000 DEOPT PACKING pc=0x0000000002ee88a4 sp=0x00000000173ce830
Event: 1.757 Thread 0x0000000016c46000 DEOPT UNPACKING pc=0x0000000002a0582a sp=0x00000000173ce7a0 mode 2
Event: 1.823 Thread 0x0000000016c47000 Uncommon trap: trap_request=0xffffff65 fr.pc=0x0000000002c1279c
Event: 1.823 Thread 0x0000000016c47000 DEOPT PACKING pc=0x0000000002c1279c sp=0x00000000174ce460
Event: 1.823 Thread 0x0000000016c47000 DEOPT UNPACKING pc=0x0000000002a0582a sp=0x00000000174ce400 mode 2
Event: 1.836 Executing VM operation: ParallelGCFailedAllocation
Event: 1.954 Executing VM operation: ParallelGCFailedAllocation done


Dynamic libraries:
0x00007ff77adc0000 - 0x00007ff77adf7000 	C:\Program Files\Java\jdk1.8.0_92\bin\java.exe
0x00007ff94e790000 - 0x00007ff94e93a000 	C:\Windows\SYSTEM32\ntdll.dll
0x00007ff94e0b0000 - 0x00007ff94e1ea000 	C:\Windows\system32\KERNEL32.DLL
0x00007ff94bf00000 - 0x00007ff94c00f000 	C:\Windows\system32\KERNELBASE.dll
0x00007ff94a730000 - 0x00007ff94a7b8000 	C:\Windows\system32\apphelp.dll
0x00007ff944780000 - 0x00007ff9447cf000 	C:\Windows\AppPatch\AppPatch64\AcGenral.DLL
0x00007ff94c4d0000 - 0x00007ff94c577000 	C:\Windows\system32\msvcrt.dll
0x00007ff94b940000 - 0x00007ff94b96b000 	C:\Windows\SYSTEM32\SspiCli.dll
0x00007ff94e1f0000 - 0x00007ff94e241000 	C:\Windows\system32\SHLWAPI.dll
0x00007ff94c720000 - 0x00007ff94c891000 	C:\Windows\system32\USER32.dll
0x00007ff94e550000 - 0x00007ff94e6c8000 	C:\Windows\system32\ole32.dll
0x00007ff94c9f0000 - 0x00007ff94de07000 	C:\Windows\system32\SHELL32.dll
0x00007ff94b170000 - 0x00007ff94b18e000 	C:\Windows\SYSTEM32\USERENV.dll
0x00007ff94c210000 - 0x00007ff94c2b5000 	C:\Windows\system32\ADVAPI32.dll
0x00007ff946f50000 - 0x00007ff946f6b000 	C:\Windows\SYSTEM32\MPR.dll
0x00007ff94e3a0000 - 0x00007ff94e4d6000 	C:\Windows\system32\RPCRT4.dll
0x00007ff94e4e0000 - 0x00007ff94e537000 	C:\Windows\SYSTEM32\sechost.dll
0x00007ff94c010000 - 0x00007ff94c1e6000 	C:\Windows\SYSTEM32\combase.dll
0x00007ff94c8a0000 - 0x00007ff94c9e5000 	C:\Windows\system32\GDI32.dll
0x00007ff94bb00000 - 0x00007ff94bb14000 	C:\Windows\SYSTEM32\profapi.dll
0x00007ff94a160000 - 0x00007ff94a1ff000 	C:\Windows\SYSTEM32\SHCORE.dll
0x00007ff94e2b0000 - 0x00007ff94e2e4000 	C:\Windows\system32\IMM32.DLL
0x00007ff94c580000 - 0x00007ff94c6b9000 	C:\Windows\system32\MSCTF.dll
0x00007ff9498e0000 - 0x00007ff949b3a000 	C:\Windows\WinSxS\amd64_microsoft.windows.common-controls_6595b64144ccf1df_6.0.9600.17031_none_6242a4b3ecbb55a1\COMCTL32.dll
0x0000000072010000 - 0x00000000720e2000 	C:\Program Files\Java\jdk1.8.0_92\jre\bin\msvcr100.dll
0x00000000724a0000 - 0x0000000072d36000 	C:\Program Files\Java\jdk1.8.0_92\jre\bin\server\jvm.dll
0x00007ff92b710000 - 0x00007ff92b719000 	C:\Windows\SYSTEM32\WSOCK32.dll
0x00007ff944330000 - 0x00007ff94434f000 	C:\Windows\SYSTEM32\WINMM.dll
0x00007ff949810000 - 0x00007ff94981a000 	C:\Windows\SYSTEM32\VERSION.dll
0x00007ff94dff0000 - 0x00007ff94dff7000 	C:\Windows\system32\PSAPI.DLL
0x00007ff94e250000 - 0x00007ff94e2a8000 	C:\Windows\system32\WS2_32.dll
0x00007ff9413b0000 - 0x00007ff9413da000 	C:\Windows\SYSTEM32\WINMMBASE.dll
0x00007ff94c2c0000 - 0x00007ff94c2c9000 	C:\Windows\system32\NSI.dll
0x00007ff94bbd0000 - 0x00007ff94bc1a000 	C:\Windows\SYSTEM32\cfgmgr32.dll
0x00007ff94a980000 - 0x00007ff94a9a6000 	C:\Windows\SYSTEM32\DEVOBJ.dll
0x0000000072490000 - 0x000000007249f000 	C:\Program Files\Java\jdk1.8.0_92\jre\bin\verify.dll
0x0000000072460000 - 0x0000000072489000 	C:\Program Files\Java\jdk1.8.0_92\jre\bin\java.dll
0x0000000072440000 - 0x0000000072456000 	C:\Program Files\Java\jdk1.8.0_92\jre\bin\zip.dll

VM Arguments:
jvm_args: -Djava.awt.headless=true -Xmx1024M -Dfile.encoding=windows-1252 -Duser.country=US -Duser.language=en -Duser.variant 
java_command: com.android.dx.command.Main --dex --force-jumbo --num-threads=4 --output C:\Zooket\app\build\intermediates\pre-dexed\debug\com.android.support-appcompat-v7-23.4.0_fda78873d11546ce0404252f8f37bf8df30f60cc.jar C:\Zooket\app\build\intermediates\exploded-aar\com.android.support\appcompat-v7\23.4.0\jars\classes.jar
java_class_path (initial): C:\android-sdk-windows\build-tools\24.0.3\lib\dx.jar
Launcher Type: SUN_STANDARD

Environment Variables:
PATH=C:\ProgramData\Oracle\Java\javapath;C:\Windows\system32;C:\Windows;C:\Windows\System32\Wbem;C:\Windows\System32\WindowsPowerShell\v1.0\;C:\Program Files (x86)\NVIDIA Corporation\PhysX\Common;C:\Program Files (x86)\Windows Kits\8.1\Windows Performance Toolkit\;C:\Program Files\Microsoft SQL Server\110\Tools\Binn\;C:\Program Files\Microsoft SQL Server\110\DTS\Binn\;C:\Program Files (x86)\Microsoft SQL Server\110\Tools\Binn\;C:\Program Files (x86)\Microsoft SQL Server\110\Tools\Binn\ManagementStudio\;C:\Program Files (x86)\Microsoft Visual Studio 10.0\Common7\IDE\PrivateAssemblies\;C:\Program Files (x86)\Microsoft SQL Server\110\DTS\Binn\;C:\Program Files (x86)\GtkSharp\2.12\bin;C:\Program Files (x86)\QuickTime\QTSystem\
USERNAME=Smo
OS=Windows_NT
PROCESSOR_IDENTIFIER=Intel64 Family 6 Model 94 Stepping 3, GenuineIntel



---------------  S Y S T E M  ---------------

OS: Windows 8.1 , 64 bit Build 9600 (6.3.9600.17056)

CPU:total 4 (4 cores per cpu, 1 threads per core) family 6 model 94 stepping 3, cmov, cx8, fxsr, mmx, sse, sse2, sse3, ssse3, sse4.1, sse4.2, popcnt, avx, avx2, aes, clmul, erms, 3dnowpref, lzcnt, tsc, tscinvbit, bmi1, bmi2, adx

Memory: 4k page, physical 8266404k(879536k free), swap 8266404k(5132k free)

vm_info: Java HotSpot(TM) 64-Bit Server VM (25.92-b14) for windows-amd64 JRE (1.8.0_92-b14), built on Mar 31 2016 21:03:04 by "java_re" with MS VC++ 10.0 (VS2010)

time: Mon May 22 12:30:04 2017
elapsed time: 1 seconds (0d 0h 0m 1s)

