#
# There is insufficient memory for the Java Runtime Environment to continue.
# Native memory allocation (malloc) failed to allocate 32744 bytes for ChunkPool::allocate
# Possible reasons:
#   The system is out of physical RAM or swap space
#   In 32 bit mode, the process size limit was hit
# Possible solutions:
#   Reduce memory load on the system
#   Increase physical memory or swap space
#   Check if swap backing store is full
#   Use 64 bit Java on a 64 bit OS
#   Decrease Java heap size (-Xmx/-Xms)
#   Decrease number of Java threads
#   Decrease Java thread stack sizes (-Xss)
#   Set larger code cache with -XX:ReservedCodeCacheSize=
# This output file may be truncated or incomplete.
#
#  Out of Memory Error (allocation.cpp:273), pid=8960, tid=0x0000000000001fc4
#
# JRE version: Java(TM) SE Runtime Environment (8.0_92-b14) (build 1.8.0_92-b14)
# Java VM: Java HotSpot(TM) 64-Bit Server VM (25.92-b14 mixed mode windows-amd64 compressed oops)
# Failed to write core dump. Minidumps are not enabled by default on client versions of Windows
#

---------------  T H R E A D  ---------------

Current thread (0x000000001511e000):  JavaThread "C2 CompilerThread0" daemon [_thread_in_native, id=8132, stack(0x0000000016780000,0x0000000016880000)]

Stack: [0x0000000016780000,0x0000000016880000]
[error occurred during error reporting (printing stack bounds), id 0xc0000005]

Native frames: (J=compiled Java code, j=interpreted, Vv=VM code, C=native code)


Current CompileTask:
C2:    956  557       4       java.lang.Long::numberOfTrailingZeros (116 bytes)


---------------  P R O C E S S  ---------------

Java Threads: ( => current thread )
  0x0000000016bed800 JavaThread "pool-1-thread-4" [_thread_in_vm, id=7388, stack(0x0000000017480000,0x0000000017580000)]
  0x0000000016bed000 JavaThread "pool-1-thread-3" [_thread_blocked, id=8648, stack(0x0000000017380000,0x0000000017480000)]
  0x0000000016bec000 JavaThread "pool-1-thread-2" [_thread_blocked, id=8248, stack(0x0000000017280000,0x0000000017380000)]
  0x0000000016af1800 JavaThread "pool-2-thread-1" [_thread_blocked, id=8920, stack(0x0000000017180000,0x0000000017280000)]
  0x0000000016aeb000 JavaThread "pool-1-thread-1" [_thread_blocked, id=8972, stack(0x0000000017080000,0x0000000017180000)]
  0x0000000016986800 JavaThread "Service Thread" daemon [_thread_blocked, id=6584, stack(0x0000000016e80000,0x0000000016f80000)]
  0x0000000016981000 JavaThread "C1 CompilerThread2" daemon [_thread_in_native, id=9116, stack(0x0000000016d80000,0x0000000016e80000)]
  0x0000000015177000 JavaThread "C2 CompilerThread1" daemon [_thread_in_vm, id=9112, stack(0x0000000016880000,0x0000000016980000)]
=>0x000000001511e000 JavaThread "C2 CompilerThread0" daemon [_thread_in_native, id=8132, stack(0x0000000016780000,0x0000000016880000)]
  0x000000001511c000 JavaThread "Attach Listener" daemon [_thread_blocked, id=300, stack(0x0000000016680000,0x0000000016780000)]
  0x000000001511a800 JavaThread "Signal Dispatcher" daemon [_thread_blocked, id=5632, stack(0x0000000016580000,0x0000000016680000)]
  0x000000001510a800 JavaThread "Finalizer" daemon [_thread_blocked, id=8380, stack(0x0000000016380000,0x0000000016480000)]
  0x0000000002a40800 JavaThread "Reference Handler" daemon [_thread_blocked, id=6408, stack(0x0000000016280000,0x0000000016380000)]
  0x0000000002952800 JavaThread "main" [_thread_blocked, id=7444, stack(0x0000000002830000,0x0000000002930000)]

Other Threads:
  0x00000000150e8800 VMThread [stack: 0x0000000016180000,0x0000000016280000] [id=3600]
  0x000000001699a800 WatcherThread [stack: 0x0000000016f80000,0x0000000017080000] [id=8460]

VM state:not at safepoint (normal execution)

VM Mutex/Monitor currently owned by a thread:  ([mutex/lock_event])
[0x0000000002951ad0] MethodData_lock - owner thread: 0x0000000016bed800

Heap:
 PSYoungGen      total 38400K, used 13333K [0x00000000eab00000, 0x00000000ed580000, 0x0000000100000000)
  eden space 33280K, 40% used [0x00000000eab00000,0x00000000eb805670,0x00000000ecb80000)
  from space 5120K, 0% used [0x00000000ed080000,0x00000000ed080000,0x00000000ed580000)
  to   space 5120K, 0% used [0x00000000ecb80000,0x00000000ecb80000,0x00000000ed080000)
 ParOldGen       total 87552K, used 0K [0x00000000c0000000, 0x00000000c5580000, 0x00000000eab00000)
  object space 87552K, 0% used [0x00000000c0000000,0x00000000c0000000,0x00000000c5580000)
 Metaspace       used 5558K, capacity 6578K, committed 6784K, reserved 1056768K
  class space    used 594K, capacity 618K, committed 640K, reserved 1048576K

Card table byte_map: [0x0000000011e10000,0x0000000012020000] byte_map_base: 0x0000000011810000

Marking Bits: (ParMarkBitMap*) 0x000000005fe464f0
 Begin Bits: [0x0000000012580000, 0x0000000013580000)
 End Bits:   [0x0000000013580000, 0x0000000014580000)

Polling page: 0x00000000027b0000

CodeCache: size=245760Kb used=2095Kb max_used=2105Kb free=243664Kb
 bounds [0x0000000002a50000, 0x0000000002cc0000, 0x0000000011a50000]
 total_blobs=796 nmethods=527 adapters=182
 compilation: enabled

Compilation events (10 events):
Event: 0.335 Thread 0x0000000015177000 nmethod 527 0x0000000002c5ce90 code [0x0000000002c5cfc0, 0x0000000002c5d138]
Event: 0.336 Thread 0x000000001511e000 nmethod 534 0x0000000002c5cb10 code [0x0000000002c5cc60, 0x0000000002c5cd38]
Event: 0.337 Thread 0x0000000015177000  543       4       com.android.dx.ssa.NormalSsaInsn::getOpcode (8 bytes)
Event: 0.337 Thread 0x0000000015177000 nmethod 543 0x0000000002c55c10 code [0x0000000002c55d40, 0x0000000002c55db8]
Event: 0.337 Thread 0x000000001511e000  548       4       com.android.dx.rop.code.InsnList::get (9 bytes)
Event: 0.338 Thread 0x0000000015177000  553       4       java.lang.String::compareTo (78 bytes)
Event: 0.338 Thread 0x000000001511e000 nmethod 548 0x0000000002c5c790 code [0x0000000002c5c8e0, 0x0000000002c5c9d8]
Event: 0.339 Thread 0x0000000015177000 nmethod 553 0x0000000002c5c390 code [0x0000000002c5c4e0, 0x0000000002c5c678]
Event: 0.341 Thread 0x000000001511e000  557       4       java.lang.Long::numberOfTrailingZeros (116 bytes)
Event: 0.343 Thread 0x0000000015177000  560   !   4       com.android.dx.util.FixedSizeList::<init> (36 bytes)

GC Heap History (0 events):
No events

Deoptimization events (2 events):
Event: 0.329 Thread 0x0000000016bec000 Uncommon trap: reason=unstable_if action=reinterpret pc=0x0000000002c43f68 method=java.util.HashMap.getNode(ILjava/lang/Object;)Ljava/util/HashMap$Node; @ 129
Event: 0.340 Thread 0x0000000016bed000 Uncommon trap: reason=unstable_if action=reinterpret pc=0x0000000002c43930 method=java.util.BitSet.nextSetBit(I)I @ 87

Internal exceptions (2 events):
Event: 0.031 Thread 0x0000000002952800 Exception <a 'java/lang/NoSuchMethodError': Method sun.misc.Unsafe.defineClass(Ljava/lang/String;[BII)Ljava/lang/Class; name or signature does not match> (0x00000000eab07cc0) thrown at [D:\re\workspace\8-2-build-windows-amd64-cygwin\jdk8u92\6642\hotspot\sr®:Sÿ# ?
Event: 0.032 Thread 0x0000000002952800 Exception <a 'java/lang/NoSuchMethodError': Method sun.misc.Unsafe.prefetchRead(Ljava/lang/Object;J)V name or signature does not match> (0x00000000eab07fa8) thrown at [D:\re\workspace\8-2-build-windows-amd64-cygwin\jdk8u92\6642\hotspot\src\share\vm\prims\j

Events (10 events):
Event: 0.317 loading class com/android/dx/ssa/back/FirstFitLocalCombiningAllocator$Multiset
Event: 0.317 loading class com/android/dx/ssa/back/FirstFitLocalCombiningAllocator$Multiset done
Event: 0.318 loading class com/android/dx/cf/code/BytecodeArray$ConstantParserVisitor
Event: 0.318 loading class com/android/dx/cf/code/BytecodeArray$ConstantParserVisitor done
Event: 0.329 Thread 0x0000000016bec000 Uncommon trap: trap_request=0xffffff65 fr.pc=0x0000000002c43f68
Event: 0.329 Thread 0x0000000016bec000 DEOPT PACKING pc=0x0000000002c43f68 sp=0x000000001737e670
Event: 0.329 Thread 0x0000000016bec000 DEOPT UNPACKING pc=0x0000000002a9582a sp=0x000000001737e5e8 mode 2
Event: 0.340 Thread 0x0000000016bed000 Uncommon trap: trap_request=0xffffff65 fr.pc=0x0000000002c43930
Event: 0.340 Thread 0x0000000016bed000 DEOPT PACKING pc=0x0000000002c43930 sp=0x000000001747eba0
Event: 0.340 Thread 0x0000000016bed000 DEOPT UNPACKING pc=0x0000000002a9582a sp=0x000000001747eb38 mode 2


Dynamic libraries:
0x00007ff6d53b0000 - 0x00007ff6d53e7000 	C:\Program Files\Java\jdk1.8.0_92\bin\java.exe
0x00007ffbdc880000 - 0x00007ffbdca2a000 	C:\Windows\SYSTEM32\ntdll.dll
0x00007ffbda4d0000 - 0x00007ffbda60a000 	C:\Windows\system32\KERNEL32.DLL
0x00007ffbd9cc0000 - 0x00007ffbd9dcf000 	C:\Windows\system32\KERNELBASE.dll
0x00007ffbd8820000 - 0x00007ffbd88a8000 	C:\Windows\system32\apphelp.dll
0x00007ffbb25a0000 - 0x00007ffbb25ef000 	C:\Windows\AppPatch\AppPatch64\AcGenral.DLL
0x00007ffbda6c0000 - 0x00007ffbda767000 	C:\Windows\system32\msvcrt.dll
0x00007ffbd9a30000 - 0x00007ffbd9a5b000 	C:\Windows\SYSTEM32\SspiCli.dll
0x00007ffbdbea0000 - 0x00007ffbdbef1000 	C:\Windows\system32\SHLWAPI.dll
0x00007ffbdc300000 - 0x00007ffbdc471000 	C:\Windows\system32\USER32.dll
0x00007ffbdc610000 - 0x00007ffbdc788000 	C:\Windows\system32\ole32.dll
0x00007ffbdaa20000 - 0x00007ffbdbe37000 	C:\Windows\system32\SHELL32.dll
0x00007ffbd9260000 - 0x00007ffbd927e000 	C:\Windows\SYSTEM32\USERENV.dll
0x00007ffbdc7d0000 - 0x00007ffbdc875000 	C:\Windows\system32\ADVAPI32.dll
0x00007ffbd5040000 - 0x00007ffbd505b000 	C:\Windows\SYSTEM32\MPR.dll
0x00007ffbda100000 - 0x00007ffbda236000 	C:\Windows\system32\RPCRT4.dll
0x00007ffbdc100000 - 0x00007ffbdc157000 	C:\Windows\SYSTEM32\sechost.dll
0x00007ffbda840000 - 0x00007ffbdaa16000 	C:\Windows\SYSTEM32\combase.dll
0x00007ffbda240000 - 0x00007ffbda385000 	C:\Windows\system32\GDI32.dll
0x00007ffbd9bf0000 - 0x00007ffbd9c04000 	C:\Windows\SYSTEM32\profapi.dll
0x00007ffbd80b0000 - 0x00007ffbd814f000 	C:\Windows\SYSTEM32\SHCORE.dll
0x00007ffbdc790000 - 0x00007ffbdc7c4000 	C:\Windows\system32\IMM32.DLL
0x00007ffbda390000 - 0x00007ffbda4c9000 	C:\Windows\system32\MSCTF.dll
0x00007ffbd78f0000 - 0x00007ffbd7b4a000 	C:\Windows\WinSxS\amd64_microsoft.windows.common-controls_6595b64144ccf1df_6.0.9600.17031_none_6242a4b3ecbb55a1\COMCTL32.dll
0x000000005ef50000 - 0x000000005f022000 	C:\Program Files\Java\jdk1.8.0_92\jre\bin\msvcr100.dll
0x000000005f630000 - 0x000000005fec6000 	C:\Program Files\Java\jdk1.8.0_92\jre\bin\server\jvm.dll
0x00007ffbd49e0000 - 0x00007ffbd49e9000 	C:\Windows\SYSTEM32\WSOCK32.dll
0x00007ffbd2510000 - 0x00007ffbd252f000 	C:\Windows\SYSTEM32\WINMM.dll
0x00007ffbd7800000 - 0x00007ffbd780a000 	C:\Windows\SYSTEM32\VERSION.dll
0x00007ffbda830000 - 0x00007ffbda837000 	C:\Windows\system32\PSAPI.DLL
0x00007ffbdbe40000 - 0x00007ffbdbe98000 	C:\Windows\system32\WS2_32.dll
0x00007ffbce1f0000 - 0x00007ffbce21a000 	C:\Windows\SYSTEM32\WINMMBASE.dll
0x00007ffbdbf10000 - 0x00007ffbdbf19000 	C:\Windows\system32\NSI.dll
0x00007ffbda0b0000 - 0x00007ffbda0fa000 	C:\Windows\SYSTEM32\cfgmgr32.dll
0x00007ffbd8a80000 - 0x00007ffbd8aa6000 	C:\Windows\SYSTEM32\DEVOBJ.dll
0x0000000060660000 - 0x000000006066f000 	C:\Program Files\Java\jdk1.8.0_92\jre\bin\verify.dll
0x0000000060630000 - 0x0000000060659000 	C:\Program Files\Java\jdk1.8.0_92\jre\bin\java.dll
0x000000005f610000 - 0x000000005f626000 	C:\Program Files\Java\jdk1.8.0_92\jre\bin\zip.dll

VM Arguments:
jvm_args: -Djava.awt.headless=true -Xmx1024M -Dfile.encoding=windows-1252 -Duser.country=US -Duser.language=en -Duser.variant 
java_command: com.android.dx.command.Main --dex --force-jumbo --num-threads=4 --output C:\Zooket\app\build\intermediates\pre-dexed\debug\com.android.support-cardview-v7-23.4.0_89a7fd4db4f5b554cf7e4345bae64e6144c94f1f.jar C:\Zooket\app\build\intermediates\exploded-aar\com.android.support\cardview-v7\23.4.0\jars\classes.jar
java_class_path (initial): C:\android-sdk-windows\build-tools\24.0.3\lib\dx.jar
Launcher Type: SUN_STANDARD

Environment Variables:
PATH=C:\ProgramData\Oracle\Java\javapath;C:\Windows\system32;C:\Windows;C:\Windows\System32\Wbem;C:\Windows\System32\WindowsPowerShell\v1.0\;C:\Program Files (x86)\NVIDIA Corporation\PhysX\Common;C:\Program Files (x86)\Windows Kits\8.1\Windows Performance Toolkit\;C:\Program Files\Microsoft SQL Server\110\Tools\Binn\;C:\Program Files\Microsoft SQL Server\110\DTS\Binn\;C:\Program Files (x86)\Microsoft SQL Server\110\Tools\Binn\;C:\Program Files (x86)\Microsoft SQL Server\110\Tools\Binn\ManagementStudio\;C:\Program Files (x86)\Microsoft Visual Studio 10.0\Common7\IDE\PrivateAssemblies\;C:\Program Files (x86)\Microsoft SQL Server\110\DTS\Binn\;C:\Program Files (x86)\GtkSharp\2.12\bin;C:\Program Files (x86)\QuickTime\QTSystem\
USERNAME=Smo
OS=Windows_NT
PROCESSOR_IDENTIFIER=Intel64 Family 6 Model 94 Stepping 3, GenuineIntel



---------------  S Y S T E M  ---------------

OS: Windows 8.1 , 64 bit Build 9600 (6.3.9600.17056)

CPU:total 4 (4 cores per cpu, 1 threads per core) family 6 model 94 stepping 3, cmov, cx8, fxsr, mmx, sse, sse2, sse3, ssse3, sse4.1, sse4.2, popcnt, avx, avx2, aes, clmul, erms, 3dnowpref, lzcnt, tsc, tscinvbit, bmi1, bmi2, adx

Memory: 4k page, physical 8266404k(1273464k free), swap 8266404k(4692k free)

vm_info: Java HotSpot(TM) 64-Bit Server VM (25.92-b14) for windows-amd64 JRE (1.8.0_92-b14), built on Mar 31 2016 21:03:04 by "java_re" with MS VC++ 10.0 (VS2010)

time: Tue May 23 16:27:29 2017
elapsed time: 1 seconds (0d 0h 0m 1s)

