#
# There is insufficient memory for the Java Runtime Environment to continue.
# Native memory allocation (malloc) failed to allocate 65552 bytes for Chunk::new
# Possible reasons:
#   The system is out of physical RAM or swap space
#   In 32 bit mode, the process size limit was hit
# Possible solutions:
#   Reduce memory load on the system
#   Increase physical memory or swap space
#   Check if swap backing store is full
#   Use 64 bit Java on a 64 bit OS
#   Decrease Java heap size (-Xmx/-Xms)
#   Decrease number of Java threads
#   Decrease Java thread stack sizes (-Xss)
#   Set larger code cache with -XX:ReservedCodeCacheSize=
# This output file may be truncated or incomplete.
#
#  Out of Memory Error (allocation.cpp:390), pid=1616, tid=0x00000000000001b8
#
# JRE version: Java(TM) SE Runtime Environment (8.0_92-b14) (build 1.8.0_92-b14)
# Java VM: Java HotSpot(TM) 64-Bit Server VM (25.92-b14 mixed mode windows-amd64 compressed oops)
# Failed to write core dump. Minidumps are not enabled by default on client versions of Windows
#

---------------  T H R E A D  ---------------

Current thread (0x000000001472e000):  JavaThread "C2 CompilerThread0" daemon [_thread_in_native, id=440, stack(0x0000000015c80000,0x0000000015d80000)]

Stack: [0x0000000015c80000,0x0000000015d80000]
[error occurred during error reporting (printing stack bounds), id 0xc0000005]

Native frames: (J=compiled Java code, j=interpreted, Vv=VM code, C=native code)


Current CompileTask:
C2:   3738 2063       4       com.android.dx.ssa.SsaConverter::placePhiFunctions (394 bytes)


---------------  P R O C E S S  ---------------

Java Threads: ( => current thread )
  0x0000000016586800 JavaThread "pool-1-thread-4" [_thread_in_Java, id=6848, stack(0x0000000017180000,0x0000000017280000)]
  0x0000000016586000 JavaThread "pool-1-thread-3" [_thread_blocked, id=1800, stack(0x0000000017080000,0x0000000017180000)]
  0x0000000016585000 JavaThread "pool-1-thread-2" [_thread_blocked, id=2848, stack(0x0000000016f80000,0x0000000017080000)]
  0x0000000016582800 JavaThread "pool-2-thread-1" [_thread_blocked, id=6800, stack(0x0000000016e80000,0x0000000016f80000)]
  0x0000000016294800 JavaThread "pool-1-thread-1" [_thread_blocked, id=6920, stack(0x0000000016d80000,0x0000000016e80000)]
  0x0000000015f86800 JavaThread "Service Thread" daemon [_thread_blocked, id=8224, stack(0x0000000016380000,0x0000000016480000)]
  0x000000001478c000 JavaThread "C1 CompilerThread2" daemon [_thread_blocked, id=2348, stack(0x0000000015e80000,0x0000000015f80000)]
  0x0000000014787000 JavaThread "C2 CompilerThread1" daemon [_thread_in_native, id=8288, stack(0x0000000015d80000,0x0000000015e80000)]
=>0x000000001472e000 JavaThread "C2 CompilerThread0" daemon [_thread_in_native, id=440, stack(0x0000000015c80000,0x0000000015d80000)]
  0x000000001472c000 JavaThread "Attach Listener" daemon [_thread_blocked, id=4796, stack(0x0000000015b80000,0x0000000015c80000)]
  0x000000001472a800 JavaThread "Signal Dispatcher" daemon [_thread_blocked, id=8768, stack(0x0000000015a80000,0x0000000015b80000)]
  0x000000001471a800 JavaThread "Finalizer" daemon [_thread_blocked, id=2756, stack(0x0000000015980000,0x0000000015a80000)]
  0x0000000001f50800 JavaThread "Reference Handler" daemon [_thread_blocked, id=10044, stack(0x0000000015880000,0x0000000015980000)]
  0x0000000001e62800 JavaThread "main" [_thread_in_Java, id=7352, stack(0x0000000001cb0000,0x0000000001db0000)]

Other Threads:
  0x00000000146f8800 VMThread [stack: 0x0000000015780000,0x0000000015880000] [id=7884]
  0x0000000015f8a800 WatcherThread [stack: 0x0000000016480000,0x0000000016580000] [id=8868]

VM state:not at safepoint (normal execution)

VM Mutex/Monitor currently owned by a thread: None

Heap:
 PSYoungGen      total 145920K, used 45870K [0x00000000eab00000, 0x00000000f5000000, 0x0000000100000000)
  eden space 130560K, 23% used [0x00000000eab00000,0x00000000ec8ceef0,0x00000000f2a80000)
  from space 15360K, 99% used [0x00000000f3c00000,0x00000000f4afcb60,0x00000000f4b00000)
  to   space 17920K, 0% used [0x00000000f2a80000,0x00000000f2a80000,0x00000000f3c00000)
 ParOldGen       total 87552K, used 25712K [0x00000000c0000000, 0x00000000c5580000, 0x00000000eab00000)
  object space 87552K, 29% used [0x00000000c0000000,0x00000000c191c128,0x00000000c5580000)
 Metaspace       used 6513K, capacity 7256K, committed 7424K, reserved 1056768K
  class space    used 625K, capacity 656K, committed 768K, reserved 1048576K

Card table byte_map: [0x0000000011420000,0x0000000011630000] byte_map_base: 0x0000000010e20000

Marking Bits: (ParMarkBitMap*) 0x00000000516964f0
 Begin Bits: [0x0000000011b90000, 0x0000000012b90000)
 End Bits:   [0x0000000012b90000, 0x0000000013b90000)

Polling page: 0x00000000006b0000

CodeCache: size=245760Kb used=8045Kb max_used=8045Kb free=237714Kb
 bounds [0x0000000002060000, 0x0000000002850000, 0x0000000011060000]
 total_blobs=2243 nmethods=1973 adapters=182
 compilation: enabled

Compilation events (10 events):
Event: 3.385 Thread 0x000000001472e000 2046 %     4       com.android.dx.ssa.Dominators::run @ 283 (506 bytes)
Event: 3.388 Thread 0x000000001478c000 2067       2       com.android.dx.cf.direct.StdAttributeFactory::sourceFile (94 bytes)
Event: 3.389 Thread 0x000000001478c000 nmethod 2067 0x000000000282a210 code [0x000000000282a500, 0x000000000282b488]
Event: 3.405 Thread 0x000000001478c000 2076       2       com.android.dx.cf.direct.StdAttributeFactory::innerClasses (383 bytes)
Event: 3.606 Thread 0x000000001472e000 nmethod 2046% 0x0000000002831850 code [0x0000000002831aa0, 0x00000000028331f8]
Event: 3.606 Thread 0x000000001472e000 2065       4       com.android.dx.ssa.BasicRegisterMapper::addMapping (68 bytes)
Event: 3.611 Thread 0x000000001472e000 nmethod 2065 0x000000000282dd90 code [0x000000000282dee0, 0x000000000282e398]
Event: 3.611 Thread 0x000000001472e000 2063       4       com.android.dx.ssa.SsaConverter::placePhiFunctions (394 bytes)
Event: 3.710 Thread 0x000000001478c000 nmethod 2076 0x0000000002835090 code [0x00000000028356c0, 0x00000000028380a8]
Event: 3.710 Thread 0x000000001478c000 2078 %     2       com.android.dx.ssa.LocalVariableExtractor::processBlock @ 119 (383 bytes)

GC Heap History (10 events):
Event: 1.368 GC heap before
{Heap before GC invocations=2 (full 0):
 PSYoungGen      total 38400K, used 38377K [0x00000000eab00000, 0x00000000ed580000, 0x0000000100000000)
  eden space 33280K, 100% used [0x00000000eab00000,0x00000000ecb80000,0x00000000ecb80000)
  from space 5120K, 99% used [0x00000000ecb80000,0x00000000ed07a5d8,0x00000000ed080000)
  to   space 5120K, 0% used [0x00000000ed080000,0x00000000ed080000,0x00000000ed580000)
 ParOldGen       total 87552K, used 1244K [0x00000000c0000000, 0x00000000c5580000, 0x00000000eab00000)
  object space 87552K, 1% used [0x00000000c0000000,0x00000000c01373d8,0x00000000c5580000)
 Metaspace       used 6170K, capacity 7026K, committed 7296K, reserved 1056768K
  class space    used 604K, capacity 618K, committed 640K, reserved 1048576K
Event: 1.451 GC heap after
Heap after GC invocations=2 (full 0):
 PSYoungGen      total 38400K, used 5105K [0x00000000eab00000, 0x00000000ef600000, 0x0000000100000000)
  eden space 33280K, 0% used [0x00000000eab00000,0x00000000eab00000,0x00000000ecb80000)
  from space 5120K, 99% used [0x00000000ed080000,0x00000000ed57c5c0,0x00000000ed580000)
  to   space 5120K, 0% used [0x00000000ecb80000,0x00000000ecb80000,0x00000000ed080000)
 ParOldGen       total 87552K, used 5149K [0x00000000c0000000, 0x00000000c5580000, 0x00000000eab00000)
  object space 87552K, 5% used [0x00000000c0000000,0x00000000c0507678,0x00000000c5580000)
 Metaspace       used 6170K, capacity 7026K, committed 7296K, reserved 1056768K
  class space    used 604K, capacity 618K, committed 640K, reserved 1048576K
}
Event: 1.560 GC heap before
{Heap before GC invocations=3 (full 0):
 PSYoungGen      total 38400K, used 38385K [0x00000000eab00000, 0x00000000ef600000, 0x0000000100000000)
  eden space 33280K, 100% used [0x00000000eab00000,0x00000000ecb80000,0x00000000ecb80000)
  from space 5120K, 99% used [0x00000000ed080000,0x00000000ed57c5c0,0x00000000ed580000)
  to   space 5120K, 0% used [0x00000000ecb80000,0x00000000ecb80000,0x00000000ed080000)
 ParOldGen       total 87552K, used 5149K [0x00000000c0000000, 0x00000000c5580000, 0x00000000eab00000)
  object space 87552K, 5% used [0x00000000c0000000,0x00000000c0507678,0x00000000c5580000)
 Metaspace       used 6263K, capacity 7090K, committed 7296K, reserved 1056768K
  class space    used 604K, capacity 618K, committed 640K, reserved 1048576K
Event: 1.571 GC heap after
Heap after GC invocations=3 (full 0):
 PSYoungGen      total 38400K, used 5095K [0x00000000eab00000, 0x00000000ef600000, 0x0000000100000000)
  eden space 33280K, 0% used [0x00000000eab00000,0x00000000eab00000,0x00000000ecb80000)
  from space 5120K, 99% used [0x00000000ecb80000,0x00000000ed079d18,0x00000000ed080000)
  to   space 5120K, 0% used [0x00000000ef100000,0x00000000ef100000,0x00000000ef600000)
 ParOldGen       total 87552K, used 9952K [0x00000000c0000000, 0x00000000c5580000, 0x00000000eab00000)
  object space 87552K, 11% used [0x00000000c0000000,0x00000000c09b80e0,0x00000000c5580000)
 Metaspace       used 6263K, capacity 7090K, committed 7296K, reserved 1056768K
  class space    used 604K, capacity 618K, committed 640K, reserved 1048576K
}
Event: 1.658 GC heap before
{Heap before GC invocations=4 (full 0):
 PSYoungGen      total 38400K, used 38375K [0x00000000eab00000, 0x00000000ef600000, 0x0000000100000000)
  eden space 33280K, 100% used [0x00000000eab00000,0x00000000ecb80000,0x00000000ecb80000)
  from space 5120K, 99% used [0x00000000ecb80000,0x00000000ed079d18,0x00000000ed080000)
  to   space 5120K, 0% used [0x00000000ef100000,0x00000000ef100000,0x00000000ef600000)
 ParOldGen       total 87552K, used 10336K [0x00000000c0000000, 0x00000000c5580000, 0x00000000eab00000)
  object space 87552K, 11% used [0x00000000c0000000,0x00000000c0a18078,0x00000000c5580000)
 Metaspace       used 6311K, capacity 7154K, committed 7296K, reserved 1056768K
  class space    used 605K, capacity 618K, committed 640K, reserved 1048576K
Event: 1.819 GC heap after
Heap after GC invocations=4 (full 0):
 PSYoungGen      total 71680K, used 5114K [0x00000000eab00000, 0x00000000ef600000, 0x0000000100000000)
  eden space 66560K, 0% used [0x00000000eab00000,0x00000000eab00000,0x00000000eec00000)
  from space 5120K, 99% used [0x00000000ef100000,0x00000000ef5fe8f0,0x00000000ef600000)
  to   space 5120K, 0% used [0x00000000eec00000,0x00000000eec00000,0x00000000ef100000)
 ParOldGen       total 87552K, used 15700K [0x00000000c0000000, 0x00000000c5580000, 0x00000000eab00000)
  object space 87552K, 17% used [0x00000000c0000000,0x00000000c0f55188,0x00000000c5580000)
 Metaspace       used 6311K, capacity 7154K, committed 7296K, reserved 1056768K
  class space    used 605K, capacity 618K, committed 640K, reserved 1048576K
}
Event: 2.196 GC heap before
{Heap before GC invocations=5 (full 0):
 PSYoungGen      total 71680K, used 71674K [0x00000000eab00000, 0x00000000ef600000, 0x0000000100000000)
  eden space 66560K, 100% used [0x00000000eab00000,0x00000000eec00000,0x00000000eec00000)
  from space 5120K, 99% used [0x00000000ef100000,0x00000000ef5fe8f0,0x00000000ef600000)
  to   space 5120K, 0% used [0x00000000eec00000,0x00000000eec00000,0x00000000ef100000)
 ParOldGen       total 87552K, used 15702K [0x00000000c0000000, 0x00000000c5580000, 0x00000000eab00000)
  object space 87552K, 17% used [0x00000000c0000000,0x00000000c0f55818,0x00000000c5580000)
 Metaspace       used 6418K, capacity 7192K, committed 7424K, reserved 1056768K
  class space    used 625K, capacity 656K, committed 768K, reserved 1048576K
Event: 2.385 GC heap after
Heap after GC invocations=5 (full 0):
 PSYoungGen      total 71680K, used 5115K [0x00000000eab00000, 0x00000000f4b00000, 0x0000000100000000)
  eden space 66560K, 0% used [0x00000000eab00000,0x00000000eab00000,0x00000000eec00000)
  from space 5120K, 99% used [0x00000000eec00000,0x00000000ef0feee0,0x00000000ef100000)
  to   space 15360K, 0% used [0x00000000f3c00000,0x00000000f3c00000,0x00000000f4b00000)
 ParOldGen       total 87552K, used 24520K [0x00000000c0000000, 0x00000000c5580000, 0x00000000eab00000)
  object space 87552K, 28% used [0x00000000c0000000,0x00000000c17f23d8,0x00000000c5580000)
 Metaspace       used 6418K, capacity 7192K, committed 7424K, reserved 1056768K
  class space    used 625K, capacity 656K, committed 768K, reserved 1048576K
}
Event: 3.406 GC heap before
{Heap before GC invocations=6 (full 0):
 PSYoungGen      total 71680K, used 71675K [0x00000000eab00000, 0x00000000f4b00000, 0x0000000100000000)
  eden space 66560K, 100% used [0x00000000eab00000,0x00000000eec00000,0x00000000eec00000)
  from space 5120K, 99% used [0x00000000eec00000,0x00000000ef0feee0,0x00000000ef100000)
  to   space 15360K, 0% used [0x00000000f3c00000,0x00000000f3c00000,0x00000000f4b00000)
 ParOldGen       total 87552K, used 24520K [0x00000000c0000000, 0x00000000c5580000, 0x00000000eab00000)
  object space 87552K, 28% used [0x00000000c0000000,0x00000000c17f23d8,0x00000000c5580000)
 Metaspace       used 6511K, capacity 7256K, committed 7424K, reserved 1056768K
  class space    used 625K, capacity 656K, committed 768K, reserved 1048576K
Event: 3.605 GC heap after
Heap after GC invocations=6 (full 0):
 PSYoungGen      total 145920K, used 15346K [0x00000000eab00000, 0x00000000f5000000, 0x0000000100000000)
  eden space 130560K, 0% used [0x00000000eab00000,0x00000000eab00000,0x00000000f2a80000)
  from space 15360K, 99% used [0x00000000f3c00000,0x00000000f4afcb60,0x00000000f4b00000)
  to   space 17920K, 0% used [0x00000000f2a80000,0x00000000f2a80000,0x00000000f3c00000)
 ParOldGen       total 87552K, used 25712K [0x00000000c0000000, 0x00000000c5580000, 0x00000000eab00000)
  object space 87552K, 29% used [0x00000000c0000000,0x00000000c191c128,0x00000000c5580000)
 Metaspace       used 6511K, capacity 7256K, committed 7424K, reserved 1056768K
  class space    used 625K, capacity 656K, committed 768K, reserved 1048576K
}

Deoptimization events (10 events):
Event: 1.908 Thread 0x0000000016294800 Uncommon trap: reason=bimorphic action=maybe_recompile pc=0x0000000002705d48 method=com.android.dx.rop.code.RegisterSpec.withSimpleType()Lcom/android/dx/rop/code/RegisterSpec; @ 21
Event: 1.913 Thread 0x0000000016585000 Uncommon trap: reason=unstable_if action=reinterpret pc=0x00000000023ada6c method=java.util.HashMap.putVal(ILjava/lang/Object;Ljava/lang/Object;ZZ)Ljava/lang/Object; @ 162
Event: 2.094 Thread 0x0000000016586800 Uncommon trap: reason=unstable_if action=reinterpret pc=0x0000000002283890 method=java.util.HashMap.getNode(ILjava/lang/Object;)Ljava/util/HashMap$Node; @ 84
Event: 2.170 Thread 0x0000000016586000 Uncommon trap: reason=unstable_if action=reinterpret pc=0x000000000271cafc method=java.util.HashMap.getNode(ILjava/lang/Object;)Ljava/util/HashMap$Node; @ 84
Event: 2.817 Thread 0x0000000016586800 Uncommon trap: reason=unstable_if action=reinterpret pc=0x00000000026fe154 method=com.android.dx.ssa.MoveParamCombiner$1.visitNonMoveInsn(Lcom/android/dx/ssa/NormalSsaInsn;)V @ 27
Event: 2.844 Thread 0x0000000016294800 Uncommon trap: reason=unstable_if action=reinterpret pc=0x000000000271fc00 method=java.util.HashMap.getNode(ILjava/lang/Object;)Ljava/util/HashMap$Node; @ 84
Event: 2.881 Thread 0x0000000016294800 Uncommon trap: reason=bimorphic action=maybe_recompile pc=0x0000000002705d48 method=com.android.dx.rop.code.RegisterSpec.withSimpleType()Lcom/android/dx/rop/code/RegisterSpec; @ 21
Event: 3.054 Thread 0x0000000016586000 Uncommon trap: reason=unstable_if action=reinterpret pc=0x0000000002422244 method=java.util.HashMap.putVal(ILjava/lang/Object;Ljava/lang/Object;ZZ)Ljava/lang/Object; @ 162
Event: 3.060 Thread 0x0000000016586000 Uncommon trap: reason=unstable_if action=reinterpret pc=0x0000000002532c28 method=com.android.dx.dex.code.OutputFinisher.hasLocalInfo(Lcom/android/dx/dex/code/DalvInsn;)Z @ 24
Event: 3.606 Thread 0x0000000016294800 Uncommon trap: reason=bimorphic action=maybe_recompile pc=0x0000000002705d48 method=com.android.dx.rop.code.RegisterSpec.withSimpleType()Lcom/android/dx/rop/code/RegisterSpec; @ 21

Internal exceptions (6 events):
Event: 0.311 Thread 0x0000000001e62800 Exception <a 'java/lang/NoSuchMethodError': Method sun.misc.Unsafe.defineClass(Ljava/lang/String;[BII)Ljava/lang/Class; name or signature does not match> (0x00000000eab07cc0) thrown at [D:\re\workspace\8-2-build-windows-amd64-cygwin\jdk8u92\6642\hotspot\sr®Î0!‹îÓ?
Event: 0.311 Thread 0x0000000001e62800 Exception <a 'java/lang/NoSuchMethodError': Method sun.misc.Unsafe.prefetchRead(Ljava/lang/Object;J)V name or signature does not match> (0x00000000eab07fa8) thrown at [D:\re\workspace\8-2-build-windows-amd64-cygwin\jdk8u92\6642\hotspot\src\share\vm\prims\jfUàS„ð?
Event: 1.032 Thread 0x0000000016586800 Implicit null exception at 0x000000000231c282 to 0x000000000231e405
Event: 1.914 Thread 0x0000000016585000 Exception <a 'java/lang/ArrayIndexOutOfBoundsException': 18> (0x00000000ed0a6b38) thrown at [D:\re\workspace\8-2-build-windows-amd64-cygwin\jdk8u92\6642\hotspot\src\share\vm\interpreter\interpreterRuntime.cpp, line 366]
Event: 1.915 Thread 0x0000000016585000 Exception <a 'java/lang/ArrayIndexOutOfBoundsException': 145> (0x00000000ed0a86b8) thrown at [D:\re\workspace\8-2-build-windows-amd64-cygwin\jdk8u92\6642\hotspot\src\share\vm\interpreter\interpreterRuntime.cpp, line 366]
Event: 1.915 Thread 0x0000000016585000 Exception <a 'java/lang/ArrayIndexOutOfBoundsException'> (0x00000000ed0a99a0) thrown at [D:\re\workspace\8-2-build-windows-amd64-cygwin\jdk8u92\6642\hotspot\src\share\vm\runtime\sharedRuntime.cpp, line 605]

Events (10 events):
Event: 3.605 Executing VM operation: ParallelGCFailedAllocation done
Event: 3.606 Thread 0x0000000016294800 Uncommon trap: trap_request=0xffffffc6 fr.pc=0x0000000002705d48
Event: 3.606 Thread 0x0000000016294800 DEOPT PACKING pc=0x0000000002705d48 sp=0x0000000016e7e610
Event: 3.606 Thread 0x0000000016294800 DEOPT UNPACKING pc=0x00000000020a582a sp=0x0000000016e7e5a8 mode 2
Event: 3.607 Thread 0x0000000016294800 DEOPT PACKING pc=0x00000000024badb9 sp=0x0000000016e7e5b0
Event: 3.607 Thread 0x0000000016294800 DEOPT UNPACKING pc=0x00000000020a787f sp=0x0000000016e7e3e0 mode 0
Event: 3.610 Thread 0x0000000016585000 DEOPT PACKING pc=0x00000000023736cd sp=0x000000001707e860
Event: 3.610 Thread 0x0000000016585000 DEOPT UNPACKING pc=0x00000000020a787f sp=0x000000001707e5d0 mode 0
Event: 3.708 Thread 0x0000000016585000 DEOPT PACKING pc=0x00000000023736cd sp=0x000000001707e860
Event: 3.708 Thread 0x0000000016585000 DEOPT UNPACKING pc=0x00000000020a787f sp=0x000000001707e5d0 mode 0


Dynamic libraries:
0x00007ff76c3e0000 - 0x00007ff76c417000 	C:\Program Files\Java\jdk1.8.0_92\bin\java.exe
0x00007fff069a0000 - 0x00007fff06b4a000 	C:\Windows\SYSTEM32\ntdll.dll
0x00007fff04460000 - 0x00007fff0459a000 	C:\Windows\system32\KERNEL32.DLL
0x00007fff04110000 - 0x00007fff0421f000 	C:\Windows\system32\KERNELBASE.dll
0x00007fff02940000 - 0x00007fff029c8000 	C:\Windows\system32\apphelp.dll
0x00007ffeecac0000 - 0x00007ffeecb0f000 	C:\Windows\AppPatch\AppPatch64\AcGenral.DLL
0x00007fff045a0000 - 0x00007fff04647000 	C:\Windows\system32\msvcrt.dll
0x00007fff03b50000 - 0x00007fff03b7b000 	C:\Windows\SYSTEM32\SspiCli.dll
0x00007fff05ce0000 - 0x00007fff05d31000 	C:\Windows\system32\SHLWAPI.dll
0x00007fff063f0000 - 0x00007fff06561000 	C:\Windows\system32\USER32.dll
0x00007fff05e00000 - 0x00007fff05f78000 	C:\Windows\system32\ole32.dll
0x00007fff04650000 - 0x00007fff05a67000 	C:\Windows\system32\SHELL32.dll
0x00007fff03380000 - 0x00007fff0339e000 	C:\Windows\SYSTEM32\USERENV.dll
0x00007fff05d50000 - 0x00007fff05df5000 	C:\Windows\system32\ADVAPI32.dll
0x00007ffeff3e0000 - 0x00007ffeff3fb000 	C:\Windows\SYSTEM32\MPR.dll
0x00007fff06860000 - 0x00007fff06996000 	C:\Windows\system32\RPCRT4.dll
0x00007fff06800000 - 0x00007fff06857000 	C:\Windows\SYSTEM32\sechost.dll
0x00007fff06620000 - 0x00007fff067f6000 	C:\Windows\SYSTEM32\combase.dll
0x00007fff05b90000 - 0x00007fff05cd5000 	C:\Windows\system32\GDI32.dll
0x00007fff03d10000 - 0x00007fff03d24000 	C:\Windows\SYSTEM32\profapi.dll
0x00007fff02610000 - 0x00007fff026af000 	C:\Windows\SYSTEM32\SHCORE.dll
0x00007fff05a90000 - 0x00007fff05ac4000 	C:\Windows\system32\IMM32.DLL
0x00007fff05ff0000 - 0x00007fff06129000 	C:\Windows\system32\MSCTF.dll
0x00007fff019d0000 - 0x00007fff01c2a000 	C:\Windows\WinSxS\amd64_microsoft.windows.common-controls_6595b64144ccf1df_6.0.9600.17031_none_6242a4b3ecbb55a1\COMCTL32.dll
0x00000000507f0000 - 0x00000000508c2000 	C:\Program Files\Java\jdk1.8.0_92\jre\bin\msvcr100.dll
0x0000000050e80000 - 0x0000000051716000 	C:\Program Files\Java\jdk1.8.0_92\jre\bin\server\jvm.dll
0x00007ffefd570000 - 0x00007ffefd579000 	C:\Windows\SYSTEM32\WSOCK32.dll
0x00007ffefcbf0000 - 0x00007ffefcc0f000 	C:\Windows\SYSTEM32\WINMM.dll
0x00007fff01c30000 - 0x00007fff01c3a000 	C:\Windows\SYSTEM32\VERSION.dll
0x00007fff05d40000 - 0x00007fff05d47000 	C:\Windows\system32\PSAPI.DLL
0x00007fff06130000 - 0x00007fff06188000 	C:\Windows\system32\WS2_32.dll
0x00007ffefcbc0000 - 0x00007ffefcbea000 	C:\Windows\SYSTEM32\WINMMBASE.dll
0x00007fff05f80000 - 0x00007fff05f89000 	C:\Windows\system32\NSI.dll
0x00007fff040c0000 - 0x00007fff0410a000 	C:\Windows\SYSTEM32\cfgmgr32.dll
0x00007fff02b90000 - 0x00007fff02bb6000 	C:\Windows\SYSTEM32\DEVOBJ.dll
0x0000000051a10000 - 0x0000000051a1f000 	C:\Program Files\Java\jdk1.8.0_92\jre\bin\verify.dll
0x00000000519e0000 - 0x0000000051a09000 	C:\Program Files\Java\jdk1.8.0_92\jre\bin\java.dll
0x00000000519c0000 - 0x00000000519d6000 	C:\Program Files\Java\jdk1.8.0_92\jre\bin\zip.dll

VM Arguments:
jvm_args: -Djava.awt.headless=true -Xmx1024M -Dfile.encoding=windows-1252 -Duser.country=US -Duser.language=en -Duser.variant 
java_command: com.android.dx.command.Main --dex --num-threads=4 --output C:\Zooket\app\build\intermediates\pre-dexed\debug\com.android.support-appcompat-v7-23.4.0_fda78873d11546ce0404252f8f37bf8df30f60cc.jar C:\Zooket\app\build\intermediates\exploded-aar\com.android.support\appcompat-v7\23.4.0\jars\classes.jar
java_class_path (initial): C:\android-sdk-windows\build-tools\24.0.3\lib\dx.jar
Launcher Type: SUN_STANDARD

Environment Variables:
PATH=C:\ProgramData\Oracle\Java\javapath;C:\Windows\system32;C:\Windows;C:\Windows\System32\Wbem;C:\Windows\System32\WindowsPowerShell\v1.0\;C:\Program Files (x86)\NVIDIA Corporation\PhysX\Common;C:\Program Files (x86)\Windows Kits\8.1\Windows Performance Toolkit\;C:\Program Files\Microsoft SQL Server\110\Tools\Binn\;C:\Program Files\Microsoft SQL Server\110\DTS\Binn\;C:\Program Files (x86)\Microsoft SQL Server\110\Tools\Binn\;C:\Program Files (x86)\Microsoft SQL Server\110\Tools\Binn\ManagementStudio\;C:\Program Files (x86)\Microsoft Visual Studio 10.0\Common7\IDE\PrivateAssemblies\;C:\Program Files (x86)\Microsoft SQL Server\110\DTS\Binn\;C:\Program Files (x86)\GtkSharp\2.12\bin;C:\Program Files (x86)\QuickTime\QTSystem\
USERNAME=Smo
OS=Windows_NT
PROCESSOR_IDENTIFIER=Intel64 Family 6 Model 94 Stepping 3, GenuineIntel



---------------  S Y S T E M  ---------------

OS: Windows 8.1 , 64 bit Build 9600 (6.3.9600.17056)

CPU:total 4 (4 cores per cpu, 1 threads per core) family 6 model 94 stepping 3, cmov, cx8, fxsr, mmx, sse, sse2, sse3, ssse3, sse4.1, sse4.2, popcnt, avx, avx2, aes, clmul, erms, 3dnowpref, lzcnt, tsc, tscinvbit, bmi1, bmi2, adx

Memory: 4k page, physical 8266404k(1042708k free), swap 8266404k(6092k free)

vm_info: Java HotSpot(TM) 64-Bit Server VM (25.92-b14) for windows-amd64 JRE (1.8.0_92-b14), built on Mar 31 2016 21:03:04 by "java_re" with MS VC++ 10.0 (VS2010)

time: Sat Jun 03 21:17:45 2017
elapsed time: 3 seconds (0d 0h 0m 3s)

