#
# There is insufficient memory for the Java Runtime Environment to continue.
# Native memory allocation (malloc) failed to allocate 32784 bytes for Chunk::new
# Possible reasons:
#   The system is out of physical RAM or swap space
#   In 32 bit mode, the process size limit was hit
# Possible solutions:
#   Reduce memory load on the system
#   Increase physical memory or swap space
#   Check if swap backing store is full
#   Use 64 bit Java on a 64 bit OS
#   Decrease Java heap size (-Xmx/-Xms)
#   Decrease number of Java threads
#   Decrease Java thread stack sizes (-Xss)
#   Set larger code cache with -XX:ReservedCodeCacheSize=
# This output file may be truncated or incomplete.
#
#  Out of Memory Error (allocation.cpp:390), pid=7468, tid=0x00000000000020e0
#
# JRE version: Java(TM) SE Runtime Environment (8.0_92-b14) (build 1.8.0_92-b14)
# Java VM: Java HotSpot(TM) 64-Bit Server VM (25.92-b14 mixed mode windows-amd64 compressed oops)
# Failed to write core dump. Minidumps are not enabled by default on client versions of Windows
#

---------------  T H R E A D  ---------------

Current thread (0x0000000014bde000):  JavaThread "C2 CompilerThread0" daemon [_thread_in_native, id=8416, stack(0x0000000016210000,0x0000000016310000)]

Stack: [0x0000000016210000,0x0000000016310000]
[error occurred during error reporting (printing stack bounds), id 0xc0000005]

Native frames: (J=compiled Java code, j=interpreted, Vv=VM code, C=native code)


Current CompileTask:
C2:   2147 1227   !   4       com.android.dx.cf.code.BytecodeArray::parseInstruction (2764 bytes)


---------------  P R O C E S S  ---------------

Java Threads: ( => current thread )
  0x00000000167ac000 JavaThread "pool-1-thread-4" [_thread_blocked, id=8256, stack(0x0000000016f10000,0x0000000017010000)]
  0x00000000167a9800 JavaThread "pool-1-thread-3" [_thread_in_Java, id=9876, stack(0x0000000016e10000,0x0000000016f10000)]
  0x00000000167a8800 JavaThread "pool-1-thread-2" [_thread_blocked, id=9808, stack(0x0000000016d10000,0x0000000016e10000)]
  0x00000000167d5800 JavaThread "pool-2-thread-1" [_thread_blocked, id=9792, stack(0x0000000016c10000,0x0000000016d10000)]
  0x00000000167d5000 JavaThread "pool-1-thread-1" [_thread_blocked, id=10168, stack(0x0000000016b10000,0x0000000016c10000)]
  0x0000000016516800 JavaThread "Service Thread" daemon [_thread_blocked, id=9624, stack(0x0000000016910000,0x0000000016a10000)]
  0x0000000014c3c000 JavaThread "C1 CompilerThread2" daemon [_thread_blocked, id=5884, stack(0x0000000016410000,0x0000000016510000)]
  0x0000000014be1800 JavaThread "C2 CompilerThread1" daemon [_thread_in_native, id=5708, stack(0x0000000016310000,0x0000000016410000)]
=>0x0000000014bde000 JavaThread "C2 CompilerThread0" daemon [_thread_in_native, id=8416, stack(0x0000000016210000,0x0000000016310000)]
  0x0000000014bdc000 JavaThread "Attach Listener" daemon [_thread_blocked, id=992, stack(0x0000000016110000,0x0000000016210000)]
  0x0000000014bdb000 JavaThread "Signal Dispatcher" daemon [_thread_blocked, id=5028, stack(0x0000000016010000,0x0000000016110000)]
  0x0000000014bca800 JavaThread "Finalizer" daemon [_thread_blocked, id=9280, stack(0x0000000015e30000,0x0000000015f30000)]
  0x0000000002500800 JavaThread "Reference Handler" daemon [_thread_blocked, id=9760, stack(0x0000000015d30000,0x0000000015e30000)]
  0x0000000002412800 JavaThread "main" [_thread_blocked, id=7320, stack(0x0000000002240000,0x0000000002340000)]

Other Threads:
  0x0000000014ba8800 VMThread [stack: 0x0000000015c30000,0x0000000015d30000] [id=9908]
  0x0000000016532800 WatcherThread [stack: 0x0000000016a10000,0x0000000016b10000] [id=9168]

VM state:not at safepoint (normal execution)

VM Mutex/Monitor currently owned by a thread: None

Heap:
 PSYoungGen      total 38400K, used 32879K [0x00000000eab00000, 0x00000000ed580000, 0x0000000100000000)
  eden space 33280K, 98% used [0x00000000eab00000,0x00000000ecb1bff8,0x00000000ecb80000)
  from space 5120K, 0% used [0x00000000ed080000,0x00000000ed080000,0x00000000ed580000)
  to   space 5120K, 0% used [0x00000000ecb80000,0x00000000ecb80000,0x00000000ed080000)
 ParOldGen       total 87552K, used 0K [0x00000000c0000000, 0x00000000c5580000, 0x00000000eab00000)
  object space 87552K, 0% used [0x00000000c0000000,0x00000000c0000000,0x00000000c5580000)
 Metaspace       used 6025K, capacity 6898K, committed 7040K, reserved 1056768K
  class space    used 602K, capacity 618K, committed 640K, reserved 1048576K

Card table byte_map: [0x00000000118d0000,0x0000000011ae0000] byte_map_base: 0x00000000112d0000

Marking Bits: (ParMarkBitMap*) 0x000000006bf164f0
 Begin Bits: [0x0000000012040000, 0x0000000013040000)
 End Bits:   [0x0000000013040000, 0x0000000014040000)

Polling page: 0x0000000000a30000

CodeCache: size=245760Kb used=4878Kb max_used=4890Kb free=240881Kb
 bounds [0x0000000002510000, 0x00000000029e0000, 0x0000000011510000]
 total_blobs=1493 nmethods=1225 adapters=181
 compilation: enabled

Compilation events (10 events):
Event: 2.121 Thread 0x0000000014c3c000 nmethod 1222 0x00000000029c3310 code [0x00000000029c3460, 0x00000000029c3650]
Event: 2.122 Thread 0x0000000014bde000 1223       4       java.util.HashMap::putVal (300 bytes)
Event: 2.128 Thread 0x0000000014bde000 nmethod 1223 0x00000000029d3d10 code [0x00000000029d3ee0, 0x00000000029d46b0]
Event: 2.129 Thread 0x0000000014bde000 1224       4       com.android.dx.ssa.SCCP::addBlockToWorklist (47 bytes)
Event: 2.136 Thread 0x0000000014bde000 nmethod 1224 0x00000000029d8ad0 code [0x00000000029d8c60, 0x00000000029d94c8]
Event: 2.136 Thread 0x0000000014c3c000 1225       1       com.android.dx.rop.code.ThrowingInsn::getCatches (5 bytes)
Event: 2.136 Thread 0x0000000014c3c000 nmethod 1225 0x00000000029d8810 code [0x00000000029d8960, 0x00000000029d8a70]
Event: 2.137 Thread 0x0000000014c3c000 1226       3       com.android.dx.rop.code.ThrowingInsn::accept (8 bytes)
Event: 2.137 Thread 0x0000000014c3c000 nmethod 1226 0x00000000029d8390 code [0x00000000029d8500, 0x00000000029d8728]
Event: 2.137 Thread 0x0000000014bde000 1227   !   4       com.android.dx.cf.code.BytecodeArray::parseInstruction (2764 bytes)

GC Heap History (0 events):
No events

Deoptimization events (2 events):
Event: 1.205 Thread 0x0000000002412800 Uncommon trap: reason=unstable_if action=reinterpret pc=0x000000000276acb0 method=java.util.BitSet.nextSetBit(I)I @ 87
Event: 1.701 Thread 0x00000000167d5000 Uncommon trap: reason=unstable_if action=reinterpret pc=0x00000000027902b4 method=java.util.BitSet.ensureCapacity(I)V @ 6

Internal exceptions (2 events):
Event: 0.290 Thread 0x0000000002412800 Exception <a 'java/lang/NoSuchMethodError': Method sun.misc.Unsafe.defineClass(Ljava/lang/String;[BII)Ljava/lang/Class; name or signature does not match> (0x00000000eab07cc0) thrown at [D:\re\workspace\8-2-build-windows-amd64-cygwin\jdk8u92\6642\hotspot\sr\U¨#—Ò?
Event: 0.290 Thread 0x0000000002412800 Exception <a 'java/lang/NoSuchMethodError': Method sun.misc.Unsafe.prefetchRead(Ljava/lang/Object;J)V name or signature does not match> (0x00000000eab07fa8) thrown at [D:\re\workspace\8-2-build-windows-amd64-cygwin\jdk8u92\6642\hotspot\src\share\vm\prims\j

Events (10 events):
Event: 1.931 loading class com/android/dx/cf/attrib/BaseParameterAnnotations
Event: 1.931 loading class com/android/dx/cf/attrib/BaseParameterAnnotations done
Event: 1.934 loading class com/android/dx/dex/file/ParameterAnnotationStruct
Event: 1.934 loading class com/android/dx/dex/file/ParameterAnnotationStruct done
Event: 1.936 loading class com/android/dx/dex/file/UniformListItem
Event: 1.936 loading class com/android/dx/dex/file/UniformListItem done
Event: 1.937 loading class com/android/dx/dex/file/AnnotationSetRefItem
Event: 1.937 loading class com/android/dx/dex/file/AnnotationSetRefItem done
Event: 1.938 Executing VM operation: ForceSafepoint
Event: 1.986 Executing VM operation: ForceSafepoint done


Dynamic libraries:
0x00007ff7d3560000 - 0x00007ff7d3597000 	C:\Program Files\Java\jdk1.8.0_92\bin\java.exe
0x00007ff89b3d0000 - 0x00007ff89b57a000 	C:\Windows\SYSTEM32\ntdll.dll
0x00007ff898d00000 - 0x00007ff898e3a000 	C:\Windows\system32\KERNEL32.DLL
0x00007ff898af0000 - 0x00007ff898bff000 	C:\Windows\system32\KERNELBASE.dll
0x00007ff897370000 - 0x00007ff8973f8000 	C:\Windows\system32\apphelp.dll
0x00007ff875f50000 - 0x00007ff875f9f000 	C:\Windows\AppPatch\AppPatch64\AcGenral.DLL
0x00007ff899020000 - 0x00007ff8990c7000 	C:\Windows\system32\msvcrt.dll
0x00007ff898580000 - 0x00007ff8985ab000 	C:\Windows\SYSTEM32\SspiCli.dll
0x00007ff89a7a0000 - 0x00007ff89a7f1000 	C:\Windows\system32\SHLWAPI.dll
0x00007ff89a9e0000 - 0x00007ff89ab51000 	C:\Windows\system32\USER32.dll
0x00007ff898ea0000 - 0x00007ff899018000 	C:\Windows\system32\ole32.dll
0x00007ff899380000 - 0x00007ff89a797000 	C:\Windows\system32\SHELL32.dll
0x00007ff897db0000 - 0x00007ff897dce000 	C:\Windows\SYSTEM32\USERENV.dll
0x00007ff89b200000 - 0x00007ff89b2a5000 	C:\Windows\system32\ADVAPI32.dll
0x00007ff893600000 - 0x00007ff89361b000 	C:\Windows\SYSTEM32\MPR.dll
0x00007ff89ad40000 - 0x00007ff89ae76000 	C:\Windows\system32\RPCRT4.dll
0x00007ff898e40000 - 0x00007ff898e97000 	C:\Windows\SYSTEM32\sechost.dll
0x00007ff8990d0000 - 0x00007ff8992a6000 	C:\Windows\SYSTEM32\combase.dll
0x00007ff89ae90000 - 0x00007ff89afd5000 	C:\Windows\system32\GDI32.dll
0x00007ff898740000 - 0x00007ff898754000 	C:\Windows\SYSTEM32\profapi.dll
0x00007ff896da0000 - 0x00007ff896e3f000 	C:\Windows\SYSTEM32\SHCORE.dll
0x00007ff89a9a0000 - 0x00007ff89a9d4000 	C:\Windows\system32\IMM32.DLL
0x00007ff89b0c0000 - 0x00007ff89b1f9000 	C:\Windows\system32\MSCTF.dll
0x00007ff896520000 - 0x00007ff89677a000 	C:\Windows\WinSxS\amd64_microsoft.windows.common-controls_6595b64144ccf1df_6.0.9600.17031_none_6242a4b3ecbb55a1\COMCTL32.dll
0x000000006b320000 - 0x000000006b3f2000 	C:\Program Files\Java\jdk1.8.0_92\jre\bin\msvcr100.dll
0x000000006b700000 - 0x000000006bf96000 	C:\Program Files\Java\jdk1.8.0_92\jre\bin\server\jvm.dll
0x00007ff88b560000 - 0x00007ff88b569000 	C:\Windows\SYSTEM32\WSOCK32.dll
0x00007ff88ab60000 - 0x00007ff88ab7f000 	C:\Windows\SYSTEM32\WINMM.dll
0x00007ff896450000 - 0x00007ff89645a000 	C:\Windows\SYSTEM32\VERSION.dll
0x00007ff89ae80000 - 0x00007ff89ae87000 	C:\Windows\system32\PSAPI.DLL
0x00007ff8992b0000 - 0x00007ff899308000 	C:\Windows\system32\WS2_32.dll
0x00007ff88aac0000 - 0x00007ff88aaea000 	C:\Windows\SYSTEM32\WINMMBASE.dll
0x00007ff89b000000 - 0x00007ff89b009000 	C:\Windows\system32\NSI.dll
0x00007ff898c00000 - 0x00007ff898c4a000 	C:\Windows\SYSTEM32\cfgmgr32.dll
0x00007ff8975c0000 - 0x00007ff8975e6000 	C:\Windows\SYSTEM32\DEVOBJ.dll
0x000000006e490000 - 0x000000006e49f000 	C:\Program Files\Java\jdk1.8.0_92\jre\bin\verify.dll
0x000000006c680000 - 0x000000006c6a9000 	C:\Program Files\Java\jdk1.8.0_92\jre\bin\java.dll
0x000000006c660000 - 0x000000006c676000 	C:\Program Files\Java\jdk1.8.0_92\jre\bin\zip.dll

VM Arguments:
jvm_args: -Djava.awt.headless=true -Xmx1024M -Dfile.encoding=windows-1252 -Duser.country=US -Duser.language=en -Duser.variant 
java_command: com.android.dx.command.Main --dex --force-jumbo --num-threads=4 --output C:\Zooket\app\build\intermediates\pre-dexed\debug\com.google.android.gms-play-services-basement-9.0.1_477e9a30e4e02ad2872ef2839c8bbdb72acbdd1c.jar C:\Zooket\app\build\intermediates\exploded-aar\com.google.android.gms\play-services-basement\9.0.1\jars\classes.jar
java_class_path (initial): C:\android-sdk-windows\build-tools\24.0.3\lib\dx.jar
Launcher Type: SUN_STANDARD

Environment Variables:
PATH=C:\ProgramData\Oracle\Java\javapath;C:\Windows\system32;C:\Windows;C:\Windows\System32\Wbem;C:\Windows\System32\WindowsPowerShell\v1.0\;C:\Program Files (x86)\NVIDIA Corporation\PhysX\Common;C:\Program Files (x86)\Windows Kits\8.1\Windows Performance Toolkit\;C:\Program Files\Microsoft SQL Server\110\Tools\Binn\;C:\Program Files\Microsoft SQL Server\110\DTS\Binn\;C:\Program Files (x86)\Microsoft SQL Server\110\Tools\Binn\;C:\Program Files (x86)\Microsoft SQL Server\110\Tools\Binn\ManagementStudio\;C:\Program Files (x86)\Microsoft Visual Studio 10.0\Common7\IDE\PrivateAssemblies\;C:\Program Files (x86)\Microsoft SQL Server\110\DTS\Binn\;C:\Program Files (x86)\GtkSharp\2.12\bin;C:\Program Files (x86)\QuickTime\QTSystem\
USERNAME=Smo
OS=Windows_NT
PROCESSOR_IDENTIFIER=Intel64 Family 6 Model 94 Stepping 3, GenuineIntel



---------------  S Y S T E M  ---------------

OS: Windows 8.1 , 64 bit Build 9600 (6.3.9600.17056)

CPU:total 4 (4 cores per cpu, 1 threads per core) family 6 model 94 stepping 3, cmov, cx8, fxsr, mmx, sse, sse2, sse3, ssse3, sse4.1, sse4.2, popcnt, avx, avx2, aes, clmul, erms, 3dnowpref, lzcnt, tsc, tscinvbit, bmi1, bmi2, adx

Memory: 4k page, physical 8266404k(1450976k free), swap 8266404k(5128k free)

vm_info: Java HotSpot(TM) 64-Bit Server VM (25.92-b14) for windows-amd64 JRE (1.8.0_92-b14), built on Mar 31 2016 21:03:04 by "java_re" with MS VC++ 10.0 (VS2010)

time: Thu May 11 22:11:31 2017
elapsed time: 2 seconds (0d 0h 0m 2s)

