#
# There is insufficient memory for the Java Runtime Environment to continue.
# Native memory allocation (malloc) failed to allocate 32744 bytes for ChunkPool::allocate
# Possible reasons:
#   The system is out of physical RAM or swap space
#   In 32 bit mode, the process size limit was hit
# Possible solutions:
#   Reduce memory load on the system
#   Increase physical memory or swap space
#   Check if swap backing store is full
#   Use 64 bit Java on a 64 bit OS
#   Decrease Java heap size (-Xmx/-Xms)
#   Decrease number of Java threads
#   Decrease Java thread stack sizes (-Xss)
#   Set larger code cache with -XX:ReservedCodeCacheSize=
# This output file may be truncated or incomplete.
#
#  Out of Memory Error (allocation.cpp:273), pid=6648, tid=0x00000000000014f8
#
# JRE version: Java(TM) SE Runtime Environment (8.0_92-b14) (build 1.8.0_92-b14)
# Java VM: Java HotSpot(TM) 64-Bit Server VM (25.92-b14 mixed mode windows-amd64 compressed oops)
# Failed to write core dump. Minidumps are not enabled by default on client versions of Windows
#

---------------  T H R E A D  ---------------

Current thread (0x00000000146b4000):  JavaThread "C1 CompilerThread2" daemon [_thread_in_native, id=5368, stack(0x0000000015e90000,0x0000000015f90000)]

Stack: [0x0000000015e90000,0x0000000015f90000]
[error occurred during error reporting (printing stack bounds), id 0xc0000005]

Native frames: (J=compiled Java code, j=interpreted, Vv=VM code, C=native code)


Current CompileTask:
C1:    601  704   !   3       com.android.dx.cf.code.RopperMachine::run (1550 bytes)


---------------  P R O C E S S  ---------------

Java Threads: ( => current thread )
  0x0000000016202800 JavaThread "pool-1-thread-3" [_thread_in_Java, id=5152, stack(0x0000000016890000,0x0000000016990000)]
  0x00000000161fd000 JavaThread "pool-1-thread-2" [_thread_in_Java, id=7636, stack(0x0000000016790000,0x0000000016890000)]
  0x00000000160ec000 JavaThread "pool-2-thread-1" [_thread_blocked, id=6004, stack(0x0000000016690000,0x0000000016790000)]
  0x0000000015fa3800 JavaThread "Service Thread" daemon [_thread_blocked, id=7592, stack(0x0000000016390000,0x0000000016490000)]
=>0x00000000146b4000 JavaThread "C1 CompilerThread2" daemon [_thread_in_native, id=5368, stack(0x0000000015e90000,0x0000000015f90000)]
  0x0000000014661000 JavaThread "C2 CompilerThread1" daemon [_thread_in_native, id=2660, stack(0x0000000015d90000,0x0000000015e90000)]
  0x000000001465e000 JavaThread "C2 CompilerThread0" daemon [_thread_in_native, id=4836, stack(0x0000000015c90000,0x0000000015d90000)]
  0x000000001465c000 JavaThread "Attach Listener" daemon [_thread_blocked, id=5268, stack(0x0000000015b90000,0x0000000015c90000)]
  0x000000001465a800 JavaThread "Signal Dispatcher" daemon [_thread_blocked, id=5644, stack(0x0000000015a90000,0x0000000015b90000)]
  0x000000001464a800 JavaThread "Finalizer" daemon [_thread_blocked, id=6284, stack(0x00000000158b0000,0x00000000159b0000)]
  0x0000000001f80800 JavaThread "Reference Handler" daemon [_thread_blocked, id=7684, stack(0x00000000157b0000,0x00000000158b0000)]
  0x0000000001e92800 JavaThread "main" [_thread_blocked, id=7980, stack(0x0000000001cd0000,0x0000000001dd0000)]

Other Threads:
  0x0000000014628800 VMThread [stack: 0x00000000156b0000,0x00000000157b0000] [id=6096]
  0x0000000015fbf800 WatcherThread [stack: 0x0000000016490000,0x0000000016590000] [id=184]

VM state:not at safepoint (normal execution)

VM Mutex/Monitor currently owned by a thread: None

Heap:
 PSYoungGen      total 38400K, used 19582K [0x00000000eab00000, 0x00000000ed580000, 0x0000000100000000)
  eden space 33280K, 58% used [0x00000000eab00000,0x00000000ebe1f9c0,0x00000000ecb80000)
  from space 5120K, 0% used [0x00000000ed080000,0x00000000ed080000,0x00000000ed580000)
  to   space 5120K, 0% used [0x00000000ecb80000,0x00000000ecb80000,0x00000000ed080000)
 ParOldGen       total 87552K, used 0K [0x00000000c0000000, 0x00000000c5580000, 0x00000000eab00000)
  object space 87552K, 0% used [0x00000000c0000000,0x00000000c0000000,0x00000000c5580000)
 Metaspace       used 5719K, capacity 6706K, committed 6784K, reserved 1056768K
  class space    used 595K, capacity 618K, committed 640K, reserved 1048576K

Card table byte_map: [0x0000000011350000,0x0000000011560000] byte_map_base: 0x0000000010d50000

Marking Bits: (ParMarkBitMap*) 0x0000000072dd64f0
 Begin Bits: [0x0000000011ac0000, 0x0000000012ac0000)
 End Bits:   [0x0000000012ac0000, 0x0000000013ac0000)

Polling page: 0x0000000000450000

CodeCache: size=245760Kb used=2774Kb max_used=2787Kb free=242985Kb
 bounds [0x0000000001f90000, 0x0000000002250000, 0x0000000010f90000]
 total_blobs=962 nmethods=693 adapters=182
 compilation: enabled

Compilation events (10 events):
Event: 0.528 Thread 0x00000000146b4000 nmethod 678 0x0000000002237390 code [0x0000000002237540, 0x0000000002237a50]
Event: 0.528 Thread 0x00000000146b4000  700       3       com.android.dx.cf.code.BaseMachine::storeResults (90 bytes)
Event: 0.528 Thread 0x00000000146b4000 nmethod 700 0x0000000002237e50 code [0x0000000002238040, 0x0000000002238b08]
Event: 0.528 Thread 0x00000000146b4000  698       3       com.android.dx.cf.code.RopperMachine::getSources (264 bytes)
Event: 0.565 Thread 0x00000000146b4000 nmethod 698 0x000000000223cbd0 code [0x000000000223d1e0, 0x0000000002241b78]
Event: 0.565 Thread 0x00000000146b4000  704   !   3       com.android.dx.cf.code.RopperMachine::run (1550 bytes)
Event: 0.580 Thread 0x0000000014661000 nmethod 664 0x0000000002245190 code [0x00000000022453c0, 0x0000000002246310]
Event: 0.580 Thread 0x0000000014661000  667       4       com.android.dx.rop.code.RegisterSpecList::get (9 bytes)
Event: 0.580 Thread 0x0000000014661000 nmethod 667 0x0000000002239b90 code [0x0000000002239ce0, 0x0000000002239db8]
Event: 0.581 Thread 0x0000000014661000  665       4       com.android.dx.rop.code.RegisterSpec::hashCodeOf (30 bytes)

GC Heap History (0 events):
No events

Deoptimization events (3 events):
Event: 0.380 Thread 0x0000000016202800 Uncommon trap: reason=unstable_if action=reinterpret pc=0x0000000002174c70 method=java.util.HashMap.getNode(ILjava/lang/Object;)Ljava/util/HashMap$Node; @ 129
Event: 0.381 Thread 0x0000000016202800 Uncommon trap: reason=unstable_if action=reinterpret pc=0x0000000002187e70 method=java.util.BitSet.nextSetBit(I)I @ 87
Event: 0.388 Thread 0x0000000016202800 Uncommon trap: reason=unstable_if action=reinterpret pc=0x00000000021a9ab4 method=java.util.BitSet.ensureCapacity(I)V @ 6

Internal exceptions (2 events):
Event: 0.028 Thread 0x0000000001e92800 Exception <a 'java/lang/NoSuchMethodError': Method sun.misc.Unsafe.defineClass(Ljava/lang/String;[BII)Ljava/lang/Class; name or signature does not match> (0x00000000eab07cc0) thrown at [D:\re\workspace\8-2-build-windows-amd64-cygwin\jdk8u92\6642\hotspot\srXµ\8„4ù?
Event: 0.029 Thread 0x0000000001e92800 Exception <a 'java/lang/NoSuchMethodError': Method sun.misc.Unsafe.prefetchRead(Ljava/lang/Object;J)V name or signature does not match> (0x00000000eab07fa8) thrown at [D:\re\workspace\8-2-build-windows-amd64-cygwin\jdk8u92\6642\hotspot\src\share\vm\prims\j

Events (10 events):
Event: 0.384 loading class com/android/dx/cf/code/BytecodeArray$ConstantParserVisitor done
Event: 0.388 Thread 0x0000000016202800 Uncommon trap: trap_request=0xffffff65 fr.pc=0x00000000021a9ab4
Event: 0.388 Thread 0x0000000016202800 DEOPT PACKING pc=0x00000000021a9ab4 sp=0x000000001698eae0
Event: 0.388 Thread 0x0000000016202800 DEOPT UNPACKING pc=0x0000000001fd582a sp=0x000000001698e9c8 mode 2
Event: 0.509 loading class java/util/ArrayList$1
Event: 0.509 loading class java/util/ArrayList$1 done
Event: 0.527 loading class com/android/dx/rop/cst/CstArray$List
Event: 0.527 loading class com/android/dx/rop/cst/CstArray$List done
Event: 0.528 Executing VM operation: ForceSafepoint
Event: 0.561 Executing VM operation: ForceSafepoint done


Dynamic libraries:
0x00007ff643cc0000 - 0x00007ff643cf7000 	C:\Program Files\Java\jdk1.8.0_92\bin\java.exe
0x00007fff95070000 - 0x00007fff9521a000 	C:\Windows\SYSTEM32\ntdll.dll
0x00007fff92d30000 - 0x00007fff92e6a000 	C:\Windows\system32\KERNEL32.DLL
0x00007fff92560000 - 0x00007fff9266f000 	C:\Windows\system32\KERNELBASE.dll
0x00007fff91010000 - 0x00007fff91098000 	C:\Windows\system32\apphelp.dll
0x00007fff72830000 - 0x00007fff7287f000 	C:\Windows\AppPatch\AppPatch64\AcGenral.DLL
0x00007fff92e70000 - 0x00007fff92f17000 	C:\Windows\system32\msvcrt.dll
0x00007fff92220000 - 0x00007fff9224b000 	C:\Windows\SYSTEM32\SspiCli.dll
0x00007fff931f0000 - 0x00007fff93241000 	C:\Windows\system32\SHLWAPI.dll
0x00007fff92a40000 - 0x00007fff92bb1000 	C:\Windows\system32\USER32.dll
0x00007fff93740000 - 0x00007fff938b8000 	C:\Windows\system32\ole32.dll
0x00007fff93a70000 - 0x00007fff94e87000 	C:\Windows\system32\SHELL32.dll
0x00007fff91a50000 - 0x00007fff91a6e000 	C:\Windows\SYSTEM32\USERENV.dll
0x00007fff93120000 - 0x00007fff931c5000 	C:\Windows\system32\ADVAPI32.dll
0x00007fff8d830000 - 0x00007fff8d84b000 	C:\Windows\SYSTEM32\MPR.dll
0x00007fff93250000 - 0x00007fff93386000 	C:\Windows\system32\RPCRT4.dll
0x00007fff930c0000 - 0x00007fff93117000 	C:\Windows\SYSTEM32\sechost.dll
0x00007fff93390000 - 0x00007fff93566000 	C:\Windows\SYSTEM32\combase.dll
0x00007fff938c0000 - 0x00007fff93a05000 	C:\Windows\system32\GDI32.dll
0x00007fff923e0000 - 0x00007fff923f4000 	C:\Windows\SYSTEM32\profapi.dll
0x00007fff90850000 - 0x00007fff908ef000 	C:\Windows\SYSTEM32\SHCORE.dll
0x00007fff929a0000 - 0x00007fff929d4000 	C:\Windows\system32\IMM32.DLL
0x00007fff92bc0000 - 0x00007fff92cf9000 	C:\Windows\system32\MSCTF.dll
0x00007fff900b0000 - 0x00007fff9030a000 	C:\Windows\WinSxS\amd64_microsoft.windows.common-controls_6595b64144ccf1df_6.0.9600.17031_none_6242a4b3ecbb55a1\COMCTL32.dll
0x00000000721c0000 - 0x0000000072292000 	C:\Program Files\Java\jdk1.8.0_92\jre\bin\msvcr100.dll
0x00000000725c0000 - 0x0000000072e56000 	C:\Program Files\Java\jdk1.8.0_92\jre\bin\server\jvm.dll
0x00007fff8be90000 - 0x00007fff8be99000 	C:\Windows\SYSTEM32\WSOCK32.dll
0x00007fff89000000 - 0x00007fff8901f000 	C:\Windows\SYSTEM32\WINMM.dll
0x00007fff8fff0000 - 0x00007fff8fffa000 	C:\Windows\SYSTEM32\VERSION.dll
0x00007fff92d00000 - 0x00007fff92d07000 	C:\Windows\system32\PSAPI.DLL
0x00007fff936e0000 - 0x00007fff93738000 	C:\Windows\system32\WS2_32.dll
0x00007fff86ca0000 - 0x00007fff86cca000 	C:\Windows\SYSTEM32\WINMMBASE.dll
0x00007fff931d0000 - 0x00007fff931d9000 	C:\Windows\system32\NSI.dll
0x00007fff92670000 - 0x00007fff926ba000 	C:\Windows\SYSTEM32\cfgmgr32.dll
0x00007fff91270000 - 0x00007fff91296000 	C:\Windows\SYSTEM32\DEVOBJ.dll
0x0000000073150000 - 0x000000007315f000 	C:\Program Files\Java\jdk1.8.0_92\jre\bin\verify.dll
0x0000000073120000 - 0x0000000073149000 	C:\Program Files\Java\jdk1.8.0_92\jre\bin\java.dll
0x0000000073100000 - 0x0000000073116000 	C:\Program Files\Java\jdk1.8.0_92\jre\bin\zip.dll

VM Arguments:
jvm_args: -Djava.awt.headless=true -Xmx1024M -Dfile.encoding=windows-1252 -Duser.country=US -Duser.language=en -Duser.variant 
java_command: com.android.dx.command.Main --dex --force-jumbo --num-threads=4 --output C:\Zooket\app\build\intermediates\pre-dexed\debug\com.android.support-cardview-v7-23.4.0_89a7fd4db4f5b554cf7e4345bae64e6144c94f1f.jar C:\Zooket\app\build\intermediates\exploded-aar\com.android.support\cardview-v7\23.4.0\jars\classes.jar
java_class_path (initial): C:\android-sdk-windows\build-tools\24.0.3\lib\dx.jar
Launcher Type: SUN_STANDARD

Environment Variables:
PATH=C:\ProgramData\Oracle\Java\javapath;C:\Windows\system32;C:\Windows;C:\Windows\System32\Wbem;C:\Windows\System32\WindowsPowerShell\v1.0\;C:\Program Files (x86)\NVIDIA Corporation\PhysX\Common;C:\Program Files (x86)\Windows Kits\8.1\Windows Performance Toolkit\;C:\Program Files\Microsoft SQL Server\110\Tools\Binn\;C:\Program Files\Microsoft SQL Server\110\DTS\Binn\;C:\Program Files (x86)\Microsoft SQL Server\110\Tools\Binn\;C:\Program Files (x86)\Microsoft SQL Server\110\Tools\Binn\ManagementStudio\;C:\Program Files (x86)\Microsoft Visual Studio 10.0\Common7\IDE\PrivateAssemblies\;C:\Program Files (x86)\Microsoft SQL Server\110\DTS\Binn\;C:\Program Files (x86)\GtkSharp\2.12\bin;C:\Program Files (x86)\QuickTime\QTSystem\
USERNAME=Smo
OS=Windows_NT
PROCESSOR_IDENTIFIER=Intel64 Family 6 Model 94 Stepping 3, GenuineIntel



---------------  S Y S T E M  ---------------

OS: Windows 8.1 , 64 bit Build 9600 (6.3.9600.17056)

CPU:total 4 (4 cores per cpu, 1 threads per core) family 6 model 94 stepping 3, cmov, cx8, fxsr, mmx, sse, sse2, sse3, ssse3, sse4.1, sse4.2, popcnt, avx, avx2, aes, clmul, erms, 3dnowpref, lzcnt, tsc, tscinvbit, bmi1, bmi2, adx

Memory: 4k page, physical 8266404k(997696k free), swap 8266404k(5096k free)

vm_info: Java HotSpot(TM) 64-Bit Server VM (25.92-b14) for windows-amd64 JRE (1.8.0_92-b14), built on Mar 31 2016 21:03:04 by "java_re" with MS VC++ 10.0 (VS2010)

time: Tue May 23 12:26:53 2017
elapsed time: 0 seconds (0d 0h 0m 0s)

