#
# There is insufficient memory for the Java Runtime Environment to continue.
# Native memory allocation (malloc) failed to allocate 610976 bytes for Chunk::new
# Possible reasons:
#   The system is out of physical RAM or swap space
#   In 32 bit mode, the process size limit was hit
# Possible solutions:
#   Reduce memory load on the system
#   Increase physical memory or swap space
#   Check if swap backing store is full
#   Use 64 bit Java on a 64 bit OS
#   Decrease Java heap size (-Xmx/-Xms)
#   Decrease number of Java threads
#   Decrease Java thread stack sizes (-Xss)
#   Set larger code cache with -XX:ReservedCodeCacheSize=
# This output file may be truncated or incomplete.
#
#  Out of Memory Error (allocation.cpp:390), pid=4388, tid=0x0000000000000b10
#
# JRE version: Java(TM) SE Runtime Environment (8.0_92-b14) (build 1.8.0_92-b14)
# Java VM: Java HotSpot(TM) 64-Bit Server VM (25.92-b14 mixed mode windows-amd64 compressed oops)
# Failed to write core dump. Minidumps are not enabled by default on client versions of Windows
#

---------------  T H R E A D  ---------------

Current thread (0x000000001534e000):  JavaThread "C2 CompilerThread0" daemon [_thread_in_native, id=2832, stack(0x00000000169b0000,0x0000000016ab0000)]

Stack: [0x00000000169b0000,0x0000000016ab0000]
[error occurred during error reporting (printing stack bounds), id 0xc0000005]

Native frames: (J=compiled Java code, j=interpreted, Vv=VM code, C=native code)


Current CompileTask:
C2:    910 1054       4       com.android.dx.dex.code.OutputFinisher::addConstants (93 bytes)


---------------  P R O C E S S  ---------------

Java Threads: ( => current thread )
  0x0000000016bbf000 JavaThread "Service Thread" daemon [_thread_blocked, id=2876, stack(0x00000000170b0000,0x00000000171b0000)]
  0x0000000016bb1000 JavaThread "C1 CompilerThread2" daemon [_thread_blocked, id=928, stack(0x0000000016fb0000,0x00000000170b0000)]
  0x00000000153a7000 JavaThread "C2 CompilerThread1" daemon [_thread_in_native, id=3304, stack(0x0000000016ab0000,0x0000000016bb0000)]
=>0x000000001534e000 JavaThread "C2 CompilerThread0" daemon [_thread_in_native, id=2832, stack(0x00000000169b0000,0x0000000016ab0000)]
  0x000000001534c000 JavaThread "Attach Listener" daemon [_thread_blocked, id=6408, stack(0x00000000168b0000,0x00000000169b0000)]
  0x000000001534a800 JavaThread "Signal Dispatcher" daemon [_thread_blocked, id=2720, stack(0x00000000167b0000,0x00000000168b0000)]
  0x000000001533a800 JavaThread "Finalizer" daemon [_thread_blocked, id=3576, stack(0x00000000165b0000,0x00000000166b0000)]
  0x0000000002c70800 JavaThread "Reference Handler" daemon [_thread_blocked, id=6096, stack(0x00000000164b0000,0x00000000165b0000)]
  0x0000000002b82800 JavaThread "main" [_thread_in_vm, id=2640, stack(0x00000000012d0000,0x00000000013d0000)]

Other Threads:
  0x0000000015318800 VMThread [stack: 0x00000000163b0000,0x00000000164b0000] [id=2880]
  0x0000000016bb6000 WatcherThread [stack: 0x00000000171b0000,0x00000000172b0000] [id=3900]

VM state:not at safepoint (normal execution)

VM Mutex/Monitor currently owned by a thread: None

Heap:
 PSYoungGen      total 38400K, used 24636K [0x00000000eab00000, 0x00000000ed580000, 0x0000000100000000)
  eden space 33280K, 74% used [0x00000000eab00000,0x00000000ec30f218,0x00000000ecb80000)
  from space 5120K, 0% used [0x00000000ed080000,0x00000000ed080000,0x00000000ed580000)
  to   space 5120K, 0% used [0x00000000ecb80000,0x00000000ecb80000,0x00000000ed080000)
 ParOldGen       total 87552K, used 0K [0x00000000c0000000, 0x00000000c5580000, 0x00000000eab00000)
  object space 87552K, 0% used [0x00000000c0000000,0x00000000c0000000,0x00000000c5580000)
 Metaspace       used 5985K, capacity 7056K, committed 7424K, reserved 1056768K
  class space    used 609K, capacity 648K, committed 768K, reserved 1048576K

Card table byte_map: [0x0000000012040000,0x0000000012250000] byte_map_base: 0x0000000011a40000

Marking Bits: (ParMarkBitMap*) 0x0000000072cb64f0
 Begin Bits: [0x00000000127b0000, 0x00000000137b0000)
 End Bits:   [0x00000000137b0000, 0x00000000147b0000)

Polling page: 0x00000000013e0000

CodeCache: size=245760Kb used=4511Kb max_used=4511Kb free=241248Kb
 bounds [0x0000000002c80000, 0x00000000030f0000, 0x0000000011c80000]
 total_blobs=1421 nmethods=1157 adapters=177
 compilation: enabled

Compilation events (10 events):
Event: 0.908 Thread 0x0000000016bb1000 1170       3       java.io.FilterInputStream::<init> (10 bytes)
Event: 0.908 Thread 0x0000000016bb1000 nmethod 1170 0x00000000030e8ad0 code [0x00000000030e8c40, 0x00000000030e8e90]
Event: 0.908 Thread 0x0000000016bb1000 1166       3       com.android.dx.dex.file.OffsettedItem::place0 (1 bytes)
Event: 0.908 Thread 0x0000000016bb1000 nmethod 1166 0x00000000030e8f90 code [0x00000000030e90e0, 0x00000000030e9230]
Event: 0.908 Thread 0x0000000016bb1000 1167       3       com.android.dx.dex.file.MixedItemSection$1::compare (13 bytes)
Event: 0.908 Thread 0x0000000016bb1000 nmethod 1167 0x00000000030e92d0 code [0x00000000030e9480, 0x00000000030e9ac8]
Event: 0.908 Thread 0x0000000016bb1000 1168       3       com.android.dx.dex.file.MixedItemSection$1::compare (18 bytes)
Event: 0.908 Thread 0x0000000016bb1000 nmethod 1168 0x00000000030e9d10 code [0x00000000030e9ea0, 0x00000000030ea248]
Event: 0.908 Thread 0x0000000016bb1000 1169       3       java.util.zip.ZipFile::getZipEntry (236 bytes)
Event: 0.909 Thread 0x0000000016bb1000 nmethod 1169 0x00000000030ea3d0 code [0x00000000030ea620, 0x00000000030eb1a8]

GC Heap History (0 events):
No events

Deoptimization events (10 events):
Event: 0.837 Thread 0x0000000016e49000 Uncommon trap: reason=class_check action=maybe_recompile pc=0x0000000002f034f0 method=com.android.dx.ssa.NormalSsaInsn.accept(Lcom/android/dx/ssa/SsaInsn$Visitor;)V @ 9
Event: 0.860 Thread 0x0000000016e49000 Uncommon trap: reason=null_check action=make_not_entrant pc=0x0000000002f52c28 method=com.android.dx.rop.type.Type.equals(Ljava/lang/Object;)Z @ 8
Event: 0.885 Thread 0x0000000002b82800 Uncommon trap: reason=speculate_class_check action=maybe_recompile pc=0x00000000030070e4 method=com.android.dx.util.FixedSizeList.equals(Ljava/lang/Object;)Z @ 25
Event: 0.885 Thread 0x0000000002b82800 Uncommon trap: reason=class_check action=maybe_recompile pc=0x00000000030053f8 method=java.util.Arrays.equals([Ljava/lang/Object;[Ljava/lang/Object;)Z @ 62
Event: 0.885 Thread 0x0000000002b82800 Uncommon trap: reason=speculate_class_check action=maybe_recompile pc=0x00000000030070e4 method=com.android.dx.util.FixedSizeList.equals(Ljava/lang/Object;)Z @ 25
Event: 0.885 Thread 0x0000000002b82800 Uncommon trap: reason=class_check action=maybe_recompile pc=0x00000000030053f8 method=java.util.Arrays.equals([Ljava/lang/Object;[Ljava/lang/Object;)Z @ 62
Event: 0.885 Thread 0x0000000002b82800 Uncommon trap: reason=speculate_class_check action=maybe_recompile pc=0x00000000030070e4 method=com.android.dx.util.FixedSizeList.equals(Ljava/lang/Object;)Z @ 25
Event: 0.885 Thread 0x0000000002b82800 Uncommon trap: reason=class_check action=maybe_recompile pc=0x00000000030053f8 method=java.util.Arrays.equals([Ljava/lang/Object;[Ljava/lang/Object;)Z @ 62
Event: 0.885 Thread 0x0000000002b82800 Uncommon trap: reason=speculate_class_check action=maybe_recompile pc=0x00000000030070e4 method=com.android.dx.util.FixedSizeList.equals(Ljava/lang/Object;)Z @ 25
Event: 0.885 Thread 0x0000000002b82800 Uncommon trap: reason=class_check action=maybe_recompile pc=0x00000000030053f8 method=java.util.Arrays.equals([Ljava/lang/Object;[Ljava/lang/Object;)Z @ 62

Internal exceptions (3 events):
Event: 0.036 Thread 0x0000000002b82800 Exception <a 'java/lang/NoSuchMethodError': Method sun.misc.Unsafe.defineClass(Ljava/lang/String;[BII)Ljava/lang/Class; name or signature does not match> (0x00000000eab07cc0) thrown at [D:\re\workspace\8-2-build-windows-amd64-cygwin\jdk8u92\6642\hotspot\sr≤Lπºç¢?
Event: 0.036 Thread 0x0000000002b82800 Exception <a 'java/lang/NoSuchMethodError': Method sun.misc.Unsafe.prefetchRead(Ljava/lang/Object;J)V name or signature does not match> (0x00000000eab07fa8) thrown at [D:\re\workspace\8-2-build-windows-amd64-cygwin\jdk8u92\6642\hotspot\src\share\vm\prims\jd3vÑÎ?
Event: 0.860 Thread 0x0000000016e49000 Implicit null exception at 0x0000000002f52b22 to 0x0000000002f52c1a

Events (10 events):
Event: 0.886 loading class com/android/dx/util/ByteArrayAnnotatedOutput
Event: 0.886 loading class com/android/dx/util/ByteArrayAnnotatedOutput done
Event: 0.895 loading class com/android/dx/rop/code/RegisterSpecList$Expander
Event: 0.895 loading class com/android/dx/rop/code/RegisterSpecList$Expander done
Event: 0.908 loading class com/android/dx/dex/file/DebugInfoEncoder
Event: 0.908 loading class com/android/dx/dex/file/DebugInfoEncoder done
Event: 0.908 loading class com/android/dx/dex/file/DebugInfoEncoder$1
Event: 0.908 loading class com/android/dx/dex/file/DebugInfoEncoder$1 done
Event: 0.909 loading class com/android/dx/dex/file/DebugInfoEncoder$2
Event: 0.909 loading class com/android/dx/dex/file/DebugInfoEncoder$2 done


Dynamic libraries:
0x00007ff77adc0000 - 0x00007ff77adf7000 	C:\Program Files\Java\jdk1.8.0_92\bin\java.exe
0x00007ff94e790000 - 0x00007ff94e93a000 	C:\Windows\SYSTEM32\ntdll.dll
0x00007ff94e0b0000 - 0x00007ff94e1ea000 	C:\Windows\system32\KERNEL32.DLL
0x00007ff94bf00000 - 0x00007ff94c00f000 	C:\Windows\system32\KERNELBASE.dll
0x00007ff94a730000 - 0x00007ff94a7b8000 	C:\Windows\system32\apphelp.dll
0x00007ff944780000 - 0x00007ff9447cf000 	C:\Windows\AppPatch\AppPatch64\AcGenral.DLL
0x00007ff94c4d0000 - 0x00007ff94c577000 	C:\Windows\system32\msvcrt.dll
0x00007ff94b940000 - 0x00007ff94b96b000 	C:\Windows\SYSTEM32\SspiCli.dll
0x00007ff94e1f0000 - 0x00007ff94e241000 	C:\Windows\system32\SHLWAPI.dll
0x00007ff94c720000 - 0x00007ff94c891000 	C:\Windows\system32\USER32.dll
0x00007ff94e550000 - 0x00007ff94e6c8000 	C:\Windows\system32\ole32.dll
0x00007ff94c9f0000 - 0x00007ff94de07000 	C:\Windows\system32\SHELL32.dll
0x00007ff94b170000 - 0x00007ff94b18e000 	C:\Windows\SYSTEM32\USERENV.dll
0x00007ff94c210000 - 0x00007ff94c2b5000 	C:\Windows\system32\ADVAPI32.dll
0x00007ff946f50000 - 0x00007ff946f6b000 	C:\Windows\SYSTEM32\MPR.dll
0x00007ff94e3a0000 - 0x00007ff94e4d6000 	C:\Windows\system32\RPCRT4.dll
0x00007ff94e4e0000 - 0x00007ff94e537000 	C:\Windows\SYSTEM32\sechost.dll
0x00007ff94c010000 - 0x00007ff94c1e6000 	C:\Windows\SYSTEM32\combase.dll
0x00007ff94c8a0000 - 0x00007ff94c9e5000 	C:\Windows\system32\GDI32.dll
0x00007ff94bb00000 - 0x00007ff94bb14000 	C:\Windows\SYSTEM32\profapi.dll
0x00007ff94a160000 - 0x00007ff94a1ff000 	C:\Windows\SYSTEM32\SHCORE.dll
0x00007ff94e2b0000 - 0x00007ff94e2e4000 	C:\Windows\system32\IMM32.DLL
0x00007ff94c580000 - 0x00007ff94c6b9000 	C:\Windows\system32\MSCTF.dll
0x00007ff9498e0000 - 0x00007ff949b3a000 	C:\Windows\WinSxS\amd64_microsoft.windows.common-controls_6595b64144ccf1df_6.0.9600.17031_none_6242a4b3ecbb55a1\COMCTL32.dll
0x0000000072010000 - 0x00000000720e2000 	C:\Program Files\Java\jdk1.8.0_92\jre\bin\msvcr100.dll
0x00000000724a0000 - 0x0000000072d36000 	C:\Program Files\Java\jdk1.8.0_92\jre\bin\server\jvm.dll
0x00007ff92b710000 - 0x00007ff92b719000 	C:\Windows\SYSTEM32\WSOCK32.dll
0x00007ff944330000 - 0x00007ff94434f000 	C:\Windows\SYSTEM32\WINMM.dll
0x00007ff949810000 - 0x00007ff94981a000 	C:\Windows\SYSTEM32\VERSION.dll
0x00007ff94dff0000 - 0x00007ff94dff7000 	C:\Windows\system32\PSAPI.DLL
0x00007ff94e250000 - 0x00007ff94e2a8000 	C:\Windows\system32\WS2_32.dll
0x00007ff9413b0000 - 0x00007ff9413da000 	C:\Windows\SYSTEM32\WINMMBASE.dll
0x00007ff94c2c0000 - 0x00007ff94c2c9000 	C:\Windows\system32\NSI.dll
0x00007ff94bbd0000 - 0x00007ff94bc1a000 	C:\Windows\SYSTEM32\cfgmgr32.dll
0x00007ff94a980000 - 0x00007ff94a9a6000 	C:\Windows\SYSTEM32\DEVOBJ.dll
0x0000000072490000 - 0x000000007249f000 	C:\Program Files\Java\jdk1.8.0_92\jre\bin\verify.dll
0x0000000072460000 - 0x0000000072489000 	C:\Program Files\Java\jdk1.8.0_92\jre\bin\java.dll
0x0000000072440000 - 0x0000000072456000 	C:\Program Files\Java\jdk1.8.0_92\jre\bin\zip.dll

VM Arguments:
jvm_args: -Djava.awt.headless=true -Xmx1024M -Dfile.encoding=windows-1252 -Duser.country=US -Duser.language=en -Duser.variant 
java_command: com.android.dx.command.Main --dex --force-jumbo --num-threads=4 --output C:\Zooket\app\build\intermediates\pre-dexed\debug\com.makeramen-roundedimageview-2.3.0_3d52f321047d0337639c04c5155b301b4160e816.jar C:\Zooket\app\build\intermediates\exploded-aar\com.makeramen\roundedimageview\2.3.0\jars\classes.jar
java_class_path (initial): C:\android-sdk-windows\build-tools\24.0.3\lib\dx.jar
Launcher Type: SUN_STANDARD

Environment Variables:
PATH=C:\ProgramData\Oracle\Java\javapath;C:\Windows\system32;C:\Windows;C:\Windows\System32\Wbem;C:\Windows\System32\WindowsPowerShell\v1.0\;C:\Program Files (x86)\NVIDIA Corporation\PhysX\Common;C:\Program Files (x86)\Windows Kits\8.1\Windows Performance Toolkit\;C:\Program Files\Microsoft SQL Server\110\Tools\Binn\;C:\Program Files\Microsoft SQL Server\110\DTS\Binn\;C:\Program Files (x86)\Microsoft SQL Server\110\Tools\Binn\;C:\Program Files (x86)\Microsoft SQL Server\110\Tools\Binn\ManagementStudio\;C:\Program Files (x86)\Microsoft Visual Studio 10.0\Common7\IDE\PrivateAssemblies\;C:\Program Files (x86)\Microsoft SQL Server\110\DTS\Binn\;C:\Program Files (x86)\GtkSharp\2.12\bin;C:\Program Files (x86)\QuickTime\QTSystem\
USERNAME=Smo
OS=Windows_NT
PROCESSOR_IDENTIFIER=Intel64 Family 6 Model 94 Stepping 3, GenuineIntel



---------------  S Y S T E M  ---------------

OS: Windows 8.1 , 64 bit Build 9600 (6.3.9600.17056)

CPU:total 4 (4 cores per cpu, 1 threads per core) family 6 model 94 stepping 3, cmov, cx8, fxsr, mmx, sse, sse2, sse3, ssse3, sse4.1, sse4.2, popcnt, avx, avx2, aes, clmul, erms, 3dnowpref, lzcnt, tsc, tscinvbit, bmi1, bmi2, adx

Memory: 4k page, physical 8266404k(1053832k free), swap 8266404k(5392k free)

vm_info: Java HotSpot(TM) 64-Bit Server VM (25.92-b14) for windows-amd64 JRE (1.8.0_92-b14), built on Mar 31 2016 21:03:04 by "java_re" with MS VC++ 10.0 (VS2010)

time: Mon May 22 12:28:10 2017
elapsed time: 0 seconds (0d 0h 0m 0s)

