#
# There is insufficient memory for the Java Runtime Environment to continue.
# Native memory allocation (malloc) failed to allocate 924256 bytes for Chunk::new
# Possible reasons:
#   The system is out of physical RAM or swap space
#   In 32 bit mode, the process size limit was hit
# Possible solutions:
#   Reduce memory load on the system
#   Increase physical memory or swap space
#   Check if swap backing store is full
#   Use 64 bit Java on a 64 bit OS
#   Decrease Java heap size (-Xmx/-Xms)
#   Decrease number of Java threads
#   Decrease Java thread stack sizes (-Xss)
#   Set larger code cache with -XX:ReservedCodeCacheSize=
# This output file may be truncated or incomplete.
#
#  Out of Memory Error (allocation.cpp:390), pid=8908, tid=0x000000000000078c
#
# JRE version: Java(TM) SE Runtime Environment (8.0_92-b14) (build 1.8.0_92-b14)
# Java VM: Java HotSpot(TM) 64-Bit Server VM (25.92-b14 mixed mode windows-amd64 compressed oops)
# Failed to write core dump. Minidumps are not enabled by default on client versions of Windows
#

---------------  T H R E A D  ---------------

Current thread (0x00000000145a6800):  JavaThread "C2 CompilerThread1" daemon [_thread_in_native, id=1932, stack(0x0000000015c80000,0x0000000015d80000)]

Stack: [0x0000000015c80000,0x0000000015d80000]
[error occurred during error reporting (printing stack bounds), id 0xc0000005]

Native frames: (J=compiled Java code, j=interpreted, Vv=VM code, C=native code)


Current CompileTask:
C2:   1278 1701   !   4       com.android.dx.cf.code.BytecodeArray::parseInstruction (2764 bytes)


---------------  P R O C E S S  ---------------

Java Threads: ( => current thread )
  0x0000000015d86000 JavaThread "Service Thread" daemon [_thread_blocked, id=8292, stack(0x0000000016280000,0x0000000016380000)]
  0x0000000015d80800 JavaThread "C1 CompilerThread2" daemon [_thread_blocked, id=8364, stack(0x0000000016180000,0x0000000016280000)]
=>0x00000000145a6800 JavaThread "C2 CompilerThread1" daemon [_thread_in_native, id=1932, stack(0x0000000015c80000,0x0000000015d80000)]
  0x000000001454d000 JavaThread "C2 CompilerThread0" daemon [_thread_in_native, id=8664, stack(0x0000000015b80000,0x0000000015c80000)]
  0x000000001454b000 JavaThread "Attach Listener" daemon [_thread_blocked, id=8804, stack(0x0000000015a80000,0x0000000015b80000)]
  0x000000001454a000 JavaThread "Signal Dispatcher" daemon [_thread_blocked, id=1672, stack(0x0000000015980000,0x0000000015a80000)]
  0x0000000001e7a800 JavaThread "Finalizer" daemon [_thread_blocked, id=2584, stack(0x00000000157a0000,0x00000000158a0000)]
  0x0000000001e6f800 JavaThread "Reference Handler" daemon [_thread_blocked, id=9064, stack(0x00000000156a0000,0x00000000157a0000)]
  0x0000000001d82800 JavaThread "main" [_thread_in_vm, id=5996, stack(0x0000000001c60000,0x0000000001d60000)]

Other Threads:
  0x0000000014518800 VMThread [stack: 0x00000000155a0000,0x00000000156a0000] [id=8612]
  0x0000000015d8f800 WatcherThread [stack: 0x0000000016380000,0x0000000016480000] [id=7356]

VM state:not at safepoint (normal execution)

VM Mutex/Monitor currently owned by a thread: None

Heap:
 PSYoungGen      total 71680K, used 50705K [0x00000000eab00000, 0x00000000ef600000, 0x0000000100000000)
  eden space 66560K, 68% used [0x00000000eab00000,0x00000000ed785b00,0x00000000eec00000)
  from space 5120K, 99% used [0x00000000ef100000,0x00000000ef5fea90,0x00000000ef600000)
  to   space 5120K, 0% used [0x00000000eec00000,0x00000000eec00000,0x00000000ef100000)
 ParOldGen       total 87552K, used 6276K [0x00000000c0000000, 0x00000000c5580000, 0x00000000eab00000)
  object space 87552K, 7% used [0x00000000c0000000,0x00000000c0621310,0x00000000c5580000)
 Metaspace       used 6368K, capacity 7160K, committed 7296K, reserved 1056768K
  class space    used 610K, capacity 624K, committed 640K, reserved 1048576K

Card table byte_map: [0x0000000011240000,0x0000000011450000] byte_map_base: 0x0000000010c40000

Marking Bits: (ParMarkBitMap*) 0x00000000542664f0
 Begin Bits: [0x00000000119b0000, 0x00000000129b0000)
 End Bits:   [0x00000000129b0000, 0x00000000139b0000)

Polling page: 0x0000000000490000

CodeCache: size=245760Kb used=6689Kb max_used=6701Kb free=239070Kb
 bounds [0x0000000001e80000, 0x0000000002520000, 0x0000000010e80000]
 total_blobs=2044 nmethods=1775 adapters=182
 compilation: enabled

Compilation events (10 events):
Event: 1.206 Thread 0x0000000015d80800 1805       2       com.android.dx.rop.type.StdTypeList::hashContents (40 bytes)
Event: 1.206 Thread 0x0000000015d80800 nmethod 1805 0x000000000250b7d0 code [0x000000000250b960, 0x000000000250bba8]
Event: 1.207 Thread 0x0000000015d80800 1806       1       com.android.dx.dex.file.IdItem::getDefiningClass (5 bytes)
Event: 1.207 Thread 0x0000000015d80800 nmethod 1806 0x000000000250b510 code [0x000000000250b660, 0x000000000250b770]
Event: 1.207 Thread 0x0000000015d80800 1807       2       com.android.dx.dex.file.TypeIdItem::addContents (16 bytes)
Event: 1.207 Thread 0x0000000015d80800 nmethod 1807 0x000000000250ad50 code [0x000000000250aee0, 0x000000000250b288]
Event: 1.210 Thread 0x000000001454d000 nmethod 1766 0x0000000002510450 code [0x0000000002510600, 0x0000000002510e38]
Event: 1.210 Thread 0x000000001454d000 1738       4       java.util.HashMap::get (23 bytes)
Event: 1.213 Thread 0x000000001454d000 nmethod 1738 0x000000000250a710 code [0x000000000250a860, 0x000000000250aad8]
Event: 1.213 Thread 0x000000001454d000 1679       4       com.android.dx.ssa.LocalVariableExtractor::processBlock (383 bytes)

GC Heap History (4 events):
Event: 0.766 GC heap before
{Heap before GC invocations=1 (full 0):
 PSYoungGen      total 38400K, used 33280K [0x00000000eab00000, 0x00000000ed580000, 0x0000000100000000)
  eden space 33280K, 100% used [0x00000000eab00000,0x00000000ecb80000,0x00000000ecb80000)
  from space 5120K, 0% used [0x00000000ed080000,0x00000000ed080000,0x00000000ed580000)
  to   space 5120K, 0% used [0x00000000ecb80000,0x00000000ecb80000,0x00000000ed080000)
 ParOldGen       total 87552K, used 0K [0x00000000c0000000, 0x00000000c5580000, 0x00000000eab00000)
  object space 87552K, 0% used [0x00000000c0000000,0x00000000c0000000,0x00000000c5580000)
 Metaspace       used 6013K, capacity 6898K, committed 7040K, reserved 1056768K
  class space    used 600K, capacity 618K, committed 640K, reserved 1048576K
Event: 0.775 GC heap after
Heap after GC invocations=1 (full 0):
 PSYoungGen      total 38400K, used 5098K [0x00000000eab00000, 0x00000000ef600000, 0x0000000100000000)
  eden space 33280K, 0% used [0x00000000eab00000,0x00000000eab00000,0x00000000ecb80000)
  from space 5120K, 99% used [0x00000000ecb80000,0x00000000ed07aab8,0x00000000ed080000)
  to   space 5120K, 0% used [0x00000000ef100000,0x00000000ef100000,0x00000000ef600000)
 ParOldGen       total 87552K, used 1589K [0x00000000c0000000, 0x00000000c5580000, 0x00000000eab00000)
  object space 87552K, 1% used [0x00000000c0000000,0x00000000c018d670,0x00000000c5580000)
 Metaspace       used 6013K, capacity 6898K, committed 7040K, reserved 1056768K
  class space    used 600K, capacity 618K, committed 640K, reserved 1048576K
}
Event: 0.959 GC heap before
{Heap before GC invocations=2 (full 0):
 PSYoungGen      total 38400K, used 38378K [0x00000000eab00000, 0x00000000ef600000, 0x0000000100000000)
  eden space 33280K, 100% used [0x00000000eab00000,0x00000000ecb80000,0x00000000ecb80000)
  from space 5120K, 99% used [0x00000000ecb80000,0x00000000ed07aab8,0x00000000ed080000)
  to   space 5120K, 0% used [0x00000000ef100000,0x00000000ef100000,0x00000000ef600000)
 ParOldGen       total 87552K, used 1589K [0x00000000c0000000, 0x00000000c5580000, 0x00000000eab00000)
  object space 87552K, 1% used [0x00000000c0000000,0x00000000c018d670,0x00000000c5580000)
 Metaspace       used 6188K, capacity 7090K, committed 7296K, reserved 1056768K
  class space    used 601K, capacity 618K, committed 640K, reserved 1048576K
Event: 0.983 GC heap after
Heap after GC invocations=2 (full 0):
 PSYoungGen      total 71680K, used 5114K [0x00000000eab00000, 0x00000000ef600000, 0x0000000100000000)
  eden space 66560K, 0% used [0x00000000eab00000,0x00000000eab00000,0x00000000eec00000)
  from space 5120K, 99% used [0x00000000ef100000,0x00000000ef5fea90,0x00000000ef600000)
  to   space 5120K, 0% used [0x00000000eec00000,0x00000000eec00000,0x00000000ef100000)
 ParOldGen       total 87552K, used 6276K [0x00000000c0000000, 0x00000000c5580000, 0x00000000eab00000)
  object space 87552K, 7% used [0x00000000c0000000,0x00000000c0621310,0x00000000c5580000)
 Metaspace       used 6188K, capacity 7090K, committed 7296K, reserved 1056768K
  class space    used 601K, capacity 618K, committed 640K, reserved 1048576K
}

Deoptimization events (10 events):
Event: 1.173 Thread 0x0000000001d82800 Uncommon trap: reason=class_check action=maybe_recompile pc=0x00000000022f4934 method=java.util.Arrays.hashCode([Ljava/lang/Object;)I @ 43
Event: 1.176 Thread 0x0000000001d82800 Uncommon trap: reason=bimorphic action=maybe_recompile pc=0x000000000211e2d4 method=java.util.HashMap.getNode(ILjava/lang/Object;)Ljava/util/HashMap$Node; @ 126
Event: 1.176 Thread 0x0000000001d82800 Uncommon trap: reason=bimorphic action=maybe_recompile pc=0x000000000211e2d4 method=java.util.HashMap.getNode(ILjava/lang/Object;)Ljava/util/HashMap$Node; @ 126
Event: 1.176 Thread 0x0000000001d82800 Uncommon trap: reason=bimorphic action=maybe_recompile pc=0x000000000211e2d4 method=java.util.HashMap.getNode(ILjava/lang/Object;)Ljava/util/HashMap$Node; @ 126
Event: 1.176 Thread 0x0000000001d82800 Uncommon trap: reason=bimorphic action=maybe_recompile pc=0x000000000211e2d4 method=java.util.HashMap.getNode(ILjava/lang/Object;)Ljava/util/HashMap$Node; @ 126
Event: 1.177 Thread 0x0000000001d82800 Uncommon trap: reason=bimorphic action=maybe_recompile pc=0x000000000209e660 method=java.util.HashMap.getNode(ILjava/lang/Object;)Ljava/util/HashMap$Node; @ 126
Event: 1.183 Thread 0x0000000001d82800 Uncommon trap: reason=class_check action=maybe_recompile pc=0x00000000024a3528 method=java.util.HashMap.putVal(ILjava/lang/Object;Ljava/lang/Object;ZZ)Ljava/lang/Object; @ 203
Event: 1.183 Thread 0x0000000001d82800 Uncommon trap: reason=class_check action=maybe_recompile pc=0x00000000024a3528 method=java.util.HashMap.putVal(ILjava/lang/Object;Ljava/lang/Object;ZZ)Ljava/lang/Object; @ 203
Event: 1.183 Thread 0x0000000001d82800 Uncommon trap: reason=class_check action=maybe_recompile pc=0x00000000024a3528 method=java.util.HashMap.putVal(ILjava/lang/Object;Ljava/lang/Object;ZZ)Ljava/lang/Object; @ 203
Event: 1.183 Thread 0x0000000001d82800 Uncommon trap: reason=class_check action=maybe_recompile pc=0x00000000024a3528 method=java.util.HashMap.putVal(ILjava/lang/Object;Ljava/lang/Object;ZZ)Ljava/lang/Object; @ 203

Internal exceptions (2 events):
Event: 0.087 Thread 0x0000000001d82800 Exception <a 'java/lang/NoSuchMethodError': Method sun.misc.Unsafe.defineClass(Ljava/lang/String;[BII)Ljava/lang/Class; name or signature does not match> (0x00000000eab07cc0) thrown at [D:\re\workspace\8-2-build-windows-amd64-cygwin\jdk8u92\6642\hotspot\srZﬁÚB8<∂?
Event: 0.087 Thread 0x0000000001d82800 Exception <a 'java/lang/NoSuchMethodError': Method sun.misc.Unsafe.prefetchRead(Ljava/lang/Object;J)V name or signature does not match> (0x00000000eab07fa8) thrown at [D:\re\workspace\8-2-build-windows-amd64-cygwin\jdk8u92\6642\hotspot\src\share\vm\prims\j

Events (10 events):
Event: 1.183 Thread 0x0000000001d82800 Uncommon trap: trap_request=0xffffffde fr.pc=0x00000000024a3528
Event: 1.183 Thread 0x0000000001d82800 DEOPT PACKING pc=0x00000000024a3528 sp=0x0000000001d5f150
Event: 1.183 Thread 0x0000000001d82800 DEOPT UNPACKING pc=0x0000000001ec582a sp=0x0000000001d5f0d8 mode 2
Event: 1.190 Thread 0x0000000001d82800 DEOPT PACKING pc=0x00000000024f26aa sp=0x0000000001d5f320
Event: 1.190 Thread 0x0000000001d82800 DEOPT UNPACKING pc=0x0000000001ec787f sp=0x0000000001d5f0b0 mode 0
Event: 1.199 loading class com/android/dx/dex/file/ProtoIdItem
Event: 1.199 loading class com/android/dx/dex/file/ProtoIdItem done
Event: 1.208 loading class com/android/dex/Leb128
Event: 1.208 loading class com/android/dex/Leb128 done
Event: 1.208 Thread 0x0000000016007000 Thread exited: 0x0000000016007000


Dynamic libraries:
0x00007ff77dd40000 - 0x00007ff77dd77000 	C:\Program Files\Java\jdk1.8.0_92\bin\java.exe
0x00007ff95e280000 - 0x00007ff95e42a000 	C:\Windows\SYSTEM32\ntdll.dll
0x00007ff95d9d0000 - 0x00007ff95db0a000 	C:\Windows\system32\KERNEL32.DLL
0x00007ff95b9f0000 - 0x00007ff95baff000 	C:\Windows\system32\KERNELBASE.dll
0x00007ff95a220000 - 0x00007ff95a2a8000 	C:\Windows\system32\apphelp.dll
0x00007ff93af80000 - 0x00007ff93afcf000 	C:\Windows\AppPatch\AppPatch64\AcGenral.DLL
0x00007ff95bb10000 - 0x00007ff95bbb7000 	C:\Windows\system32\msvcrt.dll
0x00007ff95b430000 - 0x00007ff95b45b000 	C:\Windows\SYSTEM32\SspiCli.dll
0x00007ff95dd10000 - 0x00007ff95dd61000 	C:\Windows\system32\SHLWAPI.dll
0x00007ff95d460000 - 0x00007ff95d5d1000 	C:\Windows\system32\USER32.dll
0x00007ff95df50000 - 0x00007ff95e0c8000 	C:\Windows\system32\ole32.dll
0x00007ff95bbc0000 - 0x00007ff95cfd7000 	C:\Windows\system32\SHELL32.dll
0x00007ff95ac60000 - 0x00007ff95ac7e000 	C:\Windows\SYSTEM32\USERENV.dll
0x00007ff95db10000 - 0x00007ff95dbb5000 	C:\Windows\system32\ADVAPI32.dll
0x00007ff956ad0000 - 0x00007ff956aeb000 	C:\Windows\SYSTEM32\MPR.dll
0x00007ff95d5e0000 - 0x00007ff95d716000 	C:\Windows\system32\RPCRT4.dll
0x00007ff95e0d0000 - 0x00007ff95e127000 	C:\Windows\SYSTEM32\sechost.dll
0x00007ff95d090000 - 0x00007ff95d266000 	C:\Windows\SYSTEM32\combase.dll
0x00007ff95e130000 - 0x00007ff95e275000 	C:\Windows\system32\GDI32.dll
0x00007ff95b5f0000 - 0x00007ff95b604000 	C:\Windows\SYSTEM32\profapi.dll
0x00007ff959c50000 - 0x00007ff959cef000 	C:\Windows\SYSTEM32\SHCORE.dll
0x00007ff95dd70000 - 0x00007ff95dda4000 	C:\Windows\system32\IMM32.DLL
0x00007ff95d320000 - 0x00007ff95d459000 	C:\Windows\system32\MSCTF.dll
0x00007ff959340000 - 0x00007ff95959a000 	C:\Windows\WinSxS\amd64_microsoft.windows.common-controls_6595b64144ccf1df_6.0.9600.17031_none_6242a4b3ecbb55a1\COMCTL32.dll
0x0000000053650000 - 0x0000000053722000 	C:\Program Files\Java\jdk1.8.0_92\jre\bin\msvcr100.dll
0x0000000053a50000 - 0x00000000542e6000 	C:\Program Files\Java\jdk1.8.0_92\jre\bin\server\jvm.dll
0x00007ff951bb0000 - 0x00007ff951bb9000 	C:\Windows\SYSTEM32\WSOCK32.dll
0x00007ff952430000 - 0x00007ff95244f000 	C:\Windows\SYSTEM32\WINMM.dll
0x00007ff959300000 - 0x00007ff95930a000 	C:\Windows\SYSTEM32\VERSION.dll
0x00007ff95bb00000 - 0x00007ff95bb07000 	C:\Windows\system32\PSAPI.DLL
0x00007ff95d910000 - 0x00007ff95d968000 	C:\Windows\system32\WS2_32.dll
0x00007ff9523f0000 - 0x00007ff95241a000 	C:\Windows\SYSTEM32\WINMMBASE.dll
0x00007ff95d720000 - 0x00007ff95d729000 	C:\Windows\system32\NSI.dll
0x00007ff95b7c0000 - 0x00007ff95b80a000 	C:\Windows\SYSTEM32\cfgmgr32.dll
0x00007ff95a470000 - 0x00007ff95a496000 	C:\Windows\SYSTEM32\DEVOBJ.dll
0x00000000545e0000 - 0x00000000545ef000 	C:\Program Files\Java\jdk1.8.0_92\jre\bin\verify.dll
0x00000000545b0000 - 0x00000000545d9000 	C:\Program Files\Java\jdk1.8.0_92\jre\bin\java.dll
0x0000000054590000 - 0x00000000545a6000 	C:\Program Files\Java\jdk1.8.0_92\jre\bin\zip.dll

VM Arguments:
jvm_args: -Djava.awt.headless=true -Xmx1024M -Dfile.encoding=windows-1252 -Duser.country=US -Duser.language=en -Duser.variant 
java_command: com.android.dx.command.Main --dex --force-jumbo --num-threads=4 --output C:\Zooket\app\build\intermediates\pre-dexed\debug\gson-2.3.1_c6af6dd6c1e3d279ec9ad25416316f6ca0b33db0.jar C:\Users\Smo\.gradle\caches\modules-2\files-2.1\com.google.code.gson\gson\2.3.1\ecb6e1f8e4b0e84c4b886c2f14a1500caf309757\gson-2.3.1.jar
java_class_path (initial): C:\android-sdk-windows\build-tools\24.0.3\lib\dx.jar
Launcher Type: SUN_STANDARD

Environment Variables:
PATH=C:\ProgramData\Oracle\Java\javapath;C:\Windows\system32;C:\Windows;C:\Windows\System32\Wbem;C:\Windows\System32\WindowsPowerShell\v1.0\;C:\Program Files (x86)\NVIDIA Corporation\PhysX\Common;C:\Program Files (x86)\Windows Kits\8.1\Windows Performance Toolkit\;C:\Program Files\Microsoft SQL Server\110\Tools\Binn\;C:\Program Files\Microsoft SQL Server\110\DTS\Binn\;C:\Program Files (x86)\Microsoft SQL Server\110\Tools\Binn\;C:\Program Files (x86)\Microsoft SQL Server\110\Tools\Binn\ManagementStudio\;C:\Program Files (x86)\Microsoft Visual Studio 10.0\Common7\IDE\PrivateAssemblies\;C:\Program Files (x86)\Microsoft SQL Server\110\DTS\Binn\;C:\Program Files (x86)\GtkSharp\2.12\bin;C:\Program Files (x86)\QuickTime\QTSystem\
USERNAME=Smo
OS=Windows_NT
PROCESSOR_IDENTIFIER=Intel64 Family 6 Model 94 Stepping 3, GenuineIntel



---------------  S Y S T E M  ---------------

OS: Windows 8.1 , 64 bit Build 9600 (6.3.9600.17056)

CPU:total 4 (4 cores per cpu, 1 threads per core) family 6 model 94 stepping 3, cmov, cx8, fxsr, mmx, sse, sse2, sse3, ssse3, sse4.1, sse4.2, popcnt, avx, avx2, aes, clmul, erms, 3dnowpref, lzcnt, tsc, tscinvbit, bmi1, bmi2, adx

Memory: 4k page, physical 8266404k(1725572k free), swap 8266404k(5608k free)

vm_info: Java HotSpot(TM) 64-Bit Server VM (25.92-b14) for windows-amd64 JRE (1.8.0_92-b14), built on Mar 31 2016 21:03:04 by "java_re" with MS VC++ 10.0 (VS2010)

time: Mon May 08 12:01:58 2017
elapsed time: 1 seconds (0d 0h 0m 1s)

