#
# There is insufficient memory for the Java Runtime Environment to continue.
# Native memory allocation (malloc) failed to allocate 420736 bytes for Chunk::new
# Possible reasons:
#   The system is out of physical RAM or swap space
#   In 32 bit mode, the process size limit was hit
# Possible solutions:
#   Reduce memory load on the system
#   Increase physical memory or swap space
#   Check if swap backing store is full
#   Use 64 bit Java on a 64 bit OS
#   Decrease Java heap size (-Xmx/-Xms)
#   Decrease number of Java threads
#   Decrease Java thread stack sizes (-Xss)
#   Set larger code cache with -XX:ReservedCodeCacheSize=
# This output file may be truncated or incomplete.
#
#  Out of Memory Error (allocation.cpp:390), pid=1108, tid=0x0000000000000880
#
# JRE version: Java(TM) SE Runtime Environment (8.0_92-b14) (build 1.8.0_92-b14)
# Java VM: Java HotSpot(TM) 64-Bit Server VM (25.92-b14 mixed mode windows-amd64 compressed oops)
# Failed to write core dump. Minidumps are not enabled by default on client versions of Windows
#

---------------  T H R E A D  ---------------

Current thread (0x000000001459e000):  JavaThread "C2 CompilerThread0" daemon [_thread_in_native, id=2176, stack(0x0000000015bd0000,0x0000000015cd0000)]

Stack: [0x0000000015bd0000,0x0000000015cd0000]
[error occurred during error reporting (printing stack bounds), id 0xc0000005]

Native frames: (J=compiled Java code, j=interpreted, Vv=VM code, C=native code)


Current CompileTask:
C2:   3376 1141       4       com.android.dx.ssa.SCCP::simulatePhi (169 bytes)


---------------  P R O C E S S  ---------------

Java Threads: ( => current thread )
  0x0000000016027800 JavaThread "pool-2-thread-4" [_thread_blocked, id=656, stack(0x00000000168d0000,0x00000000169d0000)]
  0x0000000016026800 JavaThread "pool-2-thread-3" [_thread_in_vm, id=7212, stack(0x00000000167d0000,0x00000000168d0000)]
  0x0000000016026000 JavaThread "pool-2-thread-2" [_thread_blocked, id=1336, stack(0x00000000166d0000,0x00000000167d0000)]
  0x0000000016022800 JavaThread "pool-3-thread-1" [_thread_blocked, id=5504, stack(0x00000000165d0000,0x00000000166d0000)]
  0x0000000016088800 JavaThread "pool-2-thread-1" [_thread_blocked, id=5832, stack(0x00000000164d0000,0x00000000165d0000)]
  0x0000000015dd6800 JavaThread "Service Thread" daemon [_thread_blocked, id=3392, stack(0x00000000162d0000,0x00000000163d0000)]
  0x0000000015dd1000 JavaThread "C1 CompilerThread2" daemon [_thread_in_vm, id=7880, stack(0x00000000161d0000,0x00000000162d0000)]
  0x00000000145f7000 JavaThread "C2 CompilerThread1" daemon [_thread_blocked, id=6376, stack(0x0000000015cd0000,0x0000000015dd0000)]
=>0x000000001459e000 JavaThread "C2 CompilerThread0" daemon [_thread_in_native, id=2176, stack(0x0000000015bd0000,0x0000000015cd0000)]
  0x000000001459c000 JavaThread "Attach Listener" daemon [_thread_blocked, id=1512, stack(0x0000000015ad0000,0x0000000015bd0000)]
  0x000000001459a800 JavaThread "Signal Dispatcher" daemon [_thread_blocked, id=7484, stack(0x00000000159d0000,0x0000000015ad0000)]
  0x000000001458a800 JavaThread "Finalizer" daemon [_thread_blocked, id=6100, stack(0x00000000157f0000,0x00000000158f0000)]
  0x0000000001ec0800 JavaThread "Reference Handler" daemon [_thread_blocked, id=6948, stack(0x00000000156f0000,0x00000000157f0000)]
  0x0000000001dd2800 JavaThread "main" [_thread_blocked, id=6012, stack(0x0000000001c60000,0x0000000001d60000)]

Other Threads:
  0x0000000014568800 VMThread [stack: 0x00000000155f0000,0x00000000156f0000] [id=4620]
  0x0000000015dda800 WatcherThread [stack: 0x00000000163d0000,0x00000000164d0000] [id=4332]

VM state:not at safepoint (normal execution)

VM Mutex/Monitor currently owned by a thread: None

Heap:
 PSYoungGen      total 38400K, used 7437K [0x00000000eab00000, 0x00000000ef600000, 0x0000000100000000)
  eden space 33280K, 6% used [0x00000000eab00000,0x00000000ead44c70,0x00000000ecb80000)
  from space 5120K, 99% used [0x00000000ecb80000,0x00000000ed07eaa8,0x00000000ed080000)
  to   space 5120K, 0% used [0x00000000ef100000,0x00000000ef100000,0x00000000ef600000)
 ParOldGen       total 87552K, used 1585K [0x00000000c0000000, 0x00000000c5580000, 0x00000000eab00000)
  object space 87552K, 1% used [0x00000000c0000000,0x00000000c018c620,0x00000000c5580000)
 Metaspace       used 5925K, capacity 6834K, committed 7040K, reserved 1056768K
  class space    used 598K, capacity 618K, committed 640K, reserved 1048576K

Card table byte_map: [0x0000000011290000,0x00000000114a0000] byte_map_base: 0x0000000010c90000

Marking Bits: (ParMarkBitMap*) 0x00000000686b64f0
 Begin Bits: [0x0000000011a00000, 0x0000000012a00000)
 End Bits:   [0x0000000012a00000, 0x0000000013a00000)

Polling page: 0x0000000001c00000

CodeCache: size=245760Kb used=4515Kb max_used=4532Kb free=241244Kb
 bounds [0x0000000001ed0000, 0x0000000002350000, 0x0000000010ed0000]
 total_blobs=1397 nmethods=1128 adapters=182
 compilation: enabled

Compilation events (10 events):
Event: 3.267 Thread 0x000000001459e000 1136       4       com.android.dx.ssa.SsaMethod::deleteInsns (239 bytes)
Event: 3.279 Thread 0x000000001459e000 nmethod 1136 0x00000000023367d0 code [0x00000000023369a0, 0x00000000023375e8]
Event: 3.279 Thread 0x0000000015dd1000 1137       3       com.android.dx.ssa.SsaMethod$2::visitPhiInsn (6 bytes)
Event: 3.279 Thread 0x0000000015dd1000 nmethod 1137 0x0000000002315a50 code [0x0000000002315bc0, 0x0000000002315d48]
Event: 3.280 Thread 0x0000000015dd1000 1138       3       com.android.dx.ssa.SsaMethod::buildUseList (112 bytes)
Event: 3.280 Thread 0x0000000015dd1000 nmethod 1138 0x0000000002332810 code [0x0000000002332aa0, 0x0000000002333d98]
Event: 3.280 Thread 0x0000000015dd1000 1139       3       com.android.dx.ssa.SsaMethod$1::visitPhiInsn (17 bytes)
Event: 3.280 Thread 0x0000000015dd1000 nmethod 1139 0x0000000002315350 code [0x00000000023154c0, 0x00000000023158b0]
Event: 3.280 Thread 0x00000000145f7000 1140       4       com.android.dx.ssa.SCCP::simulateStmt (481 bytes)
Event: 3.343 Thread 0x000000001459e000 1141       4       com.android.dx.ssa.SCCP::simulatePhi (169 bytes)

GC Heap History (2 events):
Event: 2.380 GC heap before
{Heap before GC invocations=1 (full 0):
 PSYoungGen      total 38400K, used 33280K [0x00000000eab00000, 0x00000000ed580000, 0x0000000100000000)
  eden space 33280K, 100% used [0x00000000eab00000,0x00000000ecb80000,0x00000000ecb80000)
  from space 5120K, 0% used [0x00000000ed080000,0x00000000ed080000,0x00000000ed580000)
  to   space 5120K, 0% used [0x00000000ecb80000,0x00000000ecb80000,0x00000000ed080000)
 ParOldGen       total 87552K, used 0K [0x00000000c0000000, 0x00000000c5580000, 0x00000000eab00000)
  object space 87552K, 0% used [0x00000000c0000000,0x00000000c0000000,0x00000000c5580000)
 Metaspace       used 5894K, capacity 6834K, committed 7040K, reserved 1056768K
  class space    used 598K, capacity 618K, committed 640K, reserved 1048576K
Event: 3.186 GC heap after
Heap after GC invocations=1 (full 0):
 PSYoungGen      total 38400K, used 5114K [0x00000000eab00000, 0x00000000ef600000, 0x0000000100000000)
  eden space 33280K, 0% used [0x00000000eab00000,0x00000000eab00000,0x00000000ecb80000)
  from space 5120K, 99% used [0x00000000ecb80000,0x00000000ed07eaa8,0x00000000ed080000)
  to   space 5120K, 0% used [0x00000000ef100000,0x00000000ef100000,0x00000000ef600000)
 ParOldGen       total 87552K, used 1585K [0x00000000c0000000, 0x00000000c5580000, 0x00000000eab00000)
  object space 87552K, 1% used [0x00000000c0000000,0x00000000c018c620,0x00000000c5580000)
 Metaspace       used 5894K, capacity 6834K, committed 7040K, reserved 1056768K
  class space    used 598K, capacity 618K, committed 640K, reserved 1048576K
}

Deoptimization events (8 events):
Event: 1.704 Thread 0x0000000016027800 Uncommon trap: reason=unstable_if action=reinterpret pc=0x00000000020f5a88 method=java.util.HashMap.getNode(ILjava/lang/Object;)Ljava/util/HashMap$Node; @ 62
Event: 1.777 Thread 0x0000000016027800 Uncommon trap: reason=unstable_if action=reinterpret pc=0x00000000021572b4 method=java.util.BitSet.ensureCapacity(I)V @ 6
Event: 2.180 Thread 0x0000000016026000 Uncommon trap: reason=unstable_if action=reinterpret pc=0x000000000218dd5c method=com.android.dx.rop.cst.Constant.compareTo(Lcom/android/dx/rop/cst/Constant;)I @ 12
Event: 2.180 Thread 0x0000000016026000 Uncommon trap: reason=bimorphic action=maybe_recompile pc=0x00000000021595f8 method=java.util.HashMap.getNode(ILjava/lang/Object;)Ljava/util/HashMap$Node; @ 126
Event: 2.180 Thread 0x0000000016026000 Uncommon trap: reason=bimorphic action=maybe_recompile pc=0x00000000021595f8 method=java.util.HashMap.getNode(ILjava/lang/Object;)Ljava/util/HashMap$Node; @ 126
Event: 2.203 Thread 0x0000000016088800 Uncommon trap: reason=unstable_if action=reinterpret pc=0x00000000021ee500 method=com.android.dx.rop.code.RegisterSpec.equals(ILcom/android/dx/rop/type/TypeBearer;Lcom/android/dx/rop/code/LocalItem;)Z @ 42
Event: 2.217 Thread 0x0000000016088800 Uncommon trap: reason=unstable_if action=reinterpret pc=0x0000000002220504 method=com.android.dx.ssa.SsaRenamer$BlockRenamer.addMapping(ILcom/android/dx/rop/code/RegisterSpec;)V @ 120
Event: 2.230 Thread 0x0000000016088800 Uncommon trap: reason=null_check action=make_not_entrant pc=0x00000000021bfe24 method=com.android.dx.ssa.SsaRenamer.getLocalForNewReg(I)Lcom/android/dx/rop/code/LocalItem; @ 19

Internal exceptions (3 events):
Event: 0.079 Thread 0x0000000001dd2800 Exception <a 'java/lang/NoSuchMethodError': Method sun.misc.Unsafe.defineClass(Ljava/lang/String;[BII)Ljava/lang/Class; name or signature does not match> (0x00000000eab07cc0) thrown at [D:\re\workspace\8-2-build-windows-amd64-cygwin\jdk8u92\6642\hotspot\sr©µ(•Z´?
Event: 0.080 Thread 0x0000000001dd2800 Exception <a 'java/lang/NoSuchMethodError': Method sun.misc.Unsafe.prefetchRead(Ljava/lang/Object;J)V name or signature does not match> (0x00000000eab07fa8) thrown at [D:\re\workspace\8-2-build-windows-amd64-cygwin\jdk8u92\6642\hotspot\src\share\vm\prims\j§ºà¸™×@
Event: 2.230 Thread 0x0000000016088800 Implicit null exception at 0x00000000021bf216 to 0x00000000021bfded

Events (10 events):
Event: 2.305 Thread 0x0000000016026000 DEOPT PACKING pc=0x0000000002180582 sp=0x00000000167ce4c0
Event: 2.305 Thread 0x0000000016026000 DEOPT UNPACKING pc=0x0000000001f1787f sp=0x00000000167ce228 mode 0
Event: 2.312 Executing VM operation: ForceSafepoint
Event: 2.312 Executing VM operation: ForceSafepoint done
Event: 2.313 Thread 0x0000000001dd2800 DEOPT PACKING pc=0x0000000002287f7a sp=0x0000000001d5e0a0
Event: 2.313 Thread 0x0000000001dd2800 DEOPT UNPACKING pc=0x0000000001f1787f sp=0x0000000001d5de08 mode 0
Event: 2.330 Executing VM operation: ParallelGCFailedAllocation
Event: 3.186 Executing VM operation: ParallelGCFailedAllocation done
Event: 3.279 Thread 0x0000000016026800 DEOPT PACKING pc=0x00000000021607e5 sp=0x00000000168ced10
Event: 3.279 Thread 0x0000000016026800 DEOPT UNPACKING pc=0x0000000001f1787f sp=0x00000000168ceb00 mode 0


Dynamic libraries:
0x00007ff725170000 - 0x00007ff7251a7000 	C:\Program Files\Java\jdk1.8.0_92\bin\java.exe
0x00007ffef9f10000 - 0x00007ffefa0ba000 	C:\Windows\SYSTEM32\ntdll.dll
0x00007ffef9b80000 - 0x00007ffef9cba000 	C:\Windows\system32\KERNEL32.DLL
0x00007ffef74a0000 - 0x00007ffef75af000 	C:\Windows\system32\KERNELBASE.dll
0x00007ffef5eb0000 - 0x00007ffef5f38000 	C:\Windows\system32\apphelp.dll
0x00007ffed1e60000 - 0x00007ffed1eaf000 	C:\Windows\AppPatch\AppPatch64\AcGenral.DLL
0x00007ffef9cc0000 - 0x00007ffef9d67000 	C:\Windows\system32\msvcrt.dll
0x00007ffef70c0000 - 0x00007ffef70eb000 	C:\Windows\SYSTEM32\SspiCli.dll
0x00007ffef9320000 - 0x00007ffef9371000 	C:\Windows\system32\SHLWAPI.dll
0x00007ffef9380000 - 0x00007ffef94f1000 	C:\Windows\system32\USER32.dll
0x00007ffef7790000 - 0x00007ffef7908000 	C:\Windows\system32\ole32.dll
0x00007ffef7c70000 - 0x00007ffef9087000 	C:\Windows\system32\SHELL32.dll
0x00007ffef68f0000 - 0x00007ffef690e000 	C:\Windows\SYSTEM32\USERENV.dll
0x00007ffef9090000 - 0x00007ffef9135000 	C:\Windows\system32\ADVAPI32.dll
0x00007ffef22f0000 - 0x00007ffef230b000 	C:\Windows\SYSTEM32\MPR.dll
0x00007ffef79d0000 - 0x00007ffef7b06000 	C:\Windows\system32\RPCRT4.dll
0x00007ffef7c10000 - 0x00007ffef7c67000 	C:\Windows\SYSTEM32\sechost.dll
0x00007ffef9140000 - 0x00007ffef9316000 	C:\Windows\SYSTEM32\combase.dll
0x00007ffef9560000 - 0x00007ffef96a5000 	C:\Windows\system32\GDI32.dll
0x00007ffef7280000 - 0x00007ffef7294000 	C:\Windows\SYSTEM32\profapi.dll
0x00007ffef58e0000 - 0x00007ffef597f000 	C:\Windows\SYSTEM32\SHCORE.dll
0x00007ffef9b40000 - 0x00007ffef9b74000 	C:\Windows\system32\IMM32.DLL
0x00007ffef96b0000 - 0x00007ffef97e9000 	C:\Windows\system32\MSCTF.dll
0x00007ffef4fd0000 - 0x00007ffef522a000 	C:\Windows\WinSxS\amd64_microsoft.windows.common-controls_6595b64144ccf1df_6.0.9600.17031_none_6242a4b3ecbb55a1\COMCTL32.dll
0x0000000067850000 - 0x0000000067922000 	C:\Program Files\Java\jdk1.8.0_92\jre\bin\msvcr100.dll
0x0000000067ea0000 - 0x0000000068736000 	C:\Program Files\Java\jdk1.8.0_92\jre\bin\server\jvm.dll
0x00007ffef0d00000 - 0x00007ffef0d09000 	C:\Windows\SYSTEM32\WSOCK32.dll
0x00007ffeeedc0000 - 0x00007ffeeeddf000 	C:\Windows\SYSTEM32\WINMM.dll
0x00007ffef4f90000 - 0x00007ffef4f9a000 	C:\Windows\SYSTEM32\VERSION.dll
0x00007ffef7b10000 - 0x00007ffef7b17000 	C:\Windows\system32\PSAPI.DLL
0x00007ffef9500000 - 0x00007ffef9558000 	C:\Windows\system32\WS2_32.dll
0x00007ffee99a0000 - 0x00007ffee99ca000 	C:\Windows\SYSTEM32\WINMMBASE.dll
0x00007ffef9b30000 - 0x00007ffef9b39000 	C:\Windows\system32\NSI.dll
0x00007ffef7350000 - 0x00007ffef739a000 	C:\Windows\SYSTEM32\cfgmgr32.dll
0x00007ffef6100000 - 0x00007ffef6126000 	C:\Windows\SYSTEM32\DEVOBJ.dll
0x0000000069210000 - 0x000000006921f000 	C:\Program Files\Java\jdk1.8.0_92\jre\bin\verify.dll
0x00000000691e0000 - 0x0000000069209000 	C:\Program Files\Java\jdk1.8.0_92\jre\bin\java.dll
0x0000000069190000 - 0x00000000691a6000 	C:\Program Files\Java\jdk1.8.0_92\jre\bin\zip.dll

VM Arguments:
jvm_args: -Djava.awt.headless=true -Xmx1024M -Dfile.encoding=windows-1252 -Duser.country=US -Duser.language=en -Duser.variant 
java_command: com.android.dx.command.Main --dex --force-jumbo --num-threads=4 --multi-dex --output C:\Zooket\app\build\intermediates\transforms\dex\debug\folders\1000\10\okhttp-3.5.0_e91d8159a3d7db8ced802dc3bb030e67d837299d C:\Users\Smo\.gradle\caches\modules-2\files-2.1\com.squareup.okhttp3\okhttp\3.5.0\4b0bb6bfbecbdd42b97ff400af342bfe7f32bc83\okhttp-3.5.0.jar
java_class_path (initial): C:\android-sdk-windows\build-tools\24.0.3\lib\dx.jar
Launcher Type: SUN_STANDARD

Environment Variables:
PATH=C:\ProgramData\Oracle\Java\javapath;C:\Windows\system32;C:\Windows;C:\Windows\System32\Wbem;C:\Windows\System32\WindowsPowerShell\v1.0\;C:\Program Files (x86)\NVIDIA Corporation\PhysX\Common;C:\Program Files (x86)\Windows Kits\8.1\Windows Performance Toolkit\;C:\Program Files\Microsoft SQL Server\110\Tools\Binn\;C:\Program Files\Microsoft SQL Server\110\DTS\Binn\;C:\Program Files (x86)\Microsoft SQL Server\110\Tools\Binn\;C:\Program Files (x86)\Microsoft SQL Server\110\Tools\Binn\ManagementStudio\;C:\Program Files (x86)\Microsoft Visual Studio 10.0\Common7\IDE\PrivateAssemblies\;C:\Program Files (x86)\Microsoft SQL Server\110\DTS\Binn\;C:\Program Files (x86)\GtkSharp\2.12\bin;C:\Program Files (x86)\QuickTime\QTSystem\
USERNAME=Smo
OS=Windows_NT
PROCESSOR_IDENTIFIER=Intel64 Family 6 Model 94 Stepping 3, GenuineIntel



---------------  S Y S T E M  ---------------

OS: Windows 8.1 , 64 bit Build 9600 (6.3.9600.17056)

CPU:total 4 (4 cores per cpu, 1 threads per core) family 6 model 94 stepping 3, cmov, cx8, fxsr, mmx, sse, sse2, sse3, ssse3, sse4.1, sse4.2, popcnt, avx, avx2, aes, clmul, erms, 3dnowpref, lzcnt, tsc, tscinvbit, bmi1, bmi2, adx

Memory: 4k page, physical 8266404k(1925792k free), swap 8266404k(8080k free)

vm_info: Java HotSpot(TM) 64-Bit Server VM (25.92-b14) for windows-amd64 JRE (1.8.0_92-b14), built on Mar 31 2016 21:03:04 by "java_re" with MS VC++ 10.0 (VS2010)

time: Thu May 11 11:24:56 2017
elapsed time: 3 seconds (0d 0h 0m 3s)

