#
# There is insufficient memory for the Java Runtime Environment to continue.
# Native memory allocation (malloc) failed to allocate 1183856 bytes for Chunk::new
# Possible reasons:
#   The system is out of physical RAM or swap space
#   In 32 bit mode, the process size limit was hit
# Possible solutions:
#   Reduce memory load on the system
#   Increase physical memory or swap space
#   Check if swap backing store is full
#   Use 64 bit Java on a 64 bit OS
#   Decrease Java heap size (-Xmx/-Xms)
#   Decrease number of Java threads
#   Decrease Java thread stack sizes (-Xss)
#   Set larger code cache with -XX:ReservedCodeCacheSize=
# This output file may be truncated or incomplete.
#
#  Out of Memory Error (allocation.cpp:390), pid=7672, tid=0x00000000000020d4
#
# JRE version: Java(TM) SE Runtime Environment (8.0_92-b14) (build 1.8.0_92-b14)
# Java VM: Java HotSpot(TM) 64-Bit Server VM (25.92-b14 mixed mode windows-amd64 compressed oops)
# Failed to write core dump. Minidumps are not enabled by default on client versions of Windows
#

---------------  T H R E A D  ---------------

Current thread (0x000000001462e000):  JavaThread "C2 CompilerThread0" daemon [_thread_in_native, id=8404, stack(0x0000000015c60000,0x0000000015d60000)]

Stack: [0x0000000015c60000,0x0000000015d60000]
[error occurred during error reporting (printing stack bounds), id 0xc0000005]

Native frames: (J=compiled Java code, j=interpreted, Vv=VM code, C=native code)


Current CompileTask:
C2:   1576 1621       4       com.android.dx.ssa.LocalVariableExtractor::processBlock (383 bytes)


---------------  P R O C E S S  ---------------

Java Threads: ( => current thread )
  0x00000000161ce000 JavaThread "pool-1-thread-4" [_thread_blocked, id=3168, stack(0x0000000016960000,0x0000000016a60000)]
  0x00000000161cc000 JavaThread "pool-1-thread-3" [_thread_blocked, id=9604, stack(0x0000000016860000,0x0000000016960000)]
  0x00000000161c7800 JavaThread "pool-1-thread-2" [_thread_blocked, id=9584, stack(0x0000000016760000,0x0000000016860000)]
  0x000000001620f800 JavaThread "pool-2-thread-1" [_thread_blocked, id=2468, stack(0x0000000016660000,0x0000000016760000)]
  0x000000001620f000 JavaThread "pool-1-thread-1" [_thread_in_Java, id=4640, stack(0x0000000016560000,0x0000000016660000)]
  0x000000001468c800 JavaThread "Service Thread" daemon [_thread_blocked, id=6844, stack(0x0000000016360000,0x0000000016460000)]
  0x0000000014687800 JavaThread "C1 CompilerThread2" daemon [_thread_blocked, id=2632, stack(0x0000000015e60000,0x0000000015f60000)]
  0x0000000014631800 JavaThread "C2 CompilerThread1" daemon [_thread_in_native, id=7024, stack(0x0000000015d60000,0x0000000015e60000)]
=>0x000000001462e000 JavaThread "C2 CompilerThread0" daemon [_thread_in_native, id=8404, stack(0x0000000015c60000,0x0000000015d60000)]
  0x000000001462c000 JavaThread "Attach Listener" daemon [_thread_blocked, id=10180, stack(0x0000000015b60000,0x0000000015c60000)]
  0x000000001462b000 JavaThread "Signal Dispatcher" daemon [_thread_blocked, id=7992, stack(0x0000000015a60000,0x0000000015b60000)]
  0x000000001461a800 JavaThread "Finalizer" daemon [_thread_blocked, id=8832, stack(0x0000000015880000,0x0000000015980000)]
  0x0000000001f50800 JavaThread "Reference Handler" daemon [_thread_blocked, id=4140, stack(0x0000000015780000,0x0000000015880000)]
  0x0000000001e62800 JavaThread "main" [_thread_blocked, id=10080, stack(0x0000000001d60000,0x0000000001e60000)]

Other Threads:
  0x00000000145f8800 VMThread [stack: 0x0000000015680000,0x0000000015780000] [id=3248]
  0x0000000015f72000 WatcherThread [stack: 0x0000000016460000,0x0000000016560000] [id=2604]

VM state:not at safepoint (normal execution)

VM Mutex/Monitor currently owned by a thread: None

Heap:
 PSYoungGen      total 65536K, used 26983K [0x00000000eab00000, 0x00000000f3980000, 0x0000000100000000)
  eden space 60416K, 36% used [0x00000000eab00000,0x00000000ec05a438,0x00000000ee600000)
  from space 5120K, 99% used [0x00000000ee600000,0x00000000eeaff938,0x00000000eeb00000)
  to   space 15872K, 0% used [0x00000000f2a00000,0x00000000f2a00000,0x00000000f3980000)
 ParOldGen       total 46592K, used 20786K [0x00000000c0000000, 0x00000000c2d80000, 0x00000000eab00000)
  object space 46592K, 44% used [0x00000000c0000000,0x00000000c144cb18,0x00000000c2d80000)
 Metaspace       used 6382K, capacity 7192K, committed 7424K, reserved 1058816K
  class space    used 625K, capacity 656K, committed 768K, reserved 1048576K

Card table byte_map: [0x0000000011320000,0x0000000011530000] byte_map_base: 0x0000000010d20000

Marking Bits: (ParMarkBitMap*) 0x0000000060c564f0
 Begin Bits: [0x0000000011a90000, 0x0000000012a90000)
 End Bits:   [0x0000000012a90000, 0x0000000013a90000)

Polling page: 0x0000000000390000

CodeCache: size=245760Kb used=6665Kb max_used=6665Kb free=239094Kb
 bounds [0x0000000001f60000, 0x00000000025f0000, 0x0000000010f60000]
 total_blobs=1979 nmethods=1709 adapters=182
 compilation: enabled

Compilation events (10 events):
Event: 1.556 Thread 0x0000000014687800 1744       3       com.android.dx.ssa.DomFront::buildDomTree (72 bytes)
Event: 1.557 Thread 0x0000000014687800 nmethod 1744 0x00000000025e1710 code [0x00000000025e1960, 0x00000000025e2788]
Event: 1.557 Thread 0x0000000014631800 nmethod 1706 0x00000000025e0dd0 code [0x00000000025e0f40, 0x00000000025e1168]
Event: 1.557 Thread 0x0000000014631800 1582       4       com.android.dx.rop.type.Type::equals (31 bytes)
Event: 1.558 Thread 0x0000000014687800 1747       3       com.android.dx.ssa.DomFront::run (264 bytes)
Event: 1.558 Thread 0x0000000014631800 nmethod 1582 0x00000000025e0a10 code [0x00000000025e0b60, 0x00000000025e0cf8]
Event: 1.558 Thread 0x0000000014631800 1748       4       com.android.dx.ssa.SCCP::simulatePhi (169 bytes)
Event: 1.559 Thread 0x0000000014687800 nmethod 1747 0x00000000025e4a90 code [0x00000000025e5000, 0x00000000025e8648]
Event: 1.562 Thread 0x0000000014687800 1750       2       java.util.Vector::grow (57 bytes)
Event: 1.562 Thread 0x0000000014687800 nmethod 1750 0x00000000025e0450 code [0x00000000025e05c0, 0x00000000025e0858]

GC Heap History (10 events):
Event: 0.790 GC heap before
{Heap before GC invocations=2 (full 1):
 PSYoungGen      total 38400K, used 3456K [0x00000000eab00000, 0x00000000ed580000, 0x0000000100000000)
  eden space 33280K, 0% used [0x00000000eab00000,0x00000000eab00000,0x00000000ecb80000)
  from space 5120K, 67% used [0x00000000ecb80000,0x00000000ecee0368,0x00000000ed080000)
  to   space 5120K, 0% used [0x00000000ed080000,0x00000000ed080000,0x00000000ed580000)
 ParOldGen       total 87552K, used 0K [0x00000000c0000000, 0x00000000c5580000, 0x00000000eab00000)
  object space 87552K, 0% used [0x00000000c0000000,0x00000000c0000000,0x00000000c5580000)
 Metaspace       used 5531K, capacity 6450K, committed 6528K, reserved 1060864K
  class space    used 598K, capacity 618K, committed 640K, reserved 1048576K
Event: 0.799 GC heap after
Heap after GC invocations=2 (full 1):
 PSYoungGen      total 38400K, used 0K [0x00000000eab00000, 0x00000000ed580000, 0x0000000100000000)
  eden space 33280K, 0% used [0x00000000eab00000,0x00000000eab00000,0x00000000ecb80000)
  from space 5120K, 0% used [0x00000000ecb80000,0x00000000ecb80000,0x00000000ed080000)
  to   space 5120K, 0% used [0x00000000ed080000,0x00000000ed080000,0x00000000ed580000)
 ParOldGen       total 46592K, used 3261K [0x00000000c0000000, 0x00000000c2d80000, 0x00000000eab00000)
  object space 46592K, 7% used [0x00000000c0000000,0x00000000c032f7d8,0x00000000c2d80000)
 Metaspace       used 5531K, capacity 6450K, committed 6528K, reserved 1058816K
  class space    used 598K, capacity 618K, committed 640K, reserved 1048576K
}
Event: 1.057 GC heap before
{Heap before GC invocations=3 (full 1):
 PSYoungGen      total 38400K, used 33280K [0x00000000eab00000, 0x00000000ed580000, 0x0000000100000000)
  eden space 33280K, 100% used [0x00000000eab00000,0x00000000ecb80000,0x00000000ecb80000)
  from space 5120K, 0% used [0x00000000ecb80000,0x00000000ecb80000,0x00000000ed080000)
  to   space 5120K, 0% used [0x00000000ed080000,0x00000000ed080000,0x00000000ed580000)
 ParOldGen       total 46592K, used 3261K [0x00000000c0000000, 0x00000000c2d80000, 0x00000000eab00000)
  object space 46592K, 7% used [0x00000000c0000000,0x00000000c032f7d8,0x00000000c2d80000)
 Metaspace       used 6080K, capacity 6962K, committed 7040K, reserved 1058816K
  class space    used 601K, capacity 618K, committed 640K, reserved 1048576K
Event: 1.070 GC heap after
Heap after GC invocations=3 (full 1):
 PSYoungGen      total 38400K, used 5073K [0x00000000eab00000, 0x00000000eee80000, 0x0000000100000000)
  eden space 33280K, 0% used [0x00000000eab00000,0x00000000eab00000,0x00000000ecb80000)
  from space 5120K, 99% used [0x00000000ed080000,0x00000000ed574670,0x00000000ed580000)
  to   space 5120K, 0% used [0x00000000ecb80000,0x00000000ecb80000,0x00000000ed080000)
 ParOldGen       total 46592K, used 3269K [0x00000000c0000000, 0x00000000c2d80000, 0x00000000eab00000)
  object space 46592K, 7% used [0x00000000c0000000,0x00000000c03317d8,0x00000000c2d80000)
 Metaspace       used 6080K, capacity 6962K, committed 7040K, reserved 1058816K
  class space    used 601K, capacity 618K, committed 640K, reserved 1048576K
}
Event: 1.181 GC heap before
{Heap before GC invocations=4 (full 1):
 PSYoungGen      total 38400K, used 38353K [0x00000000eab00000, 0x00000000eee80000, 0x0000000100000000)
  eden space 33280K, 100% used [0x00000000eab00000,0x00000000ecb80000,0x00000000ecb80000)
  from space 5120K, 99% used [0x00000000ed080000,0x00000000ed574670,0x00000000ed580000)
  to   space 5120K, 0% used [0x00000000ecb80000,0x00000000ecb80000,0x00000000ed080000)
 ParOldGen       total 46592K, used 3269K [0x00000000c0000000, 0x00000000c2d80000, 0x00000000eab00000)
  object space 46592K, 7% used [0x00000000c0000000,0x00000000c03317d8,0x00000000c2d80000)
 Metaspace       used 6175K, capacity 7026K, committed 7296K, reserved 1058816K
  class space    used 604K, capacity 618K, committed 640K, reserved 1048576K
Event: 1.190 GC heap after
Heap after GC invocations=4 (full 1):
 PSYoungGen      total 38400K, used 5096K [0x00000000eab00000, 0x00000000ef000000, 0x0000000100000000)
  eden space 33280K, 0% used [0x00000000eab00000,0x00000000eab00000,0x00000000ecb80000)
  from space 5120K, 99% used [0x00000000ecb80000,0x00000000ed07a008,0x00000000ed080000)
  to   space 5120K, 0% used [0x00000000eeb00000,0x00000000eeb00000,0x00000000ef000000)
 ParOldGen       total 46592K, used 7752K [0x00000000c0000000, 0x00000000c2d80000, 0x00000000eab00000)
  object space 46592K, 16% used [0x00000000c0000000,0x00000000c0792000,0x00000000c2d80000)
 Metaspace       used 6175K, capacity 7026K, committed 7296K, reserved 1058816K
  class space    used 604K, capacity 618K, committed 640K, reserved 1048576K
}
Event: 1.308 GC heap before
{Heap before GC invocations=5 (full 1):
 PSYoungGen      total 38400K, used 38376K [0x00000000eab00000, 0x00000000ef000000, 0x0000000100000000)
  eden space 33280K, 100% used [0x00000000eab00000,0x00000000ecb80000,0x00000000ecb80000)
  from space 5120K, 99% used [0x00000000ecb80000,0x00000000ed07a008,0x00000000ed080000)
  to   space 5120K, 0% used [0x00000000eeb00000,0x00000000eeb00000,0x00000000ef000000)
 ParOldGen       total 46592K, used 7752K [0x00000000c0000000, 0x00000000c2d80000, 0x00000000eab00000)
  object space 46592K, 16% used [0x00000000c0000000,0x00000000c0792000,0x00000000c2d80000)
 Metaspace       used 6325K, capacity 7128K, committed 7424K, reserved 1058816K
  class space    used 625K, capacity 656K, committed 768K, reserved 1048576K
Event: 1.321 GC heap after
Heap after GC invocations=5 (full 1):
 PSYoungGen      total 65536K, used 5119K [0x00000000eab00000, 0x00000000ef100000, 0x0000000100000000)
  eden space 60416K, 0% used [0x00000000eab00000,0x00000000eab00000,0x00000000ee600000)
  from space 5120K, 99% used [0x00000000eeb00000,0x00000000eefffdf8,0x00000000ef000000)
  to   space 5120K, 0% used [0x00000000ee600000,0x00000000ee600000,0x00000000eeb00000)
 ParOldGen       total 46592K, used 11859K [0x00000000c0000000, 0x00000000c2d80000, 0x00000000eab00000)
  object space 46592K, 25% used [0x00000000c0000000,0x00000000c0b94cc0,0x00000000c2d80000)
 Metaspace       used 6325K, capacity 7128K, committed 7424K, reserved 1058816K
  class space    used 625K, capacity 656K, committed 768K, reserved 1048576K
}
Event: 1.493 GC heap before
{Heap before GC invocations=6 (full 1):
 PSYoungGen      total 65536K, used 65535K [0x00000000eab00000, 0x00000000ef100000, 0x0000000100000000)
  eden space 60416K, 100% used [0x00000000eab00000,0x00000000ee600000,0x00000000ee600000)
  from space 5120K, 99% used [0x00000000eeb00000,0x00000000eefffdf8,0x00000000ef000000)
  to   space 5120K, 0% used [0x00000000ee600000,0x00000000ee600000,0x00000000eeb00000)
 ParOldGen       total 46592K, used 11859K [0x00000000c0000000, 0x00000000c2d80000, 0x00000000eab00000)
  object space 46592K, 25% used [0x00000000c0000000,0x00000000c0b94cc0,0x00000000c2d80000)
 Metaspace       used 6381K, capacity 7192K, committed 7424K, reserved 1058816K
  class space    used 625K, capacity 656K, committed 768K, reserved 1048576K
Event: 1.528 GC heap after
Heap after GC invocations=6 (full 1):
 PSYoungGen      total 65536K, used 5118K [0x00000000eab00000, 0x00000000f3980000, 0x0000000100000000)
  eden space 60416K, 0% used [0x00000000eab00000,0x00000000eab00000,0x00000000ee600000)
  from space 5120K, 99% used [0x00000000ee600000,0x00000000eeaff938,0x00000000eeb00000)
  to   space 15872K, 0% used [0x00000000f2a00000,0x00000000f2a00000,0x00000000f3980000)
 ParOldGen       total 46592K, used 20786K [0x00000000c0000000, 0x00000000c2d80000, 0x00000000eab00000)
  object space 46592K, 44% used [0x00000000c0000000,0x00000000c144cb18,0x00000000c2d80000)
 Metaspace       used 6381K, capacity 7192K, committed 7424K, reserved 1058816K
  class space    used 625K, capacity 656K, committed 768K, reserved 1048576K
}

Deoptimization events (10 events):
Event: 0.961 Thread 0x00000000161cc000 Uncommon trap: reason=bimorphic action=maybe_recompile pc=0x0000000002176968 method=java.util.HashMap.getNode(ILjava/lang/Object;)Ljava/util/HashMap$Node; @ 126
Event: 0.979 Thread 0x00000000161cc000 Uncommon trap: reason=bimorphic action=maybe_recompile pc=0x00000000023bab5c method=java.util.HashMap.putVal(ILjava/lang/Object;Ljava/lang/Object;ZZ)Ljava/lang/Object; @ 203
Event: 0.979 Thread 0x00000000161cc000 Uncommon trap: reason=bimorphic action=maybe_recompile pc=0x00000000023bab5c method=java.util.HashMap.putVal(ILjava/lang/Object;Ljava/lang/Object;ZZ)Ljava/lang/Object; @ 203
Event: 1.108 Thread 0x00000000161ce000 Uncommon trap: reason=null_check action=make_not_entrant pc=0x0000000002290e3c method=com.android.dx.ssa.SsaRenamer.getLocalForNewReg(I)Lcom/android/dx/rop/code/LocalItem; @ 19
Event: 1.110 Thread 0x00000000161ce000 Uncommon trap: reason=unstable_if action=reinterpret pc=0x00000000024de938 method=com.android.dx.cf.code.BytecodeArray.parseInstruction(ILcom/android/dx/cf/code/BytecodeArray$Visitor;)I @ 1198
Event: 1.167 Thread 0x000000001620f000 Uncommon trap: reason=unstable_if action=reinterpret pc=0x0000000002369938 method=com.android.dx.cf.code.Ropper.labelToResultIndex(I)I @ 34
Event: 1.192 Thread 0x0000000001e62800 Uncommon trap: reason=unstable_if action=reinterpret pc=0x000000000237e03c method=com.android.dx.util.IntList.binarysearch(I)I @ 105
Event: 1.219 Thread 0x00000000161c7800 Uncommon trap: reason=unstable_if action=reinterpret pc=0x00000000022a18e4 method=java.util.HashMap.putVal(ILjava/lang/Object;Ljava/lang/Object;ZZ)Ljava/lang/Object; @ 162
Event: 1.227 Thread 0x0000000001e62800 Uncommon trap: reason=unstable_if action=reinterpret pc=0x00000000023bd158 method=java.util.HashMap.getNode(ILjava/lang/Object;)Ljava/util/HashMap$Node; @ 84
Event: 1.230 Thread 0x00000000161c7800 Uncommon trap: reason=unstable_if action=reinterpret pc=0x00000000023ba638 method=java.util.HashMap.putVal(ILjava/lang/Object;Ljava/lang/Object;ZZ)Ljava/lang/Object; @ 162

Internal exceptions (6 events):
Event: 0.044 Thread 0x0000000001e62800 Exception <a 'java/lang/NoSuchMethodError': Method sun.misc.Unsafe.defineClass(Ljava/lang/String;[BII)Ljava/lang/Class; name or signature does not match> (0x00000000eab07cc0) thrown at [D:\re\workspace\8-2-build-windows-amd64-cygwin\jdk8u92\6642\hotspot\sr.gQÄ\Ê¦?
Event: 0.045 Thread 0x0000000001e62800 Exception <a 'java/lang/NoSuchMethodError': Method sun.misc.Unsafe.prefetchRead(Ljava/lang/Object;J)V name or signature does not match> (0x00000000eab07fa8) thrown at [D:\re\workspace\8-2-build-windows-amd64-cygwin\jdk8u92\6642\hotspot\src\share\vm\prims\j–£‡XQ¼ñ?
Event: 1.108 Thread 0x00000000161ce000 Implicit null exception at 0x000000000228f535 to 0x0000000002290df5
Event: 1.220 Thread 0x00000000161c7800 Exception <a 'java/lang/ArrayIndexOutOfBoundsException': 18> (0x00000000eb72c180) thrown at [D:\re\workspace\8-2-build-windows-amd64-cygwin\jdk8u92\6642\hotspot\src\share\vm\interpreter\interpreterRuntime.cpp, line 366]
Event: 1.220 Thread 0x00000000161c7800 Exception <a 'java/lang/ArrayIndexOutOfBoundsException': 145> (0x00000000eb72dd00) thrown at [D:\re\workspace\8-2-build-windows-amd64-cygwin\jdk8u92\6642\hotspot\src\share\vm\interpreter\interpreterRuntime.cpp, line 366]
Event: 1.220 Thread 0x00000000161c7800 Exception <a 'java/lang/ArrayIndexOutOfBoundsException'> (0x00000000eb72efe8) thrown at [D:\re\workspace\8-2-build-windows-amd64-cygwin\jdk8u92\6642\hotspot\src\share\vm\runtime\sharedRuntime.cpp, line 605]

Events (10 events):
Event: 1.396 Thread 0x00000000161cc000 DEOPT PACKING pc=0x000000000252e359 sp=0x000000001695e710
Event: 1.396 Thread 0x00000000161cc000 DEOPT UNPACKING pc=0x0000000001fa787f sp=0x000000001695e408 mode 0
Event: 1.492 Executing VM operation: ParallelGCFailedAllocation
Event: 1.528 Executing VM operation: ParallelGCFailedAllocation done
Event: 1.555 Thread 0x00000000161ce000 DEOPT PACKING pc=0x0000000002524818 sp=0x0000000016a5ebb0
Event: 1.555 Thread 0x00000000161ce000 DEOPT UNPACKING pc=0x0000000001fa787f sp=0x0000000016a5e930 mode 0
Event: 1.556 Thread 0x00000000161ce000 DEOPT PACKING pc=0x00000000024b710d sp=0x0000000016a5eab0
Event: 1.556 Thread 0x00000000161ce000 DEOPT UNPACKING pc=0x0000000001fa787f sp=0x0000000016a5e878 mode 0
Event: 1.558 Thread 0x0000000001e62800 DEOPT PACKING pc=0x00000000024b902e sp=0x0000000001e5de40
Event: 1.558 Thread 0x0000000001e62800 DEOPT UNPACKING pc=0x0000000001fa787f sp=0x0000000001e5dc48 mode 0


Dynamic libraries:
0x00007ff7b9a90000 - 0x00007ff7b9ac7000 	C:\Program Files\Java\jdk1.8.0_92\bin\java.exe
0x00007ff8c1da0000 - 0x00007ff8c1f4a000 	C:\Windows\SYSTEM32\ntdll.dll
0x00007ff8c1530000 - 0x00007ff8c166a000 	C:\Windows\system32\KERNEL32.DLL
0x00007ff8bf4c0000 - 0x00007ff8bf5cf000 	C:\Windows\system32\KERNELBASE.dll
0x00007ff8bdd40000 - 0x00007ff8bddc8000 	C:\Windows\system32\apphelp.dll
0x00007ff894ca0000 - 0x00007ff894cef000 	C:\Windows\AppPatch\AppPatch64\AcGenral.DLL
0x00007ff8c1ce0000 - 0x00007ff8c1d87000 	C:\Windows\system32\msvcrt.dll
0x00007ff8bef50000 - 0x00007ff8bef7b000 	C:\Windows\SYSTEM32\SspiCli.dll
0x00007ff8bf7c0000 - 0x00007ff8bf811000 	C:\Windows\system32\SHLWAPI.dll
0x00007ff8c1680000 - 0x00007ff8c17f1000 	C:\Windows\system32\USER32.dll
0x00007ff8c1800000 - 0x00007ff8c1978000 	C:\Windows\system32\ole32.dll
0x00007ff8bfdc0000 - 0x00007ff8c11d7000 	C:\Windows\system32\SHELL32.dll
0x00007ff8be780000 - 0x00007ff8be79e000 	C:\Windows\SYSTEM32\USERENV.dll
0x00007ff8c1380000 - 0x00007ff8c1425000 	C:\Windows\system32\ADVAPI32.dll
0x00007ff8ba5f0000 - 0x00007ff8ba60b000 	C:\Windows\SYSTEM32\MPR.dll
0x00007ff8bf620000 - 0x00007ff8bf756000 	C:\Windows\system32\RPCRT4.dll
0x00007ff8bfa70000 - 0x00007ff8bfac7000 	C:\Windows\SYSTEM32\sechost.dll
0x00007ff8c1b00000 - 0x00007ff8c1cd6000 	C:\Windows\SYSTEM32\combase.dll
0x00007ff8bfc70000 - 0x00007ff8bfdb5000 	C:\Windows\system32\GDI32.dll
0x00007ff8bf110000 - 0x00007ff8bf124000 	C:\Windows\SYSTEM32\profapi.dll
0x00007ff8bd770000 - 0x00007ff8bd80f000 	C:\Windows\SYSTEM32\SHCORE.dll
0x00007ff8c1430000 - 0x00007ff8c1464000 	C:\Windows\system32\IMM32.DLL
0x00007ff8c11e0000 - 0x00007ff8c1319000 	C:\Windows\system32\MSCTF.dll
0x00007ff8bcef0000 - 0x00007ff8bd14a000 	C:\Windows\WinSxS\amd64_microsoft.windows.common-controls_6595b64144ccf1df_6.0.9600.17031_none_6242a4b3ecbb55a1\COMCTL32.dll
0x000000005fcc0000 - 0x000000005fd92000 	C:\Program Files\Java\jdk1.8.0_92\jre\bin\msvcr100.dll
0x0000000060440000 - 0x0000000060cd6000 	C:\Program Files\Java\jdk1.8.0_92\jre\bin\server\jvm.dll
0x00007ff8b8990000 - 0x00007ff8b8999000 	C:\Windows\SYSTEM32\WSOCK32.dll
0x00007ff8baf20000 - 0x00007ff8baf3f000 	C:\Windows\SYSTEM32\WINMM.dll
0x00007ff8bce20000 - 0x00007ff8bce2a000 	C:\Windows\SYSTEM32\VERSION.dll
0x00007ff8c1670000 - 0x00007ff8c1677000 	C:\Windows\system32\PSAPI.DLL
0x00007ff8c1320000 - 0x00007ff8c1378000 	C:\Windows\system32\WS2_32.dll
0x00007ff8ba790000 - 0x00007ff8ba7ba000 	C:\Windows\SYSTEM32\WINMMBASE.dll
0x00007ff8bf820000 - 0x00007ff8bf829000 	C:\Windows\system32\NSI.dll
0x00007ff8bf1e0000 - 0x00007ff8bf22a000 	C:\Windows\SYSTEM32\cfgmgr32.dll
0x00007ff8bdf90000 - 0x00007ff8bdfb6000 	C:\Windows\SYSTEM32\DEVOBJ.dll
0x0000000060f50000 - 0x0000000060f5f000 	C:\Program Files\Java\jdk1.8.0_92\jre\bin\verify.dll
0x0000000060410000 - 0x0000000060439000 	C:\Program Files\Java\jdk1.8.0_92\jre\bin\java.dll
0x00000000603f0000 - 0x0000000060406000 	C:\Program Files\Java\jdk1.8.0_92\jre\bin\zip.dll

VM Arguments:
jvm_args: -Djava.awt.headless=true -Xmx1024M -Dfile.encoding=windows-1252 -Duser.country=US -Duser.language=en -Duser.variant 
java_command: com.android.dx.command.Main --dex --force-jumbo --num-threads=4 --output C:\Zooket\app\build\intermediates\pre-dexed\debug\com.android.support-recyclerview-v7-23.4.0_6c2783278c301ed03eaed28e8f4efe9a1e4907ed.jar C:\Zooket\app\build\intermediates\exploded-aar\com.android.support\recyclerview-v7\23.4.0\jars\classes.jar
java_class_path (initial): C:\android-sdk-windows\build-tools\24.0.3\lib\dx.jar
Launcher Type: SUN_STANDARD

Environment Variables:
PATH=C:\ProgramData\Oracle\Java\javapath;C:\Windows\system32;C:\Windows;C:\Windows\System32\Wbem;C:\Windows\System32\WindowsPowerShell\v1.0\;C:\Program Files (x86)\NVIDIA Corporation\PhysX\Common;C:\Program Files (x86)\Windows Kits\8.1\Windows Performance Toolkit\;C:\Program Files\Microsoft SQL Server\110\Tools\Binn\;C:\Program Files\Microsoft SQL Server\110\DTS\Binn\;C:\Program Files (x86)\Microsoft SQL Server\110\Tools\Binn\;C:\Program Files (x86)\Microsoft SQL Server\110\Tools\Binn\ManagementStudio\;C:\Program Files (x86)\Microsoft Visual Studio 10.0\Common7\IDE\PrivateAssemblies\;C:\Program Files (x86)\Microsoft SQL Server\110\DTS\Binn\;C:\Program Files (x86)\GtkSharp\2.12\bin;C:\Program Files (x86)\QuickTime\QTSystem\
USERNAME=Smo
OS=Windows_NT
PROCESSOR_IDENTIFIER=Intel64 Family 6 Model 94 Stepping 3, GenuineIntel



---------------  S Y S T E M  ---------------

OS: Windows 8.1 , 64 bit Build 9600 (6.3.9600.17056)

CPU:total 4 (4 cores per cpu, 1 threads per core) family 6 model 94 stepping 3, cmov, cx8, fxsr, mmx, sse, sse2, sse3, ssse3, sse4.1, sse4.2, popcnt, avx, avx2, aes, clmul, erms, 3dnowpref, lzcnt, tsc, tscinvbit, bmi1, bmi2, adx

Memory: 4k page, physical 8266404k(1431380k free), swap 8266404k(5552k free)

vm_info: Java HotSpot(TM) 64-Bit Server VM (25.92-b14) for windows-amd64 JRE (1.8.0_92-b14), built on Mar 31 2016 21:03:04 by "java_re" with MS VC++ 10.0 (VS2010)

time: Tue May 09 14:57:17 2017
elapsed time: 1 seconds (0d 0h 0m 1s)

