#
# There is insufficient memory for the Java Runtime Environment to continue.
# Native memory allocation (malloc) failed to allocate 253936 bytes for Chunk::new
# Possible reasons:
#   The system is out of physical RAM or swap space
#   In 32 bit mode, the process size limit was hit
# Possible solutions:
#   Reduce memory load on the system
#   Increase physical memory or swap space
#   Check if swap backing store is full
#   Use 64 bit Java on a 64 bit OS
#   Decrease Java heap size (-Xmx/-Xms)
#   Decrease number of Java threads
#   Decrease Java thread stack sizes (-Xss)
#   Set larger code cache with -XX:ReservedCodeCacheSize=
# This output file may be truncated or incomplete.
#
#  Out of Memory Error (allocation.cpp:390), pid=7100, tid=0x0000000000001ff4
#
# JRE version: Java(TM) SE Runtime Environment (8.0_92-b14) (build 1.8.0_92-b14)
# Java VM: Java HotSpot(TM) 64-Bit Server VM (25.92-b14 mixed mode windows-amd64 compressed oops)
# Failed to write core dump. Minidumps are not enabled by default on client versions of Windows
#

---------------  T H R E A D  ---------------

Current thread (0x00000000150a0000):  JavaThread "C2 CompilerThread0" daemon [_thread_in_native, id=8180, stack(0x0000000016700000,0x0000000016800000)]

Stack: [0x0000000016700000,0x0000000016800000]
[error occurred during error reporting (printing stack bounds), id 0xc0000005]

Native frames: (J=compiled Java code, j=interpreted, Vv=VM code, C=native code)


Current CompileTask:
C2:   7403 2320       4       com.android.dx.cf.code.BasicBlocker::getBlockList (208 bytes)


---------------  P R O C E S S  ---------------

Java Threads: ( => current thread )
  0x0000000016b5d000 JavaThread "pool-1-thread-4" [_thread_blocked, id=3984, stack(0x0000000017400000,0x0000000017500000)]
  0x0000000016b58000 JavaThread "pool-1-thread-3" [_thread_blocked, id=5552, stack(0x0000000017300000,0x0000000017400000)]
  0x0000000016c0b000 JavaThread "pool-1-thread-2" [_thread_blocked, id=7256, stack(0x0000000017200000,0x0000000017300000)]
  0x0000000016b6b000 JavaThread "pool-2-thread-1" [_thread_blocked, id=8016, stack(0x0000000017100000,0x0000000017200000)]
  0x0000000016b72800 JavaThread "pool-1-thread-1" [_thread_blocked, id=32, stack(0x0000000017000000,0x0000000017100000)]
  0x00000000150fd800 JavaThread "Service Thread" daemon [_thread_blocked, id=2860, stack(0x0000000016e00000,0x0000000016f00000)]
  0x00000000150f8000 JavaThread "C1 CompilerThread2" daemon [_thread_blocked, id=8160, stack(0x0000000016d00000,0x0000000016e00000)]
  0x00000000150f0800 JavaThread "C2 CompilerThread1" daemon [_thread_in_native, id=3916, stack(0x0000000016800000,0x0000000016900000)]
=>0x00000000150a0000 JavaThread "C2 CompilerThread0" daemon [_thread_in_native, id=8180, stack(0x0000000016700000,0x0000000016800000)]
  0x000000001509e000 JavaThread "Attach Listener" daemon [_thread_blocked, id=1068, stack(0x0000000016600000,0x0000000016700000)]
  0x000000001509b000 JavaThread "Signal Dispatcher" daemon [_thread_blocked, id=7944, stack(0x0000000016500000,0x0000000016600000)]
  0x000000000299a800 JavaThread "Finalizer" daemon [_thread_blocked, id=2140, stack(0x00000000162f0000,0x00000000163f0000)]
  0x0000000015069000 JavaThread "Reference Handler" daemon [_thread_blocked, id=6348, stack(0x00000000161f0000,0x00000000162f0000)]
  0x00000000028a2800 JavaThread "main" [_thread_in_Java, id=5592, stack(0x0000000002780000,0x0000000002880000)]

Other Threads:
  0x0000000015067800 VMThread [stack: 0x00000000160f0000,0x00000000161f0000] [id=7900]
  0x0000000016922800 WatcherThread [stack: 0x0000000016f00000,0x0000000017000000] [id=2308]

VM state:not at safepoint (normal execution)

VM Mutex/Monitor currently owned by a thread: None

Heap:
 PSYoungGen      total 210944K, used 5818K [0x00000000eab00000, 0x0000000100000000, 0x0000000100000000)
  eden space 124928K, 4% used [0x00000000eab00000,0x00000000eb0ae8b8,0x00000000f2500000)
  from space 86016K, 0% used [0x00000000fac00000,0x00000000fac00000,0x0000000100000000)
  to   space 112128K, 0% used [0x00000000f2500000,0x00000000f2500000,0x00000000f9280000)
 ParOldGen       total 215552K, used 100585K [0x00000000c0000000, 0x00000000cd280000, 0x00000000eab00000)
  object space 215552K, 46% used [0x00000000c0000000,0x00000000c623a650,0x00000000cd280000)
 Metaspace       used 6523K, capacity 7256K, committed 7424K, reserved 1056768K
  class space    used 623K, capacity 656K, committed 768K, reserved 1048576K

Card table byte_map: [0x0000000011d70000,0x0000000011f80000] byte_map_base: 0x0000000011770000

Marking Bits: (ParMarkBitMap*) 0x0000000072dd64f0
 Begin Bits: [0x00000000124e0000, 0x00000000134e0000)
 End Bits:   [0x00000000134e0000, 0x00000000144e0000)

Polling page: 0x0000000001030000

CodeCache: size=245760Kb used=9871Kb max_used=9885Kb free=235888Kb
 bounds [0x00000000029b0000, 0x0000000003360000, 0x00000000119b0000]
 total_blobs=2456 nmethods=2185 adapters=181
 compilation: enabled

Compilation events (10 events):
Event: 6.786 Thread 0x00000000150f8000 2340 %     3       java.util.HashMap$HashIterator::nextNode @ 68 (100 bytes)
Event: 6.786 Thread 0x00000000150f8000 nmethod 2340% 0x0000000003356310 code [0x00000000033564c0, 0x00000000033569f8]
Event: 7.391 Thread 0x00000000150a0000 nmethod 2336 0x00000000033535d0 code [0x00000000033538c0, 0x00000000033540a0]
Event: 7.391 Thread 0x00000000150a0000 2275       4       com.android.dx.cf.code.ByteCatchList::listFor (120 bytes)
Event: 7.397 Thread 0x00000000150f8000 2342       2       com.android.dx.rop.type.Type::getClassName (94 bytes)
Event: 7.397 Thread 0x00000000150f8000 nmethod 2342 0x00000000033558d0 code [0x0000000003355aa0, 0x0000000003355fd8]
Event: 7.398 Thread 0x00000000150a0000 

Event: 7.398 Thread 0x00000000150a0000 2341       4       com.android.dx.rop.cst.CstKnownNull::equals (5 bytes)
Event: 7.398 Thread 0x00000000150a0000 

Event: 7.398 Thread 0x00000000150a0000 2320       4       com.android.dx.cf.code.BasicBlocker::getBlockList (208 bytes)

GC Heap History (10 events):
Event: 4.185 GC heap before
{Heap before GC invocations=8 (full 1):
 PSYoungGen      total 154112K, used 29154K [0x00000000eab00000, 0x0000000100000000, 0x0000000100000000)
  eden space 124928K, 0% used [0x00000000eab00000,0x00000000eab00000,0x00000000f2500000)
  from space 29184K, 99% used [0x00000000f2500000,0x00000000f4178898,0x00000000f4180000)
  to   space 75264K, 0% used [0x00000000fb680000,0x00000000fb680000,0x0000000100000000)
 ParOldGen       total 119808K, used 119312K [0x00000000c0000000, 0x00000000c7500000, 0x00000000eab00000)
  object space 119808K, 99% used [0x00000000c0000000,0x00000000c7484010,0x00000000c7500000)
 Metaspace       used 6449K, capacity 7192K, committed 7424K, reserved 1056768K
  class space    used 622K, capacity 656K, committed 768K, reserved 1048576K
Event: 4.666 GC heap after
Heap after GC invocations=8 (full 1):
 PSYoungGen      total 154112K, used 9869K [0x00000000eab00000, 0x0000000100000000, 0x0000000100000000)
  eden space 124928K, 0% used [0x00000000eab00000,0x00000000eab00000,0x00000000f2500000)
  from space 29184K, 33% used [0x00000000f2500000,0x00000000f2ea3500,0x00000000f4180000)
  to   space 75264K, 0% used [0x00000000fb680000,0x00000000fb680000,0x0000000100000000)
 ParOldGen       total 215552K, used 119623K [0x00000000c0000000, 0x00000000cd280000, 0x00000000eab00000)
  object space 215552K, 55% used [0x00000000c0000000,0x00000000c74d1d90,0x00000000cd280000)
 Metaspace       used 6449K, capacity 7192K, committed 7424K, reserved 1056768K
  class space    used 622K, capacity 656K, committed 768K, reserved 1048576K
}
Event: 4.738 GC heap before
{Heap before GC invocations=9 (full 1):
 PSYoungGen      total 154112K, used 134797K [0x00000000eab00000, 0x0000000100000000, 0x0000000100000000)
  eden space 124928K, 100% used [0x00000000eab00000,0x00000000f2500000,0x00000000f2500000)
  from space 29184K, 33% used [0x00000000f2500000,0x00000000f2ea3500,0x00000000f4180000)
  to   space 75264K, 0% used [0x00000000fb680000,0x00000000fb680000,0x0000000100000000)
 ParOldGen       total 215552K, used 119623K [0x00000000c0000000, 0x00000000cd280000, 0x00000000eab00000)
  object space 215552K, 55% used [0x00000000c0000000,0x00000000c74d1d90,0x00000000cd280000)
 Metaspace       used 6452K, capacity 7192K, committed 7424K, reserved 1056768K
  class space    used 622K, capacity 656K, committed 768K, reserved 1048576K
Event: 4.978 GC heap after
Heap after GC invocations=9 (full 1):
 PSYoungGen      total 252416K, used 64818K [0x00000000eab00000, 0x0000000100000000, 0x0000000100000000)
  eden space 177152K, 0% used [0x00000000eab00000,0x00000000eab00000,0x00000000f5800000)
  from space 75264K, 86% used [0x00000000fb680000,0x00000000ff5cca28,0x0000000100000000)
  to   space 86016K, 0% used [0x00000000f5800000,0x00000000f5800000,0x00000000fac00000)
 ParOldGen       total 215552K, used 119655K [0x00000000c0000000, 0x00000000cd280000, 0x00000000eab00000)
  object space 215552K, 55% used [0x00000000c0000000,0x00000000c74d9d90,0x00000000cd280000)
 Metaspace       used 6452K, capacity 7192K, committed 7424K, reserved 1056768K
  class space    used 622K, capacity 656K, committed 768K, reserved 1048576K
}
Event: 5.872 GC heap before
{Heap before GC invocations=10 (full 1):
 PSYoungGen      total 252416K, used 241970K [0x00000000eab00000, 0x0000000100000000, 0x0000000100000000)
  eden space 177152K, 100% used [0x00000000eab00000,0x00000000f5800000,0x00000000f5800000)
  from space 75264K, 86% used [0x00000000fb680000,0x00000000ff5cca28,0x0000000100000000)
  to   space 86016K, 0% used [0x00000000f5800000,0x00000000f5800000,0x00000000fac00000)
 ParOldGen       total 215552K, used 119655K [0x00000000c0000000, 0x00000000cd280000, 0x00000000eab00000)
  object space 215552K, 55% used [0x00000000c0000000,0x00000000c74d9d90,0x00000000cd280000)
 Metaspace       used 6508K, capacity 7256K, committed 7424K, reserved 1056768K
  class space    used 623K, capacity 656K, committed 768K, reserved 1048576K
Event: 6.027 GC heap after
Heap after GC invocations=10 (full 1):
 PSYoungGen      total 263168K, used 85650K [0x00000000eab00000, 0x0000000100000000, 0x0000000100000000)
  eden space 177152K, 0% used [0x00000000eab00000,0x00000000eab00000,0x00000000f5800000)
  from space 86016K, 99% used [0x00000000f5800000,0x00000000faba4af8,0x00000000fac00000)
  to   space 86016K, 0% used [0x00000000fac00000,0x00000000fac00000,0x0000000100000000)
 ParOldGen       total 215552K, used 123430K [0x00000000c0000000, 0x00000000cd280000, 0x00000000eab00000)
  object space 215552K, 57% used [0x00000000c0000000,0x00000000c7889840,0x00000000cd280000)
 Metaspace       used 6508K, capacity 7256K, committed 7424K, reserved 1056768K
  class space    used 623K, capacity 656K, committed 768K, reserved 1048576K
}
Event: 6.789 GC heap before
{Heap before GC invocations=11 (full 1):
 PSYoungGen      total 263168K, used 262802K [0x00000000eab00000, 0x0000000100000000, 0x0000000100000000)
  eden space 177152K, 100% used [0x00000000eab00000,0x00000000f5800000,0x00000000f5800000)
  from space 86016K, 99% used [0x00000000f5800000,0x00000000faba4af8,0x00000000fac00000)
  to   space 86016K, 0% used [0x00000000fac00000,0x00000000fac00000,0x0000000100000000)
 ParOldGen       total 215552K, used 123430K [0x00000000c0000000, 0x00000000cd280000, 0x00000000eab00000)
  object space 215552K, 57% used [0x00000000c0000000,0x00000000c7889840,0x00000000cd280000)
 Metaspace       used 6523K, capacity 7256K, committed 7424K, reserved 1056768K
  class space    used 623K, capacity 656K, committed 768K, reserved 1048576K
Event: 6.887 GC heap after
Heap after GC invocations=11 (full 1):
 PSYoungGen      total 210944K, used 82781K [0x00000000eab00000, 0x0000000100000000, 0x0000000100000000)
  eden space 124928K, 0% used [0x00000000eab00000,0x00000000eab00000,0x00000000f2500000)
  from space 86016K, 96% used [0x00000000fac00000,0x00000000ffcd7608,0x0000000100000000)
  to   space 112128K, 0% used [0x00000000f2500000,0x00000000f2500000,0x00000000f9280000)
 ParOldGen       total 215552K, used 183913K [0x00000000c0000000, 0x00000000cd280000, 0x00000000eab00000)
  object space 215552K, 85% used [0x00000000c0000000,0x00000000cb39a598,0x00000000cd280000)
 Metaspace       used 6523K, capacity 7256K, committed 7424K, reserved 1056768K
  class space    used 623K, capacity 656K, committed 768K, reserved 1048576K
}
Event: 6.887 GC heap before
{Heap before GC invocations=12 (full 2):
 PSYoungGen      total 210944K, used 82781K [0x00000000eab00000, 0x0000000100000000, 0x0000000100000000)
  eden space 124928K, 0% used [0x00000000eab00000,0x00000000eab00000,0x00000000f2500000)
  from space 86016K, 96% used [0x00000000fac00000,0x00000000ffcd7608,0x0000000100000000)
  to   space 112128K, 0% used [0x00000000f2500000,0x00000000f2500000,0x00000000f9280000)
 ParOldGen       total 215552K, used 183913K [0x00000000c0000000, 0x00000000cd280000, 0x00000000eab00000)
  object space 215552K, 85% used [0x00000000c0000000,0x00000000cb39a598,0x00000000cd280000)
 Metaspace       used 6523K, capacity 7256K, committed 7424K, reserved 1056768K
  class space    used 623K, capacity 656K, committed 768K, reserved 1048576K
Event: 7.390 GC heap after
Heap after GC invocations=12 (full 2):
 PSYoungGen      total 210944K, used 0K [0x00000000eab00000, 0x0000000100000000, 0x0000000100000000)
  eden space 124928K, 0% used [0x00000000eab00000,0x00000000eab00000,0x00000000f2500000)
  from space 86016K, 0% used [0x00000000fac00000,0x00000000fac00000,0x0000000100000000)
  to   space 112128K, 0% used [0x00000000f2500000,0x00000000f2500000,0x00000000f9280000)
 ParOldGen       total 215552K, used 100585K [0x00000000c0000000, 0x00000000cd280000, 0x00000000eab00000)
  object space 215552K, 46% used [0x00000000c0000000,0x00000000c623a650,0x00000000cd280000)
 Metaspace       used 6523K, capacity 7256K, committed 7424K, reserved 1056768K
  class space    used 623K, capacity 656K, committed 768K, reserved 1048576K
}

Deoptimization events (10 events):
Event: 5.458 Thread 0x0000000016c0b000 Uncommon trap: reason=class_check action=maybe_recompile pc=0x0000000002cd0d00 method=com.android.dx.ssa.back.InterferenceGraph.add(II)V @ 19
Event: 5.458 Thread 0x0000000016c0b000 Uncommon trap: reason=class_check action=maybe_recompile pc=0x0000000002fc7868 method=com.android.dx.ssa.back.InterferenceGraph.add(II)V @ 19
Event: 5.663 Thread 0x00000000028a2800 Uncommon trap: reason=speculate_class_check action=maybe_recompile pc=0x00000000030e09c4 method=com.android.dx.rop.cst.TypedConstant.getBasicType()I @ 1
Event: 5.721 Thread 0x0000000016b58000 Uncommon trap: reason=class_check action=maybe_recompile pc=0x00000000031bcf54 method=com.android.dx.ssa.back.InterferenceGraph.mergeInterferenceSet(ILcom/android/dx/util/IntSet;)V @ 20
Event: 5.722 Thread 0x0000000016b58000 Uncommon trap: reason=class_check action=maybe_recompile pc=0x00000000031bcf54 method=com.android.dx.ssa.back.InterferenceGraph.mergeInterferenceSet(ILcom/android/dx/util/IntSet;)V @ 20
Event: 5.722 Thread 0x0000000016b58000 Uncommon trap: reason=class_check action=maybe_recompile pc=0x00000000031bcf54 method=com.android.dx.ssa.back.InterferenceGraph.mergeInterferenceSet(ILcom/android/dx/util/IntSet;)V @ 20
Event: 5.726 Thread 0x0000000016b58000 Uncommon trap: reason=class_check action=maybe_recompile pc=0x00000000031bcf54 method=com.android.dx.ssa.back.InterferenceGraph.mergeInterferenceSet(ILcom/android/dx/util/IntSet;)V @ 20
Event: 6.483 Thread 0x00000000028a2800 Uncommon trap: reason=unstable_if action=reinterpret pc=0x00000000030e91cc method=com.android.dx.ssa.back.IdenticalBlockCombiner.replaceSucc(Lcom/android/dx/rop/code/BasicBlock;II)V @ 30
Event: 6.579 Thread 0x00000000028a2800 Uncommon trap: reason=unstable_if action=reinterpret pc=0x0000000002fd8954 method=com.android.dx.ssa.MoveParamCombiner$1.visitNonMoveInsn(Lcom/android/dx/ssa/NormalSsaInsn;)V @ 27
Event: 6.580 Thread 0x00000000028a2800 Uncommon trap: reason=unstable_if action=reinterpret pc=0x000000000314a228 method=com.android.dx.cf.code.Ropper.isSynchronized()Z @ 12

Internal exceptions (7 events):
Event: 0.035 Thread 0x00000000028a2800 Exception <a 'java/lang/NoSuchMethodError': Method sun.misc.Unsafe.defineClass(Ljava/lang/String;[BII)Ljava/lang/Class; name or signature does not match> (0x00000000eab07cc0) thrown at [D:\re\workspace\8-2-build-windows-amd64-cygwin\jdk8u92\6642\hotspot\srã§0*$¢?
Event: 0.035 Thread 0x00000000028a2800 Exception <a 'java/lang/NoSuchMethodError': Method sun.misc.Unsafe.prefetchRead(Ljava/lang/Object;J)V name or signature does not match> (0x00000000eab07fa8) thrown at [D:\re\workspace\8-2-build-windows-amd64-cygwin\jdk8u92\6642\hotspot\src\share\vm\prims\j(@JM~ë?
Event: 0.859 Thread 0x0000000016c0b000 Implicit null exception at 0x0000000002c63822 to 0x0000000002c6391a
Event: 2.678 Thread 0x0000000016c0b000 Exception <a 'java/lang/ArrayIndexOutOfBoundsException': 18> (0x00000000ebea26c0) thrown at [D:\re\workspace\8-2-build-windows-amd64-cygwin\jdk8u92\6642\hotspot\src\share\vm\interpreter\interpreterRuntime.cpp, line 366]
Event: 2.678 Thread 0x0000000016c0b000 Exception <a 'java/lang/ArrayIndexOutOfBoundsException'> (0x00000000ebea4240) thrown at [D:\re\workspace\8-2-build-windows-amd64-cygwin\jdk8u92\6642\hotspot\src\share\vm\runtime\sharedRuntime.cpp, line 605]
Event: 2.679 Thread 0x0000000016c0b000 Exception <a 'java/lang/ArrayIndexOutOfBoundsException'> (0x00000000ebea5528) thrown at [D:\re\workspace\8-2-build-windows-amd64-cygwin\jdk8u92\6642\hotspot\src\share\vm\runtime\sharedRuntime.cpp, line 605]
Event: 3.721 Thread 0x00000000028a2800 Implicit null exception at 0x0000000002f60aec to 0x0000000002f60b0e

Events (10 events):
Event: 6.597 Thread 0x00000000028a2800 DEOPT PACKING pc=0x0000000002e8f179 sp=0x000000000287e6d0
Event: 6.597 Thread 0x00000000028a2800 DEOPT UNPACKING pc=0x00000000029f787f sp=0x000000000287e460 mode 0
Event: 6.681 Thread 0x00000000028a2800 DEOPT PACKING pc=0x00000000030795cd sp=0x000000000287e6c0
Event: 6.681 Thread 0x00000000028a2800 DEOPT UNPACKING pc=0x00000000029f787f sp=0x000000000287e420 mode 0
Event: 6.689 Thread 0x00000000028a2800 DEOPT PACKING pc=0x0000000002e5d126 sp=0x000000000287e6b0
Event: 6.689 Thread 0x00000000028a2800 DEOPT UNPACKING pc=0x00000000029f787f sp=0x000000000287e470 mode 0
Event: 6.787 Executing VM operation: ParallelGCFailedAllocation
Event: 7.390 Executing VM operation: ParallelGCFailedAllocation done
Event: 7.395 Thread 0x00000000028a2800 DEOPT PACKING pc=0x0000000002e1479b sp=0x000000000287e620
Event: 7.395 Thread 0x00000000028a2800 DEOPT UNPACKING pc=0x00000000029f787f sp=0x000000000287e3b0 mode 0


Dynamic libraries:
0x00007ff643cc0000 - 0x00007ff643cf7000 	C:\Program Files\Java\jdk1.8.0_92\bin\java.exe
0x00007fff95070000 - 0x00007fff9521a000 	C:\Windows\SYSTEM32\ntdll.dll
0x00007fff92d30000 - 0x00007fff92e6a000 	C:\Windows\system32\KERNEL32.DLL
0x00007fff92560000 - 0x00007fff9266f000 	C:\Windows\system32\KERNELBASE.dll
0x00007fff91010000 - 0x00007fff91098000 	C:\Windows\system32\apphelp.dll
0x00007fff72830000 - 0x00007fff7287f000 	C:\Windows\AppPatch\AppPatch64\AcGenral.DLL
0x00007fff92e70000 - 0x00007fff92f17000 	C:\Windows\system32\msvcrt.dll
0x00007fff92220000 - 0x00007fff9224b000 	C:\Windows\SYSTEM32\SspiCli.dll
0x00007fff931f0000 - 0x00007fff93241000 	C:\Windows\system32\SHLWAPI.dll
0x00007fff92a40000 - 0x00007fff92bb1000 	C:\Windows\system32\USER32.dll
0x00007fff93740000 - 0x00007fff938b8000 	C:\Windows\system32\ole32.dll
0x00007fff93a70000 - 0x00007fff94e87000 	C:\Windows\system32\SHELL32.dll
0x00007fff91a50000 - 0x00007fff91a6e000 	C:\Windows\SYSTEM32\USERENV.dll
0x00007fff93120000 - 0x00007fff931c5000 	C:\Windows\system32\ADVAPI32.dll
0x00007fff8d830000 - 0x00007fff8d84b000 	C:\Windows\SYSTEM32\MPR.dll
0x00007fff93250000 - 0x00007fff93386000 	C:\Windows\system32\RPCRT4.dll
0x00007fff930c0000 - 0x00007fff93117000 	C:\Windows\SYSTEM32\sechost.dll
0x00007fff93390000 - 0x00007fff93566000 	C:\Windows\SYSTEM32\combase.dll
0x00007fff938c0000 - 0x00007fff93a05000 	C:\Windows\system32\GDI32.dll
0x00007fff923e0000 - 0x00007fff923f4000 	C:\Windows\SYSTEM32\profapi.dll
0x00007fff90850000 - 0x00007fff908ef000 	C:\Windows\SYSTEM32\SHCORE.dll
0x00007fff929a0000 - 0x00007fff929d4000 	C:\Windows\system32\IMM32.DLL
0x00007fff92bc0000 - 0x00007fff92cf9000 	C:\Windows\system32\MSCTF.dll
0x00007fff900b0000 - 0x00007fff9030a000 	C:\Windows\WinSxS\amd64_microsoft.windows.common-controls_6595b64144ccf1df_6.0.9600.17031_none_6242a4b3ecbb55a1\COMCTL32.dll
0x00000000721c0000 - 0x0000000072292000 	C:\Program Files\Java\jdk1.8.0_92\jre\bin\msvcr100.dll
0x00000000725c0000 - 0x0000000072e56000 	C:\Program Files\Java\jdk1.8.0_92\jre\bin\server\jvm.dll
0x00007fff8be90000 - 0x00007fff8be99000 	C:\Windows\SYSTEM32\WSOCK32.dll
0x00007fff89000000 - 0x00007fff8901f000 	C:\Windows\SYSTEM32\WINMM.dll
0x00007fff8fff0000 - 0x00007fff8fffa000 	C:\Windows\SYSTEM32\VERSION.dll
0x00007fff92d00000 - 0x00007fff92d07000 	C:\Windows\system32\PSAPI.DLL
0x00007fff936e0000 - 0x00007fff93738000 	C:\Windows\system32\WS2_32.dll
0x00007fff86ca0000 - 0x00007fff86cca000 	C:\Windows\SYSTEM32\WINMMBASE.dll
0x00007fff931d0000 - 0x00007fff931d9000 	C:\Windows\system32\NSI.dll
0x00007fff92670000 - 0x00007fff926ba000 	C:\Windows\SYSTEM32\cfgmgr32.dll
0x00007fff91270000 - 0x00007fff91296000 	C:\Windows\SYSTEM32\DEVOBJ.dll
0x0000000073150000 - 0x000000007315f000 	C:\Program Files\Java\jdk1.8.0_92\jre\bin\verify.dll
0x0000000073120000 - 0x0000000073149000 	C:\Program Files\Java\jdk1.8.0_92\jre\bin\java.dll
0x0000000073100000 - 0x0000000073116000 	C:\Program Files\Java\jdk1.8.0_92\jre\bin\zip.dll

VM Arguments:
jvm_args: -Djava.awt.headless=true -Xmx1024M -Dfile.encoding=windows-1252 -Duser.country=US -Duser.language=en -Duser.variant 
java_command: com.android.dx.command.Main --dex --force-jumbo --num-threads=4 --output C:\Zooket\app\build\intermediates\pre-dexed\debug\com.google.android.gms-play-services-ads-9.0.1_a213d0cf920b8fe9c76e548f5c02fedff6d4ca15.jar C:\Zooket\app\build\intermediates\exploded-aar\com.google.android.gms\play-services-ads\9.0.1\jars\classes.jar
java_class_path (initial): C:\android-sdk-windows\build-tools\24.0.3\lib\dx.jar
Launcher Type: SUN_STANDARD

Environment Variables:
PATH=C:\ProgramData\Oracle\Java\javapath;C:\Windows\system32;C:\Windows;C:\Windows\System32\Wbem;C:\Windows\System32\WindowsPowerShell\v1.0\;C:\Program Files (x86)\NVIDIA Corporation\PhysX\Common;C:\Program Files (x86)\Windows Kits\8.1\Windows Performance Toolkit\;C:\Program Files\Microsoft SQL Server\110\Tools\Binn\;C:\Program Files\Microsoft SQL Server\110\DTS\Binn\;C:\Program Files (x86)\Microsoft SQL Server\110\Tools\Binn\;C:\Program Files (x86)\Microsoft SQL Server\110\Tools\Binn\ManagementStudio\;C:\Program Files (x86)\Microsoft Visual Studio 10.0\Common7\IDE\PrivateAssemblies\;C:\Program Files (x86)\Microsoft SQL Server\110\DTS\Binn\;C:\Program Files (x86)\GtkSharp\2.12\bin;C:\Program Files (x86)\QuickTime\QTSystem\
USERNAME=Smo
OS=Windows_NT
PROCESSOR_IDENTIFIER=Intel64 Family 6 Model 94 Stepping 3, GenuineIntel



---------------  S Y S T E M  ---------------

OS: Windows 8.1 , 64 bit Build 9600 (6.3.9600.17056)

CPU:total 4 (4 cores per cpu, 1 threads per core) family 6 model 94 stepping 3, cmov, cx8, fxsr, mmx, sse, sse2, sse3, ssse3, sse4.1, sse4.2, popcnt, avx, avx2, aes, clmul, erms, 3dnowpref, lzcnt, tsc, tscinvbit, bmi1, bmi2, adx

Memory: 4k page, physical 8266404k(1413460k free), swap 8266404k(5100k free)

vm_info: Java HotSpot(TM) 64-Bit Server VM (25.92-b14) for windows-amd64 JRE (1.8.0_92-b14), built on Mar 31 2016 21:03:04 by "java_re" with MS VC++ 10.0 (VS2010)

time: Tue May 23 12:42:02 2017
elapsed time: 7 seconds (0d 0h 0m 7s)

