#
# There is insufficient memory for the Java Runtime Environment to continue.
# Native memory allocation (malloc) failed to allocate 1038976 bytes for Chunk::new
# Possible reasons:
#   The system is out of physical RAM or swap space
#   In 32 bit mode, the process size limit was hit
# Possible solutions:
#   Reduce memory load on the system
#   Increase physical memory or swap space
#   Check if swap backing store is full
#   Use 64 bit Java on a 64 bit OS
#   Decrease Java heap size (-Xmx/-Xms)
#   Decrease number of Java threads
#   Decrease Java thread stack sizes (-Xss)
#   Set larger code cache with -XX:ReservedCodeCacheSize=
# This output file may be truncated or incomplete.
#
#  Out of Memory Error (allocation.cpp:390), pid=6480, tid=0x0000000000002360
#
# JRE version: Java(TM) SE Runtime Environment (8.0_92-b14) (build 1.8.0_92-b14)
# Java VM: Java HotSpot(TM) 64-Bit Server VM (25.92-b14 mixed mode windows-amd64 compressed oops)
# Failed to write core dump. Minidumps are not enabled by default on client versions of Windows
#

---------------  T H R E A D  ---------------

Current thread (0x0000000014901000):  JavaThread "C2 CompilerThread1" daemon [_thread_in_native, id=9056, stack(0x0000000016040000,0x0000000016140000)]

Stack: [0x0000000016040000,0x0000000016140000]
[error occurred during error reporting (printing stack bounds), id 0xc0000005]

Native frames: (J=compiled Java code, j=interpreted, Vv=VM code, C=native code)


Current CompileTask:
C2:   5213 2193       4       com.android.dx.dex.code.DalvCode::finishProcessingIfNecessary (69 bytes)


---------------  P R O C E S S  ---------------

Java Threads: ( => current thread )
  0x000000001495b800 JavaThread "Service Thread" daemon [_thread_blocked, id=8564, stack(0x0000000016640000,0x0000000016740000)]
  0x0000000014957800 JavaThread "C1 CompilerThread2" daemon [_thread_blocked, id=5540, stack(0x0000000016540000,0x0000000016640000)]
=>0x0000000014901000 JavaThread "C2 CompilerThread1" daemon [_thread_in_native, id=9056, stack(0x0000000016040000,0x0000000016140000)]
  0x00000000148fe000 JavaThread "C2 CompilerThread0" daemon [_thread_blocked, id=8848, stack(0x0000000015f40000,0x0000000016040000)]
  0x00000000148fc000 JavaThread "Attach Listener" daemon [_thread_blocked, id=352, stack(0x0000000015e40000,0x0000000015f40000)]
  0x00000000148fb000 JavaThread "Signal Dispatcher" daemon [_thread_blocked, id=4256, stack(0x0000000015d40000,0x0000000015e40000)]
  0x00000000148ea800 JavaThread "Finalizer" daemon [_thread_blocked, id=6720, stack(0x0000000015b60000,0x0000000015c60000)]
  0x0000000002220800 JavaThread "Reference Handler" daemon [_thread_blocked, id=8604, stack(0x0000000015a60000,0x0000000015b60000)]
  0x0000000002132800 JavaThread "main" [_thread_in_vm, id=8544, stack(0x0000000001f40000,0x0000000002040000)]

Other Threads:
  0x00000000148c8800 VMThread [stack: 0x0000000015960000,0x0000000015a60000] [id=9032]
  0x000000001495e800 WatcherThread [stack: 0x0000000016740000,0x0000000016840000] [id=8576]

VM state:not at safepoint (normal execution)

VM Mutex/Monitor currently owned by a thread: None

Heap:
 PSYoungGen      total 71680K, used 67932K [0x00000000eab00000, 0x00000000ef600000, 0x0000000100000000)
  eden space 66560K, 94% used [0x00000000eab00000,0x00000000ee858758,0x00000000eec00000)
  from space 5120K, 99% used [0x00000000ef100000,0x00000000ef5feaa8,0x00000000ef600000)
  to   space 5120K, 0% used [0x00000000eec00000,0x00000000eec00000,0x00000000ef100000)
 ParOldGen       total 87552K, used 4985K [0x00000000c0000000, 0x00000000c5580000, 0x00000000eab00000)
  object space 87552K, 5% used [0x00000000c0000000,0x00000000c04de658,0x00000000c5580000)
 Metaspace       used 7209K, capacity 7736K, committed 7936K, reserved 1056768K
  class space    used 676K, capacity 688K, committed 768K, reserved 1048576K

Card table byte_map: [0x00000000115f0000,0x0000000011800000] byte_map_base: 0x0000000010ff0000

Marking Bits: (ParMarkBitMap*) 0x00000000715b64f0
 Begin Bits: [0x0000000011d60000, 0x0000000012d60000)
 End Bits:   [0x0000000012d60000, 0x0000000013d60000)

Polling page: 0x0000000000740000

CodeCache: size=245760Kb used=9165Kb max_used=9177Kb free=236594Kb
 bounds [0x0000000002230000, 0x0000000002b40000, 0x0000000011230000]
 total_blobs=2582 nmethods=2304 adapters=190
 compilation: enabled

Compilation events (10 events):
Event: 5.185 Thread 0x00000000148fe000 2270       4       com.android.dx.dex.code.FixedSizeInsn::writeTo (13 bytes)
Event: 5.185 Thread 0x00000000148fe000 nmethod 2270 0x0000000002b17e50 code [0x0000000002b17fa0, 0x0000000002b18038]
Event: 5.185 Thread 0x00000000148fe000 2271       4       com.android.dx.dex.code.InsnFormat::opcodeUnit (54 bytes)
Event: 5.186 Thread 0x00000000148fe000 nmethod 2271 0x0000000002b12d90 code [0x0000000002b12ec0, 0x0000000002b12f78]
Event: 5.186 Thread 0x00000000148fe000 2305       4       java.lang.CharacterData::of (120 bytes)
Event: 5.186 Thread 0x00000000148fe000 nmethod 2305 0x0000000002b28cd0 code [0x0000000002b28e00, 0x0000000002b28e78]
Event: 5.186 Thread 0x00000000148fe000 2308       4       java.lang.Integer::reverseBytes (26 bytes)
Event: 5.186 Thread 0x00000000148fe000 nmethod 2308 0x0000000002b28150 code [0x0000000002b28280, 0x0000000002b282f8]
Event: 5.186 Thread 0x00000000148fe000 2311 %     4       sun.security.provider.SHA::implCompress @ 203 (491 bytes)
Event: 5.194 Thread 0x00000000148fe000 nmethod 2311% 0x0000000002b29c50 code [0x0000000002b29da0, 0x0000000002b2a4f8]

GC Heap History (4 events):
Event: 3.028 GC heap before
{Heap before GC invocations=1 (full 0):
 PSYoungGen      total 38400K, used 33280K [0x00000000eab00000, 0x00000000ed580000, 0x0000000100000000)
  eden space 33280K, 100% used [0x00000000eab00000,0x00000000ecb80000,0x00000000ecb80000)
  from space 5120K, 0% used [0x00000000ed080000,0x00000000ed080000,0x00000000ed580000)
  to   space 5120K, 0% used [0x00000000ecb80000,0x00000000ecb80000,0x00000000ed080000)
 ParOldGen       total 87552K, used 0K [0x00000000c0000000, 0x00000000c5580000, 0x00000000eab00000)
  object space 87552K, 0% used [0x00000000c0000000,0x00000000c0000000,0x00000000c5580000)
 Metaspace       used 6009K, capacity 6898K, committed 7040K, reserved 1056768K
  class space    used 597K, capacity 618K, committed 640K, reserved 1048576K
Event: 3.334 GC heap after
Heap after GC invocations=1 (full 0):
 PSYoungGen      total 38400K, used 5092K [0x00000000eab00000, 0x00000000ef600000, 0x0000000100000000)
  eden space 33280K, 0% used [0x00000000eab00000,0x00000000eab00000,0x00000000ecb80000)
  from space 5120K, 99% used [0x00000000ecb80000,0x00000000ed0792a0,0x00000000ed080000)
  to   space 5120K, 0% used [0x00000000ef100000,0x00000000ef100000,0x00000000ef600000)
 ParOldGen       total 87552K, used 1082K [0x00000000c0000000, 0x00000000c5580000, 0x00000000eab00000)
  object space 87552K, 1% used [0x00000000c0000000,0x00000000c010e860,0x00000000c5580000)
 Metaspace       used 6009K, capacity 6898K, committed 7040K, reserved 1056768K
  class space    used 597K, capacity 618K, committed 640K, reserved 1048576K
}
Event: 3.908 GC heap before
{Heap before GC invocations=2 (full 0):
 PSYoungGen      total 38400K, used 38372K [0x00000000eab00000, 0x00000000ef600000, 0x0000000100000000)
  eden space 33280K, 100% used [0x00000000eab00000,0x00000000ecb80000,0x00000000ecb80000)
  from space 5120K, 99% used [0x00000000ecb80000,0x00000000ed0792a0,0x00000000ed080000)
  to   space 5120K, 0% used [0x00000000ef100000,0x00000000ef100000,0x00000000ef600000)
 ParOldGen       total 87552K, used 1082K [0x00000000c0000000, 0x00000000c5580000, 0x00000000eab00000)
  object space 87552K, 1% used [0x00000000c0000000,0x00000000c010e860,0x00000000c5580000)
 Metaspace       used 6247K, capacity 7090K, committed 7296K, reserved 1056768K
  class space    used 603K, capacity 618K, committed 640K, reserved 1048576K
Event: 4.009 GC heap after
Heap after GC invocations=2 (full 0):
 PSYoungGen      total 71680K, used 5114K [0x00000000eab00000, 0x00000000ef600000, 0x0000000100000000)
  eden space 66560K, 0% used [0x00000000eab00000,0x00000000eab00000,0x00000000eec00000)
  from space 5120K, 99% used [0x00000000ef100000,0x00000000ef5feaa8,0x00000000ef600000)
  to   space 5120K, 0% used [0x00000000eec00000,0x00000000eec00000,0x00000000ef100000)
 ParOldGen       total 87552K, used 4985K [0x00000000c0000000, 0x00000000c5580000, 0x00000000eab00000)
  object space 87552K, 5% used [0x00000000c0000000,0x00000000c04de658,0x00000000c5580000)
 Metaspace       used 6247K, capacity 7090K, committed 7296K, reserved 1056768K
  class space    used 603K, capacity 618K, committed 640K, reserved 1048576K
}

Deoptimization events (10 events):
Event: 4.812 Thread 0x0000000002132800 Uncommon trap: reason=unstable_if action=reinterpret pc=0x000000000280fe88 method=java.util.TreeMap.put(Ljava/lang/Object;Ljava/lang/Object;)Ljava/lang/Object; @ 163
Event: 4.840 Thread 0x0000000002132800 Uncommon trap: reason=unstable_if action=reinterpret pc=0x0000000002a301c4 method=com.android.dx.dex.code.LocalList$MakeState.aboutToProcess(II)V @ 54
Event: 5.021 Thread 0x0000000002132800 Uncommon trap: reason=unstable_if action=reinterpret pc=0x0000000002a5bac4 method=com.android.dx.util.ByteArrayAnnotatedOutput.writeByte(I)V @ 13
Event: 5.138 Thread 0x0000000002132800 Uncommon trap: reason=unstable_if action=reinterpret pc=0x0000000002a8927c method=com.android.dx.util.ByteArrayAnnotatedOutput.writeUleb128(I)I @ 4
Event: 5.138 Thread 0x0000000002132800 Uncommon trap: reason=unstable_if action=reinterpret pc=0x0000000002a8304c method=com.android.dx.util.ByteArrayAnnotatedOutput.writeByte(I)V @ 13
Event: 5.154 Thread 0x0000000002132800 Uncommon trap: reason=unstable_if action=reinterpret pc=0x00000000029bcf8c method=java.lang.String.indexOf([CII[CIII)I @ 3
Event: 5.154 Thread 0x0000000002132800 Uncommon trap: reason=unstable_if action=reinterpret pc=0x00000000025baa24 method=java.util.Arrays.copyOf([Ljava/lang/Object;ILjava/lang/Class;)[Ljava/lang/Object; @ 3
Event: 5.155 Thread 0x0000000002132800 Uncommon trap: reason=class_check action=maybe_recompile pc=0x000000000299c7a8 method=java.util.HashMap.putVal(ILjava/lang/Object;Ljava/lang/Object;ZZ)Ljava/lang/Object; @ 56
Event: 5.155 Thread 0x0000000002132800 Uncommon trap: reason=class_check action=maybe_recompile pc=0x000000000299c844 method=java.util.HashMap.putVal(ILjava/lang/Object;Ljava/lang/Object;ZZ)Ljava/lang/Object; @ 152
Event: 5.155 Thread 0x0000000002132800 Uncommon trap: reason=class_check action=maybe_recompile pc=0x000000000299c7a8 method=java.util.HashMap.putVal(ILjava/lang/Object;Ljava/lang/Object;ZZ)Ljava/lang/Object; @ 56

Internal exceptions (3 events):
Event: 0.062 Thread 0x0000000002132800 Exception <a 'java/lang/NoSuchMethodError': Method sun.misc.Unsafe.defineClass(Ljava/lang/String;[BII)Ljava/lang/Class; name or signature does not match> (0x00000000eab07cc0) thrown at [D:\re\workspace\8-2-build-windows-amd64-cygwin\jdk8u92\6642\hotspot\srúøížÕ¯?
Event: 0.062 Thread 0x0000000002132800 Exception <a 'java/lang/NoSuchMethodError': Method sun.misc.Unsafe.prefetchRead(Ljava/lang/Object;J)V name or signature does not match> (0x00000000eab07fa8) thrown at [D:\re\workspace\8-2-build-windows-amd64-cygwin\jdk8u92\6642\hotspot\src\share\vm\prims\j¨þì¡´â@
Event: 2.986 Thread 0x0000000016441000 Implicit null exception at 0x000000000258b9ae to 0x000000000258d2e9

Events (10 events):
Event: 5.171 loading class com/android/dx/merge/InstructionTransformer$GenericVisitor
Event: 5.171 loading class com/android/dx/merge/InstructionTransformer$GenericVisitor done
Event: 5.171 loading class com/android/dx/merge/InstructionTransformer$StringVisitor
Event: 5.171 loading class com/android/dx/merge/InstructionTransformer$StringVisitor done
Event: 5.171 loading class com/android/dx/merge/InstructionTransformer$TypeVisitor
Event: 5.171 loading class com/android/dx/merge/InstructionTransformer$TypeVisitor done
Event: 5.171 loading class com/android/dx/merge/InstructionTransformer$FieldVisitor
Event: 5.171 loading class com/android/dx/merge/InstructionTransformer$FieldVisitor done
Event: 5.171 loading class com/android/dx/merge/InstructionTransformer$MethodVisitor
Event: 5.171 loading class com/android/dx/merge/InstructionTransformer$MethodVisitor done


Dynamic libraries:
0x00007ff723a80000 - 0x00007ff723ab7000 	C:\Program Files\Java\jdk1.8.0_92\bin\java.exe
0x00007fff28fd0000 - 0x00007fff2917a000 	C:\Windows\SYSTEM32\ntdll.dll
0x00007fff276c0000 - 0x00007fff277fa000 	C:\Windows\system32\KERNEL32.DLL
0x00007fff26410000 - 0x00007fff2651f000 	C:\Windows\system32\KERNELBASE.dll
0x00007fff24f70000 - 0x00007fff24ff8000 	C:\Windows\system32\apphelp.dll
0x00007fff1e6e0000 - 0x00007fff1e72f000 	C:\Windows\AppPatch\AppPatch64\AcGenral.DLL
0x00007fff27460000 - 0x00007fff27507000 	C:\Windows\system32\msvcrt.dll
0x00007fff26180000 - 0x00007fff261ab000 	C:\Windows\SYSTEM32\SspiCli.dll
0x00007fff28f60000 - 0x00007fff28fb1000 	C:\Windows\system32\SHLWAPI.dll
0x00007fff26990000 - 0x00007fff26b01000 	C:\Windows\system32\USER32.dll
0x00007fff26fc0000 - 0x00007fff27138000 	C:\Windows\system32\ole32.dll
0x00007fff279e0000 - 0x00007fff28df7000 	C:\Windows\system32\SHELL32.dll
0x00007fff259b0000 - 0x00007fff259ce000 	C:\Windows\SYSTEM32\USERENV.dll
0x00007fff268d0000 - 0x00007fff26975000 	C:\Windows\system32\ADVAPI32.dll
0x00007fff213b0000 - 0x00007fff213cb000 	C:\Windows\SYSTEM32\MPR.dll
0x00007fff27800000 - 0x00007fff27936000 	C:\Windows\system32\RPCRT4.dll
0x00007fff27510000 - 0x00007fff27567000 	C:\Windows\SYSTEM32\sechost.dll
0x00007fff27280000 - 0x00007fff27456000 	C:\Windows\SYSTEM32\combase.dll
0x00007fff27570000 - 0x00007fff276b5000 	C:\Windows\system32\GDI32.dll
0x00007fff26340000 - 0x00007fff26354000 	C:\Windows\SYSTEM32\profapi.dll
0x00007fff249a0000 - 0x00007fff24a3f000 	C:\Windows\SYSTEM32\SHCORE.dll
0x00007fff27940000 - 0x00007fff27974000 	C:\Windows\system32\IMM32.DLL
0x00007fff27140000 - 0x00007fff27279000 	C:\Windows\system32\MSCTF.dll
0x00007fff231c0000 - 0x00007fff2341a000 	C:\Windows\WinSxS\amd64_microsoft.windows.common-controls_6595b64144ccf1df_6.0.9600.17031_none_6242a4b3ecbb55a1\COMCTL32.dll
0x0000000070710000 - 0x00000000707e2000 	C:\Program Files\Java\jdk1.8.0_92\jre\bin\msvcr100.dll
0x0000000070da0000 - 0x0000000071636000 	C:\Program Files\Java\jdk1.8.0_92\jre\bin\server\jvm.dll
0x00007fff1e760000 - 0x00007fff1e769000 	C:\Windows\SYSTEM32\WSOCK32.dll
0x00007fff1d030000 - 0x00007fff1d04f000 	C:\Windows\SYSTEM32\WINMM.dll
0x00007fff24260000 - 0x00007fff2426a000 	C:\Windows\SYSTEM32\VERSION.dll
0x00007fff26860000 - 0x00007fff26867000 	C:\Windows\system32\PSAPI.DLL
0x00007fff26da0000 - 0x00007fff26df8000 	C:\Windows\system32\WS2_32.dll
0x00007fff1d000000 - 0x00007fff1d02a000 	C:\Windows\SYSTEM32\WINMMBASE.dll
0x00007fff26980000 - 0x00007fff26989000 	C:\Windows\system32\NSI.dll
0x00007fff265d0000 - 0x00007fff2661a000 	C:\Windows\SYSTEM32\cfgmgr32.dll
0x00007fff251c0000 - 0x00007fff251e6000 	C:\Windows\SYSTEM32\DEVOBJ.dll
0x0000000071970000 - 0x000000007197f000 	C:\Program Files\Java\jdk1.8.0_92\jre\bin\verify.dll
0x0000000071940000 - 0x0000000071969000 	C:\Program Files\Java\jdk1.8.0_92\jre\bin\java.dll
0x0000000071920000 - 0x0000000071936000 	C:\Program Files\Java\jdk1.8.0_92\jre\bin\zip.dll

VM Arguments:
jvm_args: -Djava.awt.headless=true -Xmx1024M -Dfile.encoding=windows-1252 -Duser.country=US -Duser.language=en -Duser.variant 
java_command: com.android.dx.command.Main --dex --force-jumbo --num-threads=4 --output C:\Zooket\app\build\intermediates\pre-dexed\debug\internal_impl-23.4.0_191df91ce83363c6e957f0add757b9f9490bd4ee.jar C:\Zooket\app\build\intermediates\exploded-aar\com.android.support\support-v4\23.4.0\jars\libs\internal_impl-23.4.0.jar
java_class_path (initial): C:\android-sdk-windows\build-tools\24.0.3\lib\dx.jar
Launcher Type: SUN_STANDARD

Environment Variables:
PATH=C:\ProgramData\Oracle\Java\javapath;C:\Windows\system32;C:\Windows;C:\Windows\System32\Wbem;C:\Windows\System32\WindowsPowerShell\v1.0\;C:\Program Files (x86)\NVIDIA Corporation\PhysX\Common;C:\Program Files (x86)\Windows Kits\8.1\Windows Performance Toolkit\;C:\Program Files\Microsoft SQL Server\110\Tools\Binn\;C:\Program Files\Microsoft SQL Server\110\DTS\Binn\;C:\Program Files (x86)\Microsoft SQL Server\110\Tools\Binn\;C:\Program Files (x86)\Microsoft SQL Server\110\Tools\Binn\ManagementStudio\;C:\Program Files (x86)\Microsoft Visual Studio 10.0\Common7\IDE\PrivateAssemblies\;C:\Program Files (x86)\Microsoft SQL Server\110\DTS\Binn\;C:\Program Files (x86)\GtkSharp\2.12\bin;C:\Program Files (x86)\QuickTime\QTSystem\
USERNAME=Smo
OS=Windows_NT
PROCESSOR_IDENTIFIER=Intel64 Family 6 Model 94 Stepping 3, GenuineIntel



---------------  S Y S T E M  ---------------

OS: Windows 8.1 , 64 bit Build 9600 (6.3.9600.17056)

CPU:total 4 (4 cores per cpu, 1 threads per core) family 6 model 94 stepping 3, cmov, cx8, fxsr, mmx, sse, sse2, sse3, ssse3, sse4.1, sse4.2, popcnt, avx, avx2, aes, clmul, erms, 3dnowpref, lzcnt, tsc, tscinvbit, bmi1, bmi2, adx

Memory: 4k page, physical 8266404k(1243656k free), swap 8266404k(6056k free)

vm_info: Java HotSpot(TM) 64-Bit Server VM (25.92-b14) for windows-amd64 JRE (1.8.0_92-b14), built on Mar 31 2016 21:03:04 by "java_re" with MS VC++ 10.0 (VS2010)

time: Sun May 07 20:28:44 2017
elapsed time: 5 seconds (0d 0h 0m 5s)

