#
# There is insufficient memory for the Java Runtime Environment to continue.
# Native memory allocation (malloc) failed to allocate 333104 bytes for Chunk::new
# Possible reasons:
#   The system is out of physical RAM or swap space
#   In 32 bit mode, the process size limit was hit
# Possible solutions:
#   Reduce memory load on the system
#   Increase physical memory or swap space
#   Check if swap backing store is full
#   Use 64 bit Java on a 64 bit OS
#   Decrease Java heap size (-Xmx/-Xms)
#   Decrease number of Java threads
#   Decrease Java thread stack sizes (-Xss)
#   Set larger code cache with -XX:ReservedCodeCacheSize=
# This output file may be truncated or incomplete.
#
#  Out of Memory Error (allocation.cpp:390), pid=9800, tid=0x00000000000027c4
#
# JRE version: Java(TM) SE Runtime Environment (8.0_92-b14) (build 1.8.0_92-b14)
# Java VM: Java HotSpot(TM) 64-Bit Server VM (25.92-b14 mixed mode windows-amd64 compressed oops)
# Failed to write core dump. Minidumps are not enabled by default on client versions of Windows
#

---------------  T H R E A D  ---------------

Current thread (0x00000000144ba000):  JavaThread "C2 CompilerThread0" daemon [_thread_in_native, id=10180, stack(0x0000000015af0000,0x0000000015bf0000)]

Stack: [0x0000000015af0000,0x0000000015bf0000]
[error occurred during error reporting (printing stack bounds), id 0xc0000005]

Native frames: (J=compiled Java code, j=interpreted, Vv=VM code, C=native code)


Current CompileTask:
C2:    766  943       4       com.android.dx.ssa.SsaBasicBlock::forEachInsn (37 bytes)


---------------  P R O C E S S  ---------------

Java Threads: ( => current thread )
  0x0000000015fe8000 JavaThread "pool-1-thread-4" [_thread_in_Java, id=7328, stack(0x00000000167f0000,0x00000000168f0000)]
  0x0000000015f73800 JavaThread "pool-1-thread-3" [_thread_in_Java, id=9868, stack(0x00000000166f0000,0x00000000167f0000)]
  0x0000000015f74800 JavaThread "pool-1-thread-2" [_thread_blocked, id=9844, stack(0x00000000165f0000,0x00000000166f0000)]
  0x0000000015f53000 JavaThread "pool-2-thread-1" [_thread_blocked, id=9864, stack(0x00000000164f0000,0x00000000165f0000)]
  0x0000000015f38800 JavaThread "pool-1-thread-1" [_thread_in_Java, id=10184, stack(0x00000000163f0000,0x00000000164f0000)]
  0x000000001450c800 JavaThread "Service Thread" daemon [_thread_blocked, id=9888, stack(0x00000000161f0000,0x00000000162f0000)]
  0x00000000144b2800 JavaThread "C1 CompilerThread2" daemon [_thread_blocked, id=9924, stack(0x0000000015cf0000,0x0000000015df0000)]
  0x00000000144bd000 JavaThread "C2 CompilerThread1" daemon [_thread_in_native, id=9880, stack(0x0000000015bf0000,0x0000000015cf0000)]
=>0x00000000144ba000 JavaThread "C2 CompilerThread0" daemon [_thread_in_native, id=10180, stack(0x0000000015af0000,0x0000000015bf0000)]
  0x00000000144b8000 JavaThread "Attach Listener" daemon [_thread_blocked, id=9892, stack(0x00000000159f0000,0x0000000015af0000)]
  0x00000000144b6800 JavaThread "Signal Dispatcher" daemon [_thread_blocked, id=8336, stack(0x00000000158f0000,0x00000000159f0000)]
  0x000000001449a800 JavaThread "Finalizer" daemon [_thread_blocked, id=10144, stack(0x0000000015710000,0x0000000015810000)]
  0x0000000014479000 JavaThread "Reference Handler" daemon [_thread_blocked, id=2660, stack(0x0000000015610000,0x0000000015710000)]
  0x0000000001ce2800 JavaThread "main" [_thread_in_Java, id=3748, stack(0x0000000001b50000,0x0000000001c50000)]

Other Threads:
  0x0000000014477800 VMThread [stack: 0x0000000015510000,0x0000000015610000] [id=9824]
  0x0000000015e12000 WatcherThread [stack: 0x00000000162f0000,0x00000000163f0000] [id=9712]

VM state:not at safepoint (normal execution)

VM Mutex/Monitor currently owned by a thread: None

Heap:
 PSYoungGen      total 38400K, used 29959K [0x00000000eab00000, 0x00000000ed580000, 0x0000000100000000)
  eden space 33280K, 90% used [0x00000000eab00000,0x00000000ec841e70,0x00000000ecb80000)
  from space 5120K, 0% used [0x00000000ed080000,0x00000000ed080000,0x00000000ed580000)
  to   space 5120K, 0% used [0x00000000ecb80000,0x00000000ecb80000,0x00000000ed080000)
 ParOldGen       total 87552K, used 0K [0x00000000c0000000, 0x00000000c5580000, 0x00000000eab00000)
  object space 87552K, 0% used [0x00000000c0000000,0x00000000c0000000,0x00000000c5580000)
 Metaspace       used 5873K, capacity 6834K, committed 7040K, reserved 1056768K
  class space    used 598K, capacity 618K, committed 640K, reserved 1048576K

Card table byte_map: [0x00000000111a0000,0x00000000113b0000] byte_map_base: 0x0000000010ba0000

Marking Bits: (ParMarkBitMap*) 0x000000006bf164f0
 Begin Bits: [0x0000000011910000, 0x0000000012910000)
 End Bits:   [0x0000000012910000, 0x0000000013910000)

Polling page: 0x0000000000590000

CodeCache: size=245760Kb used=3745Kb max_used=3756Kb free=242014Kb
 bounds [0x0000000001de0000, 0x0000000002190000, 0x0000000010de0000]
 total_blobs=1271 nmethods=1002 adapters=182
 compilation: enabled

Compilation events (10 events):
Event: 0.753 Thread 0x00000000144bd000 nmethod 934 0x000000000218c850 code [0x000000000218c980, 0x000000000218ca18]
Event: 0.753 Thread 0x00000000144bd000  927       4       java.lang.AbstractStringBuilder::append (50 bytes)
Event: 0.756 Thread 0x00000000144bd000 nmethod 927 0x000000000218bfd0 code [0x000000000218c120, 0x000000000218c4f8]
Event: 0.756 Thread 0x00000000144bd000  930       4       java.lang.Object::equals (11 bytes)
Event: 0.756 Thread 0x00000000144bd000 nmethod 930 0x0000000002180150 code [0x0000000002180280, 0x00000000021802f8]
Event: 0.756 Thread 0x00000000144bd000  932       4       com.android.dx.ssa.DeadCodeRemover::access$000 (5 bytes)
Event: 0.758 Thread 0x00000000144bd000 nmethod 932 0x000000000218b890 code [0x000000000218b9e0, 0x000000000218bbb8]
Event: 0.758 Thread 0x00000000144bd000  946       4       com.android.dx.cf.code.BaseMachine::clearArgs (56 bytes)
Event: 0.758 Thread 0x00000000144bd000 nmethod 946 0x000000000218cbd0 code [0x000000000218cd00, 0x000000000218cd98]
Event: 0.758 Thread 0x00000000144bd000  926       4       com.android.dx.ssa.SsaMethod::deleteInsns (239 bytes)

GC Heap History (0 events):
No events

Deoptimization events (10 events):
Event: 0.670 Thread 0x0000000015fe8000 Uncommon trap: reason=class_check action=maybe_recompile pc=0x0000000002004ef0 method=com.android.dx.ssa.NormalSsaInsn.accept(Lcom/android/dx/ssa/SsaInsn$Visitor;)V @ 9
Event: 0.670 Thread 0x0000000015fe8000 Uncommon trap: reason=class_check action=maybe_recompile pc=0x0000000002014354 method=com.android.dx.ssa.NormalSsaInsn.accept(Lcom/android/dx/ssa/SsaInsn$Visitor;)V @ 9
Event: 0.670 Thread 0x0000000015fe8000 Uncommon trap: reason=unstable_if action=reinterpret pc=0x00000000020e2dc4 method=com.android.dx.ssa.SsaInsn.getLocalAssignment()Lcom/android/dx/rop/code/RegisterSpec; @ 14
Event: 0.684 Thread 0x0000000001ce2800 Uncommon trap: reason=bimorphic action=maybe_recompile pc=0x0000000001ff97e8 method=java.util.HashMap.getNode(ILjava/lang/Object;)Ljava/util/HashMap$Node; @ 126
Event: 0.684 Thread 0x0000000001ce2800 Uncommon trap: reason=bimorphic action=maybe_recompile pc=0x0000000001ff97e8 method=java.util.HashMap.getNode(ILjava/lang/Object;)Ljava/util/HashMap$Node; @ 126
Event: 0.684 Thread 0x0000000001ce2800 Uncommon trap: reason=bimorphic action=maybe_recompile pc=0x0000000001ff97e8 method=java.util.HashMap.getNode(ILjava/lang/Object;)Ljava/util/HashMap$Node; @ 126
Event: 0.699 Thread 0x0000000015f38800 Uncommon trap: reason=unstable_if action=reinterpret pc=0x00000000020d3cf8 method=com.android.dx.cf.code.Ropper.labelToResultIndex(I)I @ 34
Event: 0.713 Thread 0x0000000015f73800 Uncommon trap: reason=null_check action=make_not_entrant pc=0x00000000020720a8 method=com.android.dx.rop.type.Type.equals(Ljava/lang/Object;)Z @ 8
Event: 0.730 Thread 0x0000000015f74800 Uncommon trap: reason=bimorphic action=maybe_recompile pc=0x0000000001ff97e8 method=java.util.HashMap.getNode(ILjava/lang/Object;)Ljava/util/HashMap$Node; @ 126
Event: 0.730 Thread 0x0000000015f74800 Uncommon trap: reason=bimorphic action=maybe_recompile pc=0x0000000001fedd1c method=java.util.HashMap.getNode(ILjava/lang/Object;)Ljava/util/HashMap$Node; @ 126

Internal exceptions (3 events):
Event: 0.033 Thread 0x0000000001ce2800 Exception <a 'java/lang/NoSuchMethodError': Method sun.misc.Unsafe.defineClass(Ljava/lang/String;[BII)Ljava/lang/Class; name or signature does not match> (0x00000000eab07cc0) thrown at [D:\re\workspace\8-2-build-windows-amd64-cygwin\jdk8u92\6642\hotspot\sr‹s‡Ãm¿†?
Event: 0.033 Thread 0x0000000001ce2800 Exception <a 'java/lang/NoSuchMethodError': Method sun.misc.Unsafe.prefetchRead(Ljava/lang/Object;J)V name or signature does not match> (0x00000000eab07fa8) thrown at [D:\re\workspace\8-2-build-windows-amd64-cygwin\jdk8u92\6642\hotspot\src\share\vm\prims\j©!.úÇ—Ê?
Event: 0.713 Thread 0x0000000015f73800 Implicit null exception at 0x0000000002071fa2 to 0x000000000207209a

Events (10 events):
Event: 0.699 Thread 0x0000000015f38800 DEOPT UNPACKING pc=0x0000000001e2582a sp=0x00000000164ee7a8 mode 2
Event: 0.713 Thread 0x0000000015f73800 Uncommon trap: trap_request=0xfffffff4 fr.pc=0x00000000020720a8
Event: 0.713 Thread 0x0000000015f73800 DEOPT PACKING pc=0x00000000020720a8 sp=0x00000000167eeac0
Event: 0.713 Thread 0x0000000015f73800 DEOPT UNPACKING pc=0x0000000001e2582a sp=0x00000000167eea58 mode 2
Event: 0.730 Thread 0x0000000015f74800 Uncommon trap: trap_request=0xffffffc6 fr.pc=0x0000000001ff97e8
Event: 0.730 Thread 0x0000000015f74800 DEOPT PACKING pc=0x0000000001ff97e8 sp=0x00000000166eee40
Event: 0.730 Thread 0x0000000015f74800 DEOPT UNPACKING pc=0x0000000001e2582a sp=0x00000000166eed68 mode 2
Event: 0.730 Thread 0x0000000015f74800 Uncommon trap: trap_request=0xffffffc6 fr.pc=0x0000000001fedd1c
Event: 0.730 Thread 0x0000000015f74800 DEOPT PACKING pc=0x0000000001fedd1c sp=0x00000000166eedd0
Event: 0.730 Thread 0x0000000015f74800 DEOPT UNPACKING pc=0x0000000001e2582a sp=0x00000000166eed58 mode 2


Dynamic libraries:
0x00007ff7d3560000 - 0x00007ff7d3597000 	C:\Program Files\Java\jdk1.8.0_92\bin\java.exe
0x00007ff89b3d0000 - 0x00007ff89b57a000 	C:\Windows\SYSTEM32\ntdll.dll
0x00007ff898d00000 - 0x00007ff898e3a000 	C:\Windows\system32\KERNEL32.DLL
0x00007ff898af0000 - 0x00007ff898bff000 	C:\Windows\system32\KERNELBASE.dll
0x00007ff897370000 - 0x00007ff8973f8000 	C:\Windows\system32\apphelp.dll
0x00007ff875f50000 - 0x00007ff875f9f000 	C:\Windows\AppPatch\AppPatch64\AcGenral.DLL
0x00007ff899020000 - 0x00007ff8990c7000 	C:\Windows\system32\msvcrt.dll
0x00007ff898580000 - 0x00007ff8985ab000 	C:\Windows\SYSTEM32\SspiCli.dll
0x00007ff89a7a0000 - 0x00007ff89a7f1000 	C:\Windows\system32\SHLWAPI.dll
0x00007ff89a9e0000 - 0x00007ff89ab51000 	C:\Windows\system32\USER32.dll
0x00007ff898ea0000 - 0x00007ff899018000 	C:\Windows\system32\ole32.dll
0x00007ff899380000 - 0x00007ff89a797000 	C:\Windows\system32\SHELL32.dll
0x00007ff897db0000 - 0x00007ff897dce000 	C:\Windows\SYSTEM32\USERENV.dll
0x00007ff89b200000 - 0x00007ff89b2a5000 	C:\Windows\system32\ADVAPI32.dll
0x00007ff893600000 - 0x00007ff89361b000 	C:\Windows\SYSTEM32\MPR.dll
0x00007ff89ad40000 - 0x00007ff89ae76000 	C:\Windows\system32\RPCRT4.dll
0x00007ff898e40000 - 0x00007ff898e97000 	C:\Windows\SYSTEM32\sechost.dll
0x00007ff8990d0000 - 0x00007ff8992a6000 	C:\Windows\SYSTEM32\combase.dll
0x00007ff89ae90000 - 0x00007ff89afd5000 	C:\Windows\system32\GDI32.dll
0x00007ff898740000 - 0x00007ff898754000 	C:\Windows\SYSTEM32\profapi.dll
0x00007ff896da0000 - 0x00007ff896e3f000 	C:\Windows\SYSTEM32\SHCORE.dll
0x00007ff89a9a0000 - 0x00007ff89a9d4000 	C:\Windows\system32\IMM32.DLL
0x00007ff89b0c0000 - 0x00007ff89b1f9000 	C:\Windows\system32\MSCTF.dll
0x00007ff896520000 - 0x00007ff89677a000 	C:\Windows\WinSxS\amd64_microsoft.windows.common-controls_6595b64144ccf1df_6.0.9600.17031_none_6242a4b3ecbb55a1\COMCTL32.dll
0x000000006b320000 - 0x000000006b3f2000 	C:\Program Files\Java\jdk1.8.0_92\jre\bin\msvcr100.dll
0x000000006b700000 - 0x000000006bf96000 	C:\Program Files\Java\jdk1.8.0_92\jre\bin\server\jvm.dll
0x00007ff88b560000 - 0x00007ff88b569000 	C:\Windows\SYSTEM32\WSOCK32.dll
0x00007ff88ab60000 - 0x00007ff88ab7f000 	C:\Windows\SYSTEM32\WINMM.dll
0x00007ff896450000 - 0x00007ff89645a000 	C:\Windows\SYSTEM32\VERSION.dll
0x00007ff89ae80000 - 0x00007ff89ae87000 	C:\Windows\system32\PSAPI.DLL
0x00007ff8992b0000 - 0x00007ff899308000 	C:\Windows\system32\WS2_32.dll
0x00007ff88aac0000 - 0x00007ff88aaea000 	C:\Windows\SYSTEM32\WINMMBASE.dll
0x00007ff89b000000 - 0x00007ff89b009000 	C:\Windows\system32\NSI.dll
0x00007ff898c00000 - 0x00007ff898c4a000 	C:\Windows\SYSTEM32\cfgmgr32.dll
0x00007ff8975c0000 - 0x00007ff8975e6000 	C:\Windows\SYSTEM32\DEVOBJ.dll
0x000000006e490000 - 0x000000006e49f000 	C:\Program Files\Java\jdk1.8.0_92\jre\bin\verify.dll
0x000000006c680000 - 0x000000006c6a9000 	C:\Program Files\Java\jdk1.8.0_92\jre\bin\java.dll
0x000000006c660000 - 0x000000006c676000 	C:\Program Files\Java\jdk1.8.0_92\jre\bin\zip.dll

VM Arguments:
jvm_args: -Djava.awt.headless=true -Xmx1024M -Dfile.encoding=windows-1252 -Duser.country=US -Duser.language=en -Duser.variant 
java_command: com.android.dx.command.Main --dex --force-jumbo --num-threads=4 --output C:\Zooket\app\build\intermediates\pre-dexed\debug\com.daimajia.slider-library-1.1.5_2b95a55e7b73e61ea69547a1c93fa35906d99755.jar C:\Zooket\app\build\intermediates\exploded-aar\com.daimajia.slider\library\1.1.5\jars\classes.jar
java_class_path (initial): C:\android-sdk-windows\build-tools\24.0.3\lib\dx.jar
Launcher Type: SUN_STANDARD

Environment Variables:
PATH=C:\ProgramData\Oracle\Java\javapath;C:\Windows\system32;C:\Windows;C:\Windows\System32\Wbem;C:\Windows\System32\WindowsPowerShell\v1.0\;C:\Program Files (x86)\NVIDIA Corporation\PhysX\Common;C:\Program Files (x86)\Windows Kits\8.1\Windows Performance Toolkit\;C:\Program Files\Microsoft SQL Server\110\Tools\Binn\;C:\Program Files\Microsoft SQL Server\110\DTS\Binn\;C:\Program Files (x86)\Microsoft SQL Server\110\Tools\Binn\;C:\Program Files (x86)\Microsoft SQL Server\110\Tools\Binn\ManagementStudio\;C:\Program Files (x86)\Microsoft Visual Studio 10.0\Common7\IDE\PrivateAssemblies\;C:\Program Files (x86)\Microsoft SQL Server\110\DTS\Binn\;C:\Program Files (x86)\GtkSharp\2.12\bin;C:\Program Files (x86)\QuickTime\QTSystem\
USERNAME=Smo
OS=Windows_NT
PROCESSOR_IDENTIFIER=Intel64 Family 6 Model 94 Stepping 3, GenuineIntel



---------------  S Y S T E M  ---------------

OS: Windows 8.1 , 64 bit Build 9600 (6.3.9600.17056)

CPU:total 4 (4 cores per cpu, 1 threads per core) family 6 model 94 stepping 3, cmov, cx8, fxsr, mmx, sse, sse2, sse3, ssse3, sse4.1, sse4.2, popcnt, avx, avx2, aes, clmul, erms, 3dnowpref, lzcnt, tsc, tscinvbit, bmi1, bmi2, adx

Memory: 4k page, physical 8266404k(1510060k free), swap 8266404k(5380k free)

vm_info: Java HotSpot(TM) 64-Bit Server VM (25.92-b14) for windows-amd64 JRE (1.8.0_92-b14), built on Mar 31 2016 21:03:04 by "java_re" with MS VC++ 10.0 (VS2010)

time: Thu May 11 22:11:32 2017
elapsed time: 0 seconds (0d 0h 0m 0s)

