#
# There is insufficient memory for the Java Runtime Environment to continue.
# Native memory allocation (malloc) failed to allocate 286016 bytes for Chunk::new
# Possible reasons:
#   The system is out of physical RAM or swap space
#   In 32 bit mode, the process size limit was hit
# Possible solutions:
#   Reduce memory load on the system
#   Increase physical memory or swap space
#   Check if swap backing store is full
#   Use 64 bit Java on a 64 bit OS
#   Decrease Java heap size (-Xmx/-Xms)
#   Decrease number of Java threads
#   Decrease Java thread stack sizes (-Xss)
#   Set larger code cache with -XX:ReservedCodeCacheSize=
# This output file may be truncated or incomplete.
#
#  Out of Memory Error (allocation.cpp:390), pid=6700, tid=0x0000000000001cd4
#
# JRE version: Java(TM) SE Runtime Environment (8.0_92-b14) (build 1.8.0_92-b14)
# Java VM: Java HotSpot(TM) 64-Bit Server VM (25.92-b14 mixed mode windows-amd64 compressed oops)
# Failed to write core dump. Minidumps are not enabled by default on client versions of Windows
#

---------------  T H R E A D  ---------------

Current thread (0x0000000014861800):  JavaThread "C2 CompilerThread1" daemon [_thread_in_native, id=7380, stack(0x0000000015fb0000,0x00000000160b0000)]

Stack: [0x0000000015fb0000,0x00000000160b0000]
[error occurred during error reporting (printing stack bounds), id 0xc0000005]

Native frames: (J=compiled Java code, j=interpreted, Vv=VM code, C=native code)


Current CompileTask:
C2:    749 1145       4       com.android.dx.ssa.SCCP::simulateStmt (481 bytes)


---------------  P R O C E S S  ---------------

Java Threads: ( => current thread )
  0x0000000016392800 JavaThread "pool-2-thread-4" [_thread_in_vm, id=4160, stack(0x0000000016bb0000,0x0000000016cb0000)]
  0x0000000016391800 JavaThread "pool-2-thread-3" [_thread_in_Java, id=1904, stack(0x0000000016ab0000,0x0000000016bb0000)]
  0x0000000016390000 JavaThread "pool-2-thread-2" [_thread_in_Java, id=7520, stack(0x00000000169b0000,0x0000000016ab0000)]
  0x000000001638d800 JavaThread "pool-3-thread-1" [_thread_blocked, id=5872, stack(0x00000000168b0000,0x00000000169b0000)]
  0x0000000016385000 JavaThread "pool-2-thread-1" [_thread_in_vm, id=6052, stack(0x00000000167b0000,0x00000000168b0000)]
  0x00000000161b6800 JavaThread "Service Thread" daemon [_thread_blocked, id=7172, stack(0x00000000165b0000,0x00000000166b0000)]
  0x00000000148bc000 JavaThread "C1 CompilerThread2" daemon [_thread_blocked, id=4092, stack(0x00000000160b0000,0x00000000161b0000)]
=>0x0000000014861800 JavaThread "C2 CompilerThread1" daemon [_thread_in_native, id=7380, stack(0x0000000015fb0000,0x00000000160b0000)]
  0x000000001485e000 JavaThread "C2 CompilerThread0" daemon [_thread_in_native, id=7928, stack(0x0000000015eb0000,0x0000000015fb0000)]
  0x000000001485c000 JavaThread "Attach Listener" daemon [_thread_blocked, id=1496, stack(0x0000000015db0000,0x0000000015eb0000)]
  0x000000001485b000 JavaThread "Signal Dispatcher" daemon [_thread_blocked, id=7496, stack(0x0000000015cb0000,0x0000000015db0000)]
  0x000000001484a800 JavaThread "Finalizer" daemon [_thread_blocked, id=4644, stack(0x0000000015ad0000,0x0000000015bd0000)]
  0x0000000002180800 JavaThread "Reference Handler" daemon [_thread_blocked, id=5888, stack(0x00000000159d0000,0x0000000015ad0000)]
  0x0000000002092800 JavaThread "main" [_thread_blocked, id=7640, stack(0x0000000001f50000,0x0000000002050000)]

Other Threads:
  0x0000000014828800 VMThread [stack: 0x00000000158d0000,0x00000000159d0000] [id=316]
  0x00000000161ca800 WatcherThread [stack: 0x00000000166b0000,0x00000000167b0000] [id=4248]

VM state:not at safepoint (normal execution)

VM Mutex/Monitor currently owned by a thread: None

Heap:
 PSYoungGen      total 38400K, used 6645K [0x00000000eab00000, 0x00000000ed580000, 0x0000000100000000)
  eden space 33280K, 4% used [0x00000000eab00000,0x00000000eac83b60,0x00000000ecb80000)
  from space 5120K, 99% used [0x00000000ecb80000,0x00000000ed079c98,0x00000000ed080000)
  to   space 5120K, 0% used [0x00000000ed080000,0x00000000ed080000,0x00000000ed580000)
 ParOldGen       total 87552K, used 1607K [0x00000000c0000000, 0x00000000c5580000, 0x00000000eab00000)
  object space 87552K, 1% used [0x00000000c0000000,0x00000000c0191d70,0x00000000c5580000)
 Metaspace       used 5901K, capacity 6832K, committed 7040K, reserved 1056768K
  class space    used 596K, capacity 616K, committed 640K, reserved 1048576K

Card table byte_map: [0x0000000011550000,0x0000000011760000] byte_map_base: 0x0000000010f50000

Marking Bits: (ParMarkBitMap*) 0x00000000686b64f0
 Begin Bits: [0x0000000011cc0000, 0x0000000012cc0000)
 End Bits:   [0x0000000012cc0000, 0x0000000013cc0000)

Polling page: 0x00000000006e0000

CodeCache: size=245760Kb used=4391Kb max_used=4391Kb free=241368Kb
 bounds [0x0000000002190000, 0x00000000025e0000, 0x0000000011190000]
 total_blobs=1415 nmethods=1146 adapters=182
 compilation: enabled

Compilation events (10 events):
Event: 0.738 Thread 0x0000000014861800 nmethod 1136 0x00000000025d7ad0 code [0x00000000025d7c40, 0x00000000025d7e68]
Event: 0.738 Thread 0x00000000148bc000 nmethod 1142 0x00000000025dc1d0 code [0x00000000025dc3c0, 0x00000000025dcd58]
Event: 0.738 Thread 0x000000001485e000 1144       4       com.android.dx.ssa.SsaRenamer$BlockRenamer::process (191 bytes)
Event: 0.738 Thread 0x0000000014861800 1145       4       com.android.dx.ssa.SCCP::simulateStmt (481 bytes)
Event: 0.743 Thread 0x00000000148bc000 1146       3       com.android.dx.ssa.back.LivenessAnalyzer::coInterferePhis (128 bytes)
Event: 0.744 Thread 0x00000000148bc000 nmethod 1146 0x00000000025dd110 code [0x00000000025dd3a0, 0x00000000025de698]
Event: 0.744 Thread 0x00000000148bc000 1147       3       com.android.dx.rop.cst.CstKnownNull::getType (4 bytes)
Event: 0.745 Thread 0x00000000148bc000 nmethod 1147 0x00000000025d1d50 code [0x00000000025d1ea0, 0x00000000025d1ff0]
Event: 0.745 Thread 0x00000000148bc000 1148       3       com.android.dx.ssa.LocalVariableExtractor::doit (59 bytes)
Event: 0.745 Thread 0x00000000148bc000 nmethod 1148 0x00000000025db8d0 code [0x00000000025dba80, 0x00000000025dbfc8]

GC Heap History (2 events):
Event: 0.708 GC heap before
{Heap before GC invocations=1 (full 0):
 PSYoungGen      total 38400K, used 33280K [0x00000000eab00000, 0x00000000ed580000, 0x0000000100000000)
  eden space 33280K, 100% used [0x00000000eab00000,0x00000000ecb80000,0x00000000ecb80000)
  from space 5120K, 0% used [0x00000000ed080000,0x00000000ed080000,0x00000000ed580000)
  to   space 5120K, 0% used [0x00000000ecb80000,0x00000000ecb80000,0x00000000ed080000)
 ParOldGen       total 87552K, used 0K [0x00000000c0000000, 0x00000000c5580000, 0x00000000eab00000)
  object space 87552K, 0% used [0x00000000c0000000,0x00000000c0000000,0x00000000c5580000)
 Metaspace       used 5889K, capacity 6832K, committed 7040K, reserved 1056768K
  class space    used 596K, capacity 616K, committed 640K, reserved 1048576K
Event: 0.724 GC heap after
Heap after GC invocations=1 (full 0):
 PSYoungGen      total 38400K, used 5095K [0x00000000eab00000, 0x00000000ed580000, 0x0000000100000000)
  eden space 33280K, 0% used [0x00000000eab00000,0x00000000eab00000,0x00000000ecb80000)
  from space 5120K, 99% used [0x00000000ecb80000,0x00000000ed079c98,0x00000000ed080000)
  to   space 5120K, 0% used [0x00000000ed080000,0x00000000ed080000,0x00000000ed580000)
 ParOldGen       total 87552K, used 1607K [0x00000000c0000000, 0x00000000c5580000, 0x00000000eab00000)
  object space 87552K, 1% used [0x00000000c0000000,0x00000000c0191d70,0x00000000c5580000)
 Metaspace       used 5889K, capacity 6832K, committed 7040K, reserved 1056768K
  class space    used 596K, capacity 616K, committed 640K, reserved 1048576K
}

Deoptimization events (3 events):
Event: 0.365 Thread 0x0000000002092800 Uncommon trap: reason=unstable_if action=reinterpret pc=0x0000000002392344 method=java.util.HashMap.getNode(ILjava/lang/Object;)Ljava/util/HashMap$Node; @ 62
Event: 0.534 Thread 0x0000000016390000 Uncommon trap: reason=null_check action=make_not_entrant pc=0x00000000024b4f64 method=com.android.dx.ssa.SsaRenamer.getLocalForNewReg(I)Lcom/android/dx/rop/code/LocalItem; @ 19
Event: 0.534 Thread 0x0000000016391800 Uncommon trap: reason=unstable_if action=reinterpret pc=0x000000000242f7b4 method=java.util.BitSet.ensureCapacity(I)V @ 6

Internal exceptions (3 events):
Event: 0.079 Thread 0x0000000002092800 Exception <a 'java/lang/NoSuchMethodError': Method sun.misc.Unsafe.defineClass(Ljava/lang/String;[BII)Ljava/lang/Class; name or signature does not match> (0x00000000eab07cc0) thrown at [D:\re\workspace\8-2-build-windows-amd64-cygwin\jdk8u92\6642\hotspot\srŸËq´?
Event: 0.079 Thread 0x0000000002092800 Exception <a 'java/lang/NoSuchMethodError': Method sun.misc.Unsafe.prefetchRead(Ljava/lang/Object;J)V name or signature does not match> (0x00000000eab07fa8) thrown at [D:\re\workspace\8-2-build-windows-amd64-cygwin\jdk8u92\6642\hotspot\src\share\vm\prims\j›ZC­­á?
Event: 0.534 Thread 0x0000000016390000 Implicit null exception at 0x00000000024b30ed to 0x00000000024b4f45

Events (10 events):
Event: 0.534 Thread 0x0000000016390000 DEOPT UNPACKING pc=0x00000000021d582a sp=0x0000000016aae638 mode 2
Event: 0.534 Thread 0x0000000016391800 Uncommon trap: trap_request=0xffffff65 fr.pc=0x000000000242f7b4
Event: 0.534 Thread 0x0000000016391800 DEOPT PACKING pc=0x000000000242f7b4 sp=0x0000000016baeb00
Event: 0.534 Thread 0x0000000016391800 DEOPT UNPACKING pc=0x00000000021d582a sp=0x0000000016bae9e8 mode 2
Event: 0.559 loading class com/android/dx/cf/code/BytecodeArray$ConstantParserVisitor
Event: 0.559 loading class com/android/dx/cf/code/BytecodeArray$ConstantParserVisitor done
Event: 0.658 Executing VM operation: ForceSafepoint
Event: 0.662 Executing VM operation: ForceSafepoint done
Event: 0.690 Executing VM operation: ParallelGCFailedAllocation
Event: 0.724 Executing VM operation: ParallelGCFailedAllocation done


Dynamic libraries:
0x00007ff725170000 - 0x00007ff7251a7000 	C:\Program Files\Java\jdk1.8.0_92\bin\java.exe
0x00007ffef9f10000 - 0x00007ffefa0ba000 	C:\Windows\SYSTEM32\ntdll.dll
0x00007ffef9b80000 - 0x00007ffef9cba000 	C:\Windows\system32\KERNEL32.DLL
0x00007ffef74a0000 - 0x00007ffef75af000 	C:\Windows\system32\KERNELBASE.dll
0x00007ffef5eb0000 - 0x00007ffef5f38000 	C:\Windows\system32\apphelp.dll
0x00007ffed1e80000 - 0x00007ffed1ecf000 	C:\Windows\AppPatch\AppPatch64\AcGenral.DLL
0x00007ffef9cc0000 - 0x00007ffef9d67000 	C:\Windows\system32\msvcrt.dll
0x00007ffef70c0000 - 0x00007ffef70eb000 	C:\Windows\SYSTEM32\SspiCli.dll
0x00007ffef9320000 - 0x00007ffef9371000 	C:\Windows\system32\SHLWAPI.dll
0x00007ffef9380000 - 0x00007ffef94f1000 	C:\Windows\system32\USER32.dll
0x00007ffef7790000 - 0x00007ffef7908000 	C:\Windows\system32\ole32.dll
0x00007ffef7c70000 - 0x00007ffef9087000 	C:\Windows\system32\SHELL32.dll
0x00007ffef68f0000 - 0x00007ffef690e000 	C:\Windows\SYSTEM32\USERENV.dll
0x00007ffef9090000 - 0x00007ffef9135000 	C:\Windows\system32\ADVAPI32.dll
0x00007ffef22f0000 - 0x00007ffef230b000 	C:\Windows\SYSTEM32\MPR.dll
0x00007ffef79d0000 - 0x00007ffef7b06000 	C:\Windows\system32\RPCRT4.dll
0x00007ffef7c10000 - 0x00007ffef7c67000 	C:\Windows\SYSTEM32\sechost.dll
0x00007ffef9140000 - 0x00007ffef9316000 	C:\Windows\SYSTEM32\combase.dll
0x00007ffef9560000 - 0x00007ffef96a5000 	C:\Windows\system32\GDI32.dll
0x00007ffef7280000 - 0x00007ffef7294000 	C:\Windows\SYSTEM32\profapi.dll
0x00007ffef58e0000 - 0x00007ffef597f000 	C:\Windows\SYSTEM32\SHCORE.dll
0x00007ffef9b40000 - 0x00007ffef9b74000 	C:\Windows\system32\IMM32.DLL
0x00007ffef96b0000 - 0x00007ffef97e9000 	C:\Windows\system32\MSCTF.dll
0x00007ffef4fd0000 - 0x00007ffef522a000 	C:\Windows\WinSxS\amd64_microsoft.windows.common-controls_6595b64144ccf1df_6.0.9600.17031_none_6242a4b3ecbb55a1\COMCTL32.dll
0x0000000067850000 - 0x0000000067922000 	C:\Program Files\Java\jdk1.8.0_92\jre\bin\msvcr100.dll
0x0000000067ea0000 - 0x0000000068736000 	C:\Program Files\Java\jdk1.8.0_92\jre\bin\server\jvm.dll
0x00007ffeeee10000 - 0x00007ffeeee19000 	C:\Windows\SYSTEM32\WSOCK32.dll
0x00007ffeeedc0000 - 0x00007ffeeeddf000 	C:\Windows\SYSTEM32\WINMM.dll
0x00007ffef4f90000 - 0x00007ffef4f9a000 	C:\Windows\SYSTEM32\VERSION.dll
0x00007ffef7b10000 - 0x00007ffef7b17000 	C:\Windows\system32\PSAPI.DLL
0x00007ffef9500000 - 0x00007ffef9558000 	C:\Windows\system32\WS2_32.dll
0x00007ffee99a0000 - 0x00007ffee99ca000 	C:\Windows\SYSTEM32\WINMMBASE.dll
0x00007ffef9b30000 - 0x00007ffef9b39000 	C:\Windows\system32\NSI.dll
0x00007ffef7350000 - 0x00007ffef739a000 	C:\Windows\SYSTEM32\cfgmgr32.dll
0x00007ffef6100000 - 0x00007ffef6126000 	C:\Windows\SYSTEM32\DEVOBJ.dll
0x0000000069210000 - 0x000000006921f000 	C:\Program Files\Java\jdk1.8.0_92\jre\bin\verify.dll
0x00000000691e0000 - 0x0000000069209000 	C:\Program Files\Java\jdk1.8.0_92\jre\bin\java.dll
0x0000000069190000 - 0x00000000691a6000 	C:\Program Files\Java\jdk1.8.0_92\jre\bin\zip.dll

VM Arguments:
jvm_args: -Djava.awt.headless=true -Xmx1024M -Dfile.encoding=windows-1252 -Duser.country=US -Duser.language=en -Duser.variant 
java_command: com.android.dx.command.Main --dex --force-jumbo --num-threads=4 --multi-dex --output C:\Zooket\app\build\intermediates\transforms\dex\debug\folders\1000\10\library-2.4.0_38a29c9e4b541e26ce53680d5a1cb40fd304df2c C:\Users\Smo\.gradle\caches\modules-2\files-2.1\com.nineoldandroids\library\2.4.0\e9b63380f3a242dbdbf103a2355ad7e43bad17cb\library-2.4.0.jar
java_class_path (initial): C:\android-sdk-windows\build-tools\24.0.3\lib\dx.jar
Launcher Type: SUN_STANDARD

Environment Variables:
PATH=C:\ProgramData\Oracle\Java\javapath;C:\Windows\system32;C:\Windows;C:\Windows\System32\Wbem;C:\Windows\System32\WindowsPowerShell\v1.0\;C:\Program Files (x86)\NVIDIA Corporation\PhysX\Common;C:\Program Files (x86)\Windows Kits\8.1\Windows Performance Toolkit\;C:\Program Files\Microsoft SQL Server\110\Tools\Binn\;C:\Program Files\Microsoft SQL Server\110\DTS\Binn\;C:\Program Files (x86)\Microsoft SQL Server\110\Tools\Binn\;C:\Program Files (x86)\Microsoft SQL Server\110\Tools\Binn\ManagementStudio\;C:\Program Files (x86)\Microsoft Visual Studio 10.0\Common7\IDE\PrivateAssemblies\;C:\Program Files (x86)\Microsoft SQL Server\110\DTS\Binn\;C:\Program Files (x86)\GtkSharp\2.12\bin;C:\Program Files (x86)\QuickTime\QTSystem\
USERNAME=Smo
OS=Windows_NT
PROCESSOR_IDENTIFIER=Intel64 Family 6 Model 94 Stepping 3, GenuineIntel



---------------  S Y S T E M  ---------------

OS: Windows 8.1 , 64 bit Build 9600 (6.3.9600.17056)

CPU:total 4 (4 cores per cpu, 1 threads per core) family 6 model 94 stepping 3, cmov, cx8, fxsr, mmx, sse, sse2, sse3, ssse3, sse4.1, sse4.2, popcnt, avx, avx2, aes, clmul, erms, 3dnowpref, lzcnt, tsc, tscinvbit, bmi1, bmi2, adx

Memory: 4k page, physical 8266404k(1919108k free), swap 8266404k(5792k free)

vm_info: Java HotSpot(TM) 64-Bit Server VM (25.92-b14) for windows-amd64 JRE (1.8.0_92-b14), built on Mar 31 2016 21:03:04 by "java_re" with MS VC++ 10.0 (VS2010)

time: Thu May 11 10:30:46 2017
elapsed time: 0 seconds (0d 0h 0m 0s)

