#
# There is insufficient memory for the Java Runtime Environment to continue.
# Native memory allocation (malloc) failed to allocate 725888 bytes for Chunk::new
# Possible reasons:
#   The system is out of physical RAM or swap space
#   In 32 bit mode, the process size limit was hit
# Possible solutions:
#   Reduce memory load on the system
#   Increase physical memory or swap space
#   Check if swap backing store is full
#   Use 64 bit Java on a 64 bit OS
#   Decrease Java heap size (-Xmx/-Xms)
#   Decrease number of Java threads
#   Decrease Java thread stack sizes (-Xss)
#   Set larger code cache with -XX:ReservedCodeCacheSize=
# This output file may be truncated or incomplete.
#
#  Out of Memory Error (allocation.cpp:390), pid=8944, tid=0x0000000000001444
#
# JRE version: Java(TM) SE Runtime Environment (8.0_92-b14) (build 1.8.0_92-b14)
# Java VM: Java HotSpot(TM) 64-Bit Server VM (25.92-b14 mixed mode windows-amd64 compressed oops)
# Failed to write core dump. Minidumps are not enabled by default on client versions of Windows
#

---------------  T H R E A D  ---------------

Current thread (0x000000001534e800):  JavaThread "C2 CompilerThread1" daemon [_thread_in_native, id=5188, stack(0x0000000016a30000,0x0000000016b30000)]

Stack: [0x0000000016a30000,0x0000000016b30000]
[error occurred during error reporting (printing stack bounds), id 0xc0000005]

Native frames: (J=compiled Java code, j=interpreted, Vv=VM code, C=native code)


Current CompileTask:
C2:   1656 1560       4       com.android.dx.ssa.SsaRenamer$BlockRenamer::process (191 bytes)


---------------  P R O C E S S  ---------------

Java Threads: ( => current thread )
  0x0000000016de1000 JavaThread "pool-1-thread-4" [_thread_blocked, id=1432, stack(0x0000000017630000,0x0000000017730000)]
  0x0000000016ddf000 JavaThread "pool-1-thread-3" [_thread_blocked, id=8324, stack(0x0000000017530000,0x0000000017630000)]
  0x0000000016dd9800 JavaThread "pool-1-thread-2" [_thread_blocked, id=8516, stack(0x0000000017430000,0x0000000017530000)]
  0x0000000016dd6800 JavaThread "pool-2-thread-1" [_thread_blocked, id=7736, stack(0x0000000017330000,0x0000000017430000)]
  0x0000000016dd5800 JavaThread "pool-1-thread-1" [_thread_blocked, id=9040, stack(0x0000000017230000,0x0000000017330000)]
  0x000000001535e800 JavaThread "Service Thread" daemon [_thread_blocked, id=6596, stack(0x0000000017030000,0x0000000017130000)]
  0x0000000016b38800 JavaThread "C1 CompilerThread2" daemon [_thread_blocked, id=8664, stack(0x0000000016f30000,0x0000000017030000)]
=>0x000000001534e800 JavaThread "C2 CompilerThread1" daemon [_thread_in_native, id=5188, stack(0x0000000016a30000,0x0000000016b30000)]
  0x00000000152fd000 JavaThread "C2 CompilerThread0" daemon [_thread_in_native, id=8448, stack(0x0000000016930000,0x0000000016a30000)]
  0x00000000152fb800 JavaThread "Attach Listener" daemon [_thread_blocked, id=3720, stack(0x0000000016830000,0x0000000016930000)]
  0x00000000152fa000 JavaThread "Signal Dispatcher" daemon [_thread_blocked, id=7712, stack(0x0000000016730000,0x0000000016830000)]
  0x0000000002c2a800 JavaThread "Finalizer" daemon [_thread_blocked, id=5428, stack(0x0000000016550000,0x0000000016650000)]
  0x00000000152c9000 JavaThread "Reference Handler" daemon [_thread_blocked, id=560, stack(0x0000000016450000,0x0000000016550000)]
  0x0000000002b32800 JavaThread "main" [_thread_blocked, id=6424, stack(0x0000000002970000,0x0000000002a70000)]

Other Threads:
  0x00000000152c7800 VMThread [stack: 0x0000000016350000,0x0000000016450000] [id=7772]
  0x0000000016b5f800 WatcherThread [stack: 0x0000000017130000,0x0000000017230000] [id=5628]

VM state:not at safepoint (normal execution)

VM Mutex/Monitor currently owned by a thread: None

Heap:
 PSYoungGen      total 38400K, used 8071K [0x00000000eab00000, 0x00000000ed580000, 0x0000000100000000)
  eden space 33280K, 8% used [0x00000000eab00000,0x00000000eade2938,0x00000000ecb80000)
  from space 5120K, 99% used [0x00000000ed080000,0x00000000ed57f360,0x00000000ed580000)
  to   space 5120K, 0% used [0x00000000ecb80000,0x00000000ecb80000,0x00000000ed080000)
 ParOldGen       total 87552K, used 5872K [0x00000000c0000000, 0x00000000c5580000, 0x00000000eab00000)
  object space 87552K, 6% used [0x00000000c0000000,0x00000000c05bc3b8,0x00000000c5580000)
 Metaspace       used 6187K, capacity 7090K, committed 7296K, reserved 1056768K
  class space    used 599K, capacity 618K, committed 640K, reserved 1048576K

Card table byte_map: [0x0000000011ff0000,0x0000000012200000] byte_map_base: 0x00000000119f0000

Marking Bits: (ParMarkBitMap*) 0x00000000542664f0
 Begin Bits: [0x0000000012760000, 0x0000000013760000)
 End Bits:   [0x0000000013760000, 0x0000000014760000)

Polling page: 0x0000000001110000

CodeCache: size=245760Kb used=6615Kb max_used=6615Kb free=239145Kb
 bounds [0x0000000002c30000, 0x00000000032b0000, 0x0000000011c30000]
 total_blobs=1833 nmethods=1564 adapters=182
 compilation: enabled

Compilation events (10 events):
Event: 1.505 Thread 0x0000000016b38800 1587       2       java.lang.ref.Reference::clear (6 bytes)
Event: 1.505 Thread 0x0000000016b38800 nmethod 1587 0x0000000003296210 code [0x0000000003296360, 0x00000000032964d0]
Event: 1.506 Thread 0x0000000016b38800 1588       2       com.android.dx.dex.code.FixedSizeInsn::<init> (8 bytes)
Event: 1.506 Thread 0x0000000016b38800 nmethod 1588 0x0000000003295e90 code [0x0000000003296000, 0x0000000003296168]
Event: 1.509 Thread 0x0000000016b38800 1590       2       com.android.dx.dex.cf.CfTranslator::translate0 (259 bytes)
Event: 1.511 Thread 0x0000000016b38800 nmethod 1590 0x00000000032a6890 code [0x00000000032a6b80, 0x00000000032a7958]
Event: 1.524 Thread 0x0000000016b38800 1591       2       com.android.dx.rop.code.Insn$BaseVisitor::visitThrowingInsn (1 bytes)
Event: 1.525 Thread 0x0000000016b38800 nmethod 1591 0x0000000003295b50 code [0x0000000003295ca0, 0x0000000003295df0]
Event: 1.525 Thread 0x0000000016b38800 1592       2       com.android.dx.dex.code.RopTranslator$LocalVariableAwareTranslationVisitor::visitThrowingInsn (11 bytes)
Event: 1.525 Thread 0x0000000016b38800 nmethod 1592 0x00000000032a8d90 code [0x00000000032a8f40, 0x00000000032a9358]

GC Heap History (4 events):
Event: 0.931 GC heap before
{Heap before GC invocations=1 (full 0):
 PSYoungGen      total 38400K, used 33280K [0x00000000eab00000, 0x00000000ed580000, 0x0000000100000000)
  eden space 33280K, 100% used [0x00000000eab00000,0x00000000ecb80000,0x00000000ecb80000)
  from space 5120K, 0% used [0x00000000ed080000,0x00000000ed080000,0x00000000ed580000)
  to   space 5120K, 0% used [0x00000000ecb80000,0x00000000ecb80000,0x00000000ed080000)
 ParOldGen       total 87552K, used 0K [0x00000000c0000000, 0x00000000c5580000, 0x00000000eab00000)
  object space 87552K, 0% used [0x00000000c0000000,0x00000000c0000000,0x00000000c5580000)
 Metaspace       used 6010K, capacity 6898K, committed 7040K, reserved 1056768K
  class space    used 599K, capacity 618K, committed 640K, reserved 1048576K
Event: 0.940 GC heap after
Heap after GC invocations=1 (full 0):
 PSYoungGen      total 38400K, used 5089K [0x00000000eab00000, 0x00000000ed580000, 0x0000000100000000)
  eden space 33280K, 0% used [0x00000000eab00000,0x00000000eab00000,0x00000000ecb80000)
  from space 5120K, 99% used [0x00000000ecb80000,0x00000000ed078460,0x00000000ed080000)
  to   space 5120K, 0% used [0x00000000ed080000,0x00000000ed080000,0x00000000ed580000)
 ParOldGen       total 87552K, used 1286K [0x00000000c0000000, 0x00000000c5580000, 0x00000000eab00000)
  object space 87552K, 1% used [0x00000000c0000000,0x00000000c0141b88,0x00000000c5580000)
 Metaspace       used 6010K, capacity 6898K, committed 7040K, reserved 1056768K
  class space    used 599K, capacity 618K, committed 640K, reserved 1048576K
}
Event: 1.475 GC heap before
{Heap before GC invocations=2 (full 0):
 PSYoungGen      total 38400K, used 38369K [0x00000000eab00000, 0x00000000ed580000, 0x0000000100000000)
  eden space 33280K, 100% used [0x00000000eab00000,0x00000000ecb80000,0x00000000ecb80000)
  from space 5120K, 99% used [0x00000000ecb80000,0x00000000ed078460,0x00000000ed080000)
  to   space 5120K, 0% used [0x00000000ed080000,0x00000000ed080000,0x00000000ed580000)
 ParOldGen       total 87552K, used 1286K [0x00000000c0000000, 0x00000000c5580000, 0x00000000eab00000)
  object space 87552K, 1% used [0x00000000c0000000,0x00000000c0141b88,0x00000000c5580000)
 Metaspace       used 6172K, capacity 7026K, committed 7296K, reserved 1056768K
  class space    used 599K, capacity 618K, committed 640K, reserved 1048576K
Event: 1.500 GC heap after
Heap after GC invocations=2 (full 0):
 PSYoungGen      total 38400K, used 5116K [0x00000000eab00000, 0x00000000ed580000, 0x0000000100000000)
  eden space 33280K, 0% used [0x00000000eab00000,0x00000000eab00000,0x00000000ecb80000)
  from space 5120K, 99% used [0x00000000ed080000,0x00000000ed57f360,0x00000000ed580000)
  to   space 5120K, 0% used [0x00000000ecb80000,0x00000000ecb80000,0x00000000ed080000)
 ParOldGen       total 87552K, used 5872K [0x00000000c0000000, 0x00000000c5580000, 0x00000000eab00000)
  object space 87552K, 6% used [0x00000000c0000000,0x00000000c05bc3b8,0x00000000c5580000)
 Metaspace       used 6172K, capacity 7026K, committed 7296K, reserved 1056768K
  class space    used 599K, capacity 618K, committed 640K, reserved 1048576K
}

Deoptimization events (7 events):
Event: 0.426 Thread 0x0000000016dd5800 Uncommon trap: reason=unstable_if action=reinterpret pc=0x0000000002e89060 method=java.util.HashMap.getNode(ILjava/lang/Object;)Ljava/util/HashMap$Node; @ 129
Event: 0.624 Thread 0x0000000016dd9800 Uncommon trap: reason=unstable_if action=reinterpret pc=0x0000000002e88330 method=java.util.BitSet.nextSetBit(I)I @ 87
Event: 1.084 Thread 0x0000000016dd5800 Uncommon trap: reason=unstable_if action=reinterpret pc=0x0000000003088304 method=com.android.dx.ssa.SsaRenamer$BlockRenamer.addMapping(ILcom/android/dx/rop/code/RegisterSpec;)V @ 120
Event: 1.095 Thread 0x0000000016dd5800 Uncommon trap: reason=unstable_if action=reinterpret pc=0x0000000002ffea84 method=com.android.dx.ssa.SsaRenamer$BlockRenamer.addMapping(ILcom/android/dx/rop/code/RegisterSpec;)V @ 120
Event: 1.097 Thread 0x0000000016dd5800 Uncommon trap: reason=unstable_if action=reinterpret pc=0x00000000030eca70 method=com.android.dx.rop.code.LocalItem.compareHandlesNulls(Lcom/android/dx/rop/cst/CstString;Lcom/android/dx/rop/cst/CstString;)I @ 8
Event: 1.154 Thread 0x0000000016ddf000 Uncommon trap: reason=unstable_if action=reinterpret pc=0x0000000002f07d04 method=com.android.dx.rop.code.RegisterSpec.equals(ILcom/android/dx/rop/type/TypeBearer;Lcom/android/dx/rop/code/LocalItem;)Z @ 42
Event: 1.209 Thread 0x0000000016dd9800 Uncommon trap: reason=unstable_if action=reinterpret pc=0x0000000002fd445c method=com.android.dx.rop.cst.Constant.compareTo(Lcom/android/dx/rop/cst/Constant;)I @ 12

Internal exceptions (3 events):
Event: 0.034 Thread 0x0000000002b32800 Exception <a 'java/lang/NoSuchMethodError': Method sun.misc.Unsafe.defineClass(Ljava/lang/String;[BII)Ljava/lang/Class; name or signature does not match> (0x00000000eab07cc0) thrown at [D:\re\workspace\8-2-build-windows-amd64-cygwin\jdk8u92\6642\hotspot\sr®°¥éaŸ¡?
Event: 0.034 Thread 0x0000000002b32800 Exception <a 'java/lang/NoSuchMethodError': Method sun.misc.Unsafe.prefetchRead(Ljava/lang/Object;J)V name or signature does not match> (0x00000000eab07fa8) thrown at [D:\re\workspace\8-2-build-windows-amd64-cygwin\jdk8u92\6642\hotspot\src\share\vm\prims\j­ñê‘Œñ?
Event: 1.097 Thread 0x0000000016dd5800 Implicit null exception at 0x00000000030eb42a to 0x00000000030eca3d

Events (10 events):
Event: 1.097 Thread 0x0000000016dd5800 DEOPT PACKING pc=0x00000000030eca70 sp=0x000000001732e5c0
Event: 1.097 Thread 0x0000000016dd5800 DEOPT UNPACKING pc=0x0000000002c7582a sp=0x000000001732e358 mode 2
Event: 1.154 Thread 0x0000000016ddf000 Uncommon trap: trap_request=0xffffff65 fr.pc=0x0000000002f07d04
Event: 1.154 Thread 0x0000000016ddf000 DEOPT PACKING pc=0x0000000002f07d04 sp=0x000000001762e8c0
Event: 1.154 Thread 0x0000000016ddf000 DEOPT UNPACKING pc=0x0000000002c7582a sp=0x000000001762e848 mode 2
Event: 1.209 Thread 0x0000000016dd9800 Uncommon trap: trap_request=0xffffff65 fr.pc=0x0000000002fd445c
Event: 1.209 Thread 0x0000000016dd9800 DEOPT PACKING pc=0x0000000002fd445c sp=0x000000001752eaf0
Event: 1.209 Thread 0x0000000016dd9800 DEOPT UNPACKING pc=0x0000000002c7582a sp=0x000000001752ea90 mode 2
Event: 1.475 Executing VM operation: ParallelGCFailedAllocation
Event: 1.500 Executing VM operation: ParallelGCFailedAllocation done


Dynamic libraries:
0x00007ff77dd40000 - 0x00007ff77dd77000 	C:\Program Files\Java\jdk1.8.0_92\bin\java.exe
0x00007ff95e280000 - 0x00007ff95e42a000 	C:\Windows\SYSTEM32\ntdll.dll
0x00007ff95d9d0000 - 0x00007ff95db0a000 	C:\Windows\system32\KERNEL32.DLL
0x00007ff95b9f0000 - 0x00007ff95baff000 	C:\Windows\system32\KERNELBASE.dll
0x00007ff95a220000 - 0x00007ff95a2a8000 	C:\Windows\system32\apphelp.dll
0x00007ff939630000 - 0x00007ff93967f000 	C:\Windows\AppPatch\AppPatch64\AcGenral.DLL
0x00007ff95bb10000 - 0x00007ff95bbb7000 	C:\Windows\system32\msvcrt.dll
0x00007ff95b430000 - 0x00007ff95b45b000 	C:\Windows\SYSTEM32\SspiCli.dll
0x00007ff95dd10000 - 0x00007ff95dd61000 	C:\Windows\system32\SHLWAPI.dll
0x00007ff95d460000 - 0x00007ff95d5d1000 	C:\Windows\system32\USER32.dll
0x00007ff95df50000 - 0x00007ff95e0c8000 	C:\Windows\system32\ole32.dll
0x00007ff95bbc0000 - 0x00007ff95cfd7000 	C:\Windows\system32\SHELL32.dll
0x00007ff95ac60000 - 0x00007ff95ac7e000 	C:\Windows\SYSTEM32\USERENV.dll
0x00007ff95db10000 - 0x00007ff95dbb5000 	C:\Windows\system32\ADVAPI32.dll
0x00007ff956ad0000 - 0x00007ff956aeb000 	C:\Windows\SYSTEM32\MPR.dll
0x00007ff95d5e0000 - 0x00007ff95d716000 	C:\Windows\system32\RPCRT4.dll
0x00007ff95e0d0000 - 0x00007ff95e127000 	C:\Windows\SYSTEM32\sechost.dll
0x00007ff95d090000 - 0x00007ff95d266000 	C:\Windows\SYSTEM32\combase.dll
0x00007ff95e130000 - 0x00007ff95e275000 	C:\Windows\system32\GDI32.dll
0x00007ff95b5f0000 - 0x00007ff95b604000 	C:\Windows\SYSTEM32\profapi.dll
0x00007ff959c50000 - 0x00007ff959cef000 	C:\Windows\SYSTEM32\SHCORE.dll
0x00007ff95dd70000 - 0x00007ff95dda4000 	C:\Windows\system32\IMM32.DLL
0x00007ff95d320000 - 0x00007ff95d459000 	C:\Windows\system32\MSCTF.dll
0x00007ff959340000 - 0x00007ff95959a000 	C:\Windows\WinSxS\amd64_microsoft.windows.common-controls_6595b64144ccf1df_6.0.9600.17031_none_6242a4b3ecbb55a1\COMCTL32.dll
0x00000000533b0000 - 0x0000000053482000 	C:\Program Files\Java\jdk1.8.0_92\jre\bin\msvcr100.dll
0x0000000053a50000 - 0x00000000542e6000 	C:\Program Files\Java\jdk1.8.0_92\jre\bin\server\jvm.dll
0x00007ff955260000 - 0x00007ff955269000 	C:\Windows\SYSTEM32\WSOCK32.dll
0x00007ff952430000 - 0x00007ff95244f000 	C:\Windows\SYSTEM32\WINMM.dll
0x00007ff959300000 - 0x00007ff95930a000 	C:\Windows\SYSTEM32\VERSION.dll
0x00007ff95bb00000 - 0x00007ff95bb07000 	C:\Windows\system32\PSAPI.DLL
0x00007ff95d910000 - 0x00007ff95d968000 	C:\Windows\system32\WS2_32.dll
0x00007ff9523f0000 - 0x00007ff95241a000 	C:\Windows\SYSTEM32\WINMMBASE.dll
0x00007ff95d720000 - 0x00007ff95d729000 	C:\Windows\system32\NSI.dll
0x00007ff95b7c0000 - 0x00007ff95b80a000 	C:\Windows\SYSTEM32\cfgmgr32.dll
0x00007ff95a470000 - 0x00007ff95a496000 	C:\Windows\SYSTEM32\DEVOBJ.dll
0x00000000545e0000 - 0x00000000545ef000 	C:\Program Files\Java\jdk1.8.0_92\jre\bin\verify.dll
0x00000000545b0000 - 0x00000000545d9000 	C:\Program Files\Java\jdk1.8.0_92\jre\bin\java.dll
0x0000000054590000 - 0x00000000545a6000 	C:\Program Files\Java\jdk1.8.0_92\jre\bin\zip.dll

VM Arguments:
jvm_args: -Djava.awt.headless=true -Xmx1024M -Dfile.encoding=windows-1252 -Duser.country=US -Duser.language=en -Duser.variant 
java_command: com.android.dx.command.Main --dex --force-jumbo --num-threads=4 --output C:\Zooket\app\build\intermediates\pre-dexed\debug\gson-2.3.1_c6af6dd6c1e3d279ec9ad25416316f6ca0b33db0.jar C:\Users\Smo\.gradle\caches\modules-2\files-2.1\com.google.code.gson\gson\2.3.1\ecb6e1f8e4b0e84c4b886c2f14a1500caf309757\gson-2.3.1.jar
java_class_path (initial): C:\android-sdk-windows\build-tools\24.0.3\lib\dx.jar
Launcher Type: SUN_STANDARD

Environment Variables:
PATH=C:\ProgramData\Oracle\Java\javapath;C:\Windows\system32;C:\Windows;C:\Windows\System32\Wbem;C:\Windows\System32\WindowsPowerShell\v1.0\;C:\Program Files (x86)\NVIDIA Corporation\PhysX\Common;C:\Program Files (x86)\Windows Kits\8.1\Windows Performance Toolkit\;C:\Program Files\Microsoft SQL Server\110\Tools\Binn\;C:\Program Files\Microsoft SQL Server\110\DTS\Binn\;C:\Program Files (x86)\Microsoft SQL Server\110\Tools\Binn\;C:\Program Files (x86)\Microsoft SQL Server\110\Tools\Binn\ManagementStudio\;C:\Program Files (x86)\Microsoft Visual Studio 10.0\Common7\IDE\PrivateAssemblies\;C:\Program Files (x86)\Microsoft SQL Server\110\DTS\Binn\;C:\Program Files (x86)\GtkSharp\2.12\bin;C:\Program Files (x86)\QuickTime\QTSystem\
USERNAME=Smo
OS=Windows_NT
PROCESSOR_IDENTIFIER=Intel64 Family 6 Model 94 Stepping 3, GenuineIntel



---------------  S Y S T E M  ---------------

OS: Windows 8.1 , 64 bit Build 9600 (6.3.9600.17056)

CPU:total 4 (4 cores per cpu, 1 threads per core) family 6 model 94 stepping 3, cmov, cx8, fxsr, mmx, sse, sse2, sse3, ssse3, sse4.1, sse4.2, popcnt, avx, avx2, aes, clmul, erms, 3dnowpref, lzcnt, tsc, tscinvbit, bmi1, bmi2, adx

Memory: 4k page, physical 8266404k(1224648k free), swap 8266404k(5764k free)

vm_info: Java HotSpot(TM) 64-Bit Server VM (25.92-b14) for windows-amd64 JRE (1.8.0_92-b14), built on Mar 31 2016 21:03:04 by "java_re" with MS VC++ 10.0 (VS2010)

time: Mon May 08 21:20:56 2017
elapsed time: 1 seconds (0d 0h 0m 1s)

