#
# There is insufficient memory for the Java Runtime Environment to continue.
# Native memory allocation (malloc) failed to allocate 219136 bytes for Chunk::new
# Possible reasons:
#   The system is out of physical RAM or swap space
#   In 32 bit mode, the process size limit was hit
# Possible solutions:
#   Reduce memory load on the system
#   Increase physical memory or swap space
#   Check if swap backing store is full
#   Use 64 bit Java on a 64 bit OS
#   Decrease Java heap size (-Xmx/-Xms)
#   Decrease number of Java threads
#   Decrease Java thread stack sizes (-Xss)
#   Set larger code cache with -XX:ReservedCodeCacheSize=
# This output file may be truncated or incomplete.
#
#  Out of Memory Error (allocation.cpp:390), pid=8776, tid=0x0000000000001d74
#
# JRE version: Java(TM) SE Runtime Environment (8.0_92-b14) (build 1.8.0_92-b14)
# Java VM: Java HotSpot(TM) 64-Bit Server VM (25.92-b14 mixed mode windows-amd64 compressed oops)
# Failed to write core dump. Minidumps are not enabled by default on client versions of Windows
#

---------------  T H R E A D  ---------------

Current thread (0x000000001461e000):  JavaThread "C2 CompilerThread0" daemon [_thread_in_native, id=7540, stack(0x0000000015b90000,0x0000000015c90000)]

Stack: [0x0000000015b90000,0x0000000015c90000]
[error occurred during error reporting (printing stack bounds), id 0xc0000005]

Native frames: (J=compiled Java code, j=interpreted, Vv=VM code, C=native code)


Current CompileTask:
C2:   1799 1699       4       com.android.dx.ssa.SsaBasicBlock::newFromRop (183 bytes)


---------------  P R O C E S S  ---------------

Java Threads: ( => current thread )
  0x0000000015ff4800 JavaThread "pool-1-thread-4" [_thread_in_Java, id=6948, stack(0x0000000016890000,0x0000000016990000)]
  0x0000000015ff4000 JavaThread "pool-1-thread-3" [_thread_in_Java, id=7800, stack(0x0000000016790000,0x0000000016890000)]
  0x0000000015eae000 JavaThread "pool-1-thread-2" [_thread_in_Java, id=240, stack(0x0000000016690000,0x0000000016790000)]
  0x0000000015ead000 JavaThread "pool-2-thread-1" [_thread_blocked, id=6376, stack(0x0000000016590000,0x0000000016690000)]
  0x0000000015f11000 JavaThread "pool-1-thread-1" [_thread_blocked, id=5784, stack(0x0000000016490000,0x0000000016590000)]
  0x000000001467b800 JavaThread "Service Thread" daemon [_thread_blocked, id=8552, stack(0x0000000016290000,0x0000000016390000)]
  0x0000000014677800 JavaThread "C1 CompilerThread2" daemon [_thread_blocked, id=2640, stack(0x0000000016190000,0x0000000016290000)]
  0x0000000014621000 JavaThread "C2 CompilerThread1" daemon [_thread_in_native, id=6384, stack(0x0000000015c90000,0x0000000015d90000)]
=>0x000000001461e000 JavaThread "C2 CompilerThread0" daemon [_thread_in_native, id=7540, stack(0x0000000015b90000,0x0000000015c90000)]
  0x000000001461c000 JavaThread "Attach Listener" daemon [_thread_blocked, id=2532, stack(0x0000000015a90000,0x0000000015b90000)]
  0x000000001461b000 JavaThread "Signal Dispatcher" daemon [_thread_blocked, id=6816, stack(0x0000000015990000,0x0000000015a90000)]
  0x000000001460a000 JavaThread "Finalizer" daemon [_thread_blocked, id=9208, stack(0x0000000015890000,0x0000000015990000)]
  0x00000000145e9000 JavaThread "Reference Handler" daemon [_thread_blocked, id=8216, stack(0x0000000015790000,0x0000000015890000)]
  0x0000000001e50800 JavaThread "main" [_thread_in_Java, id=5952, stack(0x0000000001d50000,0x0000000001e50000)]

Other Threads:
  0x00000000145e7800 VMThread [stack: 0x0000000015690000,0x0000000015790000] [id=7344]
  0x0000000015da9800 WatcherThread [stack: 0x0000000016390000,0x0000000016490000] [id=7180]

VM state:not at safepoint (normal execution)

VM Mutex/Monitor currently owned by a thread: None

Heap:
 PSYoungGen      total 71680K, used 57191K [0x00000000eab00000, 0x00000000ef600000, 0x0000000100000000)
  eden space 66560K, 78% used [0x00000000eab00000,0x00000000edddb8a0,0x00000000eec00000)
  from space 5120K, 99% used [0x00000000ef100000,0x00000000ef5fe3a0,0x00000000ef600000)
  to   space 5120K, 0% used [0x00000000eec00000,0x00000000eec00000,0x00000000ef100000)
 ParOldGen       total 87552K, used 6950K [0x00000000c0000000, 0x00000000c5580000, 0x00000000eab00000)
  object space 87552K, 7% used [0x00000000c0000000,0x00000000c06c9a50,0x00000000c5580000)
 Metaspace       used 6028K, capacity 7088K, committed 7296K, reserved 1056768K
  class space    used 582K, capacity 616K, committed 640K, reserved 1048576K

Card table byte_map: [0x0000000011310000,0x0000000011520000] byte_map_base: 0x0000000010d10000

Marking Bits: (ParMarkBitMap*) 0x0000000072cb64f0
 Begin Bits: [0x0000000011a80000, 0x0000000012a80000)
 End Bits:   [0x0000000012a80000, 0x0000000013a80000)

Polling page: 0x0000000000300000

CodeCache: size=245760Kb used=7081Kb max_used=7081Kb free=238678Kb
 bounds [0x0000000001f50000, 0x0000000002640000, 0x0000000010f50000]
 total_blobs=1931 nmethods=1668 adapters=175
 compilation: enabled

Compilation events (10 events):
Event: 1.792 Thread 0x0000000014677800 1686       3       com.android.dx.ssa.SsaRenamer::equalsHandlesNulls (23 bytes)
Event: 1.792 Thread 0x0000000014677800 nmethod 1686 0x00000000025e4290 code [0x00000000025e4400, 0x00000000025e46c8]
Event: 1.792 Thread 0x0000000014677800 1689       3       com.android.dx.ssa.SsaInsn::makeFromRop (10 bytes)
Event: 1.793 Thread 0x0000000014677800 nmethod 1689 0x000000000263c450 code [0x000000000263c5e0, 0x000000000263ca68]
Event: 1.793 Thread 0x0000000014677800 1693       1       com.android.dx.rop.code.LocalItem::getName (5 bytes)
Event: 1.793 Thread 0x0000000014677800 nmethod 1693 0x000000000263ccd0 code [0x000000000263ce20, 0x000000000263cf30]
Event: 1.795 Thread 0x0000000014677800 1703       2       com.android.dx.ssa.SCCP::simulateStmt (481 bytes)
Event: 1.796 Thread 0x0000000014677800 nmethod 1703 0x000000000263cf90 code [0x000000000263d200, 0x000000000263dad8]
Event: 1.797 Thread 0x0000000014677800 1705       2       com.android.dx.rop.cst.CstBaseMethodRef::compareTo0 (29 bytes)
Event: 1.797 Thread 0x0000000014677800 nmethod 1705 0x000000000263e910 code [0x000000000263ea80, 0x000000000263ec78]

GC Heap History (4 events):
Event: 0.468 GC heap before
{Heap before GC invocations=1 (full 0):
 PSYoungGen      total 38400K, used 33280K [0x00000000eab00000, 0x00000000ed580000, 0x0000000100000000)
  eden space 33280K, 100% used [0x00000000eab00000,0x00000000ecb80000,0x00000000ecb80000)
  from space 5120K, 0% used [0x00000000ed080000,0x00000000ed080000,0x00000000ed580000)
  to   space 5120K, 0% used [0x00000000ecb80000,0x00000000ecb80000,0x00000000ed080000)
 ParOldGen       total 87552K, used 0K [0x00000000c0000000, 0x00000000c5580000, 0x00000000eab00000)
  object space 87552K, 0% used [0x00000000c0000000,0x00000000c0000000,0x00000000c5580000)
 Metaspace       used 5685K, capacity 6832K, committed 7040K, reserved 1056768K
  class space    used 576K, capacity 616K, committed 640K, reserved 1048576K
Event: 0.486 GC heap after
Heap after GC invocations=1 (full 0):
 PSYoungGen      total 38400K, used 5089K [0x00000000eab00000, 0x00000000ef600000, 0x0000000100000000)
  eden space 33280K, 0% used [0x00000000eab00000,0x00000000eab00000,0x00000000ecb80000)
  from space 5120K, 99% used [0x00000000ecb80000,0x00000000ed0786e8,0x00000000ed080000)
  to   space 5120K, 0% used [0x00000000ef100000,0x00000000ef100000,0x00000000ef600000)
 ParOldGen       total 87552K, used 1772K [0x00000000c0000000, 0x00000000c5580000, 0x00000000eab00000)
  object space 87552K, 2% used [0x00000000c0000000,0x00000000c01bb2c8,0x00000000c5580000)
 Metaspace       used 5685K, capacity 6832K, committed 7040K, reserved 1056768K
  class space    used 576K, capacity 616K, committed 640K, reserved 1048576K
}
Event: 0.792 GC heap before
{Heap before GC invocations=2 (full 0):
 PSYoungGen      total 38400K, used 38369K [0x00000000eab00000, 0x00000000ef600000, 0x0000000100000000)
  eden space 33280K, 100% used [0x00000000eab00000,0x00000000ecb80000,0x00000000ecb80000)
  from space 5120K, 99% used [0x00000000ecb80000,0x00000000ed0786e8,0x00000000ed080000)
  to   space 5120K, 0% used [0x00000000ef100000,0x00000000ef100000,0x00000000ef600000)
 ParOldGen       total 87552K, used 1772K [0x00000000c0000000, 0x00000000c5580000, 0x00000000eab00000)
  object space 87552K, 2% used [0x00000000c0000000,0x00000000c01bb2c8,0x00000000c5580000)
 Metaspace       used 5836K, capacity 6960K, committed 7040K, reserved 1056768K
  class space    used 576K, capacity 616K, committed 640K, reserved 1048576K
Event: 0.931 GC heap after
Heap after GC invocations=2 (full 0):
 PSYoungGen      total 71680K, used 5112K [0x00000000eab00000, 0x00000000ef600000, 0x0000000100000000)
  eden space 66560K, 0% used [0x00000000eab00000,0x00000000eab00000,0x00000000eec00000)
  from space 5120K, 99% used [0x00000000ef100000,0x00000000ef5fe3a0,0x00000000ef600000)
  to   space 5120K, 0% used [0x00000000eec00000,0x00000000eec00000,0x00000000ef100000)
 ParOldGen       total 87552K, used 6950K [0x00000000c0000000, 0x00000000c5580000, 0x00000000eab00000)
  object space 87552K, 7% used [0x00000000c0000000,0x00000000c06c9a50,0x00000000c5580000)
 Metaspace       used 5836K, capacity 6960K, committed 7040K, reserved 1056768K
  class space    used 576K, capacity 616K, committed 640K, reserved 1048576K
}

Deoptimization events (10 events):
Event: 1.742 Thread 0x0000000001e50800 Uncommon trap: reason=unstable_if action=reinterpret pc=0x000000000245fa94 method=com.android.dx.ssa.NormalSsaInsn.getLocalAssignment()Lcom/android/dx/rop/code/RegisterSpec; @ 12
Event: 1.742 Thread 0x0000000001e50800 Uncommon trap: reason=unstable_if action=reinterpret pc=0x00000000024596c4 method=com.android.dx.ssa.NormalSsaInsn.getLocalAssignment()Lcom/android/dx/rop/code/RegisterSpec; @ 12
Event: 1.752 Thread 0x0000000001e50800 Uncommon trap: reason=unstable_if action=reinterpret pc=0x0000000002575758 method=com.android.dx.rop.code.LocalVariableExtractor.processBlock(I)V @ 138
Event: 1.754 Thread 0x0000000001e50800 Uncommon trap: reason=unstable_if action=reinterpret pc=0x00000000021fc9b8 method=com.android.dx.rop.code.RegisterSpec.equals(ILcom/android/dx/rop/type/TypeBearer;Lcom/android/dx/rop/code/LocalItem;)Z @ 24
Event: 1.757 Thread 0x0000000001e50800 Uncommon trap: reason=unstable_if action=reinterpret pc=0x00000000025ceb5c method=com.android.dx.cf.code.Ropper.mergeAndWorkAsNecessary(IILcom/android/dx/cf/code/Ropper$Subroutine;Lcom/android/dx/cf/code/Frame;[I)V @ 47
Event: 1.757 Thread 0x0000000001e50800 Uncommon trap: reason=unstable_if action=reinterpret pc=0x000000000259ab8c method=com.android.dx.cf.code.ValueAwareMachine.run(Lcom/android/dx/cf/code/Frame;II)V @ 943
Event: 1.761 Thread 0x0000000001e50800 Uncommon trap: reason=unstable_if action=reinterpret pc=0x0000000002427160 method=com.android.dx.ssa.SCCP.simulateBranch(Lcom/android/dx/ssa/SsaInsn;)V @ 53
Event: 1.762 Thread 0x0000000001e50800 Uncommon trap: reason=unstable_if action=reinterpret pc=0x00000000025423e8 method=com.android.dx.ssa.NormalSsaInsn.getLocalAssignment()Lcom/android/dx/rop/code/RegisterSpec; @ 12
Event: 1.787 Thread 0x0000000001e50800 Uncommon trap: reason=unstable_if action=reinterpret pc=0x00000000024342bc method=com.android.dx.ssa.SCCP.simulateStmt(Lcom/android/dx/ssa/SsaInsn;)V @ 469
Event: 1.797 Thread 0x0000000001e50800 Uncommon trap: reason=unstable_if action=reinterpret pc=0x0000000002514f80 method=com.android.dx.rop.type.Prototype.compareTo(Lcom/android/dx/rop/type/Prototype;)I @ 20

Internal exceptions (2 events):
Event: 0.025 Thread 0x0000000001e50800 Exception <a 'java/lang/NoSuchMethodError': Method sun.misc.Unsafe.defineClass(Ljava/lang/String;[BII)Ljava/lang/Class; name or signature does not match> (0x00000000eab07cc0) thrown at [D:\re\workspace\8-2-build-windows-amd64-cygwin\jdk8u92\6642\hotspot\srxy‘¸©c™?
Event: 0.025 Thread 0x0000000001e50800 Exception <a 'java/lang/NoSuchMethodError': Method sun.misc.Unsafe.prefetchRead(Ljava/lang/Object;J)V name or signature does not match> (0x00000000eab07fa8) thrown at [D:\re\workspace\8-2-build-windows-amd64-cygwin\jdk8u92\6642\hotspot\src\share\vm\prims\j

Events (10 events):
Event: 1.761 Thread 0x0000000001e50800 DEOPT UNPACKING pc=0x0000000001f9582a sp=0x0000000001e4ddd8 mode 2
Event: 1.762 Thread 0x0000000001e50800 Uncommon trap: trap_request=0xffffff65 fr.pc=0x00000000025423e8
Event: 1.762 Thread 0x0000000001e50800 DEOPT PACKING pc=0x00000000025423e8 sp=0x0000000001e4df80
Event: 1.762 Thread 0x0000000001e50800 DEOPT UNPACKING pc=0x0000000001f9582a sp=0x0000000001e4de38 mode 2
Event: 1.787 Thread 0x0000000001e50800 Uncommon trap: trap_request=0xffffff65 fr.pc=0x00000000024342bc
Event: 1.787 Thread 0x0000000001e50800 DEOPT PACKING pc=0x00000000024342bc sp=0x0000000001e4df60
Event: 1.787 Thread 0x0000000001e50800 DEOPT UNPACKING pc=0x0000000001f9582a sp=0x0000000001e4df60 mode 2
Event: 1.797 Thread 0x0000000001e50800 Uncommon trap: trap_request=0xffffff65 fr.pc=0x0000000002514f80
Event: 1.797 Thread 0x0000000001e50800 DEOPT PACKING pc=0x0000000002514f80 sp=0x0000000001e4e190
Event: 1.797 Thread 0x0000000001e50800 DEOPT UNPACKING pc=0x0000000001f9582a sp=0x0000000001e4e0a0 mode 2


Dynamic libraries:
0x00007ff77adc0000 - 0x00007ff77adf7000 	C:\Program Files\Java\jdk1.8.0_92\bin\java.exe
0x00007ff94e790000 - 0x00007ff94e93a000 	C:\Windows\SYSTEM32\ntdll.dll
0x00007ff94e0b0000 - 0x00007ff94e1ea000 	C:\Windows\system32\KERNEL32.DLL
0x00007ff94bf00000 - 0x00007ff94c00f000 	C:\Windows\system32\KERNELBASE.dll
0x00007ff94a730000 - 0x00007ff94a7b8000 	C:\Windows\system32\apphelp.dll
0x00007ff944780000 - 0x00007ff9447cf000 	C:\Windows\AppPatch\AppPatch64\AcGenral.DLL
0x00007ff94c4d0000 - 0x00007ff94c577000 	C:\Windows\system32\msvcrt.dll
0x00007ff94b940000 - 0x00007ff94b96b000 	C:\Windows\SYSTEM32\SspiCli.dll
0x00007ff94e1f0000 - 0x00007ff94e241000 	C:\Windows\system32\SHLWAPI.dll
0x00007ff94c720000 - 0x00007ff94c891000 	C:\Windows\system32\USER32.dll
0x00007ff94e550000 - 0x00007ff94e6c8000 	C:\Windows\system32\ole32.dll
0x00007ff94c9f0000 - 0x00007ff94de07000 	C:\Windows\system32\SHELL32.dll
0x00007ff94b170000 - 0x00007ff94b18e000 	C:\Windows\SYSTEM32\USERENV.dll
0x00007ff94c210000 - 0x00007ff94c2b5000 	C:\Windows\system32\ADVAPI32.dll
0x00007ff946f50000 - 0x00007ff946f6b000 	C:\Windows\SYSTEM32\MPR.dll
0x00007ff94e3a0000 - 0x00007ff94e4d6000 	C:\Windows\system32\RPCRT4.dll
0x00007ff94e4e0000 - 0x00007ff94e537000 	C:\Windows\SYSTEM32\sechost.dll
0x00007ff94c010000 - 0x00007ff94c1e6000 	C:\Windows\SYSTEM32\combase.dll
0x00007ff94c8a0000 - 0x00007ff94c9e5000 	C:\Windows\system32\GDI32.dll
0x00007ff94bb00000 - 0x00007ff94bb14000 	C:\Windows\SYSTEM32\profapi.dll
0x00007ff94a160000 - 0x00007ff94a1ff000 	C:\Windows\SYSTEM32\SHCORE.dll
0x00007ff94e2b0000 - 0x00007ff94e2e4000 	C:\Windows\system32\IMM32.DLL
0x00007ff94c580000 - 0x00007ff94c6b9000 	C:\Windows\system32\MSCTF.dll
0x00007ff9498e0000 - 0x00007ff949b3a000 	C:\Windows\WinSxS\amd64_microsoft.windows.common-controls_6595b64144ccf1df_6.0.9600.17031_none_6242a4b3ecbb55a1\COMCTL32.dll
0x0000000072010000 - 0x00000000720e2000 	C:\Program Files\Java\jdk1.8.0_92\jre\bin\msvcr100.dll
0x00000000724a0000 - 0x0000000072d36000 	C:\Program Files\Java\jdk1.8.0_92\jre\bin\server\jvm.dll
0x00007ff92b710000 - 0x00007ff92b719000 	C:\Windows\SYSTEM32\WSOCK32.dll
0x00007ff944330000 - 0x00007ff94434f000 	C:\Windows\SYSTEM32\WINMM.dll
0x00007ff949810000 - 0x00007ff94981a000 	C:\Windows\SYSTEM32\VERSION.dll
0x00007ff94dff0000 - 0x00007ff94dff7000 	C:\Windows\system32\PSAPI.DLL
0x00007ff94e250000 - 0x00007ff94e2a8000 	C:\Windows\system32\WS2_32.dll
0x00007ff9413b0000 - 0x00007ff9413da000 	C:\Windows\SYSTEM32\WINMMBASE.dll
0x00007ff94c2c0000 - 0x00007ff94c2c9000 	C:\Windows\system32\NSI.dll
0x00007ff94bbd0000 - 0x00007ff94bc1a000 	C:\Windows\SYSTEM32\cfgmgr32.dll
0x00007ff94a980000 - 0x00007ff94a9a6000 	C:\Windows\SYSTEM32\DEVOBJ.dll
0x0000000072490000 - 0x000000007249f000 	C:\Program Files\Java\jdk1.8.0_92\jre\bin\verify.dll
0x0000000072460000 - 0x0000000072489000 	C:\Program Files\Java\jdk1.8.0_92\jre\bin\java.dll
0x0000000072440000 - 0x0000000072456000 	C:\Program Files\Java\jdk1.8.0_92\jre\bin\zip.dll

VM Arguments:
jvm_args: -Djava.awt.headless=true -Xmx1024M -Dfile.encoding=windows-1252 -Duser.country=US -Duser.language=en -Duser.variant 
java_command: com.android.dx.command.Main --dex --force-jumbo --num-threads=4 --output C:\Zooket\app\build\intermediates\pre-dexed\debug\main_d0fc38630bf5975ede5b074e90315549bcd3519c.jar C:\Zooket\app\build\intermediates\transforms\instantRun\debug\folders\1\5\main
java_class_path (initial): C:\android-sdk-windows\build-tools\24.0.3\lib\dx.jar
Launcher Type: SUN_STANDARD

Environment Variables:
PATH=C:\ProgramData\Oracle\Java\javapath;C:\Windows\system32;C:\Windows;C:\Windows\System32\Wbem;C:\Windows\System32\WindowsPowerShell\v1.0\;C:\Program Files (x86)\NVIDIA Corporation\PhysX\Common;C:\Program Files (x86)\Windows Kits\8.1\Windows Performance Toolkit\;C:\Program Files\Microsoft SQL Server\110\Tools\Binn\;C:\Program Files\Microsoft SQL Server\110\DTS\Binn\;C:\Program Files (x86)\Microsoft SQL Server\110\Tools\Binn\;C:\Program Files (x86)\Microsoft SQL Server\110\Tools\Binn\ManagementStudio\;C:\Program Files (x86)\Microsoft Visual Studio 10.0\Common7\IDE\PrivateAssemblies\;C:\Program Files (x86)\Microsoft SQL Server\110\DTS\Binn\;C:\Program Files (x86)\GtkSharp\2.12\bin;C:\Program Files (x86)\QuickTime\QTSystem\
USERNAME=Smo
OS=Windows_NT
PROCESSOR_IDENTIFIER=Intel64 Family 6 Model 94 Stepping 3, GenuineIntel



---------------  S Y S T E M  ---------------

OS: Windows 8.1 , 64 bit Build 9600 (6.3.9600.17056)

CPU:total 4 (4 cores per cpu, 1 threads per core) family 6 model 94 stepping 3, cmov, cx8, fxsr, mmx, sse, sse2, sse3, ssse3, sse4.1, sse4.2, popcnt, avx, avx2, aes, clmul, erms, 3dnowpref, lzcnt, tsc, tscinvbit, bmi1, bmi2, adx

Memory: 4k page, physical 8266404k(1002768k free), swap 8266404k(5312k free)

vm_info: Java HotSpot(TM) 64-Bit Server VM (25.92-b14) for windows-amd64 JRE (1.8.0_92-b14), built on Mar 31 2016 21:03:04 by "java_re" with MS VC++ 10.0 (VS2010)

time: Mon May 22 12:28:15 2017
elapsed time: 1 seconds (0d 0h 0m 1s)

