#
# There is insufficient memory for the Java Runtime Environment to continue.
# Native memory allocation (malloc) failed to allocate 547696 bytes for Chunk::new
# Possible reasons:
#   The system is out of physical RAM or swap space
#   In 32 bit mode, the process size limit was hit
# Possible solutions:
#   Reduce memory load on the system
#   Increase physical memory or swap space
#   Check if swap backing store is full
#   Use 64 bit Java on a 64 bit OS
#   Decrease Java heap size (-Xmx/-Xms)
#   Decrease number of Java threads
#   Decrease Java thread stack sizes (-Xss)
#   Set larger code cache with -XX:ReservedCodeCacheSize=
# This output file may be truncated or incomplete.
#
#  Out of Memory Error (allocation.cpp:390), pid=7572, tid=0x0000000000002220
#
# JRE version: Java(TM) SE Runtime Environment (8.0_92-b14) (build 1.8.0_92-b14)
# Java VM: Java HotSpot(TM) 64-Bit Server VM (25.92-b14 mixed mode windows-amd64 compressed oops)
# Failed to write core dump. Minidumps are not enabled by default on client versions of Windows
#

---------------  T H R E A D  ---------------

Current thread (0x000000001540e000):  JavaThread "C2 CompilerThread0" daemon [_thread_in_native, id=8736, stack(0x0000000016a60000,0x0000000016b60000)]

Stack: [0x0000000016a60000,0x0000000016b60000]
[error occurred during error reporting (printing stack bounds), id 0xc0000005]

Native frames: (J=compiled Java code, j=interpreted, Vv=VM code, C=native code)


Current CompileTask:
C2:   1500 1497   !   4       com.android.dx.cf.code.BytecodeArray::parseInstruction (2764 bytes)


---------------  P R O C E S S  ---------------

Java Threads: ( => current thread )
  0x0000000016ee1000 JavaThread "pool-1-thread-4" [_thread_in_Java, id=6320, stack(0x0000000017760000,0x0000000017860000)]
  0x0000000016ee0000 JavaThread "pool-1-thread-3" [_thread_in_Java, id=4932, stack(0x0000000017660000,0x0000000017760000)]
  0x0000000016f1e800 JavaThread "pool-1-thread-2" [_thread_blocked, id=7884, stack(0x0000000017560000,0x0000000017660000)]
  0x0000000016f0e800 JavaThread "pool-2-thread-1" [_thread_blocked, id=7896, stack(0x0000000017460000,0x0000000017560000)]
  0x0000000016f0c000 JavaThread "pool-1-thread-1" [_thread_blocked, id=8776, stack(0x0000000017360000,0x0000000017460000)]
  0x0000000016c66800 JavaThread "Service Thread" daemon [_thread_blocked, id=6840, stack(0x0000000017160000,0x0000000017260000)]
  0x0000000016c61000 JavaThread "C1 CompilerThread2" daemon [_thread_blocked, id=7184, stack(0x0000000017060000,0x0000000017160000)]
  0x0000000015467000 JavaThread "C2 CompilerThread1" daemon [_thread_in_native, id=9428, stack(0x0000000016b60000,0x0000000016c60000)]
=>0x000000001540e000 JavaThread "C2 CompilerThread0" daemon [_thread_in_native, id=8736, stack(0x0000000016a60000,0x0000000016b60000)]
  0x000000001540c000 JavaThread "Attach Listener" daemon [_thread_blocked, id=6604, stack(0x0000000016960000,0x0000000016a60000)]
  0x000000001540a800 JavaThread "Signal Dispatcher" daemon [_thread_blocked, id=10212, stack(0x0000000016860000,0x0000000016960000)]
  0x00000000153fa800 JavaThread "Finalizer" daemon [_thread_blocked, id=8436, stack(0x0000000016680000,0x0000000016780000)]
  0x0000000002d30800 JavaThread "Reference Handler" daemon [_thread_blocked, id=4696, stack(0x0000000016580000,0x0000000016680000)]
  0x0000000002c42800 JavaThread "main" [_thread_blocked, id=9124, stack(0x0000000002b40000,0x0000000002c40000)]

Other Threads:
  0x00000000153d8800 VMThread [stack: 0x0000000016480000,0x0000000016580000] [id=7604]
  0x0000000016c79800 WatcherThread [stack: 0x0000000017260000,0x0000000017360000] [id=2276]

VM state:not at safepoint (normal execution)

VM Mutex/Monitor currently owned by a thread: None

Heap:
 PSYoungGen      total 71680K, used 12908K [0x00000000eab00000, 0x00000000ef600000, 0x0000000100000000)
  eden space 66560K, 11% used [0x00000000eab00000,0x00000000eb29c710,0x00000000eec00000)
  from space 5120K, 99% used [0x00000000ef100000,0x00000000ef5febb8,0x00000000ef600000)
  to   space 5120K, 0% used [0x00000000eec00000,0x00000000eec00000,0x00000000ef100000)
 ParOldGen       total 87552K, used 3298K [0x00000000c0000000, 0x00000000c5580000, 0x00000000eab00000)
  object space 87552K, 3% used [0x00000000c0000000,0x00000000c0338bb8,0x00000000c5580000)
 Metaspace       used 6178K, capacity 7026K, committed 7296K, reserved 1056768K
  class space    used 603K, capacity 618K, committed 640K, reserved 1048576K

Card table byte_map: [0x0000000012100000,0x0000000012310000] byte_map_base: 0x0000000011b00000

Marking Bits: (ParMarkBitMap*) 0x000000005f3764f0
 Begin Bits: [0x0000000012870000, 0x0000000013870000)
 End Bits:   [0x0000000013870000, 0x0000000014870000)

Polling page: 0x0000000001160000

CodeCache: size=245760Kb used=6203Kb max_used=6203Kb free=239556Kb
 bounds [0x0000000002d40000, 0x0000000003360000, 0x0000000011d40000]
 total_blobs=1771 nmethods=1502 adapters=182
 compilation: enabled

Compilation events (10 events):
Event: 1.492 Thread 0x0000000016c61000 1517       1       com.android.dx.ssa.MoveParamCombiner$1::visitPhiInsn (1 bytes)
Event: 1.492 Thread 0x0000000016c61000 nmethod 1517 0x0000000003346e10 code [0x0000000003346f60, 0x0000000003347070]
Event: 1.493 Thread 0x0000000016c61000 1518       1       com.android.dx.rop.cst.CstKnownNull::getType (4 bytes)
Event: 1.494 Thread 0x0000000016c61000 nmethod 1518 0x00000000033515d0 code [0x0000000003351720, 0x0000000003351830]
Event: 1.496 Thread 0x0000000016c61000 1520       2       com.android.dx.dex.file.ValueEncoder::addContents (75 bytes)
Event: 1.497 Thread 0x0000000016c61000 nmethod 1520 0x0000000003350710 code [0x0000000003350900, 0x0000000003350f98]
Event: 1.497 Thread 0x0000000016c61000 1521       2       com.android.dx.rop.cst.CstFieldRef::<init> (7 bytes)
Event: 1.498 Thread 0x0000000016c61000 nmethod 1521 0x0000000003350390 code [0x0000000003350500, 0x0000000003350668]
Event: 1.499 Thread 0x0000000016c61000 1522       2       com.android.dx.dex.file.CodeItem::<init> (81 bytes)
Event: 1.499 Thread 0x0000000016c61000 nmethod 1522 0x000000000334fbd0 code [0x000000000334fd80, 0x0000000003350198]

GC Heap History (4 events):
Event: 0.694 GC heap before
{Heap before GC invocations=1 (full 0):
 PSYoungGen      total 38400K, used 33280K [0x00000000eab00000, 0x00000000ed580000, 0x0000000100000000)
  eden space 33280K, 100% used [0x00000000eab00000,0x00000000ecb80000,0x00000000ecb80000)
  from space 5120K, 0% used [0x00000000ed080000,0x00000000ed080000,0x00000000ed580000)
  to   space 5120K, 0% used [0x00000000ecb80000,0x00000000ecb80000,0x00000000ed080000)
 ParOldGen       total 87552K, used 0K [0x00000000c0000000, 0x00000000c5580000, 0x00000000eab00000)
  object space 87552K, 0% used [0x00000000c0000000,0x00000000c0000000,0x00000000c5580000)
 Metaspace       used 5902K, capacity 6832K, committed 7040K, reserved 1056768K
  class space    used 602K, capacity 616K, committed 640K, reserved 1048576K
Event: 0.739 GC heap after
Heap after GC invocations=1 (full 0):
 PSYoungGen      total 38400K, used 4934K [0x00000000eab00000, 0x00000000ef600000, 0x0000000100000000)
  eden space 33280K, 0% used [0x00000000eab00000,0x00000000eab00000,0x00000000ecb80000)
  from space 5120K, 96% used [0x00000000ecb80000,0x00000000ed0519d8,0x00000000ed080000)
  to   space 5120K, 0% used [0x00000000ef100000,0x00000000ef100000,0x00000000ef600000)
 ParOldGen       total 87552K, used 16K [0x00000000c0000000, 0x00000000c5580000, 0x00000000eab00000)
  object space 87552K, 0% used [0x00000000c0000000,0x00000000c0004000,0x00000000c5580000)
 Metaspace       used 5902K, capacity 6832K, committed 7040K, reserved 1056768K
  class space    used 602K, capacity 616K, committed 640K, reserved 1048576K
}
Event: 1.414 GC heap before
{Heap before GC invocations=2 (full 0):
 PSYoungGen      total 38400K, used 38214K [0x00000000eab00000, 0x00000000ef600000, 0x0000000100000000)
  eden space 33280K, 100% used [0x00000000eab00000,0x00000000ecb80000,0x00000000ecb80000)
  from space 5120K, 96% used [0x00000000ecb80000,0x00000000ed0519d8,0x00000000ed080000)
  to   space 5120K, 0% used [0x00000000ef100000,0x00000000ef100000,0x00000000ef600000)
 ParOldGen       total 87552K, used 16K [0x00000000c0000000, 0x00000000c5580000, 0x00000000eab00000)
  object space 87552K, 0% used [0x00000000c0000000,0x00000000c0004000,0x00000000c5580000)
 Metaspace       used 6173K, capacity 7026K, committed 7296K, reserved 1056768K
  class space    used 603K, capacity 618K, committed 640K, reserved 1048576K
Event: 1.476 GC heap after
Heap after GC invocations=2 (full 0):
 PSYoungGen      total 71680K, used 5114K [0x00000000eab00000, 0x00000000ef600000, 0x0000000100000000)
  eden space 66560K, 0% used [0x00000000eab00000,0x00000000eab00000,0x00000000eec00000)
  from space 5120K, 99% used [0x00000000ef100000,0x00000000ef5febb8,0x00000000ef600000)
  to   space 5120K, 0% used [0x00000000eec00000,0x00000000eec00000,0x00000000ef100000)
 ParOldGen       total 87552K, used 3298K [0x00000000c0000000, 0x00000000c5580000, 0x00000000eab00000)
  object space 87552K, 3% used [0x00000000c0000000,0x00000000c0338bb8,0x00000000c5580000)
 Metaspace       used 6173K, capacity 7026K, committed 7296K, reserved 1056768K
  class space    used 603K, capacity 618K, committed 640K, reserved 1048576K
}

Deoptimization events (10 events):
Event: 1.161 Thread 0x0000000016f0c000 Uncommon trap: reason=class_check action=maybe_recompile pc=0x000000000308e150 method=com.android.dx.rop.type.Type.equals(Ljava/lang/Object;)Z @ 8
Event: 1.162 Thread 0x0000000016f0c000 Uncommon trap: reason=unstable_if action=reinterpret pc=0x0000000002f9b064 method=java.util.HashMap.getNode(ILjava/lang/Object;)Ljava/util/HashMap$Node; @ 129
Event: 1.162 Thread 0x0000000016f0c000 Uncommon trap: reason=class_check action=maybe_recompile pc=0x00000000031f5ae8 method=com.android.dx.rop.type.Type.equals(Ljava/lang/Object;)Z @ 8
Event: 1.313 Thread 0x0000000002c42800 Uncommon trap: reason=bimorphic action=maybe_recompile pc=0x000000000331a174 method=com.android.dx.cf.code.BytecodeArray.parseInstruction(ILcom/android/dx/cf/code/BytecodeArray$Visitor;)I @ 955
Event: 1.313 Thread 0x0000000002c42800 Uncommon trap: reason=bimorphic action=maybe_recompile pc=0x0000000003319ff4 method=com.android.dx.cf.code.BytecodeArray.parseInstruction(ILcom/android/dx/cf/code/BytecodeArray$Visitor;)I @ 907
Event: 1.313 Thread 0x0000000002c42800 Uncommon trap: reason=bimorphic action=maybe_recompile pc=0x000000000331a648 method=com.android.dx.cf.code.BytecodeArray.parseInstruction(ILcom/android/dx/cf/code/BytecodeArray$Visitor;)I @ 1224
Event: 1.313 Thread 0x0000000002c42800 Uncommon trap: reason=bimorphic action=maybe_recompile pc=0x000000000331a074 method=com.android.dx.cf.code.BytecodeArray.parseInstruction(ILcom/android/dx/cf/code/BytecodeArray$Visitor;)I @ 923
Event: 1.313 Thread 0x0000000002c42800 Uncommon trap: reason=bimorphic action=maybe_recompile pc=0x000000000331a648 method=com.android.dx.cf.code.BytecodeArray.parseInstruction(ILcom/android/dx/cf/code/BytecodeArray$Visitor;)I @ 1224
Event: 1.482 Thread 0x0000000016ee0000 Uncommon trap: reason=unstable_if action=reinterpret pc=0x000000000315f57c method=com.android.dx.util.IntList.binarysearch(I)I @ 105
Event: 1.483 Thread 0x0000000016ee0000 Uncommon trap: reason=unstable_if action=reinterpret pc=0x0000000003241578 method=com.android.dx.ssa.SCCP.simulateStmt(Lcom/android/dx/ssa/SsaInsn;)V @ 59

Internal exceptions (3 events):
Event: 0.223 Thread 0x0000000002c42800 Exception <a 'java/lang/NoSuchMethodError': Method sun.misc.Unsafe.defineClass(Ljava/lang/String;[BII)Ljava/lang/Class; name or signature does not match> (0x00000000eab07cc0) thrown at [D:\re\workspace\8-2-build-windows-amd64-cygwin\jdk8u92\6642\hotspot\sró;cÈ¢ŒÌ?
Event: 0.223 Thread 0x0000000002c42800 Exception <a 'java/lang/NoSuchMethodError': Method sun.misc.Unsafe.prefetchRead(Ljava/lang/Object;J)V name or signature does not match> (0x00000000eab07fa8) thrown at [D:\re\workspace\8-2-build-windows-amd64-cygwin\jdk8u92\6642\hotspot\src\share\vm\prims\jl8&r ò?
Event: 1.132 Thread 0x0000000016f1e800 Implicit null exception at 0x00000000032345e2 to 0x00000000032346da

Events (10 events):
Event: 1.313 Thread 0x0000000002c42800 DEOPT PACKING pc=0x000000000331a648 sp=0x0000000002c3e0c0
Event: 1.313 Thread 0x0000000002c42800 DEOPT UNPACKING pc=0x0000000002d8582a sp=0x0000000002c3e048 mode 2
Event: 1.315 Executing VM operation: ParallelGCFailedAllocation
Event: 1.476 Executing VM operation: ParallelGCFailedAllocation done
Event: 1.482 Thread 0x0000000016ee0000 Uncommon trap: trap_request=0xffffff65 fr.pc=0x000000000315f57c
Event: 1.482 Thread 0x0000000016ee0000 DEOPT PACKING pc=0x000000000315f57c sp=0x000000001775e630
Event: 1.482 Thread 0x0000000016ee0000 DEOPT UNPACKING pc=0x0000000002d8582a sp=0x000000001775e5a8 mode 2
Event: 1.483 Thread 0x0000000016ee0000 Uncommon trap: trap_request=0xffffff65 fr.pc=0x0000000003241578
Event: 1.483 Thread 0x0000000016ee0000 DEOPT PACKING pc=0x0000000003241578 sp=0x000000001775e6c0
Event: 1.484 Thread 0x0000000016ee0000 DEOPT UNPACKING pc=0x0000000002d8582a sp=0x000000001775e6a8 mode 2


Dynamic libraries:
0x00007ff784500000 - 0x00007ff784537000 	C:\Program Files\Java\jdk1.8.0_92\bin\java.exe
0x00007ffbfef50000 - 0x00007ffbff0fa000 	C:\Windows\SYSTEM32\ntdll.dll
0x00007ffbfcfd0000 - 0x00007ffbfd10a000 	C:\Windows\system32\KERNEL32.DLL
0x00007ffbfc670000 - 0x00007ffbfc77f000 	C:\Windows\system32\KERNELBASE.dll
0x00007ffbfaef0000 - 0x00007ffbfaf78000 	C:\Windows\system32\apphelp.dll
0x00007ffbe0910000 - 0x00007ffbe095f000 	C:\Windows\AppPatch\AppPatch64\AcGenral.DLL
0x00007ffbfd110000 - 0x00007ffbfd1b7000 	C:\Windows\system32\msvcrt.dll
0x00007ffbfc100000 - 0x00007ffbfc12b000 	C:\Windows\SYSTEM32\SspiCli.dll
0x00007ffbfc7d0000 - 0x00007ffbfc821000 	C:\Windows\system32\SHLWAPI.dll
0x00007ffbfcce0000 - 0x00007ffbfce51000 	C:\Windows\system32\USER32.dll
0x00007ffbfe9d0000 - 0x00007ffbfeb48000 	C:\Windows\system32\ole32.dll
0x00007ffbfd1d0000 - 0x00007ffbfe5e7000 	C:\Windows\system32\SHELL32.dll
0x00007ffbfb930000 - 0x00007ffbfb94e000 	C:\Windows\SYSTEM32\USERENV.dll
0x00007ffbfcb20000 - 0x00007ffbfcbc5000 	C:\Windows\system32\ADVAPI32.dll
0x00007ffbf7330000 - 0x00007ffbf734b000 	C:\Windows\SYSTEM32\MPR.dll
0x00007ffbfeba0000 - 0x00007ffbfecd6000 	C:\Windows\system32\RPCRT4.dll
0x00007ffbfcc80000 - 0x00007ffbfccd7000 	C:\Windows\SYSTEM32\sechost.dll
0x00007ffbfed70000 - 0x00007ffbfef46000 	C:\Windows\SYSTEM32\combase.dll
0x00007ffbfc890000 - 0x00007ffbfc9d5000 	C:\Windows\system32\GDI32.dll
0x00007ffbfc2c0000 - 0x00007ffbfc2d4000 	C:\Windows\SYSTEM32\profapi.dll
0x00007ffbfa920000 - 0x00007ffbfa9bf000 	C:\Windows\SYSTEM32\SHCORE.dll
0x00007ffbfeb50000 - 0x00007ffbfeb84000 	C:\Windows\system32\IMM32.DLL
0x00007ffbfc9e0000 - 0x00007ffbfcb19000 	C:\Windows\system32\MSCTF.dll
0x00007ffbfa0a0000 - 0x00007ffbfa2fa000 	C:\Windows\WinSxS\amd64_microsoft.windows.common-controls_6595b64144ccf1df_6.0.9600.17031_none_6242a4b3ecbb55a1\COMCTL32.dll
0x000000005e6d0000 - 0x000000005e7a2000 	C:\Program Files\Java\jdk1.8.0_92\jre\bin\msvcr100.dll
0x000000005eb60000 - 0x000000005f3f6000 	C:\Program Files\Java\jdk1.8.0_92\jre\bin\server\jvm.dll
0x00007ffbe9090000 - 0x00007ffbe9099000 	C:\Windows\SYSTEM32\WSOCK32.dll
0x00007ffbeeae0000 - 0x00007ffbeeaff000 	C:\Windows\SYSTEM32\WINMM.dll
0x00007ffbf9fd0000 - 0x00007ffbf9fda000 	C:\Windows\SYSTEM32\VERSION.dll
0x00007ffbfd1c0000 - 0x00007ffbfd1c7000 	C:\Windows\system32\PSAPI.DLL
0x00007ffbfe5f0000 - 0x00007ffbfe648000 	C:\Windows\system32\WS2_32.dll
0x00007ffbee9f0000 - 0x00007ffbeea1a000 	C:\Windows\SYSTEM32\WINMMBASE.dll
0x00007ffbfeb90000 - 0x00007ffbfeb99000 	C:\Windows\system32\NSI.dll
0x00007ffbfc780000 - 0x00007ffbfc7ca000 	C:\Windows\SYSTEM32\cfgmgr32.dll
0x00007ffbfb140000 - 0x00007ffbfb166000 	C:\Windows\SYSTEM32\DEVOBJ.dll
0x000000005eb50000 - 0x000000005eb5f000 	C:\Program Files\Java\jdk1.8.0_92\jre\bin\verify.dll
0x000000005eb20000 - 0x000000005eb49000 	C:\Program Files\Java\jdk1.8.0_92\jre\bin\java.dll
0x000000005eb00000 - 0x000000005eb16000 	C:\Program Files\Java\jdk1.8.0_92\jre\bin\zip.dll

VM Arguments:
jvm_args: -Djava.awt.headless=true -Xmx1024M -Dfile.encoding=windows-1252 -Duser.country=US -Duser.language=en -Duser.variant 
java_command: com.android.dx.command.Main --dex --force-jumbo --num-threads=4 --output C:\Zooket\app\build\intermediates\pre-dexed\debug\com.android.support-support-v4-23.4.0_f734d97fa04a2e05a1116d02dcc997e4eda30f5a.jar C:\Zooket\app\build\intermediates\exploded-aar\com.android.support\support-v4\23.4.0\jars\classes.jar
java_class_path (initial): C:\android-sdk-windows\build-tools\24.0.3\lib\dx.jar
Launcher Type: SUN_STANDARD

Environment Variables:
PATH=C:\ProgramData\Oracle\Java\javapath;C:\Windows\system32;C:\Windows;C:\Windows\System32\Wbem;C:\Windows\System32\WindowsPowerShell\v1.0\;C:\Program Files (x86)\NVIDIA Corporation\PhysX\Common;C:\Program Files (x86)\Windows Kits\8.1\Windows Performance Toolkit\;C:\Program Files\Microsoft SQL Server\110\Tools\Binn\;C:\Program Files\Microsoft SQL Server\110\DTS\Binn\;C:\Program Files (x86)\Microsoft SQL Server\110\Tools\Binn\;C:\Program Files (x86)\Microsoft SQL Server\110\Tools\Binn\ManagementStudio\;C:\Program Files (x86)\Microsoft Visual Studio 10.0\Common7\IDE\PrivateAssemblies\;C:\Program Files (x86)\Microsoft SQL Server\110\DTS\Binn\;C:\Program Files (x86)\GtkSharp\2.12\bin;C:\Program Files (x86)\QuickTime\QTSystem\
USERNAME=Smo
OS=Windows_NT
PROCESSOR_IDENTIFIER=Intel64 Family 6 Model 94 Stepping 3, GenuineIntel



---------------  S Y S T E M  ---------------

OS: Windows 8.1 , 64 bit Build 9600 (6.3.9600.17056)

CPU:total 4 (4 cores per cpu, 1 threads per core) family 6 model 94 stepping 3, cmov, cx8, fxsr, mmx, sse, sse2, sse3, ssse3, sse4.1, sse4.2, popcnt, avx, avx2, aes, clmul, erms, 3dnowpref, lzcnt, tsc, tscinvbit, bmi1, bmi2, adx

Memory: 4k page, physical 8266404k(1071268k free), swap 8266404k(5484k free)

vm_info: Java HotSpot(TM) 64-Bit Server VM (25.92-b14) for windows-amd64 JRE (1.8.0_92-b14), built on Mar 31 2016 21:03:04 by "java_re" with MS VC++ 10.0 (VS2010)

time: Thu May 11 18:20:53 2017
elapsed time: 1 seconds (0d 0h 0m 1s)

