#
# There is insufficient memory for the Java Runtime Environment to continue.
# Native memory allocation (malloc) failed to allocate 434016 bytes for Chunk::new
# Possible reasons:
#   The system is out of physical RAM or swap space
#   In 32 bit mode, the process size limit was hit
# Possible solutions:
#   Reduce memory load on the system
#   Increase physical memory or swap space
#   Check if swap backing store is full
#   Use 64 bit Java on a 64 bit OS
#   Decrease Java heap size (-Xmx/-Xms)
#   Decrease number of Java threads
#   Decrease Java thread stack sizes (-Xss)
#   Set larger code cache with -XX:ReservedCodeCacheSize=
# This output file may be truncated or incomplete.
#
#  Out of Memory Error (allocation.cpp:390), pid=5320, tid=0x0000000000001564
#
# JRE version: Java(TM) SE Runtime Environment (8.0_92-b14) (build 1.8.0_92-b14)
# Java VM: Java HotSpot(TM) 64-Bit Server VM (25.92-b14 mixed mode windows-amd64 compressed oops)
# Failed to write core dump. Minidumps are not enabled by default on client versions of Windows
#

---------------  T H R E A D  ---------------

Current thread (0x0000000014d3e000):  JavaThread "C2 CompilerThread0" daemon [_thread_in_native, id=5476, stack(0x0000000016370000,0x0000000016470000)]

Stack: [0x0000000016370000,0x0000000016470000]
[error occurred during error reporting (printing stack bounds), id 0xc0000005]

Native frames: (J=compiled Java code, j=interpreted, Vv=VM code, C=native code)


Current CompileTask:
C2:   5985 1881   !   4       com.android.dx.cf.code.RopperMachine::run (1550 bytes)


---------------  P R O C E S S  ---------------

Java Threads: ( => current thread )
  0x0000000016803800 JavaThread "pool-1-thread-4" [_thread_blocked, id=7552, stack(0x0000000017070000,0x0000000017170000)]
  0x0000000016852000 JavaThread "pool-1-thread-3" [_thread_blocked, id=2472, stack(0x0000000016f70000,0x0000000017070000)]
  0x0000000016851000 JavaThread "pool-1-thread-2" [_thread_in_Java, id=4316, stack(0x0000000016e70000,0x0000000016f70000)]
  0x0000000016850800 JavaThread "pool-2-thread-1" [_thread_blocked, id=6048, stack(0x0000000016d70000,0x0000000016e70000)]
  0x000000001684f800 JavaThread "pool-1-thread-1" [_thread_in_Java, id=1288, stack(0x0000000016c70000,0x0000000016d70000)]
  0x000000001657d000 JavaThread "Service Thread" daemon [_thread_blocked, id=7792, stack(0x0000000016a70000,0x0000000016b70000)]
  0x0000000014d9e000 JavaThread "C1 CompilerThread2" daemon [_thread_blocked, id=4936, stack(0x0000000016970000,0x0000000016a70000)]
  0x0000000014d97800 JavaThread "C2 CompilerThread1" daemon [_thread_in_native, id=6476, stack(0x0000000016470000,0x0000000016570000)]
=>0x0000000014d3e000 JavaThread "C2 CompilerThread0" daemon [_thread_in_native, id=5476, stack(0x0000000016370000,0x0000000016470000)]
  0x0000000014d3c000 JavaThread "Attach Listener" daemon [_thread_blocked, id=4940, stack(0x0000000016270000,0x0000000016370000)]
  0x0000000014d3b000 JavaThread "Signal Dispatcher" daemon [_thread_blocked, id=6500, stack(0x0000000016170000,0x0000000016270000)]
  0x0000000014d2a800 JavaThread "Finalizer" daemon [_thread_blocked, id=3916, stack(0x0000000015f90000,0x0000000016090000)]
  0x0000000002660800 JavaThread "Reference Handler" daemon [_thread_blocked, id=8108, stack(0x0000000015e90000,0x0000000015f90000)]
  0x0000000002572800 JavaThread "main" [_thread_blocked, id=4184, stack(0x0000000002380000,0x0000000002480000)]

Other Threads:
  0x0000000014d08800 VMThread [stack: 0x0000000015d90000,0x0000000015e90000] [id=6384]
  0x0000000016599000 WatcherThread [stack: 0x0000000016b70000,0x0000000016c70000] [id=3068]

VM state:not at safepoint (normal execution)

VM Mutex/Monitor currently owned by a thread: None

Heap:
 PSYoungGen      total 71680K, used 48731K [0x00000000eab00000, 0x00000000ef600000, 0x0000000100000000)
  eden space 66560K, 65% used [0x00000000eab00000,0x00000000ed59ee48,0x00000000eec00000)
  from space 5120K, 99% used [0x00000000eec00000,0x00000000ef0f8048,0x00000000ef100000)
  to   space 5120K, 0% used [0x00000000ef100000,0x00000000ef100000,0x00000000ef600000)
 ParOldGen       total 87552K, used 14653K [0x00000000c0000000, 0x00000000c5580000, 0x00000000eab00000)
  object space 87552K, 16% used [0x00000000c0000000,0x00000000c0e4f7e0,0x00000000c5580000)
 Metaspace       used 6405K, capacity 7154K, committed 7296K, reserved 1056768K
  class space    used 601K, capacity 618K, committed 640K, reserved 1048576K

Card table byte_map: [0x0000000011a30000,0x0000000011c40000] byte_map_base: 0x0000000011430000

Marking Bits: (ParMarkBitMap*) 0x0000000066bd64f0
 Begin Bits: [0x00000000121a0000, 0x00000000131a0000)
 End Bits:   [0x00000000131a0000, 0x00000000141a0000)

Polling page: 0x0000000000ba0000

CodeCache: size=245760Kb used=7700Kb max_used=7714Kb free=238059Kb
 bounds [0x0000000002670000, 0x0000000002e10000, 0x0000000011670000]
 total_blobs=2164 nmethods=1896 adapters=181
 compilation: enabled

Compilation events (10 events):
Event: 5.891 Thread 0x0000000014d3e000 nmethod 1913 0x0000000002df7890 code [0x0000000002df7ae0, 0x0000000002df9888]
Event: 5.891 Thread 0x0000000014d3e000 1946       4       com.android.dx.ssa.SsaBasicBlock::getRopLabelSuccessorList (57 bytes)
Event: 5.899 Thread 0x0000000014d3e000 nmethod 1946 0x0000000002df6850 code [0x0000000002df69e0, 0x0000000002df71f8]
Event: 5.899 Thread 0x0000000014d3e000 1920       4       com.android.dx.cf.iface.StdAttributeList::findFirst (44 bytes)
Event: 5.901 Thread 0x0000000014d3e000 nmethod 1920 0x0000000002df4790 code [0x0000000002df48e0, 0x0000000002df4bd8]
Event: 5.901 Thread 0x0000000014d3e000 1880       4       com.android.dx.cf.code.BaseMachine::storeResults (90 bytes)
Event: 5.911 Thread 0x0000000014d3e000 nmethod 1880 0x0000000002dfc050 code [0x0000000002dfc280, 0x0000000002dfd010]
Event: 5.911 Thread 0x0000000014d3e000 1906       4       java.util.TreeMap::put (247 bytes)
Event: 5.921 Thread 0x0000000014d3e000 nmethod 1906 0x0000000002dfe750 code [0x0000000002dfe920, 0x0000000002dff490]
Event: 5.921 Thread 0x0000000014d3e000 1881   !   4       com.android.dx.cf.code.RopperMachine::run (1550 bytes)

GC Heap History (6 events):
Event: 0.938 GC heap before
{Heap before GC invocations=1 (full 0):
 PSYoungGen      total 38400K, used 33280K [0x00000000eab00000, 0x00000000ed580000, 0x0000000100000000)
  eden space 33280K, 100% used [0x00000000eab00000,0x00000000ecb80000,0x00000000ecb80000)
  from space 5120K, 0% used [0x00000000ed080000,0x00000000ed080000,0x00000000ed580000)
  to   space 5120K, 0% used [0x00000000ecb80000,0x00000000ecb80000,0x00000000ed080000)
 ParOldGen       total 87552K, used 0K [0x00000000c0000000, 0x00000000c5580000, 0x00000000eab00000)
  object space 87552K, 0% used [0x00000000c0000000,0x00000000c0000000,0x00000000c5580000)
 Metaspace       used 5988K, capacity 6898K, committed 7040K, reserved 1056768K
  class space    used 600K, capacity 618K, committed 640K, reserved 1048576K
Event: 1.168 GC heap after
Heap after GC invocations=1 (full 0):
 PSYoungGen      total 38400K, used 5089K [0x00000000eab00000, 0x00000000ef600000, 0x0000000100000000)
  eden space 33280K, 0% used [0x00000000eab00000,0x00000000eab00000,0x00000000ecb80000)
  from space 5120K, 99% used [0x00000000ecb80000,0x00000000ed078450,0x00000000ed080000)
  to   space 5120K, 0% used [0x00000000ef100000,0x00000000ef100000,0x00000000ef600000)
 ParOldGen       total 87552K, used 1085K [0x00000000c0000000, 0x00000000c5580000, 0x00000000eab00000)
  object space 87552K, 1% used [0x00000000c0000000,0x00000000c010f770,0x00000000c5580000)
 Metaspace       used 5988K, capacity 6898K, committed 7040K, reserved 1056768K
  class space    used 600K, capacity 618K, committed 640K, reserved 1048576K
}
Event: 1.530 GC heap before
{Heap before GC invocations=2 (full 0):
 PSYoungGen      total 38400K, used 38369K [0x00000000eab00000, 0x00000000ef600000, 0x0000000100000000)
  eden space 33280K, 100% used [0x00000000eab00000,0x00000000ecb80000,0x00000000ecb80000)
  from space 5120K, 99% used [0x00000000ecb80000,0x00000000ed078450,0x00000000ed080000)
  to   space 5120K, 0% used [0x00000000ef100000,0x00000000ef100000,0x00000000ef600000)
 ParOldGen       total 87552K, used 1085K [0x00000000c0000000, 0x00000000c5580000, 0x00000000eab00000)
  object space 87552K, 1% used [0x00000000c0000000,0x00000000c010f770,0x00000000c5580000)
 Metaspace       used 6200K, capacity 7090K, committed 7296K, reserved 1056768K
  class space    used 601K, capacity 618K, committed 640K, reserved 1048576K
Event: 1.956 GC heap after
Heap after GC invocations=2 (full 0):
 PSYoungGen      total 71680K, used 5104K [0x00000000eab00000, 0x00000000ef600000, 0x0000000100000000)
  eden space 66560K, 0% used [0x00000000eab00000,0x00000000eab00000,0x00000000eec00000)
  from space 5120K, 99% used [0x00000000ef100000,0x00000000ef5fc038,0x00000000ef600000)
  to   space 5120K, 0% used [0x00000000eec00000,0x00000000eec00000,0x00000000ef100000)
 ParOldGen       total 87552K, used 5041K [0x00000000c0000000, 0x00000000c5580000, 0x00000000eab00000)
  object space 87552K, 5% used [0x00000000c0000000,0x00000000c04ec6f0,0x00000000c5580000)
 Metaspace       used 6200K, capacity 7090K, committed 7296K, reserved 1056768K
  class space    used 601K, capacity 618K, committed 640K, reserved 1048576K
}
Event: 5.483 GC heap before
{Heap before GC invocations=3 (full 0):
 PSYoungGen      total 71680K, used 71664K [0x00000000eab00000, 0x00000000ef600000, 0x0000000100000000)
  eden space 66560K, 100% used [0x00000000eab00000,0x00000000eec00000,0x00000000eec00000)
  from space 5120K, 99% used [0x00000000ef100000,0x00000000ef5fc038,0x00000000ef600000)
  to   space 5120K, 0% used [0x00000000eec00000,0x00000000eec00000,0x00000000ef100000)
 ParOldGen       total 87552K, used 5041K [0x00000000c0000000, 0x00000000c5580000, 0x00000000eab00000)
  object space 87552K, 5% used [0x00000000c0000000,0x00000000c04ec6f0,0x00000000c5580000)
 Metaspace       used 6402K, capacity 7154K, committed 7296K, reserved 1056768K
  class space    used 601K, capacity 618K, committed 640K, reserved 1048576K
Event: 5.673 GC heap after
Heap after GC invocations=3 (full 0):
 PSYoungGen      total 71680K, used 5088K [0x00000000eab00000, 0x00000000ef600000, 0x0000000100000000)
  eden space 66560K, 0% used [0x00000000eab00000,0x00000000eab00000,0x00000000eec00000)
  from space 5120K, 99% used [0x00000000eec00000,0x00000000ef0f8048,0x00000000ef100000)
  to   space 5120K, 0% used [0x00000000ef100000,0x00000000ef100000,0x00000000ef600000)
 ParOldGen       total 87552K, used 14653K [0x00000000c0000000, 0x00000000c5580000, 0x00000000eab00000)
  object space 87552K, 16% used [0x00000000c0000000,0x00000000c0e4f7e0,0x00000000c5580000)
 Metaspace       used 6402K, capacity 7154K, committed 7296K, reserved 1056768K
  class space    used 601K, capacity 618K, committed 640K, reserved 1048576K
}

Deoptimization events (10 events):
Event: 4.166 Thread 0x0000000016851000 Uncommon trap: reason=unstable_if action=reinterpret pc=0x0000000002c99cb0 method=com.android.dx.cf.code.BytecodeArray.parseInstruction(ILcom/android/dx/cf/code/BytecodeArray$Visitor;)I @ 1198
Event: 4.180 Thread 0x0000000016851000 Uncommon trap: reason=unstable_if action=reinterpret pc=0x0000000002cd2624 method=com.android.dx.cf.code.Merger.mergeType(Lcom/android/dx/rop/type/TypeBearer;Lcom/android/dx/rop/type/TypeBearer;)Lcom/android/dx/rop/type/TypeBearer; @ 133
Event: 4.180 Thread 0x0000000016851000 Uncommon trap: reason=class_check action=maybe_recompile pc=0x0000000002c85af8 method=com.android.dx.ssa.SCCP.simulateBranch(Lcom/android/dx/ssa/SsaInsn;)V @ 145
Event: 5.748 Thread 0x0000000016851000 Uncommon trap: reason=bimorphic action=maybe_recompile pc=0x0000000002ce0488 method=com.android.dx.ssa.SCCP.setLatticeValueTo(IILcom/android/dx/rop/cst/Constant;)Z @ 43
Event: 5.748 Thread 0x0000000016851000 Uncommon trap: reason=bimorphic action=maybe_recompile pc=0x0000000002ce0488 method=com.android.dx.ssa.SCCP.setLatticeValueTo(IILcom/android/dx/rop/cst/Constant;)Z @ 43
Event: 5.748 Thread 0x0000000016851000 Uncommon trap: reason=bimorphic action=maybe_recompile pc=0x0000000002ce01e4 method=com.android.dx.ssa.SCCP.simulatePhi(Lcom/android/dx/ssa/PhiInsn;)V @ 124
Event: 5.748 Thread 0x0000000016851000 Uncommon trap: reason=bimorphic action=maybe_recompile pc=0x0000000002c81674 method=com.android.dx.ssa.SCCP.setLatticeValueTo(IILcom/android/dx/rop/cst/Constant;)Z @ 43
Event: 5.748 Thread 0x0000000016851000 Uncommon trap: reason=bimorphic action=maybe_recompile pc=0x0000000002ce01e4 method=com.android.dx.ssa.SCCP.simulatePhi(Lcom/android/dx/ssa/PhiInsn;)V @ 124
Event: 5.748 Thread 0x0000000016851000 Uncommon trap: reason=bimorphic action=maybe_recompile pc=0x0000000002c81674 method=com.android.dx.ssa.SCCP.setLatticeValueTo(IILcom/android/dx/rop/cst/Constant;)Z @ 43
Event: 5.748 Thread 0x0000000016851000 Uncommon trap: reason=bimorphic action=maybe_recompile pc=0x0000000002ce0488 method=com.android.dx.ssa.SCCP.setLatticeValueTo(IILcom/android/dx/rop/cst/Constant;)Z @ 43

Internal exceptions (3 events):
Event: 0.033 Thread 0x0000000002572800 Exception <a 'java/lang/NoSuchMethodError': Method sun.misc.Unsafe.defineClass(Ljava/lang/String;[BII)Ljava/lang/Class; name or signature does not match> (0x00000000eab07cc0) thrown at [D:\re\workspace\8-2-build-windows-amd64-cygwin\jdk8u92\6642\hotspot\sr«˜mÀ¡?
Event: 0.033 Thread 0x0000000002572800 Exception <a 'java/lang/NoSuchMethodError': Method sun.misc.Unsafe.prefetchRead(Ljava/lang/Object;J)V name or signature does not match> (0x00000000eab07fa8) thrown at [D:\re\workspace\8-2-build-windows-amd64-cygwin\jdk8u92\6642\hotspot\src\share\vm\prims\jãÏÖªÔQä?
Event: 0.635 Thread 0x0000000002572800 Implicit null exception at 0x0000000002948c22 to 0x0000000002948d1a

Events (10 events):
Event: 5.786 Thread 0x000000001684f800 DEOPT PACKING pc=0x0000000002aedfa1 sp=0x0000000016d6e870
Event: 5.786 Thread 0x000000001684f800 DEOPT UNPACKING pc=0x00000000026b787f sp=0x0000000016d6e650 mode 0
Event: 5.830 Thread 0x0000000016852000 DEOPT PACKING pc=0x0000000002a3defd sp=0x000000001706e860
Event: 5.830 Thread 0x0000000016852000 DEOPT UNPACKING pc=0x00000000026b787f sp=0x000000001706e598 mode 0
Event: 5.830 Thread 0x0000000016852000 DEOPT PACKING pc=0x0000000002ae3abc sp=0x000000001706e820
Event: 5.830 Thread 0x0000000016852000 DEOPT UNPACKING pc=0x00000000026b787f sp=0x000000001706e5e0 mode 0
Event: 5.847 Thread 0x0000000016852000 DEOPT PACKING pc=0x0000000002af51c9 sp=0x000000001706e840
Event: 5.847 Thread 0x0000000016852000 DEOPT UNPACKING pc=0x00000000026b787f sp=0x000000001706e5d0 mode 0
Event: 5.854 Thread 0x0000000016852000 DEOPT PACKING pc=0x0000000002ab13a8 sp=0x000000001706e780
Event: 5.854 Thread 0x0000000016852000 DEOPT UNPACKING pc=0x00000000026b787f sp=0x000000001706e5b0 mode 0


Dynamic libraries:
0x00007ff6735d0000 - 0x00007ff673607000 	C:\Program Files\Java\jdk1.8.0_92\bin\java.exe
0x00007ff93cdb0000 - 0x00007ff93cf5a000 	C:\Windows\SYSTEM32\ntdll.dll
0x00007ff93a690000 - 0x00007ff93a7ca000 	C:\Windows\system32\KERNEL32.DLL
0x00007ff93a340000 - 0x00007ff93a44f000 	C:\Windows\system32\KERNELBASE.dll
0x00007ff938d50000 - 0x00007ff938dd8000 	C:\Windows\system32\apphelp.dll
0x00007ff9245a0000 - 0x00007ff9245ef000 	C:\Windows\AppPatch\AppPatch64\AcGenral.DLL
0x00007ff93cd00000 - 0x00007ff93cda7000 	C:\Windows\system32\msvcrt.dll
0x00007ff939f60000 - 0x00007ff939f8b000 	C:\Windows\SYSTEM32\SspiCli.dll
0x00007ff93b640000 - 0x00007ff93b691000 	C:\Windows\system32\SHLWAPI.dll
0x00007ff93aaa0000 - 0x00007ff93ac11000 	C:\Windows\system32\USER32.dll
0x00007ff93b280000 - 0x00007ff93b3f8000 	C:\Windows\system32\ole32.dll
0x00007ff93b8e0000 - 0x00007ff93ccf7000 	C:\Windows\system32\SHELL32.dll
0x00007ff939790000 - 0x00007ff9397ae000 	C:\Windows\SYSTEM32\USERENV.dll
0x00007ff93a7d0000 - 0x00007ff93a875000 	C:\Windows\system32\ADVAPI32.dll
0x00007ff935560000 - 0x00007ff93557b000 	C:\Windows\SYSTEM32\MPR.dll
0x00007ff93b140000 - 0x00007ff93b276000 	C:\Windows\system32\RPCRT4.dll
0x00007ff93b880000 - 0x00007ff93b8d7000 	C:\Windows\SYSTEM32\sechost.dll
0x00007ff93b6a0000 - 0x00007ff93b876000 	C:\Windows\SYSTEM32\combase.dll
0x00007ff93af90000 - 0x00007ff93b0d5000 	C:\Windows\system32\GDI32.dll
0x00007ff93a120000 - 0x00007ff93a134000 	C:\Windows\SYSTEM32\profapi.dll
0x00007ff938780000 - 0x00007ff93881f000 	C:\Windows\SYSTEM32\SHCORE.dll
0x00007ff93ace0000 - 0x00007ff93ad14000 	C:\Windows\system32\IMM32.DLL
0x00007ff93a940000 - 0x00007ff93aa79000 	C:\Windows\system32\MSCTF.dll
0x00007ff937e70000 - 0x00007ff9380ca000 	C:\Windows\WinSxS\amd64_microsoft.windows.common-controls_6595b64144ccf1df_6.0.9600.17031_none_6242a4b3ecbb55a1\COMCTL32.dll
0x0000000066c60000 - 0x0000000066d32000 	C:\Program Files\Java\jdk1.8.0_92\jre\bin\msvcr100.dll
0x00000000663c0000 - 0x0000000066c56000 	C:\Program Files\Java\jdk1.8.0_92\jre\bin\server\jvm.dll
0x00007ff9329b0000 - 0x00007ff9329b9000 	C:\Windows\SYSTEM32\WSOCK32.dll
0x00007ff932ab0000 - 0x00007ff932acf000 	C:\Windows\SYSTEM32\WINMM.dll
0x00007ff937e30000 - 0x00007ff937e3a000 	C:\Windows\SYSTEM32\VERSION.dll
0x00007ff93aa90000 - 0x00007ff93aa97000 	C:\Windows\system32\PSAPI.DLL
0x00007ff93b0e0000 - 0x00007ff93b138000 	C:\Windows\system32\WS2_32.dll
0x00007ff92ff60000 - 0x00007ff92ff8a000 	C:\Windows\SYSTEM32\WINMMBASE.dll
0x00007ff93aa80000 - 0x00007ff93aa89000 	C:\Windows\system32\NSI.dll
0x00007ff93a1f0000 - 0x00007ff93a23a000 	C:\Windows\SYSTEM32\cfgmgr32.dll
0x00007ff938fa0000 - 0x00007ff938fc6000 	C:\Windows\SYSTEM32\DEVOBJ.dll
0x00000000663b0000 - 0x00000000663bf000 	C:\Program Files\Java\jdk1.8.0_92\jre\bin\verify.dll
0x0000000066380000 - 0x00000000663a9000 	C:\Program Files\Java\jdk1.8.0_92\jre\bin\java.dll
0x0000000066360000 - 0x0000000066376000 	C:\Program Files\Java\jdk1.8.0_92\jre\bin\zip.dll

VM Arguments:
jvm_args: -Djava.awt.headless=true -Xmx1024M -Dfile.encoding=windows-1252 -Duser.country=US -Duser.language=en -Duser.variant 
java_command: com.android.dx.command.Main --dex --force-jumbo --num-threads=4 --output C:\Zooket\app\build\intermediates\pre-dexed\debug\com.google.android.gms-play-services-ads-lite-9.0.1_2dc38df99dc4eaaa10a9c5a6696f16713e6572a1.jar C:\Zooket\app\build\intermediates\exploded-aar\com.google.android.gms\play-services-ads-lite\9.0.1\jars\classes.jar
java_class_path (initial): C:\android-sdk-windows\build-tools\24.0.3\lib\dx.jar
Launcher Type: SUN_STANDARD

Environment Variables:
PATH=C:\ProgramData\Oracle\Java\javapath;C:\Windows\system32;C:\Windows;C:\Windows\System32\Wbem;C:\Windows\System32\WindowsPowerShell\v1.0\;C:\Program Files (x86)\NVIDIA Corporation\PhysX\Common;C:\Program Files (x86)\Windows Kits\8.1\Windows Performance Toolkit\;C:\Program Files\Microsoft SQL Server\110\Tools\Binn\;C:\Program Files\Microsoft SQL Server\110\DTS\Binn\;C:\Program Files (x86)\Microsoft SQL Server\110\Tools\Binn\;C:\Program Files (x86)\Microsoft SQL Server\110\Tools\Binn\ManagementStudio\;C:\Program Files (x86)\Microsoft Visual Studio 10.0\Common7\IDE\PrivateAssemblies\;C:\Program Files (x86)\Microsoft SQL Server\110\DTS\Binn\;C:\Program Files (x86)\GtkSharp\2.12\bin;C:\Program Files (x86)\QuickTime\QTSystem\
USERNAME=Smo
OS=Windows_NT
PROCESSOR_IDENTIFIER=Intel64 Family 6 Model 94 Stepping 3, GenuineIntel



---------------  S Y S T E M  ---------------

OS: Windows 8.1 , 64 bit Build 9600 (6.3.9600.17056)

CPU:total 4 (4 cores per cpu, 1 threads per core) family 6 model 94 stepping 3, cmov, cx8, fxsr, mmx, sse, sse2, sse3, ssse3, sse4.1, sse4.2, popcnt, avx, avx2, aes, clmul, erms, 3dnowpref, lzcnt, tsc, tscinvbit, bmi1, bmi2, adx

Memory: 4k page, physical 8266404k(1129936k free), swap 8266404k(5128k free)

vm_info: Java HotSpot(TM) 64-Bit Server VM (25.92-b14) for windows-amd64 JRE (1.8.0_92-b14), built on Mar 31 2016 21:03:04 by "java_re" with MS VC++ 10.0 (VS2010)

time: Fri Jun 02 11:55:31 2017
elapsed time: 5 seconds (0d 0h 0m 5s)

