#
# There is insufficient memory for the Java Runtime Environment to continue.
# Native memory allocation (malloc) failed to allocate 118704 bytes for Chunk::new
# Possible reasons:
#   The system is out of physical RAM or swap space
#   In 32 bit mode, the process size limit was hit
# Possible solutions:
#   Reduce memory load on the system
#   Increase physical memory or swap space
#   Check if swap backing store is full
#   Use 64 bit Java on a 64 bit OS
#   Decrease Java heap size (-Xmx/-Xms)
#   Decrease number of Java threads
#   Decrease Java thread stack sizes (-Xss)
#   Set larger code cache with -XX:ReservedCodeCacheSize=
# This output file may be truncated or incomplete.
#
#  Out of Memory Error (allocation.cpp:390), pid=5156, tid=0x0000000000001a74
#
# JRE version: Java(TM) SE Runtime Environment (8.0_92-b14) (build 1.8.0_92-b14)
# Java VM: Java HotSpot(TM) 64-Bit Server VM (25.92-b14 mixed mode windows-amd64 compressed oops)
# Failed to write core dump. Minidumps are not enabled by default on client versions of Windows
#

---------------  T H R E A D  ---------------

Current thread (0x0000000014937800):  JavaThread "C2 CompilerThread1" daemon [_thread_in_native, id=6772, stack(0x0000000016010000,0x0000000016110000)]

Stack: [0x0000000016010000,0x0000000016110000]
[error occurred during error reporting (printing stack bounds), id 0xc0000005]

Native frames: (J=compiled Java code, j=interpreted, Vv=VM code, C=native code)


Current CompileTask:
C2:  13589 2460   !   4       com.android.dx.rop.type.Prototype::intern (233 bytes)


---------------  P R O C E S S  ---------------

Java Threads: ( => current thread )
  0x00000000163da800 JavaThread "pool-1-thread-4" [_thread_in_Java, id=6612, stack(0x0000000016c10000,0x0000000016d10000)]
  0x00000000163d9800 JavaThread "pool-1-thread-3" [_thread_in_Java, id=2900, stack(0x0000000016b10000,0x0000000016c10000)]
  0x00000000163d8800 JavaThread "pool-1-thread-2" [_thread_in_Java, id=7420, stack(0x0000000016a10000,0x0000000016b10000)]
  0x00000000163d0000 JavaThread "pool-2-thread-1" [_thread_blocked, id=7324, stack(0x0000000016910000,0x0000000016a10000)]
  0x0000000016369800 JavaThread "pool-1-thread-1" [_thread_in_Java, id=1100, stack(0x0000000016810000,0x0000000016910000)]
  0x0000000016116800 JavaThread "Service Thread" daemon [_thread_blocked, id=7788, stack(0x0000000016610000,0x0000000016710000)]
  0x0000000016111000 JavaThread "C1 CompilerThread2" daemon [_thread_blocked, id=4108, stack(0x0000000016510000,0x0000000016610000)]
=>0x0000000014937800 JavaThread "C2 CompilerThread1" daemon [_thread_in_native, id=6772, stack(0x0000000016010000,0x0000000016110000)]
  0x00000000148de000 JavaThread "C2 CompilerThread0" daemon [_thread_in_native, id=6924, stack(0x0000000015f10000,0x0000000016010000)]
  0x00000000148dc000 JavaThread "Attach Listener" daemon [_thread_blocked, id=7980, stack(0x0000000015e10000,0x0000000015f10000)]
  0x00000000148db000 JavaThread "Signal Dispatcher" daemon [_thread_blocked, id=2080, stack(0x0000000015d10000,0x0000000015e10000)]
  0x00000000148ca800 JavaThread "Finalizer" daemon [_thread_blocked, id=2312, stack(0x0000000015b30000,0x0000000015c30000)]
  0x0000000002200800 JavaThread "Reference Handler" daemon [_thread_blocked, id=4732, stack(0x0000000015a30000,0x0000000015b30000)]
  0x0000000002112800 JavaThread "main" [_thread_in_vm, id=2956, stack(0x0000000001fa0000,0x00000000020a0000)]

Other Threads:
  0x00000000148a8800 VMThread [stack: 0x0000000015930000,0x0000000015a30000] [id=8048]
  0x0000000016131800 WatcherThread [stack: 0x0000000016710000,0x0000000016810000] [id=1172]

VM state:not at safepoint (normal execution)

VM Mutex/Monitor currently owned by a thread: None

Heap:
 PSYoungGen      total 232960K, used 59978K [0x00000000eab00000, 0x0000000100000000, 0x0000000100000000)
  eden space 116736K, 20% used [0x00000000eab00000,0x00000000ec27df40,0x00000000f1d00000)
  from space 116224K, 30% used [0x00000000f8e80000,0x00000000fb194cb0,0x0000000100000000)
  to   space 116224K, 0% used [0x00000000f1d00000,0x00000000f1d00000,0x00000000f8e80000)
 ParOldGen       total 338432K, used 224692K [0x00000000c0000000, 0x00000000d4a80000, 0x00000000eab00000)
  object space 338432K, 66% used [0x00000000c0000000,0x00000000cdb6d350,0x00000000d4a80000)
 Metaspace       used 6520K, capacity 7256K, committed 7424K, reserved 1056768K
  class space    used 624K, capacity 656K, committed 768K, reserved 1048576K

Card table byte_map: [0x00000000115d0000,0x00000000117e0000] byte_map_base: 0x0000000010fd0000

Marking Bits: (ParMarkBitMap*) 0x00000000547a64f0
 Begin Bits: [0x0000000011d40000, 0x0000000012d40000)
 End Bits:   [0x0000000012d40000, 0x0000000013d40000)

Polling page: 0x0000000000630000

CodeCache: size=245760Kb used=11681Kb max_used=11681Kb free=234078Kb
 bounds [0x0000000002210000, 0x0000000002d90000, 0x0000000011210000]
 total_blobs=2516 nmethods=2247 adapters=181
 compilation: enabled

Compilation events (10 events):
Event: 13.256 Thread 0x0000000016111000 2468   !   3       com.android.dx.cf.direct.AnnotationParser::parseAnnotationAttribute (43 bytes)
Event: 13.257 Thread 0x0000000016111000 nmethod 2468 0x0000000002d72250 code [0x0000000002d72400, 0x0000000002d72938]
Event: 13.257 Thread 0x0000000016111000 2469   !   3       com.android.dx.cf.attrib.BaseAnnotations::<init> (48 bytes)
Event: 13.257 Thread 0x0000000016111000 nmethod 2469 0x0000000002d71750 code [0x0000000002d71900, 0x0000000002d71ee8]
Event: 13.257 Thread 0x0000000016111000 2470       3       com.android.dx.cf.attrib.BaseAnnotations::byteLength (8 bytes)
Event: 13.257 Thread 0x0000000016111000 nmethod 2470 0x0000000002d30e10 code [0x0000000002d30f60, 0x0000000002d310b0]
Event: 13.258 Thread 0x0000000016111000 2471 %     3       com.android.dx.ssa.back.RegisterAllocator::insertMoveBefore @ 198 (240 bytes)
Event: 13.260 Thread 0x0000000016111000 nmethod 2471% 0x0000000002d7af50 code [0x0000000002d7b3e0, 0x0000000002d7e348]
Event: 13.551 Thread 0x0000000016111000 2478       1       com.android.dx.ssa.LiteralOpUpgrader$1::visitPhiInsn (1 bytes)
Event: 13.551 Thread 0x0000000016111000 nmethod 2478 0x0000000002d65fd0 code [0x0000000002d66120, 0x0000000002d66230]

GC Heap History (10 events):
Event: 11.600 GC heap before
{Heap before GC invocations=13 (full 3):
 PSYoungGen      total 210432K, used 199408K [0x00000000eab00000, 0x0000000100000000, 0x0000000100000000)
  eden space 116736K, 100% used [0x00000000eab00000,0x00000000f1d00000,0x00000000f1d00000)
  from space 93696K, 88% used [0x00000000fa480000,0x00000000ff53c250,0x0000000100000000)
  to   space 116224K, 0% used [0x00000000f1d00000,0x00000000f1d00000,0x00000000f8e80000)
 ParOldGen       total 306176K, used 155785K [0x00000000c0000000, 0x00000000d2b00000, 0x00000000eab00000)
  object space 306176K, 50% used [0x00000000c0000000,0x00000000c9822470,0x00000000d2b00000)
 Metaspace       used 6515K, capacity 7256K, committed 7424K, reserved 1056768K
  class space    used 624K, capacity 656K, committed 768K, reserved 1048576K
Event: 11.702 GC heap after
Heap after GC invocations=13 (full 3):
 PSYoungGen      total 232960K, used 113698K [0x00000000eab00000, 0x0000000100000000, 0x0000000100000000)
  eden space 116736K, 0% used [0x00000000eab00000,0x00000000eab00000,0x00000000f1d00000)
  from space 116224K, 97% used [0x00000000f1d00000,0x00000000f8c08bc8,0x00000000f8e80000)
  to   space 116224K, 0% used [0x00000000f8e80000,0x00000000f8e80000,0x0000000100000000)
 ParOldGen       total 306176K, used 163012K [0x00000000c0000000, 0x00000000d2b00000, 0x00000000eab00000)
  object space 306176K, 53% used [0x00000000c0000000,0x00000000c9f31078,0x00000000d2b00000)
 Metaspace       used 6515K, capacity 7256K, committed 7424K, reserved 1056768K
  class space    used 624K, capacity 656K, committed 768K, reserved 1048576K
}
Event: 11.786 GC heap before
{Heap before GC invocations=14 (full 3):
 PSYoungGen      total 232960K, used 230434K [0x00000000eab00000, 0x0000000100000000, 0x0000000100000000)
  eden space 116736K, 100% used [0x00000000eab00000,0x00000000f1d00000,0x00000000f1d00000)
  from space 116224K, 97% used [0x00000000f1d00000,0x00000000f8c08bc8,0x00000000f8e80000)
  to   space 116224K, 0% used [0x00000000f8e80000,0x00000000f8e80000,0x0000000100000000)
 ParOldGen       total 306176K, used 163012K [0x00000000c0000000, 0x00000000d2b00000, 0x00000000eab00000)
  object space 306176K, 53% used [0x00000000c0000000,0x00000000c9f31078,0x00000000d2b00000)
 Metaspace       used 6515K, capacity 7256K, committed 7424K, reserved 1056768K
  class space    used 624K, capacity 656K, committed 768K, reserved 1048576K
Event: 11.884 GC heap after
Heap after GC invocations=14 (full 3):
 PSYoungGen      total 232960K, used 104943K [0x00000000eab00000, 0x0000000100000000, 0x0000000100000000)
  eden space 116736K, 0% used [0x00000000eab00000,0x00000000eab00000,0x00000000f1d00000)
  from space 116224K, 90% used [0x00000000f8e80000,0x00000000ff4fbcf8,0x0000000100000000)
  to   space 116224K, 0% used [0x00000000f1d00000,0x00000000f1d00000,0x00000000f8e80000)
 ParOldGen       total 306176K, used 232973K [0x00000000c0000000, 0x00000000d2b00000, 0x00000000eab00000)
  object space 306176K, 76% used [0x00000000c0000000,0x00000000ce383650,0x00000000d2b00000)
 Metaspace       used 6515K, capacity 7256K, committed 7424K, reserved 1056768K
  class space    used 624K, capacity 656K, committed 768K, reserved 1048576K
}
Event: 11.935 GC heap before
{Heap before GC invocations=15 (full 3):
 PSYoungGen      total 232960K, used 221679K [0x00000000eab00000, 0x0000000100000000, 0x0000000100000000)
  eden space 116736K, 100% used [0x00000000eab00000,0x00000000f1d00000,0x00000000f1d00000)
  from space 116224K, 90% used [0x00000000f8e80000,0x00000000ff4fbcf8,0x0000000100000000)
  to   space 116224K, 0% used [0x00000000f1d00000,0x00000000f1d00000,0x00000000f8e80000)
 ParOldGen       total 306176K, used 232973K [0x00000000c0000000, 0x00000000d2b00000, 0x00000000eab00000)
  object space 306176K, 76% used [0x00000000c0000000,0x00000000ce383650,0x00000000d2b00000)
 Metaspace       used 6515K, capacity 7256K, committed 7424K, reserved 1056768K
  class space    used 624K, capacity 656K, committed 768K, reserved 1048576K
Event: 12.026 GC heap after
Heap after GC invocations=15 (full 3):
 PSYoungGen      total 232960K, used 55496K [0x00000000eab00000, 0x0000000100000000, 0x0000000100000000)
  eden space 116736K, 0% used [0x00000000eab00000,0x00000000eab00000,0x00000000f1d00000)
  from space 116224K, 47% used [0x00000000f1d00000,0x00000000f5332388,0x00000000f8e80000)
  to   space 116224K, 0% used [0x00000000f8e80000,0x00000000f8e80000,0x0000000100000000)
 ParOldGen       total 338432K, used 338219K [0x00000000c0000000, 0x00000000d4a80000, 0x00000000eab00000)
  object space 338432K, 99% used [0x00000000c0000000,0x00000000d4a4ad38,0x00000000d4a80000)
 Metaspace       used 6515K, capacity 7256K, committed 7424K, reserved 1056768K
  class space    used 624K, capacity 656K, committed 768K, reserved 1048576K
}
Event: 12.026 GC heap before
{Heap before GC invocations=16 (full 4):
 PSYoungGen      total 232960K, used 55496K [0x00000000eab00000, 0x0000000100000000, 0x0000000100000000)
  eden space 116736K, 0% used [0x00000000eab00000,0x00000000eab00000,0x00000000f1d00000)
  from space 116224K, 47% used [0x00000000f1d00000,0x00000000f5332388,0x00000000f8e80000)
  to   space 116224K, 0% used [0x00000000f8e80000,0x00000000f8e80000,0x0000000100000000)
 ParOldGen       total 338432K, used 338219K [0x00000000c0000000, 0x00000000d4a80000, 0x00000000eab00000)
  object space 338432K, 99% used [0x00000000c0000000,0x00000000d4a4ad38,0x00000000d4a80000)
 Metaspace       used 6515K, capacity 7256K, committed 7424K, reserved 1056768K
  class space    used 624K, capacity 656K, committed 768K, reserved 1048576K
Event: 12.917 GC heap after
Heap after GC invocations=16 (full 4):
 PSYoungGen      total 232960K, used 0K [0x00000000eab00000, 0x0000000100000000, 0x0000000100000000)
  eden space 116736K, 0% used [0x00000000eab00000,0x00000000eab00000,0x00000000f1d00000)
  from space 116224K, 0% used [0x00000000f1d00000,0x00000000f1d00000,0x00000000f8e80000)
  to   space 116224K, 0% used [0x00000000f8e80000,0x00000000f8e80000,0x0000000100000000)
 ParOldGen       total 338432K, used 224692K [0x00000000c0000000, 0x00000000d4a80000, 0x00000000eab00000)
  object space 338432K, 66% used [0x00000000c0000000,0x00000000cdb6d350,0x00000000d4a80000)
 Metaspace       used 6515K, capacity 7256K, committed 7424K, reserved 1056768K
  class space    used 624K, capacity 656K, committed 768K, reserved 1048576K
}
Event: 13.481 GC heap before
{Heap before GC invocations=17 (full 4):
 PSYoungGen      total 232960K, used 116736K [0x00000000eab00000, 0x0000000100000000, 0x0000000100000000)
  eden space 116736K, 100% used [0x00000000eab00000,0x00000000f1d00000,0x00000000f1d00000)
  from space 116224K, 0% used [0x00000000f1d00000,0x00000000f1d00000,0x00000000f8e80000)
  to   space 116224K, 0% used [0x00000000f8e80000,0x00000000f8e80000,0x0000000100000000)
 ParOldGen       total 338432K, used 224692K [0x00000000c0000000, 0x00000000d4a80000, 0x00000000eab00000)
  object space 338432K, 66% used [0x00000000c0000000,0x00000000cdb6d350,0x00000000d4a80000)
 Metaspace       used 6520K, capacity 7256K, committed 7424K, reserved 1056768K
  class space    used 624K, capacity 656K, committed 768K, reserved 1048576K
Event: 13.544 GC heap after
Heap after GC invocations=17 (full 4):
 PSYoungGen      total 232960K, used 35923K [0x00000000eab00000, 0x0000000100000000, 0x0000000100000000)
  eden space 116736K, 0% used [0x00000000eab00000,0x00000000eab00000,0x00000000f1d00000)
  from space 116224K, 30% used [0x00000000f8e80000,0x00000000fb194cb0,0x0000000100000000)
  to   space 116224K, 0% used [0x00000000f1d00000,0x00000000f1d00000,0x00000000f8e80000)
 ParOldGen       total 338432K, used 224692K [0x00000000c0000000, 0x00000000d4a80000, 0x00000000eab00000)
  object space 338432K, 66% used [0x00000000c0000000,0x00000000cdb6d350,0x00000000d4a80000)
 Metaspace       used 6520K, capacity 7256K, committed 7424K, reserved 1056768K
  class space    used 624K, capacity 656K, committed 768K, reserved 1048576K
}

Deoptimization events (10 events):
Event: 8.620 Thread 0x0000000002112800 Uncommon trap: reason=bimorphic action=maybe_recompile pc=0x0000000002b54180 method=com.android.dx.cf.code.BytecodeArray.parseInstruction(ILcom/android/dx/cf/code/BytecodeArray$Visitor;)I @ 2281
Event: 8.620 Thread 0x0000000002112800 Uncommon trap: reason=bimorphic action=maybe_recompile pc=0x0000000002b54180 method=com.android.dx.cf.code.BytecodeArray.parseInstruction(ILcom/android/dx/cf/code/BytecodeArray$Visitor;)I @ 2281
Event: 9.757 Thread 0x0000000002112800 Uncommon trap: reason=unstable_if action=reinterpret pc=0x0000000002bb1bd8 method=com.android.dx.ssa.Dominators.run()V @ 346
Event: 10.215 Thread 0x0000000002112800 Uncommon trap: reason=speculate_class_check action=maybe_recompile pc=0x0000000002952300 method=com.android.dx.rop.cst.TypedConstant.getBasicType()I @ 1
Event: 10.739 Thread 0x0000000002112800 Uncommon trap: reason=speculate_class_check action=maybe_recompile pc=0x0000000002952300 method=com.android.dx.rop.cst.TypedConstant.getBasicType()I @ 1
Event: 10.741 Thread 0x0000000002112800 Uncommon trap: reason=speculate_class_check action=maybe_recompile pc=0x0000000002952300 method=com.android.dx.rop.cst.TypedConstant.getBasicType()I @ 1
Event: 10.762 Thread 0x0000000002112800 Uncommon trap: reason=unstable_if action=reinterpret pc=0x0000000002a24d98 method=com.android.dx.ssa.back.IdenticalBlockCombiner.replaceSucc(Lcom/android/dx/rop/code/BasicBlock;II)V @ 30
Event: 11.012 Thread 0x0000000002112800 Uncommon trap: reason=bimorphic action=maybe_recompile pc=0x0000000002c160a8 method=com.android.dx.cf.code.BytecodeArray.parseInstruction(ILcom/android/dx/cf/code/BytecodeArray$Visitor;)I @ 1597
Event: 11.012 Thread 0x0000000002112800 Uncommon trap: reason=bimorphic action=maybe_recompile pc=0x0000000002c160a8 method=com.android.dx.cf.code.BytecodeArray.parseInstruction(ILcom/android/dx/cf/code/BytecodeArray$Visitor;)I @ 1597
Event: 11.087 Thread 0x0000000002112800 Uncommon trap: reason=unstable_if action=reinterpret pc=0x00000000027d424c method=com.android.dx.ssa.MoveParamCombiner$1.visitNonMoveInsn(Lcom/android/dx/ssa/NormalSsaInsn;)V @ 27

Internal exceptions (6 events):
Event: 0.422 Thread 0x0000000002112800 Exception <a 'java/lang/NoSuchMethodError': Method sun.misc.Unsafe.defineClass(Ljava/lang/String;[BII)Ljava/lang/Class; name or signature does not match> (0x00000000eab07cc0) thrown at [D:\re\workspace\8-2-build-windows-amd64-cygwin\jdk8u92\6642\hotspot\sr4Ûs.WÛ?
Event: 0.422 Thread 0x0000000002112800 Exception <a 'java/lang/NoSuchMethodError': Method sun.misc.Unsafe.prefetchRead(Ljava/lang/Object;J)V name or signature does not match> (0x00000000eab07fa8) thrown at [D:\re\workspace\8-2-build-windows-amd64-cygwin\jdk8u92\6642\hotspot\src\share\vm\prims\jOcÍ`èÎ	@
Event: 3.226 Thread 0x0000000016369800 Implicit null exception at 0x0000000002578ca2 to 0x0000000002578d9a
Event: 4.560 Thread 0x00000000163da800 Exception <a 'java/lang/ArrayIndexOutOfBoundsException': 18> (0x00000000ec8207a8) thrown at [D:\re\workspace\8-2-build-windows-amd64-cygwin\jdk8u92\6642\hotspot\src\share\vm\interpreter\interpreterRuntime.cpp, line 366]
Event: 4.561 Thread 0x00000000163da800 Exception <a 'java/lang/ArrayIndexOutOfBoundsException'> (0x00000000ec822328) thrown at [D:\re\workspace\8-2-build-windows-amd64-cygwin\jdk8u92\6642\hotspot\src\share\vm\runtime\sharedRuntime.cpp, line 605]
Event: 4.561 Thread 0x00000000163da800 Exception <a 'java/lang/ArrayIndexOutOfBoundsException'> (0x00000000ec823610) thrown at [D:\re\workspace\8-2-build-windows-amd64-cygwin\jdk8u92\6642\hotspot\src\share\vm\runtime\sharedRuntime.cpp, line 605]

Events (10 events):
Event: 13.100 Thread 0x00000000163d8800 DEOPT PACKING pc=0x00000000026cb92b sp=0x0000000016b0e8d0
Event: 13.100 Thread 0x00000000163d8800 DEOPT UNPACKING pc=0x000000000225787f sp=0x0000000016b0e6a0 mode 0
Event: 13.111 Thread 0x00000000163d8800 DEOPT PACKING pc=0x00000000026cd6b2 sp=0x0000000016b0e8e0
Event: 13.111 Thread 0x00000000163d8800 DEOPT UNPACKING pc=0x000000000225787f sp=0x0000000016b0e658 mode 0
Event: 13.233 loading class com/android/dx/cf/iface/ParseObserver
Event: 13.233 loading class com/android/dx/cf/iface/ParseObserver done
Event: 13.261 Executing VM operation: ParallelGCFailedAllocation
Event: 13.544 Executing VM operation: ParallelGCFailedAllocation done
Event: 13.557 Thread 0x0000000002112800 DEOPT PACKING pc=0x000000000271b9bd sp=0x000000000209e710
Event: 13.557 Thread 0x0000000002112800 DEOPT UNPACKING pc=0x000000000225787f sp=0x000000000209e460 mode 0


Dynamic libraries:
0x00007ff6efb20000 - 0x00007ff6efb57000 	C:\Program Files\Java\jdk1.8.0_92\bin\java.exe
0x00007ffd45f40000 - 0x00007ffd460ea000 	C:\Windows\SYSTEM32\ntdll.dll
0x00007ffd43cb0000 - 0x00007ffd43dea000 	C:\Windows\system32\KERNEL32.DLL
0x00007ffd43380000 - 0x00007ffd4348f000 	C:\Windows\system32\KERNELBASE.dll
0x00007ffd41ee0000 - 0x00007ffd41f68000 	C:\Windows\system32\apphelp.dll
0x00007ffd1ae00000 - 0x00007ffd1ae4f000 	C:\Windows\AppPatch\AppPatch64\AcGenral.DLL
0x00007ffd441d0000 - 0x00007ffd44277000 	C:\Windows\system32\msvcrt.dll
0x00007ffd430f0000 - 0x00007ffd4311b000 	C:\Windows\SYSTEM32\SspiCli.dll
0x00007ffd44280000 - 0x00007ffd442d1000 	C:\Windows\system32\SHLWAPI.dll
0x00007ffd45b50000 - 0x00007ffd45cc1000 	C:\Windows\system32\USER32.dll
0x00007ffd43a70000 - 0x00007ffd43be8000 	C:\Windows\system32\ole32.dll
0x00007ffd444e0000 - 0x00007ffd458f7000 	C:\Windows\system32\SHELL32.dll
0x00007ffd42920000 - 0x00007ffd4293e000 	C:\Windows\SYSTEM32\USERENV.dll
0x00007ffd442e0000 - 0x00007ffd44385000 	C:\Windows\system32\ADVAPI32.dll
0x00007ffd3e8c0000 - 0x00007ffd3e8db000 	C:\Windows\SYSTEM32\MPR.dll
0x00007ffd45d90000 - 0x00007ffd45ec6000 	C:\Windows\system32\RPCRT4.dll
0x00007ffd43fd0000 - 0x00007ffd44027000 	C:\Windows\SYSTEM32\sechost.dll
0x00007ffd43df0000 - 0x00007ffd43fc6000 	C:\Windows\SYSTEM32\combase.dll
0x00007ffd43900000 - 0x00007ffd43a45000 	C:\Windows\system32\GDI32.dll
0x00007ffd432b0000 - 0x00007ffd432c4000 	C:\Windows\SYSTEM32\profapi.dll
0x00007ffd41910000 - 0x00007ffd419af000 	C:\Windows\SYSTEM32\SHCORE.dll
0x00007ffd444a0000 - 0x00007ffd444d4000 	C:\Windows\system32\IMM32.DLL
0x00007ffd437c0000 - 0x00007ffd438f9000 	C:\Windows\system32\MSCTF.dll
0x00007ffd40f80000 - 0x00007ffd411da000 	C:\Windows\WinSxS\amd64_microsoft.windows.common-controls_6595b64144ccf1df_6.0.9600.17031_none_6242a4b3ecbb55a1\COMCTL32.dll
0x0000000058210000 - 0x00000000582e2000 	C:\Program Files\Java\jdk1.8.0_92\jre\bin\msvcr100.dll
0x0000000053f90000 - 0x0000000054826000 	C:\Program Files\Java\jdk1.8.0_92\jre\bin\server\jvm.dll
0x00007ffd3ccd0000 - 0x00007ffd3ccd9000 	C:\Windows\SYSTEM32\WSOCK32.dll
0x00007ffd393b0000 - 0x00007ffd393cf000 	C:\Windows\SYSTEM32\WINMM.dll
0x00007ffd40ee0000 - 0x00007ffd40eea000 	C:\Windows\SYSTEM32\VERSION.dll
0x00007ffd45ae0000 - 0x00007ffd45ae7000 	C:\Windows\system32\PSAPI.DLL
0x00007ffd45ee0000 - 0x00007ffd45f38000 	C:\Windows\system32\WS2_32.dll
0x00007ffd37ae0000 - 0x00007ffd37b0a000 	C:\Windows\SYSTEM32\WINMMBASE.dll
0x00007ffd45ed0000 - 0x00007ffd45ed9000 	C:\Windows\system32\NSI.dll
0x00007ffd43770000 - 0x00007ffd437ba000 	C:\Windows\SYSTEM32\cfgmgr32.dll
0x00007ffd42130000 - 0x00007ffd42156000 	C:\Windows\SYSTEM32\DEVOBJ.dll
0x0000000053f80000 - 0x0000000053f8f000 	C:\Program Files\Java\jdk1.8.0_92\jre\bin\verify.dll
0x0000000053f50000 - 0x0000000053f79000 	C:\Program Files\Java\jdk1.8.0_92\jre\bin\java.dll
0x0000000053f30000 - 0x0000000053f46000 	C:\Program Files\Java\jdk1.8.0_92\jre\bin\zip.dll

VM Arguments:
jvm_args: -Djava.awt.headless=true -Xmx1024M -Dfile.encoding=windows-1252 -Duser.country=US -Duser.language=en -Duser.variant 
java_command: com.android.dx.command.Main --dex --force-jumbo --num-threads=4 --output C:\Zooket\app\build\intermediates\pre-dexed\debug\com.google.android.gms-play-services-ads-9.0.1_a213d0cf920b8fe9c76e548f5c02fedff6d4ca15.jar C:\Zooket\app\build\intermediates\exploded-aar\com.google.android.gms\play-services-ads\9.0.1\jars\classes.jar
java_class_path (initial): C:\android-sdk-windows\build-tools\24.0.3\lib\dx.jar
Launcher Type: SUN_STANDARD

Environment Variables:
PATH=C:\ProgramData\Oracle\Java\javapath;C:\Windows\system32;C:\Windows;C:\Windows\System32\Wbem;C:\Windows\System32\WindowsPowerShell\v1.0\;C:\Program Files (x86)\NVIDIA Corporation\PhysX\Common;C:\Program Files (x86)\Windows Kits\8.1\Windows Performance Toolkit\;C:\Program Files\Microsoft SQL Server\110\Tools\Binn\;C:\Program Files\Microsoft SQL Server\110\DTS\Binn\;C:\Program Files (x86)\Microsoft SQL Server\110\Tools\Binn\;C:\Program Files (x86)\Microsoft SQL Server\110\Tools\Binn\ManagementStudio\;C:\Program Files (x86)\Microsoft Visual Studio 10.0\Common7\IDE\PrivateAssemblies\;C:\Program Files (x86)\Microsoft SQL Server\110\DTS\Binn\;C:\Program Files (x86)\GtkSharp\2.12\bin;C:\Program Files (x86)\QuickTime\QTSystem\
USERNAME=Smo
OS=Windows_NT
PROCESSOR_IDENTIFIER=Intel64 Family 6 Model 94 Stepping 3, GenuineIntel



---------------  S Y S T E M  ---------------

OS: Windows 8.1 , 64 bit Build 9600 (6.3.9600.17056)

CPU:total 4 (4 cores per cpu, 1 threads per core) family 6 model 94 stepping 3, cmov, cx8, fxsr, mmx, sse, sse2, sse3, ssse3, sse4.1, sse4.2, popcnt, avx, avx2, aes, clmul, erms, 3dnowpref, lzcnt, tsc, tscinvbit, bmi1, bmi2, adx

Memory: 4k page, physical 8266404k(1156580k free), swap 8266404k(5068k free)

vm_info: Java HotSpot(TM) 64-Bit Server VM (25.92-b14) for windows-amd64 JRE (1.8.0_92-b14), built on Mar 31 2016 21:03:04 by "java_re" with MS VC++ 10.0 (VS2010)

time: Wed May 17 08:50:21 2017
elapsed time: 13 seconds (0d 0h 0m 13s)

