#
# There is insufficient memory for the Java Runtime Environment to continue.
# Native memory allocation (malloc) failed to allocate 290976 bytes for Chunk::new
# Possible reasons:
#   The system is out of physical RAM or swap space
#   In 32 bit mode, the process size limit was hit
# Possible solutions:
#   Reduce memory load on the system
#   Increase physical memory or swap space
#   Check if swap backing store is full
#   Use 64 bit Java on a 64 bit OS
#   Decrease Java heap size (-Xmx/-Xms)
#   Decrease number of Java threads
#   Decrease Java thread stack sizes (-Xss)
#   Set larger code cache with -XX:ReservedCodeCacheSize=
# This output file may be truncated or incomplete.
#
#  Out of Memory Error (allocation.cpp:390), pid=5728, tid=0x00000000000015f4
#
# JRE version: Java(TM) SE Runtime Environment (8.0_92-b14) (build 1.8.0_92-b14)
# Java VM: Java HotSpot(TM) 64-Bit Server VM (25.92-b14 mixed mode windows-amd64 compressed oops)
# Failed to write core dump. Minidumps are not enabled by default on client versions of Windows
#

---------------  T H R E A D  ---------------

Current thread (0x0000000014d0e000):  JavaThread "C2 CompilerThread0" daemon [_thread_in_native, id=5620, stack(0x0000000016340000,0x0000000016440000)]

Stack: [0x0000000016340000,0x0000000016440000]
[error occurred during error reporting (printing stack bounds), id 0xc0000005]

Native frames: (J=compiled Java code, j=interpreted, Vv=VM code, C=native code)


Current CompileTask:
C2:    648 1084       4       com.android.dx.ssa.SsaMethod::computeReachability (131 bytes)


---------------  P R O C E S S  ---------------

Java Threads: ( => current thread )
  0x00000000167ed800 JavaThread "pool-1-thread-4" [_thread_in_Java, id=8356, stack(0x0000000017040000,0x0000000017140000)]
  0x00000000167ec800 JavaThread "pool-1-thread-3" [_thread_in_Java, id=8204, stack(0x0000000016f40000,0x0000000017040000)]
  0x00000000167ec000 JavaThread "pool-1-thread-2" [_thread_in_Java, id=3304, stack(0x0000000016e40000,0x0000000016f40000)]
  0x00000000167e9000 JavaThread "pool-2-thread-1" [_thread_blocked, id=4132, stack(0x0000000016d40000,0x0000000016e40000)]
  0x00000000167cc000 JavaThread "pool-1-thread-1" [_thread_in_Java, id=3580, stack(0x0000000016c40000,0x0000000016d40000)]
  0x0000000016546800 JavaThread "Service Thread" daemon [_thread_blocked, id=8648, stack(0x0000000016a40000,0x0000000016b40000)]
  0x0000000016541000 JavaThread "C1 CompilerThread2" daemon [_thread_blocked, id=8732, stack(0x0000000016940000,0x0000000016a40000)]
  0x0000000014d67000 JavaThread "C2 CompilerThread1" daemon [_thread_in_native, id=8728, stack(0x0000000016440000,0x0000000016540000)]
=>0x0000000014d0e000 JavaThread "C2 CompilerThread0" daemon [_thread_in_native, id=5620, stack(0x0000000016340000,0x0000000016440000)]
  0x0000000014d0c000 JavaThread "Attach Listener" daemon [_thread_blocked, id=8820, stack(0x0000000016240000,0x0000000016340000)]
  0x0000000014d0a800 JavaThread "Signal Dispatcher" daemon [_thread_blocked, id=8996, stack(0x0000000016140000,0x0000000016240000)]
  0x0000000014cfa800 JavaThread "Finalizer" daemon [_thread_blocked, id=6884, stack(0x0000000015f60000,0x0000000016060000)]
  0x0000000002630800 JavaThread "Reference Handler" daemon [_thread_blocked, id=3300, stack(0x0000000015e60000,0x0000000015f60000)]
  0x0000000002542800 JavaThread "main" [_thread_in_Java, id=9168, stack(0x0000000002440000,0x0000000002540000)]

Other Threads:
  0x0000000014cd8800 VMThread [stack: 0x0000000015d60000,0x0000000015e60000] [id=8184]
  0x0000000016562800 WatcherThread [stack: 0x0000000016b40000,0x0000000016c40000] [id=8908]

VM state:not at safepoint (normal execution)

VM Mutex/Monitor currently owned by a thread: None

Heap:
 PSYoungGen      total 38400K, used 30906K [0x00000000eab00000, 0x00000000ed580000, 0x0000000100000000)
  eden space 33280K, 92% used [0x00000000eab00000,0x00000000ec92e930,0x00000000ecb80000)
  from space 5120K, 0% used [0x00000000ed080000,0x00000000ed080000,0x00000000ed580000)
  to   space 5120K, 0% used [0x00000000ecb80000,0x00000000ecb80000,0x00000000ed080000)
 ParOldGen       total 87552K, used 0K [0x00000000c0000000, 0x00000000c5580000, 0x00000000eab00000)
  object space 87552K, 0% used [0x00000000c0000000,0x00000000c0000000,0x00000000c5580000)
 Metaspace       used 5959K, capacity 6834K, committed 7040K, reserved 1056768K
  class space    used 604K, capacity 618K, committed 640K, reserved 1048576K

Card table byte_map: [0x0000000011a00000,0x0000000011c10000] byte_map_base: 0x0000000011400000

Marking Bits: (ParMarkBitMap*) 0x00000000542664f0
 Begin Bits: [0x0000000012170000, 0x0000000013170000)
 End Bits:   [0x0000000013170000, 0x0000000014170000)

Polling page: 0x0000000000c10000

CodeCache: size=245760Kb used=4212Kb max_used=4212Kb free=241547Kb
 bounds [0x0000000002640000, 0x0000000002a70000, 0x0000000011640000]
 total_blobs=1359 nmethods=1090 adapters=182
 compilation: enabled

Compilation events (10 events):
Event: 0.636 Thread 0x0000000016541000 1048       3       com.android.dx.cf.code.BaseMachine::auxCstArg (20 bytes)
Event: 0.636 Thread 0x0000000016541000 nmethod 1048 0x0000000002a5a750 code [0x0000000002a5a8c0, 0x0000000002a5ab28]
Event: 0.636 Thread 0x0000000016541000 1050       3       com.android.dx.cf.code.BasicBlocker::visitConstant (39 bytes)
Event: 0.636 Thread 0x0000000016541000 nmethod 1050 0x0000000002a5ac10 code [0x0000000002a5adc0, 0x0000000002a5b478]
Event: 0.636 Thread 0x0000000016541000 1052       3       com.android.dx.cf.code.Simulator$SimVisitor::visitConstant (332 bytes)
Event: 0.637 Thread 0x0000000014d0e000 nmethod 1088 0x0000000002a5e810 code [0x0000000002a5e960, 0x0000000002a5ee78]
Event: 0.637 Thread 0x0000000014d0e000 1084       4       com.android.dx.ssa.SsaMethod::computeReachability (131 bytes)
Event: 0.637 Thread 0x0000000016541000 nmethod 1052 0x0000000002a5b950 code [0x0000000002a5bc80, 0x0000000002a5db98]
Event: 0.637 Thread 0x0000000016541000 1060       3       com.android.dx.cf.code.BasicBlocker::visitThrowing (59 bytes)
Event: 0.638 Thread 0x0000000016541000 nmethod 1060 0x0000000002a5f290 code [0x0000000002a5f480, 0x0000000002a5ff18]

GC Heap History (0 events):
No events

Deoptimization events (2 events):
Event: 0.268 Thread 0x0000000002542800 Uncommon trap: reason=unstable_if action=reinterpret pc=0x0000000002792254 method=java.lang.String.compareTo(Ljava/lang/String;)I @ 38
Event: 0.570 Thread 0x00000000167ec800 Uncommon trap: reason=unstable_if action=reinterpret pc=0x000000000295396c method=com.android.dx.rop.code.RegisterSpecSet.put(Lcom/android/dx/rop/code/RegisterSpec;)V @ 77

Internal exceptions (2 events):
Event: 0.064 Thread 0x0000000002542800 Exception <a 'java/lang/NoSuchMethodError': Method sun.misc.Unsafe.defineClass(Ljava/lang/String;[BII)Ljava/lang/Class; name or signature does not match> (0x00000000eab07cc0) thrown at [D:\re\workspace\8-2-build-windows-amd64-cygwin\jdk8u92\6642\hotspot\srØ§ˇùl∞?
Event: 0.064 Thread 0x0000000002542800 Exception <a 'java/lang/NoSuchMethodError': Method sun.misc.Unsafe.prefetchRead(Ljava/lang/Object;J)V name or signature does not match> (0x00000000eab07fa8) thrown at [D:\re\workspace\8-2-build-windows-amd64-cygwin\jdk8u92\6642\hotspot\src\share\vm\prims\j

Events (10 events):
Event: 0.507 loading class java/util/HashMap$ValueIterator done
Event: 0.539 loading class com/android/dx/dex/file/FieldAnnotationStruct
Event: 0.539 loading class com/android/dx/dex/file/FieldAnnotationStruct done
Event: 0.541 loading class com/android/dx/cf/code/SwitchList
Event: 0.541 loading class com/android/dx/cf/code/SwitchList done
Event: 0.570 Thread 0x00000000167ec800 Uncommon trap: trap_request=0xffffff65 fr.pc=0x000000000295396c
Event: 0.570 Thread 0x00000000167ec800 DEOPT PACKING pc=0x000000000295396c sp=0x000000001703e7a0
Event: 0.570 Thread 0x00000000167ec800 DEOPT UNPACKING pc=0x000000000268582a sp=0x000000001703e728 mode 2
Event: 0.624 loading class java/util/DualPivotQuicksort
Event: 0.624 loading class java/util/DualPivotQuicksort done


Dynamic libraries:
0x00007ff77dd40000 - 0x00007ff77dd77000 	C:\Program Files\Java\jdk1.8.0_92\bin\java.exe
0x00007ff95e280000 - 0x00007ff95e42a000 	C:\Windows\SYSTEM32\ntdll.dll
0x00007ff95d9d0000 - 0x00007ff95db0a000 	C:\Windows\system32\KERNEL32.DLL
0x00007ff95b9f0000 - 0x00007ff95baff000 	C:\Windows\system32\KERNELBASE.dll
0x00007ff95a220000 - 0x00007ff95a2a8000 	C:\Windows\system32\apphelp.dll
0x00007ff93af80000 - 0x00007ff93afcf000 	C:\Windows\AppPatch\AppPatch64\AcGenral.DLL
0x00007ff95bb10000 - 0x00007ff95bbb7000 	C:\Windows\system32\msvcrt.dll
0x00007ff95b430000 - 0x00007ff95b45b000 	C:\Windows\SYSTEM32\SspiCli.dll
0x00007ff95dd10000 - 0x00007ff95dd61000 	C:\Windows\system32\SHLWAPI.dll
0x00007ff95d460000 - 0x00007ff95d5d1000 	C:\Windows\system32\USER32.dll
0x00007ff95df50000 - 0x00007ff95e0c8000 	C:\Windows\system32\ole32.dll
0x00007ff95bbc0000 - 0x00007ff95cfd7000 	C:\Windows\system32\SHELL32.dll
0x00007ff95ac60000 - 0x00007ff95ac7e000 	C:\Windows\SYSTEM32\USERENV.dll
0x00007ff95db10000 - 0x00007ff95dbb5000 	C:\Windows\system32\ADVAPI32.dll
0x00007ff956ad0000 - 0x00007ff956aeb000 	C:\Windows\SYSTEM32\MPR.dll
0x00007ff95d5e0000 - 0x00007ff95d716000 	C:\Windows\system32\RPCRT4.dll
0x00007ff95e0d0000 - 0x00007ff95e127000 	C:\Windows\SYSTEM32\sechost.dll
0x00007ff95d090000 - 0x00007ff95d266000 	C:\Windows\SYSTEM32\combase.dll
0x00007ff95e130000 - 0x00007ff95e275000 	C:\Windows\system32\GDI32.dll
0x00007ff95b5f0000 - 0x00007ff95b604000 	C:\Windows\SYSTEM32\profapi.dll
0x00007ff959c50000 - 0x00007ff959cef000 	C:\Windows\SYSTEM32\SHCORE.dll
0x00007ff95dd70000 - 0x00007ff95dda4000 	C:\Windows\system32\IMM32.DLL
0x00007ff95d320000 - 0x00007ff95d459000 	C:\Windows\system32\MSCTF.dll
0x00007ff959340000 - 0x00007ff95959a000 	C:\Windows\WinSxS\amd64_microsoft.windows.common-controls_6595b64144ccf1df_6.0.9600.17031_none_6242a4b3ecbb55a1\COMCTL32.dll
0x0000000053650000 - 0x0000000053722000 	C:\Program Files\Java\jdk1.8.0_92\jre\bin\msvcr100.dll
0x0000000053a50000 - 0x00000000542e6000 	C:\Program Files\Java\jdk1.8.0_92\jre\bin\server\jvm.dll
0x00007ff951bb0000 - 0x00007ff951bb9000 	C:\Windows\SYSTEM32\WSOCK32.dll
0x00007ff952430000 - 0x00007ff95244f000 	C:\Windows\SYSTEM32\WINMM.dll
0x00007ff959300000 - 0x00007ff95930a000 	C:\Windows\SYSTEM32\VERSION.dll
0x00007ff95bb00000 - 0x00007ff95bb07000 	C:\Windows\system32\PSAPI.DLL
0x00007ff95d910000 - 0x00007ff95d968000 	C:\Windows\system32\WS2_32.dll
0x00007ff9523f0000 - 0x00007ff95241a000 	C:\Windows\SYSTEM32\WINMMBASE.dll
0x00007ff95d720000 - 0x00007ff95d729000 	C:\Windows\system32\NSI.dll
0x00007ff95b7c0000 - 0x00007ff95b80a000 	C:\Windows\SYSTEM32\cfgmgr32.dll
0x00007ff95a470000 - 0x00007ff95a496000 	C:\Windows\SYSTEM32\DEVOBJ.dll
0x00000000545e0000 - 0x00000000545ef000 	C:\Program Files\Java\jdk1.8.0_92\jre\bin\verify.dll
0x00000000545b0000 - 0x00000000545d9000 	C:\Program Files\Java\jdk1.8.0_92\jre\bin\java.dll
0x0000000054590000 - 0x00000000545a6000 	C:\Program Files\Java\jdk1.8.0_92\jre\bin\zip.dll

VM Arguments:
jvm_args: -Djava.awt.headless=true -Xmx1024M -Dfile.encoding=windows-1252 -Duser.country=US -Duser.language=en -Duser.variant 
java_command: com.android.dx.command.Main --dex --force-jumbo --num-threads=4 --output C:\Zooket\app\build\intermediates\pre-dexed\debug\com.android.support-appcompat-v7-23.4.0_fda78873d11546ce0404252f8f37bf8df30f60cc.jar C:\Zooket\app\build\intermediates\exploded-aar\com.android.support\appcompat-v7\23.4.0\jars\classes.jar
java_class_path (initial): C:\android-sdk-windows\build-tools\24.0.3\lib\dx.jar
Launcher Type: SUN_STANDARD

Environment Variables:
PATH=C:\ProgramData\Oracle\Java\javapath;C:\Windows\system32;C:\Windows;C:\Windows\System32\Wbem;C:\Windows\System32\WindowsPowerShell\v1.0\;C:\Program Files (x86)\NVIDIA Corporation\PhysX\Common;C:\Program Files (x86)\Windows Kits\8.1\Windows Performance Toolkit\;C:\Program Files\Microsoft SQL Server\110\Tools\Binn\;C:\Program Files\Microsoft SQL Server\110\DTS\Binn\;C:\Program Files (x86)\Microsoft SQL Server\110\Tools\Binn\;C:\Program Files (x86)\Microsoft SQL Server\110\Tools\Binn\ManagementStudio\;C:\Program Files (x86)\Microsoft Visual Studio 10.0\Common7\IDE\PrivateAssemblies\;C:\Program Files (x86)\Microsoft SQL Server\110\DTS\Binn\;C:\Program Files (x86)\GtkSharp\2.12\bin;C:\Program Files (x86)\QuickTime\QTSystem\
USERNAME=Smo
OS=Windows_NT
PROCESSOR_IDENTIFIER=Intel64 Family 6 Model 94 Stepping 3, GenuineIntel



---------------  S Y S T E M  ---------------

OS: Windows 8.1 , 64 bit Build 9600 (6.3.9600.17056)

CPU:total 4 (4 cores per cpu, 1 threads per core) family 6 model 94 stepping 3, cmov, cx8, fxsr, mmx, sse, sse2, sse3, ssse3, sse4.1, sse4.2, popcnt, avx, avx2, aes, clmul, erms, 3dnowpref, lzcnt, tsc, tscinvbit, bmi1, bmi2, adx

Memory: 4k page, physical 8266404k(1254512k free), swap 8266404k(5156k free)

vm_info: Java HotSpot(TM) 64-Bit Server VM (25.92-b14) for windows-amd64 JRE (1.8.0_92-b14), built on Mar 31 2016 21:03:04 by "java_re" with MS VC++ 10.0 (VS2010)

time: Mon May 08 11:50:07 2017
elapsed time: 0 seconds (0d 0h 0m 0s)

