#
# There is insufficient memory for the Java Runtime Environment to continue.
# Native memory allocation (malloc) failed to allocate 120176 bytes for Chunk::new
# Possible reasons:
#   The system is out of physical RAM or swap space
#   In 32 bit mode, the process size limit was hit
# Possible solutions:
#   Reduce memory load on the system
#   Increase physical memory or swap space
#   Check if swap backing store is full
#   Use 64 bit Java on a 64 bit OS
#   Decrease Java heap size (-Xmx/-Xms)
#   Decrease number of Java threads
#   Decrease Java thread stack sizes (-Xss)
#   Set larger code cache with -XX:ReservedCodeCacheSize=
# This output file may be truncated or incomplete.
#
#  Out of Memory Error (allocation.cpp:390), pid=3904, tid=0x0000000000000fb8
#
# JRE version: Java(TM) SE Runtime Environment (8.0_92-b14) (build 1.8.0_92-b14)
# Java VM: Java HotSpot(TM) 64-Bit Server VM (25.92-b14 mixed mode windows-amd64 compressed oops)
# Failed to write core dump. Minidumps are not enabled by default on client versions of Windows
#

---------------  T H R E A D  ---------------

Current thread (0x00000000152b8800):  JavaThread "C2 CompilerThread1" daemon [_thread_in_native, id=4024, stack(0x00000000169f0000,0x0000000016af0000)]

Stack: [0x00000000169f0000,0x0000000016af0000]
[error occurred during error reporting (printing stack bounds), id 0xc0000005]

Native frames: (J=compiled Java code, j=interpreted, Vv=VM code, C=native code)


Current CompileTask:
C2:    268  667       4       java.util.HashSet::contains (9 bytes)


---------------  P R O C E S S  ---------------

Java Threads: ( => current thread )
  0x0000000016ed5000 JavaThread "pool-1-thread-4" [_thread_in_Java, id=3064, stack(0x00000000175f0000,0x00000000176f0000)]
  0x0000000016ed4000 JavaThread "pool-1-thread-3" [_thread_in_Java, id=4204, stack(0x00000000174f0000,0x00000000175f0000)]
  0x0000000016ed0800 JavaThread "pool-1-thread-2" [_thread_in_Java, id=7456, stack(0x00000000173f0000,0x00000000174f0000)]
  0x0000000016dfe800 JavaThread "pool-2-thread-1" [_thread_blocked, id=3304, stack(0x00000000172f0000,0x00000000173f0000)]
  0x0000000016e4f800 JavaThread "pool-1-thread-1" [_thread_in_Java, id=8244, stack(0x00000000171f0000,0x00000000172f0000)]
  0x0000000016bf7800 JavaThread "Service Thread" daemon [_thread_blocked, id=9040, stack(0x0000000016ff0000,0x00000000170f0000)]
  0x00000000152bd800 JavaThread "C1 CompilerThread2" daemon [_thread_in_native, id=2852, stack(0x0000000016af0000,0x0000000016bf0000)]
=>0x00000000152b8800 JavaThread "C2 CompilerThread1" daemon [_thread_in_native, id=4024, stack(0x00000000169f0000,0x0000000016af0000)]
  0x0000000015260000 JavaThread "C2 CompilerThread0" daemon [_thread_in_native, id=5932, stack(0x00000000168f0000,0x00000000169f0000)]
  0x000000001525e000 JavaThread "Attach Listener" daemon [_thread_blocked, id=7544, stack(0x00000000167f0000,0x00000000168f0000)]
  0x000000001525b000 JavaThread "Signal Dispatcher" daemon [_thread_blocked, id=6856, stack(0x00000000166f0000,0x00000000167f0000)]
  0x0000000002b5a800 JavaThread "Finalizer" daemon [_thread_blocked, id=8384, stack(0x00000000164e0000,0x00000000165e0000)]
  0x0000000015229000 JavaThread "Reference Handler" daemon [_thread_blocked, id=5464, stack(0x00000000163e0000,0x00000000164e0000)]
  0x0000000002a62800 JavaThread "main" [_thread_in_Java, id=5852, stack(0x0000000002940000,0x0000000002a40000)]

Other Threads:
  0x0000000015227800 VMThread [stack: 0x00000000162e0000,0x00000000163e0000] [id=7852]
  0x0000000016c0a800 WatcherThread [stack: 0x00000000170f0000,0x00000000171f0000] [id=4920]

VM state:not at safepoint (normal execution)

VM Mutex/Monitor currently owned by a thread: None

Heap:
 PSYoungGen      total 38400K, used 15313K [0x00000000eab00000, 0x00000000ed580000, 0x0000000100000000)
  eden space 33280K, 46% used [0x00000000eab00000,0x00000000eb9f4798,0x00000000ecb80000)
  from space 5120K, 0% used [0x00000000ed080000,0x00000000ed080000,0x00000000ed580000)
  to   space 5120K, 0% used [0x00000000ecb80000,0x00000000ecb80000,0x00000000ed080000)
 ParOldGen       total 87552K, used 0K [0x00000000c0000000, 0x00000000c5580000, 0x00000000eab00000)
  object space 87552K, 0% used [0x00000000c0000000,0x00000000c0000000,0x00000000c5580000)
 Metaspace       used 5577K, capacity 6576K, committed 6784K, reserved 1056768K
  class space    used 596K, capacity 616K, committed 640K, reserved 1048576K

Card table byte_map: [0x0000000011f30000,0x0000000012140000] byte_map_base: 0x0000000011930000

Marking Bits: (ParMarkBitMap*) 0x0000000072cb64f0
 Begin Bits: [0x00000000126a0000, 0x00000000136a0000)
 End Bits:   [0x00000000136a0000, 0x00000000146a0000)

Polling page: 0x0000000002a40000

CodeCache: size=245760Kb used=2350Kb max_used=2362Kb free=243409Kb
 bounds [0x0000000002b70000, 0x0000000002de0000, 0x0000000011b70000]
 total_blobs=917 nmethods=648 adapters=182
 compilation: enabled

Compilation events (10 events):
Event: 0.263 Thread 0x00000000152bd800  654       3       com.android.dx.ssa.SsaRenamer$BlockRenamer::visitNonMoveInsn (14 bytes)
Event: 0.263 Thread 0x00000000152bd800 nmethod 654 0x0000000002db0e10 code [0x0000000002db0f80, 0x0000000002db11d8]
Event: 0.263 Thread 0x00000000152bd800  656   !   3       com.android.dx.cf.code.BytecodeArray::parseInstruction (2764 bytes)
Event: 0.264 Thread 0x0000000015260000 nmethod 631 0x0000000002dbd9d0 code [0x0000000002dbdc60, 0x0000000002dbe550]
Event: 0.264 Thread 0x00000000152b8800  663       4       java.util.ArrayList$Itr::<init> (6 bytes)
Event: 0.264 Thread 0x0000000015260000  664       4       java.util.HashMap::containsKey (18 bytes)
Event: 0.264 Thread 0x00000000152b8800 nmethod 663 0x0000000002db0190 code [0x0000000002db02c0, 0x0000000002db0358]
Event: 0.264 Thread 0x00000000152b8800  665       4       com.android.dx.ssa.NormalSsaInsn::getOpcode (8 bytes)
Event: 0.265 Thread 0x00000000152b8800 nmethod 665 0x0000000002db3810 code [0x0000000002db3940, 0x0000000002db39b8]
Event: 0.265 Thread 0x00000000152b8800  667       4       java.util.HashSet::contains (9 bytes)

GC Heap History (0 events):
No events

Deoptimization events (1 events):
Event: 0.243 Thread 0x0000000016ed5000 Uncommon trap: reason=unstable_if action=reinterpret pc=0x0000000002d67964 method=java.util.HashMap.getNode(ILjava/lang/Object;)Ljava/util/HashMap$Node; @ 129

Internal exceptions (2 events):
Event: 0.030 Thread 0x0000000002a62800 Exception <a 'java/lang/NoSuchMethodError': Method sun.misc.Unsafe.defineClass(Ljava/lang/String;[BII)Ljava/lang/Class; name or signature does not match> (0x00000000eab07cc0) thrown at [D:\re\workspace\8-2-build-windows-amd64-cygwin\jdk8u92\6642\hotspot\sr7‡µ Óž?
Event: 0.030 Thread 0x0000000002a62800 Exception <a 'java/lang/NoSuchMethodError': Method sun.misc.Unsafe.prefetchRead(Ljava/lang/Object;J)V name or signature does not match> (0x00000000eab07fa8) thrown at [D:\re\workspace\8-2-build-windows-amd64-cygwin\jdk8u92\6642\hotspot\src\share\vm\prims\j

Events (10 events):
Event: 0.229 loading class com/android/dx/ssa/PhiInsn$Operand done
Event: 0.231 loading class com/android/dx/ssa/back/FirstFitLocalCombiningAllocator$Multiset
Event: 0.231 loading class com/android/dx/ssa/back/FirstFitLocalCombiningAllocator$Multiset done
Event: 0.243 Thread 0x0000000016ed5000 Uncommon trap: trap_request=0xffffff65 fr.pc=0x0000000002d67964
Event: 0.243 Thread 0x0000000016ed5000 DEOPT PACKING pc=0x0000000002d67964 sp=0x00000000176ee1f0
Event: 0.243 Thread 0x0000000016ed5000 DEOPT UNPACKING pc=0x0000000002bb582a sp=0x00000000176ee168 mode 2
Event: 0.258 loading class com/android/dx/cf/code/BytecodeArray$ConstantParserVisitor
Event: 0.258 loading class com/android/dx/cf/code/BytecodeArray$ConstantParserVisitor done
Event: 0.264 loading class java/util/ArrayList$1
Event: 0.264 loading class java/util/ArrayList$1 done


Dynamic libraries:
0x00007ff77adc0000 - 0x00007ff77adf7000 	C:\Program Files\Java\jdk1.8.0_92\bin\java.exe
0x00007ff94e790000 - 0x00007ff94e93a000 	C:\Windows\SYSTEM32\ntdll.dll
0x00007ff94e0b0000 - 0x00007ff94e1ea000 	C:\Windows\system32\KERNEL32.DLL
0x00007ff94bf00000 - 0x00007ff94c00f000 	C:\Windows\system32\KERNELBASE.dll
0x00007ff94a730000 - 0x00007ff94a7b8000 	C:\Windows\system32\apphelp.dll
0x00007ff944780000 - 0x00007ff9447cf000 	C:\Windows\AppPatch\AppPatch64\AcGenral.DLL
0x00007ff94c4d0000 - 0x00007ff94c577000 	C:\Windows\system32\msvcrt.dll
0x00007ff94b940000 - 0x00007ff94b96b000 	C:\Windows\SYSTEM32\SspiCli.dll
0x00007ff94e1f0000 - 0x00007ff94e241000 	C:\Windows\system32\SHLWAPI.dll
0x00007ff94c720000 - 0x00007ff94c891000 	C:\Windows\system32\USER32.dll
0x00007ff94e550000 - 0x00007ff94e6c8000 	C:\Windows\system32\ole32.dll
0x00007ff94c9f0000 - 0x00007ff94de07000 	C:\Windows\system32\SHELL32.dll
0x00007ff94b170000 - 0x00007ff94b18e000 	C:\Windows\SYSTEM32\USERENV.dll
0x00007ff94c210000 - 0x00007ff94c2b5000 	C:\Windows\system32\ADVAPI32.dll
0x00007ff946f50000 - 0x00007ff946f6b000 	C:\Windows\SYSTEM32\MPR.dll
0x00007ff94e3a0000 - 0x00007ff94e4d6000 	C:\Windows\system32\RPCRT4.dll
0x00007ff94e4e0000 - 0x00007ff94e537000 	C:\Windows\SYSTEM32\sechost.dll
0x00007ff94c010000 - 0x00007ff94c1e6000 	C:\Windows\SYSTEM32\combase.dll
0x00007ff94c8a0000 - 0x00007ff94c9e5000 	C:\Windows\system32\GDI32.dll
0x00007ff94bb00000 - 0x00007ff94bb14000 	C:\Windows\SYSTEM32\profapi.dll
0x00007ff94a160000 - 0x00007ff94a1ff000 	C:\Windows\SYSTEM32\SHCORE.dll
0x00007ff94e2b0000 - 0x00007ff94e2e4000 	C:\Windows\system32\IMM32.DLL
0x00007ff94c580000 - 0x00007ff94c6b9000 	C:\Windows\system32\MSCTF.dll
0x00007ff9498e0000 - 0x00007ff949b3a000 	C:\Windows\WinSxS\amd64_microsoft.windows.common-controls_6595b64144ccf1df_6.0.9600.17031_none_6242a4b3ecbb55a1\COMCTL32.dll
0x0000000072010000 - 0x00000000720e2000 	C:\Program Files\Java\jdk1.8.0_92\jre\bin\msvcr100.dll
0x00000000724a0000 - 0x0000000072d36000 	C:\Program Files\Java\jdk1.8.0_92\jre\bin\server\jvm.dll
0x00007ff92b710000 - 0x00007ff92b719000 	C:\Windows\SYSTEM32\WSOCK32.dll
0x00007ff944330000 - 0x00007ff94434f000 	C:\Windows\SYSTEM32\WINMM.dll
0x00007ff949810000 - 0x00007ff94981a000 	C:\Windows\SYSTEM32\VERSION.dll
0x00007ff94dff0000 - 0x00007ff94dff7000 	C:\Windows\system32\PSAPI.DLL
0x00007ff94e250000 - 0x00007ff94e2a8000 	C:\Windows\system32\WS2_32.dll
0x00007ff9413b0000 - 0x00007ff9413da000 	C:\Windows\SYSTEM32\WINMMBASE.dll
0x00007ff94c2c0000 - 0x00007ff94c2c9000 	C:\Windows\system32\NSI.dll
0x00007ff94bbd0000 - 0x00007ff94bc1a000 	C:\Windows\SYSTEM32\cfgmgr32.dll
0x00007ff94a980000 - 0x00007ff94a9a6000 	C:\Windows\SYSTEM32\DEVOBJ.dll
0x0000000072490000 - 0x000000007249f000 	C:\Program Files\Java\jdk1.8.0_92\jre\bin\verify.dll
0x0000000072460000 - 0x0000000072489000 	C:\Program Files\Java\jdk1.8.0_92\jre\bin\java.dll
0x0000000072440000 - 0x0000000072456000 	C:\Program Files\Java\jdk1.8.0_92\jre\bin\zip.dll

VM Arguments:
jvm_args: -Djava.awt.headless=true -Xmx1024M -Dfile.encoding=windows-1252 -Duser.country=US -Duser.language=en -Duser.variant 
java_command: com.android.dx.command.Main --dex --force-jumbo --num-threads=4 --output C:\Zooket\app\build\intermediates\pre-dexed\debug\retrofit-1.9.0_dc2ce17711a3a8d27121abdd9de1a517d4e36132.jar C:\Users\Smo\.gradle\caches\modules-2\files-2.1\com.squareup.retrofit\retrofit\1.9.0\a681c044244d9fc375198588297a39ba78028423\retrofit-1.9.0.jar
java_class_path (initial): C:\android-sdk-windows\build-tools\24.0.3\lib\dx.jar
Launcher Type: SUN_STANDARD

Environment Variables:
PATH=C:\ProgramData\Oracle\Java\javapath;C:\Windows\system32;C:\Windows;C:\Windows\System32\Wbem;C:\Windows\System32\WindowsPowerShell\v1.0\;C:\Program Files (x86)\NVIDIA Corporation\PhysX\Common;C:\Program Files (x86)\Windows Kits\8.1\Windows Performance Toolkit\;C:\Program Files\Microsoft SQL Server\110\Tools\Binn\;C:\Program Files\Microsoft SQL Server\110\DTS\Binn\;C:\Program Files (x86)\Microsoft SQL Server\110\Tools\Binn\;C:\Program Files (x86)\Microsoft SQL Server\110\Tools\Binn\ManagementStudio\;C:\Program Files (x86)\Microsoft Visual Studio 10.0\Common7\IDE\PrivateAssemblies\;C:\Program Files (x86)\Microsoft SQL Server\110\DTS\Binn\;C:\Program Files (x86)\GtkSharp\2.12\bin;C:\Program Files (x86)\QuickTime\QTSystem\
USERNAME=Smo
OS=Windows_NT
PROCESSOR_IDENTIFIER=Intel64 Family 6 Model 94 Stepping 3, GenuineIntel



---------------  S Y S T E M  ---------------

OS: Windows 8.1 , 64 bit Build 9600 (6.3.9600.17056)

CPU:total 4 (4 cores per cpu, 1 threads per core) family 6 model 94 stepping 3, cmov, cx8, fxsr, mmx, sse, sse2, sse3, ssse3, sse4.1, sse4.2, popcnt, avx, avx2, aes, clmul, erms, 3dnowpref, lzcnt, tsc, tscinvbit, bmi1, bmi2, adx

Memory: 4k page, physical 8266404k(979468k free), swap 8266404k(5108k free)

vm_info: Java HotSpot(TM) 64-Bit Server VM (25.92-b14) for windows-amd64 JRE (1.8.0_92-b14), built on Mar 31 2016 21:03:04 by "java_re" with MS VC++ 10.0 (VS2010)

time: Mon May 22 12:25:26 2017
elapsed time: 0 seconds (0d 0h 0m 0s)

