#
# There is insufficient memory for the Java Runtime Environment to continue.
# Native memory allocation (malloc) failed to allocate 563856 bytes for Chunk::new
# Possible reasons:
#   The system is out of physical RAM or swap space
#   In 32 bit mode, the process size limit was hit
# Possible solutions:
#   Reduce memory load on the system
#   Increase physical memory or swap space
#   Check if swap backing store is full
#   Use 64 bit Java on a 64 bit OS
#   Decrease Java heap size (-Xmx/-Xms)
#   Decrease number of Java threads
#   Decrease Java thread stack sizes (-Xss)
#   Set larger code cache with -XX:ReservedCodeCacheSize=
# This output file may be truncated or incomplete.
#
#  Out of Memory Error (allocation.cpp:390), pid=6168, tid=0x00000000000026ac
#
# JRE version: Java(TM) SE Runtime Environment (8.0_92-b14) (build 1.8.0_92-b14)
# Java VM: Java HotSpot(TM) 64-Bit Server VM (25.92-b14 mixed mode windows-amd64 compressed oops)
# Failed to write core dump. Minidumps are not enabled by default on client versions of Windows
#

---------------  T H R E A D  ---------------

Current thread (0x0000000014a01000):  JavaThread "C2 CompilerThread1" daemon [_thread_in_native, id=9900, stack(0x0000000016150000,0x0000000016250000)]

Stack: [0x0000000016150000,0x0000000016250000]
[error occurred during error reporting (printing stack bounds), id 0xc0000005]

Native frames: (J=compiled Java code, j=interpreted, Vv=VM code, C=native code)


Current CompileTask:
C2:   1659 1321       4       com.android.dx.rop.code.Rops::ropFor (771 bytes)


---------------  P R O C E S S  ---------------

Java Threads: ( => current thread )
  0x0000000016617800 JavaThread "pool-1-thread-4" [_thread_blocked, id=3780, stack(0x0000000016d50000,0x0000000016e50000)]
  0x00000000165f4000 JavaThread "pool-1-thread-3" [_thread_blocked, id=9292, stack(0x0000000016c50000,0x0000000016d50000)]
  0x00000000165e9800 JavaThread "pool-1-thread-2" [_thread_blocked, id=10084, stack(0x0000000016b50000,0x0000000016c50000)]
  0x00000000165e6000 JavaThread "pool-2-thread-1" [_thread_blocked, id=5656, stack(0x0000000016a50000,0x0000000016b50000)]
  0x0000000016556000 JavaThread "pool-1-thread-1" [_thread_blocked, id=6272, stack(0x0000000016950000,0x0000000016a50000)]
  0x0000000016372000 JavaThread "Service Thread" daemon [_thread_blocked, id=8228, stack(0x0000000016750000,0x0000000016850000)]
  0x0000000014a2c000 JavaThread "C1 CompilerThread2" daemon [_thread_blocked, id=7620, stack(0x0000000016250000,0x0000000016350000)]
=>0x0000000014a01000 JavaThread "C2 CompilerThread1" daemon [_thread_in_native, id=9900, stack(0x0000000016150000,0x0000000016250000)]
  0x00000000149fe000 JavaThread "C2 CompilerThread0" daemon [_thread_in_native, id=9436, stack(0x0000000016050000,0x0000000016150000)]
  0x00000000149fc000 JavaThread "Attach Listener" daemon [_thread_blocked, id=7072, stack(0x0000000015f50000,0x0000000016050000)]
  0x00000000149fa800 JavaThread "Signal Dispatcher" daemon [_thread_blocked, id=4956, stack(0x0000000015e50000,0x0000000015f50000)]
  0x000000000232a800 JavaThread "Finalizer" daemon [_thread_blocked, id=9296, stack(0x0000000015c70000,0x0000000015d70000)]
  0x00000000149c9000 JavaThread "Reference Handler" daemon [_thread_blocked, id=5832, stack(0x0000000015b70000,0x0000000015c70000)]
  0x0000000002230800 JavaThread "main" [_thread_in_native, id=3364, stack(0x0000000002110000,0x0000000002210000)]

Other Threads:
  0x00000000149c7800 VMThread [stack: 0x0000000015a70000,0x0000000015b70000] [id=4604]
  0x0000000016374800 WatcherThread [stack: 0x0000000016850000,0x0000000016950000] [id=8340]

VM state:not at safepoint (normal execution)

VM Mutex/Monitor currently owned by a thread: None

Heap:
 PSYoungGen      total 71680K, used 16395K [0x00000000eab00000, 0x00000000ef600000, 0x0000000100000000)
  eden space 66560K, 16% used [0x00000000eab00000,0x00000000eb60ac20,0x00000000eec00000)
  from space 5120K, 99% used [0x00000000ef100000,0x00000000ef5f8028,0x00000000ef600000)
  to   space 5120K, 0% used [0x00000000eec00000,0x00000000eec00000,0x00000000ef100000)
 ParOldGen       total 87552K, used 5847K [0x00000000c0000000, 0x00000000c5580000, 0x00000000eab00000)
  object space 87552K, 6% used [0x00000000c0000000,0x00000000c05b5cc0,0x00000000c5580000)
 Metaspace       used 5908K, capacity 6960K, committed 7040K, reserved 1056768K
  class space    used 582K, capacity 616K, committed 640K, reserved 1048576K

Card table byte_map: [0x00000000116f0000,0x0000000011900000] byte_map_base: 0x00000000110f0000

Marking Bits: (ParMarkBitMap*) 0x000000005ab964f0
 Begin Bits: [0x0000000011e60000, 0x0000000012e60000)
 End Bits:   [0x0000000012e60000, 0x0000000013e60000)

Polling page: 0x00000000008b0000

CodeCache: size=245760Kb used=6122Kb max_used=6128Kb free=239637Kb
 bounds [0x0000000002330000, 0x0000000002940000, 0x0000000011330000]
 total_blobs=1662 nmethods=1400 adapters=175
 compilation: enabled

Compilation events (10 events):
Event: 1.530 Thread 0x0000000014a2c000 1406       3       com.android.dx.dex.file.ClassDefItem::addDirectMethod (9 bytes)
Event: 1.530 Thread 0x0000000014a2c000 nmethod 1406 0x000000000291a390 code [0x000000000291a540, 0x000000000291abf8]
Event: 1.530 Thread 0x0000000014a2c000 1407       3       com.android.dx.dex.file.ClassDataItem::addDirectMethod (24 bytes)
Event: 1.530 Thread 0x0000000014a2c000 nmethod 1407 0x00000000029196d0 code [0x00000000029198a0, 0x0000000002919f38]
Event: 1.530 Thread 0x0000000014a2c000 1408       3       com.android.dx.cf.code.OneLocalsArray::set (10 bytes)
Event: 1.530 Thread 0x0000000014a2c000 nmethod 1408 0x00000000028eefd0 code [0x00000000028ef140, 0x00000000028ef388]
Event: 1.530 Thread 0x0000000014a2c000 1409       3       com.android.dx.rop.code.RegisterSpec::getFrameType (10 bytes)
Event: 1.531 Thread 0x0000000014a01000 nmethod 1400 0x0000000002928e10 code [0x00000000029292a0, 0x000000000292a020]
Event: 1.531 Thread 0x0000000014a2c000 nmethod 1409 0x00000000028ef6d0 code [0x00000000028ef840, 0x00000000028efa68]
Event: 1.531 Thread 0x0000000014a01000 1321       4       com.android.dx.rop.code.Rops::ropFor (771 bytes)

GC Heap History (4 events):
Event: 0.912 GC heap before
{Heap before GC invocations=1 (full 0):
 PSYoungGen      total 38400K, used 33280K [0x00000000eab00000, 0x00000000ed580000, 0x0000000100000000)
  eden space 33280K, 100% used [0x00000000eab00000,0x00000000ecb80000,0x00000000ecb80000)
  from space 5120K, 0% used [0x00000000ed080000,0x00000000ed080000,0x00000000ed580000)
  to   space 5120K, 0% used [0x00000000ecb80000,0x00000000ecb80000,0x00000000ed080000)
 ParOldGen       total 87552K, used 0K [0x00000000c0000000, 0x00000000c5580000, 0x00000000eab00000)
  object space 87552K, 0% used [0x00000000c0000000,0x00000000c0000000,0x00000000c5580000)
 Metaspace       used 5803K, capacity 6896K, committed 7040K, reserved 1056768K
  class space    used 581K, capacity 616K, committed 640K, reserved 1048576K
Event: 0.929 GC heap after
Heap after GC invocations=1 (full 0):
 PSYoungGen      total 38400K, used 5104K [0x00000000eab00000, 0x00000000ef600000, 0x0000000100000000)
  eden space 33280K, 0% used [0x00000000eab00000,0x00000000eab00000,0x00000000ecb80000)
  from space 5120K, 99% used [0x00000000ecb80000,0x00000000ed07c038,0x00000000ed080000)
  to   space 5120K, 0% used [0x00000000ef100000,0x00000000ef100000,0x00000000ef600000)
 ParOldGen       total 87552K, used 1283K [0x00000000c0000000, 0x00000000c5580000, 0x00000000eab00000)
  object space 87552K, 1% used [0x00000000c0000000,0x00000000c0140f20,0x00000000c5580000)
 Metaspace       used 5803K, capacity 6896K, committed 7040K, reserved 1056768K
  class space    used 581K, capacity 616K, committed 640K, reserved 1048576K
}
Event: 1.276 GC heap before
{Heap before GC invocations=2 (full 0):
 PSYoungGen      total 38400K, used 38384K [0x00000000eab00000, 0x00000000ef600000, 0x0000000100000000)
  eden space 33280K, 100% used [0x00000000eab00000,0x00000000ecb80000,0x00000000ecb80000)
  from space 5120K, 99% used [0x00000000ecb80000,0x00000000ed07c038,0x00000000ed080000)
  to   space 5120K, 0% used [0x00000000ef100000,0x00000000ef100000,0x00000000ef600000)
 ParOldGen       total 87552K, used 1283K [0x00000000c0000000, 0x00000000c5580000, 0x00000000eab00000)
  object space 87552K, 1% used [0x00000000c0000000,0x00000000c0140f20,0x00000000c5580000)
 Metaspace       used 5902K, capacity 6960K, committed 7040K, reserved 1056768K
  class space    used 582K, capacity 616K, committed 640K, reserved 1048576K
Event: 1.368 GC heap after
Heap after GC invocations=2 (full 0):
 PSYoungGen      total 71680K, used 5088K [0x00000000eab00000, 0x00000000ef600000, 0x0000000100000000)
  eden space 66560K, 0% used [0x00000000eab00000,0x00000000eab00000,0x00000000eec00000)
  from space 5120K, 99% used [0x00000000ef100000,0x00000000ef5f8028,0x00000000ef600000)
  to   space 5120K, 0% used [0x00000000eec00000,0x00000000eec00000,0x00000000ef100000)
 ParOldGen       total 87552K, used 5847K [0x00000000c0000000, 0x00000000c5580000, 0x00000000eab00000)
  object space 87552K, 6% used [0x00000000c0000000,0x00000000c05b5cc0,0x00000000c5580000)
 Metaspace       used 5902K, capacity 6960K, committed 7040K, reserved 1056768K
  class space    used 582K, capacity 616K, committed 640K, reserved 1048576K
}

Deoptimization events (10 events):
Event: 0.956 Thread 0x0000000002230800 Uncommon trap: reason=unstable_if action=reinterpret pc=0x00000000024d7040 method=java.lang.String.<init>([CII)V @ 18
Event: 0.988 Thread 0x0000000016617800 Uncommon trap: reason=class_check action=maybe_recompile pc=0x0000000002788554 method=com.android.dx.ssa.NormalSsaInsn.accept(Lcom/android/dx/ssa/SsaInsn$Visitor;)V @ 9
Event: 0.988 Thread 0x0000000016617800 Uncommon trap: reason=class_check action=maybe_recompile pc=0x0000000002788554 method=com.android.dx.ssa.NormalSsaInsn.accept(Lcom/android/dx/ssa/SsaInsn$Visitor;)V @ 9
Event: 1.024 Thread 0x0000000016617800 Uncommon trap: reason=null_check action=make_not_entrant pc=0x0000000002687928 method=com.android.dx.rop.type.Type.equals(Ljava/lang/Object;)Z @ 8
Event: 1.070 Thread 0x0000000002230800 Uncommon trap: reason=unloaded action=reinterpret pc=0x00000000027c19c8 method=com.android.dx.cf.cst.ConstantPoolParser.parse0(ILjava/util/BitSet;)Lcom/android/dx/rop/cst/Constant; @ 198
Event: 1.088 Thread 0x00000000165f4000 Uncommon trap: reason=unstable_if action=reinterpret pc=0x00000000027fd5e0 method=com.android.dx.ssa.SCCP.simulateStmt(Lcom/android/dx/ssa/SsaInsn;)V @ 53
Event: 1.088 Thread 0x0000000002230800 Uncommon trap: reason=unstable_if action=reinterpret pc=0x0000000002672020 method=java.lang.String.<init>([CII)V @ 18
Event: 1.123 Thread 0x0000000016556000 Uncommon trap: reason=null_check action=make_not_entrant pc=0x0000000002788d9c method=com.android.dx.ssa.SsaRenamer.getLocalForNewReg(I)Lcom/android/dx/rop/code/LocalItem; @ 19
Event: 1.123 Thread 0x0000000016556000 Uncommon trap: reason=null_check action=make_not_entrant pc=0x000000000278fcb8 method=com.android.dx.ssa.SsaRenamer.getLocalForNewReg(I)Lcom/android/dx/rop/code/LocalItem; @ 19
Event: 1.267 Thread 0x0000000016617800 Uncommon trap: reason=unstable_if action=reinterpret pc=0x00000000028ce384 method=com.android.dx.ssa.LiteralOpUpgrader$1.visitNonMoveInsn(Lcom/android/dx/ssa/NormalSsaInsn;)V @ 151

Internal exceptions (5 events):
Event: 0.027 Thread 0x0000000002230800 Exception <a 'java/lang/NoSuchMethodError': Method sun.misc.Unsafe.defineClass(Ljava/lang/String;[BII)Ljava/lang/Class; name or signature does not match> (0x00000000eab07cc0) thrown at [D:\re\workspace\8-2-build-windows-amd64-cygwin\jdk8u92\6642\hotspot\srøhN’ç-œ?
Event: 0.028 Thread 0x0000000002230800 Exception <a 'java/lang/NoSuchMethodError': Method sun.misc.Unsafe.prefetchRead(Ljava/lang/Object;J)V name or signature does not match> (0x00000000eab07fa8) thrown at [D:\re\workspace\8-2-build-windows-amd64-cygwin\jdk8u92\6642\hotspot\src\share\vm\prims\j¨|7¯	cð?
Event: 1.024 Thread 0x0000000016617800 Implicit null exception at 0x0000000002687822 to 0x000000000268791a
Event: 1.123 Thread 0x0000000016556000 Implicit null exception at 0x0000000002786f37 to 0x0000000002788d51
Event: 1.123 Thread 0x0000000016556000 Implicit null exception at 0x000000000278dc4b to 0x000000000278fc95

Events (10 events):
Event: 1.187 Thread 0x00000000165f4000 DEOPT UNPACKING pc=0x000000000237787f sp=0x0000000016d4e718 mode 0
Event: 1.193 Thread 0x00000000165f4000 DEOPT PACKING pc=0x000000000263695b sp=0x0000000016d4e950
Event: 1.193 Thread 0x00000000165f4000 DEOPT UNPACKING pc=0x000000000237787f sp=0x0000000016d4e718 mode 0
Event: 1.210 Thread 0x00000000165e9800 DEOPT PACKING pc=0x0000000002636944 sp=0x0000000016c4ef40
Event: 1.210 Thread 0x00000000165e9800 DEOPT UNPACKING pc=0x000000000237787f sp=0x0000000016c4ed08 mode 0
Event: 1.267 Thread 0x0000000016617800 Uncommon trap: trap_request=0xffffff65 fr.pc=0x00000000028ce384
Event: 1.267 Thread 0x0000000016617800 DEOPT PACKING pc=0x00000000028ce384 sp=0x0000000016e4e7f0
Event: 1.267 Thread 0x0000000016617800 DEOPT UNPACKING pc=0x000000000237582a sp=0x0000000016e4e7e0 mode 2
Event: 1.276 Executing VM operation: ParallelGCFailedAllocation
Event: 1.368 Executing VM operation: ParallelGCFailedAllocation done


Dynamic libraries:
0x00007ff61f2f0000 - 0x00007ff61f327000 	C:\Program Files\Java\jdk1.8.0_92\bin\java.exe
0x00007ffa9ddd0000 - 0x00007ffa9df7a000 	C:\Windows\SYSTEM32\ntdll.dll
0x00007ffa9d870000 - 0x00007ffa9d9aa000 	C:\Windows\system32\KERNEL32.DLL
0x00007ffa9b260000 - 0x00007ffa9b36f000 	C:\Windows\system32\KERNELBASE.dll
0x00007ffa99d70000 - 0x00007ffa99df8000 	C:\Windows\system32\apphelp.dll
0x00007ffa71130000 - 0x00007ffa7117f000 	C:\Windows\AppPatch\AppPatch64\AcGenral.DLL
0x00007ffa9d250000 - 0x00007ffa9d2f7000 	C:\Windows\system32\msvcrt.dll
0x00007ffa9af80000 - 0x00007ffa9afab000 	C:\Windows\SYSTEM32\SspiCli.dll
0x00007ffa9d520000 - 0x00007ffa9d571000 	C:\Windows\system32\SHLWAPI.dll
0x00007ffa9d300000 - 0x00007ffa9d471000 	C:\Windows\system32\USER32.dll
0x00007ffa9d9b0000 - 0x00007ffa9db28000 	C:\Windows\system32\ole32.dll
0x00007ffa9bc30000 - 0x00007ffa9d047000 	C:\Windows\system32\SHELL32.dll
0x00007ffa9a7b0000 - 0x00007ffa9a7ce000 	C:\Windows\SYSTEM32\USERENV.dll
0x00007ffa9d5c0000 - 0x00007ffa9d665000 	C:\Windows\system32\ADVAPI32.dll
0x00007ffa96070000 - 0x00007ffa9608b000 	C:\Windows\SYSTEM32\MPR.dll
0x00007ffa9db40000 - 0x00007ffa9dc76000 	C:\Windows\system32\RPCRT4.dll
0x00007ffa9d1f0000 - 0x00007ffa9d247000 	C:\Windows\SYSTEM32\sechost.dll
0x00007ffa9b660000 - 0x00007ffa9b836000 	C:\Windows\SYSTEM32\combase.dll
0x00007ffa9dc80000 - 0x00007ffa9ddc5000 	C:\Windows\system32\GDI32.dll
0x00007ffa9b140000 - 0x00007ffa9b154000 	C:\Windows\SYSTEM32\profapi.dll
0x00007ffa997a0000 - 0x00007ffa9983f000 	C:\Windows\SYSTEM32\SHCORE.dll
0x00007ffa9d580000 - 0x00007ffa9d5b4000 	C:\Windows\system32\IMM32.DLL
0x00007ffa9d670000 - 0x00007ffa9d7a9000 	C:\Windows\system32\MSCTF.dll
0x00007ffa98e90000 - 0x00007ffa990ea000 	C:\Windows\WinSxS\amd64_microsoft.windows.common-controls_6595b64144ccf1df_6.0.9600.17031_none_6242a4b3ecbb55a1\COMCTL32.dll
0x0000000059ad0000 - 0x0000000059ba2000 	C:\Program Files\Java\jdk1.8.0_92\jre\bin\msvcr100.dll
0x000000005a380000 - 0x000000005ac16000 	C:\Program Files\Java\jdk1.8.0_92\jre\bin\server\jvm.dll
0x00007ffa8e680000 - 0x00007ffa8e689000 	C:\Windows\SYSTEM32\WSOCK32.dll
0x00007ffa8aa90000 - 0x00007ffa8aaaf000 	C:\Windows\SYSTEM32\WINMM.dll
0x00007ffa98e50000 - 0x00007ffa98e5a000 	C:\Windows\SYSTEM32\VERSION.dll
0x00007ffa9b650000 - 0x00007ffa9b657000 	C:\Windows\system32\PSAPI.DLL
0x00007ffa9d060000 - 0x00007ffa9d0b8000 	C:\Windows\system32\WS2_32.dll
0x00007ffa8aa60000 - 0x00007ffa8aa8a000 	C:\Windows\SYSTEM32\WINMMBASE.dll
0x00007ffa9bc20000 - 0x00007ffa9bc29000 	C:\Windows\system32\NSI.dll
0x00007ffa9b600000 - 0x00007ffa9b64a000 	C:\Windows\SYSTEM32\cfgmgr32.dll
0x00007ffa99fc0000 - 0x00007ffa99fe6000 	C:\Windows\SYSTEM32\DEVOBJ.dll
0x000000005a370000 - 0x000000005a37f000 	C:\Program Files\Java\jdk1.8.0_92\jre\bin\verify.dll
0x000000005a340000 - 0x000000005a369000 	C:\Program Files\Java\jdk1.8.0_92\jre\bin\java.dll
0x000000005a320000 - 0x000000005a336000 	C:\Program Files\Java\jdk1.8.0_92\jre\bin\zip.dll

VM Arguments:
jvm_args: -Djava.awt.headless=true -Xmx1024M -Dfile.encoding=windows-1252 -Duser.country=US -Duser.language=en -Duser.variant 
java_command: com.android.dx.command.Main --dex --force-jumbo --num-threads=4 --output C:\Zooket\app\build\intermediates\pre-dexed\debug\enhanced_82e7f6f5307c4379c1f30a8b172a7d1f0193a015.jar C:\Zooket\app\build\intermediates\transforms\instantRun\debug\folders\4000\5\enhanced
java_class_path (initial): C:\android-sdk-windows\build-tools\24.0.3\lib\dx.jar
Launcher Type: SUN_STANDARD

Environment Variables:
PATH=C:\ProgramData\Oracle\Java\javapath;C:\Windows\system32;C:\Windows;C:\Windows\System32\Wbem;C:\Windows\System32\WindowsPowerShell\v1.0\;C:\Program Files (x86)\NVIDIA Corporation\PhysX\Common;C:\Program Files (x86)\Windows Kits\8.1\Windows Performance Toolkit\;C:\Program Files\Microsoft SQL Server\110\Tools\Binn\;C:\Program Files\Microsoft SQL Server\110\DTS\Binn\;C:\Program Files (x86)\Microsoft SQL Server\110\Tools\Binn\;C:\Program Files (x86)\Microsoft SQL Server\110\Tools\Binn\ManagementStudio\;C:\Program Files (x86)\Microsoft Visual Studio 10.0\Common7\IDE\PrivateAssemblies\;C:\Program Files (x86)\Microsoft SQL Server\110\DTS\Binn\;C:\Program Files (x86)\GtkSharp\2.12\bin;C:\Program Files (x86)\QuickTime\QTSystem\
USERNAME=Smo
OS=Windows_NT
PROCESSOR_IDENTIFIER=Intel64 Family 6 Model 94 Stepping 3, GenuineIntel



---------------  S Y S T E M  ---------------

OS: Windows 8.1 , 64 bit Build 9600 (6.3.9600.17056)

CPU:total 4 (4 cores per cpu, 1 threads per core) family 6 model 94 stepping 3, cmov, cx8, fxsr, mmx, sse, sse2, sse3, ssse3, sse4.1, sse4.2, popcnt, avx, avx2, aes, clmul, erms, 3dnowpref, lzcnt, tsc, tscinvbit, bmi1, bmi2, adx

Memory: 4k page, physical 8266404k(1038016k free), swap 8266404k(3348k free)

vm_info: Java HotSpot(TM) 64-Bit Server VM (25.92-b14) for windows-amd64 JRE (1.8.0_92-b14), built on Mar 31 2016 21:03:04 by "java_re" with MS VC++ 10.0 (VS2010)

time: Sat May 13 17:24:00 2017
elapsed time: 1 seconds (0d 0h 0m 1s)

