#
# There is insufficient memory for the Java Runtime Environment to continue.
# Native memory allocation (malloc) failed to allocate 618096 bytes for Chunk::new
# Possible reasons:
#   The system is out of physical RAM or swap space
#   In 32 bit mode, the process size limit was hit
# Possible solutions:
#   Reduce memory load on the system
#   Increase physical memory or swap space
#   Check if swap backing store is full
#   Use 64 bit Java on a 64 bit OS
#   Decrease Java heap size (-Xmx/-Xms)
#   Decrease number of Java threads
#   Decrease Java thread stack sizes (-Xss)
#   Set larger code cache with -XX:ReservedCodeCacheSize=
# This output file may be truncated or incomplete.
#
#  Out of Memory Error (allocation.cpp:390), pid=3704, tid=0x0000000000001d58
#
# JRE version: Java(TM) SE Runtime Environment (8.0_92-b14) (build 1.8.0_92-b14)
# Java VM: Java HotSpot(TM) 64-Bit Server VM (25.92-b14 mixed mode windows-amd64 compressed oops)
# Failed to write core dump. Minidumps are not enabled by default on client versions of Windows
#

---------------  T H R E A D  ---------------

Current thread (0x000000001540d000):  JavaThread "C2 CompilerThread0" daemon [_thread_in_native, id=7512, stack(0x0000000016aa0000,0x0000000016ba0000)]

Stack: [0x0000000016aa0000,0x0000000016ba0000]
[error occurred during error reporting (printing stack bounds), id 0xc0000005]

Native frames: (J=compiled Java code, j=interpreted, Vv=VM code, C=native code)


Current CompileTask:
C2:   2244 1707       4       com.android.dx.ssa.LocalVariableExtractor::processBlock (383 bytes)


---------------  P R O C E S S  ---------------

Java Threads: ( => current thread )
  0x0000000017076800 JavaThread "pool-1-thread-4" [_thread_blocked, id=5272, stack(0x00000000177a0000,0x00000000178a0000)]
  0x0000000017072000 JavaThread "pool-1-thread-3" [_thread_blocked, id=1080, stack(0x00000000176a0000,0x00000000177a0000)]
  0x0000000017069000 JavaThread "pool-1-thread-2" [_thread_blocked, id=5964, stack(0x00000000175a0000,0x00000000176a0000)]
  0x0000000017066000 JavaThread "pool-2-thread-1" [_thread_blocked, id=1048, stack(0x00000000174a0000,0x00000000175a0000)]
  0x0000000017063800 JavaThread "pool-1-thread-1" [_thread_blocked, id=7772, stack(0x00000000173a0000,0x00000000174a0000)]
  0x0000000016da2800 JavaThread "Service Thread" daemon [_thread_blocked, id=7572, stack(0x00000000171a0000,0x00000000172a0000)]
  0x000000001546b000 JavaThread "C1 CompilerThread2" daemon [_thread_blocked, id=7948, stack(0x0000000016ca0000,0x0000000016da0000)]
  0x0000000015410800 JavaThread "C2 CompilerThread1" daemon [_thread_in_native, id=7560, stack(0x0000000016ba0000,0x0000000016ca0000)]
=>0x000000001540d000 JavaThread "C2 CompilerThread0" daemon [_thread_in_native, id=7512, stack(0x0000000016aa0000,0x0000000016ba0000)]
  0x000000001540b000 JavaThread "Attach Listener" daemon [_thread_blocked, id=6240, stack(0x00000000169a0000,0x0000000016aa0000)]
  0x000000001540a000 JavaThread "Signal Dispatcher" daemon [_thread_blocked, id=1564, stack(0x00000000168a0000,0x00000000169a0000)]
  0x00000000153fa000 JavaThread "Finalizer" daemon [_thread_blocked, id=7052, stack(0x00000000166a0000,0x00000000167a0000)]
  0x00000000153d9000 JavaThread "Reference Handler" daemon [_thread_blocked, id=6792, stack(0x00000000165a0000,0x00000000166a0000)]
  0x0000000002c42800 JavaThread "main" [_thread_blocked, id=5764, stack(0x0000000002b40000,0x0000000002c40000)]

Other Threads:
  0x00000000153d7800 VMThread [stack: 0x00000000164a0000,0x00000000165a0000] [id=4792]
  0x0000000016da9800 WatcherThread [stack: 0x00000000172a0000,0x00000000173a0000] [id=6348]

VM state:not at safepoint (normal execution)

VM Mutex/Monitor currently owned by a thread: None

Heap:
 PSYoungGen      total 71680K, used 13764K [0x00000000eab00000, 0x00000000ef600000, 0x0000000100000000)
  eden space 66560K, 12% used [0x00000000eab00000,0x00000000eb371258,0x00000000eec00000)
  from space 5120K, 100% used [0x00000000eec00000,0x00000000ef100000,0x00000000ef100000)
  to   space 5120K, 0% used [0x00000000ef100000,0x00000000ef100000,0x00000000ef600000)
 ParOldGen       total 87552K, used 15536K [0x00000000c0000000, 0x00000000c5580000, 0x00000000eab00000)
  object space 87552K, 17% used [0x00000000c0000000,0x00000000c0f2c100,0x00000000c5580000)
 Metaspace       used 6334K, capacity 7128K, committed 7424K, reserved 1056768K
  class space    used 620K, capacity 656K, committed 768K, reserved 1048576K

Card table byte_map: [0x0000000012100000,0x0000000012310000] byte_map_base: 0x0000000011b00000

Marking Bits: (ParMarkBitMap*) 0x0000000066bd64f0
 Begin Bits: [0x0000000012870000, 0x0000000013870000)
 End Bits:   [0x0000000013870000, 0x0000000014870000)

Polling page: 0x0000000002ad0000

CodeCache: size=245760Kb used=6571Kb max_used=6571Kb free=239188Kb
 bounds [0x0000000002d40000, 0x00000000033b0000, 0x0000000011d40000]
 total_blobs=1977 nmethods=1708 adapters=182
 compilation: enabled

Compilation events (10 events):
Event: 2.241 Thread 0x000000001546b000 1762       2       sun.util.calendar.CalendarDate::setMonth (20 bytes)
Event: 2.241 Thread 0x000000001546b000 nmethod 1762 0x00000000033ae9d0 code [0x00000000033aeb20, 0x00000000033aec90]
Event: 2.241 Thread 0x000000001546b000 1763       2       sun.util.calendar.CalendarDate::setDayOfMonth (20 bytes)
Event: 2.242 Thread 0x000000001546b000 nmethod 1763 0x00000000033aed10 code [0x00000000033aee60, 0x00000000033aefd0]
Event: 2.242 Thread 0x000000001546b000 1764       2       sun.util.calendar.CalendarDate::setHours (20 bytes)
Event: 2.242 Thread 0x000000001546b000 nmethod 1764 0x00000000033af050 code [0x00000000033af1a0, 0x00000000033af310]
Event: 2.242 Thread 0x000000001546b000 1765       2       sun.util.calendar.CalendarDate::setMinutes (20 bytes)
Event: 2.242 Thread 0x000000001546b000 nmethod 1765 0x00000000033af390 code [0x00000000033af4e0, 0x00000000033af650]
Event: 2.242 Thread 0x000000001546b000 1766       2       sun.util.calendar.CalendarDate::setSeconds (20 bytes)
Event: 2.242 Thread 0x000000001546b000 nmethod 1766 0x00000000033af6d0 code [0x00000000033af820, 0x00000000033af990]

GC Heap History (6 events):
Event: 1.034 GC heap before
{Heap before GC invocations=1 (full 0):
 PSYoungGen      total 38400K, used 33280K [0x00000000eab00000, 0x00000000ed580000, 0x0000000100000000)
  eden space 33280K, 100% used [0x00000000eab00000,0x00000000ecb80000,0x00000000ecb80000)
  from space 5120K, 0% used [0x00000000ed080000,0x00000000ed080000,0x00000000ed580000)
  to   space 5120K, 0% used [0x00000000ecb80000,0x00000000ecb80000,0x00000000ed080000)
 ParOldGen       total 87552K, used 0K [0x00000000c0000000, 0x00000000c5580000, 0x00000000eab00000)
  object space 87552K, 0% used [0x00000000c0000000,0x00000000c0000000,0x00000000c5580000)
 Metaspace       used 5922K, capacity 6834K, committed 7040K, reserved 1056768K
  class space    used 598K, capacity 618K, committed 640K, reserved 1048576K
Event: 1.104 GC heap after
Heap after GC invocations=1 (full 0):
 PSYoungGen      total 38400K, used 5107K [0x00000000eab00000, 0x00000000ef600000, 0x0000000100000000)
  eden space 33280K, 0% used [0x00000000eab00000,0x00000000eab00000,0x00000000ecb80000)
  from space 5120K, 99% used [0x00000000ecb80000,0x00000000ed07ceb8,0x00000000ed080000)
  to   space 5120K, 0% used [0x00000000ef100000,0x00000000ef100000,0x00000000ef600000)
 ParOldGen       total 87552K, used 1230K [0x00000000c0000000, 0x00000000c5580000, 0x00000000eab00000)
  object space 87552K, 1% used [0x00000000c0000000,0x00000000c0133b48,0x00000000c5580000)
 Metaspace       used 5922K, capacity 6834K, committed 7040K, reserved 1056768K
  class space    used 598K, capacity 618K, committed 640K, reserved 1048576K
}
Event: 1.365 GC heap before
{Heap before GC invocations=2 (full 0):
 PSYoungGen      total 38400K, used 38387K [0x00000000eab00000, 0x00000000ef600000, 0x0000000100000000)
  eden space 33280K, 100% used [0x00000000eab00000,0x00000000ecb80000,0x00000000ecb80000)
  from space 5120K, 99% used [0x00000000ecb80000,0x00000000ed07ceb8,0x00000000ed080000)
  to   space 5120K, 0% used [0x00000000ef100000,0x00000000ef100000,0x00000000ef600000)
 ParOldGen       total 87552K, used 1230K [0x00000000c0000000, 0x00000000c5580000, 0x00000000eab00000)
  object space 87552K, 1% used [0x00000000c0000000,0x00000000c0133b48,0x00000000c5580000)
 Metaspace       used 6242K, capacity 7064K, committed 7424K, reserved 1056768K
  class space    used 620K, capacity 656K, committed 768K, reserved 1048576K
Event: 1.390 GC heap after
Heap after GC invocations=2 (full 0):
 PSYoungGen      total 71680K, used 5099K [0x00000000eab00000, 0x00000000ef600000, 0x0000000100000000)
  eden space 66560K, 0% used [0x00000000eab00000,0x00000000eab00000,0x00000000eec00000)
  from space 5120K, 99% used [0x00000000ef100000,0x00000000ef5fac38,0x00000000ef600000)
  to   space 5120K, 0% used [0x00000000eec00000,0x00000000eec00000,0x00000000ef100000)
 ParOldGen       total 87552K, used 5755K [0x00000000c0000000, 0x00000000c5580000, 0x00000000eab00000)
  object space 87552K, 6% used [0x00000000c0000000,0x00000000c059ef98,0x00000000c5580000)
 Metaspace       used 6242K, capacity 7064K, committed 7424K, reserved 1056768K
  class space    used 620K, capacity 656K, committed 768K, reserved 1048576K
}
Event: 2.129 GC heap before
{Heap before GC invocations=3 (full 0):
 PSYoungGen      total 71680K, used 71659K [0x00000000eab00000, 0x00000000ef600000, 0x0000000100000000)
  eden space 66560K, 100% used [0x00000000eab00000,0x00000000eec00000,0x00000000eec00000)
  from space 5120K, 99% used [0x00000000ef100000,0x00000000ef5fac38,0x00000000ef600000)
  to   space 5120K, 0% used [0x00000000eec00000,0x00000000eec00000,0x00000000ef100000)
 ParOldGen       total 87552K, used 5755K [0x00000000c0000000, 0x00000000c5580000, 0x00000000eab00000)
  object space 87552K, 6% used [0x00000000c0000000,0x00000000c059ef98,0x00000000c5580000)
 Metaspace       used 6327K, capacity 7128K, committed 7424K, reserved 1056768K
  class space    used 620K, capacity 656K, committed 768K, reserved 1048576K
Event: 2.201 GC heap after
Heap after GC invocations=3 (full 0):
 PSYoungGen      total 71680K, used 5120K [0x00000000eab00000, 0x00000000ef600000, 0x0000000100000000)
  eden space 66560K, 0% used [0x00000000eab00000,0x00000000eab00000,0x00000000eec00000)
  from space 5120K, 100% used [0x00000000eec00000,0x00000000ef100000,0x00000000ef100000)
  to   space 5120K, 0% used [0x00000000ef100000,0x00000000ef100000,0x00000000ef600000)
 ParOldGen       total 87552K, used 15536K [0x00000000c0000000, 0x00000000c5580000, 0x00000000eab00000)
  object space 87552K, 17% used [0x00000000c0000000,0x00000000c0f2c100,0x00000000c5580000)
 Metaspace       used 6327K, capacity 7128K, committed 7424K, reserved 1056768K
  class space    used 620K, capacity 656K, committed 768K, reserved 1048576K
}

Deoptimization events (10 events):
Event: 0.840 Thread 0x0000000017072000 Uncommon trap: reason=bimorphic action=maybe_recompile pc=0x0000000002f86074 method=java.util.HashMap.getNode(ILjava/lang/Object;)Ljava/util/HashMap$Node; @ 126
Event: 0.846 Thread 0x0000000017063800 Uncommon trap: reason=unstable_if action=reinterpret pc=0x0000000003045ccc method=com.android.dx.rop.code.RegisterSpec.equals(ILcom/android/dx/rop/type/TypeBearer;Lcom/android/dx/rop/code/LocalItem;)Z @ 42
Event: 0.867 Thread 0x0000000017063800 Uncommon trap: reason=null_check action=make_not_entrant pc=0x000000000301445c method=com.android.dx.ssa.SsaRenamer.getLocalForNewReg(I)Lcom/android/dx/rop/code/LocalItem; @ 19
Event: 0.867 Thread 0x0000000017063800 Uncommon trap: reason=null_check action=make_not_entrant pc=0x000000000301a9ac method=com.android.dx.ssa.SsaRenamer.getLocalForNewReg(I)Lcom/android/dx/rop/code/LocalItem; @ 19
Event: 1.119 Thread 0x0000000017063800 Uncommon trap: reason=bimorphic action=maybe_recompile pc=0x0000000002f86074 method=java.util.HashMap.getNode(ILjava/lang/Object;)Ljava/util/HashMap$Node; @ 126
Event: 1.131 Thread 0x0000000017076800 Uncommon trap: reason=bimorphic action=maybe_recompile pc=0x0000000002f86074 method=java.util.HashMap.getNode(ILjava/lang/Object;)Ljava/util/HashMap$Node; @ 126
Event: 1.153 Thread 0x0000000017076800 Uncommon trap: reason=bimorphic action=maybe_recompile pc=0x0000000002fd1724 method=java.util.HashMap.getNode(ILjava/lang/Object;)Ljava/util/HashMap$Node; @ 126
Event: 1.201 Thread 0x0000000017069000 Uncommon trap: reason=unstable_if action=reinterpret pc=0x000000000308bc20 method=java.util.HashMap.putVal(ILjava/lang/Object;Ljava/lang/Object;ZZ)Ljava/lang/Object; @ 162
Event: 1.211 Thread 0x0000000017072000 Uncommon trap: reason=unstable_if action=reinterpret pc=0x000000000325e698 method=java.util.HashMap.getNode(ILjava/lang/Object;)Ljava/util/HashMap$Node; @ 84
Event: 1.351 Thread 0x0000000017076800 Uncommon trap: reason=unstable_if action=reinterpret pc=0x000000000328edd4 method=java.util.HashMap.putVal(ILjava/lang/Object;Ljava/lang/Object;ZZ)Ljava/lang/Object; @ 94

Internal exceptions (7 events):
Event: 0.099 Thread 0x0000000002c42800 Exception <a 'java/lang/NoSuchMethodError': Method sun.misc.Unsafe.defineClass(Ljava/lang/String;[BII)Ljava/lang/Class; name or signature does not match> (0x00000000eab07cc0) thrown at [D:\re\workspace\8-2-build-windows-amd64-cygwin\jdk8u92\6642\hotspot\srŒrìçu¹?
Event: 0.099 Thread 0x0000000002c42800 Exception <a 'java/lang/NoSuchMethodError': Method sun.misc.Unsafe.prefetchRead(Ljava/lang/Object;J)V name or signature does not match> (0x00000000eab07fa8) thrown at [D:\re\workspace\8-2-build-windows-amd64-cygwin\jdk8u92\6642\hotspot\src\share\vm\prims\j‹ð<d¼ë?
Event: 0.867 Thread 0x0000000017063800 Implicit null exception at 0x0000000003012b6f to 0x0000000003014411
Event: 0.867 Thread 0x0000000017063800 Implicit null exception at 0x0000000003018a2a to 0x000000000301a985
Event: 1.202 Thread 0x0000000017069000 Exception <a 'java/lang/ArrayIndexOutOfBoundsException': 18> (0x00000000ebcf8ed8) thrown at [D:\re\workspace\8-2-build-windows-amd64-cygwin\jdk8u92\6642\hotspot\src\share\vm\interpreter\interpreterRuntime.cpp, line 366]
Event: 1.202 Thread 0x0000000017069000 Exception <a 'java/lang/ArrayIndexOutOfBoundsException': 145> (0x00000000ebcfaa58) thrown at [D:\re\workspace\8-2-build-windows-amd64-cygwin\jdk8u92\6642\hotspot\src\share\vm\interpreter\interpreterRuntime.cpp, line 366]
Event: 1.203 Thread 0x0000000017069000 Exception <a 'java/lang/ArrayIndexOutOfBoundsException'> (0x00000000ebcfbd40) thrown at [D:\re\workspace\8-2-build-windows-amd64-cygwin\jdk8u92\6642\hotspot\src\share\vm\runtime\sharedRuntime.cpp, line 605]

Events (10 events):
Event: 2.031 Thread 0x0000000002c42800 DEOPT PACKING pc=0x000000000324dc85 sp=0x0000000002c3e7c0
Event: 2.031 Thread 0x0000000002c42800 DEOPT UNPACKING pc=0x0000000002d8787f sp=0x0000000002c3e4f0 mode 0
Event: 2.032 Thread 0x0000000002c42800 DEOPT PACKING pc=0x000000000325426a sp=0x0000000002c3ea00
Event: 2.033 Thread 0x0000000002c42800 DEOPT UNPACKING pc=0x0000000002d8787f sp=0x0000000002c3e790 mode 0
Event: 2.042 Thread 0x0000000002c42800 DEOPT PACKING pc=0x0000000003101776 sp=0x0000000002c3e180
Event: 2.042 Thread 0x0000000002c42800 DEOPT UNPACKING pc=0x0000000002d8787f sp=0x0000000002c3dea0 mode 0
Event: 2.085 Executing VM operation: ParallelGCFailedAllocation
Event: 2.201 Executing VM operation: ParallelGCFailedAllocation done
Event: 2.240 Thread 0x0000000017063800 DEOPT PACKING pc=0x000000000339503f sp=0x000000001749f030
Event: 2.240 Thread 0x0000000017063800 DEOPT UNPACKING pc=0x0000000002d8787f sp=0x000000001749ee28 mode 0


Dynamic libraries:
0x00007ff6735d0000 - 0x00007ff673607000 	C:\Program Files\Java\jdk1.8.0_92\bin\java.exe
0x00007ff93cdb0000 - 0x00007ff93cf5a000 	C:\Windows\SYSTEM32\ntdll.dll
0x00007ff93a690000 - 0x00007ff93a7ca000 	C:\Windows\system32\KERNEL32.DLL
0x00007ff93a340000 - 0x00007ff93a44f000 	C:\Windows\system32\KERNELBASE.dll
0x00007ff938d50000 - 0x00007ff938dd8000 	C:\Windows\system32\apphelp.dll
0x00007ff9245a0000 - 0x00007ff9245ef000 	C:\Windows\AppPatch\AppPatch64\AcGenral.DLL
0x00007ff93cd00000 - 0x00007ff93cda7000 	C:\Windows\system32\msvcrt.dll
0x00007ff939f60000 - 0x00007ff939f8b000 	C:\Windows\SYSTEM32\SspiCli.dll
0x00007ff93b640000 - 0x00007ff93b691000 	C:\Windows\system32\SHLWAPI.dll
0x00007ff93aaa0000 - 0x00007ff93ac11000 	C:\Windows\system32\USER32.dll
0x00007ff93b280000 - 0x00007ff93b3f8000 	C:\Windows\system32\ole32.dll
0x00007ff93b8e0000 - 0x00007ff93ccf7000 	C:\Windows\system32\SHELL32.dll
0x00007ff939790000 - 0x00007ff9397ae000 	C:\Windows\SYSTEM32\USERENV.dll
0x00007ff93a7d0000 - 0x00007ff93a875000 	C:\Windows\system32\ADVAPI32.dll
0x00007ff935560000 - 0x00007ff93557b000 	C:\Windows\SYSTEM32\MPR.dll
0x00007ff93b140000 - 0x00007ff93b276000 	C:\Windows\system32\RPCRT4.dll
0x00007ff93b880000 - 0x00007ff93b8d7000 	C:\Windows\SYSTEM32\sechost.dll
0x00007ff93b6a0000 - 0x00007ff93b876000 	C:\Windows\SYSTEM32\combase.dll
0x00007ff93af90000 - 0x00007ff93b0d5000 	C:\Windows\system32\GDI32.dll
0x00007ff93a120000 - 0x00007ff93a134000 	C:\Windows\SYSTEM32\profapi.dll
0x00007ff938780000 - 0x00007ff93881f000 	C:\Windows\SYSTEM32\SHCORE.dll
0x00007ff93ace0000 - 0x00007ff93ad14000 	C:\Windows\system32\IMM32.DLL
0x00007ff93a940000 - 0x00007ff93aa79000 	C:\Windows\system32\MSCTF.dll
0x00007ff937e70000 - 0x00007ff9380ca000 	C:\Windows\WinSxS\amd64_microsoft.windows.common-controls_6595b64144ccf1df_6.0.9600.17031_none_6242a4b3ecbb55a1\COMCTL32.dll
0x0000000066c60000 - 0x0000000066d32000 	C:\Program Files\Java\jdk1.8.0_92\jre\bin\msvcr100.dll
0x00000000663c0000 - 0x0000000066c56000 	C:\Program Files\Java\jdk1.8.0_92\jre\bin\server\jvm.dll
0x00007ff9329b0000 - 0x00007ff9329b9000 	C:\Windows\SYSTEM32\WSOCK32.dll
0x00007ff932ab0000 - 0x00007ff932acf000 	C:\Windows\SYSTEM32\WINMM.dll
0x00007ff937e30000 - 0x00007ff937e3a000 	C:\Windows\SYSTEM32\VERSION.dll
0x00007ff93aa90000 - 0x00007ff93aa97000 	C:\Windows\system32\PSAPI.DLL
0x00007ff93b0e0000 - 0x00007ff93b138000 	C:\Windows\system32\WS2_32.dll
0x00007ff92ff60000 - 0x00007ff92ff8a000 	C:\Windows\SYSTEM32\WINMMBASE.dll
0x00007ff93aa80000 - 0x00007ff93aa89000 	C:\Windows\system32\NSI.dll
0x00007ff93a1f0000 - 0x00007ff93a23a000 	C:\Windows\SYSTEM32\cfgmgr32.dll
0x00007ff938fa0000 - 0x00007ff938fc6000 	C:\Windows\SYSTEM32\DEVOBJ.dll
0x00000000663b0000 - 0x00000000663bf000 	C:\Program Files\Java\jdk1.8.0_92\jre\bin\verify.dll
0x0000000066380000 - 0x00000000663a9000 	C:\Program Files\Java\jdk1.8.0_92\jre\bin\java.dll
0x0000000066360000 - 0x0000000066376000 	C:\Program Files\Java\jdk1.8.0_92\jre\bin\zip.dll

VM Arguments:
jvm_args: -Djava.awt.headless=true -Xmx1024M -Dfile.encoding=windows-1252 -Duser.country=US -Duser.language=en -Duser.variant 
java_command: com.android.dx.command.Main --dex --force-jumbo --num-threads=4 --output C:\Zooket\app\build\intermediates\pre-dexed\debug\okhttp-3.5.0_e91d8159a3d7db8ced802dc3bb030e67d837299d.jar C:\Users\Smo\.gradle\caches\modules-2\files-2.1\com.squareup.okhttp3\okhttp\3.5.0\4b0bb6bfbecbdd42b97ff400af342bfe7f32bc83\okhttp-3.5.0.jar
java_class_path (initial): C:\android-sdk-windows\build-tools\24.0.3\lib\dx.jar
Launcher Type: SUN_STANDARD

Environment Variables:
PATH=C:\ProgramData\Oracle\Java\javapath;C:\Windows\system32;C:\Windows;C:\Windows\System32\Wbem;C:\Windows\System32\WindowsPowerShell\v1.0\;C:\Program Files (x86)\NVIDIA Corporation\PhysX\Common;C:\Program Files (x86)\Windows Kits\8.1\Windows Performance Toolkit\;C:\Program Files\Microsoft SQL Server\110\Tools\Binn\;C:\Program Files\Microsoft SQL Server\110\DTS\Binn\;C:\Program Files (x86)\Microsoft SQL Server\110\Tools\Binn\;C:\Program Files (x86)\Microsoft SQL Server\110\Tools\Binn\ManagementStudio\;C:\Program Files (x86)\Microsoft Visual Studio 10.0\Common7\IDE\PrivateAssemblies\;C:\Program Files (x86)\Microsoft SQL Server\110\DTS\Binn\;C:\Program Files (x86)\GtkSharp\2.12\bin;C:\Program Files (x86)\QuickTime\QTSystem\
USERNAME=Smo
OS=Windows_NT
PROCESSOR_IDENTIFIER=Intel64 Family 6 Model 94 Stepping 3, GenuineIntel



---------------  S Y S T E M  ---------------

OS: Windows 8.1 , 64 bit Build 9600 (6.3.9600.17056)

CPU:total 4 (4 cores per cpu, 1 threads per core) family 6 model 94 stepping 3, cmov, cx8, fxsr, mmx, sse, sse2, sse3, ssse3, sse4.1, sse4.2, popcnt, avx, avx2, aes, clmul, erms, 3dnowpref, lzcnt, tsc, tscinvbit, bmi1, bmi2, adx

Memory: 4k page, physical 8266404k(1108692k free), swap 8266404k(5800k free)

vm_info: Java HotSpot(TM) 64-Bit Server VM (25.92-b14) for windows-amd64 JRE (1.8.0_92-b14), built on Mar 31 2016 21:03:04 by "java_re" with MS VC++ 10.0 (VS2010)

time: Fri Jun 02 11:57:05 2017
elapsed time: 2 seconds (0d 0h 0m 2s)

