#
# There is insufficient memory for the Java Runtime Environment to continue.
# Native memory allocation (malloc) failed to allocate 262160 bytes for Chunk::new
# Possible reasons:
#   The system is out of physical RAM or swap space
#   In 32 bit mode, the process size limit was hit
# Possible solutions:
#   Reduce memory load on the system
#   Increase physical memory or swap space
#   Check if swap backing store is full
#   Use 64 bit Java on a 64 bit OS
#   Decrease Java heap size (-Xmx/-Xms)
#   Decrease number of Java threads
#   Decrease Java thread stack sizes (-Xss)
#   Set larger code cache with -XX:ReservedCodeCacheSize=
# This output file may be truncated or incomplete.
#
#  Out of Memory Error (allocation.cpp:390), pid=5668, tid=0x0000000000001570
#
# JRE version: Java(TM) SE Runtime Environment (8.0_92-b14) (build 1.8.0_92-b14)
# Java VM: Java HotSpot(TM) 64-Bit Server VM (25.92-b14 mixed mode windows-amd64 compressed oops)
# Failed to write core dump. Minidumps are not enabled by default on client versions of Windows
#

---------------  T H R E A D  ---------------

Current thread (0x000000001544e000):  JavaThread "C2 CompilerThread0" daemon [_thread_in_native, id=5488, stack(0x0000000016a80000,0x0000000016b80000)]

Stack: [0x0000000016a80000,0x0000000016b80000]
[error occurred during error reporting (printing stack bounds), id 0xc0000005]

Native frames: (J=compiled Java code, j=interpreted, Vv=VM code, C=native code)


Current CompileTask:
C2:   2106  934   !   4       com.android.dx.cf.code.BytecodeArray::parseInstruction (2764 bytes)


---------------  P R O C E S S  ---------------

Java Threads: ( => current thread )
  0x0000000016f3e000 JavaThread "pool-1-thread-4" [_thread_in_Java, id=6920, stack(0x0000000017780000,0x0000000017880000)]
  0x0000000016f38800 JavaThread "pool-1-thread-3" [_thread_blocked, id=2100, stack(0x0000000017680000,0x0000000017780000)]
  0x0000000016f36800 JavaThread "pool-1-thread-2" [_thread_blocked, id=8484, stack(0x0000000017580000,0x0000000017680000)]
  0x0000000016f33000 JavaThread "pool-2-thread-1" [_thread_blocked, id=4460, stack(0x0000000017480000,0x0000000017580000)]
  0x0000000016f30800 JavaThread "pool-1-thread-1" [_thread_in_Java, id=6528, stack(0x0000000017380000,0x0000000017480000)]
  0x0000000016c86800 JavaThread "Service Thread" daemon [_thread_blocked, id=7036, stack(0x0000000017180000,0x0000000017280000)]
  0x0000000016c81000 JavaThread "C1 CompilerThread2" daemon [_thread_blocked, id=6296, stack(0x0000000017080000,0x0000000017180000)]
  0x00000000154a7800 JavaThread "C2 CompilerThread1" daemon [_thread_in_native, id=2228, stack(0x0000000016b80000,0x0000000016c80000)]
=>0x000000001544e000 JavaThread "C2 CompilerThread0" daemon [_thread_in_native, id=5488, stack(0x0000000016a80000,0x0000000016b80000)]
  0x000000001544c000 JavaThread "Attach Listener" daemon [_thread_blocked, id=9164, stack(0x0000000016980000,0x0000000016a80000)]
  0x000000001544b000 JavaThread "Signal Dispatcher" daemon [_thread_blocked, id=4216, stack(0x0000000016880000,0x0000000016980000)]
  0x000000001543a800 JavaThread "Finalizer" daemon [_thread_blocked, id=8320, stack(0x00000000166a0000,0x00000000167a0000)]
  0x0000000002d70800 JavaThread "Reference Handler" daemon [_thread_blocked, id=8012, stack(0x00000000165a0000,0x00000000166a0000)]
  0x0000000002c82800 JavaThread "main" [_thread_in_Java, id=8176, stack(0x0000000002ad0000,0x0000000002bd0000)]

Other Threads:
  0x0000000015418800 VMThread [stack: 0x00000000164a0000,0x00000000165a0000] [id=7752]
  0x0000000016c91000 WatcherThread [stack: 0x0000000017280000,0x0000000017380000] [id=8384]

VM state:not at safepoint (normal execution)

VM Mutex/Monitor currently owned by a thread: None

Heap:
 PSYoungGen      total 38400K, used 26637K [0x00000000eab00000, 0x00000000ed580000, 0x0000000100000000)
  eden space 33280K, 80% used [0x00000000eab00000,0x00000000ec5035d8,0x00000000ecb80000)
  from space 5120K, 0% used [0x00000000ed080000,0x00000000ed080000,0x00000000ed580000)
  to   space 5120K, 0% used [0x00000000ecb80000,0x00000000ecb80000,0x00000000ed080000)
 ParOldGen       total 87552K, used 0K [0x00000000c0000000, 0x00000000c5580000, 0x00000000eab00000)
  object space 87552K, 0% used [0x00000000c0000000,0x00000000c0000000,0x00000000c5580000)
 Metaspace       used 5870K, capacity 6770K, committed 7040K, reserved 1056768K
  class space    used 598K, capacity 618K, committed 640K, reserved 1048576K

Card table byte_map: [0x0000000012140000,0x0000000012350000] byte_map_base: 0x0000000011b40000

Marking Bits: (ParMarkBitMap*) 0x00000000542664f0
 Begin Bits: [0x00000000128b0000, 0x00000000138b0000)
 End Bits:   [0x00000000138b0000, 0x00000000148b0000)

Polling page: 0x0000000001440000

CodeCache: size=245760Kb used=3914Kb max_used=3914Kb free=241845Kb
 bounds [0x0000000002d80000, 0x0000000003160000, 0x0000000011d80000]
 total_blobs=1267 nmethods=998 adapters=182
 compilation: enabled

Compilation events (10 events):
Event: 2.104 Thread 0x0000000016c81000 nmethod 982 0x0000000003150fd0 code [0x0000000003151140, 0x0000000003151428]
Event: 2.104 Thread 0x0000000016c81000  985       3       com.android.dx.cf.code.Frame::copy (26 bytes)
Event: 2.104 Thread 0x0000000016c81000 nmethod 985 0x00000000031514d0 code [0x0000000003151660, 0x00000000031519e8]
Event: 2.104 Thread 0x0000000016c81000  986       3       com.android.dx.cf.code.OneLocalsArray::copy (5 bytes)
Event: 2.104 Thread 0x0000000016c81000 nmethod 986 0x0000000003151b10 code [0x0000000003151cc0, 0x00000000031522c8]
Event: 2.104 Thread 0x0000000016c81000  988       3       com.android.dx.cf.code.Simulator$SimVisitor::setFrame (20 bytes)
Event: 2.104 Thread 0x0000000016c81000 nmethod 988 0x0000000003152590 code [0x0000000003152700, 0x0000000003152968]
Event: 2.104 Thread 0x0000000016c81000  989       3       com.android.dx.cf.code.RopperMachine::startBlock (48 bytes)
Event: 2.104 Thread 0x0000000016c81000 nmethod 989 0x0000000003152a50 code [0x0000000003152bc0, 0x0000000003152da8]
Event: 2.104 Thread 0x0000000016c81000  992       3       com.android.dx.rop.cst.CstLiteral32::equals (35 bytes)

GC Heap History (0 events):
No events

Deoptimization events (3 events):
Event: 1.904 Thread 0x0000000016f30800 Uncommon trap: reason=unstable_if action=reinterpret pc=0x0000000002fe5870 method=java.util.BitSet.nextSetBit(I)I @ 87
Event: 1.977 Thread 0x0000000016f3e000 Uncommon trap: reason=unstable_if action=reinterpret pc=0x000000000309a140 method=com.android.dx.ssa.SsaRenamer$BlockRenamer.addMapping(ILcom/android/dx/rop/code/RegisterSpec;)V @ 120
Event: 1.977 Thread 0x0000000002c82800 Uncommon trap: reason=null_check action=make_not_entrant pc=0x0000000003044a00 method=com.android.dx.ssa.SsaRenamer.getLocalForNewReg(I)Lcom/android/dx/rop/code/LocalItem; @ 19

Internal exceptions (3 events):
Event: 0.043 Thread 0x0000000002c82800 Exception <a 'java/lang/NoSuchMethodError': Method sun.misc.Unsafe.defineClass(Ljava/lang/String;[BII)Ljava/lang/Class; name or signature does not match> (0x00000000eab07cc0) thrown at [D:\re\workspace\8-2-build-windows-amd64-cygwin\jdk8u92\6642\hotspot\src9ßŽÒ¥?
Event: 0.043 Thread 0x0000000002c82800 Exception <a 'java/lang/NoSuchMethodError': Method sun.misc.Unsafe.prefetchRead(Ljava/lang/Object;J)V name or signature does not match> (0x00000000eab07fa8) thrown at [D:\re\workspace\8-2-build-windows-amd64-cygwin\jdk8u92\6642\hotspot\src\share\vm\prims\j=Ý$® ÿ?
Event: 1.977 Thread 0x0000000002c82800 Implicit null exception at 0x00000000030431ee to 0x00000000030449b5

Events (10 events):
Event: 1.922 loading class java/util/ArrayList$1
Event: 1.922 loading class java/util/ArrayList$1 done
Event: 1.942 Executing VM operation: ForceSafepoint
Event: 1.942 Executing VM operation: ForceSafepoint done
Event: 1.977 Thread 0x0000000016f3e000 Uncommon trap: trap_request=0xffffff65 fr.pc=0x000000000309a140
Event: 1.977 Thread 0x0000000016f3e000 DEOPT PACKING pc=0x000000000309a140 sp=0x000000001787e540
Event: 1.977 Thread 0x0000000016f3e000 DEOPT UNPACKING pc=0x0000000002dc582a sp=0x000000001787e4d0 mode 2
Event: 1.977 Thread 0x0000000002c82800 Uncommon trap: trap_request=0xfffffff4 fr.pc=0x0000000003044a00
Event: 1.977 Thread 0x0000000002c82800 DEOPT PACKING pc=0x0000000003044a00 sp=0x0000000002bce070
Event: 1.977 Thread 0x0000000002c82800 DEOPT UNPACKING pc=0x0000000002dc582a sp=0x0000000002bcdec8 mode 2


Dynamic libraries:
0x00007ff77dd40000 - 0x00007ff77dd77000 	C:\Program Files\Java\jdk1.8.0_92\bin\java.exe
0x00007ff95e280000 - 0x00007ff95e42a000 	C:\Windows\SYSTEM32\ntdll.dll
0x00007ff95d9d0000 - 0x00007ff95db0a000 	C:\Windows\system32\KERNEL32.DLL
0x00007ff95b9f0000 - 0x00007ff95baff000 	C:\Windows\system32\KERNELBASE.dll
0x00007ff95a220000 - 0x00007ff95a2a8000 	C:\Windows\system32\apphelp.dll
0x00007ff93af80000 - 0x00007ff93afcf000 	C:\Windows\AppPatch\AppPatch64\AcGenral.DLL
0x00007ff95bb10000 - 0x00007ff95bbb7000 	C:\Windows\system32\msvcrt.dll
0x00007ff95b430000 - 0x00007ff95b45b000 	C:\Windows\SYSTEM32\SspiCli.dll
0x00007ff95dd10000 - 0x00007ff95dd61000 	C:\Windows\system32\SHLWAPI.dll
0x00007ff95d460000 - 0x00007ff95d5d1000 	C:\Windows\system32\USER32.dll
0x00007ff95df50000 - 0x00007ff95e0c8000 	C:\Windows\system32\ole32.dll
0x00007ff95bbc0000 - 0x00007ff95cfd7000 	C:\Windows\system32\SHELL32.dll
0x00007ff95ac60000 - 0x00007ff95ac7e000 	C:\Windows\SYSTEM32\USERENV.dll
0x00007ff95db10000 - 0x00007ff95dbb5000 	C:\Windows\system32\ADVAPI32.dll
0x00007ff956ad0000 - 0x00007ff956aeb000 	C:\Windows\SYSTEM32\MPR.dll
0x00007ff95d5e0000 - 0x00007ff95d716000 	C:\Windows\system32\RPCRT4.dll
0x00007ff95e0d0000 - 0x00007ff95e127000 	C:\Windows\SYSTEM32\sechost.dll
0x00007ff95d090000 - 0x00007ff95d266000 	C:\Windows\SYSTEM32\combase.dll
0x00007ff95e130000 - 0x00007ff95e275000 	C:\Windows\system32\GDI32.dll
0x00007ff95b5f0000 - 0x00007ff95b604000 	C:\Windows\SYSTEM32\profapi.dll
0x00007ff959c50000 - 0x00007ff959cef000 	C:\Windows\SYSTEM32\SHCORE.dll
0x00007ff95dd70000 - 0x00007ff95dda4000 	C:\Windows\system32\IMM32.DLL
0x00007ff95d320000 - 0x00007ff95d459000 	C:\Windows\system32\MSCTF.dll
0x00007ff959340000 - 0x00007ff95959a000 	C:\Windows\WinSxS\amd64_microsoft.windows.common-controls_6595b64144ccf1df_6.0.9600.17031_none_6242a4b3ecbb55a1\COMCTL32.dll
0x0000000053650000 - 0x0000000053722000 	C:\Program Files\Java\jdk1.8.0_92\jre\bin\msvcr100.dll
0x0000000053a50000 - 0x00000000542e6000 	C:\Program Files\Java\jdk1.8.0_92\jre\bin\server\jvm.dll
0x00007ff951bb0000 - 0x00007ff951bb9000 	C:\Windows\SYSTEM32\WSOCK32.dll
0x00007ff952430000 - 0x00007ff95244f000 	C:\Windows\SYSTEM32\WINMM.dll
0x00007ff959300000 - 0x00007ff95930a000 	C:\Windows\SYSTEM32\VERSION.dll
0x00007ff95bb00000 - 0x00007ff95bb07000 	C:\Windows\system32\PSAPI.DLL
0x00007ff95d910000 - 0x00007ff95d968000 	C:\Windows\system32\WS2_32.dll
0x00007ff9523f0000 - 0x00007ff95241a000 	C:\Windows\SYSTEM32\WINMMBASE.dll
0x00007ff95d720000 - 0x00007ff95d729000 	C:\Windows\system32\NSI.dll
0x00007ff95b7c0000 - 0x00007ff95b80a000 	C:\Windows\SYSTEM32\cfgmgr32.dll
0x00007ff95a470000 - 0x00007ff95a496000 	C:\Windows\SYSTEM32\DEVOBJ.dll
0x00000000545e0000 - 0x00000000545ef000 	C:\Program Files\Java\jdk1.8.0_92\jre\bin\verify.dll
0x00000000545b0000 - 0x00000000545d9000 	C:\Program Files\Java\jdk1.8.0_92\jre\bin\java.dll
0x0000000054590000 - 0x00000000545a6000 	C:\Program Files\Java\jdk1.8.0_92\jre\bin\zip.dll

VM Arguments:
jvm_args: -Djava.awt.headless=true -Xmx1024M -Dfile.encoding=windows-1252 -Duser.country=US -Duser.language=en -Duser.variant 
java_command: com.android.dx.command.Main --dex --force-jumbo --num-threads=4 --output C:\Zooket\app\build\intermediates\pre-dexed\debug\okhttp-2.4.0_787f9e023d436507c0c01ed8a5465d0311a90b76.jar C:\Users\Smo\.gradle\caches\modules-2\files-2.1\com.squareup.okhttp\okhttp\2.4.0\40340c0748190fe897baf7bffbc1b282734294e5\okhttp-2.4.0.jar
java_class_path (initial): C:\android-sdk-windows\build-tools\24.0.3\lib\dx.jar
Launcher Type: SUN_STANDARD

Environment Variables:
PATH=C:\ProgramData\Oracle\Java\javapath;C:\Windows\system32;C:\Windows;C:\Windows\System32\Wbem;C:\Windows\System32\WindowsPowerShell\v1.0\;C:\Program Files (x86)\NVIDIA Corporation\PhysX\Common;C:\Program Files (x86)\Windows Kits\8.1\Windows Performance Toolkit\;C:\Program Files\Microsoft SQL Server\110\Tools\Binn\;C:\Program Files\Microsoft SQL Server\110\DTS\Binn\;C:\Program Files (x86)\Microsoft SQL Server\110\Tools\Binn\;C:\Program Files (x86)\Microsoft SQL Server\110\Tools\Binn\ManagementStudio\;C:\Program Files (x86)\Microsoft Visual Studio 10.0\Common7\IDE\PrivateAssemblies\;C:\Program Files (x86)\Microsoft SQL Server\110\DTS\Binn\;C:\Program Files (x86)\GtkSharp\2.12\bin;C:\Program Files (x86)\QuickTime\QTSystem\
USERNAME=Smo
OS=Windows_NT
PROCESSOR_IDENTIFIER=Intel64 Family 6 Model 94 Stepping 3, GenuineIntel



---------------  S Y S T E M  ---------------

OS: Windows 8.1 , 64 bit Build 9600 (6.3.9600.17056)

CPU:total 4 (4 cores per cpu, 1 threads per core) family 6 model 94 stepping 3, cmov, cx8, fxsr, mmx, sse, sse2, sse3, ssse3, sse4.1, sse4.2, popcnt, avx, avx2, aes, clmul, erms, 3dnowpref, lzcnt, tsc, tscinvbit, bmi1, bmi2, adx

Memory: 4k page, physical 8266404k(1698108k free), swap 8266404k(5124k free)

vm_info: Java HotSpot(TM) 64-Bit Server VM (25.92-b14) for windows-amd64 JRE (1.8.0_92-b14), built on Mar 31 2016 21:03:04 by "java_re" with MS VC++ 10.0 (VS2010)

time: Mon May 08 12:01:52 2017
elapsed time: 2 seconds (0d 0h 0m 2s)

