#
# There is insufficient memory for the Java Runtime Environment to continue.
# Native memory allocation (malloc) failed to allocate 37424 bytes for Chunk::new
# Possible reasons:
#   The system is out of physical RAM or swap space
#   In 32 bit mode, the process size limit was hit
# Possible solutions:
#   Reduce memory load on the system
#   Increase physical memory or swap space
#   Check if swap backing store is full
#   Use 64 bit Java on a 64 bit OS
#   Decrease Java heap size (-Xmx/-Xms)
#   Decrease number of Java threads
#   Decrease Java thread stack sizes (-Xss)
#   Set larger code cache with -XX:ReservedCodeCacheSize=
# This output file may be truncated or incomplete.
#
#  Out of Memory Error (allocation.cpp:390), pid=1432, tid=0x000000000000208c
#
# JRE version: Java(TM) SE Runtime Environment (8.0_92-b14) (build 1.8.0_92-b14)
# Java VM: Java HotSpot(TM) 64-Bit Server VM (25.92-b14 mixed mode windows-amd64 compressed oops)
# Failed to write core dump. Minidumps are not enabled by default on client versions of Windows
#

---------------  T H R E A D  ---------------

Current thread (0x00000000151d6800):  JavaThread "C2 CompilerThread1" daemon [_thread_in_native, id=8332, stack(0x00000000168b0000,0x00000000169b0000)]

Stack: [0x00000000168b0000,0x00000000169b0000]
[error occurred during error reporting (printing stack bounds), id 0xc0000005]

Native frames: (J=compiled Java code, j=interpreted, Vv=VM code, C=native code)


Current CompileTask:
C2:   1068 1243       4       java.lang.String::indexOf (166 bytes)


---------------  P R O C E S S  ---------------

Java Threads: ( => current thread )
  0x00000000169b6000 JavaThread "Service Thread" daemon [_thread_blocked, id=8748, stack(0x0000000016eb0000,0x0000000016fb0000)]
  0x00000000169b0800 JavaThread "C1 CompilerThread2" daemon [_thread_blocked, id=8256, stack(0x0000000016db0000,0x0000000016eb0000)]
=>0x00000000151d6800 JavaThread "C2 CompilerThread1" daemon [_thread_in_native, id=8332, stack(0x00000000168b0000,0x00000000169b0000)]
  0x000000001517d000 JavaThread "C2 CompilerThread0" daemon [_thread_blocked, id=8372, stack(0x00000000167b0000,0x00000000168b0000)]
  0x000000001517b800 JavaThread "Attach Listener" daemon [_thread_blocked, id=8200, stack(0x00000000166b0000,0x00000000167b0000)]
  0x000000001517a000 JavaThread "Signal Dispatcher" daemon [_thread_blocked, id=8712, stack(0x00000000165b0000,0x00000000166b0000)]
  0x0000000002aaa800 JavaThread "Finalizer" daemon [_thread_blocked, id=8340, stack(0x00000000163d0000,0x00000000164d0000)]
  0x0000000002a9f800 JavaThread "Reference Handler" daemon [_thread_blocked, id=6748, stack(0x00000000162d0000,0x00000000163d0000)]
  0x00000000029b2800 JavaThread "main" [_thread_in_native, id=9132, stack(0x0000000002800000,0x0000000002900000)]

Other Threads:
  0x0000000015148800 VMThread [stack: 0x00000000161d0000,0x00000000162d0000] [id=8344]
  0x00000000169c1000 WatcherThread [stack: 0x0000000016fb0000,0x00000000170b0000] [id=4064]

VM state:not at safepoint (normal execution)

VM Mutex/Monitor currently owned by a thread: None

Heap:
 PSYoungGen      total 38400K, used 22952K [0x00000000eab00000, 0x00000000ed580000, 0x0000000100000000)
  eden space 33280K, 68% used [0x00000000eab00000,0x00000000ec16a1d8,0x00000000ecb80000)
  from space 5120K, 0% used [0x00000000ed080000,0x00000000ed080000,0x00000000ed580000)
  to   space 5120K, 0% used [0x00000000ecb80000,0x00000000ecb80000,0x00000000ed080000)
 ParOldGen       total 87552K, used 0K [0x00000000c0000000, 0x00000000c5580000, 0x00000000eab00000)
  object space 87552K, 0% used [0x00000000c0000000,0x00000000c0000000,0x00000000c5580000)
 Metaspace       used 6224K, capacity 7128K, committed 7424K, reserved 1056768K
  class space    used 624K, capacity 656K, committed 768K, reserved 1048576K

Card table byte_map: [0x0000000011e70000,0x0000000012080000] byte_map_base: 0x0000000011870000

Marking Bits: (ParMarkBitMap*) 0x00000000542664f0
 Begin Bits: [0x00000000125e0000, 0x00000000135e0000)
 End Bits:   [0x00000000135e0000, 0x00000000145e0000)

Polling page: 0x0000000001040000

CodeCache: size=245760Kb used=4795Kb max_used=4795Kb free=240965Kb
 bounds [0x0000000002ab0000, 0x0000000002f70000, 0x0000000011ab0000]
 total_blobs=1513 nmethods=1243 adapters=183
 compilation: enabled

Compilation events (10 events):
Event: 1.067 Thread 0x00000000169b0800 1242       3       com.android.dx.util.ByteArrayAnnotatedOutput::assertCursor (48 bytes)
Event: 1.067 Thread 0x00000000169b0800 nmethod 1242 0x0000000002f5ff10 code [0x0000000002f60120, 0x0000000002f60b98]
Event: 1.067 Thread 0x00000000169b0800 1240       1       com.android.dx.rop.cst.CstString::getBytes (5 bytes)
Event: 1.067 Thread 0x00000000169b0800 nmethod 1240 0x0000000002f61050 code [0x0000000002f611a0, 0x0000000002f612b0]
Event: 1.067 Thread 0x00000000169b0800 1238       3       com.android.dx.dex.code.InsnFormat::write (22 bytes)
Event: 1.067 Thread 0x00000000169b0800 nmethod 1238 0x0000000002f61310 code [0x0000000002f614a0, 0x0000000002f61768]
Event: 1.067 Thread 0x00000000169b0800 1244       3       java.util.ArrayDeque::poll (5 bytes)
Event: 1.067 Thread 0x00000000169b0800 nmethod 1244 0x0000000002f61910 code [0x0000000002f61a80, 0x0000000002f61c28]
Event: 1.067 Thread 0x00000000169b0800 1245       3       java.util.ArrayDeque::pollFirst (42 bytes)
Event: 1.067 Thread 0x00000000169b0800 nmethod 1245 0x0000000002f61cd0 code [0x0000000002f61e40, 0x0000000002f62170]

GC Heap History (0 events):
No events

Deoptimization events (10 events):
Event: 0.883 Thread 0x00000000029b2800 Uncommon trap: reason=bimorphic action=maybe_recompile pc=0x0000000002cf15a8 method=java.util.HashMap.getNode(ILjava/lang/Object;)Ljava/util/HashMap$Node; @ 126
Event: 0.883 Thread 0x00000000029b2800 Uncommon trap: reason=bimorphic action=maybe_recompile pc=0x0000000002cf15a8 method=java.util.HashMap.getNode(ILjava/lang/Object;)Ljava/util/HashMap$Node; @ 126
Event: 0.893 Thread 0x00000000029b2800 Uncommon trap: reason=speculate_class_check action=maybe_recompile pc=0x0000000002e15f18 method=com.android.dx.util.FixedSizeList.equals(Ljava/lang/Object;)Z @ 25
Event: 0.893 Thread 0x00000000029b2800 Uncommon trap: reason=class_check action=maybe_recompile pc=0x0000000002e09898 method=java.util.Arrays.equals([Ljava/lang/Object;[Ljava/lang/Object;)Z @ 62
Event: 0.893 Thread 0x00000000029b2800 Uncommon trap: reason=speculate_class_check action=maybe_recompile pc=0x0000000002e15f18 method=com.android.dx.util.FixedSizeList.equals(Ljava/lang/Object;)Z @ 25
Event: 0.893 Thread 0x00000000029b2800 Uncommon trap: reason=class_check action=maybe_recompile pc=0x0000000002e09898 method=java.util.Arrays.equals([Ljava/lang/Object;[Ljava/lang/Object;)Z @ 62
Event: 0.893 Thread 0x00000000029b2800 Uncommon trap: reason=speculate_class_check action=maybe_recompile pc=0x0000000002e15f18 method=com.android.dx.util.FixedSizeList.equals(Ljava/lang/Object;)Z @ 25
Event: 0.893 Thread 0x00000000029b2800 Uncommon trap: reason=class_check action=maybe_recompile pc=0x0000000002e09898 method=java.util.Arrays.equals([Ljava/lang/Object;[Ljava/lang/Object;)Z @ 62
Event: 0.893 Thread 0x00000000029b2800 Uncommon trap: reason=speculate_class_check action=maybe_recompile pc=0x0000000002e15f18 method=com.android.dx.util.FixedSizeList.equals(Ljava/lang/Object;)Z @ 25
Event: 0.893 Thread 0x00000000029b2800 Uncommon trap: reason=class_check action=maybe_recompile pc=0x0000000002e09898 method=java.util.Arrays.equals([Ljava/lang/Object;[Ljava/lang/Object;)Z @ 62

Internal exceptions (2 events):
Event: 0.111 Thread 0x00000000029b2800 Exception <a 'java/lang/NoSuchMethodError': Method sun.misc.Unsafe.defineClass(Ljava/lang/String;[BII)Ljava/lang/Class; name or signature does not match> (0x00000000eab07cc0) thrown at [D:\re\workspace\8-2-build-windows-amd64-cygwin\jdk8u92\6642\hotspot\srÊd\√ÎOº?
Event: 0.111 Thread 0x00000000029b2800 Exception <a 'java/lang/NoSuchMethodError': Method sun.misc.Unsafe.prefetchRead(Ljava/lang/Object;J)V name or signature does not match> (0x00000000eab07fa8) thrown at [D:\re\workspace\8-2-build-windows-amd64-cygwin\jdk8u92\6642\hotspot\src\share\vm\prims\j

Events (10 events):
Event: 1.053 loading class com/android/dx/dex/file/UniformListItem done
Event: 1.055 loading class com/android/dex/DexFormat
Event: 1.055 loading class com/android/dex/DexFormat done
Event: 1.065 loading class com/android/dx/dex/file/AnnotationItem$1
Event: 1.065 loading class com/android/dx/dex/file/AnnotationItem$1 done
Event: 1.067 loading class java/security/MessageDigest
Event: 1.068 loading class java/security/MessageDigestSpi
Event: 1.068 loading class java/security/MessageDigestSpi done
Event: 1.068 loading class java/security/MessageDigest done
Event: 1.068 loading class java/security/Security


Dynamic libraries:
0x00007ff77dd40000 - 0x00007ff77dd77000 	C:\Program Files\Java\jdk1.8.0_92\bin\java.exe
0x00007ff95e280000 - 0x00007ff95e42a000 	C:\Windows\SYSTEM32\ntdll.dll
0x00007ff95d9d0000 - 0x00007ff95db0a000 	C:\Windows\system32\KERNEL32.DLL
0x00007ff95b9f0000 - 0x00007ff95baff000 	C:\Windows\system32\KERNELBASE.dll
0x00007ff95a220000 - 0x00007ff95a2a8000 	C:\Windows\system32\apphelp.dll
0x00007ff93af80000 - 0x00007ff93afcf000 	C:\Windows\AppPatch\AppPatch64\AcGenral.DLL
0x00007ff95bb10000 - 0x00007ff95bbb7000 	C:\Windows\system32\msvcrt.dll
0x00007ff95b430000 - 0x00007ff95b45b000 	C:\Windows\SYSTEM32\SspiCli.dll
0x00007ff95dd10000 - 0x00007ff95dd61000 	C:\Windows\system32\SHLWAPI.dll
0x00007ff95d460000 - 0x00007ff95d5d1000 	C:\Windows\system32\USER32.dll
0x00007ff95df50000 - 0x00007ff95e0c8000 	C:\Windows\system32\ole32.dll
0x00007ff95bbc0000 - 0x00007ff95cfd7000 	C:\Windows\system32\SHELL32.dll
0x00007ff95ac60000 - 0x00007ff95ac7e000 	C:\Windows\SYSTEM32\USERENV.dll
0x00007ff95db10000 - 0x00007ff95dbb5000 	C:\Windows\system32\ADVAPI32.dll
0x00007ff956ad0000 - 0x00007ff956aeb000 	C:\Windows\SYSTEM32\MPR.dll
0x00007ff95d5e0000 - 0x00007ff95d716000 	C:\Windows\system32\RPCRT4.dll
0x00007ff95e0d0000 - 0x00007ff95e127000 	C:\Windows\SYSTEM32\sechost.dll
0x00007ff95d090000 - 0x00007ff95d266000 	C:\Windows\SYSTEM32\combase.dll
0x00007ff95e130000 - 0x00007ff95e275000 	C:\Windows\system32\GDI32.dll
0x00007ff95b5f0000 - 0x00007ff95b604000 	C:\Windows\SYSTEM32\profapi.dll
0x00007ff959c50000 - 0x00007ff959cef000 	C:\Windows\SYSTEM32\SHCORE.dll
0x00007ff95dd70000 - 0x00007ff95dda4000 	C:\Windows\system32\IMM32.DLL
0x00007ff95d320000 - 0x00007ff95d459000 	C:\Windows\system32\MSCTF.dll
0x00007ff959340000 - 0x00007ff95959a000 	C:\Windows\WinSxS\amd64_microsoft.windows.common-controls_6595b64144ccf1df_6.0.9600.17031_none_6242a4b3ecbb55a1\COMCTL32.dll
0x0000000053650000 - 0x0000000053722000 	C:\Program Files\Java\jdk1.8.0_92\jre\bin\msvcr100.dll
0x0000000053a50000 - 0x00000000542e6000 	C:\Program Files\Java\jdk1.8.0_92\jre\bin\server\jvm.dll
0x00007ff951bb0000 - 0x00007ff951bb9000 	C:\Windows\SYSTEM32\WSOCK32.dll
0x00007ff952430000 - 0x00007ff95244f000 	C:\Windows\SYSTEM32\WINMM.dll
0x00007ff959300000 - 0x00007ff95930a000 	C:\Windows\SYSTEM32\VERSION.dll
0x00007ff95bb00000 - 0x00007ff95bb07000 	C:\Windows\system32\PSAPI.DLL
0x00007ff95d910000 - 0x00007ff95d968000 	C:\Windows\system32\WS2_32.dll
0x00007ff9523f0000 - 0x00007ff95241a000 	C:\Windows\SYSTEM32\WINMMBASE.dll
0x00007ff95d720000 - 0x00007ff95d729000 	C:\Windows\system32\NSI.dll
0x00007ff95b7c0000 - 0x00007ff95b80a000 	C:\Windows\SYSTEM32\cfgmgr32.dll
0x00007ff95a470000 - 0x00007ff95a496000 	C:\Windows\SYSTEM32\DEVOBJ.dll
0x00000000545e0000 - 0x00000000545ef000 	C:\Program Files\Java\jdk1.8.0_92\jre\bin\verify.dll
0x00000000545b0000 - 0x00000000545d9000 	C:\Program Files\Java\jdk1.8.0_92\jre\bin\java.dll
0x0000000054590000 - 0x00000000545a6000 	C:\Program Files\Java\jdk1.8.0_92\jre\bin\zip.dll

VM Arguments:
jvm_args: -Djava.awt.headless=true -Xmx1024M -Dfile.encoding=windows-1252 -Duser.country=US -Duser.language=en -Duser.variant 
java_command: com.android.dx.command.Main --dex --force-jumbo --num-threads=4 --output C:\Zooket\app\build\intermediates\pre-dexed\debug\okhttp-urlconnection-2.4.0_ea49dc0dafbd4c87b4783e557078ed455e80c339.jar C:\Users\Smo\.gradle\caches\modules-2\files-2.1\com.squareup.okhttp\okhttp-urlconnection\2.4.0\a0c195f14cefc7597e0bebf22c3e7b43920dcf4\okhttp-urlconnection-2.4.0.jar
java_class_path (initial): C:\android-sdk-windows\build-tools\24.0.3\lib\dx.jar
Launcher Type: SUN_STANDARD

Environment Variables:
PATH=C:\ProgramData\Oracle\Java\javapath;C:\Windows\system32;C:\Windows;C:\Windows\System32\Wbem;C:\Windows\System32\WindowsPowerShell\v1.0\;C:\Program Files (x86)\NVIDIA Corporation\PhysX\Common;C:\Program Files (x86)\Windows Kits\8.1\Windows Performance Toolkit\;C:\Program Files\Microsoft SQL Server\110\Tools\Binn\;C:\Program Files\Microsoft SQL Server\110\DTS\Binn\;C:\Program Files (x86)\Microsoft SQL Server\110\Tools\Binn\;C:\Program Files (x86)\Microsoft SQL Server\110\Tools\Binn\ManagementStudio\;C:\Program Files (x86)\Microsoft Visual Studio 10.0\Common7\IDE\PrivateAssemblies\;C:\Program Files (x86)\Microsoft SQL Server\110\DTS\Binn\;C:\Program Files (x86)\GtkSharp\2.12\bin;C:\Program Files (x86)\QuickTime\QTSystem\
USERNAME=Smo
OS=Windows_NT
PROCESSOR_IDENTIFIER=Intel64 Family 6 Model 94 Stepping 3, GenuineIntel



---------------  S Y S T E M  ---------------

OS: Windows 8.1 , 64 bit Build 9600 (6.3.9600.17056)

CPU:total 4 (4 cores per cpu, 1 threads per core) family 6 model 94 stepping 3, cmov, cx8, fxsr, mmx, sse, sse2, sse3, ssse3, sse4.1, sse4.2, popcnt, avx, avx2, aes, clmul, erms, 3dnowpref, lzcnt, tsc, tscinvbit, bmi1, bmi2, adx

Memory: 4k page, physical 8266404k(1208496k free), swap 8266404k(5088k free)

vm_info: Java HotSpot(TM) 64-Bit Server VM (25.92-b14) for windows-amd64 JRE (1.8.0_92-b14), built on Mar 31 2016 21:03:04 by "java_re" with MS VC++ 10.0 (VS2010)

time: Mon May 08 11:50:07 2017
elapsed time: 1 seconds (0d 0h 0m 1s)

