#
# There is insufficient memory for the Java Runtime Environment to continue.
# Native memory allocation (malloc) failed to allocate 592656 bytes for Chunk::new
# Possible reasons:
#   The system is out of physical RAM or swap space
#   In 32 bit mode, the process size limit was hit
# Possible solutions:
#   Reduce memory load on the system
#   Increase physical memory or swap space
#   Check if swap backing store is full
#   Use 64 bit Java on a 64 bit OS
#   Decrease Java heap size (-Xmx/-Xms)
#   Decrease number of Java threads
#   Decrease Java thread stack sizes (-Xss)
#   Set larger code cache with -XX:ReservedCodeCacheSize=
# This output file may be truncated or incomplete.
#
#  Out of Memory Error (allocation.cpp:390), pid=9092, tid=0x00000000000022e0
#
# JRE version: Java(TM) SE Runtime Environment (8.0_92-b14) (build 1.8.0_92-b14)
# Java VM: Java HotSpot(TM) 64-Bit Server VM (25.92-b14 mixed mode windows-amd64 compressed oops)
# Failed to write core dump. Minidumps are not enabled by default on client versions of Windows
#

---------------  T H R E A D  ---------------

Current thread (0x00000000150ca000):  JavaThread "C2 CompilerThread0" daemon [_thread_in_native, id=8928, stack(0x0000000016710000,0x0000000016810000)]

Stack: [0x0000000016710000,0x0000000016810000]
[error occurred during error reporting (printing stack bounds), id 0xc0000005]

Native frames: (J=compiled Java code, j=interpreted, Vv=VM code, C=native code)


Current CompileTask:
C2:   4561 1286       4       com.android.dx.dex.code.OutputFinisher::addConstants (93 bytes)


---------------  P R O C E S S  ---------------

Java Threads: ( => current thread )
  0x000000001692e800 JavaThread "Service Thread" daemon [_thread_blocked, id=4088, stack(0x0000000016e10000,0x0000000016f10000)]
  0x0000000016919000 JavaThread "C1 CompilerThread2" daemon [_thread_in_native, id=9016, stack(0x0000000016d10000,0x0000000016e10000)]
  0x000000001510f800 JavaThread "C2 CompilerThread1" daemon [_thread_in_native, id=8312, stack(0x0000000016810000,0x0000000016910000)]
=>0x00000000150ca000 JavaThread "C2 CompilerThread0" daemon [_thread_in_native, id=8928, stack(0x0000000016710000,0x0000000016810000)]
  0x00000000150c8000 JavaThread "Attach Listener" daemon [_thread_blocked, id=9204, stack(0x0000000016610000,0x0000000016710000)]
  0x00000000150c6800 JavaThread "Signal Dispatcher" daemon [_thread_blocked, id=8784, stack(0x0000000016510000,0x0000000016610000)]
  0x00000000150aa800 JavaThread "Finalizer" daemon [_thread_blocked, id=8608, stack(0x0000000016330000,0x0000000016430000)]
  0x0000000015089000 JavaThread "Reference Handler" daemon [_thread_blocked, id=816, stack(0x0000000016230000,0x0000000016330000)]
  0x00000000028f2800 JavaThread "main" [_thread_in_Java, id=8496, stack(0x00000000027f0000,0x00000000028f0000)]

Other Threads:
  0x0000000015087800 VMThread [stack: 0x0000000016130000,0x0000000016230000] [id=8324]
  0x0000000016932800 WatcherThread [stack: 0x0000000016f10000,0x0000000017010000] [id=7476]

VM state:not at safepoint (normal execution)

VM Mutex/Monitor currently owned by a thread: None

Heap:
 PSYoungGen      total 38400K, used 12435K [0x00000000eab00000, 0x00000000ed580000, 0x0000000100000000)
  eden space 33280K, 22% used [0x00000000eab00000,0x00000000eb228c98,0x00000000ecb80000)
  from space 5120K, 99% used [0x00000000ecb80000,0x00000000ed07c040,0x00000000ed080000)
  to   space 5120K, 0% used [0x00000000ed080000,0x00000000ed080000,0x00000000ed580000)
 ParOldGen       total 87552K, used 1956K [0x00000000c0000000, 0x00000000c5580000, 0x00000000eab00000)
  object space 87552K, 2% used [0x00000000c0000000,0x00000000c01e92c0,0x00000000c5580000)
 Metaspace       used 6247K, capacity 7192K, committed 7424K, reserved 1056768K
  class space    used 624K, capacity 656K, committed 768K, reserved 1048576K

Card table byte_map: [0x0000000011db0000,0x0000000011fc0000] byte_map_base: 0x00000000117b0000

Marking Bits: (ParMarkBitMap*) 0x00000000542664f0
 Begin Bits: [0x0000000012520000, 0x0000000013520000)
 End Bits:   [0x0000000013520000, 0x0000000014520000)

Polling page: 0x0000000000e80000

CodeCache: size=245760Kb used=5519Kb max_used=5530Kb free=240240Kb
 bounds [0x00000000029f0000, 0x0000000002f60000, 0x00000000119f0000]
 total_blobs=1702 nmethods=1433 adapters=182
 compilation: enabled

Compilation events (10 events):
Event: 4.559 Thread 0x0000000016919000 nmethod 1431 0x0000000002f495d0 code [0x0000000002f49720, 0x0000000002f498b0]
Event: 4.559 Thread 0x0000000016919000 1434       3       com.android.dx.dex.code.OutputFinisher::assignIndices (46 bytes)
Event: 4.559 Thread 0x0000000016919000 nmethod 1434 0x0000000002f4a6d0 code [0x0000000002f4a8a0, 0x0000000002f4b118]
Event: 4.559 Thread 0x0000000016919000 1435       3       com.android.dx.dex.code.OutputFinisher::makeOpcodesArray (45 bytes)
Event: 4.560 Thread 0x0000000016919000 nmethod 1435 0x0000000002f53750 code [0x0000000002f53920, 0x0000000002f54158]
Event: 4.560 Thread 0x0000000016919000 1438       3       com.android.dx.dex.file.FieldIdsSection::get (49 bytes)
Event: 4.560 Thread 0x0000000016919000 nmethod 1438 0x0000000002f54650 code [0x0000000002f54840, 0x0000000002f55098]
Event: 4.560 Thread 0x0000000016919000 1436       3       com.android.dx.dex.code.LocalList$Entry::compareTo (9 bytes)
Event: 4.560 Thread 0x0000000016919000 nmethod 1436 0x0000000002f4a210 code [0x0000000002f4a380, 0x0000000002f4a608]
Event: 4.560 Thread 0x0000000016919000 1441       3       com.android.dx.dex.code.OutputFinisher::calculateReservedCount (122 bytes)

GC Heap History (2 events):
Event: 3.591 GC heap before
{Heap before GC invocations=1 (full 0):
 PSYoungGen      total 38400K, used 33280K [0x00000000eab00000, 0x00000000ed580000, 0x0000000100000000)
  eden space 33280K, 100% used [0x00000000eab00000,0x00000000ecb80000,0x00000000ecb80000)
  from space 5120K, 0% used [0x00000000ed080000,0x00000000ed080000,0x00000000ed580000)
  to   space 5120K, 0% used [0x00000000ecb80000,0x00000000ecb80000,0x00000000ed080000)
 ParOldGen       total 87552K, used 0K [0x00000000c0000000, 0x00000000c5580000, 0x00000000eab00000)
  object space 87552K, 0% used [0x00000000c0000000,0x00000000c0000000,0x00000000c5580000)
 Metaspace       used 5917K, capacity 6900K, committed 7040K, reserved 1056768K
  class space    used 606K, capacity 620K, committed 640K, reserved 1048576K
Event: 3.837 GC heap after
Heap after GC invocations=1 (full 0):
 PSYoungGen      total 38400K, used 5104K [0x00000000eab00000, 0x00000000ed580000, 0x0000000100000000)
  eden space 33280K, 0% used [0x00000000eab00000,0x00000000eab00000,0x00000000ecb80000)
  from space 5120K, 99% used [0x00000000ecb80000,0x00000000ed07c040,0x00000000ed080000)
  to   space 5120K, 0% used [0x00000000ed080000,0x00000000ed080000,0x00000000ed580000)
 ParOldGen       total 87552K, used 1956K [0x00000000c0000000, 0x00000000c5580000, 0x00000000eab00000)
  object space 87552K, 2% used [0x00000000c0000000,0x00000000c01e92c0,0x00000000c5580000)
 Metaspace       used 5917K, capacity 6900K, committed 7040K, reserved 1056768K
  class space    used 606K, capacity 620K, committed 640K, reserved 1048576K
}

Deoptimization events (10 events):
Event: 3.991 Thread 0x00000000028f2800 Uncommon trap: reason=class_check action=maybe_recompile pc=0x0000000002d334e8 method=java.util.HashMap.putVal(ILjava/lang/Object;Ljava/lang/Object;ZZ)Ljava/lang/Object; @ 203
Event: 3.992 Thread 0x00000000028f2800 Uncommon trap: reason=unstable_if action=reinterpret pc=0x0000000002d334b8 method=java.util.HashMap.putVal(ILjava/lang/Object;Ljava/lang/Object;ZZ)Ljava/lang/Object; @ 94
Event: 4.006 Thread 0x00000000028f2800 Uncommon trap: reason=bimorphic action=maybe_recompile pc=0x0000000002ce9c74 method=java.util.HashMap.getNode(ILjava/lang/Object;)Ljava/util/HashMap$Node; @ 126
Event: 4.006 Thread 0x00000000028f2800 Uncommon trap: reason=bimorphic action=maybe_recompile pc=0x0000000002ce9c74 method=java.util.HashMap.getNode(ILjava/lang/Object;)Ljava/util/HashMap$Node; @ 126
Event: 4.012 Thread 0x00000000028f2800 Uncommon trap: reason=bimorphic action=maybe_recompile pc=0x0000000002d4f924 method=java.util.HashMap.getNode(ILjava/lang/Object;)Ljava/util/HashMap$Node; @ 126
Event: 4.541 Thread 0x00000000028f2800 Uncommon trap: reason=speculate_class_check action=maybe_recompile pc=0x0000000002c9c354 method=com.android.dx.util.FixedSizeList.equals(Ljava/lang/Object;)Z @ 25
Event: 4.541 Thread 0x00000000028f2800 Uncommon trap: reason=unstable_if action=reinterpret pc=0x0000000002c9a5c8 method=java.util.Arrays.equals([Ljava/lang/Object;[Ljava/lang/Object;)Z @ 23
Event: 4.544 Thread 0x00000000028f2800 Uncommon trap: reason=speculate_class_check action=maybe_recompile pc=0x0000000002c9c354 method=com.android.dx.util.FixedSizeList.equals(Ljava/lang/Object;)Z @ 25
Event: 4.544 Thread 0x00000000028f2800 Uncommon trap: reason=speculate_class_check action=maybe_recompile pc=0x0000000002c9c354 method=com.android.dx.util.FixedSizeList.equals(Ljava/lang/Object;)Z @ 25
Event: 4.544 Thread 0x00000000028f2800 Uncommon trap: reason=speculate_class_check action=maybe_recompile pc=0x0000000002c9c354 method=com.android.dx.util.FixedSizeList.equals(Ljava/lang/Object;)Z @ 25

Internal exceptions (3 events):
Event: 0.030 Thread 0x00000000028f2800 Exception <a 'java/lang/NoSuchMethodError': Method sun.misc.Unsafe.defineClass(Ljava/lang/String;[BII)Ljava/lang/Class; name or signature does not match> (0x00000000eab07cc0) thrown at [D:\re\workspace\8-2-build-windows-amd64-cygwin\jdk8u92\6642\hotspot\sr`ÚÉ¯wž?
Event: 0.030 Thread 0x00000000028f2800 Exception <a 'java/lang/NoSuchMethodError': Method sun.misc.Unsafe.prefetchRead(Ljava/lang/Object;J)V name or signature does not match> (0x00000000eab07fa8) thrown at [D:\re\workspace\8-2-build-windows-amd64-cygwin\jdk8u92\6642\hotspot\src\share\vm\prims\jC°çÚ|@
Event: 3.436 Thread 0x0000000016a8f000 Implicit null exception at 0x0000000002c5f562 to 0x0000000002c5f65a

Events (10 events):
Event: 4.544 Thread 0x00000000028f2800 DEOPT PACKING pc=0x0000000002c9c354 sp=0x00000000028eeab0
Event: 4.544 Thread 0x00000000028f2800 DEOPT UNPACKING pc=0x0000000002a3582a sp=0x00000000028eea70 mode 2
Event: 4.544 Thread 0x00000000028f2800 Uncommon trap: trap_request=0xffffff76 fr.pc=0x0000000002c9c354
Event: 4.544 Thread 0x00000000028f2800 DEOPT PACKING pc=0x0000000002c9c354 sp=0x00000000028eeab0
Event: 4.544 Thread 0x00000000028f2800 DEOPT UNPACKING pc=0x0000000002a3582a sp=0x00000000028eea70 mode 2
Event: 4.544 Thread 0x00000000028f2800 Uncommon trap: trap_request=0xffffff76 fr.pc=0x0000000002c9c354
Event: 4.544 Thread 0x00000000028f2800 DEOPT PACKING pc=0x0000000002c9c354 sp=0x00000000028eeab0
Event: 4.544 Thread 0x00000000028f2800 DEOPT UNPACKING pc=0x0000000002a3582a sp=0x00000000028eea70 mode 2
Event: 4.559 loading class com/android/dx/rop/code/RegisterSpec$1
Event: 4.560 loading class com/android/dx/rop/code/RegisterSpec$1 done


Dynamic libraries:
0x00007ff77dd40000 - 0x00007ff77dd77000 	C:\Program Files\Java\jdk1.8.0_92\bin\java.exe
0x00007ff95e280000 - 0x00007ff95e42a000 	C:\Windows\SYSTEM32\ntdll.dll
0x00007ff95d9d0000 - 0x00007ff95db0a000 	C:\Windows\system32\KERNEL32.DLL
0x00007ff95b9f0000 - 0x00007ff95baff000 	C:\Windows\system32\KERNELBASE.dll
0x00007ff95a220000 - 0x00007ff95a2a8000 	C:\Windows\system32\apphelp.dll
0x00007ff93af80000 - 0x00007ff93afcf000 	C:\Windows\AppPatch\AppPatch64\AcGenral.DLL
0x00007ff95bb10000 - 0x00007ff95bbb7000 	C:\Windows\system32\msvcrt.dll
0x00007ff95b430000 - 0x00007ff95b45b000 	C:\Windows\SYSTEM32\SspiCli.dll
0x00007ff95dd10000 - 0x00007ff95dd61000 	C:\Windows\system32\SHLWAPI.dll
0x00007ff95d460000 - 0x00007ff95d5d1000 	C:\Windows\system32\USER32.dll
0x00007ff95df50000 - 0x00007ff95e0c8000 	C:\Windows\system32\ole32.dll
0x00007ff95bbc0000 - 0x00007ff95cfd7000 	C:\Windows\system32\SHELL32.dll
0x00007ff95ac60000 - 0x00007ff95ac7e000 	C:\Windows\SYSTEM32\USERENV.dll
0x00007ff95db10000 - 0x00007ff95dbb5000 	C:\Windows\system32\ADVAPI32.dll
0x00007ff956ad0000 - 0x00007ff956aeb000 	C:\Windows\SYSTEM32\MPR.dll
0x00007ff95d5e0000 - 0x00007ff95d716000 	C:\Windows\system32\RPCRT4.dll
0x00007ff95e0d0000 - 0x00007ff95e127000 	C:\Windows\SYSTEM32\sechost.dll
0x00007ff95d090000 - 0x00007ff95d266000 	C:\Windows\SYSTEM32\combase.dll
0x00007ff95e130000 - 0x00007ff95e275000 	C:\Windows\system32\GDI32.dll
0x00007ff95b5f0000 - 0x00007ff95b604000 	C:\Windows\SYSTEM32\profapi.dll
0x00007ff959c50000 - 0x00007ff959cef000 	C:\Windows\SYSTEM32\SHCORE.dll
0x00007ff95dd70000 - 0x00007ff95dda4000 	C:\Windows\system32\IMM32.DLL
0x00007ff95d320000 - 0x00007ff95d459000 	C:\Windows\system32\MSCTF.dll
0x00007ff959340000 - 0x00007ff95959a000 	C:\Windows\WinSxS\amd64_microsoft.windows.common-controls_6595b64144ccf1df_6.0.9600.17031_none_6242a4b3ecbb55a1\COMCTL32.dll
0x0000000053650000 - 0x0000000053722000 	C:\Program Files\Java\jdk1.8.0_92\jre\bin\msvcr100.dll
0x0000000053a50000 - 0x00000000542e6000 	C:\Program Files\Java\jdk1.8.0_92\jre\bin\server\jvm.dll
0x00007ff951bb0000 - 0x00007ff951bb9000 	C:\Windows\SYSTEM32\WSOCK32.dll
0x00007ff952430000 - 0x00007ff95244f000 	C:\Windows\SYSTEM32\WINMM.dll
0x00007ff959300000 - 0x00007ff95930a000 	C:\Windows\SYSTEM32\VERSION.dll
0x00007ff95bb00000 - 0x00007ff95bb07000 	C:\Windows\system32\PSAPI.DLL
0x00007ff95d910000 - 0x00007ff95d968000 	C:\Windows\system32\WS2_32.dll
0x00007ff9523f0000 - 0x00007ff95241a000 	C:\Windows\SYSTEM32\WINMMBASE.dll
0x00007ff95d720000 - 0x00007ff95d729000 	C:\Windows\system32\NSI.dll
0x00007ff95b7c0000 - 0x00007ff95b80a000 	C:\Windows\SYSTEM32\cfgmgr32.dll
0x00007ff95a470000 - 0x00007ff95a496000 	C:\Windows\SYSTEM32\DEVOBJ.dll
0x00000000545e0000 - 0x00000000545ef000 	C:\Program Files\Java\jdk1.8.0_92\jre\bin\verify.dll
0x00000000545b0000 - 0x00000000545d9000 	C:\Program Files\Java\jdk1.8.0_92\jre\bin\java.dll
0x0000000054590000 - 0x00000000545a6000 	C:\Program Files\Java\jdk1.8.0_92\jre\bin\zip.dll

VM Arguments:
jvm_args: -Djava.awt.headless=true -Xmx1024M -Dfile.encoding=windows-1252 -Duser.country=US -Duser.language=en -Duser.variant 
java_command: com.android.dx.command.Main --dex --force-jumbo --num-threads=4 --output C:\Zooket\app\build\intermediates\pre-dexed\debug\com.android.support-support-vector-drawable-23.4.0_2905c6d37a4aba6a349224c6e6e04bd641271886.jar C:\Zooket\app\build\intermediates\exploded-aar\com.android.support\support-vector-drawable\23.4.0\jars\classes.jar
java_class_path (initial): C:\android-sdk-windows\build-tools\24.0.3\lib\dx.jar
Launcher Type: SUN_STANDARD

Environment Variables:
PATH=C:\ProgramData\Oracle\Java\javapath;C:\Windows\system32;C:\Windows;C:\Windows\System32\Wbem;C:\Windows\System32\WindowsPowerShell\v1.0\;C:\Program Files (x86)\NVIDIA Corporation\PhysX\Common;C:\Program Files (x86)\Windows Kits\8.1\Windows Performance Toolkit\;C:\Program Files\Microsoft SQL Server\110\Tools\Binn\;C:\Program Files\Microsoft SQL Server\110\DTS\Binn\;C:\Program Files (x86)\Microsoft SQL Server\110\Tools\Binn\;C:\Program Files (x86)\Microsoft SQL Server\110\Tools\Binn\ManagementStudio\;C:\Program Files (x86)\Microsoft Visual Studio 10.0\Common7\IDE\PrivateAssemblies\;C:\Program Files (x86)\Microsoft SQL Server\110\DTS\Binn\;C:\Program Files (x86)\GtkSharp\2.12\bin;C:\Program Files (x86)\QuickTime\QTSystem\
USERNAME=Smo
OS=Windows_NT
PROCESSOR_IDENTIFIER=Intel64 Family 6 Model 94 Stepping 3, GenuineIntel



---------------  S Y S T E M  ---------------

OS: Windows 8.1 , 64 bit Build 9600 (6.3.9600.17056)

CPU:total 4 (4 cores per cpu, 1 threads per core) family 6 model 94 stepping 3, cmov, cx8, fxsr, mmx, sse, sse2, sse3, ssse3, sse4.1, sse4.2, popcnt, avx, avx2, aes, clmul, erms, 3dnowpref, lzcnt, tsc, tscinvbit, bmi1, bmi2, adx

Memory: 4k page, physical 8266404k(1168516k free), swap 8266404k(5808k free)

vm_info: Java HotSpot(TM) 64-Bit Server VM (25.92-b14) for windows-amd64 JRE (1.8.0_92-b14), built on Mar 31 2016 21:03:04 by "java_re" with MS VC++ 10.0 (VS2010)

time: Mon May 08 11:52:20 2017
elapsed time: 4 seconds (0d 0h 0m 4s)

