#
# There is insufficient memory for the Java Runtime Environment to continue.
# Native memory allocation (malloc) failed to allocate 146896 bytes for Chunk::new
# Possible reasons:
#   The system is out of physical RAM or swap space
#   In 32 bit mode, the process size limit was hit
# Possible solutions:
#   Reduce memory load on the system
#   Increase physical memory or swap space
#   Check if swap backing store is full
#   Use 64 bit Java on a 64 bit OS
#   Decrease Java heap size (-Xmx/-Xms)
#   Decrease number of Java threads
#   Decrease Java thread stack sizes (-Xss)
#   Set larger code cache with -XX:ReservedCodeCacheSize=
# This output file may be truncated or incomplete.
#
#  Out of Memory Error (allocation.cpp:390), pid=9068, tid=0x0000000000001fa4
#
# JRE version: Java(TM) SE Runtime Environment (8.0_92-b14) (build 1.8.0_92-b14)
# Java VM: Java HotSpot(TM) 64-Bit Server VM (25.92-b14 mixed mode windows-amd64 compressed oops)
# Failed to write core dump. Minidumps are not enabled by default on client versions of Windows
#

---------------  T H R E A D  ---------------

Current thread (0x0000000015251000):  JavaThread "C2 CompilerThread1" daemon [_thread_in_native, id=8100, stack(0x0000000016980000,0x0000000016a80000)]

Stack: [0x0000000016980000,0x0000000016a80000]
[error occurred during error reporting (printing stack bounds), id 0xc0000005]

Native frames: (J=compiled Java code, j=interpreted, Vv=VM code, C=native code)


Current CompileTask:
C2:   1628 1369 %     4       com.android.dx.ssa.SsaMethod::computeReachability @ 95 (131 bytes)


---------------  P R O C E S S  ---------------

Java Threads: ( => current thread )
  0x0000000016e34000 JavaThread "pool-1-thread-4" [_thread_in_Java, id=176, stack(0x0000000017580000,0x0000000017680000)]
  0x0000000016e31800 JavaThread "pool-1-thread-3" [_thread_in_Java, id=6728, stack(0x0000000017480000,0x0000000017580000)]
  0x0000000016e31000 JavaThread "pool-1-thread-2" [_thread_in_vm, id=5856, stack(0x0000000017380000,0x0000000017480000)]
  0x0000000016e30000 JavaThread "pool-2-thread-1" [_thread_blocked, id=5696, stack(0x0000000017280000,0x0000000017380000)]
  0x0000000016e2a000 JavaThread "pool-1-thread-1" [_thread_in_Java, id=1576, stack(0x0000000017180000,0x0000000017280000)]
  0x0000000016b9d800 JavaThread "Service Thread" daemon [_thread_blocked, id=7596, stack(0x0000000016f80000,0x0000000017080000)]
  0x00000000152ac000 JavaThread "C1 CompilerThread2" daemon [_thread_in_native, id=2616, stack(0x0000000016a80000,0x0000000016b80000)]
=>0x0000000015251000 JavaThread "C2 CompilerThread1" daemon [_thread_in_native, id=8100, stack(0x0000000016980000,0x0000000016a80000)]
  0x000000001524e000 JavaThread "C2 CompilerThread0" daemon [_thread_in_native, id=5964, stack(0x0000000016880000,0x0000000016980000)]
  0x000000001524c000 JavaThread "Attach Listener" daemon [_thread_blocked, id=1048, stack(0x0000000016780000,0x0000000016880000)]
  0x000000001524b000 JavaThread "Signal Dispatcher" daemon [_thread_blocked, id=7772, stack(0x0000000016680000,0x0000000016780000)]
  0x0000000002b74800 JavaThread "Finalizer" daemon [_thread_blocked, id=7360, stack(0x00000000164a0000,0x00000000165a0000)]
  0x0000000002b6f800 JavaThread "Reference Handler" daemon [_thread_blocked, id=4328, stack(0x00000000163a0000,0x00000000164a0000)]
  0x0000000002a80800 JavaThread "main" [_thread_in_Java, id=9112, stack(0x00000000028e0000,0x00000000029e0000)]

Other Threads:
  0x0000000015218800 VMThread [stack: 0x00000000162a0000,0x00000000163a0000] [id=9208]
  0x0000000016ba9800 WatcherThread [stack: 0x0000000017080000,0x0000000017180000] [id=6156]

VM state:not at safepoint (normal execution)

VM Mutex/Monitor currently owned by a thread: None

Heap:
 PSYoungGen      total 38400K, used 37475K [0x00000000eab00000, 0x00000000ed580000, 0x0000000100000000)
  eden space 33280K, 97% used [0x00000000eab00000,0x00000000eca9fee8,0x00000000ecb80000)
  from space 5120K, 99% used [0x00000000ecb80000,0x00000000ed079080,0x00000000ed080000)
  to   space 5120K, 0% used [0x00000000ed080000,0x00000000ed080000,0x00000000ed580000)
 ParOldGen       total 87552K, used 1968K [0x00000000c0000000, 0x00000000c5580000, 0x00000000eab00000)
  object space 87552K, 2% used [0x00000000c0000000,0x00000000c01ec1e0,0x00000000c5580000)
 Metaspace       used 6069K, capacity 6964K, committed 7040K, reserved 1056768K
  class space    used 601K, capacity 620K, committed 640K, reserved 1048576K

Card table byte_map: [0x0000000011f40000,0x0000000012150000] byte_map_base: 0x0000000011940000

Marking Bits: (ParMarkBitMap*) 0x0000000066bd64f0
 Begin Bits: [0x00000000126b0000, 0x00000000136b0000)
 End Bits:   [0x00000000136b0000, 0x00000000146b0000)

Polling page: 0x0000000001060000

CodeCache: size=245760Kb used=5262Kb max_used=5275Kb free=240498Kb
 bounds [0x0000000002b80000, 0x00000000030b0000, 0x0000000011b80000]
 total_blobs=1624 nmethods=1355 adapters=182
 compilation: enabled

Compilation events (10 events):
Event: 1.563 Thread 0x0000000015251000 nmethod 1221 0x0000000002ff7dd0 code [0x0000000002ff7f00, 0x0000000002ff7f78]
Event: 1.563 Thread 0x0000000015251000 1100 %     4       com.android.dx.ssa.SsaMethod::forEachInsn @ 8 (36 bytes)
Event: 1.565 Thread 0x000000001524e000 nmethod 1342 0x00000000030a8bd0 code [0x00000000030a8dc0, 0x00000000030aa2b8]
Event: 1.566 Thread 0x000000001524e000 1115       4       java.util.AbstractMap::<init> (5 bytes)
Event: 1.566 Thread 0x000000001524e000 nmethod 1115 0x000000000309bc50 code [0x000000000309bd80, 0x000000000309bdd8]
Event: 1.566 Thread 0x0000000015251000 nmethod 1100% 0x000000000309b590 code [0x000000000309b700, 0x000000000309b988]
Event: 1.625 Thread 0x000000001524e000 1368   !   4       com.android.dx.cf.code.RopperMachine::run (1550 bytes)
Event: 1.625 Thread 0x0000000015251000 1369 %     4       com.android.dx.ssa.SsaMethod::computeReachability @ 95 (131 bytes)
Event: 1.625 Thread 0x00000000152ac000 1370       3       com.android.dx.rop.code.RegisterSpec::withType (13 bytes)
Event: 1.625 Thread 0x00000000152ac000 nmethod 1370 0x000000000309b150 code [0x000000000309b2c0, 0x000000000309b4a8]

GC Heap History (2 events):
Event: 1.350 GC heap before
{Heap before GC invocations=1 (full 0):
 PSYoungGen      total 38400K, used 33280K [0x00000000eab00000, 0x00000000ed580000, 0x0000000100000000)
  eden space 33280K, 100% used [0x00000000eab00000,0x00000000ecb80000,0x00000000ecb80000)
  from space 5120K, 0% used [0x00000000ed080000,0x00000000ed080000,0x00000000ed580000)
  to   space 5120K, 0% used [0x00000000ecb80000,0x00000000ecb80000,0x00000000ed080000)
 ParOldGen       total 87552K, used 0K [0x00000000c0000000, 0x00000000c5580000, 0x00000000eab00000)
  object space 87552K, 0% used [0x00000000c0000000,0x00000000c0000000,0x00000000c5580000)
 Metaspace       used 5929K, capacity 6836K, committed 7040K, reserved 1056768K
  class space    used 599K, capacity 620K, committed 640K, reserved 1048576K
Event: 1.359 GC heap after
Heap after GC invocations=1 (full 0):
 PSYoungGen      total 38400K, used 5092K [0x00000000eab00000, 0x00000000ed580000, 0x0000000100000000)
  eden space 33280K, 0% used [0x00000000eab00000,0x00000000eab00000,0x00000000ecb80000)
  from space 5120K, 99% used [0x00000000ecb80000,0x00000000ed079080,0x00000000ed080000)
  to   space 5120K, 0% used [0x00000000ed080000,0x00000000ed080000,0x00000000ed580000)
 ParOldGen       total 87552K, used 1968K [0x00000000c0000000, 0x00000000c5580000, 0x00000000eab00000)
  object space 87552K, 2% used [0x00000000c0000000,0x00000000c01ec1e0,0x00000000c5580000)
 Metaspace       used 5929K, capacity 6836K, committed 7040K, reserved 1056768K
  class space    used 599K, capacity 620K, committed 640K, reserved 1048576K
}

Deoptimization events (10 events):
Event: 1.007 Thread 0x0000000002a80800 Uncommon trap: reason=unstable_if action=reinterpret pc=0x0000000002d27490 method=java.lang.String.<init>([CII)V @ 18
Event: 1.231 Thread 0x0000000016e2a000 Uncommon trap: reason=class_check action=maybe_recompile pc=0x0000000002e64afc method=com.android.dx.ssa.NormalSsaInsn.accept(Lcom/android/dx/ssa/SsaInsn$Visitor;)V @ 9
Event: 1.231 Thread 0x0000000016e2a000 Uncommon trap: reason=class_check action=maybe_recompile pc=0x0000000002dd4230 method=com.android.dx.ssa.NormalSsaInsn.accept(Lcom/android/dx/ssa/SsaInsn$Visitor;)V @ 9
Event: 1.374 Thread 0x0000000016e31000 Uncommon trap: reason=unstable_if action=reinterpret pc=0x0000000002e5f75c method=com.android.dx.rop.cst.Constant.compareTo(Lcom/android/dx/rop/cst/Constant;)I @ 12
Event: 1.388 Thread 0x0000000002a80800 Uncommon trap: reason=null_check action=make_not_entrant pc=0x0000000002e0da28 method=com.android.dx.rop.type.Type.equals(Ljava/lang/Object;)Z @ 8
Event: 1.412 Thread 0x0000000016e34000 Uncommon trap: reason=unstable_if action=reinterpret pc=0x0000000002e1397c method=com.android.dx.rop.code.RegisterSpec.equals(ILcom/android/dx/rop/type/TypeBearer;Lcom/android/dx/rop/code/LocalItem;)Z @ 42
Event: 1.477 Thread 0x0000000002a80800 Uncommon trap: reason=class_check action=maybe_recompile pc=0x000000000300f5cc method=com.android.dx.cf.code.BytecodeArray.parseInstruction(ILcom/android/dx/cf/code/BytecodeArray$Visitor;)I @ 1915
Event: 1.482 Thread 0x0000000002a80800 Uncommon trap: reason=bimorphic action=maybe_recompile pc=0x00000000030108d8 method=com.android.dx.cf.code.BytecodeArray.parseInstruction(ILcom/android/dx/cf/code/BytecodeArray$Visitor;)I @ 1161
Event: 1.483 Thread 0x0000000002a80800 Uncommon trap: reason=bimorphic action=maybe_recompile pc=0x00000000030108d8 method=com.android.dx.cf.code.BytecodeArray.parseInstruction(ILcom/android/dx/cf/code/BytecodeArray$Visitor;)I @ 1161
Event: 1.483 Thread 0x0000000002a80800 Uncommon trap: reason=unstable_if action=reinterpret pc=0x0000000002f6077c method=com.android.dx.util.IntList.binarysearch(I)I @ 105

Internal exceptions (4 events):
Event: 0.045 Thread 0x0000000002a80800 Exception <a 'java/lang/NoSuchMethodError': Method sun.misc.Unsafe.defineClass(Ljava/lang/String;[BII)Ljava/lang/Class; name or signature does not match> (0x00000000eab07cc0) thrown at [D:\re\workspace\8-2-build-windows-amd64-cygwin\jdk8u92\6642\hotspot\sr7+´ªÊî¦?
Event: 0.045 Thread 0x0000000002a80800 Exception <a 'java/lang/NoSuchMethodError': Method sun.misc.Unsafe.prefetchRead(Ljava/lang/Object;J)V name or signature does not match> (0x00000000eab07fa8) thrown at [D:\re\workspace\8-2-build-windows-amd64-cygwin\jdk8u92\6642\hotspot\src\share\vm\prims\jñ÷f.Ï¢ì?
Event: 0.895 Thread 0x0000000016e34000 Implicit null exception at 0x0000000002e05a74 to 0x0000000002e0774d
Event: 1.388 Thread 0x0000000002a80800 Implicit null exception at 0x0000000002e0d922 to 0x0000000002e0da1a

Events (10 events):
Event: 1.483 Thread 0x0000000002a80800 DEOPT PACKING pc=0x0000000002f6077c sp=0x00000000029de5e0
Event: 1.483 Thread 0x0000000002a80800 DEOPT UNPACKING pc=0x0000000002bc582a sp=0x00000000029de558 mode 2
Event: 1.487 loading class com/android/dx/cf/attrib/AttDeprecated
Event: 1.487 loading class com/android/dx/cf/attrib/AttDeprecated done
Event: 1.488 loading class com/android/dx/cf/direct/AnnotationParser
Event: 1.488 loading class com/android/dx/cf/direct/AnnotationParser done
Event: 1.489 loading class com/android/dx/cf/attrib/AttRuntimeVisibleAnnotations
Event: 1.489 loading class com/android/dx/cf/attrib/AttRuntimeVisibleAnnotations done
Event: 1.489 loading class com/android/dx/cf/attrib/BaseAnnotations
Event: 1.489 loading class com/android/dx/cf/attrib/BaseAnnotations done


Dynamic libraries:
0x00007ff6735d0000 - 0x00007ff673607000 	C:\Program Files\Java\jdk1.8.0_92\bin\java.exe
0x00007ff93cdb0000 - 0x00007ff93cf5a000 	C:\Windows\SYSTEM32\ntdll.dll
0x00007ff93a690000 - 0x00007ff93a7ca000 	C:\Windows\system32\KERNEL32.DLL
0x00007ff93a340000 - 0x00007ff93a44f000 	C:\Windows\system32\KERNELBASE.dll
0x00007ff938d50000 - 0x00007ff938dd8000 	C:\Windows\system32\apphelp.dll
0x00007ff9245a0000 - 0x00007ff9245ef000 	C:\Windows\AppPatch\AppPatch64\AcGenral.DLL
0x00007ff93cd00000 - 0x00007ff93cda7000 	C:\Windows\system32\msvcrt.dll
0x00007ff939f60000 - 0x00007ff939f8b000 	C:\Windows\SYSTEM32\SspiCli.dll
0x00007ff93b640000 - 0x00007ff93b691000 	C:\Windows\system32\SHLWAPI.dll
0x00007ff93aaa0000 - 0x00007ff93ac11000 	C:\Windows\system32\USER32.dll
0x00007ff93b280000 - 0x00007ff93b3f8000 	C:\Windows\system32\ole32.dll
0x00007ff93b8e0000 - 0x00007ff93ccf7000 	C:\Windows\system32\SHELL32.dll
0x00007ff939790000 - 0x00007ff9397ae000 	C:\Windows\SYSTEM32\USERENV.dll
0x00007ff93a7d0000 - 0x00007ff93a875000 	C:\Windows\system32\ADVAPI32.dll
0x00007ff935560000 - 0x00007ff93557b000 	C:\Windows\SYSTEM32\MPR.dll
0x00007ff93b140000 - 0x00007ff93b276000 	C:\Windows\system32\RPCRT4.dll
0x00007ff93b880000 - 0x00007ff93b8d7000 	C:\Windows\SYSTEM32\sechost.dll
0x00007ff93b6a0000 - 0x00007ff93b876000 	C:\Windows\SYSTEM32\combase.dll
0x00007ff93af90000 - 0x00007ff93b0d5000 	C:\Windows\system32\GDI32.dll
0x00007ff93a120000 - 0x00007ff93a134000 	C:\Windows\SYSTEM32\profapi.dll
0x00007ff938780000 - 0x00007ff93881f000 	C:\Windows\SYSTEM32\SHCORE.dll
0x00007ff93ace0000 - 0x00007ff93ad14000 	C:\Windows\system32\IMM32.DLL
0x00007ff93a940000 - 0x00007ff93aa79000 	C:\Windows\system32\MSCTF.dll
0x00007ff937e70000 - 0x00007ff9380ca000 	C:\Windows\WinSxS\amd64_microsoft.windows.common-controls_6595b64144ccf1df_6.0.9600.17031_none_6242a4b3ecbb55a1\COMCTL32.dll
0x0000000066c60000 - 0x0000000066d32000 	C:\Program Files\Java\jdk1.8.0_92\jre\bin\msvcr100.dll
0x00000000663c0000 - 0x0000000066c56000 	C:\Program Files\Java\jdk1.8.0_92\jre\bin\server\jvm.dll
0x00007ff9329b0000 - 0x00007ff9329b9000 	C:\Windows\SYSTEM32\WSOCK32.dll
0x00007ff932ab0000 - 0x00007ff932acf000 	C:\Windows\SYSTEM32\WINMM.dll
0x00007ff937e30000 - 0x00007ff937e3a000 	C:\Windows\SYSTEM32\VERSION.dll
0x00007ff93aa90000 - 0x00007ff93aa97000 	C:\Windows\system32\PSAPI.DLL
0x00007ff93b0e0000 - 0x00007ff93b138000 	C:\Windows\system32\WS2_32.dll
0x00007ff92ff60000 - 0x00007ff92ff8a000 	C:\Windows\SYSTEM32\WINMMBASE.dll
0x00007ff93aa80000 - 0x00007ff93aa89000 	C:\Windows\system32\NSI.dll
0x00007ff93a1f0000 - 0x00007ff93a23a000 	C:\Windows\SYSTEM32\cfgmgr32.dll
0x00007ff938fa0000 - 0x00007ff938fc6000 	C:\Windows\SYSTEM32\DEVOBJ.dll
0x00000000663b0000 - 0x00000000663bf000 	C:\Program Files\Java\jdk1.8.0_92\jre\bin\verify.dll
0x0000000066380000 - 0x00000000663a9000 	C:\Program Files\Java\jdk1.8.0_92\jre\bin\java.dll
0x0000000066360000 - 0x0000000066376000 	C:\Program Files\Java\jdk1.8.0_92\jre\bin\zip.dll

VM Arguments:
jvm_args: -Djava.awt.headless=true -Xmx1024M -Dfile.encoding=windows-1252 -Duser.country=US -Duser.language=en -Duser.variant 
java_command: com.android.dx.command.Main --dex --force-jumbo --num-threads=4 --output C:\Zooket\app\build\intermediates\pre-dexed\debug\renderscript-v8_2133aa9f614cf6adb54f2b8204941fe11caed194.jar C:\android-sdk-windows\build-tools\24.0.3\renderscript\lib\renderscript-v8.jar
java_class_path (initial): C:\android-sdk-windows\build-tools\24.0.3\lib\dx.jar
Launcher Type: SUN_STANDARD

Environment Variables:
PATH=C:\ProgramData\Oracle\Java\javapath;C:\Windows\system32;C:\Windows;C:\Windows\System32\Wbem;C:\Windows\System32\WindowsPowerShell\v1.0\;C:\Program Files (x86)\NVIDIA Corporation\PhysX\Common;C:\Program Files (x86)\Windows Kits\8.1\Windows Performance Toolkit\;C:\Program Files\Microsoft SQL Server\110\Tools\Binn\;C:\Program Files\Microsoft SQL Server\110\DTS\Binn\;C:\Program Files (x86)\Microsoft SQL Server\110\Tools\Binn\;C:\Program Files (x86)\Microsoft SQL Server\110\Tools\Binn\ManagementStudio\;C:\Program Files (x86)\Microsoft Visual Studio 10.0\Common7\IDE\PrivateAssemblies\;C:\Program Files (x86)\Microsoft SQL Server\110\DTS\Binn\;C:\Program Files (x86)\GtkSharp\2.12\bin;C:\Program Files (x86)\QuickTime\QTSystem\
USERNAME=Smo
OS=Windows_NT
PROCESSOR_IDENTIFIER=Intel64 Family 6 Model 94 Stepping 3, GenuineIntel



---------------  S Y S T E M  ---------------

OS: Windows 8.1 , 64 bit Build 9600 (6.3.9600.17056)

CPU:total 4 (4 cores per cpu, 1 threads per core) family 6 model 94 stepping 3, cmov, cx8, fxsr, mmx, sse, sse2, sse3, ssse3, sse4.1, sse4.2, popcnt, avx, avx2, aes, clmul, erms, 3dnowpref, lzcnt, tsc, tscinvbit, bmi1, bmi2, adx

Memory: 4k page, physical 8266404k(1159804k free), swap 8266404k(4972k free)

vm_info: Java HotSpot(TM) 64-Bit Server VM (25.92-b14) for windows-amd64 JRE (1.8.0_92-b14), built on Mar 31 2016 21:03:04 by "java_re" with MS VC++ 10.0 (VS2010)

time: Fri Jun 02 11:57:12 2017
elapsed time: 1 seconds (0d 0h 0m 1s)

