#
# There is insufficient memory for the Java Runtime Environment to continue.
# Native memory allocation (malloc) failed to allocate 65552 bytes for Chunk::new
# Possible reasons:
#   The system is out of physical RAM or swap space
#   In 32 bit mode, the process size limit was hit
# Possible solutions:
#   Reduce memory load on the system
#   Increase physical memory or swap space
#   Check if swap backing store is full
#   Use 64 bit Java on a 64 bit OS
#   Decrease Java heap size (-Xmx/-Xms)
#   Decrease number of Java threads
#   Decrease Java thread stack sizes (-Xss)
#   Set larger code cache with -XX:ReservedCodeCacheSize=
# This output file may be truncated or incomplete.
#
#  Out of Memory Error (allocation.cpp:390), pid=9644, tid=0x00000000000025b8
#
# JRE version: Java(TM) SE Runtime Environment (8.0_92-b14) (build 1.8.0_92-b14)
# Java VM: Java HotSpot(TM) 64-Bit Server VM (25.92-b14 mixed mode windows-amd64 compressed oops)
# Failed to write core dump. Minidumps are not enabled by default on client versions of Windows
#

---------------  T H R E A D  ---------------

Current thread (0x0000000014f87000):  JavaThread "C2 CompilerThread1" daemon [_thread_in_native, id=9656, stack(0x0000000016660000,0x0000000016760000)]

Stack: [0x0000000016660000,0x0000000016760000]
[error occurred during error reporting (printing stack bounds), id 0xc0000005]

Native frames: (J=compiled Java code, j=interpreted, Vv=VM code, C=native code)


Current CompileTask:
C2:   2189 1464       4       com.android.dx.ssa.SsaRenamer$BlockRenamer::process (191 bytes)


---------------  P R O C E S S  ---------------

Java Threads: ( => current thread )
  0x00000000169e9800 JavaThread "pool-1-thread-4" [_thread_in_vm, id=9648, stack(0x0000000017260000,0x0000000017360000)]
  0x00000000169bb800 JavaThread "pool-1-thread-3" [_thread_blocked, id=9752, stack(0x0000000017160000,0x0000000017260000)]
  0x00000000169a7800 JavaThread "pool-1-thread-2" [_thread_blocked, id=9640, stack(0x0000000017060000,0x0000000017160000)]
  0x00000000169a6800 JavaThread "pool-2-thread-1" [_thread_blocked, id=10164, stack(0x0000000016f60000,0x0000000017060000)]
  0x00000000169b2000 JavaThread "pool-1-thread-1" [_thread_blocked, id=10000, stack(0x0000000016e60000,0x0000000016f60000)]
  0x0000000016766800 JavaThread "Service Thread" daemon [_thread_blocked, id=9636, stack(0x0000000016c60000,0x0000000016d60000)]
  0x0000000016761000 JavaThread "C1 CompilerThread2" daemon [_thread_in_vm, id=9660, stack(0x0000000016b60000,0x0000000016c60000)]
=>0x0000000014f87000 JavaThread "C2 CompilerThread1" daemon [_thread_in_native, id=9656, stack(0x0000000016660000,0x0000000016760000)]
  0x0000000014f2e000 JavaThread "C2 CompilerThread0" daemon [_thread_in_native, id=7048, stack(0x0000000016560000,0x0000000016660000)]
  0x0000000014f2c000 JavaThread "Attach Listener" daemon [_thread_blocked, id=10112, stack(0x0000000016460000,0x0000000016560000)]
  0x0000000014f2b000 JavaThread "Signal Dispatcher" daemon [_thread_blocked, id=9680, stack(0x0000000016360000,0x0000000016460000)]
  0x0000000014f1a800 JavaThread "Finalizer" daemon [_thread_blocked, id=8064, stack(0x0000000016180000,0x0000000016280000)]
  0x0000000002850800 JavaThread "Reference Handler" daemon [_thread_blocked, id=7208, stack(0x0000000016080000,0x0000000016180000)]
  0x0000000002762800 JavaThread "main" [_thread_blocked, id=9364, stack(0x00000000025b0000,0x00000000026b0000)]

Other Threads:
  0x0000000014ef8800 VMThread [stack: 0x0000000015f80000,0x0000000016080000] [id=8924]
  0x000000001677a800 WatcherThread [stack: 0x0000000016d60000,0x0000000016e60000] [id=7816]

VM state:not at safepoint (normal execution)

VM Mutex/Monitor currently owned by a thread: None

Heap:
 PSYoungGen      total 38400K, used 5935K [0x00000000eab00000, 0x00000000ed580000, 0x0000000100000000)
  eden space 33280K, 2% used [0x00000000eab00000,0x00000000eabcd240,0x00000000ecb80000)
  from space 5120K, 99% used [0x00000000ed080000,0x00000000ed57eaa8,0x00000000ed580000)
  to   space 5120K, 0% used [0x00000000ecb80000,0x00000000ecb80000,0x00000000ed080000)
 ParOldGen       total 87552K, used 4612K [0x00000000c0000000, 0x00000000c5580000, 0x00000000eab00000)
  object space 87552K, 5% used [0x00000000c0000000,0x00000000c0481208,0x00000000c5580000)
 Metaspace       used 6254K, capacity 7090K, committed 7296K, reserved 1056768K
  class space    used 603K, capacity 618K, committed 640K, reserved 1048576K

Card table byte_map: [0x0000000011c20000,0x0000000011e30000] byte_map_base: 0x0000000011620000

Marking Bits: (ParMarkBitMap*) 0x0000000060c564f0
 Begin Bits: [0x0000000012390000, 0x0000000013390000)
 End Bits:   [0x0000000013390000, 0x0000000014390000)

Polling page: 0x0000000000d30000

CodeCache: size=245760Kb used=6203Kb max_used=6212Kb free=239556Kb
 bounds [0x0000000002860000, 0x0000000002e80000, 0x0000000011860000]
 total_blobs=1827 nmethods=1558 adapters=182
 compilation: enabled

Compilation events (10 events):
Event: 1.923 Thread 0x0000000016761000 nmethod 1559 0x0000000002e68f90 code [0x0000000002e69240, 0x0000000002e69dd8]
Event: 2.188 Thread 0x0000000016761000 1561   !   2       java.lang.ref.ReferenceQueue::enqueue (119 bytes)
Event: 2.188 Thread 0x0000000016761000 nmethod 1561 0x0000000002e6ffd0 code [0x0000000002e70140, 0x0000000002e705e8]
Event: 2.188 Thread 0x0000000016761000 1562       2       java.lang.ref.ReferenceQueue::reallyPoll (66 bytes)
Event: 2.188 Thread 0x0000000016761000 nmethod 1562 0x0000000002e70790 code [0x0000000002e70900, 0x0000000002e70b90]
Event: 2.188 Thread 0x0000000016761000 1563       2       java.lang.ref.Finalizer::access$000 (4 bytes)
Event: 2.189 Thread 0x0000000016761000 nmethod 1563 0x0000000002e70c50 code [0x0000000002e70da0, 0x0000000002e70ed0]
Event: 2.189 Thread 0x0000000016761000 1564       2       java.lang.ref.ReferenceQueue::remove (6 bytes)
Event: 2.189 Thread 0x0000000016761000 nmethod 1564 0x0000000002e70f50 code [0x0000000002e710c0, 0x0000000002e71248]
Event: 2.189 Thread 0x0000000016761000 1565   !   2       java.lang.ref.ReferenceQueue::remove (125 bytes)

GC Heap History (4 events):
Event: 1.171 GC heap before
{Heap before GC invocations=1 (full 0):
 PSYoungGen      total 38400K, used 33280K [0x00000000eab00000, 0x00000000ed580000, 0x0000000100000000)
  eden space 33280K, 100% used [0x00000000eab00000,0x00000000ecb80000,0x00000000ecb80000)
  from space 5120K, 0% used [0x00000000ed080000,0x00000000ed080000,0x00000000ed580000)
  to   space 5120K, 0% used [0x00000000ecb80000,0x00000000ecb80000,0x00000000ed080000)
 ParOldGen       total 87552K, used 0K [0x00000000c0000000, 0x00000000c5580000, 0x00000000eab00000)
  object space 87552K, 0% used [0x00000000c0000000,0x00000000c0000000,0x00000000c5580000)
 Metaspace       used 5976K, capacity 6898K, committed 7040K, reserved 1056768K
  class space    used 597K, capacity 618K, committed 640K, reserved 1048576K
Event: 1.381 GC heap after
Heap after GC invocations=1 (full 0):
 PSYoungGen      total 38400K, used 5105K [0x00000000eab00000, 0x00000000ed580000, 0x0000000100000000)
  eden space 33280K, 0% used [0x00000000eab00000,0x00000000eab00000,0x00000000ecb80000)
  from space 5120K, 99% used [0x00000000ecb80000,0x00000000ed07c778,0x00000000ed080000)
  to   space 5120K, 0% used [0x00000000ed080000,0x00000000ed080000,0x00000000ed580000)
 ParOldGen       total 87552K, used 825K [0x00000000c0000000, 0x00000000c5580000, 0x00000000eab00000)
  object space 87552K, 0% used [0x00000000c0000000,0x00000000c00ce6c0,0x00000000c5580000)
 Metaspace       used 5976K, capacity 6898K, committed 7040K, reserved 1056768K
  class space    used 597K, capacity 618K, committed 640K, reserved 1048576K
}
Event: 1.923 GC heap before
{Heap before GC invocations=2 (full 0):
 PSYoungGen      total 38400K, used 38385K [0x00000000eab00000, 0x00000000ed580000, 0x0000000100000000)
  eden space 33280K, 100% used [0x00000000eab00000,0x00000000ecb80000,0x00000000ecb80000)
  from space 5120K, 99% used [0x00000000ecb80000,0x00000000ed07c778,0x00000000ed080000)
  to   space 5120K, 0% used [0x00000000ed080000,0x00000000ed080000,0x00000000ed580000)
 ParOldGen       total 87552K, used 825K [0x00000000c0000000, 0x00000000c5580000, 0x00000000eab00000)
  object space 87552K, 0% used [0x00000000c0000000,0x00000000c00ce6c0,0x00000000c5580000)
 Metaspace       used 6254K, capacity 7090K, committed 7296K, reserved 1056768K
  class space    used 603K, capacity 618K, committed 640K, reserved 1048576K
Event: 2.187 GC heap after
Heap after GC invocations=2 (full 0):
 PSYoungGen      total 38400K, used 5114K [0x00000000eab00000, 0x00000000ed580000, 0x0000000100000000)
  eden space 33280K, 0% used [0x00000000eab00000,0x00000000eab00000,0x00000000ecb80000)
  from space 5120K, 99% used [0x00000000ed080000,0x00000000ed57eaa8,0x00000000ed580000)
  to   space 5120K, 0% used [0x00000000ecb80000,0x00000000ecb80000,0x00000000ed080000)
 ParOldGen       total 87552K, used 4612K [0x00000000c0000000, 0x00000000c5580000, 0x00000000eab00000)
  object space 87552K, 5% used [0x00000000c0000000,0x00000000c0481208,0x00000000c5580000)
 Metaspace       used 6254K, capacity 7090K, committed 7296K, reserved 1056768K
  class space    used 603K, capacity 618K, committed 640K, reserved 1048576K
}

Deoptimization events (5 events):
Event: 0.526 Thread 0x0000000002762800 Uncommon trap: reason=unstable_if action=reinterpret pc=0x0000000002a71d70 method=java.util.BitSet.nextSetBit(I)I @ 87
Event: 0.530 Thread 0x0000000002762800 Uncommon trap: reason=unstable_if action=reinterpret pc=0x0000000002a7ee9c method=java.util.HashMap.getNode(ILjava/lang/Object;)Ljava/util/HashMap$Node; @ 129
Event: 0.532 Thread 0x0000000002762800 Uncommon trap: reason=class_check action=maybe_recompile pc=0x0000000002a832b0 method=com.android.dx.ssa.NormalSsaInsn.accept(Lcom/android/dx/ssa/SsaInsn$Visitor;)V @ 9
Event: 0.541 Thread 0x0000000002762800 Uncommon trap: reason=class_check action=maybe_recompile pc=0x0000000002a832b0 method=com.android.dx.ssa.NormalSsaInsn.accept(Lcom/android/dx/ssa/SsaInsn$Visitor;)V @ 9
Event: 0.914 Thread 0x00000000169a7800 Uncommon trap: reason=unstable_if action=reinterpret pc=0x0000000002b4165c method=com.android.dx.rop.cst.Constant.compareTo(Lcom/android/dx/rop/cst/Constant;)I @ 12

Internal exceptions (2 events):
Event: 0.036 Thread 0x0000000002762800 Exception <a 'java/lang/NoSuchMethodError': Method sun.misc.Unsafe.defineClass(Ljava/lang/String;[BII)Ljava/lang/Class; name or signature does not match> (0x00000000eab07cc0) thrown at [D:\re\workspace\8-2-build-windows-amd64-cygwin\jdk8u92\6642\hotspot\sr’Lpù{N¢?
Event: 0.036 Thread 0x0000000002762800 Exception <a 'java/lang/NoSuchMethodError': Method sun.misc.Unsafe.prefetchRead(Ljava/lang/Object;J)V name or signature does not match> (0x00000000eab07fa8) thrown at [D:\re\workspace\8-2-build-windows-amd64-cygwin\jdk8u92\6642\hotspot\src\share\vm\prims\j

Events (10 events):
Event: 1.494 loading class com/android/dx/cf/attrib/AttExceptions
Event: 1.494 loading class com/android/dx/cf/attrib/AttExceptions done
Event: 1.508 loading class com/android/dx/cf/attrib/AttRuntimeInvisibleAnnotations
Event: 1.509 loading class com/android/dx/cf/attrib/AttRuntimeInvisibleAnnotations done
Event: 1.509 loading class com/android/dx/cf/attrib/BaseAnnotations
Event: 1.509 loading class com/android/dx/cf/attrib/BaseAnnotations done
Event: 1.887 loading class com/android/dx/cf/code/SwitchList
Event: 1.887 loading class com/android/dx/cf/code/SwitchList done
Event: 1.923 Executing VM operation: ParallelGCFailedAllocation
Event: 2.188 Executing VM operation: ParallelGCFailedAllocation done


Dynamic libraries:
0x00007ff7b9a90000 - 0x00007ff7b9ac7000 	C:\Program Files\Java\jdk1.8.0_92\bin\java.exe
0x00007ff8c1da0000 - 0x00007ff8c1f4a000 	C:\Windows\SYSTEM32\ntdll.dll
0x00007ff8c1530000 - 0x00007ff8c166a000 	C:\Windows\system32\KERNEL32.DLL
0x00007ff8bf4c0000 - 0x00007ff8bf5cf000 	C:\Windows\system32\KERNELBASE.dll
0x00007ff8bdd40000 - 0x00007ff8bddc8000 	C:\Windows\system32\apphelp.dll
0x00007ff8aa780000 - 0x00007ff8aa7cf000 	C:\Windows\AppPatch\AppPatch64\AcGenral.DLL
0x00007ff8c1ce0000 - 0x00007ff8c1d87000 	C:\Windows\system32\msvcrt.dll
0x00007ff8bef50000 - 0x00007ff8bef7b000 	C:\Windows\SYSTEM32\SspiCli.dll
0x00007ff8bf7c0000 - 0x00007ff8bf811000 	C:\Windows\system32\SHLWAPI.dll
0x00007ff8c1680000 - 0x00007ff8c17f1000 	C:\Windows\system32\USER32.dll
0x00007ff8c1800000 - 0x00007ff8c1978000 	C:\Windows\system32\ole32.dll
0x00007ff8bfdc0000 - 0x00007ff8c11d7000 	C:\Windows\system32\SHELL32.dll
0x00007ff8be780000 - 0x00007ff8be79e000 	C:\Windows\SYSTEM32\USERENV.dll
0x00007ff8c1380000 - 0x00007ff8c1425000 	C:\Windows\system32\ADVAPI32.dll
0x00007ff8ba5f0000 - 0x00007ff8ba60b000 	C:\Windows\SYSTEM32\MPR.dll
0x00007ff8bf620000 - 0x00007ff8bf756000 	C:\Windows\system32\RPCRT4.dll
0x00007ff8bfa70000 - 0x00007ff8bfac7000 	C:\Windows\SYSTEM32\sechost.dll
0x00007ff8c1b00000 - 0x00007ff8c1cd6000 	C:\Windows\SYSTEM32\combase.dll
0x00007ff8bfc70000 - 0x00007ff8bfdb5000 	C:\Windows\system32\GDI32.dll
0x00007ff8bf110000 - 0x00007ff8bf124000 	C:\Windows\SYSTEM32\profapi.dll
0x00007ff8bd770000 - 0x00007ff8bd80f000 	C:\Windows\SYSTEM32\SHCORE.dll
0x00007ff8c1430000 - 0x00007ff8c1464000 	C:\Windows\system32\IMM32.DLL
0x00007ff8c11e0000 - 0x00007ff8c1319000 	C:\Windows\system32\MSCTF.dll
0x00007ff8bcef0000 - 0x00007ff8bd14a000 	C:\Windows\WinSxS\amd64_microsoft.windows.common-controls_6595b64144ccf1df_6.0.9600.17031_none_6242a4b3ecbb55a1\COMCTL32.dll
0x000000005fcc0000 - 0x000000005fd92000 	C:\Program Files\Java\jdk1.8.0_92\jre\bin\msvcr100.dll
0x0000000060440000 - 0x0000000060cd6000 	C:\Program Files\Java\jdk1.8.0_92\jre\bin\server\jvm.dll
0x00007ff8ba780000 - 0x00007ff8ba789000 	C:\Windows\SYSTEM32\WSOCK32.dll
0x00007ff8baf20000 - 0x00007ff8baf3f000 	C:\Windows\SYSTEM32\WINMM.dll
0x00007ff8bce20000 - 0x00007ff8bce2a000 	C:\Windows\SYSTEM32\VERSION.dll
0x00007ff8c1670000 - 0x00007ff8c1677000 	C:\Windows\system32\PSAPI.DLL
0x00007ff8c1320000 - 0x00007ff8c1378000 	C:\Windows\system32\WS2_32.dll
0x00007ff8ba790000 - 0x00007ff8ba7ba000 	C:\Windows\SYSTEM32\WINMMBASE.dll
0x00007ff8bf820000 - 0x00007ff8bf829000 	C:\Windows\system32\NSI.dll
0x00007ff8bf1e0000 - 0x00007ff8bf22a000 	C:\Windows\SYSTEM32\cfgmgr32.dll
0x00007ff8bdf90000 - 0x00007ff8bdfb6000 	C:\Windows\SYSTEM32\DEVOBJ.dll
0x0000000060f50000 - 0x0000000060f5f000 	C:\Program Files\Java\jdk1.8.0_92\jre\bin\verify.dll
0x0000000060410000 - 0x0000000060439000 	C:\Program Files\Java\jdk1.8.0_92\jre\bin\java.dll
0x00000000603f0000 - 0x0000000060406000 	C:\Program Files\Java\jdk1.8.0_92\jre\bin\zip.dll

VM Arguments:
jvm_args: -Djava.awt.headless=true -Xmx1024M -Dfile.encoding=windows-1252 -Duser.country=US -Duser.language=en -Duser.variant 
java_command: com.android.dx.command.Main --dex --force-jumbo --num-threads=4 --output C:\Zooket\app\build\intermediates\pre-dexed\debug\internal_impl-23.4.0_191df91ce83363c6e957f0add757b9f9490bd4ee.jar C:\Zooket\app\build\intermediates\exploded-aar\com.android.support\support-v4\23.4.0\jars\libs\internal_impl-23.4.0.jar
java_class_path (initial): C:\android-sdk-windows\build-tools\24.0.3\lib\dx.jar
Launcher Type: SUN_STANDARD

Environment Variables:
PATH=C:\ProgramData\Oracle\Java\javapath;C:\Windows\system32;C:\Windows;C:\Windows\System32\Wbem;C:\Windows\System32\WindowsPowerShell\v1.0\;C:\Program Files (x86)\NVIDIA Corporation\PhysX\Common;C:\Program Files (x86)\Windows Kits\8.1\Windows Performance Toolkit\;C:\Program Files\Microsoft SQL Server\110\Tools\Binn\;C:\Program Files\Microsoft SQL Server\110\DTS\Binn\;C:\Program Files (x86)\Microsoft SQL Server\110\Tools\Binn\;C:\Program Files (x86)\Microsoft SQL Server\110\Tools\Binn\ManagementStudio\;C:\Program Files (x86)\Microsoft Visual Studio 10.0\Common7\IDE\PrivateAssemblies\;C:\Program Files (x86)\Microsoft SQL Server\110\DTS\Binn\;C:\Program Files (x86)\GtkSharp\2.12\bin;C:\Program Files (x86)\QuickTime\QTSystem\
USERNAME=Smo
OS=Windows_NT
PROCESSOR_IDENTIFIER=Intel64 Family 6 Model 94 Stepping 3, GenuineIntel



---------------  S Y S T E M  ---------------

OS: Windows 8.1 , 64 bit Build 9600 (6.3.9600.17056)

CPU:total 4 (4 cores per cpu, 1 threads per core) family 6 model 94 stepping 3, cmov, cx8, fxsr, mmx, sse, sse2, sse3, ssse3, sse4.1, sse4.2, popcnt, avx, avx2, aes, clmul, erms, 3dnowpref, lzcnt, tsc, tscinvbit, bmi1, bmi2, adx

Memory: 4k page, physical 8266404k(1277168k free), swap 8266404k(5144k free)

vm_info: Java HotSpot(TM) 64-Bit Server VM (25.92-b14) for windows-amd64 JRE (1.8.0_92-b14), built on Mar 31 2016 21:03:04 by "java_re" with MS VC++ 10.0 (VS2010)

time: Tue May 09 12:01:18 2017
elapsed time: 2 seconds (0d 0h 0m 2s)

