#
# There is insufficient memory for the Java Runtime Environment to continue.
# Native memory allocation (malloc) failed to allocate 574496 bytes for Chunk::new
# Possible reasons:
#   The system is out of physical RAM or swap space
#   In 32 bit mode, the process size limit was hit
# Possible solutions:
#   Reduce memory load on the system
#   Increase physical memory or swap space
#   Check if swap backing store is full
#   Use 64 bit Java on a 64 bit OS
#   Decrease Java heap size (-Xmx/-Xms)
#   Decrease number of Java threads
#   Decrease Java thread stack sizes (-Xss)
#   Set larger code cache with -XX:ReservedCodeCacheSize=
# This output file may be truncated or incomplete.
#
#  Out of Memory Error (allocation.cpp:390), pid=7996, tid=0x00000000000013f4
#
# JRE version: Java(TM) SE Runtime Environment (8.0_92-b14) (build 1.8.0_92-b14)
# Java VM: Java HotSpot(TM) 64-Bit Server VM (25.92-b14 mixed mode windows-amd64 compressed oops)
# Failed to write core dump. Minidumps are not enabled by default on client versions of Windows
#

---------------  T H R E A D  ---------------

Current thread (0x00000000145be000):  JavaThread "C2 CompilerThread0" daemon [_thread_in_native, id=5108, stack(0x0000000015c00000,0x0000000015d00000)]

Stack: [0x0000000015c00000,0x0000000015d00000]
[error occurred during error reporting (printing stack bounds), id 0xc0000005]

Native frames: (J=compiled Java code, j=interpreted, Vv=VM code, C=native code)


Current CompileTask:
C2:   3289 1516       4       com.android.dx.ssa.SCCP::simulateStmt (481 bytes)


---------------  P R O C E S S  ---------------

Java Threads: ( => current thread )
  0x00000000161bd000 JavaThread "pool-1-thread-4" [_thread_in_Java, id=2420, stack(0x0000000016900000,0x0000000016a00000)]
  0x00000000161bb000 JavaThread "pool-1-thread-3" [_thread_blocked, id=7112, stack(0x0000000016800000,0x0000000016900000)]
  0x00000000161ba800 JavaThread "pool-1-thread-2" [_thread_in_Java, id=7780, stack(0x0000000016700000,0x0000000016800000)]
  0x00000000161b7800 JavaThread "pool-2-thread-1" [_thread_in_vm, id=4908, stack(0x0000000016600000,0x0000000016700000)]
  0x00000000161b4000 JavaThread "pool-1-thread-1" [_thread_blocked, id=4784, stack(0x0000000016500000,0x0000000016600000)]
  0x0000000015f00800 JavaThread "Service Thread" daemon [_thread_blocked, id=3972, stack(0x0000000016300000,0x0000000016400000)]
  0x000000001461c000 JavaThread "C1 CompilerThread2" daemon [_thread_blocked, id=4132, stack(0x0000000015e00000,0x0000000015f00000)]
  0x00000000145c1800 JavaThread "C2 CompilerThread1" daemon [_thread_in_native, id=7096, stack(0x0000000015d00000,0x0000000015e00000)]
=>0x00000000145be000 JavaThread "C2 CompilerThread0" daemon [_thread_in_native, id=5108, stack(0x0000000015c00000,0x0000000015d00000)]
  0x00000000145bc000 JavaThread "Attach Listener" daemon [_thread_blocked, id=7252, stack(0x0000000015b00000,0x0000000015c00000)]
  0x00000000145bb000 JavaThread "Signal Dispatcher" daemon [_thread_blocked, id=5836, stack(0x0000000015a00000,0x0000000015b00000)]
  0x00000000145aa800 JavaThread "Finalizer" daemon [_thread_blocked, id=6452, stack(0x0000000015820000,0x0000000015920000)]
  0x0000000001ee0800 JavaThread "Reference Handler" daemon [_thread_blocked, id=5772, stack(0x0000000015720000,0x0000000015820000)]
  0x0000000001df2800 JavaThread "main" [_thread_blocked, id=5828, stack(0x0000000001cf0000,0x0000000001df0000)]

Other Threads:
  0x0000000014588800 VMThread [stack: 0x0000000015620000,0x0000000015720000] [id=5132]
  0x0000000015f07000 WatcherThread [stack: 0x0000000016400000,0x0000000016500000] [id=6500]

VM state:not at safepoint (normal execution)

VM Mutex/Monitor currently owned by a thread: None

Heap:
 PSYoungGen      total 38400K, used 33241K [0x00000000eab00000, 0x00000000ef600000, 0x0000000100000000)
  eden space 33280K, 84% used [0x00000000eab00000,0x00000000ec679098,0x00000000ecb80000)
  from space 5120K, 99% used [0x00000000ecb80000,0x00000000ed07d640,0x00000000ed080000)
  to   space 5120K, 0% used [0x00000000ef100000,0x00000000ef100000,0x00000000ef600000)
 ParOldGen       total 87552K, used 959K [0x00000000c0000000, 0x00000000c5580000, 0x00000000eab00000)
  object space 87552K, 1% used [0x00000000c0000000,0x00000000c00efc90,0x00000000c5580000)
 Metaspace       used 6241K, capacity 7090K, committed 7296K, reserved 1056768K
  class space    used 601K, capacity 618K, committed 640K, reserved 1048576K

Card table byte_map: [0x00000000112b0000,0x00000000114c0000] byte_map_base: 0x0000000010cb0000

Marking Bits: (ParMarkBitMap*) 0x0000000066bd64f0
 Begin Bits: [0x0000000011a20000, 0x0000000012a20000)
 End Bits:   [0x0000000012a20000, 0x0000000013a20000)

Polling page: 0x0000000001bb0000

CodeCache: size=245760Kb used=6461Kb max_used=6482Kb free=239298Kb
 bounds [0x0000000001ef0000, 0x0000000002550000, 0x0000000010ef0000]
 total_blobs=1815 nmethods=1547 adapters=181
 compilation: enabled

Compilation events (10 events):
Event: 3.185 Thread 0x000000001461c000 1554       3       sun.util.calendar.CalendarDate::setTimeOfDay (6 bytes)
Event: 3.185 Thread 0x000000001461c000 nmethod 1554 0x000000000253b5d0 code [0x000000000253b720, 0x000000000253b870]
Event: 3.185 Thread 0x000000001461c000 1555       3       sun.util.calendar.CalendarDate::setLeapYear (6 bytes)
Event: 3.185 Thread 0x000000001461c000 nmethod 1555 0x000000000253b8d0 code [0x000000000253ba20, 0x000000000253bb70]
Event: 3.185 Thread 0x000000001461c000 1556       3       java.util.TimeZone::getDefaultRef (32 bytes)
Event: 3.185 Thread 0x000000001461c000 nmethod 1556 0x000000000253bbd0 code [0x000000000253bd40, 0x000000000253bf08]
Event: 3.185 Thread 0x000000001461c000 1557       3       java.util.Date::getTimeImpl (27 bytes)
Event: 3.185 Thread 0x000000001461c000 nmethod 1557 0x000000000253bf90 code [0x000000000253c100, 0x000000000253c3a8]
Event: 3.234 Thread 0x00000000145be000 nmethod 1484 0x0000000002541b10 code [0x0000000002541e20, 0x00000000025447b0]
Event: 3.234 Thread 0x00000000145be000 1516       4       com.android.dx.ssa.SCCP::simulateStmt (481 bytes)

GC Heap History (2 events):
Event: 2.751 GC heap before
{Heap before GC invocations=1 (full 0):
 PSYoungGen      total 38400K, used 33280K [0x00000000eab00000, 0x00000000ed580000, 0x0000000100000000)
  eden space 33280K, 100% used [0x00000000eab00000,0x00000000ecb80000,0x00000000ecb80000)
  from space 5120K, 0% used [0x00000000ed080000,0x00000000ed080000,0x00000000ed580000)
  to   space 5120K, 0% used [0x00000000ecb80000,0x00000000ecb80000,0x00000000ed080000)
 ParOldGen       total 87552K, used 0K [0x00000000c0000000, 0x00000000c5580000, 0x00000000eab00000)
  object space 87552K, 0% used [0x00000000c0000000,0x00000000c0000000,0x00000000c5580000)
 Metaspace       used 6120K, capacity 7026K, committed 7296K, reserved 1056768K
  class space    used 601K, capacity 618K, committed 640K, reserved 1048576K
Event: 2.895 GC heap after
Heap after GC invocations=1 (full 0):
 PSYoungGen      total 38400K, used 5109K [0x00000000eab00000, 0x00000000ef600000, 0x0000000100000000)
  eden space 33280K, 0% used [0x00000000eab00000,0x00000000eab00000,0x00000000ecb80000)
  from space 5120K, 99% used [0x00000000ecb80000,0x00000000ed07d640,0x00000000ed080000)
  to   space 5120K, 0% used [0x00000000ef100000,0x00000000ef100000,0x00000000ef600000)
 ParOldGen       total 87552K, used 959K [0x00000000c0000000, 0x00000000c5580000, 0x00000000eab00000)
  object space 87552K, 1% used [0x00000000c0000000,0x00000000c00efc90,0x00000000c5580000)
 Metaspace       used 6120K, capacity 7026K, committed 7296K, reserved 1056768K
  class space    used 601K, capacity 618K, committed 640K, reserved 1048576K
}

Deoptimization events (9 events):
Event: 1.551 Thread 0x0000000001df2800 Uncommon trap: reason=unstable_if action=reinterpret pc=0x000000000210946c method=java.util.HashMap.getNode(ILjava/lang/Object;)Ljava/util/HashMap$Node; @ 62
Event: 1.573 Thread 0x0000000001df2800 Uncommon trap: reason=class_check action=maybe_recompile pc=0x000000000216d430 method=com.android.dx.ssa.NormalSsaInsn.accept(Lcom/android/dx/ssa/SsaInsn$Visitor;)V @ 9
Event: 2.669 Thread 0x00000000161b4000 Uncommon trap: reason=unstable_if action=reinterpret pc=0x00000000023bfbe4 method=com.android.dx.ssa.SCCP.simulateStmt(Lcom/android/dx/ssa/SsaInsn;)V @ 53
Event: 2.997 Thread 0x00000000161bd000 Uncommon trap: reason=unstable_if action=reinterpret pc=0x00000000022af780 method=com.android.dx.rop.code.RegisterSpecSet.<init>(I)V @ 2
Event: 3.036 Thread 0x00000000161ba800 Uncommon trap: reason=unstable_if action=reinterpret pc=0x000000000242d0bc method=java.util.BitSet.clone()Ljava/lang/Object; @ 4
Event: 3.064 Thread 0x00000000161ba800 Uncommon trap: reason=unloaded action=reinterpret pc=0x000000000246064c method=com.android.dx.ssa.LiteralOpUpgrader$1.visitNonMoveInsn(Lcom/android/dx/ssa/NormalSsaInsn;)V @ 72
Event: 3.065 Thread 0x00000000161ba800 Uncommon trap: reason=unstable_if action=reinterpret pc=0x00000000022ddd9c method=com.android.dx.ssa.SsaMethod.updateOneDefinition(Lcom/android/dx/ssa/SsaInsn;Lcom/android/dx/rop/code/RegisterSpec;)V @ 4
Event: 3.135 Thread 0x00000000161bb000 Uncommon trap: reason=unstable_if action=reinterpret pc=0x00000000023173bc method=com.android.dx.util.IntList.binarysearch(I)I @ 105
Event: 3.144 Thread 0x00000000161bb000 Uncommon trap: reason=unstable_if action=reinterpret pc=0x000000000243c72c method=com.android.dx.cf.code.BytecodeArray.parseInstruction(ILcom/android/dx/cf/code/BytecodeArray$Visitor;)I @ 1198

Internal exceptions (2 events):
Event: 0.516 Thread 0x0000000001df2800 Exception <a 'java/lang/NoSuchMethodError': Method sun.misc.Unsafe.defineClass(Ljava/lang/String;[BII)Ljava/lang/Class; name or signature does not match> (0x00000000eab07cc0) thrown at [D:\re\workspace\8-2-build-windows-amd64-cygwin\jdk8u92\6642\hotspot\srBÚ„G€à?
Event: 0.516 Thread 0x0000000001df2800 Exception <a 'java/lang/NoSuchMethodError': Method sun.misc.Unsafe.prefetchRead(Ljava/lang/Object;J)V name or signature does not match> (0x00000000eab07fa8) thrown at [D:\re\workspace\8-2-build-windows-amd64-cygwin\jdk8u92\6642\hotspot\src\share\vm\prims\j

Events (10 events):
Event: 3.065 Thread 0x00000000161ba800 DEOPT UNPACKING pc=0x0000000001f3582a sp=0x00000000167fed08 mode 2
Event: 3.065 Thread 0x00000000161ba800 Uncommon trap: trap_request=0xffffff65 fr.pc=0x00000000022ddd9c
Event: 3.065 Thread 0x00000000161ba800 DEOPT PACKING pc=0x00000000022ddd9c sp=0x00000000167feb80
Event: 3.065 Thread 0x00000000161ba800 DEOPT UNPACKING pc=0x0000000001f3582a sp=0x00000000167feb28 mode 2
Event: 3.135 Thread 0x00000000161bb000 Uncommon trap: trap_request=0xffffff65 fr.pc=0x00000000023173bc
Event: 3.135 Thread 0x00000000161bb000 DEOPT PACKING pc=0x00000000023173bc sp=0x00000000168fe920
Event: 3.135 Thread 0x00000000161bb000 DEOPT UNPACKING pc=0x0000000001f3582a sp=0x00000000168fe898 mode 2
Event: 3.144 Thread 0x00000000161bb000 Uncommon trap: trap_request=0xffffff65 fr.pc=0x000000000243c72c
Event: 3.144 Thread 0x00000000161bb000 DEOPT PACKING pc=0x000000000243c72c sp=0x00000000168fea00
Event: 3.144 Thread 0x00000000161bb000 DEOPT UNPACKING pc=0x0000000001f3582a sp=0x00000000168fe998 mode 2


Dynamic libraries:
0x00007ff6735d0000 - 0x00007ff673607000 	C:\Program Files\Java\jdk1.8.0_92\bin\java.exe
0x00007ff93cdb0000 - 0x00007ff93cf5a000 	C:\Windows\SYSTEM32\ntdll.dll
0x00007ff93a690000 - 0x00007ff93a7ca000 	C:\Windows\system32\KERNEL32.DLL
0x00007ff93a340000 - 0x00007ff93a44f000 	C:\Windows\system32\KERNELBASE.dll
0x00007ff938d50000 - 0x00007ff938dd8000 	C:\Windows\system32\apphelp.dll
0x00007ff9245a0000 - 0x00007ff9245ef000 	C:\Windows\AppPatch\AppPatch64\AcGenral.DLL
0x00007ff93cd00000 - 0x00007ff93cda7000 	C:\Windows\system32\msvcrt.dll
0x00007ff939f60000 - 0x00007ff939f8b000 	C:\Windows\SYSTEM32\SspiCli.dll
0x00007ff93b640000 - 0x00007ff93b691000 	C:\Windows\system32\SHLWAPI.dll
0x00007ff93aaa0000 - 0x00007ff93ac11000 	C:\Windows\system32\USER32.dll
0x00007ff93b280000 - 0x00007ff93b3f8000 	C:\Windows\system32\ole32.dll
0x00007ff93b8e0000 - 0x00007ff93ccf7000 	C:\Windows\system32\SHELL32.dll
0x00007ff939790000 - 0x00007ff9397ae000 	C:\Windows\SYSTEM32\USERENV.dll
0x00007ff93a7d0000 - 0x00007ff93a875000 	C:\Windows\system32\ADVAPI32.dll
0x00007ff935560000 - 0x00007ff93557b000 	C:\Windows\SYSTEM32\MPR.dll
0x00007ff93b140000 - 0x00007ff93b276000 	C:\Windows\system32\RPCRT4.dll
0x00007ff93b880000 - 0x00007ff93b8d7000 	C:\Windows\SYSTEM32\sechost.dll
0x00007ff93b6a0000 - 0x00007ff93b876000 	C:\Windows\SYSTEM32\combase.dll
0x00007ff93af90000 - 0x00007ff93b0d5000 	C:\Windows\system32\GDI32.dll
0x00007ff93a120000 - 0x00007ff93a134000 	C:\Windows\SYSTEM32\profapi.dll
0x00007ff938780000 - 0x00007ff93881f000 	C:\Windows\SYSTEM32\SHCORE.dll
0x00007ff93ace0000 - 0x00007ff93ad14000 	C:\Windows\system32\IMM32.DLL
0x00007ff93a940000 - 0x00007ff93aa79000 	C:\Windows\system32\MSCTF.dll
0x00007ff937e70000 - 0x00007ff9380ca000 	C:\Windows\WinSxS\amd64_microsoft.windows.common-controls_6595b64144ccf1df_6.0.9600.17031_none_6242a4b3ecbb55a1\COMCTL32.dll
0x0000000066c60000 - 0x0000000066d32000 	C:\Program Files\Java\jdk1.8.0_92\jre\bin\msvcr100.dll
0x00000000663c0000 - 0x0000000066c56000 	C:\Program Files\Java\jdk1.8.0_92\jre\bin\server\jvm.dll
0x00007ff9329b0000 - 0x00007ff9329b9000 	C:\Windows\SYSTEM32\WSOCK32.dll
0x00007ff932ab0000 - 0x00007ff932acf000 	C:\Windows\SYSTEM32\WINMM.dll
0x00007ff937e30000 - 0x00007ff937e3a000 	C:\Windows\SYSTEM32\VERSION.dll
0x00007ff93aa90000 - 0x00007ff93aa97000 	C:\Windows\system32\PSAPI.DLL
0x00007ff93b0e0000 - 0x00007ff93b138000 	C:\Windows\system32\WS2_32.dll
0x00007ff92ff60000 - 0x00007ff92ff8a000 	C:\Windows\SYSTEM32\WINMMBASE.dll
0x00007ff93aa80000 - 0x00007ff93aa89000 	C:\Windows\system32\NSI.dll
0x00007ff93a1f0000 - 0x00007ff93a23a000 	C:\Windows\SYSTEM32\cfgmgr32.dll
0x00007ff938fa0000 - 0x00007ff938fc6000 	C:\Windows\SYSTEM32\DEVOBJ.dll
0x00000000663b0000 - 0x00000000663bf000 	C:\Program Files\Java\jdk1.8.0_92\jre\bin\verify.dll
0x0000000066380000 - 0x00000000663a9000 	C:\Program Files\Java\jdk1.8.0_92\jre\bin\java.dll
0x0000000066360000 - 0x0000000066376000 	C:\Program Files\Java\jdk1.8.0_92\jre\bin\zip.dll

VM Arguments:
jvm_args: -Djava.awt.headless=true -Xmx1024M -Dfile.encoding=windows-1252 -Duser.country=US -Duser.language=en -Duser.variant 
java_command: com.android.dx.command.Main --dex --force-jumbo --num-threads=4 --output C:\Zooket\app\build\intermediates\pre-dexed\debug\com.google.android.gms-play-services-ads-lite-9.0.1_2dc38df99dc4eaaa10a9c5a6696f16713e6572a1.jar C:\Zooket\app\build\intermediates\exploded-aar\com.google.android.gms\play-services-ads-lite\9.0.1\jars\classes.jar
java_class_path (initial): C:\android-sdk-windows\build-tools\24.0.3\lib\dx.jar
Launcher Type: SUN_STANDARD

Environment Variables:
PATH=C:\ProgramData\Oracle\Java\javapath;C:\Windows\system32;C:\Windows;C:\Windows\System32\Wbem;C:\Windows\System32\WindowsPowerShell\v1.0\;C:\Program Files (x86)\NVIDIA Corporation\PhysX\Common;C:\Program Files (x86)\Windows Kits\8.1\Windows Performance Toolkit\;C:\Program Files\Microsoft SQL Server\110\Tools\Binn\;C:\Program Files\Microsoft SQL Server\110\DTS\Binn\;C:\Program Files (x86)\Microsoft SQL Server\110\Tools\Binn\;C:\Program Files (x86)\Microsoft SQL Server\110\Tools\Binn\ManagementStudio\;C:\Program Files (x86)\Microsoft Visual Studio 10.0\Common7\IDE\PrivateAssemblies\;C:\Program Files (x86)\Microsoft SQL Server\110\DTS\Binn\;C:\Program Files (x86)\GtkSharp\2.12\bin;C:\Program Files (x86)\QuickTime\QTSystem\
USERNAME=Smo
OS=Windows_NT
PROCESSOR_IDENTIFIER=Intel64 Family 6 Model 94 Stepping 3, GenuineIntel



---------------  S Y S T E M  ---------------

OS: Windows 8.1 , 64 bit Build 9600 (6.3.9600.17056)

CPU:total 4 (4 cores per cpu, 1 threads per core) family 6 model 94 stepping 3, cmov, cx8, fxsr, mmx, sse, sse2, sse3, ssse3, sse4.1, sse4.2, popcnt, avx, avx2, aes, clmul, erms, 3dnowpref, lzcnt, tsc, tscinvbit, bmi1, bmi2, adx

Memory: 4k page, physical 8266404k(1151960k free), swap 8266404k(5192k free)

vm_info: Java HotSpot(TM) 64-Bit Server VM (25.92-b14) for windows-amd64 JRE (1.8.0_92-b14), built on Mar 31 2016 21:03:04 by "java_re" with MS VC++ 10.0 (VS2010)

time: Fri Jun 02 11:53:16 2017
elapsed time: 3 seconds (0d 0h 0m 3s)

