#
# There is insufficient memory for the Java Runtime Environment to continue.
# Native memory allocation (malloc) failed to allocate 65552 bytes for Chunk::new
# Possible reasons:
#   The system is out of physical RAM or swap space
#   In 32 bit mode, the process size limit was hit
# Possible solutions:
#   Reduce memory load on the system
#   Increase physical memory or swap space
#   Check if swap backing store is full
#   Use 64 bit Java on a 64 bit OS
#   Decrease Java heap size (-Xmx/-Xms)
#   Decrease number of Java threads
#   Decrease Java thread stack sizes (-Xss)
#   Set larger code cache with -XX:ReservedCodeCacheSize=
# This output file may be truncated or incomplete.
#
#  Out of Memory Error (allocation.cpp:390), pid=4120, tid=0x00000000000008c8
#
# JRE version: Java(TM) SE Runtime Environment (8.0_92-b14) (build 1.8.0_92-b14)
# Java VM: Java HotSpot(TM) 64-Bit Server VM (25.92-b14 mixed mode windows-amd64 compressed oops)
# Failed to write core dump. Minidumps are not enabled by default on client versions of Windows
#

---------------  T H R E A D  ---------------

Current thread (0x00000000146ee000):  JavaThread "C2 CompilerThread0" daemon [_thread_in_native, id=2248, stack(0x0000000015d40000,0x0000000015e40000)]

Stack: [0x0000000015d40000,0x0000000015e40000]
[error occurred during error reporting (printing stack bounds), id 0xc0000005]

Native frames: (J=compiled Java code, j=interpreted, Vv=VM code, C=native code)


Current CompileTask:
C2:   1705 1304       4       com.android.dx.rop.code.Rops::ropFor (771 bytes)


---------------  P R O C E S S  ---------------

Java Threads: ( => current thread )
  0x000000001622d000 JavaThread "pool-1-thread-4" [_thread_blocked, id=5808, stack(0x0000000016a40000,0x0000000016b40000)]
  0x00000000162af800 JavaThread "pool-1-thread-3" [_thread_blocked, id=7332, stack(0x0000000016940000,0x0000000016a40000)]
  0x000000001629a000 JavaThread "pool-1-thread-2" [_thread_blocked, id=9060, stack(0x0000000016840000,0x0000000016940000)]
  0x0000000016297800 JavaThread "pool-2-thread-1" [_thread_blocked, id=5432, stack(0x0000000016740000,0x0000000016840000)]
  0x0000000016197800 JavaThread "pool-1-thread-1" [_thread_blocked, id=8780, stack(0x0000000016640000,0x0000000016740000)]
  0x0000000015f46800 JavaThread "Service Thread" daemon [_thread_blocked, id=9020, stack(0x0000000016440000,0x0000000016540000)]
  0x0000000015f41000 JavaThread "C1 CompilerThread2" daemon [_thread_blocked, id=8400, stack(0x0000000016340000,0x0000000016440000)]
  0x00000000146f1800 JavaThread "C2 CompilerThread1" daemon [_thread_blocked, id=7964, stack(0x0000000015e40000,0x0000000015f40000)]
=>0x00000000146ee000 JavaThread "C2 CompilerThread0" daemon [_thread_in_native, id=2248, stack(0x0000000015d40000,0x0000000015e40000)]
  0x00000000146ec000 JavaThread "Attach Listener" daemon [_thread_blocked, id=5620, stack(0x0000000015c40000,0x0000000015d40000)]
  0x00000000146eb000 JavaThread "Signal Dispatcher" daemon [_thread_blocked, id=7724, stack(0x0000000015b40000,0x0000000015c40000)]
  0x00000000146da800 JavaThread "Finalizer" daemon [_thread_blocked, id=1028, stack(0x0000000015960000,0x0000000015a60000)]
  0x0000000001f30800 JavaThread "Reference Handler" daemon [_thread_blocked, id=2472, stack(0x0000000015860000,0x0000000015960000)]
  0x0000000001e42800 JavaThread "main" [_thread_in_Java, id=7732, stack(0x0000000000610000,0x0000000000710000)]

Other Threads:
  0x00000000146b8800 VMThread [stack: 0x0000000015760000,0x0000000015860000] [id=7144]
  0x0000000015f61800 WatcherThread [stack: 0x0000000016540000,0x0000000016640000] [id=6132]

VM state:not at safepoint (normal execution)

VM Mutex/Monitor currently owned by a thread: None

Heap:
 PSYoungGen      total 38400K, used 36525K [0x00000000eab00000, 0x00000000ef600000, 0x0000000100000000)
  eden space 33280K, 94% used [0x00000000eab00000,0x00000000ec9ac418,0x00000000ecb80000)
  from space 5120K, 99% used [0x00000000ecb80000,0x00000000ed07f2f8,0x00000000ed080000)
  to   space 5120K, 0% used [0x00000000ef100000,0x00000000ef100000,0x00000000ef600000)
 ParOldGen       total 87552K, used 1132K [0x00000000c0000000, 0x00000000c5580000, 0x00000000eab00000)
  object space 87552K, 1% used [0x00000000c0000000,0x00000000c011b2e0,0x00000000c5580000)
 Metaspace       used 6054K, capacity 6960K, committed 7040K, reserved 1056768K
  class space    used 596K, capacity 616K, committed 640K, reserved 1048576K

Card table byte_map: [0x0000000011540000,0x0000000011750000] byte_map_base: 0x0000000010f40000

Marking Bits: (ParMarkBitMap*) 0x0000000066cf64f0
 Begin Bits: [0x0000000011b50000, 0x0000000012b50000)
 End Bits:   [0x0000000012b50000, 0x0000000013b50000)

Polling page: 0x0000000000490000

CodeCache: size=245760Kb used=5362Kb max_used=5387Kb free=240397Kb
 bounds [0x0000000002180000, 0x00000000026d0000, 0x0000000011180000]
 total_blobs=1625 nmethods=1356 adapters=181
 compilation: enabled

Compilation events (10 events):
Event: 1.482 Thread 0x0000000015f41000 nmethod 1376 0x00000000026a5590 code [0x00000000026a5960, 0x00000000026a7928]
Event: 1.484 Thread 0x0000000015f41000 1377       2       com.android.dx.rop.annotation.Annotation::put (32 bytes)
Event: 1.484 Thread 0x0000000015f41000 nmethod 1377 0x00000000026a8610 code [0x00000000026a87a0, 0x00000000026a8aa8]
Event: 1.495 Thread 0x00000000146ee000 nmethod 1351 0x00000000026ad110 code [0x00000000026ad320, 0x00000000026aeb08]
Event: 1.496 Thread 0x00000000146ee000 1366       4       com.android.dx.ssa.SCCP::simulateBranch (666 bytes)
Event: 1.508 Thread 0x00000000146f1800 nmethod 1264 0x00000000026b09d0 code [0x00000000026b0ee0, 0x00000000026b3d60]
Event: 1.509 Thread 0x00000000146f1800 1353       4       com.android.dx.ssa.SCCP::simulatePhi (169 bytes)
Event: 1.549 Thread 0x00000000146ee000 nmethod 1366 0x00000000026bb810 code [0x00000000026bbb20, 0x00000000026bd8a0]
Event: 1.549 Thread 0x00000000146ee000 1304       4       com.android.dx.rop.code.Rops::ropFor (771 bytes)
Event: 1.638 Thread 0x00000000146f1800 nmethod 1353 0x00000000026c54d0 code [0x00000000026c5920, 0x00000000026c90c0]

GC Heap History (2 events):
Event: 1.132 GC heap before
{Heap before GC invocations=1 (full 0):
 PSYoungGen      total 38400K, used 33280K [0x00000000eab00000, 0x00000000ed580000, 0x0000000100000000)
  eden space 33280K, 100% used [0x00000000eab00000,0x00000000ecb80000,0x00000000ecb80000)
  from space 5120K, 0% used [0x00000000ed080000,0x00000000ed080000,0x00000000ed580000)
  to   space 5120K, 0% used [0x00000000ecb80000,0x00000000ecb80000,0x00000000ed080000)
 ParOldGen       total 87552K, used 0K [0x00000000c0000000, 0x00000000c5580000, 0x00000000eab00000)
  object space 87552K, 0% used [0x00000000c0000000,0x00000000c0000000,0x00000000c5580000)
 Metaspace       used 5947K, capacity 6832K, committed 7040K, reserved 1056768K
  class space    used 595K, capacity 616K, committed 640K, reserved 1048576K
Event: 1.330 GC heap after
Heap after GC invocations=1 (full 0):
 PSYoungGen      total 38400K, used 5116K [0x00000000eab00000, 0x00000000ef600000, 0x0000000100000000)
  eden space 33280K, 0% used [0x00000000eab00000,0x00000000eab00000,0x00000000ecb80000)
  from space 5120K, 99% used [0x00000000ecb80000,0x00000000ed07f2f8,0x00000000ed080000)
  to   space 5120K, 0% used [0x00000000ef100000,0x00000000ef100000,0x00000000ef600000)
 ParOldGen       total 87552K, used 1132K [0x00000000c0000000, 0x00000000c5580000, 0x00000000eab00000)
  object space 87552K, 1% used [0x00000000c0000000,0x00000000c011b2e0,0x00000000c5580000)
 Metaspace       used 5947K, capacity 6832K, committed 7040K, reserved 1056768K
  class space    used 595K, capacity 616K, committed 640K, reserved 1048576K
}

Deoptimization events (3 events):
Event: 0.690 Thread 0x0000000016197800 Uncommon trap: reason=unstable_if action=reinterpret pc=0x00000000023a1dc4 method=java.util.HashMap.getNode(ILjava/lang/Object;)Ljava/util/HashMap$Node; @ 129
Event: 0.806 Thread 0x0000000016197800 Uncommon trap: reason=unstable_if action=reinterpret pc=0x00000000023a5b30 method=java.util.BitSet.nextSetBit(I)I @ 87
Event: 1.348 Thread 0x0000000001e42800 Uncommon trap: reason=unstable_if action=reinterpret pc=0x000000000258621c method=com.android.dx.ssa.SsaMethod.updateOneDefinition(Lcom/android/dx/ssa/SsaInsn;Lcom/android/dx/rop/code/RegisterSpec;)V @ 4

Internal exceptions (2 events):
Event: 0.078 Thread 0x0000000001e42800 Exception <a 'java/lang/NoSuchMethodError': Method sun.misc.Unsafe.defineClass(Ljava/lang/String;[BII)Ljava/lang/Class; name or signature does not match> (0x00000000eab07cc0) thrown at [D:\re\workspace\8-2-build-windows-amd64-cygwin\jdk8u92\6642\hotspot\srp¸ Qöã³?
Event: 0.078 Thread 0x0000000001e42800 Exception <a 'java/lang/NoSuchMethodError': Method sun.misc.Unsafe.prefetchRead(Ljava/lang/Object;J)V name or signature does not match> (0x00000000eab07fa8) thrown at [D:\re\workspace\8-2-build-windows-amd64-cygwin\jdk8u92\6642\hotspot\src\share\vm\prims\j

Events (10 events):
Event: 1.330 Executing VM operation: ParallelGCFailedAllocation done
Event: 1.344 loading class com/android/dx/cf/code/SwitchList
Event: 1.344 loading class com/android/dx/cf/code/SwitchList done
Event: 1.348 loading class com/android/dx/rop/code/RegOps
Event: 1.348 loading class com/android/dx/rop/code/RegOps done
Event: 1.348 Thread 0x0000000001e42800 Uncommon trap: trap_request=0xffffff65 fr.pc=0x000000000258621c
Event: 1.348 Thread 0x0000000001e42800 DEOPT PACKING pc=0x000000000258621c sp=0x000000000070de30
Event: 1.348 Thread 0x0000000001e42800 DEOPT UNPACKING pc=0x00000000021c582a sp=0x000000000070ddd8 mode 2
Event: 1.482 Thread 0x0000000001e42800 DEOPT PACKING pc=0x000000000252bbfa sp=0x000000000070e160
Event: 1.482 Thread 0x0000000001e42800 DEOPT UNPACKING pc=0x00000000021c787f sp=0x000000000070def8 mode 0


Dynamic libraries:
0x00007ff6735d0000 - 0x00007ff673607000 	C:\Program Files\Java\jdk1.8.0_92\bin\java.exe
0x00007ff93cdb0000 - 0x00007ff93cf5a000 	C:\Windows\SYSTEM32\ntdll.dll
0x00007ff93a690000 - 0x00007ff93a7ca000 	C:\Windows\system32\KERNEL32.DLL
0x00007ff93a340000 - 0x00007ff93a44f000 	C:\Windows\system32\KERNELBASE.dll
0x00007ff938d50000 - 0x00007ff938dd8000 	C:\Windows\system32\apphelp.dll
0x00007ff9236c0000 - 0x00007ff92370f000 	C:\Windows\AppPatch\AppPatch64\AcGenral.DLL
0x00007ff93cd00000 - 0x00007ff93cda7000 	C:\Windows\system32\msvcrt.dll
0x00007ff939f60000 - 0x00007ff939f8b000 	C:\Windows\SYSTEM32\SspiCli.dll
0x00007ff93b640000 - 0x00007ff93b691000 	C:\Windows\system32\SHLWAPI.dll
0x00007ff93aaa0000 - 0x00007ff93ac11000 	C:\Windows\system32\USER32.dll
0x00007ff93b280000 - 0x00007ff93b3f8000 	C:\Windows\system32\ole32.dll
0x00007ff93b8e0000 - 0x00007ff93ccf7000 	C:\Windows\system32\SHELL32.dll
0x00007ff939790000 - 0x00007ff9397ae000 	C:\Windows\SYSTEM32\USERENV.dll
0x00007ff93a7d0000 - 0x00007ff93a875000 	C:\Windows\system32\ADVAPI32.dll
0x00007ff935560000 - 0x00007ff93557b000 	C:\Windows\SYSTEM32\MPR.dll
0x00007ff93b140000 - 0x00007ff93b276000 	C:\Windows\system32\RPCRT4.dll
0x00007ff93b880000 - 0x00007ff93b8d7000 	C:\Windows\SYSTEM32\sechost.dll
0x00007ff93b6a0000 - 0x00007ff93b876000 	C:\Windows\SYSTEM32\combase.dll
0x00007ff93af90000 - 0x00007ff93b0d5000 	C:\Windows\system32\GDI32.dll
0x00007ff93a120000 - 0x00007ff93a134000 	C:\Windows\SYSTEM32\profapi.dll
0x00007ff938780000 - 0x00007ff93881f000 	C:\Windows\SYSTEM32\SHCORE.dll
0x00007ff93ace0000 - 0x00007ff93ad14000 	C:\Windows\system32\IMM32.DLL
0x00007ff93a940000 - 0x00007ff93aa79000 	C:\Windows\system32\MSCTF.dll
0x00007ff937e70000 - 0x00007ff9380ca000 	C:\Windows\WinSxS\amd64_microsoft.windows.common-controls_6595b64144ccf1df_6.0.9600.17031_none_6242a4b3ecbb55a1\COMCTL32.dll
0x0000000066050000 - 0x0000000066122000 	C:\Program Files\Java\jdk1.8.0_92\jre\bin\msvcr100.dll
0x00000000664e0000 - 0x0000000066d76000 	C:\Program Files\Java\jdk1.8.0_92\jre\bin\server\jvm.dll
0x00007ff9329e0000 - 0x00007ff9329e9000 	C:\Windows\SYSTEM32\WSOCK32.dll
0x00007ff932ab0000 - 0x00007ff932acf000 	C:\Windows\SYSTEM32\WINMM.dll
0x00007ff937e30000 - 0x00007ff937e3a000 	C:\Windows\SYSTEM32\VERSION.dll
0x00007ff93aa90000 - 0x00007ff93aa97000 	C:\Windows\system32\PSAPI.DLL
0x00007ff93b0e0000 - 0x00007ff93b138000 	C:\Windows\system32\WS2_32.dll
0x00007ff92ff60000 - 0x00007ff92ff8a000 	C:\Windows\SYSTEM32\WINMMBASE.dll
0x00007ff93aa80000 - 0x00007ff93aa89000 	C:\Windows\system32\NSI.dll
0x00007ff93a1f0000 - 0x00007ff93a23a000 	C:\Windows\SYSTEM32\cfgmgr32.dll
0x00007ff938fa0000 - 0x00007ff938fc6000 	C:\Windows\SYSTEM32\DEVOBJ.dll
0x00000000664d0000 - 0x00000000664df000 	C:\Program Files\Java\jdk1.8.0_92\jre\bin\verify.dll
0x00000000664a0000 - 0x00000000664c9000 	C:\Program Files\Java\jdk1.8.0_92\jre\bin\java.dll
0x0000000066480000 - 0x0000000066496000 	C:\Program Files\Java\jdk1.8.0_92\jre\bin\zip.dll

VM Arguments:
jvm_args: -Djava.awt.headless=true -Xmx1024M -Dfile.encoding=windows-1252 -Duser.country=US -Duser.language=en -Duser.variant 
java_command: com.android.dx.command.Main --dex --force-jumbo --num-threads=4 --output C:\Zooket\app\build\intermediates\pre-dexed\debug\com.google.android.gms-play-services-maps-9.0.1_a76c5cddf67563eba4bcee7ba1b06004c5f8c0fa.jar C:\Zooket\app\build\intermediates\exploded-aar\com.google.android.gms\play-services-maps\9.0.1\jars\classes.jar
java_class_path (initial): C:\android-sdk-windows\build-tools\24.0.3\lib\dx.jar
Launcher Type: SUN_STANDARD

Environment Variables:
PATH=C:\ProgramData\Oracle\Java\javapath;C:\Windows\system32;C:\Windows;C:\Windows\System32\Wbem;C:\Windows\System32\WindowsPowerShell\v1.0\;C:\Program Files (x86)\NVIDIA Corporation\PhysX\Common;C:\Program Files (x86)\Windows Kits\8.1\Windows Performance Toolkit\;C:\Program Files\Microsoft SQL Server\110\Tools\Binn\;C:\Program Files\Microsoft SQL Server\110\DTS\Binn\;C:\Program Files (x86)\Microsoft SQL Server\110\Tools\Binn\;C:\Program Files (x86)\Microsoft SQL Server\110\Tools\Binn\ManagementStudio\;C:\Program Files (x86)\Microsoft Visual Studio 10.0\Common7\IDE\PrivateAssemblies\;C:\Program Files (x86)\Microsoft SQL Server\110\DTS\Binn\;C:\Program Files (x86)\GtkSharp\2.12\bin;C:\Program Files (x86)\QuickTime\QTSystem\
USERNAME=Smo
OS=Windows_NT
PROCESSOR_IDENTIFIER=Intel64 Family 6 Model 94 Stepping 3, GenuineIntel



---------------  S Y S T E M  ---------------

OS: Windows 8.1 , 64 bit Build 9600 (6.3.9600.17056)

CPU:total 4 (4 cores per cpu, 1 threads per core) family 6 model 94 stepping 3, cmov, cx8, fxsr, mmx, sse, sse2, sse3, ssse3, sse4.1, sse4.2, popcnt, avx, avx2, aes, clmul, erms, 3dnowpref, lzcnt, tsc, tscinvbit, bmi1, bmi2, adx

Memory: 4k page, physical 8266404k(1864196k free), swap 8266404k(5044k free)

vm_info: Java HotSpot(TM) 64-Bit Server VM (25.92-b14) for windows-amd64 JRE (1.8.0_92-b14), built on Mar 31 2016 21:03:04 by "java_re" with MS VC++ 10.0 (VS2010)

time: Fri Jun 02 12:32:13 2017
elapsed time: 1 seconds (0d 0h 0m 1s)

