#
# There is insufficient memory for the Java Runtime Environment to continue.
# Native memory allocation (malloc) failed to allocate 217056 bytes for Chunk::new
# Possible reasons:
#   The system is out of physical RAM or swap space
#   In 32 bit mode, the process size limit was hit
# Possible solutions:
#   Reduce memory load on the system
#   Increase physical memory or swap space
#   Check if swap backing store is full
#   Use 64 bit Java on a 64 bit OS
#   Decrease Java heap size (-Xmx/-Xms)
#   Decrease number of Java threads
#   Decrease Java thread stack sizes (-Xss)
#   Set larger code cache with -XX:ReservedCodeCacheSize=
# This output file may be truncated or incomplete.
#
#  Out of Memory Error (allocation.cpp:390), pid=9640, tid=0x0000000000002720
#
# JRE version: Java(TM) SE Runtime Environment (8.0_92-b14) (build 1.8.0_92-b14)
# Java VM: Java HotSpot(TM) 64-Bit Server VM (25.92-b14 mixed mode windows-amd64 compressed oops)
# Failed to write core dump. Minidumps are not enabled by default on client versions of Windows
#

---------------  T H R E A D  ---------------

Current thread (0x00000000153ff000):  JavaThread "C2 CompilerThread0" daemon [_thread_in_native, id=10016, stack(0x0000000016ab0000,0x0000000016bb0000)]

Stack: [0x0000000016ab0000,0x0000000016bb0000]
[error occurred during error reporting (printing stack bounds), id 0xc0000005]

Native frames: (J=compiled Java code, j=interpreted, Vv=VM code, C=native code)


Current CompileTask:
C2:    788 1272       4       com.android.dx.rop.code.RopMethod::calcPredecessors (227 bytes)


---------------  P R O C E S S  ---------------

Java Threads: ( => current thread )
  0x0000000016eea000 JavaThread "pool-1-thread-4" [_thread_in_Java, id=10100, stack(0x00000000177b0000,0x00000000178b0000)]
  0x0000000016eec000 JavaThread "pool-1-thread-3" [_thread_blocked, id=9264, stack(0x00000000176b0000,0x00000000177b0000)]
  0x0000000016eed000 JavaThread "pool-1-thread-2" [_thread_blocked, id=10020, stack(0x00000000175b0000,0x00000000176b0000)]
  0x0000000016eeb800 JavaThread "pool-2-thread-1" [_thread_blocked, id=10012, stack(0x00000000174b0000,0x00000000175b0000)]
  0x0000000016eea800 JavaThread "pool-1-thread-1" [_thread_blocked, id=724, stack(0x00000000173b0000,0x00000000174b0000)]
  0x000000001545d000 JavaThread "Service Thread" daemon [_thread_blocked, id=10060, stack(0x00000000171b0000,0x00000000172b0000)]
  0x000000001540a000 JavaThread "C1 CompilerThread2" daemon [_thread_in_native, id=9956, stack(0x0000000016cb0000,0x0000000016db0000)]
  0x0000000015402800 JavaThread "C2 CompilerThread1" daemon [_thread_in_native, id=10172, stack(0x0000000016bb0000,0x0000000016cb0000)]
=>0x00000000153ff000 JavaThread "C2 CompilerThread0" daemon [_thread_in_native, id=10016, stack(0x0000000016ab0000,0x0000000016bb0000)]
  0x00000000153fd000 JavaThread "Attach Listener" daemon [_thread_blocked, id=8096, stack(0x00000000169b0000,0x0000000016ab0000)]
  0x00000000153fc000 JavaThread "Signal Dispatcher" daemon [_thread_blocked, id=6072, stack(0x00000000168b0000,0x00000000169b0000)]
  0x0000000002d2a800 JavaThread "Finalizer" daemon [_thread_blocked, id=9992, stack(0x00000000166a0000,0x00000000167a0000)]
  0x00000000153c9000 JavaThread "Reference Handler" daemon [_thread_blocked, id=8496, stack(0x00000000165a0000,0x00000000166a0000)]
  0x0000000002c30800 JavaThread "main" [_thread_blocked, id=9772, stack(0x0000000002b30000,0x0000000002c30000)]

Other Threads:
  0x00000000153c7800 VMThread [stack: 0x00000000164a0000,0x00000000165a0000] [id=10076]
  0x000000001545e800 WatcherThread [stack: 0x00000000172b0000,0x00000000173b0000] [id=10072]

VM state:not at safepoint (normal execution)

VM Mutex/Monitor currently owned by a thread: None

Heap:
 PSYoungGen      total 38400K, used 20290K [0x00000000eab00000, 0x00000000ef600000, 0x0000000100000000)
  eden space 33280K, 45% used [0x00000000eab00000,0x00000000eb9d6bc8,0x00000000ecb80000)
  from space 5120K, 99% used [0x00000000ecb80000,0x00000000ed079cb0,0x00000000ed080000)
  to   space 5120K, 0% used [0x00000000ef100000,0x00000000ef100000,0x00000000ef600000)
 ParOldGen       total 87552K, used 1902K [0x00000000c0000000, 0x00000000c5580000, 0x00000000eab00000)
  object space 87552K, 2% used [0x00000000c0000000,0x00000000c01db9e0,0x00000000c5580000)
 Metaspace       used 5803K, capacity 6896K, committed 7040K, reserved 1056768K
  class space    used 576K, capacity 616K, committed 640K, reserved 1048576K

Card table byte_map: [0x00000000120f0000,0x0000000012300000] byte_map_base: 0x0000000011af0000

Marking Bits: (ParMarkBitMap*) 0x000000006bf164f0
 Begin Bits: [0x0000000012860000, 0x0000000013860000)
 End Bits:   [0x0000000013860000, 0x0000000014860000)

Polling page: 0x00000000013b0000

CodeCache: size=245760Kb used=5122Kb max_used=5122Kb free=240637Kb
 bounds [0x0000000002d30000, 0x0000000003240000, 0x0000000011d30000]
 total_blobs=1540 nmethods=1279 adapters=174
 compilation: enabled

Compilation events (10 events):
Event: 0.784 Thread 0x000000001540a000 nmethod 1273 0x000000000321f790 code [0x000000000321f900, 0x000000000321fb68]
Event: 0.784 Thread 0x000000001540a000 1274       3       com.android.dx.cf.code.BasicBlocker::getBlockList (208 bytes)
Event: 0.784 Thread 0x0000000015402800 nmethod 1269 0x000000000321f1d0 code [0x000000000321f320, 0x000000000321f5b8]
Event: 0.784 Thread 0x0000000015402800 1275   !   4       com.android.dx.ssa.LocalVariableInfo::setStarts (40 bytes)
Event: 0.784 Thread 0x000000001540a000 nmethod 1274 0x000000000322df90 code [0x000000000322e200, 0x000000000322f448]
Event: 0.785 Thread 0x0000000015402800 nmethod 1275 0x000000000321ee50 code [0x000000000321efa0, 0x000000000321f098]
Event: 0.785 Thread 0x0000000015402800 1276       4       com.android.dx.ssa.SsaBasicBlock::newFromRop (183 bytes)
Event: 0.786 Thread 0x000000001540a000 1280       3       java.util.Vector::<init> (49 bytes)
Event: 0.786 Thread 0x000000001540a000 nmethod 1280 0x000000000322cf10 code [0x000000000322d100, 0x000000000322daf8]
Event: 0.786 Thread 0x000000001540a000 1284       3       com.android.dx.ssa.back.IdenticalBlockCombiner::process (323 bytes)

GC Heap History (2 events):
Event: 0.485 GC heap before
{Heap before GC invocations=1 (full 0):
 PSYoungGen      total 38400K, used 33280K [0x00000000eab00000, 0x00000000ed580000, 0x0000000100000000)
  eden space 33280K, 100% used [0x00000000eab00000,0x00000000ecb80000,0x00000000ecb80000)
  from space 5120K, 0% used [0x00000000ed080000,0x00000000ed080000,0x00000000ed580000)
  to   space 5120K, 0% used [0x00000000ecb80000,0x00000000ecb80000,0x00000000ed080000)
 ParOldGen       total 87552K, used 0K [0x00000000c0000000, 0x00000000c5580000, 0x00000000eab00000)
  object space 87552K, 0% used [0x00000000c0000000,0x00000000c0000000,0x00000000c5580000)
 Metaspace       used 5725K, capacity 6832K, committed 7040K, reserved 1056768K
  class space    used 576K, capacity 616K, committed 640K, reserved 1048576K
Event: 0.498 GC heap after
Heap after GC invocations=1 (full 0):
 PSYoungGen      total 38400K, used 5095K [0x00000000eab00000, 0x00000000ef600000, 0x0000000100000000)
  eden space 33280K, 0% used [0x00000000eab00000,0x00000000eab00000,0x00000000ecb80000)
  from space 5120K, 99% used [0x00000000ecb80000,0x00000000ed079cb0,0x00000000ed080000)
  to   space 5120K, 0% used [0x00000000ef100000,0x00000000ef100000,0x00000000ef600000)
 ParOldGen       total 87552K, used 1902K [0x00000000c0000000, 0x00000000c5580000, 0x00000000eab00000)
  object space 87552K, 2% used [0x00000000c0000000,0x00000000c01db9e0,0x00000000c5580000)
 Metaspace       used 5725K, capacity 6832K, committed 7040K, reserved 1056768K
  class space    used 576K, capacity 616K, committed 640K, reserved 1048576K
}

Deoptimization events (10 events):
Event: 0.214 Thread 0x0000000016eed000 Uncommon trap: reason=class_check action=maybe_recompile pc=0x0000000002edb23c method=com.android.dx.rop.cst.Constant.compareTo(Ljava/lang/Object;)I @ 2
Event: 0.214 Thread 0x0000000016eed000 Uncommon trap: reason=class_check action=maybe_recompile pc=0x0000000002edb23c method=com.android.dx.rop.cst.Constant.compareTo(Ljava/lang/Object;)I @ 2
Event: 0.214 Thread 0x0000000016eed000 Uncommon trap: reason=class_check action=maybe_recompile pc=0x0000000002edb23c method=com.android.dx.rop.cst.Constant.compareTo(Ljava/lang/Object;)I @ 2
Event: 0.217 Thread 0x0000000016eec000 Uncommon trap: reason=speculate_class_check action=maybe_recompile pc=0x0000000002f0b5b0 method=com.android.dx.rop.cst.Constant.compareTo(Lcom/android/dx/rop/cst/Constant;)I @ 29
Event: 0.217 Thread 0x0000000016eec000 Uncommon trap: reason=speculate_class_check action=maybe_recompile pc=0x0000000002f0b5b0 method=com.android.dx.rop.cst.Constant.compareTo(Lcom/android/dx/rop/cst/Constant;)I @ 29
Event: 0.217 Thread 0x0000000016eec000 Uncommon trap: reason=speculate_class_check action=maybe_recompile pc=0x0000000002f0b5b0 method=com.android.dx.rop.cst.Constant.compareTo(Lcom/android/dx/rop/cst/Constant;)I @ 29
Event: 0.217 Thread 0x0000000016eec000 Uncommon trap: reason=speculate_class_check action=maybe_recompile pc=0x0000000002f0b5b0 method=com.android.dx.rop.cst.Constant.compareTo(Lcom/android/dx/rop/cst/Constant;)I @ 29
Event: 0.271 Thread 0x0000000002c30800 Uncommon trap: reason=unstable_if action=reinterpret pc=0x0000000002f433fc method=java.util.HashMap.getNode(ILjava/lang/Object;)Ljava/util/HashMap$Node; @ 62
Event: 0.283 Thread 0x0000000016eea000 Uncommon trap: reason=unstable_if action=reinterpret pc=0x0000000002f13770 method=com.android.dx.rop.cst.CstFieldRef.compareTo0(Lcom/android/dx/rop/cst/Constant;)I @ 7
Event: 0.300 Thread 0x0000000016eea800 Uncommon trap: reason=unstable_if action=reinterpret pc=0x0000000002ee2138 method=com.android.dx.rop.cst.CstFieldRef.compareTo0(Lcom/android/dx/rop/cst/Constant;)I @ 7

Internal exceptions (2 events):
Event: 0.033 Thread 0x0000000002c30800 Exception <a 'java/lang/NoSuchMethodError': Method sun.misc.Unsafe.defineClass(Ljava/lang/String;[BII)Ljava/lang/Class; name or signature does not match> (0x00000000eab07cc0) thrown at [D:\re\workspace\8-2-build-windows-amd64-cygwin\jdk8u92\6642\hotspot\sró–©#‡À ?
Event: 0.033 Thread 0x0000000002c30800 Exception <a 'java/lang/NoSuchMethodError': Method sun.misc.Unsafe.prefetchRead(Ljava/lang/Object;J)V name or signature does not match> (0x00000000eab07fa8) thrown at [D:\re\workspace\8-2-build-windows-amd64-cygwin\jdk8u92\6642\hotspot\src\share\vm\prims\j

Events (10 events):
Event: 0.317 loading class java/util/ArrayList$1
Event: 0.317 loading class java/util/ArrayList$1 done
Event: 0.482 Executing VM operation: ParallelGCFailedAllocation
Event: 0.498 Executing VM operation: ParallelGCFailedAllocation done
Event: 0.648 Thread 0x0000000016eea800 DEOPT PACKING pc=0x000000000310b48f sp=0x00000000174ae940
Event: 0.648 Thread 0x0000000016eea800 DEOPT UNPACKING pc=0x0000000002d7787f sp=0x00000000174ae720 mode 0
Event: 0.783 Thread 0x0000000016eea800 DEOPT PACKING pc=0x00000000031061ed sp=0x00000000174ae840
Event: 0.783 Thread 0x0000000016eea800 DEOPT UNPACKING pc=0x0000000002d7787f sp=0x00000000174ae5d8 mode 0
Event: 0.787 Thread 0x0000000016eea800 DEOPT PACKING pc=0x000000000310b48f sp=0x00000000174ae940
Event: 0.787 Thread 0x0000000016eea800 DEOPT UNPACKING pc=0x0000000002d7787f sp=0x00000000174ae720 mode 0


Dynamic libraries:
0x00007ff7d3560000 - 0x00007ff7d3597000 	C:\Program Files\Java\jdk1.8.0_92\bin\java.exe
0x00007ff89b3d0000 - 0x00007ff89b57a000 	C:\Windows\SYSTEM32\ntdll.dll
0x00007ff898d00000 - 0x00007ff898e3a000 	C:\Windows\system32\KERNEL32.DLL
0x00007ff898af0000 - 0x00007ff898bff000 	C:\Windows\system32\KERNELBASE.dll
0x00007ff897370000 - 0x00007ff8973f8000 	C:\Windows\system32\apphelp.dll
0x00007ff875f50000 - 0x00007ff875f9f000 	C:\Windows\AppPatch\AppPatch64\AcGenral.DLL
0x00007ff899020000 - 0x00007ff8990c7000 	C:\Windows\system32\msvcrt.dll
0x00007ff898580000 - 0x00007ff8985ab000 	C:\Windows\SYSTEM32\SspiCli.dll
0x00007ff89a7a0000 - 0x00007ff89a7f1000 	C:\Windows\system32\SHLWAPI.dll
0x00007ff89a9e0000 - 0x00007ff89ab51000 	C:\Windows\system32\USER32.dll
0x00007ff898ea0000 - 0x00007ff899018000 	C:\Windows\system32\ole32.dll
0x00007ff899380000 - 0x00007ff89a797000 	C:\Windows\system32\SHELL32.dll
0x00007ff897db0000 - 0x00007ff897dce000 	C:\Windows\SYSTEM32\USERENV.dll
0x00007ff89b200000 - 0x00007ff89b2a5000 	C:\Windows\system32\ADVAPI32.dll
0x00007ff893600000 - 0x00007ff89361b000 	C:\Windows\SYSTEM32\MPR.dll
0x00007ff89ad40000 - 0x00007ff89ae76000 	C:\Windows\system32\RPCRT4.dll
0x00007ff898e40000 - 0x00007ff898e97000 	C:\Windows\SYSTEM32\sechost.dll
0x00007ff8990d0000 - 0x00007ff8992a6000 	C:\Windows\SYSTEM32\combase.dll
0x00007ff89ae90000 - 0x00007ff89afd5000 	C:\Windows\system32\GDI32.dll
0x00007ff898740000 - 0x00007ff898754000 	C:\Windows\SYSTEM32\profapi.dll
0x00007ff896da0000 - 0x00007ff896e3f000 	C:\Windows\SYSTEM32\SHCORE.dll
0x00007ff89a9a0000 - 0x00007ff89a9d4000 	C:\Windows\system32\IMM32.DLL
0x00007ff89b0c0000 - 0x00007ff89b1f9000 	C:\Windows\system32\MSCTF.dll
0x00007ff896520000 - 0x00007ff89677a000 	C:\Windows\WinSxS\amd64_microsoft.windows.common-controls_6595b64144ccf1df_6.0.9600.17031_none_6242a4b3ecbb55a1\COMCTL32.dll
0x000000006b320000 - 0x000000006b3f2000 	C:\Program Files\Java\jdk1.8.0_92\jre\bin\msvcr100.dll
0x000000006b700000 - 0x000000006bf96000 	C:\Program Files\Java\jdk1.8.0_92\jre\bin\server\jvm.dll
0x00007ff88b560000 - 0x00007ff88b569000 	C:\Windows\SYSTEM32\WSOCK32.dll
0x00007ff88ab60000 - 0x00007ff88ab7f000 	C:\Windows\SYSTEM32\WINMM.dll
0x00007ff896450000 - 0x00007ff89645a000 	C:\Windows\SYSTEM32\VERSION.dll
0x00007ff89ae80000 - 0x00007ff89ae87000 	C:\Windows\system32\PSAPI.DLL
0x00007ff8992b0000 - 0x00007ff899308000 	C:\Windows\system32\WS2_32.dll
0x00007ff88aac0000 - 0x00007ff88aaea000 	C:\Windows\SYSTEM32\WINMMBASE.dll
0x00007ff89b000000 - 0x00007ff89b009000 	C:\Windows\system32\NSI.dll
0x00007ff898c00000 - 0x00007ff898c4a000 	C:\Windows\SYSTEM32\cfgmgr32.dll
0x00007ff8975c0000 - 0x00007ff8975e6000 	C:\Windows\SYSTEM32\DEVOBJ.dll
0x000000006e490000 - 0x000000006e49f000 	C:\Program Files\Java\jdk1.8.0_92\jre\bin\verify.dll
0x000000006c680000 - 0x000000006c6a9000 	C:\Program Files\Java\jdk1.8.0_92\jre\bin\java.dll
0x000000006c660000 - 0x000000006c676000 	C:\Program Files\Java\jdk1.8.0_92\jre\bin\zip.dll

VM Arguments:
jvm_args: -Djava.awt.headless=true -Xmx1024M -Dfile.encoding=windows-1252 -Duser.country=US -Duser.language=en -Duser.variant 
java_command: com.android.dx.command.Main --dex --force-jumbo --num-threads=4 --output C:\Zooket\app\build\intermediates\pre-dexed\debug\main_d0fc38630bf5975ede5b074e90315549bcd3519c.jar C:\Zooket\app\build\intermediates\transforms\instantRun\debug\folders\1\5\main
java_class_path (initial): C:\android-sdk-windows\build-tools\24.0.3\lib\dx.jar
Launcher Type: SUN_STANDARD

Environment Variables:
PATH=C:\ProgramData\Oracle\Java\javapath;C:\Windows\system32;C:\Windows;C:\Windows\System32\Wbem;C:\Windows\System32\WindowsPowerShell\v1.0\;C:\Program Files (x86)\NVIDIA Corporation\PhysX\Common;C:\Program Files (x86)\Windows Kits\8.1\Windows Performance Toolkit\;C:\Program Files\Microsoft SQL Server\110\Tools\Binn\;C:\Program Files\Microsoft SQL Server\110\DTS\Binn\;C:\Program Files (x86)\Microsoft SQL Server\110\Tools\Binn\;C:\Program Files (x86)\Microsoft SQL Server\110\Tools\Binn\ManagementStudio\;C:\Program Files (x86)\Microsoft Visual Studio 10.0\Common7\IDE\PrivateAssemblies\;C:\Program Files (x86)\Microsoft SQL Server\110\DTS\Binn\;C:\Program Files (x86)\GtkSharp\2.12\bin;C:\Program Files (x86)\QuickTime\QTSystem\
USERNAME=Smo
OS=Windows_NT
PROCESSOR_IDENTIFIER=Intel64 Family 6 Model 94 Stepping 3, GenuineIntel



---------------  S Y S T E M  ---------------

OS: Windows 8.1 , 64 bit Build 9600 (6.3.9600.17056)

CPU:total 4 (4 cores per cpu, 1 threads per core) family 6 model 94 stepping 3, cmov, cx8, fxsr, mmx, sse, sse2, sse3, ssse3, sse4.1, sse4.2, popcnt, avx, avx2, aes, clmul, erms, 3dnowpref, lzcnt, tsc, tscinvbit, bmi1, bmi2, adx

Memory: 4k page, physical 8266404k(1509960k free), swap 8266404k(5156k free)

vm_info: Java HotSpot(TM) 64-Bit Server VM (25.92-b14) for windows-amd64 JRE (1.8.0_92-b14), built on Mar 31 2016 21:03:04 by "java_re" with MS VC++ 10.0 (VS2010)

time: Thu May 11 22:11:32 2017
elapsed time: 0 seconds (0d 0h 0m 0s)

