#
# There is insufficient memory for the Java Runtime Environment to continue.
# Native memory allocation (malloc) failed to allocate 318416 bytes for Chunk::new
# Possible reasons:
#   The system is out of physical RAM or swap space
#   In 32 bit mode, the process size limit was hit
# Possible solutions:
#   Reduce memory load on the system
#   Increase physical memory or swap space
#   Check if swap backing store is full
#   Use 64 bit Java on a 64 bit OS
#   Decrease Java heap size (-Xmx/-Xms)
#   Decrease number of Java threads
#   Decrease Java thread stack sizes (-Xss)
#   Set larger code cache with -XX:ReservedCodeCacheSize=
# This output file may be truncated or incomplete.
#
#  Out of Memory Error (allocation.cpp:390), pid=1724, tid=0x000000000000055c
#
# JRE version: Java(TM) SE Runtime Environment (8.0_92-b14) (build 1.8.0_92-b14)
# Java VM: Java HotSpot(TM) 64-Bit Server VM (25.92-b14 mixed mode windows-amd64 compressed oops)
# Failed to write core dump. Minidumps are not enabled by default on client versions of Windows
#

---------------  T H R E A D  ---------------

Current thread (0x0000000014dc1800):  JavaThread "C2 CompilerThread1" daemon [_thread_in_native, id=1372, stack(0x00000000164f0000,0x00000000165f0000)]

Stack: [0x00000000164f0000,0x00000000165f0000]
[error occurred during error reporting (printing stack bounds), id 0xc0000005]

Native frames: (J=compiled Java code, j=interpreted, Vv=VM code, C=native code)


Current CompileTask:
C2:    652 1144       4       com.android.dx.ssa.SCCP::simulateStmt (481 bytes)


---------------  P R O C E S S  ---------------

Java Threads: ( => current thread )
  0x0000000016956800 JavaThread "pool-1-thread-4" [_thread_in_Java, id=6992, stack(0x00000000170f0000,0x00000000171f0000)]
  0x0000000016955000 JavaThread "pool-1-thread-3" [_thread_blocked, id=6572, stack(0x0000000016ff0000,0x00000000170f0000)]
  0x000000001688d000 JavaThread "pool-1-thread-2" [_thread_in_Java, id=6004, stack(0x0000000016ef0000,0x0000000016ff0000)]
  0x000000001688a800 JavaThread "pool-2-thread-1" [_thread_blocked, id=6648, stack(0x0000000016df0000,0x0000000016ef0000)]
  0x0000000016889800 JavaThread "pool-1-thread-1" [_thread_in_Java, id=8088, stack(0x0000000016cf0000,0x0000000016df0000)]
  0x0000000014e1b000 JavaThread "Service Thread" daemon [_thread_blocked, id=8980, stack(0x0000000016af0000,0x0000000016bf0000)]
  0x0000000014dd2000 JavaThread "C1 CompilerThread2" daemon [_thread_in_vm, id=9768, stack(0x00000000165f0000,0x00000000166f0000)]
=>0x0000000014dc1800 JavaThread "C2 CompilerThread1" daemon [_thread_in_native, id=1372, stack(0x00000000164f0000,0x00000000165f0000)]
  0x0000000014dbe000 JavaThread "C2 CompilerThread0" daemon [_thread_in_native, id=4020, stack(0x00000000163f0000,0x00000000164f0000)]
  0x0000000014dbc000 JavaThread "Attach Listener" daemon [_thread_blocked, id=6264, stack(0x00000000162f0000,0x00000000163f0000)]
  0x0000000014dba800 JavaThread "Signal Dispatcher" daemon [_thread_blocked, id=1100, stack(0x00000000161f0000,0x00000000162f0000)]
  0x00000000026ea800 JavaThread "Finalizer" daemon [_thread_blocked, id=9784, stack(0x0000000016010000,0x0000000016110000)]
  0x0000000014d89000 JavaThread "Reference Handler" daemon [_thread_blocked, id=9708, stack(0x0000000015f10000,0x0000000016010000)]
  0x00000000025f0800 JavaThread "main" [_thread_in_native, id=4832, stack(0x00000000024f0000,0x00000000025f0000)]

Other Threads:
  0x0000000014d87800 VMThread [stack: 0x0000000015e10000,0x0000000015f10000] [id=6492]
  0x000000001673b000 WatcherThread [stack: 0x0000000016bf0000,0x0000000016cf0000] [id=7308]

VM state:not at safepoint (normal execution)

VM Mutex/Monitor currently owned by a thread: None

Heap:
 PSYoungGen      total 38400K, used 30184K [0x00000000eab00000, 0x00000000ef600000, 0x0000000100000000)
  eden space 33280K, 75% used [0x00000000eab00000,0x00000000ec37cd78,0x00000000ecb80000)
  from space 5120K, 99% used [0x00000000ecb80000,0x00000000ed07d2f0,0x00000000ed080000)
  to   space 5120K, 0% used [0x00000000ef100000,0x00000000ef100000,0x00000000ef600000)
 ParOldGen       total 87552K, used 1689K [0x00000000c0000000, 0x00000000c5580000, 0x00000000eab00000)
  object space 87552K, 1% used [0x00000000c0000000,0x00000000c01a6528,0x00000000c5580000)
 Metaspace       used 5839K, capacity 6960K, committed 7040K, reserved 1056768K
  class space    used 576K, capacity 616K, committed 640K, reserved 1048576K

Card table byte_map: [0x0000000011ab0000,0x0000000011cc0000] byte_map_base: 0x00000000114b0000

Marking Bits: (ParMarkBitMap*) 0x00000000630f64f0
 Begin Bits: [0x0000000012220000, 0x0000000013220000)
 End Bits:   [0x0000000013220000, 0x0000000014220000)

Polling page: 0x0000000000cb0000

CodeCache: size=245760Kb used=5197Kb max_used=5197Kb free=240562Kb
 bounds [0x00000000026f0000, 0x0000000002c10000, 0x00000000116f0000]
 total_blobs=1578 nmethods=1317 adapters=174
 compilation: enabled

Compilation events (10 events):
Event: 0.622 Thread 0x0000000014dd2000 nmethod 1288 0x0000000002bdeb50 code [0x0000000002bdecc0, 0x0000000002bdeeb0]
Event: 0.622 Thread 0x0000000014dd2000 1290       1       com.android.dx.rop.annotation.NameValuePair::getValue (5 bytes)
Event: 0.622 Thread 0x0000000014dd2000 nmethod 1290 0x0000000002bdef50 code [0x0000000002bdf0a0, 0x0000000002bdf1b0]
Event: 0.622 Thread 0x0000000014dd2000 1291       1       com.android.dx.cf.attrib.InnerClassList$Item::getOuterClass (5 bytes)
Event: 0.622 Thread 0x0000000014dd2000 nmethod 1291 0x0000000002bdf210 code [0x0000000002bdf360, 0x0000000002bdf470]
Event: 0.622 Thread 0x0000000014dd2000 1292   !   3       com.android.dx.cf.code.Ropper::doit (126 bytes)
Event: 0.623 Thread 0x0000000014dd2000 nmethod 1292 0x0000000002bdf4d0 code [0x0000000002bdf7c0, 0x0000000002be0c18]
Event: 0.624 Thread 0x0000000014dd2000 1293       3       com.android.dx.ssa.back.SsaToRop::removePhiFunctions (83 bytes)
Event: 0.624 Thread 0x0000000014dd2000 nmethod 1293 0x0000000002be1850 code [0x0000000002be1b20, 0x0000000002be2ea8]
Event: 0.624 Thread 0x0000000014dd2000 1294       3       java.util.regex.Pattern::compile (406 bytes)

GC Heap History (2 events):
Event: 0.546 GC heap before
{Heap before GC invocations=1 (full 0):
 PSYoungGen      total 38400K, used 33280K [0x00000000eab00000, 0x00000000ed580000, 0x0000000100000000)
  eden space 33280K, 100% used [0x00000000eab00000,0x00000000ecb80000,0x00000000ecb80000)
  from space 5120K, 0% used [0x00000000ed080000,0x00000000ed080000,0x00000000ed580000)
  to   space 5120K, 0% used [0x00000000ecb80000,0x00000000ecb80000,0x00000000ed080000)
 ParOldGen       total 87552K, used 0K [0x00000000c0000000, 0x00000000c5580000, 0x00000000eab00000)
  object space 87552K, 0% used [0x00000000c0000000,0x00000000c0000000,0x00000000c5580000)
 Metaspace       used 5722K, capacity 6832K, committed 7040K, reserved 1056768K
  class space    used 576K, capacity 616K, committed 640K, reserved 1048576K
Event: 0.555 GC heap after
Heap after GC invocations=1 (full 0):
 PSYoungGen      total 38400K, used 5108K [0x00000000eab00000, 0x00000000ef600000, 0x0000000100000000)
  eden space 33280K, 0% used [0x00000000eab00000,0x00000000eab00000,0x00000000ecb80000)
  from space 5120K, 99% used [0x00000000ecb80000,0x00000000ed07d2f0,0x00000000ed080000)
  to   space 5120K, 0% used [0x00000000ef100000,0x00000000ef100000,0x00000000ef600000)
 ParOldGen       total 87552K, used 1689K [0x00000000c0000000, 0x00000000c5580000, 0x00000000eab00000)
  object space 87552K, 1% used [0x00000000c0000000,0x00000000c01a6528,0x00000000c5580000)
 Metaspace       used 5722K, capacity 6832K, committed 7040K, reserved 1056768K
  class space    used 576K, capacity 616K, committed 640K, reserved 1048576K
}

Deoptimization events (9 events):
Event: 0.210 Thread 0x00000000025f0800 Uncommon trap: reason=class_check action=maybe_recompile pc=0x00000000028a003c method=com.android.dx.rop.cst.Constant.compareTo(Ljava/lang/Object;)I @ 2
Event: 0.210 Thread 0x00000000025f0800 Uncommon trap: reason=class_check action=maybe_recompile pc=0x00000000028a003c method=com.android.dx.rop.cst.Constant.compareTo(Ljava/lang/Object;)I @ 2
Event: 0.211 Thread 0x00000000025f0800 Uncommon trap: reason=class_check action=maybe_recompile pc=0x00000000028a003c method=com.android.dx.rop.cst.Constant.compareTo(Ljava/lang/Object;)I @ 2
Event: 0.211 Thread 0x00000000025f0800 Uncommon trap: reason=class_check action=maybe_recompile pc=0x00000000028a003c method=com.android.dx.rop.cst.Constant.compareTo(Ljava/lang/Object;)I @ 2
Event: 0.316 Thread 0x000000001688d000 Uncommon trap: reason=speculate_class_check action=maybe_recompile pc=0x000000000289d9f0 method=com.android.dx.rop.cst.Constant.compareTo(Lcom/android/dx/rop/cst/Constant;)I @ 29
Event: 0.316 Thread 0x0000000016956800 Uncommon trap: reason=speculate_class_check action=maybe_recompile pc=0x000000000289d9f0 method=com.android.dx.rop.cst.Constant.compareTo(Lcom/android/dx/rop/cst/Constant;)I @ 29
Event: 0.316 Thread 0x0000000016956800 Uncommon trap: reason=speculate_class_check action=maybe_recompile pc=0x000000000289d9f0 method=com.android.dx.rop.cst.Constant.compareTo(Lcom/android/dx/rop/cst/Constant;)I @ 29
Event: 0.318 Thread 0x00000000025f0800 Uncommon trap: reason=speculate_class_check action=maybe_recompile pc=0x000000000289d9f0 method=com.android.dx.rop.cst.Constant.compareTo(Lcom/android/dx/rop/cst/Constant;)I @ 29
Event: 0.324 Thread 0x0000000016955000 Uncommon trap: reason=unstable_if action=reinterpret pc=0x0000000002903384 method=java.util.HashMap.getNode(ILjava/lang/Object;)Ljava/util/HashMap$Node; @ 62

Internal exceptions (2 events):
Event: 0.033 Thread 0x00000000025f0800 Exception <a 'java/lang/NoSuchMethodError': Method sun.misc.Unsafe.defineClass(Ljava/lang/String;[BII)Ljava/lang/Class; name or signature does not match> (0x00000000eab07cc0) thrown at [D:\re\workspace\8-2-build-windows-amd64-cygwin\jdk8u92\6642\hotspot\sr&AÞP¡?
Event: 0.033 Thread 0x00000000025f0800 Exception <a 'java/lang/NoSuchMethodError': Method sun.misc.Unsafe.prefetchRead(Ljava/lang/Object;J)V name or signature does not match> (0x00000000eab07fa8) thrown at [D:\re\workspace\8-2-build-windows-amd64-cygwin\jdk8u92\6642\hotspot\src\share\vm\prims\j

Events (10 events):
Event: 0.502 Executing VM operation: ForceSafepoint
Event: 0.504 Executing VM operation: ForceSafepoint done
Event: 0.545 Executing VM operation: ParallelGCFailedAllocation
Event: 0.555 Executing VM operation: ParallelGCFailedAllocation done
Event: 0.588 Thread 0x0000000016889800 DEOPT PACKING pc=0x0000000002ad752d sp=0x0000000016deec40
Event: 0.588 Thread 0x0000000016889800 DEOPT UNPACKING pc=0x000000000273787f sp=0x0000000016dee9d8 mode 0
Event: 0.604 Thread 0x000000001688d000 DEOPT PACKING pc=0x0000000002ad7490 sp=0x0000000016fee820
Event: 0.604 Thread 0x000000001688d000 DEOPT UNPACKING pc=0x000000000273787f sp=0x0000000016fee5b8 mode 0
Event: 0.619 Thread 0x0000000016889800 DEOPT PACKING pc=0x0000000002ad752d sp=0x0000000016deed30
Event: 0.619 Thread 0x0000000016889800 DEOPT UNPACKING pc=0x000000000273787f sp=0x0000000016deeac8 mode 0


Dynamic libraries:
0x00007ff7caf40000 - 0x00007ff7caf77000 	C:\Program Files\Java\jdk1.8.0_92\bin\java.exe
0x00007fffb8b40000 - 0x00007fffb8cea000 	C:\Windows\SYSTEM32\ntdll.dll
0x00007fffb8550000 - 0x00007fffb868a000 	C:\Windows\system32\KERNEL32.DLL
0x00007fffb5f80000 - 0x00007fffb608f000 	C:\Windows\system32\KERNELBASE.dll
0x00007fffb4ae0000 - 0x00007fffb4b68000 	C:\Windows\system32\apphelp.dll
0x00007fffa31b0000 - 0x00007fffa31ff000 	C:\Windows\AppPatch\AppPatch64\AcGenral.DLL
0x00007fffb6510000 - 0x00007fffb65b7000 	C:\Windows\system32\msvcrt.dll
0x00007fffb5cf0000 - 0x00007fffb5d1b000 	C:\Windows\SYSTEM32\SspiCli.dll
0x00007fffb6fa0000 - 0x00007fffb6ff1000 	C:\Windows\system32\SHLWAPI.dll
0x00007fffb6aa0000 - 0x00007fffb6c11000 	C:\Windows\system32\USER32.dll
0x00007fffb6e10000 - 0x00007fffb6f88000 	C:\Windows\system32\ole32.dll
0x00007fffb7110000 - 0x00007fffb8527000 	C:\Windows\system32\SHELL32.dll
0x00007fffb5520000 - 0x00007fffb553e000 	C:\Windows\SYSTEM32\USERENV.dll
0x00007fffb65c0000 - 0x00007fffb6665000 	C:\Windows\system32\ADVAPI32.dll
0x00007fffb12f0000 - 0x00007fffb130b000 	C:\Windows\SYSTEM32\MPR.dll
0x00007fffb8760000 - 0x00007fffb8896000 	C:\Windows\system32\RPCRT4.dll
0x00007fffb8690000 - 0x00007fffb86e7000 	C:\Windows\SYSTEM32\sechost.dll
0x00007fffb6670000 - 0x00007fffb6846000 	C:\Windows\SYSTEM32\combase.dll
0x00007fffb6950000 - 0x00007fffb6a95000 	C:\Windows\system32\GDI32.dll
0x00007fffb5eb0000 - 0x00007fffb5ec4000 	C:\Windows\SYSTEM32\profapi.dll
0x00007fffb4510000 - 0x00007fffb45af000 	C:\Windows\SYSTEM32\SHCORE.dll
0x00007fffb6c20000 - 0x00007fffb6c54000 	C:\Windows\system32\IMM32.DLL
0x00007fffb63c0000 - 0x00007fffb64f9000 	C:\Windows\system32\MSCTF.dll
0x00007fffb3c90000 - 0x00007fffb3eea000 	C:\Windows\WinSxS\amd64_microsoft.windows.common-controls_6595b64144ccf1df_6.0.9600.17031_none_6242a4b3ecbb55a1\COMCTL32.dll
0x00000000621d0000 - 0x00000000622a2000 	C:\Program Files\Java\jdk1.8.0_92\jre\bin\msvcr100.dll
0x00000000628e0000 - 0x0000000063176000 	C:\Program Files\Java\jdk1.8.0_92\jre\bin\server\jvm.dll
0x00007fffb1b10000 - 0x00007fffb1b19000 	C:\Windows\SYSTEM32\WSOCK32.dll
0x00007ffface60000 - 0x00007ffface7f000 	C:\Windows\SYSTEM32\WINMM.dll
0x00007fffb3bc0000 - 0x00007fffb3bca000 	C:\Windows\SYSTEM32\VERSION.dll
0x00007fffb8750000 - 0x00007fffb8757000 	C:\Windows\system32\PSAPI.DLL
0x00007fffb7000000 - 0x00007fffb7058000 	C:\Windows\system32\WS2_32.dll
0x00007fffaa9e0000 - 0x00007fffaaa0a000 	C:\Windows\SYSTEM32\WINMMBASE.dll
0x00007fffb6f90000 - 0x00007fffb6f99000 	C:\Windows\system32\NSI.dll
0x00007fffb6370000 - 0x00007fffb63ba000 	C:\Windows\SYSTEM32\cfgmgr32.dll
0x00007fffb4d30000 - 0x00007fffb4d56000 	C:\Windows\SYSTEM32\DEVOBJ.dll
0x0000000063470000 - 0x000000006347f000 	C:\Program Files\Java\jdk1.8.0_92\jre\bin\verify.dll
0x0000000063440000 - 0x0000000063469000 	C:\Program Files\Java\jdk1.8.0_92\jre\bin\java.dll
0x0000000063420000 - 0x0000000063436000 	C:\Program Files\Java\jdk1.8.0_92\jre\bin\zip.dll

VM Arguments:
jvm_args: -Djava.awt.headless=true -Xmx1024M -Dfile.encoding=windows-1252 -Duser.country=US -Duser.language=en -Duser.variant 
java_command: com.android.dx.command.Main --dex --force-jumbo --num-threads=4 --output C:\Zooket\app\build\intermediates\pre-dexed\debug\main_d0fc38630bf5975ede5b074e90315549bcd3519c.jar C:\Zooket\app\build\intermediates\transforms\instantRun\debug\folders\1\5\main
java_class_path (initial): C:\android-sdk-windows\build-tools\24.0.3\lib\dx.jar
Launcher Type: SUN_STANDARD

Environment Variables:
PATH=C:\ProgramData\Oracle\Java\javapath;C:\Windows\system32;C:\Windows;C:\Windows\System32\Wbem;C:\Windows\System32\WindowsPowerShell\v1.0\;C:\Program Files (x86)\NVIDIA Corporation\PhysX\Common;C:\Program Files (x86)\Windows Kits\8.1\Windows Performance Toolkit\;C:\Program Files\Microsoft SQL Server\110\Tools\Binn\;C:\Program Files\Microsoft SQL Server\110\DTS\Binn\;C:\Program Files (x86)\Microsoft SQL Server\110\Tools\Binn\;C:\Program Files (x86)\Microsoft SQL Server\110\Tools\Binn\ManagementStudio\;C:\Program Files (x86)\Microsoft Visual Studio 10.0\Common7\IDE\PrivateAssemblies\;C:\Program Files (x86)\Microsoft SQL Server\110\DTS\Binn\;C:\Program Files (x86)\GtkSharp\2.12\bin;C:\Program Files (x86)\QuickTime\QTSystem\
USERNAME=Smo
OS=Windows_NT
PROCESSOR_IDENTIFIER=Intel64 Family 6 Model 94 Stepping 3, GenuineIntel



---------------  S Y S T E M  ---------------

OS: Windows 8.1 , 64 bit Build 9600 (6.3.9600.17056)

CPU:total 4 (4 cores per cpu, 1 threads per core) family 6 model 94 stepping 3, cmov, cx8, fxsr, mmx, sse, sse2, sse3, ssse3, sse4.1, sse4.2, popcnt, avx, avx2, aes, clmul, erms, 3dnowpref, lzcnt, tsc, tscinvbit, bmi1, bmi2, adx

Memory: 4k page, physical 8266404k(1073156k free), swap 8266404k(5076k free)

vm_info: Java HotSpot(TM) 64-Bit Server VM (25.92-b14) for windows-amd64 JRE (1.8.0_92-b14), built on Mar 31 2016 21:03:04 by "java_re" with MS VC++ 10.0 (VS2010)

time: Mon May 22 00:05:50 2017
elapsed time: 0 seconds (0d 0h 0m 0s)

