#
# There is insufficient memory for the Java Runtime Environment to continue.
# Native memory allocation (malloc) failed to allocate 385536 bytes for Chunk::new
# Possible reasons:
#   The system is out of physical RAM or swap space
#   In 32 bit mode, the process size limit was hit
# Possible solutions:
#   Reduce memory load on the system
#   Increase physical memory or swap space
#   Check if swap backing store is full
#   Use 64 bit Java on a 64 bit OS
#   Decrease Java heap size (-Xmx/-Xms)
#   Decrease number of Java threads
#   Decrease Java thread stack sizes (-Xss)
#   Set larger code cache with -XX:ReservedCodeCacheSize=
# This output file may be truncated or incomplete.
#
#  Out of Memory Error (allocation.cpp:390), pid=8212, tid=0x0000000000000db8
#
# JRE version: Java(TM) SE Runtime Environment (8.0_92-b14) (build 1.8.0_92-b14)
# Java VM: Java HotSpot(TM) 64-Bit Server VM (25.92-b14 mixed mode windows-amd64 compressed oops)
# Failed to write core dump. Minidumps are not enabled by default on client versions of Windows
#

---------------  T H R E A D  ---------------

Current thread (0x00000000149be800):  JavaThread "C2 CompilerThread0" daemon [_thread_in_native, id=3512, stack(0x0000000016020000,0x0000000016120000)]

Stack: [0x0000000016020000,0x0000000016120000]
[error occurred during error reporting (printing stack bounds), id 0xc0000005]

Native frames: (J=compiled Java code, j=interpreted, Vv=VM code, C=native code)


Current CompileTask:
C2:   1555 1334   !   4       com.android.dx.cf.code.RopperMachine::run (1550 bytes)


---------------  P R O C E S S  ---------------

Java Threads: ( => current thread )
  0x000000001657d800 JavaThread "pool-1-thread-4" [_thread_blocked, id=6840, stack(0x0000000016d20000,0x0000000016e20000)]
  0x0000000016562000 JavaThread "pool-1-thread-3" [_thread_blocked, id=8920, stack(0x0000000016c20000,0x0000000016d20000)]
  0x000000001655c000 JavaThread "pool-1-thread-2" [_thread_blocked, id=8764, stack(0x0000000016b20000,0x0000000016c20000)]
  0x0000000016456000 JavaThread "pool-2-thread-1" [_thread_blocked, id=8500, stack(0x0000000016a20000,0x0000000016b20000)]
  0x0000000016454000 JavaThread "pool-1-thread-1" [_thread_blocked, id=7560, stack(0x0000000016920000,0x0000000016a20000)]
  0x0000000016327800 JavaThread "Service Thread" daemon [_thread_blocked, id=7052, stack(0x0000000016720000,0x0000000016820000)]
  0x0000000014a1d000 JavaThread "C1 CompilerThread2" daemon [_thread_blocked, id=8408, stack(0x0000000016220000,0x0000000016320000)]
  0x0000000014a18000 JavaThread "C2 CompilerThread1" daemon [_thread_in_native, id=7656, stack(0x0000000016120000,0x0000000016220000)]
=>0x00000000149be800 JavaThread "C2 CompilerThread0" daemon [_thread_in_native, id=3512, stack(0x0000000016020000,0x0000000016120000)]
  0x00000000149bd000 JavaThread "Attach Listener" daemon [_thread_blocked, id=7752, stack(0x0000000015f20000,0x0000000016020000)]
  0x00000000149bb800 JavaThread "Signal Dispatcher" daemon [_thread_blocked, id=2192, stack(0x0000000015e20000,0x0000000015f20000)]
  0x00000000022ea800 JavaThread "Finalizer" daemon [_thread_blocked, id=7896, stack(0x0000000015c40000,0x0000000015d40000)]
  0x0000000014989000 JavaThread "Reference Handler" daemon [_thread_blocked, id=7764, stack(0x0000000015b40000,0x0000000015c40000)]
  0x00000000021f0800 JavaThread "main" [_thread_in_native, id=8592, stack(0x00000000020f0000,0x00000000021f0000)]

Other Threads:
  0x0000000014987800 VMThread [stack: 0x0000000015a40000,0x0000000015b40000] [id=8280]
  0x0000000016332000 WatcherThread [stack: 0x0000000016820000,0x0000000016920000] [id=9116]

VM state:not at safepoint (normal execution)

VM Mutex/Monitor currently owned by a thread: None

Heap:
 PSYoungGen      total 38400K, used 27033K [0x00000000eab00000, 0x00000000ed580000, 0x0000000100000000)
  eden space 33280K, 65% used [0x00000000eab00000,0x00000000ec0698c8,0x00000000ecb80000)
  from space 5120K, 99% used [0x00000000ecb80000,0x00000000ed07cbf0,0x00000000ed080000)
  to   space 5120K, 0% used [0x00000000ed080000,0x00000000ed080000,0x00000000ed580000)
 ParOldGen       total 87552K, used 1553K [0x00000000c0000000, 0x00000000c5580000, 0x00000000eab00000)
  object space 87552K, 1% used [0x00000000c0000000,0x00000000c0184558,0x00000000c5580000)
 Metaspace       used 5822K, capacity 6960K, committed 7040K, reserved 1056768K
  class space    used 576K, capacity 616K, committed 640K, reserved 1048576K

Card table byte_map: [0x00000000116b0000,0x00000000118c0000] byte_map_base: 0x00000000110b0000

Marking Bits: (ParMarkBitMap*) 0x0000000066bd64f0
 Begin Bits: [0x0000000011e20000, 0x0000000012e20000)
 End Bits:   [0x0000000012e20000, 0x0000000013e20000)

Polling page: 0x00000000007e0000

CodeCache: size=245760Kb used=5638Kb max_used=5648Kb free=240121Kb
 bounds [0x00000000022f0000, 0x0000000002880000, 0x00000000112f0000]
 total_blobs=1629 nmethods=1368 adapters=174
 compilation: enabled

Compilation events (10 events):
Event: 1.528 Thread 0x0000000014a1d000 1370       3       com.android.dx.cf.code.LineNumberList$Item::<init> (43 bytes)
Event: 1.528 Thread 0x0000000014a1d000 nmethod 1370 0x000000000285ecd0 code [0x000000000285ee60, 0x000000000285f1f8]
Event: 1.528 Thread 0x0000000014a1d000 1371       3       com.android.dx.rop.cst.StdConstantPool::get0Ok (12 bytes)
Event: 1.528 Thread 0x0000000014a1d000 nmethod 1371 0x000000000285cad0 code [0x000000000285cd80, 0x000000000285df18]
Event: 1.532 Thread 0x00000000149be800 nmethod 1363 0x0000000002879c50 code [0x0000000002879e60, 0x000000000287a810]
Event: 1.532 Thread 0x00000000149be800 1334   !   4       com.android.dx.cf.code.RopperMachine::run (1550 bytes)
Event: 1.546 Thread 0x0000000014a1d000 1372       3       com.android.dx.ssa.DeadCodeRemover::<init> (44 bytes)
Event: 1.546 Thread 0x0000000014a1d000 nmethod 1372 0x0000000002879550 code [0x00000000028796e0, 0x0000000002879ad8]
Event: 1.547 Thread 0x0000000014a1d000 1373       3       com.android.dx.rop.code.FillArrayDataInsn::withNewRegisters (25 bytes)
Event: 1.547 Thread 0x0000000014a1d000 nmethod 1373 0x0000000002878fd0 code [0x0000000002879140, 0x0000000002879468]

GC Heap History (2 events):
Event: 1.142 GC heap before
{Heap before GC invocations=1 (full 0):
 PSYoungGen      total 38400K, used 33280K [0x00000000eab00000, 0x00000000ed580000, 0x0000000100000000)
  eden space 33280K, 100% used [0x00000000eab00000,0x00000000ecb80000,0x00000000ecb80000)
  from space 5120K, 0% used [0x00000000ed080000,0x00000000ed080000,0x00000000ed580000)
  to   space 5120K, 0% used [0x00000000ecb80000,0x00000000ecb80000,0x00000000ed080000)
 ParOldGen       total 87552K, used 0K [0x00000000c0000000, 0x00000000c5580000, 0x00000000eab00000)
  object space 87552K, 0% used [0x00000000c0000000,0x00000000c0000000,0x00000000c5580000)
 Metaspace       used 5698K, capacity 6832K, committed 7040K, reserved 1056768K
  class space    used 576K, capacity 616K, committed 640K, reserved 1048576K
Event: 1.251 GC heap after
Heap after GC invocations=1 (full 0):
 PSYoungGen      total 38400K, used 5106K [0x00000000eab00000, 0x00000000ed580000, 0x0000000100000000)
  eden space 33280K, 0% used [0x00000000eab00000,0x00000000eab00000,0x00000000ecb80000)
  from space 5120K, 99% used [0x00000000ecb80000,0x00000000ed07cbf0,0x00000000ed080000)
  to   space 5120K, 0% used [0x00000000ed080000,0x00000000ed080000,0x00000000ed580000)
 ParOldGen       total 87552K, used 1553K [0x00000000c0000000, 0x00000000c5580000, 0x00000000eab00000)
  object space 87552K, 1% used [0x00000000c0000000,0x00000000c0184558,0x00000000c5580000)
 Metaspace       used 5698K, capacity 6832K, committed 7040K, reserved 1056768K
  class space    used 576K, capacity 616K, committed 640K, reserved 1048576K
}

Deoptimization events (10 events):
Event: 0.372 Thread 0x000000001655c000 Uncommon trap: reason=speculate_class_check action=maybe_recompile pc=0x000000000247adf0 method=com.android.dx.rop.cst.Constant.compareTo(Lcom/android/dx/rop/cst/Constant;)I @ 29
Event: 0.372 Thread 0x000000001655c000 Uncommon trap: reason=class_check action=maybe_recompile pc=0x0000000002476cb4 method=com.android.dx.rop.cst.CstMemberRef.compareTo0(Lcom/android/dx/rop/cst/Constant;)I @ 1
Event: 0.372 Thread 0x000000001657d800 Uncommon trap: reason=speculate_class_check action=maybe_recompile pc=0x000000000247adf0 method=com.android.dx.rop.cst.Constant.compareTo(Lcom/android/dx/rop/cst/Constant;)I @ 29
Event: 0.372 Thread 0x000000001657d800 Uncommon trap: reason=class_check action=maybe_recompile pc=0x0000000002476cb4 method=com.android.dx.rop.cst.CstMemberRef.compareTo0(Lcom/android/dx/rop/cst/Constant;)I @ 1
Event: 0.375 Thread 0x000000001655c000 Uncommon trap: reason=unstable_if action=reinterpret pc=0x00000000024ee8f8 method=java.util.HashMap.getNode(ILjava/lang/Object;)Ljava/util/HashMap$Node; @ 62
Event: 0.387 Thread 0x000000001657d800 Uncommon trap: reason=unstable_if action=reinterpret pc=0x0000000002470778 method=com.android.dx.rop.cst.CstFieldRef.compareTo0(Lcom/android/dx/rop/cst/Constant;)I @ 7
Event: 0.613 Thread 0x000000001655c000 Uncommon trap: reason=unstable_if action=reinterpret pc=0x00000000025957b8 method=java.util.HashMap.getNode(ILjava/lang/Object;)Ljava/util/HashMap$Node; @ 129
Event: 0.613 Thread 0x000000001655c000 Uncommon trap: reason=unstable_if action=reinterpret pc=0x000000000255aa94 method=java.util.HashMap.getNode(ILjava/lang/Object;)Ljava/util/HashMap$Node; @ 129
Event: 0.613 Thread 0x000000001655c000 Uncommon trap: reason=unstable_if action=reinterpret pc=0x0000000002542f6c method=java.util.HashMap.getNode(ILjava/lang/Object;)Ljava/util/HashMap$Node; @ 129
Event: 0.620 Thread 0x000000001655c000 Uncommon trap: reason=unstable_if action=reinterpret pc=0x00000000026274fc method=com.android.dx.rop.code.RegisterSpec.withReg(I)Lcom/android/dx/rop/code/RegisterSpec; @ 5

Internal exceptions (2 events):
Event: 0.026 Thread 0x00000000021f0800 Exception <a 'java/lang/NoSuchMethodError': Method sun.misc.Unsafe.defineClass(Ljava/lang/String;[BII)Ljava/lang/Class; name or signature does not match> (0x00000000eab07cc0) thrown at [D:\re\workspace\8-2-build-windows-amd64-cygwin\jdk8u92\6642\hotspot\sr+Öb” óö?
Event: 0.026 Thread 0x00000000021f0800 Exception <a 'java/lang/NoSuchMethodError': Method sun.misc.Unsafe.prefetchRead(Ljava/lang/Object;J)V name or signature does not match> (0x00000000eab07fa8) thrown at [D:\re\workspace\8-2-build-windows-amd64-cygwin\jdk8u92\6642\hotspot\src\share\vm\prims\j

Events (10 events):
Event: 1.142 Executing VM operation: ParallelGCFailedAllocation
Event: 1.251 Executing VM operation: ParallelGCFailedAllocation done
Event: 1.259 Thread 0x000000001655c000 DEOPT PACKING pc=0x00000000026c2ce5 sp=0x0000000016c1e640
Event: 1.259 Thread 0x000000001655c000 DEOPT UNPACKING pc=0x000000000233787f sp=0x0000000016c1e430 mode 0
Event: 1.295 Thread 0x0000000016562000 DEOPT PACKING pc=0x00000000026c0421 sp=0x0000000016d1ed40
Event: 1.295 Thread 0x0000000016562000 DEOPT UNPACKING pc=0x000000000233787f sp=0x0000000016d1eab0 mode 0
Event: 1.321 Thread 0x000000001657d800 DEOPT PACKING pc=0x00000000027095c4 sp=0x0000000016e1eb90
Event: 1.321 Thread 0x000000001657d800 DEOPT UNPACKING pc=0x000000000233787f sp=0x0000000016e1e958 mode 0
Event: 1.392 Thread 0x0000000016454000 DEOPT PACKING pc=0x0000000002709309 sp=0x0000000016a1ed50
Event: 1.392 Thread 0x0000000016454000 DEOPT UNPACKING pc=0x000000000233787f sp=0x0000000016a1eb18 mode 0


Dynamic libraries:
0x00007ff6735d0000 - 0x00007ff673607000 	C:\Program Files\Java\jdk1.8.0_92\bin\java.exe
0x00007ff93cdb0000 - 0x00007ff93cf5a000 	C:\Windows\SYSTEM32\ntdll.dll
0x00007ff93a690000 - 0x00007ff93a7ca000 	C:\Windows\system32\KERNEL32.DLL
0x00007ff93a340000 - 0x00007ff93a44f000 	C:\Windows\system32\KERNELBASE.dll
0x00007ff938d50000 - 0x00007ff938dd8000 	C:\Windows\system32\apphelp.dll
0x00007ff9245a0000 - 0x00007ff9245ef000 	C:\Windows\AppPatch\AppPatch64\AcGenral.DLL
0x00007ff93cd00000 - 0x00007ff93cda7000 	C:\Windows\system32\msvcrt.dll
0x00007ff939f60000 - 0x00007ff939f8b000 	C:\Windows\SYSTEM32\SspiCli.dll
0x00007ff93b640000 - 0x00007ff93b691000 	C:\Windows\system32\SHLWAPI.dll
0x00007ff93aaa0000 - 0x00007ff93ac11000 	C:\Windows\system32\USER32.dll
0x00007ff93b280000 - 0x00007ff93b3f8000 	C:\Windows\system32\ole32.dll
0x00007ff93b8e0000 - 0x00007ff93ccf7000 	C:\Windows\system32\SHELL32.dll
0x00007ff939790000 - 0x00007ff9397ae000 	C:\Windows\SYSTEM32\USERENV.dll
0x00007ff93a7d0000 - 0x00007ff93a875000 	C:\Windows\system32\ADVAPI32.dll
0x00007ff935560000 - 0x00007ff93557b000 	C:\Windows\SYSTEM32\MPR.dll
0x00007ff93b140000 - 0x00007ff93b276000 	C:\Windows\system32\RPCRT4.dll
0x00007ff93b880000 - 0x00007ff93b8d7000 	C:\Windows\SYSTEM32\sechost.dll
0x00007ff93b6a0000 - 0x00007ff93b876000 	C:\Windows\SYSTEM32\combase.dll
0x00007ff93af90000 - 0x00007ff93b0d5000 	C:\Windows\system32\GDI32.dll
0x00007ff93a120000 - 0x00007ff93a134000 	C:\Windows\SYSTEM32\profapi.dll
0x00007ff938780000 - 0x00007ff93881f000 	C:\Windows\SYSTEM32\SHCORE.dll
0x00007ff93ace0000 - 0x00007ff93ad14000 	C:\Windows\system32\IMM32.DLL
0x00007ff93a940000 - 0x00007ff93aa79000 	C:\Windows\system32\MSCTF.dll
0x00007ff937e70000 - 0x00007ff9380ca000 	C:\Windows\WinSxS\amd64_microsoft.windows.common-controls_6595b64144ccf1df_6.0.9600.17031_none_6242a4b3ecbb55a1\COMCTL32.dll
0x0000000066c60000 - 0x0000000066d32000 	C:\Program Files\Java\jdk1.8.0_92\jre\bin\msvcr100.dll
0x00000000663c0000 - 0x0000000066c56000 	C:\Program Files\Java\jdk1.8.0_92\jre\bin\server\jvm.dll
0x00007ff9329b0000 - 0x00007ff9329b9000 	C:\Windows\SYSTEM32\WSOCK32.dll
0x00007ff932ab0000 - 0x00007ff932acf000 	C:\Windows\SYSTEM32\WINMM.dll
0x00007ff937e30000 - 0x00007ff937e3a000 	C:\Windows\SYSTEM32\VERSION.dll
0x00007ff93aa90000 - 0x00007ff93aa97000 	C:\Windows\system32\PSAPI.DLL
0x00007ff93b0e0000 - 0x00007ff93b138000 	C:\Windows\system32\WS2_32.dll
0x00007ff92ff60000 - 0x00007ff92ff8a000 	C:\Windows\SYSTEM32\WINMMBASE.dll
0x00007ff93aa80000 - 0x00007ff93aa89000 	C:\Windows\system32\NSI.dll
0x00007ff93a1f0000 - 0x00007ff93a23a000 	C:\Windows\SYSTEM32\cfgmgr32.dll
0x00007ff938fa0000 - 0x00007ff938fc6000 	C:\Windows\SYSTEM32\DEVOBJ.dll
0x00000000663b0000 - 0x00000000663bf000 	C:\Program Files\Java\jdk1.8.0_92\jre\bin\verify.dll
0x0000000066380000 - 0x00000000663a9000 	C:\Program Files\Java\jdk1.8.0_92\jre\bin\java.dll
0x0000000066360000 - 0x0000000066376000 	C:\Program Files\Java\jdk1.8.0_92\jre\bin\zip.dll

VM Arguments:
jvm_args: -Djava.awt.headless=true -Xmx1024M -Dfile.encoding=windows-1252 -Duser.country=US -Duser.language=en -Duser.variant 
java_command: com.android.dx.command.Main --dex --force-jumbo --num-threads=4 --output C:\Zooket\app\build\intermediates\pre-dexed\debug\main_d0fc38630bf5975ede5b074e90315549bcd3519c.jar C:\Zooket\app\build\intermediates\transforms\instantRun\debug\folders\1\5\main
java_class_path (initial): C:\android-sdk-windows\build-tools\24.0.3\lib\dx.jar
Launcher Type: SUN_STANDARD

Environment Variables:
PATH=C:\ProgramData\Oracle\Java\javapath;C:\Windows\system32;C:\Windows;C:\Windows\System32\Wbem;C:\Windows\System32\WindowsPowerShell\v1.0\;C:\Program Files (x86)\NVIDIA Corporation\PhysX\Common;C:\Program Files (x86)\Windows Kits\8.1\Windows Performance Toolkit\;C:\Program Files\Microsoft SQL Server\110\Tools\Binn\;C:\Program Files\Microsoft SQL Server\110\DTS\Binn\;C:\Program Files (x86)\Microsoft SQL Server\110\Tools\Binn\;C:\Program Files (x86)\Microsoft SQL Server\110\Tools\Binn\ManagementStudio\;C:\Program Files (x86)\Microsoft Visual Studio 10.0\Common7\IDE\PrivateAssemblies\;C:\Program Files (x86)\Microsoft SQL Server\110\DTS\Binn\;C:\Program Files (x86)\GtkSharp\2.12\bin;C:\Program Files (x86)\QuickTime\QTSystem\
USERNAME=Smo
OS=Windows_NT
PROCESSOR_IDENTIFIER=Intel64 Family 6 Model 94 Stepping 3, GenuineIntel



---------------  S Y S T E M  ---------------

OS: Windows 8.1 , 64 bit Build 9600 (6.3.9600.17056)

CPU:total 4 (4 cores per cpu, 1 threads per core) family 6 model 94 stepping 3, cmov, cx8, fxsr, mmx, sse, sse2, sse3, ssse3, sse4.1, sse4.2, popcnt, avx, avx2, aes, clmul, erms, 3dnowpref, lzcnt, tsc, tscinvbit, bmi1, bmi2, adx

Memory: 4k page, physical 8266404k(1142972k free), swap 8266404k(5376k free)

vm_info: Java HotSpot(TM) 64-Bit Server VM (25.92-b14) for windows-amd64 JRE (1.8.0_92-b14), built on Mar 31 2016 21:03:04 by "java_re" with MS VC++ 10.0 (VS2010)

time: Fri Jun 02 11:57:30 2017
elapsed time: 1 seconds (0d 0h 0m 1s)

