#
# There is insufficient memory for the Java Runtime Environment to continue.
# Native memory allocation (malloc) failed to allocate 477296 bytes for Chunk::new
# Possible reasons:
#   The system is out of physical RAM or swap space
#   In 32 bit mode, the process size limit was hit
# Possible solutions:
#   Reduce memory load on the system
#   Increase physical memory or swap space
#   Check if swap backing store is full
#   Use 64 bit Java on a 64 bit OS
#   Decrease Java heap size (-Xmx/-Xms)
#   Decrease number of Java threads
#   Decrease Java thread stack sizes (-Xss)
#   Set larger code cache with -XX:ReservedCodeCacheSize=
# This output file may be truncated or incomplete.
#
#  Out of Memory Error (allocation.cpp:390), pid=9616, tid=0x0000000000000f3c
#
# JRE version: Java(TM) SE Runtime Environment (8.0_92-b14) (build 1.8.0_92-b14)
# Java VM: Java HotSpot(TM) 64-Bit Server VM (25.92-b14 mixed mode windows-amd64 compressed oops)
# Failed to write core dump. Minidumps are not enabled by default on client versions of Windows
#

---------------  T H R E A D  ---------------

Current thread (0x00000000152f1800):  JavaThread "C2 CompilerThread1" daemon [_thread_in_native, id=3900, stack(0x0000000016de0000,0x0000000016ee0000)]

Stack: [0x0000000016de0000,0x0000000016ee0000]
[error occurred during error reporting (printing stack bounds), id 0xc0000005]

Native frames: (J=compiled Java code, j=interpreted, Vv=VM code, C=native code)


Current CompileTask:
C2:   1414 1267       4       com.android.dx.ssa.SCCP::simulateBranch (666 bytes)


---------------  P R O C E S S  ---------------

Java Threads: ( => current thread )
  0x00000000152fe800 JavaThread "Service Thread" daemon [_thread_blocked, id=8716, stack(0x0000000016fe0000,0x00000000170e0000)]
  0x00000000169e8800 JavaThread "C1 CompilerThread2" daemon [_thread_blocked, id=1020, stack(0x0000000016ee0000,0x0000000016fe0000)]
=>0x00000000152f1800 JavaThread "C2 CompilerThread1" daemon [_thread_in_native, id=3900, stack(0x0000000016de0000,0x0000000016ee0000)]
  0x00000000152a0000 JavaThread "C2 CompilerThread0" daemon [_thread_in_native, id=2272, stack(0x00000000168e0000,0x00000000169e0000)]
  0x000000001529e000 JavaThread "Attach Listener" daemon [_thread_blocked, id=2420, stack(0x00000000167e0000,0x00000000168e0000)]
  0x000000001529d000 JavaThread "Signal Dispatcher" daemon [_thread_blocked, id=6460, stack(0x00000000166e0000,0x00000000167e0000)]
  0x000000001528a800 JavaThread "Finalizer" daemon [_thread_blocked, id=9056, stack(0x0000000016500000,0x0000000016600000)]
  0x0000000002bc0800 JavaThread "Reference Handler" daemon [_thread_blocked, id=6712, stack(0x0000000016400000,0x0000000016500000)]
  0x0000000002ad2800 JavaThread "main" [_thread_in_vm, id=5616, stack(0x00000000029d0000,0x0000000002ad0000)]

Other Threads:
  0x0000000015268800 VMThread [stack: 0x0000000016300000,0x0000000016400000] [id=184]
  0x00000000169fc000 WatcherThread [stack: 0x00000000170e0000,0x00000000171e0000] [id=5932]

VM state:not at safepoint (normal execution)

VM Mutex/Monitor currently owned by a thread: None

Heap:
 PSYoungGen      total 71680K, used 11414K [0x00000000eab00000, 0x00000000ef600000, 0x0000000100000000)
  eden space 66560K, 9% used [0x00000000eab00000,0x00000000eb1259a0,0x00000000eec00000)
  from space 5120K, 99% used [0x00000000ef100000,0x00000000ef5ffea0,0x00000000ef600000)
  to   space 5120K, 0% used [0x00000000eec00000,0x00000000eec00000,0x00000000ef100000)
 ParOldGen       total 87552K, used 5600K [0x00000000c0000000, 0x00000000c5580000, 0x00000000eab00000)
  object space 87552K, 6% used [0x00000000c0000000,0x00000000c05782b0,0x00000000c5580000)
 Metaspace       used 6450K, capacity 7256K, committed 7424K, reserved 1056768K
  class space    used 639K, capacity 656K, committed 768K, reserved 1048576K

Card table byte_map: [0x0000000011f90000,0x00000000121a0000] byte_map_base: 0x0000000011990000

Marking Bits: (ParMarkBitMap*) 0x000000005ab964f0
 Begin Bits: [0x0000000012700000, 0x0000000013700000)
 End Bits:   [0x0000000013700000, 0x0000000014700000)

Polling page: 0x0000000001130000

CodeCache: size=245760Kb used=6074Kb max_used=6074Kb free=239685Kb
 bounds [0x0000000002bd0000, 0x00000000031d0000, 0x0000000011bd0000]
 total_blobs=1892 nmethods=1623 adapters=182
 compilation: enabled

Compilation events (10 events):
Event: 1.411 Thread 0x00000000169e8800 1638       2       com.android.dx.rop.code.RegisterSpecSet::findMatchingLocal (49 bytes)
Event: 1.411 Thread 0x00000000169e8800 nmethod 1638 0x00000000031c0b10 code [0x00000000031c0c80, 0x00000000031c0ee8]
Event: 1.411 Thread 0x00000000169e8800 1639       2       com.android.dx.dex.code.LocalList$Entry::compareTo (63 bytes)
Event: 1.412 Thread 0x00000000169e8800 nmethod 1639 0x00000000031c1090 code [0x00000000031c1200, 0x00000000031c1428]
Event: 1.412 Thread 0x00000000169e8800 1640       2       com.android.dx.dex.file.TypeIdsSection::get (71 bytes)
Event: 1.412 Thread 0x00000000169e8800 nmethod 1640 0x00000000031c1510 code [0x00000000031c1700, 0x00000000031c1d78]
Event: 1.413 Thread 0x00000000169e8800 1641       2       com.android.dx.rop.code.RegisterSpec::isEvenRegister (15 bytes)
Event: 1.413 Thread 0x00000000169e8800 nmethod 1641 0x00000000031c2250 code [0x00000000031c23a0, 0x00000000031c2510]
Event: 1.413 Thread 0x00000000169e8800 1642       2       com.android.dx.dex.file.FieldIdsSection::get (49 bytes)
Event: 1.413 Thread 0x00000000169e8800 nmethod 1642 0x00000000031c2590 code [0x00000000031c2740, 0x00000000031c2b38]

GC Heap History (4 events):
Event: 0.844 GC heap before
{Heap before GC invocations=1 (full 0):
 PSYoungGen      total 38400K, used 33280K [0x00000000eab00000, 0x00000000ed580000, 0x0000000100000000)
  eden space 33280K, 100% used [0x00000000eab00000,0x00000000ecb80000,0x00000000ecb80000)
  from space 5120K, 0% used [0x00000000ed080000,0x00000000ed080000,0x00000000ed580000)
  to   space 5120K, 0% used [0x00000000ecb80000,0x00000000ecb80000,0x00000000ed080000)
 ParOldGen       total 87552K, used 0K [0x00000000c0000000, 0x00000000c5580000, 0x00000000eab00000)
  object space 87552K, 0% used [0x00000000c0000000,0x00000000c0000000,0x00000000c5580000)
 Metaspace       used 5954K, capacity 6900K, committed 7040K, reserved 1056768K
  class space    used 601K, capacity 620K, committed 640K, reserved 1048576K
Event: 0.898 GC heap after
Heap after GC invocations=1 (full 0):
 PSYoungGen      total 38400K, used 5098K [0x00000000eab00000, 0x00000000ef600000, 0x0000000100000000)
  eden space 33280K, 0% used [0x00000000eab00000,0x00000000eab00000,0x00000000ecb80000)
  from space 5120K, 99% used [0x00000000ecb80000,0x00000000ed07a910,0x00000000ed080000)
  to   space 5120K, 0% used [0x00000000ef100000,0x00000000ef100000,0x00000000ef600000)
 ParOldGen       total 87552K, used 1636K [0x00000000c0000000, 0x00000000c5580000, 0x00000000eab00000)
  object space 87552K, 1% used [0x00000000c0000000,0x00000000c01993e8,0x00000000c5580000)
 Metaspace       used 5954K, capacity 6900K, committed 7040K, reserved 1056768K
  class space    used 601K, capacity 620K, committed 640K, reserved 1048576K
}
Event: 1.226 GC heap before
{Heap before GC invocations=2 (full 0):
 PSYoungGen      total 38400K, used 38378K [0x00000000eab00000, 0x00000000ef600000, 0x0000000100000000)
  eden space 33280K, 100% used [0x00000000eab00000,0x00000000ecb80000,0x00000000ecb80000)
  from space 5120K, 99% used [0x00000000ecb80000,0x00000000ed07a910,0x00000000ed080000)
  to   space 5120K, 0% used [0x00000000ef100000,0x00000000ef100000,0x00000000ef600000)
 ParOldGen       total 87552K, used 1636K [0x00000000c0000000, 0x00000000c5580000, 0x00000000eab00000)
  object space 87552K, 1% used [0x00000000c0000000,0x00000000c01993e8,0x00000000c5580000)
 Metaspace       used 6228K, capacity 7064K, committed 7424K, reserved 1056768K
  class space    used 622K, capacity 656K, committed 768K, reserved 1048576K
Event: 1.347 GC heap after
Heap after GC invocations=2 (full 0):
 PSYoungGen      total 71680K, used 5119K [0x00000000eab00000, 0x00000000ef600000, 0x0000000100000000)
  eden space 66560K, 0% used [0x00000000eab00000,0x00000000eab00000,0x00000000eec00000)
  from space 5120K, 99% used [0x00000000ef100000,0x00000000ef5ffea0,0x00000000ef600000)
  to   space 5120K, 0% used [0x00000000eec00000,0x00000000eec00000,0x00000000ef100000)
 ParOldGen       total 87552K, used 5600K [0x00000000c0000000, 0x00000000c5580000, 0x00000000eab00000)
  object space 87552K, 6% used [0x00000000c0000000,0x00000000c05782b0,0x00000000c5580000)
 Metaspace       used 6228K, capacity 7064K, committed 7424K, reserved 1056768K
  class space    used 622K, capacity 656K, committed 768K, reserved 1048576K
}

Deoptimization events (10 events):
Event: 1.370 Thread 0x0000000002ad2800 Uncommon trap: reason=class_check action=maybe_recompile pc=0x0000000002fac508 method=java.util.Arrays.hashCode([Ljava/lang/Object;)I @ 43
Event: 1.370 Thread 0x0000000002ad2800 Uncommon trap: reason=class_check action=maybe_recompile pc=0x0000000002fac508 method=java.util.Arrays.hashCode([Ljava/lang/Object;)I @ 43
Event: 1.370 Thread 0x0000000002ad2800 Uncommon trap: reason=class_check action=maybe_recompile pc=0x0000000002fac508 method=java.util.Arrays.hashCode([Ljava/lang/Object;)I @ 43
Event: 1.378 Thread 0x0000000002ad2800 Uncommon trap: reason=unstable_if action=reinterpret pc=0x0000000003082658 method=java.util.HashMap.putVal(ILjava/lang/Object;Ljava/lang/Object;ZZ)Ljava/lang/Object; @ 94
Event: 1.395 Thread 0x0000000002ad2800 Uncommon trap: reason=speculate_class_check action=maybe_recompile pc=0x0000000002f6ec24 method=com.android.dx.util.FixedSizeList.equals(Ljava/lang/Object;)Z @ 25
Event: 1.395 Thread 0x0000000002ad2800 Uncommon trap: reason=class_check action=maybe_recompile pc=0x0000000002f6a478 method=java.util.Arrays.equals([Ljava/lang/Object;[Ljava/lang/Object;)Z @ 62
Event: 1.395 Thread 0x0000000002ad2800 Uncommon trap: reason=speculate_class_check action=maybe_recompile pc=0x0000000002f6ec24 method=com.android.dx.util.FixedSizeList.equals(Ljava/lang/Object;)Z @ 25
Event: 1.395 Thread 0x0000000002ad2800 Uncommon trap: reason=unstable_if action=reinterpret pc=0x0000000002f6a4ac method=java.util.Arrays.equals([Ljava/lang/Object;[Ljava/lang/Object;)Z @ 23
Event: 1.395 Thread 0x0000000002ad2800 Uncommon trap: reason=speculate_class_check action=maybe_recompile pc=0x0000000002f6ec24 method=com.android.dx.util.FixedSizeList.equals(Ljava/lang/Object;)Z @ 25
Event: 1.395 Thread 0x0000000002ad2800 Uncommon trap: reason=speculate_class_check action=maybe_recompile pc=0x0000000002f6ec24 method=com.android.dx.util.FixedSizeList.equals(Ljava/lang/Object;)Z @ 25

Internal exceptions (7 events):
Event: 0.190 Thread 0x0000000002ad2800 Exception <a 'java/lang/NoSuchMethodError': Method sun.misc.Unsafe.defineClass(Ljava/lang/String;[BII)Ljava/lang/Class; name or signature does not match> (0x00000000eab07cc0) thrown at [D:\re\workspace\8-2-build-windows-amd64-cygwin\jdk8u92\6642\hotspot\sr`ÉP’WÈ?
Event: 0.190 Thread 0x0000000002ad2800 Exception <a 'java/lang/NoSuchMethodError': Method sun.misc.Unsafe.prefetchRead(Ljava/lang/Object;J)V name or signature does not match> (0x00000000eab07fa8) thrown at [D:\re\workspace\8-2-build-windows-amd64-cygwin\jdk8u92\6642\hotspot\src\share\vm\prims\jP¼
Event: 0.605 Thread 0x0000000016b64800 Implicit null exception at 0x0000000002eb9eeb to 0x0000000002ebbc49
Event: 0.675 Thread 0x0000000016bc5800 Implicit null exception at 0x0000000002ec7f22 to 0x0000000002ec801a
Event: 1.176 Thread 0x0000000016b64800 Exception <a 'java/lang/ArrayIndexOutOfBoundsException': 18> (0x00000000ec0d9368) thrown at [D:\re\workspace\8-2-build-windows-amd64-cygwin\jdk8u92\6642\hotspot\src\share\vm\interpreter\interpreterRuntime.cpp, line 366]
Event: 1.176 Thread 0x0000000016b64800 Exception <a 'java/lang/ArrayIndexOutOfBoundsException': 145> (0x00000000ec0daee8) thrown at [D:\re\workspace\8-2-build-windows-amd64-cygwin\jdk8u92\6642\hotspot\src\share\vm\interpreter\interpreterRuntime.cpp, line 366]
Event: 1.177 Thread 0x0000000016b64800 Exception <a 'java/lang/ArrayIndexOutOfBoundsException': 40> (0x00000000ec0dc1d0) thrown at [D:\re\workspace\8-2-build-windows-amd64-cygwin\jdk8u92\6642\hotspot\src\share\vm\interpreter\interpreterRuntime.cpp, line 366]

Events (10 events):
Event: 1.395 Thread 0x0000000002ad2800 Uncommon trap: trap_request=0xffffff76 fr.pc=0x0000000002f6ec24
Event: 1.395 Thread 0x0000000002ad2800 DEOPT PACKING pc=0x0000000002f6ec24 sp=0x0000000002acf110
Event: 1.395 Thread 0x0000000002ad2800 DEOPT UNPACKING pc=0x0000000002c1582a sp=0x0000000002acf0d0 mode 2
Event: 1.395 Thread 0x0000000002ad2800 Uncommon trap: trap_request=0xffffff76 fr.pc=0x0000000002f6ec24
Event: 1.395 Thread 0x0000000002ad2800 DEOPT PACKING pc=0x0000000002f6ec24 sp=0x0000000002acf110
Event: 1.395 Thread 0x0000000002ad2800 DEOPT UNPACKING pc=0x0000000002c1582a sp=0x0000000002acf0d0 mode 2
Event: 1.395 loading class com/android/dx/util/ByteArrayAnnotatedOutput
Event: 1.395 loading class com/android/dx/util/ByteArrayAnnotatedOutput done
Event: 1.400 loading class com/android/dx/rop/code/RegisterSpecList$Expander
Event: 1.400 loading class com/android/dx/rop/code/RegisterSpecList$Expander done


Dynamic libraries:
0x00007ff61f2f0000 - 0x00007ff61f327000 	C:\Program Files\Java\jdk1.8.0_92\bin\java.exe
0x00007ffa9ddd0000 - 0x00007ffa9df7a000 	C:\Windows\SYSTEM32\ntdll.dll
0x00007ffa9d870000 - 0x00007ffa9d9aa000 	C:\Windows\system32\KERNEL32.DLL
0x00007ffa9b260000 - 0x00007ffa9b36f000 	C:\Windows\system32\KERNELBASE.dll
0x00007ffa99d70000 - 0x00007ffa99df8000 	C:\Windows\system32\apphelp.dll
0x00007ffa71130000 - 0x00007ffa7117f000 	C:\Windows\AppPatch\AppPatch64\AcGenral.DLL
0x00007ffa9d250000 - 0x00007ffa9d2f7000 	C:\Windows\system32\msvcrt.dll
0x00007ffa9af80000 - 0x00007ffa9afab000 	C:\Windows\SYSTEM32\SspiCli.dll
0x00007ffa9d520000 - 0x00007ffa9d571000 	C:\Windows\system32\SHLWAPI.dll
0x00007ffa9d300000 - 0x00007ffa9d471000 	C:\Windows\system32\USER32.dll
0x00007ffa9d9b0000 - 0x00007ffa9db28000 	C:\Windows\system32\ole32.dll
0x00007ffa9bc30000 - 0x00007ffa9d047000 	C:\Windows\system32\SHELL32.dll
0x00007ffa9a7b0000 - 0x00007ffa9a7ce000 	C:\Windows\SYSTEM32\USERENV.dll
0x00007ffa9d5c0000 - 0x00007ffa9d665000 	C:\Windows\system32\ADVAPI32.dll
0x00007ffa96070000 - 0x00007ffa9608b000 	C:\Windows\SYSTEM32\MPR.dll
0x00007ffa9db40000 - 0x00007ffa9dc76000 	C:\Windows\system32\RPCRT4.dll
0x00007ffa9d1f0000 - 0x00007ffa9d247000 	C:\Windows\SYSTEM32\sechost.dll
0x00007ffa9b660000 - 0x00007ffa9b836000 	C:\Windows\SYSTEM32\combase.dll
0x00007ffa9dc80000 - 0x00007ffa9ddc5000 	C:\Windows\system32\GDI32.dll
0x00007ffa9b140000 - 0x00007ffa9b154000 	C:\Windows\SYSTEM32\profapi.dll
0x00007ffa997a0000 - 0x00007ffa9983f000 	C:\Windows\SYSTEM32\SHCORE.dll
0x00007ffa9d580000 - 0x00007ffa9d5b4000 	C:\Windows\system32\IMM32.DLL
0x00007ffa9d670000 - 0x00007ffa9d7a9000 	C:\Windows\system32\MSCTF.dll
0x00007ffa98e90000 - 0x00007ffa990ea000 	C:\Windows\WinSxS\amd64_microsoft.windows.common-controls_6595b64144ccf1df_6.0.9600.17031_none_6242a4b3ecbb55a1\COMCTL32.dll
0x0000000059ad0000 - 0x0000000059ba2000 	C:\Program Files\Java\jdk1.8.0_92\jre\bin\msvcr100.dll
0x000000005a380000 - 0x000000005ac16000 	C:\Program Files\Java\jdk1.8.0_92\jre\bin\server\jvm.dll
0x00007ffa8e680000 - 0x00007ffa8e689000 	C:\Windows\SYSTEM32\WSOCK32.dll
0x00007ffa8aa90000 - 0x00007ffa8aaaf000 	C:\Windows\SYSTEM32\WINMM.dll
0x00007ffa98e50000 - 0x00007ffa98e5a000 	C:\Windows\SYSTEM32\VERSION.dll
0x00007ffa9b650000 - 0x00007ffa9b657000 	C:\Windows\system32\PSAPI.DLL
0x00007ffa9d060000 - 0x00007ffa9d0b8000 	C:\Windows\system32\WS2_32.dll
0x00007ffa8aa60000 - 0x00007ffa8aa8a000 	C:\Windows\SYSTEM32\WINMMBASE.dll
0x00007ffa9bc20000 - 0x00007ffa9bc29000 	C:\Windows\system32\NSI.dll
0x00007ffa9b600000 - 0x00007ffa9b64a000 	C:\Windows\SYSTEM32\cfgmgr32.dll
0x00007ffa99fc0000 - 0x00007ffa99fe6000 	C:\Windows\SYSTEM32\DEVOBJ.dll
0x000000005a370000 - 0x000000005a37f000 	C:\Program Files\Java\jdk1.8.0_92\jre\bin\verify.dll
0x000000005a340000 - 0x000000005a369000 	C:\Program Files\Java\jdk1.8.0_92\jre\bin\java.dll
0x000000005a320000 - 0x000000005a336000 	C:\Program Files\Java\jdk1.8.0_92\jre\bin\zip.dll

VM Arguments:
jvm_args: -Djava.awt.headless=true -Xmx1024M -Dfile.encoding=windows-1252 -Duser.country=US -Duser.language=en -Duser.variant 
java_command: com.android.dx.command.Main --dex --force-jumbo --num-threads=4 --output C:\Zooket\app\build\intermediates\pre-dexed\debug\okio-1.11.0_3a08f2e846b4841e2f4e19ac9ba7749753cfb1c1.jar C:\Users\Smo\.gradle\caches\modules-2\files-2.1\com.squareup.okio\okio\1.11.0\840897fcd7223a8143f1d9b6f69714e7be34fd50\okio-1.11.0.jar
java_class_path (initial): C:\android-sdk-windows\build-tools\24.0.3\lib\dx.jar
Launcher Type: SUN_STANDARD

Environment Variables:
PATH=C:\ProgramData\Oracle\Java\javapath;C:\Windows\system32;C:\Windows;C:\Windows\System32\Wbem;C:\Windows\System32\WindowsPowerShell\v1.0\;C:\Program Files (x86)\NVIDIA Corporation\PhysX\Common;C:\Program Files (x86)\Windows Kits\8.1\Windows Performance Toolkit\;C:\Program Files\Microsoft SQL Server\110\Tools\Binn\;C:\Program Files\Microsoft SQL Server\110\DTS\Binn\;C:\Program Files (x86)\Microsoft SQL Server\110\Tools\Binn\;C:\Program Files (x86)\Microsoft SQL Server\110\Tools\Binn\ManagementStudio\;C:\Program Files (x86)\Microsoft Visual Studio 10.0\Common7\IDE\PrivateAssemblies\;C:\Program Files (x86)\Microsoft SQL Server\110\DTS\Binn\;C:\Program Files (x86)\GtkSharp\2.12\bin;C:\Program Files (x86)\QuickTime\QTSystem\
USERNAME=Smo
OS=Windows_NT
PROCESSOR_IDENTIFIER=Intel64 Family 6 Model 94 Stepping 3, GenuineIntel



---------------  S Y S T E M  ---------------

OS: Windows 8.1 , 64 bit Build 9600 (6.3.9600.17056)

CPU:total 4 (4 cores per cpu, 1 threads per core) family 6 model 94 stepping 3, cmov, cx8, fxsr, mmx, sse, sse2, sse3, ssse3, sse4.1, sse4.2, popcnt, avx, avx2, aes, clmul, erms, 3dnowpref, lzcnt, tsc, tscinvbit, bmi1, bmi2, adx

Memory: 4k page, physical 8266404k(1042408k free), swap 8266404k(5172k free)

vm_info: Java HotSpot(TM) 64-Bit Server VM (25.92-b14) for windows-amd64 JRE (1.8.0_92-b14), built on Mar 31 2016 21:03:04 by "java_re" with MS VC++ 10.0 (VS2010)

time: Sat May 13 17:24:16 2017
elapsed time: 1 seconds (0d 0h 0m 1s)

