#
# There is insufficient memory for the Java Runtime Environment to continue.
# Native memory allocation (malloc) failed to allocate 411776 bytes for Chunk::new
# Possible reasons:
#   The system is out of physical RAM or swap space
#   In 32 bit mode, the process size limit was hit
# Possible solutions:
#   Reduce memory load on the system
#   Increase physical memory or swap space
#   Check if swap backing store is full
#   Use 64 bit Java on a 64 bit OS
#   Decrease Java heap size (-Xmx/-Xms)
#   Decrease number of Java threads
#   Decrease Java thread stack sizes (-Xss)
#   Set larger code cache with -XX:ReservedCodeCacheSize=
# This output file may be truncated or incomplete.
#
#  Out of Memory Error (allocation.cpp:390), pid=7856, tid=0x0000000000002a40
#
# JRE version: Java(TM) SE Runtime Environment (8.0_92-b14) (build 1.8.0_92-b14)
# Java VM: Java HotSpot(TM) 64-Bit Server VM (25.92-b14 mixed mode windows-amd64 compressed oops)
# Failed to write core dump. Minidumps are not enabled by default on client versions of Windows
#

---------------  T H R E A D  ---------------

Current thread (0x000000001475e000):  JavaThread "C2 CompilerThread0" daemon [_thread_in_native, id=10816, stack(0x0000000015da0000,0x0000000015ea0000)]

Stack: [0x0000000015da0000,0x0000000015ea0000]
[error occurred during error reporting (printing stack bounds), id 0xc0000005]

Native frames: (J=compiled Java code, j=interpreted, Vv=VM code, C=native code)


Current CompileTask:
C2:  12760 2389       4       com.android.dx.dex.code.DalvCode::finishProcessingIfNecessary (69 bytes)


---------------  P R O C E S S  ---------------

Java Threads: ( => current thread )
  0x000000001630f800 JavaThread "pool-1-thread-1" [_thread_in_Java, id=3044, stack(0x00000000166a0000,0x00000000167a0000)]
  0x00000000160a3800 JavaThread "Service Thread" daemon [_thread_blocked, id=8784, stack(0x00000000164a0000,0x00000000165a0000)]
  0x00000000147bc000 JavaThread "C1 CompilerThread2" daemon [_thread_blocked, id=2832, stack(0x0000000015fa0000,0x00000000160a0000)]
  0x00000000147b7000 JavaThread "C2 CompilerThread1" daemon [_thread_in_native, id=10232, stack(0x0000000015ea0000,0x0000000015fa0000)]
=>0x000000001475e000 JavaThread "C2 CompilerThread0" daemon [_thread_in_native, id=10816, stack(0x0000000015da0000,0x0000000015ea0000)]
  0x000000001475c000 JavaThread "Attach Listener" daemon [_thread_blocked, id=10424, stack(0x0000000015ca0000,0x0000000015da0000)]
  0x000000001475a800 JavaThread "Signal Dispatcher" daemon [_thread_blocked, id=2320, stack(0x0000000015ba0000,0x0000000015ca0000)]
  0x000000001474a800 JavaThread "Finalizer" daemon [_thread_blocked, id=6824, stack(0x00000000159c0000,0x0000000015ac0000)]
  0x0000000002080800 JavaThread "Reference Handler" daemon [_thread_blocked, id=11196, stack(0x00000000158c0000,0x00000000159c0000)]
  0x0000000001f92800 JavaThread "main" [_thread_blocked, id=7452, stack(0x0000000001e90000,0x0000000001f90000)]

Other Threads:
  0x0000000014728800 VMThread [stack: 0x00000000157c0000,0x00000000158c0000] [id=9948]
  0x00000000160aa000 WatcherThread [stack: 0x00000000165a0000,0x00000000166a0000] [id=4664]

VM state:not at safepoint (normal execution)

VM Mutex/Monitor currently owned by a thread: None

Heap:
 PSYoungGen      total 71680K, used 22918K [0x00000000eab00000, 0x00000000f3700000, 0x0000000100000000)
  eden space 66560K, 26% used [0x00000000eab00000,0x00000000ebc637d0,0x00000000eec00000)
  from space 5120K, 99% used [0x00000000eec00000,0x00000000ef0fe310,0x00000000ef100000)
  to   space 5120K, 0% used [0x00000000f3200000,0x00000000f3200000,0x00000000f3700000)
 ParOldGen       total 87552K, used 16010K [0x00000000c0000000, 0x00000000c5580000, 0x00000000eab00000)
  object space 87552K, 18% used [0x00000000c0000000,0x00000000c0fa2ae0,0x00000000c5580000)
 Metaspace       used 6731K, capacity 7544K, committed 7680K, reserved 1056768K
  class space    used 627K, capacity 688K, committed 768K, reserved 1048576K

Card table byte_map: [0x0000000011450000,0x0000000011660000] byte_map_base: 0x0000000010e50000

Marking Bits: (ParMarkBitMap*) 0x0000000060c564f0
 Begin Bits: [0x0000000011bc0000, 0x0000000012bc0000)
 End Bits:   [0x0000000012bc0000, 0x0000000013bc0000)

Polling page: 0x0000000000680000

CodeCache: size=245760Kb used=10702Kb max_used=10702Kb free=235057Kb
 bounds [0x0000000002090000, 0x0000000002b10000, 0x0000000011090000]
 total_blobs=2664 nmethods=2393 adapters=183
 compilation: enabled

Compilation events (10 events):
Event: 12.753 Thread 0x00000000147bc000 2399       3       com.android.dx.dex.code.form.Form10x::writeTo (10 bytes)
Event: 12.753 Thread 0x00000000147bc000 nmethod 2399 0x0000000002b07650 code [0x0000000002b077e0, 0x0000000002b07a38]
Event: 12.753 Thread 0x00000000147bc000 2400   !   3       com.android.dx.dex.file.CodeItem::writeCodes (50 bytes)
Event: 12.753 Thread 0x00000000147bc000 nmethod 2400 0x0000000002b07b90 code [0x0000000002b07da0, 0x0000000002b087e8]
Event: 12.754 Thread 0x00000000147bc000 2402       3       com.android.dx.dex.code.HighRegisterPrefix::calculateInsnsIfNecessary (73 bytes)
Event: 12.754 Thread 0x00000000147bc000 nmethod 2402 0x0000000002b08d10 code [0x0000000002b08f40, 0x0000000002b09d18]
Event: 12.754 Thread 0x00000000147bc000 2403       3       com.android.dx.dex.code.form.Form10t::writeTo (22 bytes)
Event: 12.755 Thread 0x00000000147bc000 nmethod 2403 0x0000000002b0a3d0 code [0x0000000002b0a5a0, 0x0000000002b0ad98]
Event: 12.755 Thread 0x00000000147bc000 2405       3       com.android.dx.dex.code.InsnFormat::codeUnit (46 bytes)
Event: 12.755 Thread 0x00000000147bc000 nmethod 2405 0x0000000002b0b190 code [0x0000000002b0b320, 0x0000000002b0b658]

GC Heap History (6 events):
Event: 4.018 GC heap before
{Heap before GC invocations=1 (full 0):
 PSYoungGen      total 38400K, used 33280K [0x00000000eab00000, 0x00000000ed580000, 0x0000000100000000)
  eden space 33280K, 100% used [0x00000000eab00000,0x00000000ecb80000,0x00000000ecb80000)
  from space 5120K, 0% used [0x00000000ed080000,0x00000000ed080000,0x00000000ed580000)
  to   space 5120K, 0% used [0x00000000ecb80000,0x00000000ecb80000,0x00000000ed080000)
 ParOldGen       total 87552K, used 0K [0x00000000c0000000, 0x00000000c5580000, 0x00000000eab00000)
  object space 87552K, 0% used [0x00000000c0000000,0x00000000c0000000,0x00000000c5580000)
 Metaspace       used 6065K, capacity 6960K, committed 7040K, reserved 1056768K
  class space    used 600K, capacity 616K, committed 640K, reserved 1048576K
Event: 7.229 GC heap after
Heap after GC invocations=1 (full 0):
 PSYoungGen      total 38400K, used 5092K [0x00000000eab00000, 0x00000000ef600000, 0x0000000100000000)
  eden space 33280K, 0% used [0x00000000eab00000,0x00000000eab00000,0x00000000ecb80000)
  from space 5120K, 99% used [0x00000000ecb80000,0x00000000ed079248,0x00000000ed080000)
  to   space 5120K, 0% used [0x00000000ef100000,0x00000000ef100000,0x00000000ef600000)
 ParOldGen       total 87552K, used 1323K [0x00000000c0000000, 0x00000000c5580000, 0x00000000eab00000)
  object space 87552K, 1% used [0x00000000c0000000,0x00000000c014acc8,0x00000000c5580000)
 Metaspace       used 6065K, capacity 6960K, committed 7040K, reserved 1056768K
  class space    used 600K, capacity 616K, committed 640K, reserved 1048576K
}
Event: 8.682 GC heap before
{Heap before GC invocations=2 (full 0):
 PSYoungGen      total 38400K, used 38372K [0x00000000eab00000, 0x00000000ef600000, 0x0000000100000000)
  eden space 33280K, 100% used [0x00000000eab00000,0x00000000ecb80000,0x00000000ecb80000)
  from space 5120K, 99% used [0x00000000ecb80000,0x00000000ed079248,0x00000000ed080000)
  to   space 5120K, 0% used [0x00000000ef100000,0x00000000ef100000,0x00000000ef600000)
 ParOldGen       total 87552K, used 1323K [0x00000000c0000000, 0x00000000c5580000, 0x00000000eab00000)
  object space 87552K, 1% used [0x00000000c0000000,0x00000000c014acc8,0x00000000c5580000)
 Metaspace       used 6183K, capacity 7090K, committed 7296K, reserved 1056768K
  class space    used 603K, capacity 618K, committed 640K, reserved 1048576K
Event: 9.412 GC heap after
Heap after GC invocations=2 (full 0):
 PSYoungGen      total 71680K, used 5102K [0x00000000eab00000, 0x00000000ef600000, 0x0000000100000000)
  eden space 66560K, 0% used [0x00000000eab00000,0x00000000eab00000,0x00000000eec00000)
  from space 5120K, 99% used [0x00000000ef100000,0x00000000ef5fbb48,0x00000000ef600000)
  to   space 5120K, 0% used [0x00000000eec00000,0x00000000eec00000,0x00000000ef100000)
 ParOldGen       total 87552K, used 5588K [0x00000000c0000000, 0x00000000c5580000, 0x00000000eab00000)
  object space 87552K, 6% used [0x00000000c0000000,0x00000000c0575218,0x00000000c5580000)
 Metaspace       used 6183K, capacity 7090K, committed 7296K, reserved 1056768K
  class space    used 603K, capacity 618K, committed 640K, reserved 1048576K
}
Event: 10.187 GC heap before
{Heap before GC invocations=3 (full 0):
 PSYoungGen      total 71680K, used 71662K [0x00000000eab00000, 0x00000000ef600000, 0x0000000100000000)
  eden space 66560K, 100% used [0x00000000eab00000,0x00000000eec00000,0x00000000eec00000)
  from space 5120K, 99% used [0x00000000ef100000,0x00000000ef5fbb48,0x00000000ef600000)
  to   space 5120K, 0% used [0x00000000eec00000,0x00000000eec00000,0x00000000ef100000)
 ParOldGen       total 87552K, used 5588K [0x00000000c0000000, 0x00000000c5580000, 0x00000000eab00000)
  object space 87552K, 6% used [0x00000000c0000000,0x00000000c0575218,0x00000000c5580000)
 Metaspace       used 6280K, capacity 7090K, committed 7296K, reserved 1056768K
  class space    used 603K, capacity 618K, committed 640K, reserved 1048576K
Event: 10.848 GC heap after
Heap after GC invocations=3 (full 0):
 PSYoungGen      total 71680K, used 5112K [0x00000000eab00000, 0x00000000f3700000, 0x0000000100000000)
  eden space 66560K, 0% used [0x00000000eab00000,0x00000000eab00000,0x00000000eec00000)
  from space 5120K, 99% used [0x00000000eec00000,0x00000000ef0fe310,0x00000000ef100000)
  to   space 5120K, 0% used [0x00000000f3200000,0x00000000f3200000,0x00000000f3700000)
 ParOldGen       total 87552K, used 16010K [0x00000000c0000000, 0x00000000c5580000, 0x00000000eab00000)
  object space 87552K, 18% used [0x00000000c0000000,0x00000000c0fa2ae0,0x00000000c5580000)
 Metaspace       used 6280K, capacity 7090K, committed 7296K, reserved 1056768K
  class space    used 603K, capacity 618K, committed 640K, reserved 1048576K
}

Deoptimization events (10 events):
Event: 12.445 Thread 0x000000001630f800 Uncommon trap: reason=speculate_class_check action=maybe_recompile pc=0x000000000249d584 method=com.android.dx.util.FixedSizeList.equals(Ljava/lang/Object;)Z @ 25
Event: 12.445 Thread 0x000000001630f800 Uncommon trap: reason=class_check action=maybe_recompile pc=0x000000000249ff28 method=java.util.Arrays.equals([Ljava/lang/Object;[Ljava/lang/Object;)Z @ 62
Event: 12.445 Thread 0x000000001630f800 Uncommon trap: reason=speculate_class_check action=maybe_recompile pc=0x000000000249d584 method=com.android.dx.util.FixedSizeList.equals(Ljava/lang/Object;)Z @ 25
Event: 12.445 Thread 0x000000001630f800 Uncommon trap: reason=unstable_if action=reinterpret pc=0x000000000249ff60 method=java.util.Arrays.equals([Ljava/lang/Object;[Ljava/lang/Object;)Z @ 23
Event: 12.467 Thread 0x000000001630f800 Uncommon trap: reason=speculate_class_check action=maybe_recompile pc=0x000000000249d584 method=com.android.dx.util.FixedSizeList.equals(Ljava/lang/Object;)Z @ 25
Event: 12.467 Thread 0x000000001630f800 Uncommon trap: reason=speculate_class_check action=maybe_recompile pc=0x000000000249d584 method=com.android.dx.util.FixedSizeList.equals(Ljava/lang/Object;)Z @ 25
Event: 12.626 Thread 0x000000001630f800 Uncommon trap: reason=unstable_if action=reinterpret pc=0x00000000027fc10c method=java.util.TreeMap.put(Ljava/lang/Object;Ljava/lang/Object;)Ljava/lang/Object; @ 163
Event: 12.635 Thread 0x000000001630f800 Uncommon trap: reason=unstable_if action=reinterpret pc=0x0000000002a0c81c method=java.util.ArrayList.<init>(I)V @ 5
Event: 12.723 Thread 0x000000001630f800 Uncommon trap: reason=unstable_if action=reinterpret pc=0x0000000002346a3c method=java.lang.Long.numberOfTrailingZeros(J)I @ 3
Event: 12.731 Thread 0x000000001630f800 Uncommon trap: reason=unstable_if action=reinterpret pc=0x0000000002a75ac4 method=com.android.dx.util.ByteArrayAnnotatedOutput.writeByte(I)V @ 13

Internal exceptions (6 events):
Event: 0.214 Thread 0x0000000001f92800 Exception <a 'java/lang/NoSuchMethodError': Method sun.misc.Unsafe.defineClass(Ljava/lang/String;[BII)Ljava/lang/Class; name or signature does not match> (0x00000000eab07cc0) thrown at [D:\re\workspace\8-2-build-windows-amd64-cygwin\jdk8u92\6642\hotspot\srÑèçñJ^Ë?
Event: 0.214 Thread 0x0000000001f92800 Exception <a 'java/lang/NoSuchMethodError': Method sun.misc.Unsafe.prefetchRead(Ljava/lang/Object;J)V name or signature does not match> (0x00000000eab07fa8) thrown at [D:\re\workspace\8-2-build-windows-amd64-cygwin\jdk8u92\6642\hotspot\src\share\vm\prims\j¸Xnõ@
Event: 7.509 Thread 0x0000000016374000 Implicit null exception at 0x00000000023733d3 to 0x0000000002374d19
Event: 10.017 Thread 0x0000000001f92800 Implicit null exception at 0x00000000027936a0 to 0x0000000002795279
Event: 10.017 Thread 0x0000000001f92800 Implicit null exception at 0x000000000261487e to 0x0000000002615bd5
Event: 10.017 Thread 0x0000000001f92800 Implicit null exception at 0x000000000282adda to 0x000000000282c741

Events (10 events):
Event: 12.723 Thread 0x000000001630f800 Uncommon trap: trap_request=0xffffff65 fr.pc=0x0000000002346a3c
Event: 12.723 Thread 0x000000001630f800 DEOPT PACKING pc=0x0000000002346a3c sp=0x000000001679e990
Event: 12.723 Thread 0x000000001630f800 DEOPT UNPACKING pc=0x00000000020d582a sp=0x000000001679e920 mode 2
Event: 12.729 loading class com/android/dx/dex/file/MapItem
Event: 12.729 loading class com/android/dx/dex/file/MapItem done
Event: 12.731 loading class com/android/dex/DexFormat
Event: 12.731 loading class com/android/dex/DexFormat done
Event: 12.731 Thread 0x000000001630f800 Uncommon trap: trap_request=0xffffff65 fr.pc=0x0000000002a75ac4
Event: 12.731 Thread 0x000000001630f800 DEOPT PACKING pc=0x0000000002a75ac4 sp=0x000000001679eb50
Event: 12.731 Thread 0x000000001630f800 DEOPT UNPACKING pc=0x00000000020d582a sp=0x000000001679eb08 mode 2


Dynamic libraries:
0x00007ff7b9a90000 - 0x00007ff7b9ac7000 	C:\Program Files\Java\jdk1.8.0_92\bin\java.exe
0x00007ff8c1da0000 - 0x00007ff8c1f4a000 	C:\Windows\SYSTEM32\ntdll.dll
0x00007ff8c1530000 - 0x00007ff8c166a000 	C:\Windows\system32\KERNEL32.DLL
0x00007ff8bf4c0000 - 0x00007ff8bf5cf000 	C:\Windows\system32\KERNELBASE.dll
0x00007ff8bdd40000 - 0x00007ff8bddc8000 	C:\Windows\system32\apphelp.dll
0x00007ff8a1c90000 - 0x00007ff8a1cdf000 	C:\Windows\AppPatch\AppPatch64\AcGenral.DLL
0x00007ff8c1ce0000 - 0x00007ff8c1d87000 	C:\Windows\system32\msvcrt.dll
0x00007ff8bef50000 - 0x00007ff8bef7b000 	C:\Windows\SYSTEM32\SspiCli.dll
0x00007ff8bf7c0000 - 0x00007ff8bf811000 	C:\Windows\system32\SHLWAPI.dll
0x00007ff8c1680000 - 0x00007ff8c17f1000 	C:\Windows\system32\USER32.dll
0x00007ff8c1800000 - 0x00007ff8c1978000 	C:\Windows\system32\ole32.dll
0x00007ff8bfdc0000 - 0x00007ff8c11d7000 	C:\Windows\system32\SHELL32.dll
0x00007ff8be780000 - 0x00007ff8be79e000 	C:\Windows\SYSTEM32\USERENV.dll
0x00007ff8c1380000 - 0x00007ff8c1425000 	C:\Windows\system32\ADVAPI32.dll
0x00007ff8ba5f0000 - 0x00007ff8ba60b000 	C:\Windows\SYSTEM32\MPR.dll
0x00007ff8bf620000 - 0x00007ff8bf756000 	C:\Windows\system32\RPCRT4.dll
0x00007ff8bfa70000 - 0x00007ff8bfac7000 	C:\Windows\SYSTEM32\sechost.dll
0x00007ff8c1b00000 - 0x00007ff8c1cd6000 	C:\Windows\SYSTEM32\combase.dll
0x00007ff8bfc70000 - 0x00007ff8bfdb5000 	C:\Windows\system32\GDI32.dll
0x00007ff8bf110000 - 0x00007ff8bf124000 	C:\Windows\SYSTEM32\profapi.dll
0x00007ff8bd770000 - 0x00007ff8bd80f000 	C:\Windows\SYSTEM32\SHCORE.dll
0x00007ff8c1430000 - 0x00007ff8c1464000 	C:\Windows\system32\IMM32.DLL
0x00007ff8c11e0000 - 0x00007ff8c1319000 	C:\Windows\system32\MSCTF.dll
0x00007ff8bcef0000 - 0x00007ff8bd14a000 	C:\Windows\WinSxS\amd64_microsoft.windows.common-controls_6595b64144ccf1df_6.0.9600.17031_none_6242a4b3ecbb55a1\COMCTL32.dll
0x000000005fcc0000 - 0x000000005fd92000 	C:\Program Files\Java\jdk1.8.0_92\jre\bin\msvcr100.dll
0x0000000060440000 - 0x0000000060cd6000 	C:\Program Files\Java\jdk1.8.0_92\jre\bin\server\jvm.dll
0x00007ff8b7f00000 - 0x00007ff8b7f09000 	C:\Windows\SYSTEM32\WSOCK32.dll
0x00007ff8baf20000 - 0x00007ff8baf3f000 	C:\Windows\SYSTEM32\WINMM.dll
0x00007ff8bce20000 - 0x00007ff8bce2a000 	C:\Windows\SYSTEM32\VERSION.dll
0x00007ff8c1670000 - 0x00007ff8c1677000 	C:\Windows\system32\PSAPI.DLL
0x00007ff8c1320000 - 0x00007ff8c1378000 	C:\Windows\system32\WS2_32.dll
0x00007ff8ba790000 - 0x00007ff8ba7ba000 	C:\Windows\SYSTEM32\WINMMBASE.dll
0x00007ff8bf820000 - 0x00007ff8bf829000 	C:\Windows\system32\NSI.dll
0x00007ff8bf1e0000 - 0x00007ff8bf22a000 	C:\Windows\SYSTEM32\cfgmgr32.dll
0x00007ff8bdf90000 - 0x00007ff8bdfb6000 	C:\Windows\SYSTEM32\DEVOBJ.dll
0x0000000060f50000 - 0x0000000060f5f000 	C:\Program Files\Java\jdk1.8.0_92\jre\bin\verify.dll
0x0000000060410000 - 0x0000000060439000 	C:\Program Files\Java\jdk1.8.0_92\jre\bin\java.dll
0x00000000603f0000 - 0x0000000060406000 	C:\Program Files\Java\jdk1.8.0_92\jre\bin\zip.dll

VM Arguments:
jvm_args: -Djava.awt.headless=true -Xmx1024M -Dfile.encoding=windows-1252 -Duser.country=US -Duser.language=en -Duser.variant 
java_command: com.android.dx.command.Main --dex --force-jumbo --num-threads=4 --multi-dex --output C:\Zooket\app\build\intermediates\transforms\dex\debug\folders\1000\10\com.android.support-design-23.4.0_55f6bf198495ed160302d6fdc73c65d7af5889f1 C:\Zooket\app\build\intermediates\exploded-aar\com.android.support\design\23.4.0\jars\classes.jar
java_class_path (initial): C:\android-sdk-windows\build-tools\24.0.3\lib\dx.jar
Launcher Type: SUN_STANDARD

Environment Variables:
PATH=C:\ProgramData\Oracle\Java\javapath;C:\Windows\system32;C:\Windows;C:\Windows\System32\Wbem;C:\Windows\System32\WindowsPowerShell\v1.0\;C:\Program Files (x86)\NVIDIA Corporation\PhysX\Common;C:\Program Files (x86)\Windows Kits\8.1\Windows Performance Toolkit\;C:\Program Files\Microsoft SQL Server\110\Tools\Binn\;C:\Program Files\Microsoft SQL Server\110\DTS\Binn\;C:\Program Files (x86)\Microsoft SQL Server\110\Tools\Binn\;C:\Program Files (x86)\Microsoft SQL Server\110\Tools\Binn\ManagementStudio\;C:\Program Files (x86)\Microsoft Visual Studio 10.0\Common7\IDE\PrivateAssemblies\;C:\Program Files (x86)\Microsoft SQL Server\110\DTS\Binn\;C:\Program Files (x86)\GtkSharp\2.12\bin;C:\Program Files (x86)\QuickTime\QTSystem\
USERNAME=Smo
OS=Windows_NT
PROCESSOR_IDENTIFIER=Intel64 Family 6 Model 94 Stepping 3, GenuineIntel



---------------  S Y S T E M  ---------------

OS: Windows 8.1 , 64 bit Build 9600 (6.3.9600.17056)

CPU:total 4 (4 cores per cpu, 1 threads per core) family 6 model 94 stepping 3, cmov, cx8, fxsr, mmx, sse, sse2, sse3, ssse3, sse4.1, sse4.2, popcnt, avx, avx2, aes, clmul, erms, 3dnowpref, lzcnt, tsc, tscinvbit, bmi1, bmi2, adx

Memory: 4k page, physical 8266404k(1446904k free), swap 8266404k(5200k free)

vm_info: Java HotSpot(TM) 64-Bit Server VM (25.92-b14) for windows-amd64 JRE (1.8.0_92-b14), built on Mar 31 2016 21:03:04 by "java_re" with MS VC++ 10.0 (VS2010)

time: Tue May 09 21:31:04 2017
elapsed time: 12 seconds (0d 0h 0m 12s)

