#
# There is insufficient memory for the Java Runtime Environment to continue.
# Native memory allocation (malloc) failed to allocate 656256 bytes for Chunk::new
# Possible reasons:
#   The system is out of physical RAM or swap space
#   In 32 bit mode, the process size limit was hit
# Possible solutions:
#   Reduce memory load on the system
#   Increase physical memory or swap space
#   Check if swap backing store is full
#   Use 64 bit Java on a 64 bit OS
#   Decrease Java heap size (-Xmx/-Xms)
#   Decrease number of Java threads
#   Decrease Java thread stack sizes (-Xss)
#   Set larger code cache with -XX:ReservedCodeCacheSize=
# This output file may be truncated or incomplete.
#
#  Out of Memory Error (allocation.cpp:390), pid=2172, tid=0x00000000000022fc
#
# JRE version: Java(TM) SE Runtime Environment (8.0_92-b14) (build 1.8.0_92-b14)
# Java VM: Java HotSpot(TM) 64-Bit Server VM (25.92-b14 mixed mode windows-amd64 compressed oops)
# Failed to write core dump. Minidumps are not enabled by default on client versions of Windows
#

---------------  T H R E A D  ---------------

Current thread (0x000000001486d000):  JavaThread "C2 CompilerThread0" daemon [_thread_in_native, id=8956, stack(0x0000000015dc0000,0x0000000015ec0000)]

Stack: [0x0000000015dc0000,0x0000000015ec0000]
[error occurred during error reporting (printing stack bounds), id 0xc0000005]

Native frames: (J=compiled Java code, j=interpreted, Vv=VM code, C=native code)


Current CompileTask:
C2:   1651 1117       4       com.android.dx.ssa.SCCP::simulateStmt (481 bytes)


---------------  P R O C E S S  ---------------

Java Threads: ( => current thread )
  0x000000001636b800 JavaThread "pool-1-thread-4" [_thread_in_Java, id=1236, stack(0x00000000172c0000,0x00000000173c0000)]
  0x000000001636a800 JavaThread "pool-1-thread-3" [_thread_blocked, id=2100, stack(0x00000000171c0000,0x00000000172c0000)]
  0x0000000016262800 JavaThread "pool-1-thread-2" [_thread_blocked, id=6528, stack(0x00000000170c0000,0x00000000171c0000)]
  0x0000000016261800 JavaThread "pool-2-thread-1" [_thread_blocked, id=2228, stack(0x0000000016fc0000,0x00000000170c0000)]
  0x0000000016261000 JavaThread "pool-1-thread-1" [_thread_blocked, id=8012, stack(0x0000000016ec0000,0x0000000016fc0000)]
  0x0000000015fce800 JavaThread "Service Thread" daemon [_thread_blocked, id=8664, stack(0x00000000164c0000,0x00000000165c0000)]
  0x00000000148ce000 JavaThread "C1 CompilerThread2" daemon [_thread_blocked, id=1672, stack(0x00000000163c0000,0x00000000164c0000)]
  0x0000000014870000 JavaThread "C2 CompilerThread1" daemon [_thread_in_native, id=9064, stack(0x0000000015ec0000,0x0000000015fc0000)]
=>0x000000001486d000 JavaThread "C2 CompilerThread0" daemon [_thread_in_native, id=8956, stack(0x0000000015dc0000,0x0000000015ec0000)]
  0x000000001486b000 JavaThread "Attach Listener" daemon [_thread_blocked, id=8428, stack(0x0000000015cc0000,0x0000000015dc0000)]
  0x0000000014869800 JavaThread "Signal Dispatcher" daemon [_thread_blocked, id=5040, stack(0x0000000015bc0000,0x0000000015cc0000)]
  0x000000000219a800 JavaThread "Finalizer" daemon [_thread_blocked, id=4216, stack(0x0000000015ac0000,0x0000000015bc0000)]
  0x0000000014839000 JavaThread "Reference Handler" daemon [_thread_blocked, id=3176, stack(0x00000000159c0000,0x0000000015ac0000)]
  0x00000000020a2800 JavaThread "main" [_thread_blocked, id=8568, stack(0x0000000001fa0000,0x00000000020a0000)]

Other Threads:
  0x0000000014837800 VMThread [stack: 0x00000000158c0000,0x00000000159c0000] [id=9164]
  0x0000000015fe2800 WatcherThread [stack: 0x00000000165c0000,0x00000000166c0000] [id=8364]

VM state:not at safepoint (normal execution)

VM Mutex/Monitor currently owned by a thread: None

Heap:
 PSYoungGen      total 38400K, used 15048K [0x00000000eab00000, 0x00000000ed580000, 0x0000000100000000)
  eden space 33280K, 29% used [0x00000000eab00000,0x00000000eb4b40b0,0x00000000ecb80000)
  from space 5120K, 99% used [0x00000000ecb80000,0x00000000ed07e2f8,0x00000000ed080000)
  to   space 5120K, 0% used [0x00000000ed080000,0x00000000ed080000,0x00000000ed580000)
 ParOldGen       total 87552K, used 833K [0x00000000c0000000, 0x00000000c5580000, 0x00000000eab00000)
  object space 87552K, 0% used [0x00000000c0000000,0x00000000c00d07e8,0x00000000c5580000)
 Metaspace       used 6076K, capacity 6962K, committed 7040K, reserved 1056768K
  class space    used 604K, capacity 618K, committed 640K, reserved 1048576K

Card table byte_map: [0x0000000011560000,0x0000000011770000] byte_map_base: 0x0000000010f60000

Marking Bits: (ParMarkBitMap*) 0x00000000542664f0
 Begin Bits: [0x0000000011cd0000, 0x0000000012cd0000)
 End Bits:   [0x0000000012cd0000, 0x0000000013cd0000)

Polling page: 0x0000000001e20000

CodeCache: size=245760Kb used=4994Kb max_used=4994Kb free=240765Kb
 bounds [0x00000000021a0000, 0x0000000002690000, 0x00000000111a0000]
 total_blobs=1564 nmethods=1295 adapters=182
 compilation: enabled

Compilation events (10 events):
Event: 1.648 Thread 0x00000000148ce000 1306       2       com.android.dx.util.LabeledList::<init> (57 bytes)
Event: 1.649 Thread 0x00000000148ce000 nmethod 1306 0x0000000002681a10 code [0x0000000002681be0, 0x0000000002682198]
Event: 1.649 Thread 0x00000000148ce000 1307       2       com.android.dx.cf.code.OneLocalsArray::merge (22 bytes)
Event: 1.649 Thread 0x00000000148ce000 nmethod 1307 0x00000000026828d0 code [0x0000000002682a80, 0x0000000002682d78]
Event: 1.649 Thread 0x00000000148ce000 1308   !   2       com.android.dx.cf.code.ExecutionStack::merge (31 bytes)
Event: 1.650 Thread 0x00000000148ce000 nmethod 1308 0x0000000002682f50 code [0x00000000026830e0, 0x0000000002683328]
Event: 1.650 Thread 0x00000000148ce000 1309       2       com.android.dx.cf.code.Frame::mergeSubroutineLists (90 bytes)
Event: 1.650 Thread 0x00000000148ce000 nmethod 1309 0x0000000002683490 code [0x0000000002683640, 0x00000000026839a8]
Event: 1.650 Thread 0x00000000148ce000 1310       2       com.android.dx.cf.code.Frame::adjustLocalsForSubroutines (28 bytes)
Event: 1.650 Thread 0x00000000148ce000 nmethod 1310 0x0000000002683c50 code [0x0000000002683dc0, 0x0000000002683fc8]

GC Heap History (2 events):
Event: 0.843 GC heap before
{Heap before GC invocations=1 (full 0):
 PSYoungGen      total 38400K, used 33280K [0x00000000eab00000, 0x00000000ed580000, 0x0000000100000000)
  eden space 33280K, 100% used [0x00000000eab00000,0x00000000ecb80000,0x00000000ecb80000)
  from space 5120K, 0% used [0x00000000ed080000,0x00000000ed080000,0x00000000ed580000)
  to   space 5120K, 0% used [0x00000000ecb80000,0x00000000ecb80000,0x00000000ed080000)
 ParOldGen       total 87552K, used 0K [0x00000000c0000000, 0x00000000c5580000, 0x00000000eab00000)
  object space 87552K, 0% used [0x00000000c0000000,0x00000000c0000000,0x00000000c5580000)
 Metaspace       used 5961K, capacity 6898K, committed 7040K, reserved 1056768K
  class space    used 604K, capacity 618K, committed 640K, reserved 1048576K
Event: 1.561 GC heap after
Heap after GC invocations=1 (full 0):
 PSYoungGen      total 38400K, used 5112K [0x00000000eab00000, 0x00000000ed580000, 0x0000000100000000)
  eden space 33280K, 0% used [0x00000000eab00000,0x00000000eab00000,0x00000000ecb80000)
  from space 5120K, 99% used [0x00000000ecb80000,0x00000000ed07e2f8,0x00000000ed080000)
  to   space 5120K, 0% used [0x00000000ed080000,0x00000000ed080000,0x00000000ed580000)
 ParOldGen       total 87552K, used 833K [0x00000000c0000000, 0x00000000c5580000, 0x00000000eab00000)
  object space 87552K, 0% used [0x00000000c0000000,0x00000000c00d07e8,0x00000000c5580000)
 Metaspace       used 5961K, capacity 6898K, committed 7040K, reserved 1056768K
  class space    used 604K, capacity 618K, committed 640K, reserved 1048576K
}

Deoptimization events (4 events):
Event: 0.151 Thread 0x00000000020a2800 Uncommon trap: reason=unstable_if action=reinterpret pc=0x00000000022fae54 method=java.lang.String.compareTo(Ljava/lang/String;)I @ 38
Event: 0.512 Thread 0x0000000016261000 Uncommon trap: reason=unstable_if action=reinterpret pc=0x00000000024332b4 method=java.util.BitSet.ensureCapacity(I)V @ 6
Event: 0.518 Thread 0x0000000016261000 Uncommon trap: reason=unstable_if action=reinterpret pc=0x00000000023ece70 method=java.util.BitSet.nextSetBit(I)I @ 87
Event: 0.667 Thread 0x000000001636b800 Uncommon trap: reason=unstable_if action=reinterpret pc=0x000000000248e704 method=com.android.dx.rop.code.RegisterSpec.equals(ILcom/android/dx/rop/type/TypeBearer;Lcom/android/dx/rop/code/LocalItem;)Z @ 42

Internal exceptions (2 events):
Event: 0.026 Thread 0x00000000020a2800 Exception <a 'java/lang/NoSuchMethodError': Method sun.misc.Unsafe.defineClass(Ljava/lang/String;[BII)Ljava/lang/Class; name or signature does not match> (0x00000000eab07cc0) thrown at [D:\re\workspace\8-2-build-windows-amd64-cygwin\jdk8u92\6642\hotspot\srò¥?a¥Cš?
Event: 0.026 Thread 0x00000000020a2800 Exception <a 'java/lang/NoSuchMethodError': Method sun.misc.Unsafe.prefetchRead(Ljava/lang/Object;J)V name or signature does not match> (0x00000000eab07fa8) thrown at [D:\re\workspace\8-2-build-windows-amd64-cygwin\jdk8u92\6642\hotspot\src\share\vm\prims\j

Events (10 events):
Event: 0.611 loading class com/android/dx/dex/file/FieldAnnotationStruct done
Event: 0.612 loading class com/android/dx/cf/code/SwitchList
Event: 0.612 loading class com/android/dx/cf/code/SwitchList done
Event: 0.659 loading class java/util/DualPivotQuicksort
Event: 0.660 loading class java/util/DualPivotQuicksort done
Event: 0.667 Thread 0x000000001636b800 Uncommon trap: trap_request=0xffffff65 fr.pc=0x000000000248e704
Event: 0.667 Thread 0x000000001636b800 DEOPT PACKING pc=0x000000000248e704 sp=0x00000000173be880
Event: 0.667 Thread 0x000000001636b800 DEOPT UNPACKING pc=0x00000000021e582a sp=0x00000000173be808 mode 2
Event: 0.831 Executing VM operation: ParallelGCFailedAllocation
Event: 1.561 Executing VM operation: ParallelGCFailedAllocation done


Dynamic libraries:
0x00007ff77dd40000 - 0x00007ff77dd77000 	C:\Program Files\Java\jdk1.8.0_92\bin\java.exe
0x00007ff95e280000 - 0x00007ff95e42a000 	C:\Windows\SYSTEM32\ntdll.dll
0x00007ff95d9d0000 - 0x00007ff95db0a000 	C:\Windows\system32\KERNEL32.DLL
0x00007ff95b9f0000 - 0x00007ff95baff000 	C:\Windows\system32\KERNELBASE.dll
0x00007ff95a220000 - 0x00007ff95a2a8000 	C:\Windows\system32\apphelp.dll
0x00007ff93af80000 - 0x00007ff93afcf000 	C:\Windows\AppPatch\AppPatch64\AcGenral.DLL
0x00007ff95bb10000 - 0x00007ff95bbb7000 	C:\Windows\system32\msvcrt.dll
0x00007ff95b430000 - 0x00007ff95b45b000 	C:\Windows\SYSTEM32\SspiCli.dll
0x00007ff95dd10000 - 0x00007ff95dd61000 	C:\Windows\system32\SHLWAPI.dll
0x00007ff95d460000 - 0x00007ff95d5d1000 	C:\Windows\system32\USER32.dll
0x00007ff95df50000 - 0x00007ff95e0c8000 	C:\Windows\system32\ole32.dll
0x00007ff95bbc0000 - 0x00007ff95cfd7000 	C:\Windows\system32\SHELL32.dll
0x00007ff95ac60000 - 0x00007ff95ac7e000 	C:\Windows\SYSTEM32\USERENV.dll
0x00007ff95db10000 - 0x00007ff95dbb5000 	C:\Windows\system32\ADVAPI32.dll
0x00007ff956ad0000 - 0x00007ff956aeb000 	C:\Windows\SYSTEM32\MPR.dll
0x00007ff95d5e0000 - 0x00007ff95d716000 	C:\Windows\system32\RPCRT4.dll
0x00007ff95e0d0000 - 0x00007ff95e127000 	C:\Windows\SYSTEM32\sechost.dll
0x00007ff95d090000 - 0x00007ff95d266000 	C:\Windows\SYSTEM32\combase.dll
0x00007ff95e130000 - 0x00007ff95e275000 	C:\Windows\system32\GDI32.dll
0x00007ff95b5f0000 - 0x00007ff95b604000 	C:\Windows\SYSTEM32\profapi.dll
0x00007ff959c50000 - 0x00007ff959cef000 	C:\Windows\SYSTEM32\SHCORE.dll
0x00007ff95dd70000 - 0x00007ff95dda4000 	C:\Windows\system32\IMM32.DLL
0x00007ff95d320000 - 0x00007ff95d459000 	C:\Windows\system32\MSCTF.dll
0x00007ff959340000 - 0x00007ff95959a000 	C:\Windows\WinSxS\amd64_microsoft.windows.common-controls_6595b64144ccf1df_6.0.9600.17031_none_6242a4b3ecbb55a1\COMCTL32.dll
0x0000000053650000 - 0x0000000053722000 	C:\Program Files\Java\jdk1.8.0_92\jre\bin\msvcr100.dll
0x0000000053a50000 - 0x00000000542e6000 	C:\Program Files\Java\jdk1.8.0_92\jre\bin\server\jvm.dll
0x00007ff951bb0000 - 0x00007ff951bb9000 	C:\Windows\SYSTEM32\WSOCK32.dll
0x00007ff952430000 - 0x00007ff95244f000 	C:\Windows\SYSTEM32\WINMM.dll
0x00007ff959300000 - 0x00007ff95930a000 	C:\Windows\SYSTEM32\VERSION.dll
0x00007ff95bb00000 - 0x00007ff95bb07000 	C:\Windows\system32\PSAPI.DLL
0x00007ff95d910000 - 0x00007ff95d968000 	C:\Windows\system32\WS2_32.dll
0x00007ff9523f0000 - 0x00007ff95241a000 	C:\Windows\SYSTEM32\WINMMBASE.dll
0x00007ff95d720000 - 0x00007ff95d729000 	C:\Windows\system32\NSI.dll
0x00007ff95b7c0000 - 0x00007ff95b80a000 	C:\Windows\SYSTEM32\cfgmgr32.dll
0x00007ff95a470000 - 0x00007ff95a496000 	C:\Windows\SYSTEM32\DEVOBJ.dll
0x00000000545e0000 - 0x00000000545ef000 	C:\Program Files\Java\jdk1.8.0_92\jre\bin\verify.dll
0x00000000545b0000 - 0x00000000545d9000 	C:\Program Files\Java\jdk1.8.0_92\jre\bin\java.dll
0x0000000054590000 - 0x00000000545a6000 	C:\Program Files\Java\jdk1.8.0_92\jre\bin\zip.dll

VM Arguments:
jvm_args: -Djava.awt.headless=true -Xmx1024M -Dfile.encoding=windows-1252 -Duser.country=US -Duser.language=en -Duser.variant 
java_command: com.android.dx.command.Main --dex --force-jumbo --num-threads=4 --output C:\Zooket\app\build\intermediates\pre-dexed\debug\com.android.support-appcompat-v7-23.4.0_fda78873d11546ce0404252f8f37bf8df30f60cc.jar C:\Zooket\app\build\intermediates\exploded-aar\com.android.support\appcompat-v7\23.4.0\jars\classes.jar
java_class_path (initial): C:\android-sdk-windows\build-tools\24.0.3\lib\dx.jar
Launcher Type: SUN_STANDARD

Environment Variables:
PATH=C:\ProgramData\Oracle\Java\javapath;C:\Windows\system32;C:\Windows;C:\Windows\System32\Wbem;C:\Windows\System32\WindowsPowerShell\v1.0\;C:\Program Files (x86)\NVIDIA Corporation\PhysX\Common;C:\Program Files (x86)\Windows Kits\8.1\Windows Performance Toolkit\;C:\Program Files\Microsoft SQL Server\110\Tools\Binn\;C:\Program Files\Microsoft SQL Server\110\DTS\Binn\;C:\Program Files (x86)\Microsoft SQL Server\110\Tools\Binn\;C:\Program Files (x86)\Microsoft SQL Server\110\Tools\Binn\ManagementStudio\;C:\Program Files (x86)\Microsoft Visual Studio 10.0\Common7\IDE\PrivateAssemblies\;C:\Program Files (x86)\Microsoft SQL Server\110\DTS\Binn\;C:\Program Files (x86)\GtkSharp\2.12\bin;C:\Program Files (x86)\QuickTime\QTSystem\
USERNAME=Smo
OS=Windows_NT
PROCESSOR_IDENTIFIER=Intel64 Family 6 Model 94 Stepping 3, GenuineIntel



---------------  S Y S T E M  ---------------

OS: Windows 8.1 , 64 bit Build 9600 (6.3.9600.17056)

CPU:total 4 (4 cores per cpu, 1 threads per core) family 6 model 94 stepping 3, cmov, cx8, fxsr, mmx, sse, sse2, sse3, ssse3, sse4.1, sse4.2, popcnt, avx, avx2, aes, clmul, erms, 3dnowpref, lzcnt, tsc, tscinvbit, bmi1, bmi2, adx

Memory: 4k page, physical 8266404k(1679168k free), swap 8266404k(5692k free)

vm_info: Java HotSpot(TM) 64-Bit Server VM (25.92-b14) for windows-amd64 JRE (1.8.0_92-b14), built on Mar 31 2016 21:03:04 by "java_re" with MS VC++ 10.0 (VS2010)

time: Mon May 08 12:02:02 2017
elapsed time: 1 seconds (0d 0h 0m 1s)

