#
# There is insufficient memory for the Java Runtime Environment to continue.
# Native memory allocation (malloc) failed to allocate 390096 bytes for Chunk::new
# Possible reasons:
#   The system is out of physical RAM or swap space
#   In 32 bit mode, the process size limit was hit
# Possible solutions:
#   Reduce memory load on the system
#   Increase physical memory or swap space
#   Check if swap backing store is full
#   Use 64 bit Java on a 64 bit OS
#   Decrease Java heap size (-Xmx/-Xms)
#   Decrease number of Java threads
#   Decrease Java thread stack sizes (-Xss)
#   Set larger code cache with -XX:ReservedCodeCacheSize=
# This output file may be truncated or incomplete.
#
#  Out of Memory Error (allocation.cpp:390), pid=6268, tid=0x00000000000017cc
#
# JRE version: Java(TM) SE Runtime Environment (8.0_92-b14) (build 1.8.0_92-b14)
# Java VM: Java HotSpot(TM) 64-Bit Server VM (25.92-b14 mixed mode windows-amd64 compressed oops)
# Failed to write core dump. Minidumps are not enabled by default on client versions of Windows
#

---------------  T H R E A D  ---------------

Current thread (0x000000001470e000):  JavaThread "C2 CompilerThread0" daemon [_thread_in_native, id=6092, stack(0x0000000015d50000,0x0000000015e50000)]

Stack: [0x0000000015d50000,0x0000000015e50000]
[error occurred during error reporting (printing stack bounds), id 0xc0000005]

Native frames: (J=compiled Java code, j=interpreted, Vv=VM code, C=native code)


Current CompileTask:
C2:    903 1206       4       com.android.dx.ssa.SCCP::simulateStmt (481 bytes)


---------------  P R O C E S S  ---------------

Java Threads: ( => current thread )
  0x00000000161aa000 JavaThread "pool-1-thread-4" [_thread_in_Java, id=7504, stack(0x0000000016a50000,0x0000000016b50000)]
  0x00000000161cf800 JavaThread "pool-1-thread-3" [_thread_in_vm, id=8504, stack(0x0000000016950000,0x0000000016a50000)]
  0x00000000160e8800 JavaThread "pool-1-thread-2" [_thread_in_Java, id=8532, stack(0x0000000016850000,0x0000000016950000)]
  0x00000000160e5800 JavaThread "pool-2-thread-1" [_thread_blocked, id=8568, stack(0x0000000016750000,0x0000000016850000)]
  0x00000000160e3000 JavaThread "pool-1-thread-1" [_thread_in_Java, id=5708, stack(0x0000000016650000,0x0000000016750000)]
  0x0000000015f56800 JavaThread "Service Thread" daemon [_thread_blocked, id=6948, stack(0x0000000016450000,0x0000000016550000)]
  0x0000000015f51000 JavaThread "C1 CompilerThread2" daemon [_thread_blocked, id=6980, stack(0x0000000016350000,0x0000000016450000)]
  0x0000000014767800 JavaThread "C2 CompilerThread1" daemon [_thread_blocked, id=7704, stack(0x0000000015e50000,0x0000000015f50000)]
=>0x000000001470e000 JavaThread "C2 CompilerThread0" daemon [_thread_in_native, id=6092, stack(0x0000000015d50000,0x0000000015e50000)]
  0x000000001470c000 JavaThread "Attach Listener" daemon [_thread_blocked, id=8208, stack(0x0000000015c50000,0x0000000015d50000)]
  0x000000001470b000 JavaThread "Signal Dispatcher" daemon [_thread_blocked, id=9184, stack(0x0000000015b50000,0x0000000015c50000)]
  0x00000000146fa800 JavaThread "Finalizer" daemon [_thread_blocked, id=8216, stack(0x0000000015970000,0x0000000015a70000)]
  0x0000000002030800 JavaThread "Reference Handler" daemon [_thread_blocked, id=7748, stack(0x0000000015870000,0x0000000015970000)]
  0x0000000001f42800 JavaThread "main" [_thread_in_Java, id=8492, stack(0x0000000001db0000,0x0000000001eb0000)]

Other Threads:
  0x00000000146d8800 VMThread [stack: 0x0000000015770000,0x0000000015870000] [id=5820]
  0x0000000015f72800 WatcherThread [stack: 0x0000000016550000,0x0000000016650000] [id=9060]

VM state:not at safepoint (normal execution)

VM Mutex/Monitor currently owned by a thread: None

Heap:
 PSYoungGen      total 38400K, used 33280K [0x00000000eab00000, 0x00000000ed580000, 0x0000000100000000)
  eden space 33280K, 100% used [0x00000000eab00000,0x00000000ecb80000,0x00000000ecb80000)
  from space 5120K, 0% used [0x00000000ed080000,0x00000000ed080000,0x00000000ed580000)
  to   space 5120K, 0% used [0x00000000ecb80000,0x00000000ecb80000,0x00000000ed080000)
 ParOldGen       total 87552K, used 0K [0x00000000c0000000, 0x00000000c5580000, 0x00000000eab00000)
  object space 87552K, 0% used [0x00000000c0000000,0x00000000c0000000,0x00000000c5580000)
 Metaspace       used 6014K, capacity 6964K, committed 7040K, reserved 1056768K
  class space    used 601K, capacity 620K, committed 640K, reserved 1048576K

Card table byte_map: [0x0000000011400000,0x0000000011610000] byte_map_base: 0x0000000010e00000

Marking Bits: (ParMarkBitMap*) 0x00000000542664f0
 Begin Bits: [0x0000000011b70000, 0x0000000012b70000)
 End Bits:   [0x0000000012b70000, 0x0000000013b70000)

Polling page: 0x00000000005f0000

CodeCache: size=245760Kb used=5034Kb max_used=5045Kb free=240725Kb
 bounds [0x0000000002040000, 0x0000000002540000, 0x0000000011040000]
 total_blobs=1531 nmethods=1262 adapters=182
 compilation: enabled

Compilation events (10 events):
Event: 0.885 Thread 0x0000000015f51000 nmethod 1260 0x000000000252cc10 code [0x000000000252cda0, 0x000000000252d158]
Event: 0.885 Thread 0x0000000015f51000 1261       3       com.android.dx.dex.cf.AttributeTranslator::getAnnotations0 (62 bytes)
Event: 0.885 Thread 0x0000000015f51000 nmethod 1261 0x000000000252b750 code [0x000000000252b960, 0x000000000252c698]
Event: 0.893 Thread 0x0000000014767800 nmethod 1263 0x0000000002531210 code [0x00000000025313a0, 0x0000000002531ad8]
Event: 0.893 Thread 0x0000000014767800 1252       4       com.android.dx.ssa.SsaMethod$1::visitNonMoveInsn (26 bytes)
Event: 0.893 Thread 0x0000000014767800 nmethod 1252 0x0000000002522f10 code [0x0000000002523060, 0x0000000002523158]
Event: 0.893 Thread 0x0000000014767800 1262       4       com.android.dx.rop.cst.CstType::compareTo0 (25 bytes)
Event: 0.894 Thread 0x0000000014767800 nmethod 1262 0x000000000252f390 code [0x000000000252f4e0, 0x000000000252f6d8]
Event: 0.894 Thread 0x0000000014767800 1033       4       com.android.dx.rop.code.Rop::isCommutative (60 bytes)
Event: 0.894 Thread 0x0000000014767800 nmethod 1033 0x00000000024db950 code [0x00000000024dba80, 0x00000000024dbb18]

GC Heap History (0 events):
No events

Deoptimization events (10 events):
Event: 0.753 Thread 0x00000000161cf800 Uncommon trap: reason=unstable_if action=reinterpret pc=0x0000000002389aac method=com.android.dx.rop.code.RegisterSpecSet.put(Lcom/android/dx/rop/code/RegisterSpec;)V @ 77
Event: 0.753 Thread 0x00000000161cf800 Uncommon trap: reason=unstable_if action=reinterpret pc=0x0000000002382398 method=com.android.dx.rop.code.RegisterSpecSet.put(Lcom/android/dx/rop/code/RegisterSpec;)V @ 77
Event: 0.758 Thread 0x00000000161aa000 Uncommon trap: reason=class_check action=maybe_recompile pc=0x00000000022a4cf0 method=com.android.dx.ssa.NormalSsaInsn.accept(Lcom/android/dx/ssa/SsaInsn$Visitor;)V @ 9
Event: 0.758 Thread 0x00000000161aa000 Uncommon trap: reason=class_check action=maybe_recompile pc=0x00000000022a4cf0 method=com.android.dx.ssa.NormalSsaInsn.accept(Lcom/android/dx/ssa/SsaInsn$Visitor;)V @ 9
Event: 0.758 Thread 0x00000000161aa000 Uncommon trap: reason=class_check action=maybe_recompile pc=0x00000000022a4cf0 method=com.android.dx.ssa.NormalSsaInsn.accept(Lcom/android/dx/ssa/SsaInsn$Visitor;)V @ 9
Event: 0.758 Thread 0x00000000161aa000 Uncommon trap: reason=class_check action=maybe_recompile pc=0x00000000022a4cf0 method=com.android.dx.ssa.NormalSsaInsn.accept(Lcom/android/dx/ssa/SsaInsn$Visitor;)V @ 9
Event: 0.801 Thread 0x00000000161aa000 Uncommon trap: reason=class_check action=maybe_recompile pc=0x00000000024036d4 method=com.android.dx.ssa.NormalSsaInsn.accept(Lcom/android/dx/ssa/SsaInsn$Visitor;)V @ 9
Event: 0.802 Thread 0x00000000161aa000 Uncommon trap: reason=class_check action=maybe_recompile pc=0x00000000024267c8 method=com.android.dx.ssa.NormalSsaInsn.accept(Lcom/android/dx/ssa/SsaInsn$Visitor;)V @ 9
Event: 0.804 Thread 0x00000000161cf800 Uncommon trap: reason=unstable_if action=reinterpret pc=0x000000000233c15c method=com.android.dx.rop.cst.Constant.compareTo(Lcom/android/dx/rop/cst/Constant;)I @ 12
Event: 0.849 Thread 0x00000000160e8800 Uncommon trap: reason=unstable_if action=reinterpret pc=0x00000000023c243c method=com.android.dx.util.IntList.binarysearch(I)I @ 105

Internal exceptions (3 events):
Event: 0.153 Thread 0x0000000001f42800 Exception <a 'java/lang/NoSuchMethodError': Method sun.misc.Unsafe.defineClass(Ljava/lang/String;[BII)Ljava/lang/Class; name or signature does not match> (0x00000000eab07cc0) thrown at [D:\re\workspace\8-2-build-windows-amd64-cygwin\jdk8u92\6642\hotspot\sroHe”¢Ã?
Event: 0.153 Thread 0x0000000001f42800 Exception <a 'java/lang/NoSuchMethodError': Method sun.misc.Unsafe.prefetchRead(Ljava/lang/Object;J)V name or signature does not match> (0x00000000eab07fa8) thrown at [D:\re\workspace\8-2-build-windows-amd64-cygwin\jdk8u92\6642\hotspot\src\share\vm\prims\jV%°Xpóæ?
Event: 0.717 Thread 0x00000000161aa000 Implicit null exception at 0x0000000002320be9 to 0x000000000232240d

Events (10 events):
Event: 0.802 Thread 0x00000000161aa000 DEOPT PACKING pc=0x00000000024267c8 sp=0x0000000016b4e4e0
Event: 0.802 Thread 0x00000000161aa000 DEOPT UNPACKING pc=0x000000000208582a sp=0x0000000016b4e400 mode 2
Event: 0.804 Thread 0x00000000161cf800 Uncommon trap: trap_request=0xffffff65 fr.pc=0x000000000233c15c
Event: 0.804 Thread 0x00000000161cf800 DEOPT PACKING pc=0x000000000233c15c sp=0x0000000016a4e620
Event: 0.804 Thread 0x00000000161cf800 DEOPT UNPACKING pc=0x000000000208582a sp=0x0000000016a4e5c0 mode 2
Event: 0.820 loading class java/util/DualPivotQuicksort
Event: 0.820 loading class java/util/DualPivotQuicksort done
Event: 0.849 Thread 0x00000000160e8800 Uncommon trap: trap_request=0xffffff65 fr.pc=0x00000000023c243c
Event: 0.849 Thread 0x00000000160e8800 DEOPT PACKING pc=0x00000000023c243c sp=0x000000001694e600
Event: 0.849 Thread 0x00000000160e8800 DEOPT UNPACKING pc=0x000000000208582a sp=0x000000001694e578 mode 2


Dynamic libraries:
0x00007ff77dd40000 - 0x00007ff77dd77000 	C:\Program Files\Java\jdk1.8.0_92\bin\java.exe
0x00007ff95e280000 - 0x00007ff95e42a000 	C:\Windows\SYSTEM32\ntdll.dll
0x00007ff95d9d0000 - 0x00007ff95db0a000 	C:\Windows\system32\KERNEL32.DLL
0x00007ff95b9f0000 - 0x00007ff95baff000 	C:\Windows\system32\KERNELBASE.dll
0x00007ff95a220000 - 0x00007ff95a2a8000 	C:\Windows\system32\apphelp.dll
0x00007ff93af80000 - 0x00007ff93afcf000 	C:\Windows\AppPatch\AppPatch64\AcGenral.DLL
0x00007ff95bb10000 - 0x00007ff95bbb7000 	C:\Windows\system32\msvcrt.dll
0x00007ff95b430000 - 0x00007ff95b45b000 	C:\Windows\SYSTEM32\SspiCli.dll
0x00007ff95dd10000 - 0x00007ff95dd61000 	C:\Windows\system32\SHLWAPI.dll
0x00007ff95d460000 - 0x00007ff95d5d1000 	C:\Windows\system32\USER32.dll
0x00007ff95df50000 - 0x00007ff95e0c8000 	C:\Windows\system32\ole32.dll
0x00007ff95bbc0000 - 0x00007ff95cfd7000 	C:\Windows\system32\SHELL32.dll
0x00007ff95ac60000 - 0x00007ff95ac7e000 	C:\Windows\SYSTEM32\USERENV.dll
0x00007ff95db10000 - 0x00007ff95dbb5000 	C:\Windows\system32\ADVAPI32.dll
0x00007ff956ad0000 - 0x00007ff956aeb000 	C:\Windows\SYSTEM32\MPR.dll
0x00007ff95d5e0000 - 0x00007ff95d716000 	C:\Windows\system32\RPCRT4.dll
0x00007ff95e0d0000 - 0x00007ff95e127000 	C:\Windows\SYSTEM32\sechost.dll
0x00007ff95d090000 - 0x00007ff95d266000 	C:\Windows\SYSTEM32\combase.dll
0x00007ff95e130000 - 0x00007ff95e275000 	C:\Windows\system32\GDI32.dll
0x00007ff95b5f0000 - 0x00007ff95b604000 	C:\Windows\SYSTEM32\profapi.dll
0x00007ff959c50000 - 0x00007ff959cef000 	C:\Windows\SYSTEM32\SHCORE.dll
0x00007ff95dd70000 - 0x00007ff95dda4000 	C:\Windows\system32\IMM32.DLL
0x00007ff95d320000 - 0x00007ff95d459000 	C:\Windows\system32\MSCTF.dll
0x00007ff959340000 - 0x00007ff95959a000 	C:\Windows\WinSxS\amd64_microsoft.windows.common-controls_6595b64144ccf1df_6.0.9600.17031_none_6242a4b3ecbb55a1\COMCTL32.dll
0x0000000053650000 - 0x0000000053722000 	C:\Program Files\Java\jdk1.8.0_92\jre\bin\msvcr100.dll
0x0000000053a50000 - 0x00000000542e6000 	C:\Program Files\Java\jdk1.8.0_92\jre\bin\server\jvm.dll
0x00007ff951bb0000 - 0x00007ff951bb9000 	C:\Windows\SYSTEM32\WSOCK32.dll
0x00007ff952430000 - 0x00007ff95244f000 	C:\Windows\SYSTEM32\WINMM.dll
0x00007ff959300000 - 0x00007ff95930a000 	C:\Windows\SYSTEM32\VERSION.dll
0x00007ff95bb00000 - 0x00007ff95bb07000 	C:\Windows\system32\PSAPI.DLL
0x00007ff95d910000 - 0x00007ff95d968000 	C:\Windows\system32\WS2_32.dll
0x00007ff9523f0000 - 0x00007ff95241a000 	C:\Windows\SYSTEM32\WINMMBASE.dll
0x00007ff95d720000 - 0x00007ff95d729000 	C:\Windows\system32\NSI.dll
0x00007ff95b7c0000 - 0x00007ff95b80a000 	C:\Windows\SYSTEM32\cfgmgr32.dll
0x00007ff95a470000 - 0x00007ff95a496000 	C:\Windows\SYSTEM32\DEVOBJ.dll
0x00000000545e0000 - 0x00000000545ef000 	C:\Program Files\Java\jdk1.8.0_92\jre\bin\verify.dll
0x00000000545b0000 - 0x00000000545d9000 	C:\Program Files\Java\jdk1.8.0_92\jre\bin\java.dll
0x0000000054590000 - 0x00000000545a6000 	C:\Program Files\Java\jdk1.8.0_92\jre\bin\zip.dll

VM Arguments:
jvm_args: -Djava.awt.headless=true -Xmx1024M -Dfile.encoding=windows-1252 -Duser.country=US -Duser.language=en -Duser.variant 
java_command: com.android.dx.command.Main --dex --force-jumbo --num-threads=4 --output C:\Zooket\app\build\intermediates\pre-dexed\debug\picasso-2.4.0_1b9a84b48d980083b8979ce90a1fce5c2608e663.jar C:\Users\Smo\.gradle\caches\modules-2\files-2.1\com.squareup.picasso\picasso\2.4.0\f36d2d4e3a36b3259aaf9d004d29b4cdc6c1bfb2\picasso-2.4.0.jar
java_class_path (initial): C:\android-sdk-windows\build-tools\24.0.3\lib\dx.jar
Launcher Type: SUN_STANDARD

Environment Variables:
PATH=C:\ProgramData\Oracle\Java\javapath;C:\Windows\system32;C:\Windows;C:\Windows\System32\Wbem;C:\Windows\System32\WindowsPowerShell\v1.0\;C:\Program Files (x86)\NVIDIA Corporation\PhysX\Common;C:\Program Files (x86)\Windows Kits\8.1\Windows Performance Toolkit\;C:\Program Files\Microsoft SQL Server\110\Tools\Binn\;C:\Program Files\Microsoft SQL Server\110\DTS\Binn\;C:\Program Files (x86)\Microsoft SQL Server\110\Tools\Binn\;C:\Program Files (x86)\Microsoft SQL Server\110\Tools\Binn\ManagementStudio\;C:\Program Files (x86)\Microsoft Visual Studio 10.0\Common7\IDE\PrivateAssemblies\;C:\Program Files (x86)\Microsoft SQL Server\110\DTS\Binn\;C:\Program Files (x86)\GtkSharp\2.12\bin;C:\Program Files (x86)\QuickTime\QTSystem\
USERNAME=Smo
OS=Windows_NT
PROCESSOR_IDENTIFIER=Intel64 Family 6 Model 94 Stepping 3, GenuineIntel



---------------  S Y S T E M  ---------------

OS: Windows 8.1 , 64 bit Build 9600 (6.3.9600.17056)

CPU:total 4 (4 cores per cpu, 1 threads per core) family 6 model 94 stepping 3, cmov, cx8, fxsr, mmx, sse, sse2, sse3, ssse3, sse4.1, sse4.2, popcnt, avx, avx2, aes, clmul, erms, 3dnowpref, lzcnt, tsc, tscinvbit, bmi1, bmi2, adx

Memory: 4k page, physical 8266404k(1202700k free), swap 8266404k(5272k free)

vm_info: Java HotSpot(TM) 64-Bit Server VM (25.92-b14) for windows-amd64 JRE (1.8.0_92-b14), built on Mar 31 2016 21:03:04 by "java_re" with MS VC++ 10.0 (VS2010)

time: Mon May 08 11:51:53 2017
elapsed time: 0 seconds (0d 0h 0m 0s)

