#
# There is insufficient memory for the Java Runtime Environment to continue.
# Native memory allocation (malloc) failed to allocate 2195440 bytes for Chunk::new
# Possible reasons:
#   The system is out of physical RAM or swap space
#   In 32 bit mode, the process size limit was hit
# Possible solutions:
#   Reduce memory load on the system
#   Increase physical memory or swap space
#   Check if swap backing store is full
#   Use 64 bit Java on a 64 bit OS
#   Decrease Java heap size (-Xmx/-Xms)
#   Decrease number of Java threads
#   Decrease Java thread stack sizes (-Xss)
#   Set larger code cache with -XX:ReservedCodeCacheSize=
# This output file may be truncated or incomplete.
#
#  Out of Memory Error (allocation.cpp:390), pid=7576, tid=0x00000000000013cc
#
# JRE version: Java(TM) SE Runtime Environment (8.0_92-b14) (build 1.8.0_92-b14)
# Java VM: Java HotSpot(TM) 64-Bit Server VM (25.92-b14 mixed mode windows-amd64 compressed oops)
# Failed to write core dump. Minidumps are not enabled by default on client versions of Windows
#

---------------  T H R E A D  ---------------

Current thread (0x0000000014f9e000):  JavaThread "C2 CompilerThread0" daemon [_thread_in_native, id=5068, stack(0x00000000165d0000,0x00000000166d0000)]

Stack: [0x00000000165d0000,0x00000000166d0000]
[error occurred during error reporting (printing stack bounds), id 0xc0000005]

Native frames: (J=compiled Java code, j=interpreted, Vv=VM code, C=native code)


Current CompileTask:
C2:  10245 2220   !   4       com.android.dx.cf.code.Ropper::processBlock (1101 bytes)


---------------  P R O C E S S  ---------------

Java Threads: ( => current thread )
  0x0000000016b56800 JavaThread "pool-1-thread-4" [_thread_in_Java, id=7656, stack(0x00000000172d0000,0x00000000173d0000)]
  0x0000000016b51800 JavaThread "pool-1-thread-3" [_thread_in_Java, id=7668, stack(0x00000000171d0000,0x00000000172d0000)]
  0x0000000016b51000 JavaThread "pool-1-thread-2" [_thread_in_Java, id=8008, stack(0x00000000170d0000,0x00000000171d0000)]
  0x0000000016b47000 JavaThread "pool-2-thread-1" [_thread_blocked, id=7660, stack(0x0000000016fd0000,0x00000000170d0000)]
  0x0000000016b42000 JavaThread "pool-1-thread-1" [_thread_blocked, id=7532, stack(0x0000000016ed0000,0x0000000016fd0000)]
  0x00000000168d7000 JavaThread "Service Thread" daemon [_thread_blocked, id=3000, stack(0x0000000016cd0000,0x0000000016dd0000)]
  0x0000000014ffc000 JavaThread "C1 CompilerThread2" daemon [_thread_blocked, id=4132, stack(0x00000000167d0000,0x00000000168d0000)]
  0x0000000014ff7800 JavaThread "C2 CompilerThread1" daemon [_thread_blocked, id=1400, stack(0x00000000166d0000,0x00000000167d0000)]
=>0x0000000014f9e000 JavaThread "C2 CompilerThread0" daemon [_thread_in_native, id=5068, stack(0x00000000165d0000,0x00000000166d0000)]
  0x0000000014f9c000 JavaThread "Attach Listener" daemon [_thread_blocked, id=7672, stack(0x00000000164d0000,0x00000000165d0000)]
  0x0000000014f9b000 JavaThread "Signal Dispatcher" daemon [_thread_blocked, id=2992, stack(0x00000000163d0000,0x00000000164d0000)]
  0x0000000014f8a800 JavaThread "Finalizer" daemon [_thread_blocked, id=8052, stack(0x00000000161f0000,0x00000000162f0000)]
  0x00000000028c0800 JavaThread "Reference Handler" daemon [_thread_blocked, id=7352, stack(0x00000000160f0000,0x00000000161f0000)]
  0x00000000027d2800 JavaThread "main" [_thread_blocked, id=7048, stack(0x0000000002610000,0x0000000002710000)]

Other Threads:
  0x0000000014f68800 VMThread [stack: 0x0000000015ff0000,0x00000000160f0000] [id=7016]
  0x00000000168e1000 WatcherThread [stack: 0x0000000016dd0000,0x0000000016ed0000] [id=6148]

VM state:not at safepoint (normal execution)

VM Mutex/Monitor currently owned by a thread: None

Heap:
 PSYoungGen      total 217600K, used 15102K [0x00000000eab00000, 0x0000000100000000, 0x0000000100000000)
  eden space 101376K, 2% used [0x00000000eab00000,0x00000000ead6aa78,0x00000000f0e00000)
  from space 116224K, 10% used [0x00000000f0e00000,0x00000000f1a55008,0x00000000f7f80000)
  to   space 116224K, 0% used [0x00000000f8e80000,0x00000000f8e80000,0x0000000100000000)
 ParOldGen       total 330240K, used 233250K [0x00000000c0000000, 0x00000000d4280000, 0x00000000eab00000)
  object space 330240K, 70% used [0x00000000c0000000,0x00000000ce3c88f8,0x00000000d4280000)
 Metaspace       used 6514K, capacity 7256K, committed 7424K, reserved 1056768K
  class space    used 624K, capacity 656K, committed 768K, reserved 1048576K

Card table byte_map: [0x0000000011c90000,0x0000000011ea0000] byte_map_base: 0x0000000011690000

Marking Bits: (ParMarkBitMap*) 0x00000000582664f0
 Begin Bits: [0x0000000012400000, 0x0000000013400000)
 End Bits:   [0x0000000013400000, 0x0000000014400000)

Polling page: 0x0000000000dc0000

CodeCache: size=245760Kb used=9772Kb max_used=9809Kb free=235987Kb
 bounds [0x00000000028d0000, 0x0000000003280000, 0x00000000118d0000]
 total_blobs=2400 nmethods=2131 adapters=181
 compilation: enabled

Compilation events (10 events):
Event: 9.966 Thread 0x0000000014ffc000 2228       2       com.android.dx.cf.direct.AnnotationParser::parseAnnotation (214 bytes)
Event: 9.968 Thread 0x0000000014ffc000 nmethod 2228 0x000000000320cc10 code [0x000000000320cfc0, 0x000000000320e2e8]
Event: 9.973 Thread 0x0000000014ffc000 2229   !   2       com.android.dx.cf.direct.AnnotationParser::parseAnnotationAttribute (43 bytes)
Event: 9.973 Thread 0x0000000014ffc000 nmethod 2229 0x0000000003211fd0 code [0x0000000003212160, 0x0000000003212498]
Event: 9.974 Thread 0x0000000014ffc000 2230   !   2       com.android.dx.cf.attrib.BaseAnnotations::<init> (48 bytes)
Event: 9.974 Thread 0x0000000014ffc000 nmethod 2230 0x0000000003235b50 code [0x0000000003235ce0, 0x00000000032360c8]
Event: 9.974 Thread 0x0000000014ffc000 2231       2       com.android.dx.cf.attrib.BaseAnnotations::byteLength (8 bytes)
Event: 9.974 Thread 0x0000000014ffc000 nmethod 2231 0x0000000003211c50 code [0x0000000003211da0, 0x0000000003211ef0]
Event: 10.065 Thread 0x0000000014ff7800 nmethod 2217 0x0000000003266150 code [0x0000000003266680, 0x000000000326ce10]
Event: 10.065 Thread 0x0000000014ff7800 2222       4       com.android.dx.ssa.SCCP::run (298 bytes)

GC Heap History (10 events):
Event: 8.604 GC heap before
{Heap before GC invocations=16 (full 2):
 PSYoungGen      total 165376K, used 165370K [0x00000000eab00000, 0x00000000fc600000, 0x0000000100000000)
  eden space 83968K, 100% used [0x00000000eab00000,0x00000000efd00000,0x00000000efd00000)
  from space 81408K, 99% used [0x00000000efd00000,0x00000000f4c7ea00,0x00000000f4c80000)
  to   space 95744K, 0% used [0x00000000f6880000,0x00000000f6880000,0x00000000fc600000)
 ParOldGen       total 330240K, used 186047K [0x00000000c0000000, 0x00000000d4280000, 0x00000000eab00000)
  object space 330240K, 56% used [0x00000000c0000000,0x00000000cb5afc68,0x00000000d4280000)
 Metaspace       used 6511K, capacity 7256K, committed 7424K, reserved 1056768K
  class space    used 624K, capacity 656K, committed 768K, reserved 1048576K
Event: 8.720 GC heap after
Heap after GC invocations=16 (full 2):
 PSYoungGen      total 173568K, used 95735K [0x00000000eab00000, 0x00000000ff500000, 0x0000000100000000)
  eden space 77824K, 0% used [0x00000000eab00000,0x00000000eab00000,0x00000000ef700000)
  from space 95744K, 99% used [0x00000000f6880000,0x00000000fc5fdf18,0x00000000fc600000)
  to   space 116224K, 0% used [0x00000000ef700000,0x00000000ef700000,0x00000000f6880000)
 ParOldGen       total 330240K, used 220608K [0x00000000c0000000, 0x00000000d4280000, 0x00000000eab00000)
  object space 330240K, 66% used [0x00000000c0000000,0x00000000cd770010,0x00000000d4280000)
 Metaspace       used 6511K, capacity 7256K, committed 7424K, reserved 1056768K
  class space    used 624K, capacity 656K, committed 768K, reserved 1048576K
}
Event: 8.758 GC heap before
{Heap before GC invocations=17 (full 2):
 PSYoungGen      total 173568K, used 173559K [0x00000000eab00000, 0x00000000ff500000, 0x0000000100000000)
  eden space 77824K, 100% used [0x00000000eab00000,0x00000000ef700000,0x00000000ef700000)
  from space 95744K, 99% used [0x00000000f6880000,0x00000000fc5fdf18,0x00000000fc600000)
  to   space 116224K, 0% used [0x00000000ef700000,0x00000000ef700000,0x00000000f6880000)
 ParOldGen       total 330240K, used 220608K [0x00000000c0000000, 0x00000000d4280000, 0x00000000eab00000)
  object space 330240K, 66% used [0x00000000c0000000,0x00000000cd770010,0x00000000d4280000)
 Metaspace       used 6511K, capacity 7256K, committed 7424K, reserved 1056768K
  class space    used 624K, capacity 656K, committed 768K, reserved 1048576K
Event: 8.840 GC heap after
Heap after GC invocations=17 (full 2):
 PSYoungGen      total 194048K, used 116205K [0x00000000eab00000, 0x00000000ff100000, 0x0000000100000000)
  eden space 77824K, 0% used [0x00000000eab00000,0x00000000eab00000,0x00000000ef700000)
  from space 116224K, 99% used [0x00000000ef700000,0x00000000f687b470,0x00000000f6880000)
  to   space 116224K, 0% used [0x00000000f7f80000,0x00000000f7f80000,0x00000000ff100000)
 ParOldGen       total 330240K, used 240230K [0x00000000c0000000, 0x00000000d4280000, 0x00000000eab00000)
  object space 330240K, 72% used [0x00000000c0000000,0x00000000cea99be8,0x00000000d4280000)
 Metaspace       used 6511K, capacity 7256K, committed 7424K, reserved 1056768K
  class space    used 624K, capacity 656K, committed 768K, reserved 1048576K
}
Event: 8.907 GC heap before
{Heap before GC invocations=18 (full 2):
 PSYoungGen      total 194048K, used 194029K [0x00000000eab00000, 0x00000000ff100000, 0x0000000100000000)
  eden space 77824K, 100% used [0x00000000eab00000,0x00000000ef700000,0x00000000ef700000)
  from space 116224K, 99% used [0x00000000ef700000,0x00000000f687b470,0x00000000f6880000)
  to   space 116224K, 0% used [0x00000000f7f80000,0x00000000f7f80000,0x00000000ff100000)
 ParOldGen       total 330240K, used 240230K [0x00000000c0000000, 0x00000000d4280000, 0x00000000eab00000)
  object space 330240K, 72% used [0x00000000c0000000,0x00000000cea99be8,0x00000000d4280000)
 Metaspace       used 6511K, capacity 7256K, committed 7424K, reserved 1056768K
  class space    used 624K, capacity 656K, committed 768K, reserved 1048576K
Event: 9.039 GC heap after
Heap after GC invocations=18 (full 2):
 PSYoungGen      total 217600K, used 116214K [0x00000000eab00000, 0x00000000ff380000, 0x0000000100000000)
  eden space 101376K, 0% used [0x00000000eab00000,0x00000000eab00000,0x00000000f0e00000)
  from space 116224K, 99% used [0x00000000f7f80000,0x00000000ff0fd9b0,0x00000000ff100000)
  to   space 116224K, 0% used [0x00000000f0e00000,0x00000000f0e00000,0x00000000f7f80000)
 ParOldGen       total 330240K, used 288862K [0x00000000c0000000, 0x00000000d4280000, 0x00000000eab00000)
  object space 330240K, 87% used [0x00000000c0000000,0x00000000d1a178d0,0x00000000d4280000)
 Metaspace       used 6511K, capacity 7256K, committed 7424K, reserved 1056768K
  class space    used 624K, capacity 656K, committed 768K, reserved 1048576K
}
Event: 9.039 GC heap before
{Heap before GC invocations=19 (full 3):
 PSYoungGen      total 217600K, used 116214K [0x00000000eab00000, 0x00000000ff380000, 0x0000000100000000)
  eden space 101376K, 0% used [0x00000000eab00000,0x00000000eab00000,0x00000000f0e00000)
  from space 116224K, 99% used [0x00000000f7f80000,0x00000000ff0fd9b0,0x00000000ff100000)
  to   space 116224K, 0% used [0x00000000f0e00000,0x00000000f0e00000,0x00000000f7f80000)
 ParOldGen       total 330240K, used 288862K [0x00000000c0000000, 0x00000000d4280000, 0x00000000eab00000)
  object space 330240K, 87% used [0x00000000c0000000,0x00000000d1a178d0,0x00000000d4280000)
 Metaspace       used 6511K, capacity 7256K, committed 7424K, reserved 1056768K
  class space    used 624K, capacity 656K, committed 768K, reserved 1048576K
Event: 9.718 GC heap after
Heap after GC invocations=19 (full 3):
 PSYoungGen      total 217600K, used 0K [0x00000000eab00000, 0x00000000ff380000, 0x0000000100000000)
  eden space 101376K, 0% used [0x00000000eab00000,0x00000000eab00000,0x00000000f0e00000)
  from space 116224K, 0% used [0x00000000f7f80000,0x00000000f7f80000,0x00000000ff100000)
  to   space 116224K, 0% used [0x00000000f0e00000,0x00000000f0e00000,0x00000000f7f80000)
 ParOldGen       total 330240K, used 233242K [0x00000000c0000000, 0x00000000d4280000, 0x00000000eab00000)
  object space 330240K, 70% used [0x00000000c0000000,0x00000000ce3c68f8,0x00000000d4280000)
 Metaspace       used 6511K, capacity 7256K, committed 7424K, reserved 1056768K
  class space    used 624K, capacity 656K, committed 768K, reserved 1048576K
}
Event: 10.203 GC heap before
{Heap before GC invocations=20 (full 3):
 PSYoungGen      total 217600K, used 101376K [0x00000000eab00000, 0x00000000ff380000, 0x0000000100000000)
  eden space 101376K, 100% used [0x00000000eab00000,0x00000000f0e00000,0x00000000f0e00000)
  from space 116224K, 0% used [0x00000000f7f80000,0x00000000f7f80000,0x00000000ff100000)
  to   space 116224K, 0% used [0x00000000f0e00000,0x00000000f0e00000,0x00000000f7f80000)
 ParOldGen       total 330240K, used 233242K [0x00000000c0000000, 0x00000000d4280000, 0x00000000eab00000)
  object space 330240K, 70% used [0x00000000c0000000,0x00000000ce3c68f8,0x00000000d4280000)
 Metaspace       used 6514K, capacity 7256K, committed 7424K, reserved 1056768K
  class space    used 624K, capacity 656K, committed 768K, reserved 1048576K
Event: 10.228 GC heap after
Heap after GC invocations=20 (full 3):
 PSYoungGen      total 217600K, used 12628K [0x00000000eab00000, 0x0000000100000000, 0x0000000100000000)
  eden space 101376K, 0% used [0x00000000eab00000,0x00000000eab00000,0x00000000f0e00000)
  from space 116224K, 10% used [0x00000000f0e00000,0x00000000f1a55008,0x00000000f7f80000)
  to   space 116224K, 0% used [0x00000000f8e80000,0x00000000f8e80000,0x0000000100000000)
 ParOldGen       total 330240K, used 233250K [0x00000000c0000000, 0x00000000d4280000, 0x00000000eab00000)
  object space 330240K, 70% used [0x00000000c0000000,0x00000000ce3c88f8,0x00000000d4280000)
 Metaspace       used 6514K, capacity 7256K, committed 7424K, reserved 1056768K
  class space    used 624K, capacity 656K, committed 768K, reserved 1048576K
}

Deoptimization events (10 events):
Event: 7.617 Thread 0x0000000016b56800 Uncommon trap: reason=class_check action=maybe_recompile pc=0x00000000030dbb44 method=com.android.dx.ssa.back.InterferenceGraph.mergeInterferenceSet(ILcom/android/dx/util/IntSet;)V @ 20
Event: 7.617 Thread 0x0000000016b56800 Uncommon trap: reason=class_check action=maybe_recompile pc=0x00000000030dbb44 method=com.android.dx.ssa.back.InterferenceGraph.mergeInterferenceSet(ILcom/android/dx/util/IntSet;)V @ 20
Event: 7.617 Thread 0x0000000016b56800 Uncommon trap: reason=class_check action=maybe_recompile pc=0x00000000030dbb44 method=com.android.dx.ssa.back.InterferenceGraph.mergeInterferenceSet(ILcom/android/dx/util/IntSet;)V @ 20
Event: 7.623 Thread 0x0000000016b56800 Uncommon trap: reason=class_check action=maybe_recompile pc=0x00000000030dbb44 method=com.android.dx.ssa.back.InterferenceGraph.mergeInterferenceSet(ILcom/android/dx/util/IntSet;)V @ 20
Event: 7.807 Thread 0x0000000016b51800 Uncommon trap: reason=class_check action=maybe_recompile pc=0x000000000314cb4c method=com.android.dx.util.BitIntSet.merge(Lcom/android/dx/util/IntSet;)V @ 1
Event: 7.807 Thread 0x0000000016b51800 Uncommon trap: reason=class_check action=maybe_recompile pc=0x000000000314cb4c method=com.android.dx.util.BitIntSet.merge(Lcom/android/dx/util/IntSet;)V @ 1
Event: 7.807 Thread 0x0000000016b51800 Uncommon trap: reason=class_check action=maybe_recompile pc=0x000000000314cb4c method=com.android.dx.util.BitIntSet.merge(Lcom/android/dx/util/IntSet;)V @ 1
Event: 7.807 Thread 0x0000000016b51800 Uncommon trap: reason=class_check action=maybe_recompile pc=0x000000000314cb4c method=com.android.dx.util.BitIntSet.merge(Lcom/android/dx/util/IntSet;)V @ 1
Event: 8.159 Thread 0x00000000027d2800 Uncommon trap: reason=unstable_if action=reinterpret pc=0x00000000031dcbb0 method=com.android.dx.ssa.back.IdenticalBlockCombiner.replaceSucc(Lcom/android/dx/rop/code/BasicBlock;II)V @ 30
Event: 8.264 Thread 0x00000000027d2800 Uncommon trap: reason=unstable_if action=reinterpret pc=0x0000000002f5c054 method=com.android.dx.ssa.MoveParamCombiner$1.visitNonMoveInsn(Lcom/android/dx/ssa/NormalSsaInsn;)V @ 27

Internal exceptions (6 events):
Event: 0.727 Thread 0x00000000027d2800 Exception <a 'java/lang/NoSuchMethodError': Method sun.misc.Unsafe.defineClass(Ljava/lang/String;[BII)Ljava/lang/Class; name or signature does not match> (0x00000000eab07cc0) thrown at [D:\re\workspace\8-2-build-windows-amd64-cygwin\jdk8u92\6642\hotspot\sr˝T$ù[AÁ?
Event: 0.727 Thread 0x00000000027d2800 Exception <a 'java/lang/NoSuchMethodError': Method sun.misc.Unsafe.prefetchRead(Ljava/lang/Object;J)V name or signature does not match> (0x00000000eab07fa8) thrown at [D:\re\workspace\8-2-build-windows-amd64-cygwin\jdk8u92\6642\hotspot\src\share\vm\prims\jgçÊ“ï@
Event: 3.573 Thread 0x0000000016b42000 Implicit null exception at 0x0000000002bfb9a2 to 0x0000000002bfba9a
Event: 4.449 Thread 0x0000000016b51000 Exception <a 'java/lang/ArrayIndexOutOfBoundsException': 18> (0x00000000ec9aceb8) thrown at [D:\re\workspace\8-2-build-windows-amd64-cygwin\jdk8u92\6642\hotspot\src\share\vm\interpreter\interpreterRuntime.cpp, line 366]
Event: 4.449 Thread 0x0000000016b51000 Exception <a 'java/lang/ArrayIndexOutOfBoundsException': 145> (0x00000000ec9aea38) thrown at [D:\re\workspace\8-2-build-windows-amd64-cygwin\jdk8u92\6642\hotspot\src\share\vm\interpreter\interpreterRuntime.cpp, line 366]
Event: 4.449 Thread 0x0000000016b51000 Exception <a 'java/lang/ArrayIndexOutOfBoundsException'> (0x00000000ec9afd20) thrown at [D:\re\workspace\8-2-build-windows-amd64-cygwin\jdk8u92\6642\hotspot\src\share\vm\runtime\sharedRuntime.cpp, line 605]

Events (10 events):
Event: 9.932 Thread 0x0000000016b42000 DEOPT PACKING pc=0x00000000030c1147 sp=0x0000000016fce470
Event: 9.932 Thread 0x0000000016b42000 DEOPT UNPACKING pc=0x000000000291787f sp=0x0000000016fce2a0 mode 0
Event: 9.942 Thread 0x00000000027d2800 DEOPT PACKING pc=0x0000000002e10a82 sp=0x000000000270dff0
Event: 9.942 Thread 0x00000000027d2800 DEOPT UNPACKING pc=0x000000000291787f sp=0x000000000270dd20 mode 0
Event: 9.961 Thread 0x0000000016b42000 DEOPT PACKING pc=0x0000000002d52ac1 sp=0x0000000016fce530
Event: 9.961 Thread 0x0000000016b42000 DEOPT UNPACKING pc=0x000000000291787f sp=0x0000000016fce2c0 mode 0
Event: 10.132 Executing VM operation: ParallelGCFailedAllocation
Event: 10.228 Executing VM operation: ParallelGCFailedAllocation done
Event: 10.228 Thread 0x0000000016b51000 DEOPT PACKING pc=0x0000000002d52ac1 sp=0x00000000171ce950
Event: 10.228 Thread 0x0000000016b51000 DEOPT UNPACKING pc=0x000000000291787f sp=0x00000000171ce6e0 mode 0


Dynamic libraries:
0x00007ff6efb20000 - 0x00007ff6efb57000 	C:\Program Files\Java\jdk1.8.0_92\bin\java.exe
0x00007ffd45f40000 - 0x00007ffd460ea000 	C:\Windows\SYSTEM32\ntdll.dll
0x00007ffd43cb0000 - 0x00007ffd43dea000 	C:\Windows\system32\KERNEL32.DLL
0x00007ffd43380000 - 0x00007ffd4348f000 	C:\Windows\system32\KERNELBASE.dll
0x00007ffd41ee0000 - 0x00007ffd41f68000 	C:\Windows\system32\apphelp.dll
0x00007ffd37e70000 - 0x00007ffd37ebf000 	C:\Windows\AppPatch\AppPatch64\AcGenral.DLL
0x00007ffd441d0000 - 0x00007ffd44277000 	C:\Windows\system32\msvcrt.dll
0x00007ffd430f0000 - 0x00007ffd4311b000 	C:\Windows\SYSTEM32\SspiCli.dll
0x00007ffd44280000 - 0x00007ffd442d1000 	C:\Windows\system32\SHLWAPI.dll
0x00007ffd45b50000 - 0x00007ffd45cc1000 	C:\Windows\system32\USER32.dll
0x00007ffd43a70000 - 0x00007ffd43be8000 	C:\Windows\system32\ole32.dll
0x00007ffd444e0000 - 0x00007ffd458f7000 	C:\Windows\system32\SHELL32.dll
0x00007ffd42920000 - 0x00007ffd4293e000 	C:\Windows\SYSTEM32\USERENV.dll
0x00007ffd442e0000 - 0x00007ffd44385000 	C:\Windows\system32\ADVAPI32.dll
0x00007ffd3e8c0000 - 0x00007ffd3e8db000 	C:\Windows\SYSTEM32\MPR.dll
0x00007ffd45d90000 - 0x00007ffd45ec6000 	C:\Windows\system32\RPCRT4.dll
0x00007ffd43fd0000 - 0x00007ffd44027000 	C:\Windows\SYSTEM32\sechost.dll
0x00007ffd43df0000 - 0x00007ffd43fc6000 	C:\Windows\SYSTEM32\combase.dll
0x00007ffd43900000 - 0x00007ffd43a45000 	C:\Windows\system32\GDI32.dll
0x00007ffd432b0000 - 0x00007ffd432c4000 	C:\Windows\SYSTEM32\profapi.dll
0x00007ffd41910000 - 0x00007ffd419af000 	C:\Windows\SYSTEM32\SHCORE.dll
0x00007ffd444a0000 - 0x00007ffd444d4000 	C:\Windows\system32\IMM32.DLL
0x00007ffd437c0000 - 0x00007ffd438f9000 	C:\Windows\system32\MSCTF.dll
0x00007ffd40f80000 - 0x00007ffd411da000 	C:\Windows\WinSxS\amd64_microsoft.windows.common-controls_6595b64144ccf1df_6.0.9600.17031_none_6242a4b3ecbb55a1\COMCTL32.dll
0x00000000575d0000 - 0x00000000576a2000 	C:\Program Files\Java\jdk1.8.0_92\jre\bin\msvcr100.dll
0x0000000057a50000 - 0x00000000582e6000 	C:\Program Files\Java\jdk1.8.0_92\jre\bin\server\jvm.dll
0x00007ffd30e40000 - 0x00007ffd30e49000 	C:\Windows\SYSTEM32\WSOCK32.dll
0x00007ffd393b0000 - 0x00007ffd393cf000 	C:\Windows\SYSTEM32\WINMM.dll
0x00007ffd40ee0000 - 0x00007ffd40eea000 	C:\Windows\SYSTEM32\VERSION.dll
0x00007ffd45ae0000 - 0x00007ffd45ae7000 	C:\Windows\system32\PSAPI.DLL
0x00007ffd45ee0000 - 0x00007ffd45f38000 	C:\Windows\system32\WS2_32.dll
0x00007ffd37ae0000 - 0x00007ffd37b0a000 	C:\Windows\SYSTEM32\WINMMBASE.dll
0x00007ffd45ed0000 - 0x00007ffd45ed9000 	C:\Windows\system32\NSI.dll
0x00007ffd43770000 - 0x00007ffd437ba000 	C:\Windows\SYSTEM32\cfgmgr32.dll
0x00007ffd42130000 - 0x00007ffd42156000 	C:\Windows\SYSTEM32\DEVOBJ.dll
0x0000000058f10000 - 0x0000000058f1f000 	C:\Program Files\Java\jdk1.8.0_92\jre\bin\verify.dll
0x0000000057a20000 - 0x0000000057a49000 	C:\Program Files\Java\jdk1.8.0_92\jre\bin\java.dll
0x0000000057a00000 - 0x0000000057a16000 	C:\Program Files\Java\jdk1.8.0_92\jre\bin\zip.dll

VM Arguments:
jvm_args: -Djava.awt.headless=true -Xmx1024M -Dfile.encoding=windows-1252 -Duser.country=US -Duser.language=en -Duser.variant 
java_command: com.android.dx.command.Main --dex --force-jumbo --num-threads=4 --output C:\Zooket\app\build\intermediates\pre-dexed\debug\com.google.android.gms-play-services-ads-9.0.1_a213d0cf920b8fe9c76e548f5c02fedff6d4ca15.jar C:\Zooket\app\build\intermediates\exploded-aar\com.google.android.gms\play-services-ads\9.0.1\jars\classes.jar
java_class_path (initial): C:\android-sdk-windows\build-tools\24.0.3\lib\dx.jar
Launcher Type: SUN_STANDARD

Environment Variables:
PATH=C:\ProgramData\Oracle\Java\javapath;C:\Windows\system32;C:\Windows;C:\Windows\System32\Wbem;C:\Windows\System32\WindowsPowerShell\v1.0\;C:\Program Files (x86)\NVIDIA Corporation\PhysX\Common;C:\Program Files (x86)\Windows Kits\8.1\Windows Performance Toolkit\;C:\Program Files\Microsoft SQL Server\110\Tools\Binn\;C:\Program Files\Microsoft SQL Server\110\DTS\Binn\;C:\Program Files (x86)\Microsoft SQL Server\110\Tools\Binn\;C:\Program Files (x86)\Microsoft SQL Server\110\Tools\Binn\ManagementStudio\;C:\Program Files (x86)\Microsoft Visual Studio 10.0\Common7\IDE\PrivateAssemblies\;C:\Program Files (x86)\Microsoft SQL Server\110\DTS\Binn\;C:\Program Files (x86)\GtkSharp\2.12\bin;C:\Program Files (x86)\QuickTime\QTSystem\
USERNAME=Smo
OS=Windows_NT
PROCESSOR_IDENTIFIER=Intel64 Family 6 Model 94 Stepping 3, GenuineIntel



---------------  S Y S T E M  ---------------

OS: Windows 8.1 , 64 bit Build 9600 (6.3.9600.17056)

CPU:total 4 (4 cores per cpu, 1 threads per core) family 6 model 94 stepping 3, cmov, cx8, fxsr, mmx, sse, sse2, sse3, ssse3, sse4.1, sse4.2, popcnt, avx, avx2, aes, clmul, erms, 3dnowpref, lzcnt, tsc, tscinvbit, bmi1, bmi2, adx

Memory: 4k page, physical 8266404k(1248268k free), swap 8266404k(6140k free)

vm_info: Java HotSpot(TM) 64-Bit Server VM (25.92-b14) for windows-amd64 JRE (1.8.0_92-b14), built on Mar 31 2016 21:03:04 by "java_re" with MS VC++ 10.0 (VS2010)

time: Wed May 17 10:05:35 2017
elapsed time: 10 seconds (0d 0h 0m 10s)

