#
# There is insufficient memory for the Java Runtime Environment to continue.
# Native memory allocation (malloc) failed to allocate 65552 bytes for Chunk::new
# Possible reasons:
#   The system is out of physical RAM or swap space
#   In 32 bit mode, the process size limit was hit
# Possible solutions:
#   Reduce memory load on the system
#   Increase physical memory or swap space
#   Check if swap backing store is full
#   Use 64 bit Java on a 64 bit OS
#   Decrease Java heap size (-Xmx/-Xms)
#   Decrease number of Java threads
#   Decrease Java thread stack sizes (-Xss)
#   Set larger code cache with -XX:ReservedCodeCacheSize=
# This output file may be truncated or incomplete.
#
#  Out of Memory Error (allocation.cpp:390), pid=1488, tid=0x0000000000002090
#
# JRE version: Java(TM) SE Runtime Environment (8.0_92-b14) (build 1.8.0_92-b14)
# Java VM: Java HotSpot(TM) 64-Bit Server VM (25.92-b14 mixed mode windows-amd64 compressed oops)
# Failed to write core dump. Minidumps are not enabled by default on client versions of Windows
#

---------------  T H R E A D  ---------------

Current thread (0x0000000014617800):  JavaThread "C2 CompilerThread1" daemon [_thread_in_native, id=8336, stack(0x0000000015c30000,0x0000000015d30000)]

Stack: [0x0000000015c30000,0x0000000015d30000]
[error occurred during error reporting (printing stack bounds), id 0xc0000005]

Native frames: (J=compiled Java code, j=interpreted, Vv=VM code, C=native code)


Current CompileTask:
C2:  16460 2571 %     4       com.android.dx.ssa.back.FirstFitLocalCombiningAllocator::handleCheckCastResults @ 8 (413 bytes)


---------------  P R O C E S S  ---------------

Java Threads: ( => current thread )
  0x0000000016006800 JavaThread "pool-1-thread-4" [_thread_in_Java, id=8308, stack(0x0000000016830000,0x0000000016930000)]
  0x0000000015ffa800 JavaThread "pool-1-thread-2" [_thread_in_Java, id=4948, stack(0x0000000016630000,0x0000000016730000)]
  0x0000000015fb9000 JavaThread "pool-2-thread-1" [_thread_blocked, id=4704, stack(0x0000000016530000,0x0000000016630000)]
  0x0000000015d36800 JavaThread "Service Thread" daemon [_thread_blocked, id=7336, stack(0x0000000016230000,0x0000000016330000)]
  0x0000000015d31000 JavaThread "C1 CompilerThread2" daemon [_thread_blocked, id=9140, stack(0x0000000016130000,0x0000000016230000)]
=>0x0000000014617800 JavaThread "C2 CompilerThread1" daemon [_thread_in_native, id=8336, stack(0x0000000015c30000,0x0000000015d30000)]
  0x00000000145ca000 JavaThread "C2 CompilerThread0" daemon [_thread_in_native, id=8612, stack(0x0000000015b30000,0x0000000015c30000)]
  0x00000000145c8000 JavaThread "Attach Listener" daemon [_thread_blocked, id=8692, stack(0x0000000015a30000,0x0000000015b30000)]
  0x00000000145c6800 JavaThread "Signal Dispatcher" daemon [_thread_blocked, id=5808, stack(0x0000000015930000,0x0000000015a30000)]
  0x00000000145aa800 JavaThread "Finalizer" daemon [_thread_blocked, id=4412, stack(0x0000000015830000,0x0000000015930000)]
  0x0000000001ee0800 JavaThread "Reference Handler" daemon [_thread_blocked, id=3128, stack(0x0000000015730000,0x0000000015830000)]
  0x0000000001df2800 JavaThread "main" [_thread_blocked, id=8760, stack(0x0000000001cf0000,0x0000000001df0000)]

Other Threads:
  0x0000000014588800 VMThread [stack: 0x0000000015630000,0x0000000015730000] [id=1952]
  0x0000000015d51800 WatcherThread [stack: 0x0000000016330000,0x0000000016430000] [id=8388]

VM state:not at safepoint (normal execution)

VM Mutex/Monitor currently owned by a thread: None

Heap:
 PSYoungGen      total 231936K, used 60963K [0x00000000eab00000, 0x00000000ff700000, 0x0000000100000000)
  eden space 126976K, 48% used [0x00000000eab00000,0x00000000ee688eb8,0x00000000f2700000)
  from space 104960K, 0% used [0x00000000f9080000,0x00000000f9080000,0x00000000ff700000)
  to   space 106496K, 0% used [0x00000000f2700000,0x00000000f2700000,0x00000000f8f00000)
 ParOldGen       total 414208K, used 206760K [0x00000000c0000000, 0x00000000d9480000, 0x00000000eab00000)
  object space 414208K, 49% used [0x00000000c0000000,0x00000000cc9ea078,0x00000000d9480000)
 Metaspace       used 6532K, capacity 7256K, committed 7424K, reserved 1056768K
  class space    used 625K, capacity 656K, committed 768K, reserved 1048576K

Card table byte_map: [0x00000000112b0000,0x00000000114c0000] byte_map_base: 0x0000000010cb0000

Marking Bits: (ParMarkBitMap*) 0x00000000582664f0
 Begin Bits: [0x0000000011a20000, 0x0000000012a20000)
 End Bits:   [0x0000000012a20000, 0x0000000013a20000)

Polling page: 0x0000000000580000

CodeCache: size=245760Kb used=11082Kb max_used=11095Kb free=234677Kb
 bounds [0x0000000001ef0000, 0x00000000029d0000, 0x0000000010ef0000]
 total_blobs=2613 nmethods=2344 adapters=181
 compilation: enabled

Compilation events (10 events):
Event: 16.386 Thread 0x0000000014617800 nmethod 2569 0x00000000029c3e50 code [0x00000000029c4060, 0x00000000029c5618]
Event: 16.386 Thread 0x0000000014617800 2572       4       com.android.dx.util.LabeledList::<init> (57 bytes)
Event: 16.391 Thread 0x0000000015d31000 2574       3       com.android.dx.dex.code.CstInsn::<init> (39 bytes)
Event: 16.392 Thread 0x0000000015d31000 nmethod 2574 0x0000000002970f10 code [0x00000000029710a0, 0x00000000029713b8]
Event: 16.396 Thread 0x0000000014617800 nmethod 2572 0x00000000029b1610 code [0x00000000029b17a0, 0x00000000029b20f8]
Event: 16.396 Thread 0x0000000014617800 2573       4       com.android.dx.dex.code.BlockAddresses::setupArrays (113 bytes)
Event: 16.402 Thread 0x0000000014617800 nmethod 2573 0x00000000029ced50 code [0x00000000029cef00, 0x00000000029cf678]
Event: 16.402 Thread 0x0000000014617800 2570       4       com.android.dx.ssa.back.LivenessAnalyzer::constructInterferenceGraph (47 bytes)
Event: 16.407 Thread 0x0000000014617800 nmethod 2570 0x00000000029b5c10 code [0x00000000029b5da0, 0x00000000029b63e8]
Event: 16.407 Thread 0x0000000014617800 2571 %     4       com.android.dx.ssa.back.FirstFitLocalCombiningAllocator::handleCheckCastResults @ 8 (413 bytes)

GC Heap History (10 events):
Event: 10.684 GC heap before
{Heap before GC invocations=14 (full 3):
 PSYoungGen      total 232960K, used 46881K [0x00000000eab00000, 0x0000000100000000, 0x0000000100000000)
  eden space 116736K, 0% used [0x00000000eab00000,0x00000000eab00000,0x00000000f1d00000)
  from space 116224K, 40% used [0x00000000f1d00000,0x00000000f4ac84c0,0x00000000f8e80000)
  to   space 116224K, 0% used [0x00000000f8e80000,0x00000000f8e80000,0x0000000100000000)
 ParOldGen       total 312320K, used 291459K [0x00000000c0000000, 0x00000000d3100000, 0x00000000eab00000)
  object space 312320K, 93% used [0x00000000c0000000,0x00000000d1ca0c58,0x00000000d3100000)
 Metaspace       used 6511K, capacity 7256K, committed 7424K, reserved 1056768K
  class space    used 623K, capacity 656K, committed 768K, reserved 1048576K
Event: 11.681 GC heap after
Heap after GC invocations=14 (full 3):
 PSYoungGen      total 232960K, used 0K [0x00000000eab00000, 0x0000000100000000, 0x0000000100000000)
  eden space 116736K, 0% used [0x00000000eab00000,0x00000000eab00000,0x00000000f1d00000)
  from space 116224K, 0% used [0x00000000f1d00000,0x00000000f1d00000,0x00000000f8e80000)
  to   space 116224K, 0% used [0x00000000f8e80000,0x00000000f8e80000,0x0000000100000000)
 ParOldGen       total 355328K, used 171293K [0x00000000c0000000, 0x00000000d5b00000, 0x00000000eab00000)
  object space 355328K, 48% used [0x00000000c0000000,0x00000000ca7477e0,0x00000000d5b00000)
 Metaspace       used 6511K, capacity 7256K, committed 7424K, reserved 1056768K
  class space    used 623K, capacity 656K, committed 768K, reserved 1048576K
}
Event: 12.634 GC heap before
{Heap before GC invocations=15 (full 3):
 PSYoungGen      total 232960K, used 116736K [0x00000000eab00000, 0x0000000100000000, 0x0000000100000000)
  eden space 116736K, 100% used [0x00000000eab00000,0x00000000f1d00000,0x00000000f1d00000)
  from space 116224K, 0% used [0x00000000f1d00000,0x00000000f1d00000,0x00000000f8e80000)
  to   space 116224K, 0% used [0x00000000f8e80000,0x00000000f8e80000,0x0000000100000000)
 ParOldGen       total 355328K, used 171293K [0x00000000c0000000, 0x00000000d5b00000, 0x00000000eab00000)
  object space 355328K, 48% used [0x00000000c0000000,0x00000000ca7477e0,0x00000000d5b00000)
 Metaspace       used 6514K, capacity 7256K, committed 7424K, reserved 1056768K
  class space    used 623K, capacity 656K, committed 768K, reserved 1048576K
Event: 12.963 GC heap after
Heap after GC invocations=15 (full 3):
 PSYoungGen      total 226816K, used 53047K [0x00000000eab00000, 0x00000000ffa00000, 0x0000000100000000)
  eden space 116736K, 0% used [0x00000000eab00000,0x00000000eab00000,0x00000000f1d00000)
  from space 110080K, 48% used [0x00000000f8e80000,0x00000000fc24df80,0x00000000ffa00000)
  to   space 113152K, 0% used [0x00000000f1d00000,0x00000000f1d00000,0x00000000f8b80000)
 ParOldGen       total 355328K, used 171293K [0x00000000c0000000, 0x00000000d5b00000, 0x00000000eab00000)
  object space 355328K, 48% used [0x00000000c0000000,0x00000000ca7477e0,0x00000000d5b00000)
 Metaspace       used 6514K, capacity 7256K, committed 7424K, reserved 1056768K
  class space    used 623K, capacity 656K, committed 768K, reserved 1048576K
}
Event: 13.360 GC heap before
{Heap before GC invocations=16 (full 3):
 PSYoungGen      total 226816K, used 169783K [0x00000000eab00000, 0x00000000ffa00000, 0x0000000100000000)
  eden space 116736K, 100% used [0x00000000eab00000,0x00000000f1d00000,0x00000000f1d00000)
  from space 110080K, 48% used [0x00000000f8e80000,0x00000000fc24df80,0x00000000ffa00000)
  to   space 113152K, 0% used [0x00000000f1d00000,0x00000000f1d00000,0x00000000f8b80000)
 ParOldGen       total 355328K, used 171293K [0x00000000c0000000, 0x00000000d5b00000, 0x00000000eab00000)
  object space 355328K, 48% used [0x00000000c0000000,0x00000000ca7477e0,0x00000000d5b00000)
 Metaspace       used 6514K, capacity 7256K, committed 7424K, reserved 1056768K
  class space    used 623K, capacity 656K, committed 768K, reserved 1048576K
Event: 13.470 GC heap after
Heap after GC invocations=16 (full 3):
 PSYoungGen      total 229888K, used 40829K [0x00000000eab00000, 0x00000000ffb00000, 0x0000000100000000)
  eden space 116736K, 0% used [0x00000000eab00000,0x00000000eab00000,0x00000000f1d00000)
  from space 113152K, 36% used [0x00000000f1d00000,0x00000000f44df4c8,0x00000000f8b80000)
  to   space 109056K, 0% used [0x00000000f9080000,0x00000000f9080000,0x00000000ffb00000)
 ParOldGen       total 355328K, used 225752K [0x00000000c0000000, 0x00000000d5b00000, 0x00000000eab00000)
  object space 355328K, 63% used [0x00000000c0000000,0x00000000cdc762e0,0x00000000d5b00000)
 Metaspace       used 6514K, capacity 7256K, committed 7424K, reserved 1056768K
  class space    used 623K, capacity 656K, committed 768K, reserved 1048576K
}
Event: 14.368 GC heap before
{Heap before GC invocations=17 (full 3):
 PSYoungGen      total 229888K, used 157565K [0x00000000eab00000, 0x00000000ffb00000, 0x0000000100000000)
  eden space 116736K, 100% used [0x00000000eab00000,0x00000000f1d00000,0x00000000f1d00000)
  from space 113152K, 36% used [0x00000000f1d00000,0x00000000f44df4c8,0x00000000f8b80000)
  to   space 109056K, 0% used [0x00000000f9080000,0x00000000f9080000,0x00000000ffb00000)
 ParOldGen       total 355328K, used 225752K [0x00000000c0000000, 0x00000000d5b00000, 0x00000000eab00000)
  object space 355328K, 63% used [0x00000000c0000000,0x00000000cdc762e0,0x00000000d5b00000)
 Metaspace       used 6525K, capacity 7256K, committed 7424K, reserved 1056768K
  class space    used 623K, capacity 656K, committed 768K, reserved 1048576K
Event: 14.890 GC heap after
Heap after GC invocations=17 (full 3):
 PSYoungGen      total 231936K, used 33959K [0x00000000eab00000, 0x00000000ff700000, 0x0000000100000000)
  eden space 126976K, 0% used [0x00000000eab00000,0x00000000eab00000,0x00000000f2700000)
  from space 104960K, 32% used [0x00000000f9080000,0x00000000fb1a9dd8,0x00000000ff700000)
  to   space 106496K, 0% used [0x00000000f2700000,0x00000000f2700000,0x00000000f8f00000)
 ParOldGen       total 355328K, used 264604K [0x00000000c0000000, 0x00000000d5b00000, 0x00000000eab00000)
  object space 355328K, 74% used [0x00000000c0000000,0x00000000d02671d8,0x00000000d5b00000)
 Metaspace       used 6525K, capacity 7256K, committed 7424K, reserved 1056768K
  class space    used 623K, capacity 656K, committed 768K, reserved 1048576K
}
Event: 14.890 GC heap before
{Heap before GC invocations=18 (full 4):
 PSYoungGen      total 231936K, used 33959K [0x00000000eab00000, 0x00000000ff700000, 0x0000000100000000)
  eden space 126976K, 0% used [0x00000000eab00000,0x00000000eab00000,0x00000000f2700000)
  from space 104960K, 32% used [0x00000000f9080000,0x00000000fb1a9dd8,0x00000000ff700000)
  to   space 106496K, 0% used [0x00000000f2700000,0x00000000f2700000,0x00000000f8f00000)
 ParOldGen       total 355328K, used 264604K [0x00000000c0000000, 0x00000000d5b00000, 0x00000000eab00000)
  object space 355328K, 74% used [0x00000000c0000000,0x00000000d02671d8,0x00000000d5b00000)
 Metaspace       used 6525K, capacity 7256K, committed 7424K, reserved 1056768K
  class space    used 623K, capacity 656K, committed 768K, reserved 1048576K
Event: 16.172 GC heap after
Heap after GC invocations=18 (full 4):
 PSYoungGen      total 231936K, used 0K [0x00000000eab00000, 0x00000000ff700000, 0x0000000100000000)
  eden space 126976K, 0% used [0x00000000eab00000,0x00000000eab00000,0x00000000f2700000)
  from space 104960K, 0% used [0x00000000f9080000,0x00000000f9080000,0x00000000ff700000)
  to   space 106496K, 0% used [0x00000000f2700000,0x00000000f2700000,0x00000000f8f00000)
 ParOldGen       total 414208K, used 206760K [0x00000000c0000000, 0x00000000d9480000, 0x00000000eab00000)
  object space 414208K, 49% used [0x00000000c0000000,0x00000000cc9ea078,0x00000000d9480000)
 Metaspace       used 6525K, capacity 7256K, committed 7424K, reserved 1056768K
  class space    used 623K, capacity 656K, committed 768K, reserved 1048576K
}

Deoptimization events (10 events):
Event: 6.237 Thread 0x0000000001df2800 Uncommon trap: reason=bimorphic action=maybe_recompile pc=0x000000000253dbd8 method=com.android.dx.cf.code.BytecodeArray.parseInstruction(ILcom/android/dx/cf/code/BytecodeArray$Visitor;)I @ 1357
Event: 6.659 Thread 0x0000000001df2800 Uncommon trap: reason=unstable_if action=reinterpret pc=0x0000000002667e2c method=com.android.dx.ssa.DeadCodeRemover.pruneDeadInstructions()V @ 49
Event: 6.675 Thread 0x0000000001df2800 Uncommon trap: reason=bimorphic action=maybe_recompile pc=0x000000000253cb70 method=com.android.dx.cf.code.BytecodeArray.parseInstruction(ILcom/android/dx/cf/code/BytecodeArray$Visitor;)I @ 1501
Event: 6.675 Thread 0x0000000001df2800 Uncommon trap: reason=bimorphic action=maybe_recompile pc=0x000000000253cb70 method=com.android.dx.cf.code.BytecodeArray.parseInstruction(ILcom/android/dx/cf/code/BytecodeArray$Visitor;)I @ 1501
Event: 7.823 Thread 0x0000000001df2800 Uncommon trap: reason=unstable_if action=reinterpret pc=0x0000000002742a58 method=java.util.HashMap.putVal(ILjava/lang/Object;Ljava/lang/Object;ZZ)Ljava/lang/Object; @ 109
Event: 7.923 Thread 0x0000000001df2800 Uncommon trap: reason=unstable_if action=reinterpret pc=0x0000000002765e4c method=com.android.dx.ssa.Dominators.run()V @ 346
Event: 7.923 Thread 0x0000000001df2800 Uncommon trap: reason=unstable_if action=reinterpret pc=0x00000000027531f4 method=com.android.dx.ssa.Dominators.run()V @ 462
Event: 9.037 Thread 0x0000000001df2800 Uncommon trap: reason=unstable_if action=reinterpret pc=0x0000000002535514 method=com.android.dx.ssa.MoveParamCombiner$1.visitNonMoveInsn(Lcom/android/dx/ssa/NormalSsaInsn;)V @ 27
Event: 13.551 Thread 0x0000000001df2800 Uncommon trap: reason=bimorphic action=maybe_recompile pc=0x00000000027af300 method=com.android.dx.cf.code.BytecodeArray.parseInstruction(ILcom/android/dx/cf/code/BytecodeArray$Visitor;)I @ 2554
Event: 13.551 Thread 0x0000000001df2800 Uncommon trap: reason=bimorphic action=maybe_recompile pc=0x00000000027af300 method=com.android.dx.cf.code.BytecodeArray.parseInstruction(ILcom/android/dx/cf/code/BytecodeArray$Visitor;)I @ 2554

Internal exceptions (6 events):
Event: 0.032 Thread 0x0000000001df2800 Exception <a 'java/lang/NoSuchMethodError': Method sun.misc.Unsafe.defineClass(Ljava/lang/String;[BII)Ljava/lang/Class; name or signature does not match> (0x00000000eab07cc0) thrown at [D:\re\workspace\8-2-build-windows-amd64-cygwin\jdk8u92\6642\hotspot\sr¿ý
'¤ ?
Event: 0.033 Thread 0x0000000001df2800 Exception <a 'java/lang/NoSuchMethodError': Method sun.misc.Unsafe.prefetchRead(Ljava/lang/Object;J)V name or signature does not match> (0x00000000eab07fa8) thrown at [D:\re\workspace\8-2-build-windows-amd64-cygwin\jdk8u92\6642\hotspot\src\share\vm\prims\jº‘SÖ+$ð?
Event: 1.009 Thread 0x0000000015fb8800 Implicit null exception at 0x0000000002251762 to 0x000000000225185a
Event: 3.320 Thread 0x0000000015ffa800 Exception <a 'java/lang/ArrayIndexOutOfBoundsException': 18> (0x00000000ec582bc8) thrown at [D:\re\workspace\8-2-build-windows-amd64-cygwin\jdk8u92\6642\hotspot\src\share\vm\interpreter\interpreterRuntime.cpp, line 366]
Event: 3.320 Thread 0x0000000015ffa800 Exception <a 'java/lang/ArrayIndexOutOfBoundsException'> (0x00000000ec584748) thrown at [D:\re\workspace\8-2-build-windows-amd64-cygwin\jdk8u92\6642\hotspot\src\share\vm\runtime\sharedRuntime.cpp, line 605]
Event: 3.321 Thread 0x0000000015ffa800 Exception <a 'java/lang/ArrayIndexOutOfBoundsException'> (0x00000000ec585a30) thrown at [D:\re\workspace\8-2-build-windows-amd64-cygwin\jdk8u92\6642\hotspot\src\share\vm\runtime\sharedRuntime.cpp, line 605]

Events (10 events):
Event: 16.354 Thread 0x0000000015fb8800 DEOPT UNPACKING pc=0x0000000001f3787f sp=0x000000001652e640 mode 0
Event: 16.357 Thread 0x0000000016006800 DEOPT PACKING pc=0x00000000024e315d sp=0x000000001692e9c0
Event: 16.357 Thread 0x0000000016006800 DEOPT UNPACKING pc=0x0000000001f3787f sp=0x000000001692e710 mode 0
Event: 16.381 Thread 0x0000000015fb8800 DEOPT PACKING pc=0x00000000024c747d sp=0x000000001652e970
Event: 16.381 Thread 0x0000000015fb8800 DEOPT UNPACKING pc=0x0000000001f3787f sp=0x000000001652e720 mode 0
Event: 16.382 Thread 0x0000000015fb8800 DEOPT PACKING pc=0x0000000002577e93 sp=0x000000001652e9c0
Event: 16.382 Thread 0x0000000015fb8800 DEOPT UNPACKING pc=0x0000000001f3787f sp=0x000000001652e738 mode 0
Event: 16.387 Thread 0x0000000015fb8800 DEOPT PACKING pc=0x0000000002705d93 sp=0x000000001652e9b0
Event: 16.387 Thread 0x0000000015fb8800 DEOPT UNPACKING pc=0x0000000001f3787f sp=0x000000001652e778 mode 0
Event: 16.392 Thread 0x0000000015fb8800 Thread exited: 0x0000000015fb8800


Dynamic libraries:
0x00007ff6efb20000 - 0x00007ff6efb57000 	C:\Program Files\Java\jdk1.8.0_92\bin\java.exe
0x00007ffd45f40000 - 0x00007ffd460ea000 	C:\Windows\SYSTEM32\ntdll.dll
0x00007ffd43cb0000 - 0x00007ffd43dea000 	C:\Windows\system32\KERNEL32.DLL
0x00007ffd43380000 - 0x00007ffd4348f000 	C:\Windows\system32\KERNELBASE.dll
0x00007ffd41ee0000 - 0x00007ffd41f68000 	C:\Windows\system32\apphelp.dll
0x00007ffd1ae00000 - 0x00007ffd1ae4f000 	C:\Windows\AppPatch\AppPatch64\AcGenral.DLL
0x00007ffd441d0000 - 0x00007ffd44277000 	C:\Windows\system32\msvcrt.dll
0x00007ffd430f0000 - 0x00007ffd4311b000 	C:\Windows\SYSTEM32\SspiCli.dll
0x00007ffd44280000 - 0x00007ffd442d1000 	C:\Windows\system32\SHLWAPI.dll
0x00007ffd45b50000 - 0x00007ffd45cc1000 	C:\Windows\system32\USER32.dll
0x00007ffd43a70000 - 0x00007ffd43be8000 	C:\Windows\system32\ole32.dll
0x00007ffd444e0000 - 0x00007ffd458f7000 	C:\Windows\system32\SHELL32.dll
0x00007ffd42920000 - 0x00007ffd4293e000 	C:\Windows\SYSTEM32\USERENV.dll
0x00007ffd442e0000 - 0x00007ffd44385000 	C:\Windows\system32\ADVAPI32.dll
0x00007ffd3e8c0000 - 0x00007ffd3e8db000 	C:\Windows\SYSTEM32\MPR.dll
0x00007ffd45d90000 - 0x00007ffd45ec6000 	C:\Windows\system32\RPCRT4.dll
0x00007ffd43fd0000 - 0x00007ffd44027000 	C:\Windows\SYSTEM32\sechost.dll
0x00007ffd43df0000 - 0x00007ffd43fc6000 	C:\Windows\SYSTEM32\combase.dll
0x00007ffd43900000 - 0x00007ffd43a45000 	C:\Windows\system32\GDI32.dll
0x00007ffd432b0000 - 0x00007ffd432c4000 	C:\Windows\SYSTEM32\profapi.dll
0x00007ffd41910000 - 0x00007ffd419af000 	C:\Windows\SYSTEM32\SHCORE.dll
0x00007ffd444a0000 - 0x00007ffd444d4000 	C:\Windows\system32\IMM32.DLL
0x00007ffd437c0000 - 0x00007ffd438f9000 	C:\Windows\system32\MSCTF.dll
0x00007ffd40f80000 - 0x00007ffd411da000 	C:\Windows\WinSxS\amd64_microsoft.windows.common-controls_6595b64144ccf1df_6.0.9600.17031_none_6242a4b3ecbb55a1\COMCTL32.dll
0x00000000575d0000 - 0x00000000576a2000 	C:\Program Files\Java\jdk1.8.0_92\jre\bin\msvcr100.dll
0x0000000057a50000 - 0x00000000582e6000 	C:\Program Files\Java\jdk1.8.0_92\jre\bin\server\jvm.dll
0x00007ffd3ccf0000 - 0x00007ffd3ccf9000 	C:\Windows\SYSTEM32\WSOCK32.dll
0x00007ffd393b0000 - 0x00007ffd393cf000 	C:\Windows\SYSTEM32\WINMM.dll
0x00007ffd40ee0000 - 0x00007ffd40eea000 	C:\Windows\SYSTEM32\VERSION.dll
0x00007ffd45ae0000 - 0x00007ffd45ae7000 	C:\Windows\system32\PSAPI.DLL
0x00007ffd45ee0000 - 0x00007ffd45f38000 	C:\Windows\system32\WS2_32.dll
0x00007ffd37ae0000 - 0x00007ffd37b0a000 	C:\Windows\SYSTEM32\WINMMBASE.dll
0x00007ffd45ed0000 - 0x00007ffd45ed9000 	C:\Windows\system32\NSI.dll
0x00007ffd43770000 - 0x00007ffd437ba000 	C:\Windows\SYSTEM32\cfgmgr32.dll
0x00007ffd42130000 - 0x00007ffd42156000 	C:\Windows\SYSTEM32\DEVOBJ.dll
0x0000000058f10000 - 0x0000000058f1f000 	C:\Program Files\Java\jdk1.8.0_92\jre\bin\verify.dll
0x0000000057a20000 - 0x0000000057a49000 	C:\Program Files\Java\jdk1.8.0_92\jre\bin\java.dll
0x0000000057a00000 - 0x0000000057a16000 	C:\Program Files\Java\jdk1.8.0_92\jre\bin\zip.dll

VM Arguments:
jvm_args: -Djava.awt.headless=true -Xmx1024M -Dfile.encoding=windows-1252 -Duser.country=US -Duser.language=en -Duser.variant 
java_command: com.android.dx.command.Main --dex --force-jumbo --num-threads=4 --output C:\Zooket\app\build\intermediates\pre-dexed\debug\com.google.android.gms-play-services-ads-9.0.1_a213d0cf920b8fe9c76e548f5c02fedff6d4ca15.jar C:\Zooket\app\build\intermediates\exploded-aar\com.google.android.gms\play-services-ads\9.0.1\jars\classes.jar
java_class_path (initial): C:\android-sdk-windows\build-tools\24.0.3\lib\dx.jar
Launcher Type: SUN_STANDARD

Environment Variables:
PATH=C:\ProgramData\Oracle\Java\javapath;C:\Windows\system32;C:\Windows;C:\Windows\System32\Wbem;C:\Windows\System32\WindowsPowerShell\v1.0\;C:\Program Files (x86)\NVIDIA Corporation\PhysX\Common;C:\Program Files (x86)\Windows Kits\8.1\Windows Performance Toolkit\;C:\Program Files\Microsoft SQL Server\110\Tools\Binn\;C:\Program Files\Microsoft SQL Server\110\DTS\Binn\;C:\Program Files (x86)\Microsoft SQL Server\110\Tools\Binn\;C:\Program Files (x86)\Microsoft SQL Server\110\Tools\Binn\ManagementStudio\;C:\Program Files (x86)\Microsoft Visual Studio 10.0\Common7\IDE\PrivateAssemblies\;C:\Program Files (x86)\Microsoft SQL Server\110\DTS\Binn\;C:\Program Files (x86)\GtkSharp\2.12\bin;C:\Program Files (x86)\QuickTime\QTSystem\
USERNAME=Smo
OS=Windows_NT
PROCESSOR_IDENTIFIER=Intel64 Family 6 Model 94 Stepping 3, GenuineIntel



---------------  S Y S T E M  ---------------

OS: Windows 8.1 , 64 bit Build 9600 (6.3.9600.17056)

CPU:total 4 (4 cores per cpu, 1 threads per core) family 6 model 94 stepping 3, cmov, cx8, fxsr, mmx, sse, sse2, sse3, ssse3, sse4.1, sse4.2, popcnt, avx, avx2, aes, clmul, erms, 3dnowpref, lzcnt, tsc, tscinvbit, bmi1, bmi2, adx

Memory: 4k page, physical 8266404k(1601528k free), swap 8266404k(5048k free)

vm_info: Java HotSpot(TM) 64-Bit Server VM (25.92-b14) for windows-amd64 JRE (1.8.0_92-b14), built on Mar 31 2016 21:03:04 by "java_re" with MS VC++ 10.0 (VS2010)

time: Wed May 17 17:36:05 2017
elapsed time: 16 seconds (0d 0h 0m 16s)

