#
# There is insufficient memory for the Java Runtime Environment to continue.
# Native memory allocation (malloc) failed to allocate 262160 bytes for Chunk::new
# Possible reasons:
#   The system is out of physical RAM or swap space
#   In 32 bit mode, the process size limit was hit
# Possible solutions:
#   Reduce memory load on the system
#   Increase physical memory or swap space
#   Check if swap backing store is full
#   Use 64 bit Java on a 64 bit OS
#   Decrease Java heap size (-Xmx/-Xms)
#   Decrease number of Java threads
#   Decrease Java thread stack sizes (-Xss)
#   Set larger code cache with -XX:ReservedCodeCacheSize=
# This output file may be truncated or incomplete.
#
#  Out of Memory Error (allocation.cpp:390), pid=3544, tid=0x0000000000002524
#
# JRE version: Java(TM) SE Runtime Environment (8.0_92-b14) (build 1.8.0_92-b14)
# Java VM: Java HotSpot(TM) 64-Bit Server VM (25.92-b14 mixed mode windows-amd64 compressed oops)
# Failed to write core dump. Minidumps are not enabled by default on client versions of Windows
#

---------------  T H R E A D  ---------------

Current thread (0x0000000014b07800):  JavaThread "C2 CompilerThread1" daemon [_thread_in_native, id=9508, stack(0x00000000161e0000,0x00000000162e0000)]

Stack: [0x00000000161e0000,0x00000000162e0000]
[error occurred during error reporting (printing stack bounds), id 0xc0000005]

Native frames: (J=compiled Java code, j=interpreted, Vv=VM code, C=native code)


Current CompileTask:
C2:   2970 1467   !   4       com.android.dx.cf.code.Ropper::processBlock (1101 bytes)


---------------  P R O C E S S  ---------------

Java Threads: ( => current thread )
  0x000000001653e800 JavaThread "pool-1-thread-4" [_thread_blocked, id=7236, stack(0x0000000016de0000,0x0000000016ee0000)]
  0x000000001653b800 JavaThread "pool-1-thread-3" [_thread_in_Java, id=7380, stack(0x0000000016ce0000,0x0000000016de0000)]
  0x000000001653a000 JavaThread "pool-1-thread-2" [_thread_blocked, id=6340, stack(0x0000000016be0000,0x0000000016ce0000)]
  0x0000000016536000 JavaThread "pool-2-thread-1" [_thread_blocked, id=9096, stack(0x0000000016ae0000,0x0000000016be0000)]
  0x000000001652d000 JavaThread "pool-1-thread-1" [_thread_blocked, id=9556, stack(0x00000000169e0000,0x0000000016ae0000)]
  0x00000000162e6800 JavaThread "Service Thread" daemon [_thread_blocked, id=640, stack(0x00000000167e0000,0x00000000168e0000)]
  0x00000000162e1000 JavaThread "C1 CompilerThread2" daemon [_thread_blocked, id=9520, stack(0x00000000166e0000,0x00000000167e0000)]
=>0x0000000014b07800 JavaThread "C2 CompilerThread1" daemon [_thread_in_native, id=9508, stack(0x00000000161e0000,0x00000000162e0000)]
  0x0000000014aba000 JavaThread "C2 CompilerThread0" daemon [_thread_in_native, id=9496, stack(0x00000000160e0000,0x00000000161e0000)]
  0x0000000014ab8000 JavaThread "Attach Listener" daemon [_thread_blocked, id=9500, stack(0x0000000015fe0000,0x00000000160e0000)]
  0x0000000014ab6800 JavaThread "Signal Dispatcher" daemon [_thread_blocked, id=9488, stack(0x0000000015ee0000,0x0000000015fe0000)]
  0x0000000014a9a800 JavaThread "Finalizer" daemon [_thread_blocked, id=6716, stack(0x0000000015d00000,0x0000000015e00000)]
  0x00000000023d0800 JavaThread "Reference Handler" daemon [_thread_blocked, id=9200, stack(0x0000000015c00000,0x0000000015d00000)]
  0x00000000022e2800 JavaThread "main" [_thread_in_vm, id=5028, stack(0x0000000002160000,0x0000000002260000)]

Other Threads:
  0x0000000014a78800 VMThread [stack: 0x0000000015b00000,0x0000000015c00000] [id=8276]
  0x00000000162f1000 WatcherThread [stack: 0x00000000168e0000,0x00000000169e0000] [id=9436]

VM state:not at safepoint (normal execution)

VM Mutex/Monitor currently owned by a thread: None

Heap:
 PSYoungGen      total 38400K, used 34641K [0x00000000eab00000, 0x00000000ef600000, 0x0000000100000000)
  eden space 33280K, 88% used [0x00000000eab00000,0x00000000ec7dc418,0x00000000ecb80000)
  from space 5120K, 99% used [0x00000000ed080000,0x00000000ed578010,0x00000000ed580000)
  to   space 5120K, 0% used [0x00000000ecb80000,0x00000000ecb80000,0x00000000ed080000)
 ParOldGen       total 87552K, used 5436K [0x00000000c0000000, 0x00000000c5580000, 0x00000000eab00000)
  object space 87552K, 6% used [0x00000000c0000000,0x00000000c054f378,0x00000000c5580000)
 Metaspace       used 6271K, capacity 7128K, committed 7424K, reserved 1056768K
  class space    used 622K, capacity 656K, committed 768K, reserved 1048576K

Card table byte_map: [0x00000000117a0000,0x00000000119b0000] byte_map_base: 0x00000000111a0000

Marking Bits: (ParMarkBitMap*) 0x000000006bf164f0
 Begin Bits: [0x0000000011f10000, 0x0000000012f10000)
 End Bits:   [0x0000000012f10000, 0x0000000013f10000)

Polling page: 0x0000000000910000

CodeCache: size=245760Kb used=6521Kb max_used=6535Kb free=239238Kb
 bounds [0x00000000023e0000, 0x0000000002a50000, 0x00000000113e0000]
 total_blobs=1847 nmethods=1578 adapters=182
 compilation: enabled

Compilation events (10 events):
Event: 2.670 Thread 0x00000000162e1000 1603       2       java.util.HashMap::getNode (148 bytes)
Event: 2.671 Thread 0x00000000162e1000 nmethod 1603 0x0000000002a360d0 code [0x0000000002a36280, 0x0000000002a366e8]
Event: 2.671 Thread 0x00000000162e1000 1604       2       com.android.dx.ssa.back.FirstFitLocalCombiningAllocator::adjustAndMapSourceRangeRange (196 bytes)
Event: 2.672 Thread 0x00000000162e1000 nmethod 1604 0x0000000002a38990 code [0x0000000002a38bc0, 0x0000000002a39268]
Event: 2.751 Thread 0x0000000014b07800 nmethod 1596 0x0000000002a3d510 code [0x0000000002a3da20, 0x0000000002a40820]
Event: 2.751 Thread 0x0000000014b07800 1597       4       com.android.dx.ssa.SsaMethod::computeReachability (131 bytes)
Event: 2.770 Thread 0x0000000014b07800 nmethod 1597 0x0000000002a39ed0 code [0x0000000002a3a080, 0x0000000002a3ae98]
Event: 2.770 Thread 0x0000000014b07800 1541       4       com.android.dx.util.Bits::or (24 bytes)
Event: 2.772 Thread 0x0000000014b07800 nmethod 1541 0x0000000002a35d10 code [0x0000000002a35e40, 0x0000000002a35f58]
Event: 2.772 Thread 0x0000000014b07800 1467   !   4       com.android.dx.cf.code.Ropper::processBlock (1101 bytes)

GC Heap History (4 events):
Event: 1.616 GC heap before
{Heap before GC invocations=1 (full 0):
 PSYoungGen      total 38400K, used 33280K [0x00000000eab00000, 0x00000000ed580000, 0x0000000100000000)
  eden space 33280K, 100% used [0x00000000eab00000,0x00000000ecb80000,0x00000000ecb80000)
  from space 5120K, 0% used [0x00000000ed080000,0x00000000ed080000,0x00000000ed580000)
  to   space 5120K, 0% used [0x00000000ecb80000,0x00000000ecb80000,0x00000000ed080000)
 ParOldGen       total 87552K, used 0K [0x00000000c0000000, 0x00000000c5580000, 0x00000000eab00000)
  object space 87552K, 0% used [0x00000000c0000000,0x00000000c0000000,0x00000000c5580000)
 Metaspace       used 5928K, capacity 6834K, committed 7040K, reserved 1056768K
  class space    used 598K, capacity 618K, committed 640K, reserved 1048576K
Event: 1.792 GC heap after
Heap after GC invocations=1 (full 0):
 PSYoungGen      total 38400K, used 5111K [0x00000000eab00000, 0x00000000ed580000, 0x0000000100000000)
  eden space 33280K, 0% used [0x00000000eab00000,0x00000000eab00000,0x00000000ecb80000)
  from space 5120K, 99% used [0x00000000ecb80000,0x00000000ed07dc60,0x00000000ed080000)
  to   space 5120K, 0% used [0x00000000ed080000,0x00000000ed080000,0x00000000ed580000)
 ParOldGen       total 87552K, used 2808K [0x00000000c0000000, 0x00000000c5580000, 0x00000000eab00000)
  object space 87552K, 3% used [0x00000000c0000000,0x00000000c02be380,0x00000000c5580000)
 Metaspace       used 5928K, capacity 6834K, committed 7040K, reserved 1056768K
  class space    used 598K, capacity 618K, committed 640K, reserved 1048576K
}
Event: 2.517 GC heap before
{Heap before GC invocations=2 (full 0):
 PSYoungGen      total 38400K, used 38391K [0x00000000eab00000, 0x00000000ed580000, 0x0000000100000000)
  eden space 33280K, 100% used [0x00000000eab00000,0x00000000ecb80000,0x00000000ecb80000)
  from space 5120K, 99% used [0x00000000ecb80000,0x00000000ed07dc60,0x00000000ed080000)
  to   space 5120K, 0% used [0x00000000ed080000,0x00000000ed080000,0x00000000ed580000)
 ParOldGen       total 87552K, used 2808K [0x00000000c0000000, 0x00000000c5580000, 0x00000000eab00000)
  object space 87552K, 3% used [0x00000000c0000000,0x00000000c02be380,0x00000000c5580000)
 Metaspace       used 6098K, capacity 7026K, committed 7296K, reserved 1056768K
  class space    used 600K, capacity 618K, committed 640K, reserved 1048576K
Event: 2.582 GC heap after
Heap after GC invocations=2 (full 0):
 PSYoungGen      total 38400K, used 5088K [0x00000000eab00000, 0x00000000ef600000, 0x0000000100000000)
  eden space 33280K, 0% used [0x00000000eab00000,0x00000000eab00000,0x00000000ecb80000)
  from space 5120K, 99% used [0x00000000ed080000,0x00000000ed578010,0x00000000ed580000)
  to   space 5120K, 0% used [0x00000000ecb80000,0x00000000ecb80000,0x00000000ed080000)
 ParOldGen       total 87552K, used 5436K [0x00000000c0000000, 0x00000000c5580000, 0x00000000eab00000)
  object space 87552K, 6% used [0x00000000c0000000,0x00000000c054f378,0x00000000c5580000)
 Metaspace       used 6098K, capacity 7026K, committed 7296K, reserved 1056768K
  class space    used 600K, capacity 618K, committed 640K, reserved 1048576K
}

Deoptimization events (10 events):
Event: 2.594 Thread 0x000000001653b800 Uncommon trap: reason=bimorphic action=maybe_recompile pc=0x00000000029c7904 method=com.android.dx.cf.code.BytecodeArray.parseInstruction(ILcom/android/dx/cf/code/BytecodeArray$Visitor;)I @ 923
Event: 2.594 Thread 0x000000001653b800 Uncommon trap: reason=bimorphic action=maybe_recompile pc=0x00000000029c7ca4 method=com.android.dx.cf.code.BytecodeArray.parseInstruction(ILcom/android/dx/cf/code/BytecodeArray$Visitor;)I @ 1130
Event: 2.604 Thread 0x000000001653a000 Uncommon trap: reason=bimorphic action=maybe_recompile pc=0x00000000029b04fc method=com.android.dx.rop.code.RegisterSpec.withSimpleType()Lcom/android/dx/rop/code/RegisterSpec; @ 21
Event: 2.605 Thread 0x000000001653a000 Uncommon trap: reason=bimorphic action=maybe_recompile pc=0x00000000029b04fc method=com.android.dx.rop.code.RegisterSpec.withSimpleType()Lcom/android/dx/rop/code/RegisterSpec; @ 21
Event: 2.637 Thread 0x000000001653e800 Uncommon trap: reason=unstable_if action=reinterpret pc=0x00000000029ae798 method=com.android.dx.rop.code.RegisterSpec.intersect(Lcom/android/dx/rop/code/RegisterSpec;Z)Lcom/android/dx/rop/code/RegisterSpec; @ 8
Event: 2.644 Thread 0x00000000022e2800 Uncommon trap: reason=bimorphic action=maybe_recompile pc=0x000000000265f508 method=java.util.HashMap.getNode(ILjava/lang/Object;)Ljava/util/HashMap$Node; @ 126
Event: 2.654 Thread 0x000000001653b800 Uncommon trap: reason=unstable_if action=reinterpret pc=0x000000000276b6dc method=java.util.HashMap.putVal(ILjava/lang/Object;Ljava/lang/Object;ZZ)Ljava/lang/Object; @ 162
Event: 2.657 Thread 0x000000001653b800 Uncommon trap: reason=unstable_if action=reinterpret pc=0x000000000265f4f0 method=java.util.HashMap.getNode(ILjava/lang/Object;)Ljava/util/HashMap$Node; @ 84
Event: 2.670 Thread 0x000000001653e800 Uncommon trap: reason=unstable_if action=reinterpret pc=0x000000000294f7a0 method=com.android.dx.rop.code.RegisterSpec.intersect(Lcom/android/dx/rop/code/RegisterSpec;Z)Lcom/android/dx/rop/code/RegisterSpec; @ 8
Event: 2.670 Thread 0x000000001653e800 Uncommon trap: reason=unstable_if action=reinterpret pc=0x000000000267593c method=java.util.HashMap.getNode(ILjava/lang/Object;)Ljava/util/HashMap$Node; @ 84

Internal exceptions (6 events):
Event: 0.164 Thread 0x00000000022e2800 Exception <a 'java/lang/NoSuchMethodError': Method sun.misc.Unsafe.defineClass(Ljava/lang/String;[BII)Ljava/lang/Class; name or signature does not match> (0x00000000eab07cc0) thrown at [D:\re\workspace\8-2-build-windows-amd64-cygwin\jdk8u92\6642\hotspot\sr_¯Íó:Å?
Event: 0.164 Thread 0x00000000022e2800 Exception <a 'java/lang/NoSuchMethodError': Method sun.misc.Unsafe.prefetchRead(Ljava/lang/Object;J)V name or signature does not match> (0x00000000eab07fa8) thrown at [D:\re\workspace\8-2-build-windows-amd64-cygwin\jdk8u92\6642\hotspot\src\share\vm\prims\jÄCÁ–ùõ?
Event: 1.373 Thread 0x00000000022e2800 Implicit null exception at 0x00000000026f5236 to 0x00000000026f6ab5
Event: 2.656 Thread 0x000000001653b800 Exception <a 'java/lang/ArrayIndexOutOfBoundsException': 18> (0x00000000ec44abf8) thrown at [D:\re\workspace\8-2-build-windows-amd64-cygwin\jdk8u92\6642\hotspot\src\share\vm\interpreter\interpreterRuntime.cpp, line 366]
Event: 2.657 Thread 0x000000001653b800 Exception <a 'java/lang/ArrayIndexOutOfBoundsException'> (0x00000000ec44c778) thrown at [D:\re\workspace\8-2-build-windows-amd64-cygwin\jdk8u92\6642\hotspot\src\share\vm\runtime\sharedRuntime.cpp, line 605]
Event: 2.657 Thread 0x000000001653b800 Exception <a 'java/lang/ArrayIndexOutOfBoundsException'> (0x00000000ec44da60) thrown at [D:\re\workspace\8-2-build-windows-amd64-cygwin\jdk8u92\6642\hotspot\src\share\vm\runtime\sharedRuntime.cpp, line 605]

Events (10 events):
Event: 2.661 Thread 0x00000000022e2800 DEOPT PACKING pc=0x000000000265ce14 sp=0x000000000225e520
Event: 2.661 Thread 0x00000000022e2800 DEOPT UNPACKING pc=0x000000000242787f sp=0x000000000225e2e8 mode 0
Event: 2.667 Thread 0x000000001653e800 DEOPT PACKING pc=0x0000000002799478 sp=0x0000000016ede360
Event: 2.667 Thread 0x000000001653e800 DEOPT UNPACKING pc=0x000000000242787f sp=0x0000000016ede088 mode 0
Event: 2.670 Thread 0x000000001653e800 Uncommon trap: trap_request=0xffffff65 fr.pc=0x000000000294f7a0
Event: 2.670 Thread 0x000000001653e800 DEOPT PACKING pc=0x000000000294f7a0 sp=0x0000000016ede520
Event: 2.670 Thread 0x000000001653e800 DEOPT UNPACKING pc=0x000000000242582a sp=0x0000000016ede498 mode 2
Event: 2.670 Thread 0x000000001653e800 Uncommon trap: trap_request=0xffffff65 fr.pc=0x000000000267593c
Event: 2.670 Thread 0x000000001653e800 DEOPT PACKING pc=0x000000000267593c sp=0x0000000016eddb50
Event: 2.670 Thread 0x000000001653e800 DEOPT UNPACKING pc=0x000000000242582a sp=0x0000000016eddad8 mode 2


Dynamic libraries:
0x00007ff7d3560000 - 0x00007ff7d3597000 	C:\Program Files\Java\jdk1.8.0_92\bin\java.exe
0x00007ff89b3d0000 - 0x00007ff89b57a000 	C:\Windows\SYSTEM32\ntdll.dll
0x00007ff898d00000 - 0x00007ff898e3a000 	C:\Windows\system32\KERNEL32.DLL
0x00007ff898af0000 - 0x00007ff898bff000 	C:\Windows\system32\KERNELBASE.dll
0x00007ff897370000 - 0x00007ff8973f8000 	C:\Windows\system32\apphelp.dll
0x00007ff875f50000 - 0x00007ff875f9f000 	C:\Windows\AppPatch\AppPatch64\AcGenral.DLL
0x00007ff899020000 - 0x00007ff8990c7000 	C:\Windows\system32\msvcrt.dll
0x00007ff898580000 - 0x00007ff8985ab000 	C:\Windows\SYSTEM32\SspiCli.dll
0x00007ff89a7a0000 - 0x00007ff89a7f1000 	C:\Windows\system32\SHLWAPI.dll
0x00007ff89a9e0000 - 0x00007ff89ab51000 	C:\Windows\system32\USER32.dll
0x00007ff898ea0000 - 0x00007ff899018000 	C:\Windows\system32\ole32.dll
0x00007ff899380000 - 0x00007ff89a797000 	C:\Windows\system32\SHELL32.dll
0x00007ff897db0000 - 0x00007ff897dce000 	C:\Windows\SYSTEM32\USERENV.dll
0x00007ff89b200000 - 0x00007ff89b2a5000 	C:\Windows\system32\ADVAPI32.dll
0x00007ff893600000 - 0x00007ff89361b000 	C:\Windows\SYSTEM32\MPR.dll
0x00007ff89ad40000 - 0x00007ff89ae76000 	C:\Windows\system32\RPCRT4.dll
0x00007ff898e40000 - 0x00007ff898e97000 	C:\Windows\SYSTEM32\sechost.dll
0x00007ff8990d0000 - 0x00007ff8992a6000 	C:\Windows\SYSTEM32\combase.dll
0x00007ff89ae90000 - 0x00007ff89afd5000 	C:\Windows\system32\GDI32.dll
0x00007ff898740000 - 0x00007ff898754000 	C:\Windows\SYSTEM32\profapi.dll
0x00007ff896da0000 - 0x00007ff896e3f000 	C:\Windows\SYSTEM32\SHCORE.dll
0x00007ff89a9a0000 - 0x00007ff89a9d4000 	C:\Windows\system32\IMM32.DLL
0x00007ff89b0c0000 - 0x00007ff89b1f9000 	C:\Windows\system32\MSCTF.dll
0x00007ff896520000 - 0x00007ff89677a000 	C:\Windows\WinSxS\amd64_microsoft.windows.common-controls_6595b64144ccf1df_6.0.9600.17031_none_6242a4b3ecbb55a1\COMCTL32.dll
0x000000006b320000 - 0x000000006b3f2000 	C:\Program Files\Java\jdk1.8.0_92\jre\bin\msvcr100.dll
0x000000006b700000 - 0x000000006bf96000 	C:\Program Files\Java\jdk1.8.0_92\jre\bin\server\jvm.dll
0x00007ff88b560000 - 0x00007ff88b569000 	C:\Windows\SYSTEM32\WSOCK32.dll
0x00007ff88ab60000 - 0x00007ff88ab7f000 	C:\Windows\SYSTEM32\WINMM.dll
0x00007ff896450000 - 0x00007ff89645a000 	C:\Windows\SYSTEM32\VERSION.dll
0x00007ff89ae80000 - 0x00007ff89ae87000 	C:\Windows\system32\PSAPI.DLL
0x00007ff8992b0000 - 0x00007ff899308000 	C:\Windows\system32\WS2_32.dll
0x00007ff88aac0000 - 0x00007ff88aaea000 	C:\Windows\SYSTEM32\WINMMBASE.dll
0x00007ff89b000000 - 0x00007ff89b009000 	C:\Windows\system32\NSI.dll
0x00007ff898c00000 - 0x00007ff898c4a000 	C:\Windows\SYSTEM32\cfgmgr32.dll
0x00007ff8975c0000 - 0x00007ff8975e6000 	C:\Windows\SYSTEM32\DEVOBJ.dll
0x000000006e490000 - 0x000000006e49f000 	C:\Program Files\Java\jdk1.8.0_92\jre\bin\verify.dll
0x000000006c680000 - 0x000000006c6a9000 	C:\Program Files\Java\jdk1.8.0_92\jre\bin\java.dll
0x000000006c660000 - 0x000000006c676000 	C:\Program Files\Java\jdk1.8.0_92\jre\bin\zip.dll

VM Arguments:
jvm_args: -Djava.awt.headless=true -Xmx1024M -Dfile.encoding=windows-1252 -Duser.country=US -Duser.language=en -Duser.variant 
java_command: com.android.dx.command.Main --dex --force-jumbo --num-threads=4 --output C:\Zooket\app\build\intermediates\pre-dexed\debug\okhttp-2.4.0_787f9e023d436507c0c01ed8a5465d0311a90b76.jar C:\Users\Smo\.gradle\caches\modules-2\files-2.1\com.squareup.okhttp\okhttp\2.4.0\40340c0748190fe897baf7bffbc1b282734294e5\okhttp-2.4.0.jar
java_class_path (initial): C:\android-sdk-windows\build-tools\24.0.3\lib\dx.jar
Launcher Type: SUN_STANDARD

Environment Variables:
PATH=C:\ProgramData\Oracle\Java\javapath;C:\Windows\system32;C:\Windows;C:\Windows\System32\Wbem;C:\Windows\System32\WindowsPowerShell\v1.0\;C:\Program Files (x86)\NVIDIA Corporation\PhysX\Common;C:\Program Files (x86)\Windows Kits\8.1\Windows Performance Toolkit\;C:\Program Files\Microsoft SQL Server\110\Tools\Binn\;C:\Program Files\Microsoft SQL Server\110\DTS\Binn\;C:\Program Files (x86)\Microsoft SQL Server\110\Tools\Binn\;C:\Program Files (x86)\Microsoft SQL Server\110\Tools\Binn\ManagementStudio\;C:\Program Files (x86)\Microsoft Visual Studio 10.0\Common7\IDE\PrivateAssemblies\;C:\Program Files (x86)\Microsoft SQL Server\110\DTS\Binn\;C:\Program Files (x86)\GtkSharp\2.12\bin;C:\Program Files (x86)\QuickTime\QTSystem\
USERNAME=Smo
OS=Windows_NT
PROCESSOR_IDENTIFIER=Intel64 Family 6 Model 94 Stepping 3, GenuineIntel



---------------  S Y S T E M  ---------------

OS: Windows 8.1 , 64 bit Build 9600 (6.3.9600.17056)

CPU:total 4 (4 cores per cpu, 1 threads per core) family 6 model 94 stepping 3, cmov, cx8, fxsr, mmx, sse, sse2, sse3, ssse3, sse4.1, sse4.2, popcnt, avx, avx2, aes, clmul, erms, 3dnowpref, lzcnt, tsc, tscinvbit, bmi1, bmi2, adx

Memory: 4k page, physical 8266404k(1528572k free), swap 8266404k(5132k free)

vm_info: Java HotSpot(TM) 64-Bit Server VM (25.92-b14) for windows-amd64 JRE (1.8.0_92-b14), built on Mar 31 2016 21:03:04 by "java_re" with MS VC++ 10.0 (VS2010)

time: Thu May 11 22:11:16 2017
elapsed time: 2 seconds (0d 0h 0m 2s)

