#
# There is insufficient memory for the Java Runtime Environment to continue.
# Native memory allocation (malloc) failed to allocate 32744 bytes for ChunkPool::allocate
# Possible reasons:
#   The system is out of physical RAM or swap space
#   In 32 bit mode, the process size limit was hit
# Possible solutions:
#   Reduce memory load on the system
#   Increase physical memory or swap space
#   Check if swap backing store is full
#   Use 64 bit Java on a 64 bit OS
#   Decrease Java heap size (-Xmx/-Xms)
#   Decrease number of Java threads
#   Decrease Java thread stack sizes (-Xss)
#   Set larger code cache with -XX:ReservedCodeCacheSize=
# This output file may be truncated or incomplete.
#
#  Out of Memory Error (allocation.cpp:273), pid=8940, tid=0x00000000000006e8
#
# JRE version: Java(TM) SE Runtime Environment (8.0_92-b14) (build 1.8.0_92-b14)
# Java VM: Java HotSpot(TM) 64-Bit Server VM (25.92-b14 mixed mode windows-amd64 compressed oops)
# Failed to write core dump. Minidumps are not enabled by default on client versions of Windows
#

---------------  T H R E A D  ---------------

Current thread (0x0000000014c47800):  JavaThread "C2 CompilerThread1" daemon [_thread_in_native, id=1768, stack(0x0000000016330000,0x0000000016430000)]

Stack: [0x0000000016330000,0x0000000016430000]
[error occurred during error reporting (printing stack bounds), id 0xc0000005]

Native frames: (J=compiled Java code, j=interpreted, Vv=VM code, C=native code)


Current CompileTask:
C2:   4872 1911       4       com.android.dx.dex.code.RopToDop::dopFor (792 bytes)


---------------  P R O C E S S  ---------------

Java Threads: ( => current thread )
  0x00000000166c5000 JavaThread "pool-1-thread-4" [_thread_in_vm, id=9180, stack(0x0000000016f30000,0x0000000017030000)]
  0x00000000166c5800 JavaThread "pool-1-thread-3" [_thread_blocked, id=8592, stack(0x0000000016e30000,0x0000000016f30000)]
  0x00000000166c7000 JavaThread "pool-1-thread-2" [_thread_blocked, id=9144, stack(0x0000000016d30000,0x0000000016e30000)]
  0x00000000166c6800 JavaThread "pool-2-thread-1" [_thread_blocked, id=7156, stack(0x0000000016c30000,0x0000000016d30000)]
  0x00000000166c4000 JavaThread "pool-1-thread-1" [_thread_blocked, id=8716, stack(0x0000000016b30000,0x0000000016c30000)]
  0x0000000016436800 JavaThread "Service Thread" daemon [_thread_blocked, id=7532, stack(0x0000000016930000,0x0000000016a30000)]
  0x0000000016431000 JavaThread "C1 CompilerThread2" daemon [_thread_blocked, id=7460, stack(0x0000000016830000,0x0000000016930000)]
=>0x0000000014c47800 JavaThread "C2 CompilerThread1" daemon [_thread_in_native, id=1768, stack(0x0000000016330000,0x0000000016430000)]
  0x0000000014bee000 JavaThread "C2 CompilerThread0" daemon [_thread_in_native, id=8832, stack(0x0000000016230000,0x0000000016330000)]
  0x0000000014bec000 JavaThread "Attach Listener" daemon [_thread_blocked, id=7200, stack(0x0000000016130000,0x0000000016230000)]
  0x0000000014beb000 JavaThread "Signal Dispatcher" daemon [_thread_blocked, id=5800, stack(0x0000000016030000,0x0000000016130000)]
  0x0000000014bda800 JavaThread "Finalizer" daemon [_thread_blocked, id=8864, stack(0x0000000015e40000,0x0000000015f40000)]
  0x00000000024d0800 JavaThread "Reference Handler" daemon [_thread_blocked, id=2624, stack(0x0000000015d40000,0x0000000015e40000)]
  0x00000000023e2800 JavaThread "main" [_thread_blocked, id=8188, stack(0x0000000000b90000,0x0000000000c90000)]

Other Threads:
  0x0000000014bb8800 VMThread [stack: 0x0000000015c40000,0x0000000015d40000] [id=8684]
  0x0000000016451800 WatcherThread [stack: 0x0000000016a30000,0x0000000016b30000] [id=6480]

VM state:not at safepoint (normal execution)

VM Mutex/Monitor currently owned by a thread: None

Heap:
 PSYoungGen      total 138240K, used 6758K [0x00000000eab00000, 0x00000000f3700000, 0x0000000100000000)
  eden space 133120K, 1% used [0x00000000eab00000,0x00000000eaca1878,0x00000000f2d00000)
  from space 5120K, 99% used [0x00000000f3200000,0x00000000f36f8028,0x00000000f3700000)
  to   space 5120K, 0% used [0x00000000f2d00000,0x00000000f2d00000,0x00000000f3200000)
 ParOldGen       total 87552K, used 25096K [0x00000000c0000000, 0x00000000c5580000, 0x00000000eab00000)
  object space 87552K, 28% used [0x00000000c0000000,0x00000000c18821c8,0x00000000c5580000)
 Metaspace       used 6371K, capacity 7128K, committed 7424K, reserved 1056768K
  class space    used 620K, capacity 656K, committed 768K, reserved 1048576K

Card table byte_map: [0x00000000118e0000,0x0000000011af0000] byte_map_base: 0x00000000112e0000

Marking Bits: (ParMarkBitMap*) 0x00000000715b64f0
 Begin Bits: [0x0000000012050000, 0x0000000013050000)
 End Bits:   [0x0000000013050000, 0x0000000014050000)

Polling page: 0x0000000000a80000

CodeCache: size=245760Kb used=7672Kb max_used=7684Kb free=238087Kb
 bounds [0x0000000002520000, 0x0000000002cb0000, 0x0000000011520000]
 total_blobs=2137 nmethods=1867 adapters=182
 compilation: enabled

Compilation events (10 events):
Event: 4.771 Thread 0x0000000014c47800 nmethod 1737 0x0000000002c7a9d0 code [0x0000000002c7ab20, 0x0000000002c7abf8]
Event: 4.771 Thread 0x0000000014c47800 1872       4       com.android.dx.rop.code.Rop::canThrow (18 bytes)
Event: 4.771 Thread 0x0000000014c47800 nmethod 1872 0x0000000002c7f950 code [0x0000000002c7faa0, 0x0000000002c7fb58]
Event: 4.771 Thread 0x0000000014c47800 1730       4       com.android.dx.ssa.NormalSsaInsn::toRopInsn (19 bytes)
Event: 4.772 Thread 0x0000000014c47800 nmethod 1730 0x0000000002c7f690 code [0x0000000002c7f7e0, 0x0000000002c7f878]
Event: 4.772 Thread 0x0000000014c47800 1739   !   4       java.util.BitSet::clone (49 bytes)
Event: 4.774 Thread 0x0000000014c47800 nmethod 1739 0x0000000002c89dd0 code [0x0000000002c89f40, 0x0000000002c8a2d8]
Event: 4.774 Thread 0x0000000014c47800 1727       4       java.util.HashMap::newNode (13 bytes)
Event: 4.775 Thread 0x0000000014c47800 nmethod 1727 0x0000000002c7f390 code [0x0000000002c7f4e0, 0x0000000002c7f5f8]
Event: 4.777 Thread 0x0000000014c47800 1911       4       com.android.dx.dex.code.RopToDop::dopFor (792 bytes)

GC Heap History (8 events):
Event: 0.916 GC heap before
{Heap before GC invocations=1 (full 0):
 PSYoungGen      total 38400K, used 33280K [0x00000000eab00000, 0x00000000ed580000, 0x0000000100000000)
  eden space 33280K, 100% used [0x00000000eab00000,0x00000000ecb80000,0x00000000ecb80000)
  from space 5120K, 0% used [0x00000000ed080000,0x00000000ed080000,0x00000000ed580000)
  to   space 5120K, 0% used [0x00000000ecb80000,0x00000000ecb80000,0x00000000ed080000)
 ParOldGen       total 87552K, used 0K [0x00000000c0000000, 0x00000000c5580000, 0x00000000eab00000)
  object space 87552K, 0% used [0x00000000c0000000,0x00000000c0000000,0x00000000c5580000)
 Metaspace       used 5899K, capacity 6834K, committed 7040K, reserved 1056768K
  class space    used 598K, capacity 618K, committed 640K, reserved 1048576K
Event: 1.042 GC heap after
Heap after GC invocations=1 (full 0):
 PSYoungGen      total 38400K, used 5114K [0x00000000eab00000, 0x00000000ef600000, 0x0000000100000000)
  eden space 33280K, 0% used [0x00000000eab00000,0x00000000eab00000,0x00000000ecb80000)
  from space 5120K, 99% used [0x00000000ecb80000,0x00000000ed07eac8,0x00000000ed080000)
  to   space 5120K, 0% used [0x00000000ef100000,0x00000000ef100000,0x00000000ef600000)
 ParOldGen       total 87552K, used 1517K [0x00000000c0000000, 0x00000000c5580000, 0x00000000eab00000)
  object space 87552K, 1% used [0x00000000c0000000,0x00000000c017b448,0x00000000c5580000)
 Metaspace       used 5899K, capacity 6834K, committed 7040K, reserved 1056768K
  class space    used 598K, capacity 618K, committed 640K, reserved 1048576K
}
Event: 1.565 GC heap before
{Heap before GC invocations=2 (full 0):
 PSYoungGen      total 38400K, used 38394K [0x00000000eab00000, 0x00000000ef600000, 0x0000000100000000)
  eden space 33280K, 100% used [0x00000000eab00000,0x00000000ecb80000,0x00000000ecb80000)
  from space 5120K, 99% used [0x00000000ecb80000,0x00000000ed07eac8,0x00000000ed080000)
  to   space 5120K, 0% used [0x00000000ef100000,0x00000000ef100000,0x00000000ef600000)
 ParOldGen       total 87552K, used 1517K [0x00000000c0000000, 0x00000000c5580000, 0x00000000eab00000)
  object space 87552K, 1% used [0x00000000c0000000,0x00000000c017b448,0x00000000c5580000)
 Metaspace       used 6205K, capacity 7064K, committed 7424K, reserved 1056768K
  class space    used 620K, capacity 656K, committed 768K, reserved 1048576K
Event: 1.970 GC heap after
Heap after GC invocations=2 (full 0):
 PSYoungGen      total 71680K, used 5114K [0x00000000eab00000, 0x00000000ef600000, 0x0000000100000000)
  eden space 66560K, 0% used [0x00000000eab00000,0x00000000eab00000,0x00000000eec00000)
  from space 5120K, 99% used [0x00000000ef100000,0x00000000ef5feac8,0x00000000ef600000)
  to   space 5120K, 0% used [0x00000000eec00000,0x00000000eec00000,0x00000000ef100000)
 ParOldGen       total 87552K, used 5945K [0x00000000c0000000, 0x00000000c5580000, 0x00000000eab00000)
  object space 87552K, 6% used [0x00000000c0000000,0x00000000c05ce408,0x00000000c5580000)
 Metaspace       used 6205K, capacity 7064K, committed 7424K, reserved 1056768K
  class space    used 620K, capacity 656K, committed 768K, reserved 1048576K
}
Event: 3.644 GC heap before
{Heap before GC invocations=3 (full 0):
 PSYoungGen      total 71680K, used 71674K [0x00000000eab00000, 0x00000000ef600000, 0x0000000100000000)
  eden space 66560K, 100% used [0x00000000eab00000,0x00000000eec00000,0x00000000eec00000)
  from space 5120K, 99% used [0x00000000ef100000,0x00000000ef5feac8,0x00000000ef600000)
  to   space 5120K, 0% used [0x00000000eec00000,0x00000000eec00000,0x00000000ef100000)
 ParOldGen       total 87552K, used 5945K [0x00000000c0000000, 0x00000000c5580000, 0x00000000eab00000)
  object space 87552K, 6% used [0x00000000c0000000,0x00000000c05ce408,0x00000000c5580000)
 Metaspace       used 6316K, capacity 7128K, committed 7424K, reserved 1056768K
  class space    used 620K, capacity 656K, committed 768K, reserved 1048576K
Event: 3.914 GC heap after
Heap after GC invocations=3 (full 0):
 PSYoungGen      total 71680K, used 5088K [0x00000000eab00000, 0x00000000f3700000, 0x0000000100000000)
  eden space 66560K, 0% used [0x00000000eab00000,0x00000000eab00000,0x00000000eec00000)
  from space 5120K, 99% used [0x00000000eec00000,0x00000000ef0f8048,0x00000000ef100000)
  to   space 5120K, 0% used [0x00000000f3200000,0x00000000f3200000,0x00000000f3700000)
 ParOldGen       total 87552K, used 15058K [0x00000000c0000000, 0x00000000c5580000, 0x00000000eab00000)
  object space 87552K, 17% used [0x00000000c0000000,0x00000000c0eb4a38,0x00000000c5580000)
 Metaspace       used 6316K, capacity 7128K, committed 7424K, reserved 1056768K
  class space    used 620K, capacity 656K, committed 768K, reserved 1048576K
}
Event: 4.367 GC heap before
{Heap before GC invocations=4 (full 0):
 PSYoungGen      total 71680K, used 71648K [0x00000000eab00000, 0x00000000f3700000, 0x0000000100000000)
  eden space 66560K, 100% used [0x00000000eab00000,0x00000000eec00000,0x00000000eec00000)
  from space 5120K, 99% used [0x00000000eec00000,0x00000000ef0f8048,0x00000000ef100000)
  to   space 5120K, 0% used [0x00000000f3200000,0x00000000f3200000,0x00000000f3700000)
 ParOldGen       total 87552K, used 15058K [0x00000000c0000000, 0x00000000c5580000, 0x00000000eab00000)
  object space 87552K, 17% used [0x00000000c0000000,0x00000000c0eb4a38,0x00000000c5580000)
 Metaspace       used 6371K, capacity 7128K, committed 7424K, reserved 1056768K
  class space    used 620K, capacity 656K, committed 768K, reserved 1048576K
Event: 4.495 GC heap after
Heap after GC invocations=4 (full 0):
 PSYoungGen      total 138240K, used 5088K [0x00000000eab00000, 0x00000000f3700000, 0x0000000100000000)
  eden space 133120K, 0% used [0x00000000eab00000,0x00000000eab00000,0x00000000f2d00000)
  from space 5120K, 99% used [0x00000000f3200000,0x00000000f36f8028,0x00000000f3700000)
  to   space 5120K, 0% used [0x00000000f2d00000,0x00000000f2d00000,0x00000000f3200000)
 ParOldGen       total 87552K, used 25096K [0x00000000c0000000, 0x00000000c5580000, 0x00000000eab00000)
  object space 87552K, 28% used [0x00000000c0000000,0x00000000c18821c8,0x00000000c5580000)
 Metaspace       used 6371K, capacity 7128K, committed 7424K, reserved 1056768K
  class space    used 620K, capacity 656K, committed 768K, reserved 1048576K
}

Deoptimization events (10 events):
Event: 1.084 Thread 0x00000000166c5000 Uncommon trap: reason=bimorphic action=maybe_recompile pc=0x00000000027602b8 method=java.util.HashMap.getNode(ILjava/lang/Object;)Ljava/util/HashMap$Node; @ 126
Event: 1.084 Thread 0x00000000166c5000 Uncommon trap: reason=class_check action=maybe_recompile pc=0x000000000298d884 method=java.util.HashMap.putVal(ILjava/lang/Object;Ljava/lang/Object;ZZ)Ljava/lang/Object; @ 203
Event: 1.092 Thread 0x00000000166c5000 Uncommon trap: reason=unstable_if action=reinterpret pc=0x00000000029c8e3c method=com.android.dx.ssa.SCCP.simulateStmt(Lcom/android/dx/ssa/SsaInsn;)V @ 53
Event: 1.134 Thread 0x00000000166c7000 Uncommon trap: reason=unstable_if action=reinterpret pc=0x00000000027fa77c method=java.util.HashMap.putVal(ILjava/lang/Object;Ljava/lang/Object;ZZ)Ljava/lang/Object; @ 162
Event: 1.136 Thread 0x00000000166c7000 Uncommon trap: reason=unstable_if action=reinterpret pc=0x00000000027b4184 method=java.util.HashMap.getNode(ILjava/lang/Object;)Ljava/util/HashMap$Node; @ 84
Event: 1.312 Thread 0x00000000166c5000 Uncommon trap: reason=class_check action=maybe_recompile pc=0x000000000298d884 method=java.util.HashMap.putVal(ILjava/lang/Object;Ljava/lang/Object;ZZ)Ljava/lang/Object; @ 203
Event: 1.312 Thread 0x00000000166c5000 Uncommon trap: reason=class_check action=maybe_recompile pc=0x000000000298d884 method=java.util.HashMap.putVal(ILjava/lang/Object;Ljava/lang/Object;ZZ)Ljava/lang/Object; @ 203
Event: 2.029 Thread 0x00000000166c5800 Uncommon trap: reason=unstable_if action=reinterpret pc=0x0000000002ae6484 method=java.util.HashMap.putVal(ILjava/lang/Object;Ljava/lang/Object;ZZ)Ljava/lang/Object; @ 109
Event: 3.641 Thread 0x00000000166c4000 Uncommon trap: reason=unstable_if action=reinterpret pc=0x0000000002b5d674 method=com.android.dx.rop.code.BasicBlockList.preferredSuccessorOf(Lcom/android/dx/rop/code/BasicBlock;)Lcom/android/dx/rop/code/BasicBlock; @ 58
Event: 4.341 Thread 0x00000000166c5000 Uncommon trap: reason=class_check action=maybe_recompile pc=0x0000000002c6003c method=com.android.dx.cf.code.RopperMachine.run(Lcom/android/dx/cf/code/Frame;II)V @ 1024

Internal exceptions (8 events):
Event: 0.068 Thread 0x00000000023e2800 Exception <a 'java/lang/NoSuchMethodError': Method sun.misc.Unsafe.defineClass(Ljava/lang/String;[BII)Ljava/lang/Class; name or signature does not match> (0x00000000eab07cc0) thrown at [D:\re\workspace\8-2-build-windows-amd64-cygwin\jdk8u92\6642\hotspot\srÍúo³~±?
Event: 0.068 Thread 0x00000000023e2800 Exception <a 'java/lang/NoSuchMethodError': Method sun.misc.Unsafe.prefetchRead(Ljava/lang/Object;J)V name or signature does not match> (0x00000000eab07fa8) thrown at [D:\re\workspace\8-2-build-windows-amd64-cygwin\jdk8u92\6642\hotspot\src\share\vm\prims\jbŠzŽekä?
Event: 0.638 Thread 0x00000000166c5000 Implicit null exception at 0x00000000027e0bd4 to 0x00000000027e21c9
Event: 0.700 Thread 0x00000000166c5000 Implicit null exception at 0x00000000027d83ee to 0x00000000027d9a45
Event: 0.779 Thread 0x00000000166c7000 Implicit null exception at 0x0000000002859f62 to 0x000000000285a05a
Event: 1.135 Thread 0x00000000166c7000 Exception <a 'java/lang/ArrayIndexOutOfBoundsException': 18> (0x00000000ebc84b20) thrown at [D:\re\workspace\8-2-build-windows-amd64-cygwin\jdk8u92\6642\hotspot\src\share\vm\interpreter\interpreterRuntime.cpp, line 366]
Event: 1.135 Thread 0x00000000166c7000 Exception <a 'java/lang/ArrayIndexOutOfBoundsException': 145> (0x00000000ebc866a0) thrown at [D:\re\workspace\8-2-build-windows-amd64-cygwin\jdk8u92\6642\hotspot\src\share\vm\interpreter\interpreterRuntime.cpp, line 366]
Event: 1.136 Thread 0x00000000166c7000 Exception <a 'java/lang/ArrayIndexOutOfBoundsException': 40> (0x00000000ebc87988) thrown at [D:\re\workspace\8-2-build-windows-amd64-cygwin\jdk8u92\6642\hotspot\src\share\vm\interpreter\interpreterRuntime.cpp, line 366]

Events (10 events):
Event: 4.339 Thread 0x00000000166c5800 DEOPT UNPACKING pc=0x000000000256787f sp=0x0000000016f2e7a8 mode 0
Event: 4.341 Thread 0x00000000166c5000 Uncommon trap: trap_request=0xffffffde fr.pc=0x0000000002c6003c
Event: 4.341 Thread 0x00000000166c5000 DEOPT PACKING pc=0x0000000002c6003c sp=0x000000001702e330
Event: 4.341 Thread 0x00000000166c5000 DEOPT UNPACKING pc=0x000000000256582a sp=0x000000001702e2f8 mode 2
Event: 4.348 Thread 0x00000000166c5000 DEOPT PACKING pc=0x00000000029798fd sp=0x000000001702eb50
Event: 4.348 Thread 0x00000000166c5000 DEOPT UNPACKING pc=0x000000000256787f sp=0x000000001702e8e0 mode 0
Event: 4.357 Thread 0x00000000166c5000 DEOPT PACKING pc=0x00000000029d1274 sp=0x000000001702e880
Event: 4.357 Thread 0x00000000166c5000 DEOPT UNPACKING pc=0x000000000256787f sp=0x000000001702e590 mode 0
Event: 4.367 Executing VM operation: ParallelGCFailedAllocation
Event: 4.495 Executing VM operation: ParallelGCFailedAllocation done


Dynamic libraries:
0x00007ff723a80000 - 0x00007ff723ab7000 	C:\Program Files\Java\jdk1.8.0_92\bin\java.exe
0x00007fff28fd0000 - 0x00007fff2917a000 	C:\Windows\SYSTEM32\ntdll.dll
0x00007fff276c0000 - 0x00007fff277fa000 	C:\Windows\system32\KERNEL32.DLL
0x00007fff26410000 - 0x00007fff2651f000 	C:\Windows\system32\KERNELBASE.dll
0x00007fff24f70000 - 0x00007fff24ff8000 	C:\Windows\system32\apphelp.dll
0x00007fff1e6e0000 - 0x00007fff1e72f000 	C:\Windows\AppPatch\AppPatch64\AcGenral.DLL
0x00007fff27460000 - 0x00007fff27507000 	C:\Windows\system32\msvcrt.dll
0x00007fff26180000 - 0x00007fff261ab000 	C:\Windows\SYSTEM32\SspiCli.dll
0x00007fff28f60000 - 0x00007fff28fb1000 	C:\Windows\system32\SHLWAPI.dll
0x00007fff26990000 - 0x00007fff26b01000 	C:\Windows\system32\USER32.dll
0x00007fff26fc0000 - 0x00007fff27138000 	C:\Windows\system32\ole32.dll
0x00007fff279e0000 - 0x00007fff28df7000 	C:\Windows\system32\SHELL32.dll
0x00007fff259b0000 - 0x00007fff259ce000 	C:\Windows\SYSTEM32\USERENV.dll
0x00007fff268d0000 - 0x00007fff26975000 	C:\Windows\system32\ADVAPI32.dll
0x00007fff213b0000 - 0x00007fff213cb000 	C:\Windows\SYSTEM32\MPR.dll
0x00007fff27800000 - 0x00007fff27936000 	C:\Windows\system32\RPCRT4.dll
0x00007fff27510000 - 0x00007fff27567000 	C:\Windows\SYSTEM32\sechost.dll
0x00007fff27280000 - 0x00007fff27456000 	C:\Windows\SYSTEM32\combase.dll
0x00007fff27570000 - 0x00007fff276b5000 	C:\Windows\system32\GDI32.dll
0x00007fff26340000 - 0x00007fff26354000 	C:\Windows\SYSTEM32\profapi.dll
0x00007fff249a0000 - 0x00007fff24a3f000 	C:\Windows\SYSTEM32\SHCORE.dll
0x00007fff27940000 - 0x00007fff27974000 	C:\Windows\system32\IMM32.DLL
0x00007fff27140000 - 0x00007fff27279000 	C:\Windows\system32\MSCTF.dll
0x00007fff231c0000 - 0x00007fff2341a000 	C:\Windows\WinSxS\amd64_microsoft.windows.common-controls_6595b64144ccf1df_6.0.9600.17031_none_6242a4b3ecbb55a1\COMCTL32.dll
0x0000000070710000 - 0x00000000707e2000 	C:\Program Files\Java\jdk1.8.0_92\jre\bin\msvcr100.dll
0x0000000070da0000 - 0x0000000071636000 	C:\Program Files\Java\jdk1.8.0_92\jre\bin\server\jvm.dll
0x00007fff1e760000 - 0x00007fff1e769000 	C:\Windows\SYSTEM32\WSOCK32.dll
0x00007fff1d030000 - 0x00007fff1d04f000 	C:\Windows\SYSTEM32\WINMM.dll
0x00007fff24260000 - 0x00007fff2426a000 	C:\Windows\SYSTEM32\VERSION.dll
0x00007fff26860000 - 0x00007fff26867000 	C:\Windows\system32\PSAPI.DLL
0x00007fff26da0000 - 0x00007fff26df8000 	C:\Windows\system32\WS2_32.dll
0x00007fff1d000000 - 0x00007fff1d02a000 	C:\Windows\SYSTEM32\WINMMBASE.dll
0x00007fff26980000 - 0x00007fff26989000 	C:\Windows\system32\NSI.dll
0x00007fff265d0000 - 0x00007fff2661a000 	C:\Windows\SYSTEM32\cfgmgr32.dll
0x00007fff251c0000 - 0x00007fff251e6000 	C:\Windows\SYSTEM32\DEVOBJ.dll
0x0000000071970000 - 0x000000007197f000 	C:\Program Files\Java\jdk1.8.0_92\jre\bin\verify.dll
0x0000000071940000 - 0x0000000071969000 	C:\Program Files\Java\jdk1.8.0_92\jre\bin\java.dll
0x0000000071920000 - 0x0000000071936000 	C:\Program Files\Java\jdk1.8.0_92\jre\bin\zip.dll

VM Arguments:
jvm_args: -Djava.awt.headless=true -Xmx1024M -Dfile.encoding=windows-1252 -Duser.country=US -Duser.language=en -Duser.variant 
java_command: com.android.dx.command.Main --dex --force-jumbo --num-threads=4 --output C:\Zooket\app\build\intermediates\pre-dexed\debug\okhttp-3.5.0_e91d8159a3d7db8ced802dc3bb030e67d837299d.jar C:\Users\Smo\.gradle\caches\modules-2\files-2.1\com.squareup.okhttp3\okhttp\3.5.0\4b0bb6bfbecbdd42b97ff400af342bfe7f32bc83\okhttp-3.5.0.jar
java_class_path (initial): C:\android-sdk-windows\build-tools\24.0.3\lib\dx.jar
Launcher Type: SUN_STANDARD

Environment Variables:
PATH=C:\ProgramData\Oracle\Java\javapath;C:\Windows\system32;C:\Windows;C:\Windows\System32\Wbem;C:\Windows\System32\WindowsPowerShell\v1.0\;C:\Program Files (x86)\NVIDIA Corporation\PhysX\Common;C:\Program Files (x86)\Windows Kits\8.1\Windows Performance Toolkit\;C:\Program Files\Microsoft SQL Server\110\Tools\Binn\;C:\Program Files\Microsoft SQL Server\110\DTS\Binn\;C:\Program Files (x86)\Microsoft SQL Server\110\Tools\Binn\;C:\Program Files (x86)\Microsoft SQL Server\110\Tools\Binn\ManagementStudio\;C:\Program Files (x86)\Microsoft Visual Studio 10.0\Common7\IDE\PrivateAssemblies\;C:\Program Files (x86)\Microsoft SQL Server\110\DTS\Binn\;C:\Program Files (x86)\GtkSharp\2.12\bin;C:\Program Files (x86)\QuickTime\QTSystem\
USERNAME=Smo
OS=Windows_NT
PROCESSOR_IDENTIFIER=Intel64 Family 6 Model 94 Stepping 3, GenuineIntel



---------------  S Y S T E M  ---------------

OS: Windows 8.1 , 64 bit Build 9600 (6.3.9600.17056)

CPU:total 4 (4 cores per cpu, 1 threads per core) family 6 model 94 stepping 3, cmov, cx8, fxsr, mmx, sse, sse2, sse3, ssse3, sse4.1, sse4.2, popcnt, avx, avx2, aes, clmul, erms, 3dnowpref, lzcnt, tsc, tscinvbit, bmi1, bmi2, adx

Memory: 4k page, physical 8266404k(1227188k free), swap 8266404k(11024k free)

vm_info: Java HotSpot(TM) 64-Bit Server VM (25.92-b14) for windows-amd64 JRE (1.8.0_92-b14), built on Mar 31 2016 21:03:04 by "java_re" with MS VC++ 10.0 (VS2010)

time: Sun May 07 20:28:21 2017
elapsed time: 4 seconds (0d 0h 0m 4s)

