#
# There is insufficient memory for the Java Runtime Environment to continue.
# Native memory allocation (malloc) failed to allocate 1116176 bytes for Chunk::new
# Possible reasons:
#   The system is out of physical RAM or swap space
#   In 32 bit mode, the process size limit was hit
# Possible solutions:
#   Reduce memory load on the system
#   Increase physical memory or swap space
#   Check if swap backing store is full
#   Use 64 bit Java on a 64 bit OS
#   Decrease Java heap size (-Xmx/-Xms)
#   Decrease number of Java threads
#   Decrease Java thread stack sizes (-Xss)
#   Set larger code cache with -XX:ReservedCodeCacheSize=
# This output file may be truncated or incomplete.
#
#  Out of Memory Error (allocation.cpp:390), pid=5868, tid=0x0000000000001ed8
#
# JRE version: Java(TM) SE Runtime Environment (8.0_92-b14) (build 1.8.0_92-b14)
# Java VM: Java HotSpot(TM) 64-Bit Server VM (25.92-b14 mixed mode windows-amd64 compressed oops)
# Failed to write core dump. Minidumps are not enabled by default on client versions of Windows
#

---------------  T H R E A D  ---------------

Current thread (0x0000000014e7e000):  JavaThread "C2 CompilerThread0" daemon [_thread_in_native, id=7896, stack(0x00000000164d0000,0x00000000165d0000)]

Stack: [0x00000000164d0000,0x00000000165d0000]
[error occurred during error reporting (printing stack bounds), id 0xc0000005]

Native frames: (J=compiled Java code, j=interpreted, Vv=VM code, C=native code)


Current CompileTask:
C2:   2571 1258   !   4       com.android.dx.cf.code.BytecodeArray::parseInstruction (2764 bytes)


---------------  P R O C E S S  ---------------

Java Threads: ( => current thread )
  0x0000000016a3f800 JavaThread "pool-1-thread-4" [_thread_in_Java, id=7416, stack(0x00000000171d0000,0x00000000172d0000)]
  0x0000000016a3e000 JavaThread "pool-1-thread-3" [_thread_blocked, id=6672, stack(0x00000000170d0000,0x00000000171d0000)]
  0x0000000016ad3000 JavaThread "pool-1-thread-2" [_thread_in_vm, id=1412, stack(0x0000000016fd0000,0x00000000170d0000)]
  0x0000000016a7b800 JavaThread "pool-2-thread-1" [_thread_blocked, id=9412, stack(0x0000000016ed0000,0x0000000016fd0000)]
  0x0000000016a7b000 JavaThread "pool-1-thread-1" [_thread_blocked, id=1876, stack(0x0000000016dd0000,0x0000000016ed0000)]
  0x00000000167dd000 JavaThread "Service Thread" daemon [_thread_blocked, id=6268, stack(0x0000000016bd0000,0x0000000016cd0000)]
  0x0000000014edc000 JavaThread "C1 CompilerThread2" daemon [_thread_blocked, id=7524, stack(0x00000000166d0000,0x00000000167d0000)]
  0x0000000014ed7000 JavaThread "C2 CompilerThread1" daemon [_thread_in_native, id=4304, stack(0x00000000165d0000,0x00000000166d0000)]
=>0x0000000014e7e000 JavaThread "C2 CompilerThread0" daemon [_thread_in_native, id=7896, stack(0x00000000164d0000,0x00000000165d0000)]
  0x0000000014e7c000 JavaThread "Attach Listener" daemon [_thread_blocked, id=6652, stack(0x00000000163d0000,0x00000000164d0000)]
  0x0000000014e7a800 JavaThread "Signal Dispatcher" daemon [_thread_blocked, id=6904, stack(0x00000000162d0000,0x00000000163d0000)]
  0x0000000014e6a800 JavaThread "Finalizer" daemon [_thread_blocked, id=8896, stack(0x00000000160f0000,0x00000000161f0000)]
  0x00000000027a0800 JavaThread "Reference Handler" daemon [_thread_blocked, id=8736, stack(0x0000000015ff0000,0x00000000160f0000)]
  0x00000000026b2800 JavaThread "main" [_thread_in_vm, id=3272, stack(0x00000000025b0000,0x00000000026b0000)]

Other Threads:
  0x0000000014e48800 VMThread [stack: 0x0000000015ef0000,0x0000000015ff0000] [id=8584]
  0x00000000167e6800 WatcherThread [stack: 0x0000000016cd0000,0x0000000016dd0000] [id=1420]

VM state:not at safepoint (normal execution)

VM Mutex/Monitor currently owned by a thread: None

Heap:
 PSYoungGen      total 38400K, used 23222K [0x00000000eab00000, 0x00000000ef600000, 0x0000000100000000)
  eden space 33280K, 54% used [0x00000000eab00000,0x00000000ebcaf098,0x00000000ecb80000)
  from space 5120K, 99% used [0x00000000ecb80000,0x00000000ed07eac8,0x00000000ed080000)
  to   space 5120K, 0% used [0x00000000ef100000,0x00000000ef100000,0x00000000ef600000)
 ParOldGen       total 87552K, used 1466K [0x00000000c0000000, 0x00000000c5580000, 0x00000000eab00000)
  object space 87552K, 1% used [0x00000000c0000000,0x00000000c016ea08,0x00000000c5580000)
 Metaspace       used 6039K, capacity 6962K, committed 7040K, reserved 1056768K
  class space    used 600K, capacity 618K, committed 640K, reserved 1048576K

Card table byte_map: [0x0000000011b70000,0x0000000011d80000] byte_map_base: 0x0000000011570000

Marking Bits: (ParMarkBitMap*) 0x00000000630f64f0
 Begin Bits: [0x00000000122e0000, 0x00000000132e0000)
 End Bits:   [0x00000000132e0000, 0x00000000142e0000)

Polling page: 0x0000000000cb0000

CodeCache: size=245760Kb used=5059Kb max_used=5059Kb free=240700Kb
 bounds [0x00000000027b0000, 0x0000000002cb0000, 0x00000000117b0000]
 total_blobs=1556 nmethods=1287 adapters=182
 compilation: enabled

Compilation events (10 events):
Event: 2.356 Thread 0x0000000014edc000 1298       2       com.android.dx.cf.code.BytecodeArray::<init> (43 bytes)
Event: 2.356 Thread 0x0000000014edc000 nmethod 1298 0x0000000002ca1cd0 code [0x0000000002ca1e60, 0x0000000002ca2138]
Event: 2.368 Thread 0x0000000014edc000 1299   !   2       com.android.dx.cf.attrib.AttLineNumberTable::<init> (43 bytes)
Event: 2.370 Thread 0x0000000014edc000 nmethod 1299 0x0000000002ca2290 code [0x0000000002ca2420, 0x0000000002ca2738]
Event: 2.370 Thread 0x0000000014edc000 1302       2       com.android.dx.cf.attrib.AttLineNumberTable::byteLength (13 bytes)
Event: 2.372 Thread 0x0000000014edc000 nmethod 1302 0x0000000002ca2950 code [0x0000000002ca2aa0, 0x0000000002ca2c10]
Event: 2.372 Thread 0x0000000014edc000 1300   !   2       com.android.dx.cf.attrib.AttCode::<init> (144 bytes)
Event: 2.372 Thread 0x0000000014edc000 nmethod 1300 0x0000000002ca2d10 code [0x0000000002ca2f00, 0x0000000002ca3608]
Event: 2.372 Thread 0x0000000014edc000 1301       2       com.android.dx.cf.attrib.AttCode::byteLength (29 bytes)
Event: 2.373 Thread 0x0000000014edc000 nmethod 1301 0x0000000002ca3bd0 code [0x0000000002ca3d60, 0x0000000002ca4058]

GC Heap History (2 events):
Event: 2.084 GC heap before
{Heap before GC invocations=1 (full 0):
 PSYoungGen      total 38400K, used 33280K [0x00000000eab00000, 0x00000000ed580000, 0x0000000100000000)
  eden space 33280K, 100% used [0x00000000eab00000,0x00000000ecb80000,0x00000000ecb80000)
  from space 5120K, 0% used [0x00000000ed080000,0x00000000ed080000,0x00000000ed580000)
  to   space 5120K, 0% used [0x00000000ecb80000,0x00000000ecb80000,0x00000000ed080000)
 ParOldGen       total 87552K, used 0K [0x00000000c0000000, 0x00000000c5580000, 0x00000000eab00000)
  object space 87552K, 0% used [0x00000000c0000000,0x00000000c0000000,0x00000000c5580000)
 Metaspace       used 5992K, capacity 6898K, committed 7040K, reserved 1056768K
  class space    used 600K, capacity 618K, committed 640K, reserved 1048576K
Event: 2.162 GC heap after
Heap after GC invocations=1 (full 0):
 PSYoungGen      total 38400K, used 5114K [0x00000000eab00000, 0x00000000ef600000, 0x0000000100000000)
  eden space 33280K, 0% used [0x00000000eab00000,0x00000000eab00000,0x00000000ecb80000)
  from space 5120K, 99% used [0x00000000ecb80000,0x00000000ed07eac8,0x00000000ed080000)
  to   space 5120K, 0% used [0x00000000ef100000,0x00000000ef100000,0x00000000ef600000)
 ParOldGen       total 87552K, used 1466K [0x00000000c0000000, 0x00000000c5580000, 0x00000000eab00000)
  object space 87552K, 1% used [0x00000000c0000000,0x00000000c016ea08,0x00000000c5580000)
 Metaspace       used 5992K, capacity 6898K, committed 7040K, reserved 1056768K
  class space    used 600K, capacity 618K, committed 640K, reserved 1048576K
}

Deoptimization events (7 events):
Event: 1.717 Thread 0x0000000016a3f800 Uncommon trap: reason=unstable_if action=reinterpret pc=0x00000000029ec6e4 method=java.util.HashMap.getNode(ILjava/lang/Object;)Ljava/util/HashMap$Node; @ 129
Event: 1.879 Thread 0x0000000016a3f800 Uncommon trap: reason=null_check action=make_not_entrant pc=0x0000000002ae7e9c method=com.android.dx.ssa.SsaRenamer.getLocalForNewReg(I)Lcom/android/dx/rop/code/LocalItem; @ 19
Event: 1.879 Thread 0x0000000016a3f800 Uncommon trap: reason=null_check action=make_not_entrant pc=0x0000000002ab4168 method=com.android.dx.ssa.SsaRenamer.getLocalForNewReg(I)Lcom/android/dx/rop/code/LocalItem; @ 19
Event: 1.892 Thread 0x0000000016a7b000 Uncommon trap: reason=bimorphic action=maybe_recompile pc=0x0000000002a501e8 method=java.util.HashMap.getNode(ILjava/lang/Object;)Ljava/util/HashMap$Node; @ 126
Event: 1.901 Thread 0x0000000016a7b000 Uncommon trap: reason=unstable_if action=reinterpret pc=0x0000000002b56ebc method=com.android.dx.rop.code.RegisterSpec.equals(ILcom/android/dx/rop/type/TypeBearer;Lcom/android/dx/rop/code/LocalItem;)Z @ 42
Event: 2.163 Thread 0x0000000016a3e000 Uncommon trap: reason=unstable_if action=reinterpret pc=0x0000000002b53b1c method=com.android.dx.rop.cst.Constant.compareTo(Lcom/android/dx/rop/cst/Constant;)I @ 12
Event: 2.289 Thread 0x0000000016a3e000 Uncommon trap: reason=unstable_if action=reinterpret pc=0x0000000002c63258 method=com.android.dx.ssa.SCCP.simulateStmt(Lcom/android/dx/ssa/SsaInsn;)V @ 53

Internal exceptions (4 events):
Event: 0.222 Thread 0x00000000026b2800 Exception <a 'java/lang/NoSuchMethodError': Method sun.misc.Unsafe.defineClass(Ljava/lang/String;[BII)Ljava/lang/Class; name or signature does not match> (0x00000000eab07cc0) thrown at [D:\re\workspace\8-2-build-windows-amd64-cygwin\jdk8u92\6642\hotspot\sré’&oÌ?
Event: 0.222 Thread 0x00000000026b2800 Exception <a 'java/lang/NoSuchMethodError': Method sun.misc.Unsafe.prefetchRead(Ljava/lang/Object;J)V name or signature does not match> (0x00000000eab07fa8) thrown at [D:\re\workspace\8-2-build-windows-amd64-cygwin\jdk8u92\6642\hotspot\src\share\vm\prims\jc¯”¢þ?
Event: 1.879 Thread 0x0000000016a3f800 Implicit null exception at 0x0000000002ae64b2 to 0x0000000002ae7e55
Event: 1.879 Thread 0x0000000016a3f800 Implicit null exception at 0x0000000002ab234a to 0x0000000002ab4149

Events (10 events):
Event: 1.977 Executing VM operation: ParallelGCFailedAllocation
Event: 2.162 Executing VM operation: ParallelGCFailedAllocation done
Event: 2.163 Thread 0x0000000016a3e000 Uncommon trap: trap_request=0xffffff65 fr.pc=0x0000000002b53b1c
Event: 2.163 Thread 0x0000000016a3e000 DEOPT PACKING pc=0x0000000002b53b1c sp=0x00000000171ce240
Event: 2.163 Thread 0x0000000016a3e000 DEOPT UNPACKING pc=0x00000000027f582a sp=0x00000000171ce1e0 mode 2
Event: 2.264 loading class com/android/dx/rop/code/RegisterSpec$1
Event: 2.264 loading class com/android/dx/rop/code/RegisterSpec$1 done
Event: 2.289 Thread 0x0000000016a3e000 Uncommon trap: trap_request=0xffffff65 fr.pc=0x0000000002c63258
Event: 2.289 Thread 0x0000000016a3e000 DEOPT PACKING pc=0x0000000002c63258 sp=0x00000000171ce5f0
Event: 2.289 Thread 0x0000000016a3e000 DEOPT UNPACKING pc=0x00000000027f582a sp=0x00000000171ce5c8 mode 2


Dynamic libraries:
0x00007ff7caf40000 - 0x00007ff7caf77000 	C:\Program Files\Java\jdk1.8.0_92\bin\java.exe
0x00007fffb8b40000 - 0x00007fffb8cea000 	C:\Windows\SYSTEM32\ntdll.dll
0x00007fffb8550000 - 0x00007fffb868a000 	C:\Windows\system32\KERNEL32.DLL
0x00007fffb5f80000 - 0x00007fffb608f000 	C:\Windows\system32\KERNELBASE.dll
0x00007fffb4ae0000 - 0x00007fffb4b68000 	C:\Windows\system32\apphelp.dll
0x00007fffa3610000 - 0x00007fffa365f000 	C:\Windows\AppPatch\AppPatch64\AcGenral.DLL
0x00007fffb6510000 - 0x00007fffb65b7000 	C:\Windows\system32\msvcrt.dll
0x00007fffb5cf0000 - 0x00007fffb5d1b000 	C:\Windows\SYSTEM32\SspiCli.dll
0x00007fffb6fa0000 - 0x00007fffb6ff1000 	C:\Windows\system32\SHLWAPI.dll
0x00007fffb6aa0000 - 0x00007fffb6c11000 	C:\Windows\system32\USER32.dll
0x00007fffb6e10000 - 0x00007fffb6f88000 	C:\Windows\system32\ole32.dll
0x00007fffb7110000 - 0x00007fffb8527000 	C:\Windows\system32\SHELL32.dll
0x00007fffb5520000 - 0x00007fffb553e000 	C:\Windows\SYSTEM32\USERENV.dll
0x00007fffb65c0000 - 0x00007fffb6665000 	C:\Windows\system32\ADVAPI32.dll
0x00007fffb12f0000 - 0x00007fffb130b000 	C:\Windows\SYSTEM32\MPR.dll
0x00007fffb8760000 - 0x00007fffb8896000 	C:\Windows\system32\RPCRT4.dll
0x00007fffb8690000 - 0x00007fffb86e7000 	C:\Windows\SYSTEM32\sechost.dll
0x00007fffb6670000 - 0x00007fffb6846000 	C:\Windows\SYSTEM32\combase.dll
0x00007fffb6950000 - 0x00007fffb6a95000 	C:\Windows\system32\GDI32.dll
0x00007fffb5eb0000 - 0x00007fffb5ec4000 	C:\Windows\SYSTEM32\profapi.dll
0x00007fffb4510000 - 0x00007fffb45af000 	C:\Windows\SYSTEM32\SHCORE.dll
0x00007fffb6c20000 - 0x00007fffb6c54000 	C:\Windows\system32\IMM32.DLL
0x00007fffb63c0000 - 0x00007fffb64f9000 	C:\Windows\system32\MSCTF.dll
0x00007fffb3c90000 - 0x00007fffb3eea000 	C:\Windows\WinSxS\amd64_microsoft.windows.common-controls_6595b64144ccf1df_6.0.9600.17031_none_6242a4b3ecbb55a1\COMCTL32.dll
0x00000000621d0000 - 0x00000000622a2000 	C:\Program Files\Java\jdk1.8.0_92\jre\bin\msvcr100.dll
0x00000000628e0000 - 0x0000000063176000 	C:\Program Files\Java\jdk1.8.0_92\jre\bin\server\jvm.dll
0x00007fffb1b10000 - 0x00007fffb1b19000 	C:\Windows\SYSTEM32\WSOCK32.dll
0x00007ffface60000 - 0x00007ffface7f000 	C:\Windows\SYSTEM32\WINMM.dll
0x00007fffb3bc0000 - 0x00007fffb3bca000 	C:\Windows\SYSTEM32\VERSION.dll
0x00007fffb8750000 - 0x00007fffb8757000 	C:\Windows\system32\PSAPI.DLL
0x00007fffb7000000 - 0x00007fffb7058000 	C:\Windows\system32\WS2_32.dll
0x00007fffaa9e0000 - 0x00007fffaaa0a000 	C:\Windows\SYSTEM32\WINMMBASE.dll
0x00007fffb6f90000 - 0x00007fffb6f99000 	C:\Windows\system32\NSI.dll
0x00007fffb6370000 - 0x00007fffb63ba000 	C:\Windows\SYSTEM32\cfgmgr32.dll
0x00007fffb4d30000 - 0x00007fffb4d56000 	C:\Windows\SYSTEM32\DEVOBJ.dll
0x0000000063470000 - 0x000000006347f000 	C:\Program Files\Java\jdk1.8.0_92\jre\bin\verify.dll
0x0000000063440000 - 0x0000000063469000 	C:\Program Files\Java\jdk1.8.0_92\jre\bin\java.dll
0x0000000063420000 - 0x0000000063436000 	C:\Program Files\Java\jdk1.8.0_92\jre\bin\zip.dll

VM Arguments:
jvm_args: -Djava.awt.headless=true -Xmx1024M -Dfile.encoding=windows-1252 -Duser.country=US -Duser.language=en -Duser.variant 
java_command: com.android.dx.command.Main --dex --force-jumbo --num-threads=4 --output C:\Zooket\app\build\intermediates\pre-dexed\debug\okhttp-2.4.0_787f9e023d436507c0c01ed8a5465d0311a90b76.jar C:\Users\Smo\.gradle\caches\modules-2\files-2.1\com.squareup.okhttp\okhttp\2.4.0\40340c0748190fe897baf7bffbc1b282734294e5\okhttp-2.4.0.jar
java_class_path (initial): C:\android-sdk-windows\build-tools\24.0.3\lib\dx.jar
Launcher Type: SUN_STANDARD

Environment Variables:
PATH=C:\ProgramData\Oracle\Java\javapath;C:\Windows\system32;C:\Windows;C:\Windows\System32\Wbem;C:\Windows\System32\WindowsPowerShell\v1.0\;C:\Program Files (x86)\NVIDIA Corporation\PhysX\Common;C:\Program Files (x86)\Windows Kits\8.1\Windows Performance Toolkit\;C:\Program Files\Microsoft SQL Server\110\Tools\Binn\;C:\Program Files\Microsoft SQL Server\110\DTS\Binn\;C:\Program Files (x86)\Microsoft SQL Server\110\Tools\Binn\;C:\Program Files (x86)\Microsoft SQL Server\110\Tools\Binn\ManagementStudio\;C:\Program Files (x86)\Microsoft Visual Studio 10.0\Common7\IDE\PrivateAssemblies\;C:\Program Files (x86)\Microsoft SQL Server\110\DTS\Binn\;C:\Program Files (x86)\GtkSharp\2.12\bin;C:\Program Files (x86)\QuickTime\QTSystem\
USERNAME=Smo
OS=Windows_NT
PROCESSOR_IDENTIFIER=Intel64 Family 6 Model 94 Stepping 3, GenuineIntel



---------------  S Y S T E M  ---------------

OS: Windows 8.1 , 64 bit Build 9600 (6.3.9600.17056)

CPU:total 4 (4 cores per cpu, 1 threads per core) family 6 model 94 stepping 3, cmov, cx8, fxsr, mmx, sse, sse2, sse3, ssse3, sse4.1, sse4.2, popcnt, avx, avx2, aes, clmul, erms, 3dnowpref, lzcnt, tsc, tscinvbit, bmi1, bmi2, adx

Memory: 4k page, physical 8266404k(1583532k free), swap 8266404k(5160k free)

vm_info: Java HotSpot(TM) 64-Bit Server VM (25.92-b14) for windows-amd64 JRE (1.8.0_92-b14), built on Mar 31 2016 21:03:04 by "java_re" with MS VC++ 10.0 (VS2010)

time: Mon May 22 00:15:24 2017
elapsed time: 2 seconds (0d 0h 0m 2s)

