#
# There is insufficient memory for the Java Runtime Environment to continue.
# Native memory allocation (malloc) failed to allocate 102256 bytes for Chunk::new
# Possible reasons:
#   The system is out of physical RAM or swap space
#   In 32 bit mode, the process size limit was hit
# Possible solutions:
#   Reduce memory load on the system
#   Increase physical memory or swap space
#   Check if swap backing store is full
#   Use 64 bit Java on a 64 bit OS
#   Decrease Java heap size (-Xmx/-Xms)
#   Decrease number of Java threads
#   Decrease Java thread stack sizes (-Xss)
#   Set larger code cache with -XX:ReservedCodeCacheSize=
# This output file may be truncated or incomplete.
#
#  Out of Memory Error (allocation.cpp:390), pid=8260, tid=0x0000000000001ad0
#
# JRE version: Java(TM) SE Runtime Environment (8.0_92-b14) (build 1.8.0_92-b14)
# Java VM: Java HotSpot(TM) 64-Bit Server VM (25.92-b14 mixed mode windows-amd64 compressed oops)
# Failed to write core dump. Minidumps are not enabled by default on client versions of Windows
#

---------------  T H R E A D  ---------------

Current thread (0x00000000153f7800):  JavaThread "C2 CompilerThread1" daemon [_thread_in_native, id=6864, stack(0x0000000016b20000,0x0000000016c20000)]

Stack: [0x0000000016b20000,0x0000000016c20000]
[error occurred during error reporting (printing stack bounds), id 0xc0000005]

Native frames: (J=compiled Java code, j=interpreted, Vv=VM code, C=native code)


Current CompileTask:
C2:   3407 1617       4       com.android.dx.util.LabeledList::set (45 bytes)


---------------  P R O C E S S  ---------------

Java Threads: ( => current thread )
  0x0000000016ebf800 JavaThread "pool-1-thread-4" [_thread_blocked, id=8872, stack(0x0000000017720000,0x0000000017820000)]
  0x0000000016ebe800 JavaThread "pool-1-thread-3" [_thread_in_vm, id=6112, stack(0x0000000017620000,0x0000000017720000)]
  0x0000000016eb9000 JavaThread "pool-1-thread-2" [_thread_blocked, id=2060, stack(0x0000000017520000,0x0000000017620000)]
  0x0000000016eb5800 JavaThread "pool-2-thread-1" [_thread_blocked, id=8900, stack(0x0000000017420000,0x0000000017520000)]
  0x0000000016edd800 JavaThread "pool-1-thread-1" [_thread_in_vm, id=192, stack(0x0000000017320000,0x0000000017420000)]
  0x0000000016c36000 JavaThread "Service Thread" daemon [_thread_blocked, id=9208, stack(0x0000000017120000,0x0000000017220000)]
  0x0000000016c2a000 JavaThread "C1 CompilerThread2" daemon [_thread_blocked, id=8568, stack(0x0000000017020000,0x0000000017120000)]
=>0x00000000153f7800 JavaThread "C2 CompilerThread1" daemon [_thread_in_native, id=6864, stack(0x0000000016b20000,0x0000000016c20000)]
  0x00000000153ce000 JavaThread "C2 CompilerThread0" daemon [_thread_in_native, id=8948, stack(0x0000000016a20000,0x0000000016b20000)]
  0x00000000153cc000 JavaThread "Attach Listener" daemon [_thread_blocked, id=8716, stack(0x0000000016920000,0x0000000016a20000)]
  0x00000000153cb000 JavaThread "Signal Dispatcher" daemon [_thread_blocked, id=5180, stack(0x0000000016820000,0x0000000016920000)]
  0x00000000153ba000 JavaThread "Finalizer" daemon [_thread_blocked, id=8364, stack(0x0000000016630000,0x0000000016730000)]
  0x0000000002cf1000 JavaThread "Reference Handler" daemon [_thread_blocked, id=8980, stack(0x0000000016530000,0x0000000016630000)]
  0x0000000002c02800 JavaThread "main" [_thread_in_native, id=700, stack(0x0000000002a90000,0x0000000002b90000)]

Other Threads:
  0x0000000015398000 VMThread [stack: 0x0000000016430000,0x0000000016530000] [id=6544]
  0x0000000016c45800 WatcherThread [stack: 0x0000000017220000,0x0000000017320000] [id=7520]

VM state:not at safepoint (normal execution)

VM Mutex/Monitor currently owned by a thread: None

Heap:
 PSYoungGen      total 71680K, used 33949K [0x00000000eab00000, 0x00000000ef600000, 0x0000000100000000)
  eden space 66560K, 43% used [0x00000000eab00000,0x00000000ec72caa8,0x00000000eec00000)
  from space 5120K, 99% used [0x00000000ef100000,0x00000000ef5faaa8,0x00000000ef600000)
  to   space 5120K, 0% used [0x00000000eec00000,0x00000000eec00000,0x00000000ef100000)
 ParOldGen       total 87552K, used 5895K [0x00000000c0000000, 0x00000000c5580000, 0x00000000eab00000)
  object space 87552K, 6% used [0x00000000c0000000,0x00000000c05c1f50,0x00000000c5580000)
 Metaspace       used 6302K, capacity 7128K, committed 7424K, reserved 1056768K
  class space    used 622K, capacity 656K, committed 768K, reserved 1048576K

Card table byte_map: [0x00000000120c0000,0x00000000122d0000] byte_map_base: 0x0000000011ac0000

Marking Bits: (ParMarkBitMap*) 0x000000005ba964f0
 Begin Bits: [0x0000000012830000, 0x0000000013830000)
 End Bits:   [0x0000000013830000, 0x0000000014830000)

Polling page: 0x0000000002b90000

CodeCache: size=245760Kb used=5990Kb max_used=5998Kb free=239769Kb
 bounds [0x0000000002d00000, 0x00000000032f0000, 0x0000000011d00000]
 total_blobs=1865 nmethods=1596 adapters=182
 compilation: enabled

Compilation events (10 events):
Event: 3.224 Thread 0x00000000153f7800 nmethod 1142 0x00000000032cec90 code [0x00000000032cf1a0, 0x00000000032d3e30]
Event: 3.225 Thread 0x00000000153f7800 1190       4       com.android.dx.ssa.SsaMethod$1::visitNonMoveInsn (26 bytes)
Event: 3.226 Thread 0x00000000153f7800 nmethod 1190 0x00000000032bf8d0 code [0x00000000032bfa20, 0x00000000032bfb18]
Event: 3.226 Thread 0x00000000153f7800 1147       4       com.android.dx.ssa.SCCP::addBlockToWorklist (47 bytes)
Event: 3.240 Thread 0x00000000153f7800 nmethod 1147 0x00000000032cb690 code [0x00000000032cb820, 0x00000000032cc298]
Event: 3.264 Thread 0x00000000153ce000 nmethod 1165 0x00000000032da7d0 code [0x00000000032dace0, 0x00000000032ddae0]
Event: 3.404 Thread 0x00000000153f7800 1617       4       com.android.dx.util.LabeledList::set (45 bytes)
Event: 3.404 Thread 0x00000000153ce000 1618       4       com.android.dx.rop.code.BasicBlockList$RegCountVisitor::visitThrowingCstInsn (6 bytes)
Event: 3.405 Thread 0x0000000016c2a000 1628 %     3       com.android.dx.ssa.DomFront::buildDomTree @ 10 (72 bytes)
Event: 3.406 Thread 0x0000000016c2a000 nmethod 1628% 0x00000000032cd110 code [0x00000000032cd380, 0x00000000032ce268]

GC Heap History (4 events):
Event: 1.363 GC heap before
{Heap before GC invocations=1 (full 0):
 PSYoungGen      total 38400K, used 33280K [0x00000000eab00000, 0x00000000ed580000, 0x0000000100000000)
  eden space 33280K, 100% used [0x00000000eab00000,0x00000000ecb80000,0x00000000ecb80000)
  from space 5120K, 0% used [0x00000000ed080000,0x00000000ed080000,0x00000000ed580000)
  to   space 5120K, 0% used [0x00000000ecb80000,0x00000000ecb80000,0x00000000ed080000)
 ParOldGen       total 87552K, used 0K [0x00000000c0000000, 0x00000000c5580000, 0x00000000eab00000)
  object space 87552K, 0% used [0x00000000c0000000,0x00000000c0000000,0x00000000c5580000)
 Metaspace       used 5932K, capacity 6834K, committed 7040K, reserved 1056768K
  class space    used 600K, capacity 618K, committed 640K, reserved 1048576K
Event: 2.076 GC heap after
Heap after GC invocations=1 (full 0):
 PSYoungGen      total 38400K, used 5111K [0x00000000eab00000, 0x00000000ef600000, 0x0000000100000000)
  eden space 33280K, 0% used [0x00000000eab00000,0x00000000eab00000,0x00000000ecb80000)
  from space 5120K, 99% used [0x00000000ecb80000,0x00000000ed07dc88,0x00000000ed080000)
  to   space 5120K, 0% used [0x00000000ef100000,0x00000000ef100000,0x00000000ef600000)
 ParOldGen       total 87552K, used 2298K [0x00000000c0000000, 0x00000000c5580000, 0x00000000eab00000)
  object space 87552K, 2% used [0x00000000c0000000,0x00000000c023e8a0,0x00000000c5580000)
 Metaspace       used 5932K, capacity 6834K, committed 7040K, reserved 1056768K
  class space    used 600K, capacity 618K, committed 640K, reserved 1048576K
}
Event: 2.535 GC heap before
{Heap before GC invocations=2 (full 0):
 PSYoungGen      total 38400K, used 38391K [0x00000000eab00000, 0x00000000ef600000, 0x0000000100000000)
  eden space 33280K, 100% used [0x00000000eab00000,0x00000000ecb80000,0x00000000ecb80000)
  from space 5120K, 99% used [0x00000000ecb80000,0x00000000ed07dc88,0x00000000ed080000)
  to   space 5120K, 0% used [0x00000000ef100000,0x00000000ef100000,0x00000000ef600000)
 ParOldGen       total 87552K, used 2298K [0x00000000c0000000, 0x00000000c5580000, 0x00000000eab00000)
  object space 87552K, 2% used [0x00000000c0000000,0x00000000c023e8a0,0x00000000c5580000)
 Metaspace       used 6079K, capacity 6962K, committed 7040K, reserved 1056768K
  class space    used 600K, capacity 618K, committed 640K, reserved 1048576K
Event: 2.913 GC heap after
Heap after GC invocations=2 (full 0):
 PSYoungGen      total 71680K, used 5098K [0x00000000eab00000, 0x00000000ef600000, 0x0000000100000000)
  eden space 66560K, 0% used [0x00000000eab00000,0x00000000eab00000,0x00000000eec00000)
  from space 5120K, 99% used [0x00000000ef100000,0x00000000ef5faaa8,0x00000000ef600000)
  to   space 5120K, 0% used [0x00000000eec00000,0x00000000eec00000,0x00000000ef100000)
 ParOldGen       total 87552K, used 5895K [0x00000000c0000000, 0x00000000c5580000, 0x00000000eab00000)
  object space 87552K, 6% used [0x00000000c0000000,0x00000000c05c1f50,0x00000000c5580000)
 Metaspace       used 6079K, capacity 6962K, committed 7040K, reserved 1056768K
  class space    used 600K, capacity 618K, committed 640K, reserved 1048576K
}

Deoptimization events (10 events):
Event: 2.205 Thread 0x0000000016edd800 Uncommon trap: reason=unstable_if action=reinterpret pc=0x0000000003035e5c method=com.android.dx.rop.cst.Constant.compareTo(Lcom/android/dx/rop/cst/Constant;)I @ 12
Event: 2.249 Thread 0x0000000016edd800 Uncommon trap: reason=bimorphic action=maybe_recompile pc=0x00000000031ab9fc method=com.android.dx.ssa.SCCP.setLatticeValueTo(IILcom/android/dx/rop/cst/Constant;)Z @ 43
Event: 2.249 Thread 0x0000000016edd800 Uncommon trap: reason=bimorphic action=maybe_recompile pc=0x00000000031ab9fc method=com.android.dx.ssa.SCCP.setLatticeValueTo(IILcom/android/dx/rop/cst/Constant;)Z @ 43
Event: 2.249 Thread 0x0000000016edd800 Uncommon trap: reason=bimorphic action=maybe_recompile pc=0x00000000031ab9fc method=com.android.dx.ssa.SCCP.setLatticeValueTo(IILcom/android/dx/rop/cst/Constant;)Z @ 43
Event: 2.249 Thread 0x0000000016edd800 Uncommon trap: reason=bimorphic action=maybe_recompile pc=0x00000000031ab9fc method=com.android.dx.ssa.SCCP.setLatticeValueTo(IILcom/android/dx/rop/cst/Constant;)Z @ 43
Event: 2.254 Thread 0x0000000016edd800 Uncommon trap: reason=unstable_if action=reinterpret pc=0x00000000030e5224 method=com.android.dx.rop.code.LocalItem.compareHandlesNulls(Lcom/android/dx/rop/cst/CstString;Lcom/android/dx/rop/cst/CstString;)I @ 8
Event: 2.951 Thread 0x0000000016ebf800 Uncommon trap: reason=bimorphic action=maybe_recompile pc=0x0000000002fbcd10 method=java.util.HashMap.getNode(ILjava/lang/Object;)Ljava/util/HashMap$Node; @ 126
Event: 2.960 Thread 0x0000000016eb9000 Uncommon trap: reason=unstable_if action=reinterpret pc=0x0000000003031ff4 method=java.util.HashMap.putVal(ILjava/lang/Object;Ljava/lang/Object;ZZ)Ljava/lang/Object; @ 162
Event: 2.963 Thread 0x0000000016eb9000 Uncommon trap: reason=unstable_if action=reinterpret pc=0x0000000002fbccf8 method=java.util.HashMap.getNode(ILjava/lang/Object;)Ljava/util/HashMap$Node; @ 84
Event: 3.001 Thread 0x0000000016edd800 Uncommon trap: reason=unstable_if action=reinterpret pc=0x0000000002fc397c method=java.util.HashMap.getNode(ILjava/lang/Object;)Ljava/util/HashMap$Node; @ 84

Internal exceptions (7 events):
Event: 0.033 Thread 0x0000000002c02800 Exception <a 'java/lang/NoSuchMethodError': Method sun.misc.Unsafe.defineClass(Ljava/lang/String;[BII)Ljava/lang/Class; name or signature does not match> (0x00000000eab07cc0) thrown at [D:\re\workspace\8-2-build-windows-amd64-cygwin\jdk8u92\6642\hotspot\sr%3ˆx&æ ?
Event: 0.033 Thread 0x0000000002c02800 Exception <a 'java/lang/NoSuchMethodError': Method sun.misc.Unsafe.prefetchRead(Ljava/lang/Object;J)V name or signature does not match> (0x00000000eab07fa8) thrown at [D:\re\workspace\8-2-build-windows-amd64-cygwin\jdk8u92\6642\hotspot\src\share\vm\prims\jãK˜³^Úë?
Event: 0.870 Thread 0x0000000016ebe800 Implicit null exception at 0x000000000305416d to 0x00000000030558c1
Event: 2.254 Thread 0x0000000016edd800 Implicit null exception at 0x00000000030e505e to 0x00000000030e5211
Event: 2.961 Thread 0x0000000016eb9000 Exception <a 'java/lang/ArrayIndexOutOfBoundsException': 18> (0x00000000eb6c2fc8) thrown at [D:\re\workspace\8-2-build-windows-amd64-cygwin\jdk8u92\6642\hotspot\src\share\vm\interpreter\interpreterRuntime.cpp, line 366]
Event: 2.961 Thread 0x0000000016eb9000 Exception <a 'java/lang/ArrayIndexOutOfBoundsException': 145> (0x00000000eb6c4b48) thrown at [D:\re\workspace\8-2-build-windows-amd64-cygwin\jdk8u92\6642\hotspot\src\share\vm\interpreter\interpreterRuntime.cpp, line 366]
Event: 2.962 Thread 0x0000000016eb9000 Exception <a 'java/lang/ArrayIndexOutOfBoundsException': 40> (0x00000000eb6c5e30) thrown at [D:\re\workspace\8-2-build-windows-amd64-cygwin\jdk8u92\6642\hotspot\src\share\vm\interpreter\interpreterRuntime.cpp, line 366]

Events (10 events):
Event: 3.049 Thread 0x0000000016eb9000 DEOPT PACKING pc=0x00000000030cce3a sp=0x000000001761ebc0
Event: 3.049 Thread 0x0000000016eb9000 DEOPT UNPACKING pc=0x0000000002d4787f sp=0x000000001761e928 mode 0
Event: 3.086 Thread 0x0000000016ebe800 DEOPT PACKING pc=0x00000000031cb0dd sp=0x000000001771eab0
Event: 3.086 Thread 0x0000000016ebe800 DEOPT UNPACKING pc=0x0000000002d4787f sp=0x000000001771e820 mode 0
Event: 3.089 Thread 0x0000000016edd800 DEOPT PACKING pc=0x00000000031cbb37 sp=0x000000001741e8e0
Event: 3.089 Thread 0x0000000016edd800 DEOPT UNPACKING pc=0x0000000002d4787f sp=0x000000001741e6b0 mode 0
Event: 3.095 Thread 0x0000000016edd800 DEOPT PACKING pc=0x00000000031d7e83 sp=0x000000001741e8a0
Event: 3.095 Thread 0x0000000016edd800 DEOPT UNPACKING pc=0x0000000002d4787f sp=0x000000001741e650 mode 0
Event: 3.104 Thread 0x0000000016ebe800 DEOPT PACKING pc=0x00000000031bc5fb sp=0x000000001771ec30
Event: 3.104 Thread 0x0000000016ebe800 DEOPT UNPACKING pc=0x0000000002d4787f sp=0x000000001771e970 mode 0


Dynamic libraries:
0x00007ff750d50000 - 0x00007ff750d87000 	C:\Program Files\Java\jdk1.8.0_92\bin\java.exe
0x00007ffe5f900000 - 0x00007ffe5faaa000 	C:\Windows\SYSTEM32\ntdll.dll
0x00007ffe5dc80000 - 0x00007ffe5ddba000 	C:\Windows\system32\KERNEL32.DLL
0x00007ffe5cd40000 - 0x00007ffe5ce4f000 	C:\Windows\system32\KERNELBASE.dll
0x00007ffe5b8a0000 - 0x00007ffe5b928000 	C:\Windows\system32\apphelp.dll
0x00007ffe36bf0000 - 0x00007ffe36c3f000 	C:\Windows\AppPatch\AppPatch64\AcGenral.DLL
0x00007ffe5f6a0000 - 0x00007ffe5f747000 	C:\Windows\system32\msvcrt.dll
0x00007ffe5cab0000 - 0x00007ffe5cadb000 	C:\Windows\SYSTEM32\SspiCli.dll
0x00007ffe5d750000 - 0x00007ffe5d7a1000 	C:\Windows\system32\SHLWAPI.dll
0x00007ffe5d390000 - 0x00007ffe5d501000 	C:\Windows\system32\USER32.dll
0x00007ffe5e040000 - 0x00007ffe5e1b8000 	C:\Windows\system32\ole32.dll
0x00007ffe5e280000 - 0x00007ffe5f697000 	C:\Windows\system32\SHELL32.dll
0x00007ffe5c2e0000 - 0x00007ffe5c2fe000 	C:\Windows\SYSTEM32\USERENV.dll
0x00007ffe5f820000 - 0x00007ffe5f8c5000 	C:\Windows\system32\ADVAPI32.dll
0x00007ffe57ba0000 - 0x00007ffe57bbb000 	C:\Windows\SYSTEM32\MPR.dll
0x00007ffe5ddc0000 - 0x00007ffe5def6000 	C:\Windows\system32\RPCRT4.dll
0x00007ffe5d330000 - 0x00007ffe5d387000 	C:\Windows\SYSTEM32\sechost.dll
0x00007ffe5d510000 - 0x00007ffe5d6e6000 	C:\Windows\SYSTEM32\combase.dll
0x00007ffe5d180000 - 0x00007ffe5d2c5000 	C:\Windows\system32\GDI32.dll
0x00007ffe5cc70000 - 0x00007ffe5cc84000 	C:\Windows\SYSTEM32\profapi.dll
0x00007ffe5b2d0000 - 0x00007ffe5b36f000 	C:\Windows\SYSTEM32\SHCORE.dll
0x00007ffe5df00000 - 0x00007ffe5df34000 	C:\Windows\system32\IMM32.DLL
0x00007ffe5db40000 - 0x00007ffe5dc79000 	C:\Windows\system32\MSCTF.dll
0x00007ffe5a9c0000 - 0x00007ffe5ac1a000 	C:\Windows\WinSxS\amd64_microsoft.windows.common-controls_6595b64144ccf1df_6.0.9600.17031_none_6242a4b3ecbb55a1\COMCTL32.dll
0x000000005ad70000 - 0x000000005ae42000 	C:\Program Files\Java\jdk1.8.0_92\jre\bin\msvcr100.dll
0x000000005b280000 - 0x000000005bb16000 	C:\Program Files\Java\jdk1.8.0_92\jre\bin\server\jvm.dll
0x00007ffe58230000 - 0x00007ffe58239000 	C:\Windows\SYSTEM32\WSOCK32.dll
0x00007ffe4f380000 - 0x00007ffe4f39f000 	C:\Windows\SYSTEM32\WINMM.dll
0x00007ffe5a980000 - 0x00007ffe5a98a000 	C:\Windows\SYSTEM32\VERSION.dll
0x00007ffe5f8f0000 - 0x00007ffe5f8f7000 	C:\Windows\system32\PSAPI.DLL
0x00007ffe5d6f0000 - 0x00007ffe5d748000 	C:\Windows\system32\WS2_32.dll
0x00007ffe4f350000 - 0x00007ffe4f37a000 	C:\Windows\SYSTEM32\WINMMBASE.dll
0x00007ffe5e270000 - 0x00007ffe5e279000 	C:\Windows\system32\NSI.dll
0x00007ffe5cf00000 - 0x00007ffe5cf4a000 	C:\Windows\SYSTEM32\cfgmgr32.dll
0x00007ffe5baf0000 - 0x00007ffe5bb16000 	C:\Windows\SYSTEM32\DEVOBJ.dll
0x000000005c860000 - 0x000000005c86f000 	C:\Program Files\Java\jdk1.8.0_92\jre\bin\verify.dll
0x000000005c830000 - 0x000000005c859000 	C:\Program Files\Java\jdk1.8.0_92\jre\bin\java.dll
0x000000005c810000 - 0x000000005c826000 	C:\Program Files\Java\jdk1.8.0_92\jre\bin\zip.dll

VM Arguments:
jvm_args: -Djava.awt.headless=true -Xmx1024M -Dfile.encoding=windows-1252 -Duser.country=US -Duser.language=en -Duser.variant 
java_command: com.android.dx.command.Main --dex --force-jumbo --num-threads=4 --output C:\Zooket\app\build\intermediates\pre-dexed\debug\okhttp-2.4.0_787f9e023d436507c0c01ed8a5465d0311a90b76.jar C:\Users\Smo\.gradle\caches\modules-2\files-2.1\com.squareup.okhttp\okhttp\2.4.0\40340c0748190fe897baf7bffbc1b282734294e5\okhttp-2.4.0.jar
java_class_path (initial): C:\android-sdk-windows\build-tools\24.0.3\lib\dx.jar
Launcher Type: SUN_STANDARD

Environment Variables:
PATH=C:\ProgramData\Oracle\Java\javapath;C:\Windows\system32;C:\Windows;C:\Windows\System32\Wbem;C:\Windows\System32\WindowsPowerShell\v1.0\;C:\Program Files (x86)\NVIDIA Corporation\PhysX\Common;C:\Program Files (x86)\Windows Kits\8.1\Windows Performance Toolkit\;C:\Program Files\Microsoft SQL Server\110\Tools\Binn\;C:\Program Files\Microsoft SQL Server\110\DTS\Binn\;C:\Program Files (x86)\Microsoft SQL Server\110\Tools\Binn\;C:\Program Files (x86)\Microsoft SQL Server\110\Tools\Binn\ManagementStudio\;C:\Program Files (x86)\Microsoft Visual Studio 10.0\Common7\IDE\PrivateAssemblies\;C:\Program Files (x86)\Microsoft SQL Server\110\DTS\Binn\;C:\Program Files (x86)\GtkSharp\2.12\bin;C:\Program Files (x86)\QuickTime\QTSystem\
USERNAME=Smo
OS=Windows_NT
PROCESSOR_IDENTIFIER=Intel64 Family 6 Model 94 Stepping 3, GenuineIntel



---------------  S Y S T E M  ---------------

OS: Windows 8.1 , 64 bit Build 9600 (6.3.9600.17056)

CPU:total 4 (4 cores per cpu, 1 threads per core) family 6 model 94 stepping 3, cmov, cx8, fxsr, mmx, sse, sse2, sse3, ssse3, sse4.1, sse4.2, popcnt, avx, avx2, aes, clmul, erms, 3dnowpref, lzcnt, tsc, tscinvbit, bmi1, bmi2, adx

Memory: 4k page, physical 8266404k(1517600k free), swap 8266404k(5016k free)

vm_info: Java HotSpot(TM) 64-Bit Server VM (25.92-b14) for windows-amd64 JRE (1.8.0_92-b14), built on Mar 31 2016 21:03:04 by "java_re" with MS VC++ 10.0 (VS2010)

time: Wed May 10 12:03:02 2017
elapsed time: 3 seconds (0d 0h 0m 3s)

