#
# There is insufficient memory for the Java Runtime Environment to continue.
# Native memory allocation (malloc) failed to allocate 451616 bytes for Chunk::new
# Possible reasons:
#   The system is out of physical RAM or swap space
#   In 32 bit mode, the process size limit was hit
# Possible solutions:
#   Reduce memory load on the system
#   Increase physical memory or swap space
#   Check if swap backing store is full
#   Use 64 bit Java on a 64 bit OS
#   Decrease Java heap size (-Xmx/-Xms)
#   Decrease number of Java threads
#   Decrease Java thread stack sizes (-Xss)
#   Set larger code cache with -XX:ReservedCodeCacheSize=
# This output file may be truncated or incomplete.
#
#  Out of Memory Error (allocation.cpp:390), pid=6740, tid=0x0000000000000414
#
# JRE version: Java(TM) SE Runtime Environment (8.0_92-b14) (build 1.8.0_92-b14)
# Java VM: Java HotSpot(TM) 64-Bit Server VM (25.92-b14 mixed mode windows-amd64 compressed oops)
# Failed to write core dump. Minidumps are not enabled by default on client versions of Windows
#

---------------  T H R E A D  ---------------

Current thread (0x0000000014bee000):  JavaThread "C2 CompilerThread0" daemon [_thread_in_native, id=1044, stack(0x0000000016240000,0x0000000016340000)]

Stack: [0x0000000016240000,0x0000000016340000]
[error occurred during error reporting (printing stack bounds), id 0xc0000005]

Native frames: (J=compiled Java code, j=interpreted, Vv=VM code, C=native code)


Current CompileTask:
C2:    955 1127       4       com.android.dx.ssa.SCCP::simulateStmt (481 bytes)


---------------  P R O C E S S  ---------------

Java Threads: ( => current thread )
  0x00000000166a3000 JavaThread "pool-1-thread-4" [_thread_in_Java, id=8344, stack(0x0000000016f40000,0x0000000017040000)]
  0x00000000165cb000 JavaThread "pool-1-thread-3" [_thread_blocked, id=1312, stack(0x0000000016e40000,0x0000000016f40000)]
  0x00000000165ca800 JavaThread "pool-1-thread-2" [_thread_blocked, id=8476, stack(0x0000000016d40000,0x0000000016e40000)]
  0x00000000165c7800 JavaThread "pool-2-thread-1" [_thread_blocked, id=7068, stack(0x0000000016c40000,0x0000000016d40000)]
  0x00000000165ba800 JavaThread "pool-1-thread-1" [_thread_in_vm, id=3724, stack(0x0000000016b40000,0x0000000016c40000)]
  0x0000000016446800 JavaThread "Service Thread" daemon [_thread_blocked, id=9108, stack(0x0000000016940000,0x0000000016a40000)]
  0x0000000016441000 JavaThread "C1 CompilerThread2" daemon [_thread_in_vm, id=3232, stack(0x0000000016840000,0x0000000016940000)]
  0x0000000014c47800 JavaThread "C2 CompilerThread1" daemon [_thread_in_native, id=2888, stack(0x0000000016340000,0x0000000016440000)]
=>0x0000000014bee000 JavaThread "C2 CompilerThread0" daemon [_thread_in_native, id=1044, stack(0x0000000016240000,0x0000000016340000)]
  0x0000000014bec000 JavaThread "Attach Listener" daemon [_thread_blocked, id=7076, stack(0x0000000016140000,0x0000000016240000)]
  0x0000000014beb000 JavaThread "Signal Dispatcher" daemon [_thread_blocked, id=7960, stack(0x0000000016040000,0x0000000016140000)]
  0x0000000014bda800 JavaThread "Finalizer" daemon [_thread_blocked, id=7720, stack(0x0000000015e60000,0x0000000015f60000)]
  0x0000000002510800 JavaThread "Reference Handler" daemon [_thread_blocked, id=8784, stack(0x0000000015d60000,0x0000000015e60000)]
  0x0000000002422800 JavaThread "main" [_thread_blocked, id=5992, stack(0x0000000002320000,0x0000000002420000)]

Other Threads:
  0x0000000014bb8800 VMThread [stack: 0x0000000015c60000,0x0000000015d60000] [id=8268]
  0x0000000016461800 WatcherThread [stack: 0x0000000016a40000,0x0000000016b40000] [id=6712]

VM state:not at safepoint (normal execution)

VM Mutex/Monitor currently owned by a thread: None

Heap:
 PSYoungGen      total 38400K, used 30881K [0x00000000eab00000, 0x00000000ed580000, 0x0000000100000000)
  eden space 33280K, 92% used [0x00000000eab00000,0x00000000ec9287c8,0x00000000ecb80000)
  from space 5120K, 0% used [0x00000000ed080000,0x00000000ed080000,0x00000000ed580000)
  to   space 5120K, 0% used [0x00000000ecb80000,0x00000000ecb80000,0x00000000ed080000)
 ParOldGen       total 87552K, used 0K [0x00000000c0000000, 0x00000000c5580000, 0x00000000eab00000)
  object space 87552K, 0% used [0x00000000c0000000,0x00000000c0000000,0x00000000c5580000)
 Metaspace       used 6011K, capacity 6898K, committed 7040K, reserved 1056768K
  class space    used 602K, capacity 618K, committed 640K, reserved 1048576K

Card table byte_map: [0x00000000118e0000,0x0000000011af0000] byte_map_base: 0x00000000112e0000

Marking Bits: (ParMarkBitMap*) 0x00000000633064f0
 Begin Bits: [0x0000000012050000, 0x0000000013050000)
 End Bits:   [0x0000000013050000, 0x0000000014050000)

Polling page: 0x0000000000ab0000

CodeCache: size=245760Kb used=4839Kb max_used=4839Kb free=240920Kb
 bounds [0x0000000002520000, 0x00000000029e0000, 0x0000000011520000]
 total_blobs=1453 nmethods=1184 adapters=182
 compilation: enabled

Compilation events (10 events):
Event: 0.953 Thread 0x0000000016441000 nmethod 1168 0x00000000029d6790 code [0x00000000029d6900, 0x00000000029d6b30]
Event: 0.953 Thread 0x0000000016441000 1181       3       com.android.dx.ssa.back.LivenessAnalyzer::coInterferePhis (128 bytes)
Event: 0.953 Thread 0x0000000016441000 nmethod 1181 0x00000000029d6c10 code [0x00000000029d6ea0, 0x00000000029d8198]
Event: 0.953 Thread 0x0000000016441000 1182       3       com.android.dx.ssa.BasicRegisterMapper::oldToNew (22 bytes)
Event: 0.953 Thread 0x0000000016441000 nmethod 1182 0x00000000029d8b90 code [0x00000000029d8d00, 0x00000000029d8fe8]
Event: 0.953 Thread 0x0000000016441000 1183       3       com.android.dx.dex.file.IdItem::<init> (24 bytes)
Event: 0.954 Thread 0x0000000016441000 nmethod 1183 0x00000000029d90d0 code [0x00000000029d9260, 0x00000000029d95e8]
Event: 0.954 Thread 0x0000000016441000 1186       3       com.android.dx.ssa.SsaMethod::getCountReachableBlocks (44 bytes)
Event: 0.954 Thread 0x0000000016441000 nmethod 1186 0x00000000029d9750 code [0x00000000029d9920, 0x00000000029da1d8]
Event: 0.954 Thread 0x0000000016441000 1185       3       com.android.dx.ssa.back.FirstFitLocalCombiningAllocator::canMapRegs (60 bytes)

GC Heap History (0 events):
No events

Deoptimization events (8 events):
Event: 0.714 Thread 0x00000000165cb000 Uncommon trap: reason=unstable_if action=reinterpret pc=0x00000000027476e4 method=java.util.HashMap.getNode(ILjava/lang/Object;)Ljava/util/HashMap$Node; @ 129
Event: 0.787 Thread 0x00000000165ca800 Uncommon trap: reason=bimorphic action=maybe_recompile pc=0x000000000277f26c method=java.util.HashMap.getNode(ILjava/lang/Object;)Ljava/util/HashMap$Node; @ 126
Event: 0.809 Thread 0x00000000166a3000 Uncommon trap: reason=class_check action=maybe_recompile pc=0x00000000028819dc method=com.android.dx.ssa.NormalSsaInsn.accept(Lcom/android/dx/ssa/SsaInsn$Visitor;)V @ 9
Event: 0.809 Thread 0x00000000166a3000 Uncommon trap: reason=class_check action=maybe_recompile pc=0x000000000279c3f0 method=com.android.dx.ssa.NormalSsaInsn.accept(Lcom/android/dx/ssa/SsaInsn$Visitor;)V @ 9
Event: 0.809 Thread 0x00000000166a3000 Uncommon trap: reason=class_check action=maybe_recompile pc=0x00000000028819dc method=com.android.dx.ssa.NormalSsaInsn.accept(Lcom/android/dx/ssa/SsaInsn$Visitor;)V @ 9
Event: 0.809 Thread 0x00000000166a3000 Uncommon trap: reason=class_check action=maybe_recompile pc=0x000000000279c3f0 method=com.android.dx.ssa.NormalSsaInsn.accept(Lcom/android/dx/ssa/SsaInsn$Visitor;)V @ 9
Event: 0.809 Thread 0x00000000166a3000 Uncommon trap: reason=class_check action=maybe_recompile pc=0x00000000028819dc method=com.android.dx.ssa.NormalSsaInsn.accept(Lcom/android/dx/ssa/SsaInsn$Visitor;)V @ 9
Event: 0.886 Thread 0x00000000165ba800 Uncommon trap: reason=null_check action=make_not_entrant pc=0x000000000294e290 method=com.android.dx.ssa.SsaRenamer.getLocalForNewReg(I)Lcom/android/dx/rop/code/LocalItem; @ 19

Internal exceptions (3 events):
Event: 0.057 Thread 0x0000000002422800 Exception <a 'java/lang/NoSuchMethodError': Method sun.misc.Unsafe.defineClass(Ljava/lang/String;[BII)Ljava/lang/Class; name or signature does not match> (0x00000000eab07cc0) thrown at [D:\re\workspace\8-2-build-windows-amd64-cygwin\jdk8u92\6642\hotspot\srùXÏ}­?
Event: 0.057 Thread 0x0000000002422800 Exception <a 'java/lang/NoSuchMethodError': Method sun.misc.Unsafe.prefetchRead(Ljava/lang/Object;J)V name or signature does not match> (0x00000000eab07fa8) thrown at [D:\re\workspace\8-2-build-windows-amd64-cygwin\jdk8u92\6642\hotspot\src\share\vm\prims\jQ^r‰³Xì?
Event: 0.886 Thread 0x00000000165ba800 Implicit null exception at 0x000000000294d309 to 0x000000000294e25d

Events (10 events):
Event: 0.908 Executing VM operation: ForceSafepoint
Event: 0.913 Executing VM operation: ForceSafepoint done
Event: 0.925 loading class java/util/TreeMap$EntrySet
Event: 0.926 loading class java/util/TreeMap$EntrySet done
Event: 0.926 loading class java/util/TreeMap$EntryIterator
Event: 0.926 loading class java/util/TreeMap$EntryIterator done
Event: 0.926 Executing VM operation: Deoptimize
Event: 0.926 Executing VM operation: Deoptimize done
Event: 0.946 Thread 0x00000000166a3000 DEOPT PACKING pc=0x0000000002796c97 sp=0x000000001703ebf0
Event: 0.946 Thread 0x00000000166a3000 DEOPT UNPACKING pc=0x000000000256787f sp=0x000000001703e9d0 mode 0


Dynamic libraries:
0x00007ff69a890000 - 0x00007ff69a8c7000 	C:\Program Files\Java\jdk1.8.0_92\bin\java.exe
0x00007fff758a0000 - 0x00007fff75a4a000 	C:\Windows\SYSTEM32\ntdll.dll
0x00007fff75760000 - 0x00007fff7589a000 	C:\Windows\system32\KERNEL32.DLL
0x00007fff72ce0000 - 0x00007fff72def000 	C:\Windows\system32\KERNELBASE.dll
0x00007fff71840000 - 0x00007fff718c8000 	C:\Windows\system32\apphelp.dll
0x00007fff5bfa0000 - 0x00007fff5bfef000 	C:\Windows\AppPatch\AppPatch64\AcGenral.DLL
0x00007fff73500000 - 0x00007fff735a7000 	C:\Windows\system32\msvcrt.dll
0x00007fff72a50000 - 0x00007fff72a7b000 	C:\Windows\SYSTEM32\SspiCli.dll
0x00007fff73ad0000 - 0x00007fff73b21000 	C:\Windows\system32\SHLWAPI.dll
0x00007fff73320000 - 0x00007fff73491000 	C:\Windows\system32\USER32.dll
0x00007fff75440000 - 0x00007fff755b8000 	C:\Windows\system32\ole32.dll
0x00007fff74020000 - 0x00007fff75437000 	C:\Windows\system32\SHELL32.dll
0x00007fff72280000 - 0x00007fff7229e000 	C:\Windows\SYSTEM32\USERENV.dll
0x00007fff73b30000 - 0x00007fff73bd5000 	C:\Windows\system32\ADVAPI32.dll
0x00007fff6df80000 - 0x00007fff6df9b000 	C:\Windows\SYSTEM32\MPR.dll
0x00007fff73ec0000 - 0x00007fff73ff6000 	C:\Windows\system32\RPCRT4.dll
0x00007fff736c0000 - 0x00007fff73717000 	C:\Windows\SYSTEM32\sechost.dll
0x00007fff73c80000 - 0x00007fff73e56000 	C:\Windows\SYSTEM32\combase.dll
0x00007fff73860000 - 0x00007fff739a5000 	C:\Windows\system32\GDI32.dll
0x00007fff72c10000 - 0x00007fff72c24000 	C:\Windows\SYSTEM32\profapi.dll
0x00007fff71270000 - 0x00007fff7130f000 	C:\Windows\SYSTEM32\SHCORE.dll
0x00007fff739b0000 - 0x00007fff739e4000 	C:\Windows\system32\IMM32.DLL
0x00007fff73720000 - 0x00007fff73859000 	C:\Windows\system32\MSCTF.dll
0x00007fff709f0000 - 0x00007fff70c4a000 	C:\Windows\WinSxS\amd64_microsoft.windows.common-controls_6595b64144ccf1df_6.0.9600.17031_none_6242a4b3ecbb55a1\COMCTL32.dll
0x0000000062460000 - 0x0000000062532000 	C:\Program Files\Java\jdk1.8.0_92\jre\bin\msvcr100.dll
0x0000000062af0000 - 0x0000000063386000 	C:\Program Files\Java\jdk1.8.0_92\jre\bin\server\jvm.dll
0x00007fff69fa0000 - 0x00007fff69fa9000 	C:\Windows\SYSTEM32\WSOCK32.dll
0x00007fff699a0000 - 0x00007fff699bf000 	C:\Windows\SYSTEM32\WINMM.dll
0x00007fff70920000 - 0x00007fff7092a000 	C:\Windows\SYSTEM32\VERSION.dll
0x00007fff73130000 - 0x00007fff73137000 	C:\Windows\system32\PSAPI.DLL
0x00007fff73e60000 - 0x00007fff73eb8000 	C:\Windows\system32\WS2_32.dll
0x00007fff69970000 - 0x00007fff6999a000 	C:\Windows\SYSTEM32\WINMMBASE.dll
0x00007fff74010000 - 0x00007fff74019000 	C:\Windows\system32\NSI.dll
0x00007fff72df0000 - 0x00007fff72e3a000 	C:\Windows\SYSTEM32\cfgmgr32.dll
0x00007fff71a90000 - 0x00007fff71ab6000 	C:\Windows\SYSTEM32\DEVOBJ.dll
0x0000000063730000 - 0x000000006373f000 	C:\Program Files\Java\jdk1.8.0_92\jre\bin\verify.dll
0x0000000063700000 - 0x0000000063729000 	C:\Program Files\Java\jdk1.8.0_92\jre\bin\java.dll
0x00000000636e0000 - 0x00000000636f6000 	C:\Program Files\Java\jdk1.8.0_92\jre\bin\zip.dll

VM Arguments:
jvm_args: -Djava.awt.headless=true -Xmx1024M -Dfile.encoding=windows-1252 -Duser.country=US -Duser.language=en -Duser.variant 
java_command: com.android.dx.command.Main --dex --num-threads=4 --output C:\Zooket\app\build\intermediates\pre-dexed\debug\com.mohamadamin-persianmaterialdatetimepicker-1.2.1_aefb08b30e09470f707e4860709cd714f791c542.jar C:\Zooket\app\build\intermediates\exploded-aar\com.mohamadamin\persianmaterialdatetimepicker\1.2.1\jars\classes.jar
java_class_path (initial): C:\android-sdk-windows\build-tools\24.0.3\lib\dx.jar
Launcher Type: SUN_STANDARD

Environment Variables:
PATH=C:\ProgramData\Oracle\Java\javapath;C:\Windows\system32;C:\Windows;C:\Windows\System32\Wbem;C:\Windows\System32\WindowsPowerShell\v1.0\;C:\Program Files (x86)\NVIDIA Corporation\PhysX\Common;C:\Program Files (x86)\Windows Kits\8.1\Windows Performance Toolkit\;C:\Program Files\Microsoft SQL Server\110\Tools\Binn\;C:\Program Files\Microsoft SQL Server\110\DTS\Binn\;C:\Program Files (x86)\Microsoft SQL Server\110\Tools\Binn\;C:\Program Files (x86)\Microsoft SQL Server\110\Tools\Binn\ManagementStudio\;C:\Program Files (x86)\Microsoft Visual Studio 10.0\Common7\IDE\PrivateAssemblies\;C:\Program Files (x86)\Microsoft SQL Server\110\DTS\Binn\;C:\Program Files (x86)\GtkSharp\2.12\bin;C:\Program Files (x86)\QuickTime\QTSystem\
USERNAME=Smo
OS=Windows_NT
PROCESSOR_IDENTIFIER=Intel64 Family 6 Model 94 Stepping 3, GenuineIntel



---------------  S Y S T E M  ---------------

OS: Windows 8.1 , 64 bit Build 9600 (6.3.9600.17056)

CPU:total 4 (4 cores per cpu, 1 threads per core) family 6 model 94 stepping 3, cmov, cx8, fxsr, mmx, sse, sse2, sse3, ssse3, sse4.1, sse4.2, popcnt, avx, avx2, aes, clmul, erms, 3dnowpref, lzcnt, tsc, tscinvbit, bmi1, bmi2, adx

Memory: 4k page, physical 8266404k(982500k free), swap 8266404k(5536k free)

vm_info: Java HotSpot(TM) 64-Bit Server VM (25.92-b14) for windows-amd64 JRE (1.8.0_92-b14), built on Mar 31 2016 21:03:04 by "java_re" with MS VC++ 10.0 (VS2010)

time: Wed Jun 07 12:50:18 2017
elapsed time: 0 seconds (0d 0h 0m 0s)

