#
# There is insufficient memory for the Java Runtime Environment to continue.
# Native memory allocation (malloc) failed to allocate 111008 bytes for Chunk::new
# Possible reasons:
#   The system is out of physical RAM or swap space
#   In 32 bit mode, the process size limit was hit
# Possible solutions:
#   Reduce memory load on the system
#   Increase physical memory or swap space
#   Check if swap backing store is full
#   Use 64 bit Java on a 64 bit OS
#   Decrease Java heap size (-Xmx/-Xms)
#   Decrease number of Java threads
#   Decrease Java thread stack sizes (-Xss)
#   Set larger code cache with -XX:ReservedCodeCacheSize=
# This output file may be truncated or incomplete.
#
#  Out of Memory Error (allocation.cpp:390), pid=7568, tid=0x000000000000191c
#
# JRE version: Java(TM) SE Runtime Environment (8.0_92-b14) (build 1.8.0_92-b14)
# Java VM: Java HotSpot(TM) 64-Bit Server VM (25.92-b14 mixed mode windows-amd64 compressed oops)
# Failed to write core dump. Minidumps are not enabled by default on client versions of Windows
#

---------------  T H R E A D  ---------------

Current thread (0x0000000014a3e000):  JavaThread "C2 CompilerThread0" daemon [_thread_in_native, id=6428, stack(0x0000000016090000,0x0000000016190000)]

Stack: [0x0000000016090000,0x0000000016190000]
[error occurred during error reporting (printing stack bounds), id 0xc0000005]

Native frames: (J=compiled Java code, j=interpreted, Vv=VM code, C=native code)


Current CompileTask:
C2:   1069  752       4       com.android.dx.ssa.back.LivenessAnalyzer::handleTailRecursion (94 bytes)


---------------  P R O C E S S  ---------------

Java Threads: ( => current thread )
  0x000000001652c800 JavaThread "pool-2-thread-4" [_thread_in_Java, id=4508, stack(0x0000000016d90000,0x0000000016e90000)]
  0x00000000163f2000 JavaThread "pool-2-thread-3" [_thread_in_Java, id=6588, stack(0x0000000016c90000,0x0000000016d90000)]
  0x00000000163f1800 JavaThread "pool-2-thread-2" [_thread_in_Java, id=7756, stack(0x0000000016b90000,0x0000000016c90000)]
  0x000000001644e000 JavaThread "pool-3-thread-1" [_thread_blocked, id=4240, stack(0x0000000016a90000,0x0000000016b90000)]
  0x000000001648f800 JavaThread "pool-2-thread-1" [_thread_in_vm, id=6948, stack(0x0000000016990000,0x0000000016a90000)]
  0x0000000016296800 JavaThread "Service Thread" daemon [_thread_blocked, id=3396, stack(0x0000000016790000,0x0000000016890000)]
  0x0000000016291000 JavaThread "C1 CompilerThread2" daemon [_thread_blocked, id=6796, stack(0x0000000016690000,0x0000000016790000)]
  0x0000000014a97800 JavaThread "C2 CompilerThread1" daemon [_thread_in_native, id=4008, stack(0x0000000016190000,0x0000000016290000)]
=>0x0000000014a3e000 JavaThread "C2 CompilerThread0" daemon [_thread_in_native, id=6428, stack(0x0000000016090000,0x0000000016190000)]
  0x0000000014a3c000 JavaThread "Attach Listener" daemon [_thread_blocked, id=5232, stack(0x0000000015f90000,0x0000000016090000)]
  0x0000000014a3b000 JavaThread "Signal Dispatcher" daemon [_thread_blocked, id=1964, stack(0x0000000015e90000,0x0000000015f90000)]
  0x0000000014a2a800 JavaThread "Finalizer" daemon [_thread_blocked, id=6012, stack(0x0000000015cb0000,0x0000000015db0000)]
  0x00000000022d0800 JavaThread "Reference Handler" daemon [_thread_blocked, id=6176, stack(0x0000000015bb0000,0x0000000015cb0000)]
  0x00000000021e2800 JavaThread "main" [_thread_blocked, id=7248, stack(0x0000000002080000,0x0000000002180000)]

Other Threads:
  0x0000000014a08800 VMThread [stack: 0x0000000015ab0000,0x0000000015bb0000] [id=4024]
  0x00000000162b1800 WatcherThread [stack: 0x0000000016890000,0x0000000016990000] [id=4620]

VM state:not at safepoint (normal execution)

VM Mutex/Monitor currently owned by a thread: None

Heap:
 PSYoungGen      total 38400K, used 18901K [0x00000000eab00000, 0x00000000ed580000, 0x0000000100000000)
  eden space 33280K, 56% used [0x00000000eab00000,0x00000000ebd75620,0x00000000ecb80000)
  from space 5120K, 0% used [0x00000000ed080000,0x00000000ed080000,0x00000000ed580000)
  to   space 5120K, 0% used [0x00000000ecb80000,0x00000000ecb80000,0x00000000ed080000)
 ParOldGen       total 87552K, used 0K [0x00000000c0000000, 0x00000000c5580000, 0x00000000eab00000)
  object space 87552K, 0% used [0x00000000c0000000,0x00000000c0000000,0x00000000c5580000)
 Metaspace       used 5706K, capacity 6644K, committed 6784K, reserved 1056768K
  class space    used 594K, capacity 620K, committed 640K, reserved 1048576K

Card table byte_map: [0x0000000011730000,0x0000000011940000] byte_map_base: 0x0000000011130000

Marking Bits: (ParMarkBitMap*) 0x00000000686b64f0
 Begin Bits: [0x0000000011ea0000, 0x0000000012ea0000)
 End Bits:   [0x0000000012ea0000, 0x0000000013ea0000)

Polling page: 0x0000000000780000

CodeCache: size=245760Kb used=2916Kb max_used=2927Kb free=242843Kb
 bounds [0x0000000002370000, 0x0000000002660000, 0x0000000011370000]
 total_blobs=1022 nmethods=753 adapters=181
 compilation: disabled (not enough contiguous free space left)

Compilation events (10 events):
Event: 1.059 Thread 0x0000000014a97800  780   !   4       com.android.dx.util.IntList::set (53 bytes)
Event: 1.059 Thread 0x0000000014a97800 nmethod 780 0x000000000263dfd0 code [0x000000000263e120, 0x000000000263e218]
Event: 1.059 Thread 0x0000000014a97800  776       4       com.android.dx.rop.code.Insn::<init> (69 bytes)
Event: 1.060 Thread 0x0000000014a97800 nmethod 776 0x000000000263dcd0 code [0x000000000263de00, 0x000000000263def8]
Event: 1.060 Thread 0x0000000014a97800  784       4       com.android.dx.ssa.SsaRenamer$BlockRenamer::addMapping (143 bytes)
Event: 1.062 Thread 0x0000000014a97800 nmethod 784 0x000000000264d2d0 code [0x000000000264d420, 0x000000000264d618]
Event: 1.062 Thread 0x0000000014a97800  787       4       java.util.BitSet::cardinality (32 bytes)
Event: 1.063 Thread 0x0000000014a97800 nmethod 787 0x000000000263d990 code [0x000000000263dac0, 0x000000000263db78]
Event: 1.063 Thread 0x0000000014a97800  790       4       com.android.dx.ssa.RegisterMapper::map (63 bytes)
Event: 1.069 Thread 0x0000000016291000 


GC Heap History (0 events):
No events

Deoptimization events (4 events):
Event: 0.941 Thread 0x00000000163f1800 Uncommon trap: reason=unstable_if action=reinterpret pc=0x000000000255a74c method=java.util.HashMap.getNode(ILjava/lang/Object;)Ljava/util/HashMap$Node; @ 129
Event: 1.058 Thread 0x000000001648f800 Uncommon trap: reason=class_check action=maybe_recompile pc=0x00000000025fd234 method=com.android.dx.ssa.NormalSsaInsn.accept(Lcom/android/dx/ssa/SsaInsn$Visitor;)V @ 9
Event: 1.058 Thread 0x000000001648f800 Uncommon trap: reason=class_check action=maybe_recompile pc=0x000000000259c170 method=com.android.dx.ssa.NormalSsaInsn.accept(Lcom/android/dx/ssa/SsaInsn$Visitor;)V @ 9
Event: 1.068 Thread 0x00000000163f2000 Uncommon trap: reason=class_check action=maybe_recompile pc=0x00000000025fd234 method=com.android.dx.ssa.NormalSsaInsn.accept(Lcom/android/dx/ssa/SsaInsn$Visitor;)V @ 9

Internal exceptions (2 events):
Event: 0.046 Thread 0x00000000021e2800 Exception <a 'java/lang/NoSuchMethodError': Method sun.misc.Unsafe.defineClass(Ljava/lang/String;[BII)Ljava/lang/Class; name or signature does not match> (0x00000000eab07cc0) thrown at [D:\re\workspace\8-2-build-windows-amd64-cygwin\jdk8u92\6642\hotspot\sr”—C¡ ¬§?
Event: 0.046 Thread 0x00000000021e2800 Exception <a 'java/lang/NoSuchMethodError': Method sun.misc.Unsafe.prefetchRead(Ljava/lang/Object;J)V name or signature does not match> (0x00000000eab07fa8) thrown at [D:\re\workspace\8-2-build-windows-amd64-cygwin\jdk8u92\6642\hotspot\src\share\vm\prims\j

Events (10 events):
Event: 1.058 loading class java/util/TreeMap$EntryIterator done
Event: 1.058 Thread 0x000000001648f800 Uncommon trap: trap_request=0xffffffde fr.pc=0x00000000025fd234
Event: 1.058 Thread 0x000000001648f800 DEOPT PACKING pc=0x00000000025fd234 sp=0x0000000016a8e5f0
Event: 1.058 Thread 0x000000001648f800 DEOPT UNPACKING pc=0x00000000023b582a sp=0x0000000016a8e5d0 mode 2
Event: 1.058 Thread 0x000000001648f800 Uncommon trap: trap_request=0xffffffde fr.pc=0x000000000259c170
Event: 1.058 Thread 0x000000001648f800 DEOPT PACKING pc=0x000000000259c170 sp=0x0000000016a8e620
Event: 1.058 Thread 0x000000001648f800 DEOPT UNPACKING pc=0x00000000023b582a sp=0x0000000016a8e5c0 mode 2
Event: 1.068 Thread 0x00000000163f2000 Uncommon trap: trap_request=0xffffffde fr.pc=0x00000000025fd234
Event: 1.068 Thread 0x00000000163f2000 DEOPT PACKING pc=0x00000000025fd234 sp=0x0000000016d8eca0
Event: 1.068 Thread 0x00000000163f2000 DEOPT UNPACKING pc=0x00000000023b582a sp=0x0000000016d8ec80 mode 2


Dynamic libraries:
0x00007ff725170000 - 0x00007ff7251a7000 	C:\Program Files\Java\jdk1.8.0_92\bin\java.exe
0x00007ffef9f10000 - 0x00007ffefa0ba000 	C:\Windows\SYSTEM32\ntdll.dll
0x00007ffef9b80000 - 0x00007ffef9cba000 	C:\Windows\system32\KERNEL32.DLL
0x00007ffef74a0000 - 0x00007ffef75af000 	C:\Windows\system32\KERNELBASE.dll
0x00007ffef5eb0000 - 0x00007ffef5f38000 	C:\Windows\system32\apphelp.dll
0x00007ffed1e60000 - 0x00007ffed1eaf000 	C:\Windows\AppPatch\AppPatch64\AcGenral.DLL
0x00007ffef9cc0000 - 0x00007ffef9d67000 	C:\Windows\system32\msvcrt.dll
0x00007ffef70c0000 - 0x00007ffef70eb000 	C:\Windows\SYSTEM32\SspiCli.dll
0x00007ffef9320000 - 0x00007ffef9371000 	C:\Windows\system32\SHLWAPI.dll
0x00007ffef9380000 - 0x00007ffef94f1000 	C:\Windows\system32\USER32.dll
0x00007ffef7790000 - 0x00007ffef7908000 	C:\Windows\system32\ole32.dll
0x00007ffef7c70000 - 0x00007ffef9087000 	C:\Windows\system32\SHELL32.dll
0x00007ffef68f0000 - 0x00007ffef690e000 	C:\Windows\SYSTEM32\USERENV.dll
0x00007ffef9090000 - 0x00007ffef9135000 	C:\Windows\system32\ADVAPI32.dll
0x00007ffef22f0000 - 0x00007ffef230b000 	C:\Windows\SYSTEM32\MPR.dll
0x00007ffef79d0000 - 0x00007ffef7b06000 	C:\Windows\system32\RPCRT4.dll
0x00007ffef7c10000 - 0x00007ffef7c67000 	C:\Windows\SYSTEM32\sechost.dll
0x00007ffef9140000 - 0x00007ffef9316000 	C:\Windows\SYSTEM32\combase.dll
0x00007ffef9560000 - 0x00007ffef96a5000 	C:\Windows\system32\GDI32.dll
0x00007ffef7280000 - 0x00007ffef7294000 	C:\Windows\SYSTEM32\profapi.dll
0x00007ffef58e0000 - 0x00007ffef597f000 	C:\Windows\SYSTEM32\SHCORE.dll
0x00007ffef9b40000 - 0x00007ffef9b74000 	C:\Windows\system32\IMM32.DLL
0x00007ffef96b0000 - 0x00007ffef97e9000 	C:\Windows\system32\MSCTF.dll
0x00007ffef4fd0000 - 0x00007ffef522a000 	C:\Windows\WinSxS\amd64_microsoft.windows.common-controls_6595b64144ccf1df_6.0.9600.17031_none_6242a4b3ecbb55a1\COMCTL32.dll
0x0000000067850000 - 0x0000000067922000 	C:\Program Files\Java\jdk1.8.0_92\jre\bin\msvcr100.dll
0x0000000067ea0000 - 0x0000000068736000 	C:\Program Files\Java\jdk1.8.0_92\jre\bin\server\jvm.dll
0x00007ffef0d00000 - 0x00007ffef0d09000 	C:\Windows\SYSTEM32\WSOCK32.dll
0x00007ffeeedc0000 - 0x00007ffeeeddf000 	C:\Windows\SYSTEM32\WINMM.dll
0x00007ffef4f90000 - 0x00007ffef4f9a000 	C:\Windows\SYSTEM32\VERSION.dll
0x00007ffef7b10000 - 0x00007ffef7b17000 	C:\Windows\system32\PSAPI.DLL
0x00007ffef9500000 - 0x00007ffef9558000 	C:\Windows\system32\WS2_32.dll
0x00007ffee99a0000 - 0x00007ffee99ca000 	C:\Windows\SYSTEM32\WINMMBASE.dll
0x00007ffef9b30000 - 0x00007ffef9b39000 	C:\Windows\system32\NSI.dll
0x00007ffef7350000 - 0x00007ffef739a000 	C:\Windows\SYSTEM32\cfgmgr32.dll
0x00007ffef6100000 - 0x00007ffef6126000 	C:\Windows\SYSTEM32\DEVOBJ.dll
0x0000000069210000 - 0x000000006921f000 	C:\Program Files\Java\jdk1.8.0_92\jre\bin\verify.dll
0x00000000691e0000 - 0x0000000069209000 	C:\Program Files\Java\jdk1.8.0_92\jre\bin\java.dll
0x0000000069190000 - 0x00000000691a6000 	C:\Program Files\Java\jdk1.8.0_92\jre\bin\zip.dll

VM Arguments:
jvm_args: -Djava.awt.headless=true -Xmx1024M -Dfile.encoding=windows-1252 -Duser.country=US -Duser.language=en -Duser.variant 
java_command: com.android.dx.command.Main --dex --force-jumbo --num-threads=4 --multi-dex --output C:\Zooket\app\build\intermediates\transforms\dex\debug\folders\1000\10\com.google.android.gms-play-services-iid-9.0.1_16a7600e58e31e3d7ea7e6c15e8480578a99d2b7 C:\Zooket\app\build\intermediates\exploded-aar\com.google.android.gms\play-services-iid\9.0.1\jars\classes.jar
java_class_path (initial): C:\android-sdk-windows\build-tools\24.0.3\lib\dx.jar
Launcher Type: SUN_STANDARD

Environment Variables:
PATH=C:\ProgramData\Oracle\Java\javapath;C:\Windows\system32;C:\Windows;C:\Windows\System32\Wbem;C:\Windows\System32\WindowsPowerShell\v1.0\;C:\Program Files (x86)\NVIDIA Corporation\PhysX\Common;C:\Program Files (x86)\Windows Kits\8.1\Windows Performance Toolkit\;C:\Program Files\Microsoft SQL Server\110\Tools\Binn\;C:\Program Files\Microsoft SQL Server\110\DTS\Binn\;C:\Program Files (x86)\Microsoft SQL Server\110\Tools\Binn\;C:\Program Files (x86)\Microsoft SQL Server\110\Tools\Binn\ManagementStudio\;C:\Program Files (x86)\Microsoft Visual Studio 10.0\Common7\IDE\PrivateAssemblies\;C:\Program Files (x86)\Microsoft SQL Server\110\DTS\Binn\;C:\Program Files (x86)\GtkSharp\2.12\bin;C:\Program Files (x86)\QuickTime\QTSystem\
USERNAME=Smo
OS=Windows_NT
PROCESSOR_IDENTIFIER=Intel64 Family 6 Model 94 Stepping 3, GenuineIntel



---------------  S Y S T E M  ---------------

OS: Windows 8.1 , 64 bit Build 9600 (6.3.9600.17056)

CPU:total 4 (4 cores per cpu, 1 threads per core) family 6 model 94 stepping 3, cmov, cx8, fxsr, mmx, sse, sse2, sse3, ssse3, sse4.1, sse4.2, popcnt, avx, avx2, aes, clmul, erms, 3dnowpref, lzcnt, tsc, tscinvbit, bmi1, bmi2, adx

Memory: 4k page, physical 8266404k(1760368k free), swap 8266404k(5120k free)

vm_info: Java HotSpot(TM) 64-Bit Server VM (25.92-b14) for windows-amd64 JRE (1.8.0_92-b14), built on Mar 31 2016 21:03:04 by "java_re" with MS VC++ 10.0 (VS2010)

time: Thu May 11 11:24:50 2017
elapsed time: 1 seconds (0d 0h 0m 1s)

