#
# There is insufficient memory for the Java Runtime Environment to continue.
# Native memory allocation (malloc) failed to allocate 119856 bytes for Chunk::new
# Possible reasons:
#   The system is out of physical RAM or swap space
#   In 32 bit mode, the process size limit was hit
# Possible solutions:
#   Reduce memory load on the system
#   Increase physical memory or swap space
#   Check if swap backing store is full
#   Use 64 bit Java on a 64 bit OS
#   Decrease Java heap size (-Xmx/-Xms)
#   Decrease number of Java threads
#   Decrease Java thread stack sizes (-Xss)
#   Set larger code cache with -XX:ReservedCodeCacheSize=
# This output file may be truncated or incomplete.
#
#  Out of Memory Error (allocation.cpp:390), pid=2912, tid=0x000000000000171c
#
# JRE version: Java(TM) SE Runtime Environment (8.0_92-b14) (build 1.8.0_92-b14)
# Java VM: Java HotSpot(TM) 64-Bit Server VM (25.92-b14 mixed mode windows-amd64 compressed oops)
# Failed to write core dump. Minidumps are not enabled by default on client versions of Windows
#

---------------  T H R E A D  ---------------

Current thread (0x0000000015527000):  JavaThread "C2 CompilerThread1" daemon [_thread_in_native, id=5916, stack(0x0000000016b40000,0x0000000016c40000)]

Stack: [0x0000000016b40000,0x0000000016c40000]
[error occurred during error reporting (printing stack bounds), id 0xc0000005]

Native frames: (J=compiled Java code, j=interpreted, Vv=VM code, C=native code)


Current CompileTask:
C2:    602  570       4       java.util.HashMap::get (23 bytes)


---------------  P R O C E S S  ---------------

Java Threads: ( => current thread )
  0x0000000016ea2800 JavaThread "pool-2-thread-4" [_thread_in_vm, id=1884, stack(0x0000000017740000,0x0000000017840000)]
  0x0000000016dbc000 JavaThread "pool-2-thread-3" [_thread_blocked, id=10228, stack(0x0000000017640000,0x0000000017740000)]
  0x0000000016db3800 JavaThread "pool-2-thread-2" [_thread_in_Java, id=6320, stack(0x0000000017540000,0x0000000017640000)]
  0x0000000016db2800 JavaThread "pool-3-thread-1" [_thread_blocked, id=376, stack(0x0000000017440000,0x0000000017540000)]
  0x0000000016c4f000 JavaThread "Service Thread" daemon [_thread_blocked, id=7560, stack(0x0000000017140000,0x0000000017240000)]
  0x000000001552e000 JavaThread "C1 CompilerThread2" daemon [_thread_in_native, id=3860, stack(0x0000000017040000,0x0000000017140000)]
=>0x0000000015527000 JavaThread "C2 CompilerThread1" daemon [_thread_in_native, id=5916, stack(0x0000000016b40000,0x0000000016c40000)]
  0x00000000154ce000 JavaThread "C2 CompilerThread0" daemon [_thread_blocked, id=2580, stack(0x0000000016a40000,0x0000000016b40000)]
  0x00000000154cc000 JavaThread "Attach Listener" daemon [_thread_blocked, id=4276, stack(0x0000000016940000,0x0000000016a40000)]
  0x00000000154cb000 JavaThread "Signal Dispatcher" daemon [_thread_blocked, id=10012, stack(0x0000000016840000,0x0000000016940000)]
  0x0000000002d0a800 JavaThread "Finalizer" daemon [_thread_blocked, id=6832, stack(0x0000000016740000,0x0000000016840000)]
  0x0000000002cff800 JavaThread "Reference Handler" daemon [_thread_blocked, id=240, stack(0x0000000016640000,0x0000000016740000)]
  0x0000000002c12800 JavaThread "main" [_thread_blocked, id=8680, stack(0x0000000002af0000,0x0000000002bf0000)]

Other Threads:
  0x0000000015498000 VMThread [stack: 0x0000000016540000,0x0000000016640000] [id=7880]
  0x0000000016c62800 WatcherThread [stack: 0x0000000017240000,0x0000000017340000] [id=7064]

VM state:not at safepoint (normal execution)

VM Mutex/Monitor currently owned by a thread:  ([mutex/lock_event])
[0x0000000002c101d0] MethodData_lock - owner thread: 0x0000000016ea2800

Heap:
 PSYoungGen      total 38400K, used 13603K [0x00000000eab00000, 0x00000000ed580000, 0x0000000100000000)
  eden space 33280K, 40% used [0x00000000eab00000,0x00000000eb848e48,0x00000000ecb80000)
  from space 5120K, 0% used [0x00000000ed080000,0x00000000ed080000,0x00000000ed580000)
  to   space 5120K, 0% used [0x00000000ecb80000,0x00000000ecb80000,0x00000000ed080000)
 ParOldGen       total 87552K, used 0K [0x00000000c0000000, 0x00000000c5580000, 0x00000000eab00000)
  object space 87552K, 0% used [0x00000000c0000000,0x00000000c0000000,0x00000000c5580000)
 Metaspace       used 5540K, capacity 6514K, committed 6784K, reserved 1056768K
  class space    used 596K, capacity 618K, committed 640K, reserved 1048576K

Card table byte_map: [0x00000000121c0000,0x00000000123d0000] byte_map_base: 0x0000000011bc0000

Marking Bits: (ParMarkBitMap*) 0x000000005ab964f0
 Begin Bits: [0x0000000012930000, 0x0000000013930000)
 End Bits:   [0x0000000013930000, 0x0000000014930000)

Polling page: 0x0000000001220000

CodeCache: size=245760Kb used=2134Kb max_used=2145Kb free=243625Kb
 bounds [0x0000000002e00000, 0x0000000003070000, 0x0000000011e00000]
 total_blobs=825 nmethods=556 adapters=182
 compilation: enabled

Compilation events (10 events):
Event: 0.599 Thread 0x000000001552e000 nmethod 554 0x0000000003010e10 code [0x0000000003010f80, 0x0000000003011108]
Event: 0.599 Thread 0x000000001552e000  552   !   3       com.android.dx.cf.code.BytecodeArray::parseInstruction (2764 bytes)
Event: 0.599 Thread 0x0000000015527000 nmethod 565 0x000000000300f550 code [0x000000000300f6a0, 0x000000000300f7b8]
Event: 0.599 Thread 0x0000000015527000  570       4       java.util.HashMap::get (23 bytes)
Event: 0.599 Thread 0x00000000154ce000 nmethod 566 0x000000000300f150 code [0x000000000300f2a0, 0x000000000300f3a8]
Event: 0.599 Thread 0x00000000154ce000  571       4       com.android.dx.ssa.NormalSsaInsn::getOpcode (8 bytes)
Event: 0.600 Thread 0x00000000154ce000 nmethod 571 0x000000000300d550 code [0x000000000300d680, 0x000000000300d6f8]
Event: 0.600 Thread 0x00000000154ce000  572       4       java.util.AbstractList::<init> (10 bytes)
Event: 0.601 Thread 0x00000000154ce000 nmethod 572 0x0000000002fda510 code [0x0000000002fda640, 0x0000000002fda698]
Event: 0.601 Thread 0x00000000154ce000  577       4       java.util.ArrayList::iterator (10 bytes)

GC Heap History (0 events):
No events

Deoptimization events (1 events):
Event: 0.570 Thread 0x0000000016ea2800 Uncommon trap: reason=unstable_if action=reinterpret pc=0x0000000002fdd55c method=java.util.HashMap.getNode(ILjava/lang/Object;)Ljava/util/HashMap$Node; @ 129

Internal exceptions (2 events):
Event: 0.136 Thread 0x0000000002c12800 Exception <a 'java/lang/NoSuchMethodError': Method sun.misc.Unsafe.defineClass(Ljava/lang/String;[BII)Ljava/lang/Class; name or signature does not match> (0x00000000eab07cc0) thrown at [D:\re\workspace\8-2-build-windows-amd64-cygwin\jdk8u92\6642\hotspot\sräú‹#ZxÁ?
Event: 0.136 Thread 0x0000000002c12800 Exception <a 'java/lang/NoSuchMethodError': Method sun.misc.Unsafe.prefetchRead(Ljava/lang/Object;J)V name or signature does not match> (0x00000000eab07fa8) thrown at [D:\re\workspace\8-2-build-windows-amd64-cygwin\jdk8u92\6642\hotspot\src\share\vm\prims\j

Events (10 events):
Event: 0.567 loading class java/util/DualPivotQuicksort
Event: 0.567 loading class java/util/DualPivotQuicksort done
Event: 0.570 loading class java/util/HashMap$Values
Event: 0.570 loading class java/util/HashMap$Values done
Event: 0.570 loading class java/util/HashMap$ValueIterator
Event: 0.570 loading class java/util/HashMap$ValueIterator done
Event: 0.570 Thread 0x0000000016ea2800 Uncommon trap: trap_request=0xffffff65 fr.pc=0x0000000002fdd55c
Event: 0.570 Thread 0x0000000016ea2800 DEOPT PACKING pc=0x0000000002fdd55c sp=0x000000001783ead0
Event: 0.570 Thread 0x0000000016ea2800 DEOPT UNPACKING pc=0x0000000002e4582a sp=0x000000001783ea48 mode 2
Event: 0.598 Thread 0x0000000016dae000 Thread exited: 0x0000000016dae000


Dynamic libraries:
0x00007ff61f2f0000 - 0x00007ff61f327000 	C:\Program Files\Java\jdk1.8.0_92\bin\java.exe
0x00007ffa9ddd0000 - 0x00007ffa9df7a000 	C:\Windows\SYSTEM32\ntdll.dll
0x00007ffa9d870000 - 0x00007ffa9d9aa000 	C:\Windows\system32\KERNEL32.DLL
0x00007ffa9b260000 - 0x00007ffa9b36f000 	C:\Windows\system32\KERNELBASE.dll
0x00007ffa99d70000 - 0x00007ffa99df8000 	C:\Windows\system32\apphelp.dll
0x00007ffa72e10000 - 0x00007ffa72e5f000 	C:\Windows\AppPatch\AppPatch64\AcGenral.DLL
0x00007ffa9d250000 - 0x00007ffa9d2f7000 	C:\Windows\system32\msvcrt.dll
0x00007ffa9af80000 - 0x00007ffa9afab000 	C:\Windows\SYSTEM32\SspiCli.dll
0x00007ffa9d520000 - 0x00007ffa9d571000 	C:\Windows\system32\SHLWAPI.dll
0x00007ffa9d300000 - 0x00007ffa9d471000 	C:\Windows\system32\USER32.dll
0x00007ffa9d9b0000 - 0x00007ffa9db28000 	C:\Windows\system32\ole32.dll
0x00007ffa9bc30000 - 0x00007ffa9d047000 	C:\Windows\system32\SHELL32.dll
0x00007ffa9a7b0000 - 0x00007ffa9a7ce000 	C:\Windows\SYSTEM32\USERENV.dll
0x00007ffa9d5c0000 - 0x00007ffa9d665000 	C:\Windows\system32\ADVAPI32.dll
0x00007ffa96070000 - 0x00007ffa9608b000 	C:\Windows\SYSTEM32\MPR.dll
0x00007ffa9db40000 - 0x00007ffa9dc76000 	C:\Windows\system32\RPCRT4.dll
0x00007ffa9d1f0000 - 0x00007ffa9d247000 	C:\Windows\SYSTEM32\sechost.dll
0x00007ffa9b660000 - 0x00007ffa9b836000 	C:\Windows\SYSTEM32\combase.dll
0x00007ffa9dc80000 - 0x00007ffa9ddc5000 	C:\Windows\system32\GDI32.dll
0x00007ffa9b140000 - 0x00007ffa9b154000 	C:\Windows\SYSTEM32\profapi.dll
0x00007ffa997a0000 - 0x00007ffa9983f000 	C:\Windows\SYSTEM32\SHCORE.dll
0x00007ffa9d580000 - 0x00007ffa9d5b4000 	C:\Windows\system32\IMM32.DLL
0x00007ffa9d670000 - 0x00007ffa9d7a9000 	C:\Windows\system32\MSCTF.dll
0x00007ffa98e90000 - 0x00007ffa990ea000 	C:\Windows\WinSxS\amd64_microsoft.windows.common-controls_6595b64144ccf1df_6.0.9600.17031_none_6242a4b3ecbb55a1\COMCTL32.dll
0x0000000059ad0000 - 0x0000000059ba2000 	C:\Program Files\Java\jdk1.8.0_92\jre\bin\msvcr100.dll
0x000000005a380000 - 0x000000005ac16000 	C:\Program Files\Java\jdk1.8.0_92\jre\bin\server\jvm.dll
0x00007ffa8e650000 - 0x00007ffa8e659000 	C:\Windows\SYSTEM32\WSOCK32.dll
0x00007ffa8aa90000 - 0x00007ffa8aaaf000 	C:\Windows\SYSTEM32\WINMM.dll
0x00007ffa98e50000 - 0x00007ffa98e5a000 	C:\Windows\SYSTEM32\VERSION.dll
0x00007ffa9b650000 - 0x00007ffa9b657000 	C:\Windows\system32\PSAPI.DLL
0x00007ffa9d060000 - 0x00007ffa9d0b8000 	C:\Windows\system32\WS2_32.dll
0x00007ffa8aa60000 - 0x00007ffa8aa8a000 	C:\Windows\SYSTEM32\WINMMBASE.dll
0x00007ffa9bc20000 - 0x00007ffa9bc29000 	C:\Windows\system32\NSI.dll
0x00007ffa9b600000 - 0x00007ffa9b64a000 	C:\Windows\SYSTEM32\cfgmgr32.dll
0x00007ffa99fc0000 - 0x00007ffa99fe6000 	C:\Windows\SYSTEM32\DEVOBJ.dll
0x000000005a370000 - 0x000000005a37f000 	C:\Program Files\Java\jdk1.8.0_92\jre\bin\verify.dll
0x000000005a340000 - 0x000000005a369000 	C:\Program Files\Java\jdk1.8.0_92\jre\bin\java.dll
0x000000005a320000 - 0x000000005a336000 	C:\Program Files\Java\jdk1.8.0_92\jre\bin\zip.dll

VM Arguments:
jvm_args: -Djava.awt.headless=true -Xmx1024M -Dfile.encoding=windows-1252 -Duser.country=US -Duser.language=en -Duser.variant 
java_command: com.android.dx.command.Main --dex --force-jumbo --num-threads=4 --multi-dex --output C:\Zooket\app\build\intermediates\transforms\dex\debug\folders\1000\10\okhttp-urlconnection-2.4.0_ea49dc0dafbd4c87b4783e557078ed455e80c339 C:\Users\Smo\.gradle\caches\modules-2\files-2.1\com.squareup.okhttp\okhttp-urlconnection\2.4.0\a0c195f14cefc7597e0bebf22c3e7b43920dcf4\okhttp-urlconnection-2.4.0.jar
java_class_path (initial): C:\android-sdk-windows\build-tools\24.0.3\lib\dx.jar
Launcher Type: SUN_STANDARD

Environment Variables:
PATH=C:\ProgramData\Oracle\Java\javapath;C:\Windows\system32;C:\Windows;C:\Windows\System32\Wbem;C:\Windows\System32\WindowsPowerShell\v1.0\;C:\Program Files (x86)\NVIDIA Corporation\PhysX\Common;C:\Program Files (x86)\Windows Kits\8.1\Windows Performance Toolkit\;C:\Program Files\Microsoft SQL Server\110\Tools\Binn\;C:\Program Files\Microsoft SQL Server\110\DTS\Binn\;C:\Program Files (x86)\Microsoft SQL Server\110\Tools\Binn\;C:\Program Files (x86)\Microsoft SQL Server\110\Tools\Binn\ManagementStudio\;C:\Program Files (x86)\Microsoft Visual Studio 10.0\Common7\IDE\PrivateAssemblies\;C:\Program Files (x86)\Microsoft SQL Server\110\DTS\Binn\;C:\Program Files (x86)\GtkSharp\2.12\bin;C:\Program Files (x86)\QuickTime\QTSystem\
USERNAME=Smo
OS=Windows_NT
PROCESSOR_IDENTIFIER=Intel64 Family 6 Model 94 Stepping 3, GenuineIntel



---------------  S Y S T E M  ---------------

OS: Windows 8.1 , 64 bit Build 9600 (6.3.9600.17056)

CPU:total 4 (4 cores per cpu, 1 threads per core) family 6 model 94 stepping 3, cmov, cx8, fxsr, mmx, sse, sse2, sse3, ssse3, sse4.1, sse4.2, popcnt, avx, avx2, aes, clmul, erms, 3dnowpref, lzcnt, tsc, tscinvbit, bmi1, bmi2, adx

Memory: 4k page, physical 8266404k(963196k free), swap 8266404k(5096k free)

vm_info: Java HotSpot(TM) 64-Bit Server VM (25.92-b14) for windows-amd64 JRE (1.8.0_92-b14), built on Mar 31 2016 21:03:04 by "java_re" with MS VC++ 10.0 (VS2010)

time: Sat May 13 20:04:33 2017
elapsed time: 0 seconds (0d 0h 0m 0s)

