#
# There is insufficient memory for the Java Runtime Environment to continue.
# Native memory allocation (malloc) failed to allocate 538512 bytes for Chunk::new
# Possible reasons:
#   The system is out of physical RAM or swap space
#   In 32 bit mode, the process size limit was hit
# Possible solutions:
#   Reduce memory load on the system
#   Increase physical memory or swap space
#   Check if swap backing store is full
#   Use 64 bit Java on a 64 bit OS
#   Decrease Java heap size (-Xmx/-Xms)
#   Decrease number of Java threads
#   Decrease Java thread stack sizes (-Xss)
#   Set larger code cache with -XX:ReservedCodeCacheSize=
# This output file may be truncated or incomplete.
#
#  Out of Memory Error (allocation.cpp:390), pid=5936, tid=0x0000000000001db4
#
# JRE version: Java(TM) SE Runtime Environment (8.0_92-b14) (build 1.8.0_92-b14)
# Java VM: Java HotSpot(TM) 64-Bit Server VM (25.92-b14 mixed mode windows-amd64 compressed oops)
# Failed to write core dump. Minidumps are not enabled by default on client versions of Windows
#

---------------  T H R E A D  ---------------

Current thread (0x0000000014af0000):  JavaThread "C2 CompilerThread1" daemon [_thread_in_native, id=7604, stack(0x0000000016220000,0x0000000016320000)]

Stack: [0x0000000016220000,0x0000000016320000]
[error occurred during error reporting (printing stack bounds), id 0xc0000005]

Native frames: (J=compiled Java code, j=interpreted, Vv=VM code, C=native code)


Current CompileTask:
C2:   3297 1474       4       com.android.dx.ssa.SCCP::simulatePhiBlock (50 bytes)


---------------  P R O C E S S  ---------------

Java Threads: ( => current thread )
  0x00000000165d0800 JavaThread "pool-1-thread-4" [_thread_in_Java, id=9120, stack(0x0000000016e20000,0x0000000016f20000)]
  0x00000000165b2800 JavaThread "pool-1-thread-3" [_thread_in_Java, id=8280, stack(0x0000000016d20000,0x0000000016e20000)]
  0x0000000016582800 JavaThread "pool-1-thread-2" [_thread_blocked, id=1716, stack(0x0000000016c20000,0x0000000016d20000)]
  0x0000000016581800 JavaThread "pool-2-thread-1" [_thread_blocked, id=8316, stack(0x0000000016b20000,0x0000000016c20000)]
  0x000000001657f000 JavaThread "pool-1-thread-1" [_thread_blocked, id=964, stack(0x0000000016a20000,0x0000000016b20000)]
  0x000000001633d800 JavaThread "Service Thread" daemon [_thread_blocked, id=8232, stack(0x0000000016820000,0x0000000016920000)]
  0x0000000014b4e800 JavaThread "C1 CompilerThread2" daemon [_thread_blocked, id=8868, stack(0x0000000016720000,0x0000000016820000)]
=>0x0000000014af0000 JavaThread "C2 CompilerThread1" daemon [_thread_in_native, id=7604, stack(0x0000000016220000,0x0000000016320000)]
  0x0000000014aed000 JavaThread "C2 CompilerThread0" daemon [_thread_in_native, id=9068, stack(0x0000000016120000,0x0000000016220000)]
  0x0000000014aeb000 JavaThread "Attach Listener" daemon [_thread_blocked, id=8556, stack(0x0000000016020000,0x0000000016120000)]
  0x0000000014ae9800 JavaThread "Signal Dispatcher" daemon [_thread_blocked, id=7684, stack(0x0000000015f20000,0x0000000016020000)]
  0x0000000014ada000 JavaThread "Finalizer" daemon [_thread_blocked, id=7992, stack(0x0000000015d40000,0x0000000015e40000)]
  0x0000000014ab9000 JavaThread "Reference Handler" daemon [_thread_blocked, id=8332, stack(0x0000000015c40000,0x0000000015d40000)]
  0x0000000002322800 JavaThread "main" [_thread_blocked, id=3804, stack(0x00000000021b0000,0x00000000022b0000)]

Other Threads:
  0x0000000014ab7800 VMThread [stack: 0x0000000015b40000,0x0000000015c40000] [id=8808]
  0x0000000016341000 WatcherThread [stack: 0x0000000016920000,0x0000000016a20000] [id=8268]

VM state:not at safepoint (normal execution)

VM Mutex/Monitor currently owned by a thread: None

Heap:
 PSYoungGen      total 38400K, used 31484K [0x00000000eab00000, 0x00000000ef600000, 0x0000000100000000)
  eden space 33280K, 79% used [0x00000000eab00000,0x00000000ec4c2ea8,0x00000000ecb80000)
  from space 5120K, 99% used [0x00000000ecb80000,0x00000000ed07c470,0x00000000ed080000)
  to   space 5120K, 0% used [0x00000000ef100000,0x00000000ef100000,0x00000000ef600000)
 ParOldGen       total 87552K, used 1137K [0x00000000c0000000, 0x00000000c5580000, 0x00000000eab00000)
  object space 87552K, 1% used [0x00000000c0000000,0x00000000c011c518,0x00000000c5580000)
 Metaspace       used 6155K, capacity 7026K, committed 7296K, reserved 1056768K
  class space    used 604K, capacity 618K, committed 640K, reserved 1048576K

Card table byte_map: [0x00000000117e0000,0x00000000119f0000] byte_map_base: 0x00000000111e0000

Marking Bits: (ParMarkBitMap*) 0x000000005ba964f0
 Begin Bits: [0x0000000011f50000, 0x0000000012f50000)
 End Bits:   [0x0000000012f50000, 0x0000000013f50000)

Polling page: 0x0000000002160000

CodeCache: size=245760Kb used=6476Kb max_used=6476Kb free=239283Kb
 bounds [0x0000000002420000, 0x0000000002a80000, 0x0000000011420000]
 total_blobs=1745 nmethods=1476 adapters=182
 compilation: enabled

Compilation events (10 events):
Event: 3.268 Thread 0x0000000014b4e800 1483       3       com.android.dx.ssa.LiteralOpUpgrader::isConstIntZeroOrKnownNull (34 bytes)
Event: 3.269 Thread 0x0000000014b4e800 nmethod 1483 0x0000000002a62850 code [0x0000000002a629e0, 0x0000000002a62f08]
Event: 3.291 Thread 0x0000000014b4e800 1485       2       java.util.HashMap::putVal (300 bytes)
Event: 3.291 Thread 0x0000000014b4e800 nmethod 1485 0x0000000002a4fcd0 code [0x0000000002a4fee0, 0x0000000002a505f8]
Event: 3.293 Thread 0x0000000014b4e800 1488       3       java.util.Collections::unmodifiableCollection (9 bytes)
Event: 3.293 Thread 0x0000000014b4e800 nmethod 1488 0x0000000002a4f610 code [0x0000000002a4f7a0, 0x0000000002a4fae8]
Event: 3.294 Thread 0x0000000014b4e800 1489   !   3       com.android.dx.cf.code.Merger::mergeStack (192 bytes)
Event: 3.296 Thread 0x0000000014b4e800 nmethod 1489 0x0000000002a5aa50 code [0x0000000002a5ade0, 0x0000000002a5cdd8]
Event: 3.296 Thread 0x0000000014b4e800 1490       3       com.android.dx.cf.code.Frame::mergeSubroutineLists (90 bytes)
Event: 3.296 Thread 0x0000000014b4e800 nmethod 1490 0x0000000002a66b50 code [0x0000000002a66d20, 0x0000000002a67608]

GC Heap History (2 events):
Event: 2.077 GC heap before
{Heap before GC invocations=1 (full 0):
 PSYoungGen      total 38400K, used 33280K [0x00000000eab00000, 0x00000000ed580000, 0x0000000100000000)
  eden space 33280K, 100% used [0x00000000eab00000,0x00000000ecb80000,0x00000000ecb80000)
  from space 5120K, 0% used [0x00000000ed080000,0x00000000ed080000,0x00000000ed580000)
  to   space 5120K, 0% used [0x00000000ecb80000,0x00000000ecb80000,0x00000000ed080000)
 ParOldGen       total 87552K, used 0K [0x00000000c0000000, 0x00000000c5580000, 0x00000000eab00000)
  object space 87552K, 0% used [0x00000000c0000000,0x00000000c0000000,0x00000000c5580000)
 Metaspace       used 6053K, capacity 6960K, committed 7040K, reserved 1056768K
  class space    used 602K, capacity 616K, committed 640K, reserved 1048576K
Event: 2.492 GC heap after
Heap after GC invocations=1 (full 0):
 PSYoungGen      total 38400K, used 5105K [0x00000000eab00000, 0x00000000ef600000, 0x0000000100000000)
  eden space 33280K, 0% used [0x00000000eab00000,0x00000000eab00000,0x00000000ecb80000)
  from space 5120K, 99% used [0x00000000ecb80000,0x00000000ed07c470,0x00000000ed080000)
  to   space 5120K, 0% used [0x00000000ef100000,0x00000000ef100000,0x00000000ef600000)
 ParOldGen       total 87552K, used 1137K [0x00000000c0000000, 0x00000000c5580000, 0x00000000eab00000)
  object space 87552K, 1% used [0x00000000c0000000,0x00000000c011c518,0x00000000c5580000)
 Metaspace       used 6053K, capacity 6960K, committed 7040K, reserved 1056768K
  class space    used 602K, capacity 616K, committed 640K, reserved 1048576K
}

Deoptimization events (10 events):
Event: 2.609 Thread 0x000000001657f000 Uncommon trap: reason=class_check action=maybe_recompile pc=0x00000000028a17e8 method=java.util.HashMap.putVal(ILjava/lang/Object;Ljava/lang/Object;ZZ)Ljava/lang/Object; @ 203
Event: 2.609 Thread 0x000000001657f000 Uncommon trap: reason=bimorphic action=maybe_recompile pc=0x0000000002964b90 method=java.util.HashMap.getNode(ILjava/lang/Object;)Ljava/util/HashMap$Node; @ 126
Event: 2.609 Thread 0x000000001657f000 Uncommon trap: reason=bimorphic action=maybe_recompile pc=0x0000000002964b90 method=java.util.HashMap.getNode(ILjava/lang/Object;)Ljava/util/HashMap$Node; @ 126
Event: 2.618 Thread 0x000000001657f000 Uncommon trap: reason=bimorphic action=maybe_recompile pc=0x0000000002964b90 method=java.util.HashMap.getNode(ILjava/lang/Object;)Ljava/util/HashMap$Node; @ 126
Event: 2.618 Thread 0x000000001657f000 Uncommon trap: reason=class_check action=maybe_recompile pc=0x00000000028ac314 method=java.util.HashMap.putVal(ILjava/lang/Object;Ljava/lang/Object;ZZ)Ljava/lang/Object; @ 203
Event: 2.618 Thread 0x000000001657f000 Uncommon trap: reason=class_check action=maybe_recompile pc=0x00000000028ac314 method=java.util.HashMap.putVal(ILjava/lang/Object;Ljava/lang/Object;ZZ)Ljava/lang/Object; @ 203
Event: 2.619 Thread 0x00000000165b2800 Uncommon trap: reason=unstable_if action=reinterpret pc=0x00000000029cdbd0 method=com.android.dx.rop.code.RegisterSpec.equals(ILcom/android/dx/rop/type/TypeBearer;Lcom/android/dx/rop/code/LocalItem;)Z @ 42
Event: 3.286 Thread 0x00000000165d0800 Uncommon trap: reason=class_check action=maybe_recompile pc=0x0000000002a6dc2c method=com.android.dx.cf.code.BytecodeArray.parseInstruction(ILcom/android/dx/cf/code/BytecodeArray$Visitor;)I @ 1161
Event: 3.286 Thread 0x00000000165d0800 Uncommon trap: reason=class_check action=maybe_recompile pc=0x0000000002a6dc2c method=com.android.dx.cf.code.BytecodeArray.parseInstruction(ILcom/android/dx/cf/code/BytecodeArray$Visitor;)I @ 1161
Event: 3.289 Thread 0x00000000165d0800 Uncommon trap: reason=class_check action=maybe_recompile pc=0x0000000002a6dc2c method=com.android.dx.cf.code.BytecodeArray.parseInstruction(ILcom/android/dx/cf/code/BytecodeArray$Visitor;)I @ 1161

Internal exceptions (4 events):
Event: 0.033 Thread 0x0000000002322800 Exception <a 'java/lang/NoSuchMethodError': Method sun.misc.Unsafe.defineClass(Ljava/lang/String;[BII)Ljava/lang/Class; name or signature does not match> (0x00000000eab07cc0) thrown at [D:\re\workspace\8-2-build-windows-amd64-cygwin\jdk8u92\6642\hotspot\sr3ˆ½BGè ?
Event: 0.033 Thread 0x0000000002322800 Exception <a 'java/lang/NoSuchMethodError': Method sun.misc.Unsafe.prefetchRead(Ljava/lang/Object;J)V name or signature does not match> (0x00000000eab07fa8) thrown at [D:\re\workspace\8-2-build-windows-amd64-cygwin\jdk8u92\6642\hotspot\src\share\vm\prims\jçgi`©ù?
Event: 1.604 Thread 0x00000000165d0800 Implicit null exception at 0x00000000027b9be2 to 0x00000000027b9cda
Event: 2.551 Thread 0x00000000165d0800 Implicit null exception at 0x000000000276bb08 to 0x000000000276df21

Events (10 events):
Event: 2.619 Thread 0x00000000165b2800 DEOPT UNPACKING pc=0x000000000246582a sp=0x0000000016e1ecf8 mode 2
Event: 3.286 Thread 0x00000000165d0800 Uncommon trap: trap_request=0xffffffde fr.pc=0x0000000002a6dc2c
Event: 3.286 Thread 0x00000000165d0800 DEOPT PACKING pc=0x0000000002a6dc2c sp=0x0000000016f1e8b0
Event: 3.286 Thread 0x00000000165d0800 DEOPT UNPACKING pc=0x000000000246582a sp=0x0000000016f1e840 mode 2
Event: 3.286 Thread 0x00000000165d0800 Uncommon trap: trap_request=0xffffffde fr.pc=0x0000000002a6dc2c
Event: 3.286 Thread 0x00000000165d0800 DEOPT PACKING pc=0x0000000002a6dc2c sp=0x0000000016f1e8b0
Event: 3.286 Thread 0x00000000165d0800 DEOPT UNPACKING pc=0x000000000246582a sp=0x0000000016f1e840 mode 2
Event: 3.289 Thread 0x00000000165d0800 Uncommon trap: trap_request=0xffffffde fr.pc=0x0000000002a6dc2c
Event: 3.289 Thread 0x00000000165d0800 DEOPT PACKING pc=0x0000000002a6dc2c sp=0x0000000016f1e8b0
Event: 3.289 Thread 0x00000000165d0800 DEOPT UNPACKING pc=0x000000000246582a sp=0x0000000016f1e840 mode 2


Dynamic libraries:
0x00007ff750d50000 - 0x00007ff750d87000 	C:\Program Files\Java\jdk1.8.0_92\bin\java.exe
0x00007ffe5f900000 - 0x00007ffe5faaa000 	C:\Windows\SYSTEM32\ntdll.dll
0x00007ffe5dc80000 - 0x00007ffe5ddba000 	C:\Windows\system32\KERNEL32.DLL
0x00007ffe5cd40000 - 0x00007ffe5ce4f000 	C:\Windows\system32\KERNELBASE.dll
0x00007ffe5b8a0000 - 0x00007ffe5b928000 	C:\Windows\system32\apphelp.dll
0x00007ffe36bf0000 - 0x00007ffe36c3f000 	C:\Windows\AppPatch\AppPatch64\AcGenral.DLL
0x00007ffe5f6a0000 - 0x00007ffe5f747000 	C:\Windows\system32\msvcrt.dll
0x00007ffe5cab0000 - 0x00007ffe5cadb000 	C:\Windows\SYSTEM32\SspiCli.dll
0x00007ffe5d750000 - 0x00007ffe5d7a1000 	C:\Windows\system32\SHLWAPI.dll
0x00007ffe5d390000 - 0x00007ffe5d501000 	C:\Windows\system32\USER32.dll
0x00007ffe5e040000 - 0x00007ffe5e1b8000 	C:\Windows\system32\ole32.dll
0x00007ffe5e280000 - 0x00007ffe5f697000 	C:\Windows\system32\SHELL32.dll
0x00007ffe5c2e0000 - 0x00007ffe5c2fe000 	C:\Windows\SYSTEM32\USERENV.dll
0x00007ffe5f820000 - 0x00007ffe5f8c5000 	C:\Windows\system32\ADVAPI32.dll
0x00007ffe57ba0000 - 0x00007ffe57bbb000 	C:\Windows\SYSTEM32\MPR.dll
0x00007ffe5ddc0000 - 0x00007ffe5def6000 	C:\Windows\system32\RPCRT4.dll
0x00007ffe5d330000 - 0x00007ffe5d387000 	C:\Windows\SYSTEM32\sechost.dll
0x00007ffe5d510000 - 0x00007ffe5d6e6000 	C:\Windows\SYSTEM32\combase.dll
0x00007ffe5d180000 - 0x00007ffe5d2c5000 	C:\Windows\system32\GDI32.dll
0x00007ffe5cc70000 - 0x00007ffe5cc84000 	C:\Windows\SYSTEM32\profapi.dll
0x00007ffe5b2d0000 - 0x00007ffe5b36f000 	C:\Windows\SYSTEM32\SHCORE.dll
0x00007ffe5df00000 - 0x00007ffe5df34000 	C:\Windows\system32\IMM32.DLL
0x00007ffe5db40000 - 0x00007ffe5dc79000 	C:\Windows\system32\MSCTF.dll
0x00007ffe5a9c0000 - 0x00007ffe5ac1a000 	C:\Windows\WinSxS\amd64_microsoft.windows.common-controls_6595b64144ccf1df_6.0.9600.17031_none_6242a4b3ecbb55a1\COMCTL32.dll
0x000000005ad70000 - 0x000000005ae42000 	C:\Program Files\Java\jdk1.8.0_92\jre\bin\msvcr100.dll
0x000000005b280000 - 0x000000005bb16000 	C:\Program Files\Java\jdk1.8.0_92\jre\bin\server\jvm.dll
0x00007ffe58230000 - 0x00007ffe58239000 	C:\Windows\SYSTEM32\WSOCK32.dll
0x00007ffe4f380000 - 0x00007ffe4f39f000 	C:\Windows\SYSTEM32\WINMM.dll
0x00007ffe5a980000 - 0x00007ffe5a98a000 	C:\Windows\SYSTEM32\VERSION.dll
0x00007ffe5f8f0000 - 0x00007ffe5f8f7000 	C:\Windows\system32\PSAPI.DLL
0x00007ffe5d6f0000 - 0x00007ffe5d748000 	C:\Windows\system32\WS2_32.dll
0x00007ffe4f350000 - 0x00007ffe4f37a000 	C:\Windows\SYSTEM32\WINMMBASE.dll
0x00007ffe5e270000 - 0x00007ffe5e279000 	C:\Windows\system32\NSI.dll
0x00007ffe5cf00000 - 0x00007ffe5cf4a000 	C:\Windows\SYSTEM32\cfgmgr32.dll
0x00007ffe5baf0000 - 0x00007ffe5bb16000 	C:\Windows\SYSTEM32\DEVOBJ.dll
0x000000005c860000 - 0x000000005c86f000 	C:\Program Files\Java\jdk1.8.0_92\jre\bin\verify.dll
0x000000005c830000 - 0x000000005c859000 	C:\Program Files\Java\jdk1.8.0_92\jre\bin\java.dll
0x000000005c810000 - 0x000000005c826000 	C:\Program Files\Java\jdk1.8.0_92\jre\bin\zip.dll

VM Arguments:
jvm_args: -Djava.awt.headless=true -Xmx1024M -Dfile.encoding=windows-1252 -Duser.country=US -Duser.language=en -Duser.variant 
java_command: com.android.dx.command.Main --dex --force-jumbo --num-threads=4 --output C:\Zooket\app\build\intermediates\pre-dexed\debug\com.android.support-design-23.4.0_55f6bf198495ed160302d6fdc73c65d7af5889f1.jar C:\Zooket\app\build\intermediates\exploded-aar\com.android.support\design\23.4.0\jars\classes.jar
java_class_path (initial): C:\android-sdk-windows\build-tools\24.0.3\lib\dx.jar
Launcher Type: SUN_STANDARD

Environment Variables:
PATH=C:\ProgramData\Oracle\Java\javapath;C:\Windows\system32;C:\Windows;C:\Windows\System32\Wbem;C:\Windows\System32\WindowsPowerShell\v1.0\;C:\Program Files (x86)\NVIDIA Corporation\PhysX\Common;C:\Program Files (x86)\Windows Kits\8.1\Windows Performance Toolkit\;C:\Program Files\Microsoft SQL Server\110\Tools\Binn\;C:\Program Files\Microsoft SQL Server\110\DTS\Binn\;C:\Program Files (x86)\Microsoft SQL Server\110\Tools\Binn\;C:\Program Files (x86)\Microsoft SQL Server\110\Tools\Binn\ManagementStudio\;C:\Program Files (x86)\Microsoft Visual Studio 10.0\Common7\IDE\PrivateAssemblies\;C:\Program Files (x86)\Microsoft SQL Server\110\DTS\Binn\;C:\Program Files (x86)\GtkSharp\2.12\bin;C:\Program Files (x86)\QuickTime\QTSystem\
USERNAME=Smo
OS=Windows_NT
PROCESSOR_IDENTIFIER=Intel64 Family 6 Model 94 Stepping 3, GenuineIntel



---------------  S Y S T E M  ---------------

OS: Windows 8.1 , 64 bit Build 9600 (6.3.9600.17056)

CPU:total 4 (4 cores per cpu, 1 threads per core) family 6 model 94 stepping 3, cmov, cx8, fxsr, mmx, sse, sse2, sse3, ssse3, sse4.1, sse4.2, popcnt, avx, avx2, aes, clmul, erms, 3dnowpref, lzcnt, tsc, tscinvbit, bmi1, bmi2, adx

Memory: 4k page, physical 8266404k(1525224k free), swap 8266404k(5776k free)

vm_info: Java HotSpot(TM) 64-Bit Server VM (25.92-b14) for windows-amd64 JRE (1.8.0_92-b14), built on Mar 31 2016 21:03:04 by "java_re" with MS VC++ 10.0 (VS2010)

time: Wed May 10 12:03:02 2017
elapsed time: 3 seconds (0d 0h 0m 3s)

