#
# There is insufficient memory for the Java Runtime Environment to continue.
# Native memory allocation (malloc) failed to allocate 32744 bytes for ChunkPool::allocate
# Possible reasons:
#   The system is out of physical RAM or swap space
#   In 32 bit mode, the process size limit was hit
# Possible solutions:
#   Reduce memory load on the system
#   Increase physical memory or swap space
#   Check if swap backing store is full
#   Use 64 bit Java on a 64 bit OS
#   Decrease Java heap size (-Xmx/-Xms)
#   Decrease number of Java threads
#   Decrease Java thread stack sizes (-Xss)
#   Set larger code cache with -XX:ReservedCodeCacheSize=
# This output file may be truncated or incomplete.
#
#  Out of Memory Error (allocation.cpp:273), pid=5792, tid=0x00000000000027fc
#
# JRE version: Java(TM) SE Runtime Environment (8.0_92-b14) (build 1.8.0_92-b14)
# Java VM: Java HotSpot(TM) 64-Bit Server VM (25.92-b14 mixed mode windows-amd64 compressed oops)
# Failed to write core dump. Minidumps are not enabled by default on client versions of Windows
#

---------------  T H R E A D  ---------------

Current thread (0x0000000014b5e000):  JavaThread "C2 CompilerThread0" daemon [_thread_in_native, id=10236, stack(0x00000000161a0000,0x00000000162a0000)]

Stack: [0x00000000161a0000,0x00000000162a0000]
[error occurred during error reporting (printing stack bounds), id 0xc0000005]

Native frames: (J=compiled Java code, j=interpreted, Vv=VM code, C=native code)


Current CompileTask:
C2:   2111 1348   !   4       com.android.dx.cf.code.BytecodeArray::parseInstruction (2764 bytes)


---------------  P R O C E S S  ---------------

Java Threads: ( => current thread )
  0x0000000016605000 JavaThread "pool-2-thread-4" [_thread_blocked, id=1556, stack(0x0000000016ea0000,0x0000000016fa0000)]
  0x0000000016604000 JavaThread "pool-2-thread-3" [_thread_in_Java, id=4296, stack(0x0000000016da0000,0x0000000016ea0000)]
  0x00000000166be800 JavaThread "pool-2-thread-2" [_thread_blocked, id=6408, stack(0x0000000016ca0000,0x0000000016da0000)]
  0x00000000166bd800 JavaThread "pool-3-thread-1" [_thread_blocked, id=3268, stack(0x0000000016ba0000,0x0000000016ca0000)]
  0x00000000166bd000 JavaThread "pool-2-thread-1" [_thread_blocked, id=9264, stack(0x0000000016aa0000,0x0000000016ba0000)]
  0x00000000163a6800 JavaThread "Service Thread" daemon [_thread_blocked, id=9472, stack(0x00000000168a0000,0x00000000169a0000)]
  0x00000000163a1000 JavaThread "C1 CompilerThread2" daemon [_thread_blocked, id=8900, stack(0x00000000167a0000,0x00000000168a0000)]
  0x0000000014bb7800 JavaThread "C2 CompilerThread1" daemon [_thread_in_native, id=9868, stack(0x00000000162a0000,0x00000000163a0000)]
=>0x0000000014b5e000 JavaThread "C2 CompilerThread0" daemon [_thread_in_native, id=10236, stack(0x00000000161a0000,0x00000000162a0000)]
  0x0000000014b5c000 JavaThread "Attach Listener" daemon [_thread_blocked, id=7400, stack(0x00000000160a0000,0x00000000161a0000)]
  0x0000000014b5b000 JavaThread "Signal Dispatcher" daemon [_thread_blocked, id=2404, stack(0x0000000015fa0000,0x00000000160a0000)]
  0x0000000014b4a800 JavaThread "Finalizer" daemon [_thread_blocked, id=7692, stack(0x0000000015dc0000,0x0000000015ec0000)]
  0x0000000002480800 JavaThread "Reference Handler" daemon [_thread_blocked, id=6864, stack(0x0000000015cc0000,0x0000000015dc0000)]
  0x0000000002392800 JavaThread "main" [_thread_blocked, id=7028, stack(0x00000000021d0000,0x00000000022d0000)]

Other Threads:
  0x0000000014b28800 VMThread [stack: 0x0000000015bc0000,0x0000000015cc0000] [id=1764]
  0x00000000163c9800 WatcherThread [stack: 0x00000000169a0000,0x0000000016aa0000] [id=9816]

VM state:not at safepoint (normal execution)

VM Mutex/Monitor currently owned by a thread: None

Heap:
 PSYoungGen      total 38400K, used 24725K [0x00000000eab00000, 0x00000000ed580000, 0x0000000100000000)
  eden space 33280K, 58% used [0x00000000eab00000,0x00000000ebe2c958,0x00000000ecb80000)
  from space 5120K, 99% used [0x00000000ed080000,0x00000000ed578e08,0x00000000ed580000)
  to   space 5120K, 0% used [0x00000000ecb80000,0x00000000ecb80000,0x00000000ed080000)
 ParOldGen       total 87552K, used 5705K [0x00000000c0000000, 0x00000000c5580000, 0x00000000eab00000)
  object space 87552K, 6% used [0x00000000c0000000,0x00000000c0592698,0x00000000c5580000)
 Metaspace       used 6112K, capacity 7026K, committed 7296K, reserved 1056768K
  class space    used 604K, capacity 618K, committed 640K, reserved 1048576K

Card table byte_map: [0x0000000011850000,0x0000000011a60000] byte_map_base: 0x0000000011250000

Marking Bits: (ParMarkBitMap*) 0x000000005ab964f0
 Begin Bits: [0x0000000011fc0000, 0x0000000012fc0000)
 End Bits:   [0x0000000012fc0000, 0x0000000013fc0000)

Polling page: 0x0000000000a00000

CodeCache: size=245760Kb used=5389Kb max_used=5389Kb free=240370Kb
 bounds [0x0000000002490000, 0x00000000029e0000, 0x0000000011490000]
 total_blobs=1611 nmethods=1342 adapters=182
 compilation: enabled

Compilation events (10 events):
Event: 1.997 Thread 0x00000000163a1000 nmethod 1357 0x00000000029add90 code [0x00000000029adf00, 0x00000000029ae068]
Event: 1.997 Thread 0x00000000163a1000 1358       2       java.util.TreeMap$EntryIterator::next (5 bytes)
Event: 1.997 Thread 0x00000000163a1000 nmethod 1358 0x00000000029ada10 code [0x00000000029adb80, 0x00000000029adce8]
Event: 1.997 Thread 0x00000000163a1000 1345       3       java.util.HashMap::tableSizeFor (59 bytes)
Event: 1.997 Thread 0x00000000163a1000 nmethod 1345 0x00000000029ad610 code [0x00000000029ad780, 0x00000000029ad990]
Event: 1.997 Thread 0x00000000163a1000 1347       3       java.util.HashMap$HashIterator::hasNext (13 bytes)
Event: 1.997 Thread 0x00000000163a1000 nmethod 1347 0x00000000029ba590 code [0x00000000029ba6e0, 0x00000000029ba890]
Event: 1.997 Thread 0x00000000163a1000 1344       3       com.android.dx.cf.code.Simulator$SimVisitor::visitNoArgs (2136 bytes)
Event: 2.003 Thread 0x00000000163a1000 nmethod 1344 0x00000000029c6710 code [0x00000000029c7600, 0x00000000029d3308]
Event: 2.003 Thread 0x00000000163a1000 1368       2       com.android.dx.ssa.SCCP::simulateBranch (666 bytes)

GC Heap History (4 events):
Event: 1.824 GC heap before
{Heap before GC invocations=1 (full 0):
 PSYoungGen      total 38400K, used 33280K [0x00000000eab00000, 0x00000000ed580000, 0x0000000100000000)
  eden space 33280K, 100% used [0x00000000eab00000,0x00000000ecb80000,0x00000000ecb80000)
  from space 5120K, 0% used [0x00000000ed080000,0x00000000ed080000,0x00000000ed580000)
  to   space 5120K, 0% used [0x00000000ecb80000,0x00000000ecb80000,0x00000000ed080000)
 ParOldGen       total 87552K, used 0K [0x00000000c0000000, 0x00000000c5580000, 0x00000000eab00000)
  object space 87552K, 0% used [0x00000000c0000000,0x00000000c0000000,0x00000000c5580000)
 Metaspace       used 6015K, capacity 6898K, committed 7040K, reserved 1056768K
  class space    used 604K, capacity 618K, committed 640K, reserved 1048576K
Event: 1.833 GC heap after
Heap after GC invocations=1 (full 0):
 PSYoungGen      total 38400K, used 5092K [0x00000000eab00000, 0x00000000ed580000, 0x0000000100000000)
  eden space 33280K, 0% used [0x00000000eab00000,0x00000000eab00000,0x00000000ecb80000)
  from space 5120K, 99% used [0x00000000ecb80000,0x00000000ed0792b0,0x00000000ed080000)
  to   space 5120K, 0% used [0x00000000ed080000,0x00000000ed080000,0x00000000ed580000)
 ParOldGen       total 87552K, used 1283K [0x00000000c0000000, 0x00000000c5580000, 0x00000000eab00000)
  object space 87552K, 1% used [0x00000000c0000000,0x00000000c0140f48,0x00000000c5580000)
 Metaspace       used 6015K, capacity 6898K, committed 7040K, reserved 1056768K
  class space    used 604K, capacity 618K, committed 640K, reserved 1048576K
}
Event: 2.004 GC heap before
{Heap before GC invocations=2 (full 0):
 PSYoungGen      total 38400K, used 38372K [0x00000000eab00000, 0x00000000ed580000, 0x0000000100000000)
  eden space 33280K, 100% used [0x00000000eab00000,0x00000000ecb80000,0x00000000ecb80000)
  from space 5120K, 99% used [0x00000000ecb80000,0x00000000ed0792b0,0x00000000ed080000)
  to   space 5120K, 0% used [0x00000000ed080000,0x00000000ed080000,0x00000000ed580000)
 ParOldGen       total 87552K, used 1283K [0x00000000c0000000, 0x00000000c5580000, 0x00000000eab00000)
  object space 87552K, 1% used [0x00000000c0000000,0x00000000c0140f48,0x00000000c5580000)
 Metaspace       used 6110K, capacity 7026K, committed 7296K, reserved 1056768K
  class space    used 604K, capacity 618K, committed 640K, reserved 1048576K
Event: 2.039 GC heap after
Heap after GC invocations=2 (full 0):
 PSYoungGen      total 38400K, used 5091K [0x00000000eab00000, 0x00000000ed580000, 0x0000000100000000)
  eden space 33280K, 0% used [0x00000000eab00000,0x00000000eab00000,0x00000000ecb80000)
  from space 5120K, 99% used [0x00000000ed080000,0x00000000ed578e08,0x00000000ed580000)
  to   space 5120K, 0% used [0x00000000ecb80000,0x00000000ecb80000,0x00000000ed080000)
 ParOldGen       total 87552K, used 5705K [0x00000000c0000000, 0x00000000c5580000, 0x00000000eab00000)
  object space 87552K, 6% used [0x00000000c0000000,0x00000000c0592698,0x00000000c5580000)
 Metaspace       used 6110K, capacity 7026K, committed 7296K, reserved 1056768K
  class space    used 604K, capacity 618K, committed 640K, reserved 1048576K
}

Deoptimization events (9 events):
Event: 1.332 Thread 0x0000000016605000 Uncommon trap: reason=unstable_if action=reinterpret pc=0x00000000026a34c4 method=java.util.HashMap.getNode(ILjava/lang/Object;)Ljava/util/HashMap$Node; @ 62
Event: 1.390 Thread 0x0000000002392800 Uncommon trap: reason=bimorphic action=maybe_recompile pc=0x00000000026dca5c method=java.util.HashMap.getNode(ILjava/lang/Object;)Ljava/util/HashMap$Node; @ 126
Event: 1.636 Thread 0x00000000166bd000 Uncommon trap: reason=unstable_if action=reinterpret pc=0x0000000002831d2c method=com.android.dx.rop.code.RegisterSpecSet.put(Lcom/android/dx/rop/code/RegisterSpec;)V @ 77
Event: 1.636 Thread 0x00000000166bd000 Uncommon trap: reason=unstable_if action=reinterpret pc=0x00000000028509d8 method=com.android.dx.rop.code.RegisterSpecSet.put(Lcom/android/dx/rop/code/RegisterSpec;)V @ 77
Event: 1.840 Thread 0x0000000016604000 Uncommon trap: reason=bimorphic action=maybe_recompile pc=0x00000000026dca5c method=java.util.HashMap.getNode(ILjava/lang/Object;)Ljava/util/HashMap$Node; @ 126
Event: 1.999 Thread 0x0000000016605000 Uncommon trap: reason=unstable_if action=reinterpret pc=0x00000000029bffd8 method=com.android.dx.ssa.SCCP.simulateBranch(Lcom/android/dx/ssa/SsaInsn;)V @ 64
Event: 2.003 Thread 0x0000000016604000 Uncommon trap: reason=unstable_if action=reinterpret pc=0x0000000002788c9c method=com.android.dx.rop.cst.Constant.compareTo(Lcom/android/dx/rop/cst/Constant;)I @ 12
Event: 2.049 Thread 0x0000000016604000 Uncommon trap: reason=bimorphic action=maybe_recompile pc=0x00000000026dca5c method=java.util.HashMap.getNode(ILjava/lang/Object;)Ljava/util/HashMap$Node; @ 126
Event: 2.063 Thread 0x0000000016605000 Uncommon trap: reason=bimorphic action=maybe_recompile pc=0x00000000026dca5c method=java.util.HashMap.getNode(ILjava/lang/Object;)Ljava/util/HashMap$Node; @ 126

Internal exceptions (2 events):
Event: 0.145 Thread 0x0000000002392800 Exception <a 'java/lang/NoSuchMethodError': Method sun.misc.Unsafe.defineClass(Ljava/lang/String;[BII)Ljava/lang/Class; name or signature does not match> (0x00000000eab07cc0) thrown at [D:\re\workspace\8-2-build-windows-amd64-cygwin\jdk8u92\6642\hotspot\sró¿q2è¬?
Event: 0.145 Thread 0x0000000002392800 Exception <a 'java/lang/NoSuchMethodError': Method sun.misc.Unsafe.prefetchRead(Ljava/lang/Object;J)V name or signature does not match> (0x00000000eab07fa8) thrown at [D:\re\workspace\8-2-build-windows-amd64-cygwin\jdk8u92\6642\hotspot\src\share\vm\prims\j

Events (10 events):
Event: 2.003 Thread 0x0000000016604000 DEOPT PACKING pc=0x0000000002788c9c sp=0x0000000016e9e980
Event: 2.003 Thread 0x0000000016604000 DEOPT UNPACKING pc=0x00000000024d582a sp=0x0000000016e9e920 mode 2
Event: 2.004 Executing VM operation: ParallelGCFailedAllocation
Event: 2.039 Executing VM operation: ParallelGCFailedAllocation done
Event: 2.049 Thread 0x0000000016604000 Uncommon trap: trap_request=0xffffffc6 fr.pc=0x00000000026dca5c
Event: 2.049 Thread 0x0000000016604000 DEOPT PACKING pc=0x00000000026dca5c sp=0x0000000016e9ecc0
Event: 2.049 Thread 0x0000000016604000 DEOPT UNPACKING pc=0x00000000024d582a sp=0x0000000016e9ebd8 mode 2
Event: 2.063 Thread 0x0000000016605000 Uncommon trap: trap_request=0xffffffc6 fr.pc=0x00000000026dca5c
Event: 2.063 Thread 0x0000000016605000 DEOPT PACKING pc=0x00000000026dca5c sp=0x0000000016f9e740
Event: 2.063 Thread 0x0000000016605000 DEOPT UNPACKING pc=0x00000000024d582a sp=0x0000000016f9e668 mode 2


Dynamic libraries:
0x00007ff61f2f0000 - 0x00007ff61f327000 	C:\Program Files\Java\jdk1.8.0_92\bin\java.exe
0x00007ffa9ddd0000 - 0x00007ffa9df7a000 	C:\Windows\SYSTEM32\ntdll.dll
0x00007ffa9d870000 - 0x00007ffa9d9aa000 	C:\Windows\system32\KERNEL32.DLL
0x00007ffa9b260000 - 0x00007ffa9b36f000 	C:\Windows\system32\KERNELBASE.dll
0x00007ffa99d70000 - 0x00007ffa99df8000 	C:\Windows\system32\apphelp.dll
0x00007ffa72e10000 - 0x00007ffa72e5f000 	C:\Windows\AppPatch\AppPatch64\AcGenral.DLL
0x00007ffa9d250000 - 0x00007ffa9d2f7000 	C:\Windows\system32\msvcrt.dll
0x00007ffa9af80000 - 0x00007ffa9afab000 	C:\Windows\SYSTEM32\SspiCli.dll
0x00007ffa9d520000 - 0x00007ffa9d571000 	C:\Windows\system32\SHLWAPI.dll
0x00007ffa9d300000 - 0x00007ffa9d471000 	C:\Windows\system32\USER32.dll
0x00007ffa9d9b0000 - 0x00007ffa9db28000 	C:\Windows\system32\ole32.dll
0x00007ffa9bc30000 - 0x00007ffa9d047000 	C:\Windows\system32\SHELL32.dll
0x00007ffa9a7b0000 - 0x00007ffa9a7ce000 	C:\Windows\SYSTEM32\USERENV.dll
0x00007ffa9d5c0000 - 0x00007ffa9d665000 	C:\Windows\system32\ADVAPI32.dll
0x00007ffa96070000 - 0x00007ffa9608b000 	C:\Windows\SYSTEM32\MPR.dll
0x00007ffa9db40000 - 0x00007ffa9dc76000 	C:\Windows\system32\RPCRT4.dll
0x00007ffa9d1f0000 - 0x00007ffa9d247000 	C:\Windows\SYSTEM32\sechost.dll
0x00007ffa9b660000 - 0x00007ffa9b836000 	C:\Windows\SYSTEM32\combase.dll
0x00007ffa9dc80000 - 0x00007ffa9ddc5000 	C:\Windows\system32\GDI32.dll
0x00007ffa9b140000 - 0x00007ffa9b154000 	C:\Windows\SYSTEM32\profapi.dll
0x00007ffa997a0000 - 0x00007ffa9983f000 	C:\Windows\SYSTEM32\SHCORE.dll
0x00007ffa9d580000 - 0x00007ffa9d5b4000 	C:\Windows\system32\IMM32.DLL
0x00007ffa9d670000 - 0x00007ffa9d7a9000 	C:\Windows\system32\MSCTF.dll
0x00007ffa98e90000 - 0x00007ffa990ea000 	C:\Windows\WinSxS\amd64_microsoft.windows.common-controls_6595b64144ccf1df_6.0.9600.17031_none_6242a4b3ecbb55a1\COMCTL32.dll
0x0000000059ad0000 - 0x0000000059ba2000 	C:\Program Files\Java\jdk1.8.0_92\jre\bin\msvcr100.dll
0x000000005a380000 - 0x000000005ac16000 	C:\Program Files\Java\jdk1.8.0_92\jre\bin\server\jvm.dll
0x00007ffa8e650000 - 0x00007ffa8e659000 	C:\Windows\SYSTEM32\WSOCK32.dll
0x00007ffa8aa90000 - 0x00007ffa8aaaf000 	C:\Windows\SYSTEM32\WINMM.dll
0x00007ffa98e50000 - 0x00007ffa98e5a000 	C:\Windows\SYSTEM32\VERSION.dll
0x00007ffa9b650000 - 0x00007ffa9b657000 	C:\Windows\system32\PSAPI.DLL
0x00007ffa9d060000 - 0x00007ffa9d0b8000 	C:\Windows\system32\WS2_32.dll
0x00007ffa8aa60000 - 0x00007ffa8aa8a000 	C:\Windows\SYSTEM32\WINMMBASE.dll
0x00007ffa9bc20000 - 0x00007ffa9bc29000 	C:\Windows\system32\NSI.dll
0x00007ffa9b600000 - 0x00007ffa9b64a000 	C:\Windows\SYSTEM32\cfgmgr32.dll
0x00007ffa99fc0000 - 0x00007ffa99fe6000 	C:\Windows\SYSTEM32\DEVOBJ.dll
0x000000005a370000 - 0x000000005a37f000 	C:\Program Files\Java\jdk1.8.0_92\jre\bin\verify.dll
0x000000005a340000 - 0x000000005a369000 	C:\Program Files\Java\jdk1.8.0_92\jre\bin\java.dll
0x000000005a320000 - 0x000000005a336000 	C:\Program Files\Java\jdk1.8.0_92\jre\bin\zip.dll

VM Arguments:
jvm_args: -Djava.awt.headless=true -Xmx1024M -Dfile.encoding=windows-1252 -Duser.country=US -Duser.language=en -Duser.variant 
java_command: com.android.dx.command.Main --dex --force-jumbo --num-threads=4 --multi-dex --output C:\Zooket\app\build\intermediates\transforms\dex\debug\folders\1000\10\com.android.support-appcompat-v7-23.4.0_fda78873d11546ce0404252f8f37bf8df30f60cc C:\Zooket\app\build\intermediates\exploded-aar\com.android.support\appcompat-v7\23.4.0\jars\classes.jar
java_class_path (initial): C:\android-sdk-windows\build-tools\24.0.3\lib\dx.jar
Launcher Type: SUN_STANDARD

Environment Variables:
PATH=C:\ProgramData\Oracle\Java\javapath;C:\Windows\system32;C:\Windows;C:\Windows\System32\Wbem;C:\Windows\System32\WindowsPowerShell\v1.0\;C:\Program Files (x86)\NVIDIA Corporation\PhysX\Common;C:\Program Files (x86)\Windows Kits\8.1\Windows Performance Toolkit\;C:\Program Files\Microsoft SQL Server\110\Tools\Binn\;C:\Program Files\Microsoft SQL Server\110\DTS\Binn\;C:\Program Files (x86)\Microsoft SQL Server\110\Tools\Binn\;C:\Program Files (x86)\Microsoft SQL Server\110\Tools\Binn\ManagementStudio\;C:\Program Files (x86)\Microsoft Visual Studio 10.0\Common7\IDE\PrivateAssemblies\;C:\Program Files (x86)\Microsoft SQL Server\110\DTS\Binn\;C:\Program Files (x86)\GtkSharp\2.12\bin;C:\Program Files (x86)\QuickTime\QTSystem\
USERNAME=Smo
OS=Windows_NT
PROCESSOR_IDENTIFIER=Intel64 Family 6 Model 94 Stepping 3, GenuineIntel



---------------  S Y S T E M  ---------------

OS: Windows 8.1 , 64 bit Build 9600 (6.3.9600.17056)

CPU:total 4 (4 cores per cpu, 1 threads per core) family 6 model 94 stepping 3, cmov, cx8, fxsr, mmx, sse, sse2, sse3, ssse3, sse4.1, sse4.2, popcnt, avx, avx2, aes, clmul, erms, 3dnowpref, lzcnt, tsc, tscinvbit, bmi1, bmi2, adx

Memory: 4k page, physical 8266404k(890144k free), swap 8266404k(5120k free)

vm_info: Java HotSpot(TM) 64-Bit Server VM (25.92-b14) for windows-amd64 JRE (1.8.0_92-b14), built on Mar 31 2016 21:03:04 by "java_re" with MS VC++ 10.0 (VS2010)

time: Sat May 13 20:05:58 2017
elapsed time: 2 seconds (0d 0h 0m 2s)

