#
# There is insufficient memory for the Java Runtime Environment to continue.
# Native memory allocation (malloc) failed to allocate 696496 bytes for Chunk::new
# Possible reasons:
#   The system is out of physical RAM or swap space
#   In 32 bit mode, the process size limit was hit
# Possible solutions:
#   Reduce memory load on the system
#   Increase physical memory or swap space
#   Check if swap backing store is full
#   Use 64 bit Java on a 64 bit OS
#   Decrease Java heap size (-Xmx/-Xms)
#   Decrease number of Java threads
#   Decrease Java thread stack sizes (-Xss)
#   Set larger code cache with -XX:ReservedCodeCacheSize=
# This output file may be truncated or incomplete.
#
#  Out of Memory Error (allocation.cpp:390), pid=4616, tid=0x0000000000000960
#
# JRE version: Java(TM) SE Runtime Environment (8.0_92-b14) (build 1.8.0_92-b14)
# Java VM: Java HotSpot(TM) 64-Bit Server VM (25.92-b14 mixed mode windows-amd64 compressed oops)
# Failed to write core dump. Minidumps are not enabled by default on client versions of Windows
#

---------------  T H R E A D  ---------------

Current thread (0x0000000014b77800):  JavaThread "C2 CompilerThread1" daemon [_thread_in_native, id=2400, stack(0x0000000016260000,0x0000000016360000)]

Stack: [0x0000000016260000,0x0000000016360000]
[error occurred during error reporting (printing stack bounds), id 0xc0000005]

Native frames: (J=compiled Java code, j=interpreted, Vv=VM code, C=native code)


Current CompileTask:
C2:   6035 1635       4       com.android.dx.rop.code.LocalVariableExtractor::processBlock (327 bytes)


---------------  P R O C E S S  ---------------

Java Threads: ( => current thread )
  0x0000000016366800 JavaThread "Service Thread" daemon [_thread_blocked, id=8204, stack(0x0000000016860000,0x0000000016960000)]
  0x0000000016361000 JavaThread "C1 CompilerThread2" daemon [_thread_blocked, id=6976, stack(0x0000000016760000,0x0000000016860000)]
=>0x0000000014b77800 JavaThread "C2 CompilerThread1" daemon [_thread_in_native, id=2400, stack(0x0000000016260000,0x0000000016360000)]
  0x0000000014b1e000 JavaThread "C2 CompilerThread0" daemon [_thread_in_native, id=6300, stack(0x0000000016160000,0x0000000016260000)]
  0x0000000014b1c000 JavaThread "Attach Listener" daemon [_thread_blocked, id=8476, stack(0x0000000016060000,0x0000000016160000)]
  0x0000000014b1b000 JavaThread "Signal Dispatcher" daemon [_thread_blocked, id=4500, stack(0x0000000015f60000,0x0000000016060000)]
  0x0000000014b0a800 JavaThread "Finalizer" daemon [_thread_blocked, id=6296, stack(0x0000000015d80000,0x0000000015e80000)]
  0x0000000002440800 JavaThread "Reference Handler" daemon [_thread_blocked, id=7516, stack(0x0000000015c80000,0x0000000015d80000)]
  0x0000000002352800 JavaThread "main" [_thread_in_vm, id=6932, stack(0x0000000002200000,0x0000000002300000)]

Other Threads:
  0x0000000014ae8800 VMThread [stack: 0x0000000015b80000,0x0000000015c80000] [id=6988]
  0x0000000016382800 WatcherThread [stack: 0x0000000016960000,0x0000000016a60000] [id=8668]

VM state:not at safepoint (normal execution)

VM Mutex/Monitor currently owned by a thread: None

Heap:
 PSYoungGen      total 71680K, used 13526K [0x00000000eab00000, 0x00000000f3700000, 0x0000000100000000)
  eden space 66560K, 12% used [0x00000000eab00000,0x00000000eb33ca20,0x00000000eec00000)
  from space 5120K, 99% used [0x00000000eec00000,0x00000000ef0f90f8,0x00000000ef100000)
  to   space 5120K, 0% used [0x00000000f3200000,0x00000000f3200000,0x00000000f3700000)
 ParOldGen       total 87552K, used 30798K [0x00000000c0000000, 0x00000000c5580000, 0x00000000eab00000)
  object space 87552K, 35% used [0x00000000c0000000,0x00000000c1e13a90,0x00000000c5580000)
 Metaspace       used 6174K, capacity 7094K, committed 7296K, reserved 1056768K
  class space    used 608K, capacity 622K, committed 640K, reserved 1048576K

Card table byte_map: [0x0000000011810000,0x0000000011a20000] byte_map_base: 0x0000000011210000

Marking Bits: (ParMarkBitMap*) 0x0000000064b864f0
 Begin Bits: [0x0000000011f80000, 0x0000000012f80000)
 End Bits:   [0x0000000012f80000, 0x0000000013f80000)

Polling page: 0x0000000000990000

CodeCache: size=245760Kb used=7176Kb max_used=7185Kb free=238583Kb
 bounds [0x0000000002450000, 0x0000000002b60000, 0x0000000011450000]
 total_blobs=1859 nmethods=1589 adapters=182
 compilation: enabled

Compilation events (10 events):
Event: 5.966 Thread 0x0000000014b77800 nmethod 1626 0x0000000002b43f10 code [0x0000000002b44060, 0x0000000002b441d8]
Event: 5.967 Thread 0x0000000014b77800 1627       4       com.android.dx.ssa.back.SsaToRop$1::visitBlock (97 bytes)
Event: 5.976 Thread 0x0000000014b1e000 nmethod 1625% 0x0000000002b564d0 code [0x0000000002b56700, 0x0000000002b573c0]
Event: 5.976 Thread 0x0000000014b1e000 1628 %     4       com.android.dx.ssa.SsaMethod::forEachBlockDepthFirst @ 62 (194 bytes)
Event: 5.988 Thread 0x0000000014b77800 nmethod 1627 0x0000000002b585d0 code [0x0000000002b587e0, 0x0000000002b597e8]
Event: 5.988 Thread 0x0000000014b77800 1635       4       com.android.dx.rop.code.LocalVariableExtractor::processBlock (327 bytes)
Event: 5.990 Thread 0x0000000016361000 1644       2       com.android.dx.dex.code.RopTranslator$TranslationVisitor::visitThrowingInsn (118 bytes)
Event: 5.991 Thread 0x0000000016361000 nmethod 1644 0x0000000002b27550 code [0x0000000002b277a0, 0x0000000002b27f08]
Event: 5.993 Thread 0x0000000016361000 1646       2       java.util.concurrent.locks.ReentrantLock::unlock (10 bytes)
Event: 5.993 Thread 0x0000000016361000 nmethod 1646 0x0000000002b43a10 code [0x0000000002b43b80, 0x0000000002b43d78]

GC Heap History (6 events):
Event: 0.859 GC heap before
{Heap before GC invocations=1 (full 0):
 PSYoungGen      total 38400K, used 33280K [0x00000000eab00000, 0x00000000ed580000, 0x0000000100000000)
  eden space 33280K, 100% used [0x00000000eab00000,0x00000000ecb80000,0x00000000ecb80000)
  from space 5120K, 0% used [0x00000000ed080000,0x00000000ed080000,0x00000000ed580000)
  to   space 5120K, 0% used [0x00000000ecb80000,0x00000000ecb80000,0x00000000ed080000)
 ParOldGen       total 87552K, used 0K [0x00000000c0000000, 0x00000000c5580000, 0x00000000eab00000)
  object space 87552K, 0% used [0x00000000c0000000,0x00000000c0000000,0x00000000c5580000)
 Metaspace       used 6031K, capacity 6962K, committed 7040K, reserved 1056768K
  class space    used 603K, capacity 618K, committed 640K, reserved 1048576K
Event: 0.881 GC heap after
Heap after GC invocations=1 (full 0):
 PSYoungGen      total 38400K, used 5099K [0x00000000eab00000, 0x00000000ef600000, 0x0000000100000000)
  eden space 33280K, 0% used [0x00000000eab00000,0x00000000eab00000,0x00000000ecb80000)
  from space 5120K, 99% used [0x00000000ecb80000,0x00000000ed07ada0,0x00000000ed080000)
  to   space 5120K, 0% used [0x00000000ef100000,0x00000000ef100000,0x00000000ef600000)
 ParOldGen       total 87552K, used 1446K [0x00000000c0000000, 0x00000000c5580000, 0x00000000eab00000)
  object space 87552K, 1% used [0x00000000c0000000,0x00000000c0169aa0,0x00000000c5580000)
 Metaspace       used 6031K, capacity 6962K, committed 7040K, reserved 1056768K
  class space    used 603K, capacity 618K, committed 640K, reserved 1048576K
}
Event: 1.292 GC heap before
{Heap before GC invocations=2 (full 0):
 PSYoungGen      total 38400K, used 38379K [0x00000000eab00000, 0x00000000ef600000, 0x0000000100000000)
  eden space 33280K, 100% used [0x00000000eab00000,0x00000000ecb80000,0x00000000ecb80000)
  from space 5120K, 99% used [0x00000000ecb80000,0x00000000ed07ada0,0x00000000ed080000)
  to   space 5120K, 0% used [0x00000000ef100000,0x00000000ef100000,0x00000000ef600000)
 ParOldGen       total 87552K, used 1446K [0x00000000c0000000, 0x00000000c5580000, 0x00000000eab00000)
  object space 87552K, 1% used [0x00000000c0000000,0x00000000c0169aa0,0x00000000c5580000)
 Metaspace       used 6118K, capacity 7028K, committed 7296K, reserved 1056768K
  class space    used 605K, capacity 620K, committed 640K, reserved 1048576K
Event: 1.415 GC heap after
Heap after GC invocations=2 (full 0):
 PSYoungGen      total 71680K, used 5100K [0x00000000eab00000, 0x00000000ef600000, 0x0000000100000000)
  eden space 66560K, 0% used [0x00000000eab00000,0x00000000eab00000,0x00000000eec00000)
  from space 5120K, 99% used [0x00000000ef100000,0x00000000ef5fb280,0x00000000ef600000)
  to   space 5120K, 0% used [0x00000000eec00000,0x00000000eec00000,0x00000000ef100000)
 ParOldGen       total 87552K, used 6524K [0x00000000c0000000, 0x00000000c5580000, 0x00000000eab00000)
  object space 87552K, 7% used [0x00000000c0000000,0x00000000c065f1b0,0x00000000c5580000)
 Metaspace       used 6118K, capacity 7028K, committed 7296K, reserved 1056768K
  class space    used 605K, capacity 620K, committed 640K, reserved 1048576K
}
Event: 4.640 GC heap before
{Heap before GC invocations=3 (full 0):
 PSYoungGen      total 71680K, used 71660K [0x00000000eab00000, 0x00000000ef600000, 0x0000000100000000)
  eden space 66560K, 100% used [0x00000000eab00000,0x00000000eec00000,0x00000000eec00000)
  from space 5120K, 99% used [0x00000000ef100000,0x00000000ef5fb280,0x00000000ef600000)
  to   space 5120K, 0% used [0x00000000eec00000,0x00000000eec00000,0x00000000ef100000)
 ParOldGen       total 87552K, used 6524K [0x00000000c0000000, 0x00000000c5580000, 0x00000000eab00000)
  object space 87552K, 7% used [0x00000000c0000000,0x00000000c065f1b0,0x00000000c5580000)
 Metaspace       used 6162K, capacity 7092K, committed 7296K, reserved 1056768K
  class space    used 607K, capacity 620K, committed 640K, reserved 1048576K
Event: 5.963 GC heap after
Heap after GC invocations=3 (full 0):
 PSYoungGen      total 71680K, used 5092K [0x00000000eab00000, 0x00000000f3700000, 0x0000000100000000)
  eden space 66560K, 0% used [0x00000000eab00000,0x00000000eab00000,0x00000000eec00000)
  from space 5120K, 99% used [0x00000000eec00000,0x00000000ef0f90f8,0x00000000ef100000)
  to   space 5120K, 0% used [0x00000000f3200000,0x00000000f3200000,0x00000000f3700000)
 ParOldGen       total 87552K, used 30798K [0x00000000c0000000, 0x00000000c5580000, 0x00000000eab00000)
  object space 87552K, 35% used [0x00000000c0000000,0x00000000c1e13a90,0x00000000c5580000)
 Metaspace       used 6162K, capacity 7092K, committed 7296K, reserved 1056768K
  class space    used 607K, capacity 620K, committed 640K, reserved 1048576K
}

Deoptimization events (10 events):
Event: 1.416 Thread 0x00000000164fb000 Uncommon trap: reason=bimorphic action=maybe_recompile pc=0x0000000002a02e30 method=com.android.dx.cf.code.BytecodeArray.parseInstruction(ILcom/android/dx/cf/code/BytecodeArray$Visitor;)I @ 1161
Event: 1.416 Thread 0x00000000164fb000 Uncommon trap: reason=bimorphic action=maybe_recompile pc=0x0000000002a02e30 method=com.android.dx.cf.code.BytecodeArray.parseInstruction(ILcom/android/dx/cf/code/BytecodeArray$Visitor;)I @ 1161
Event: 1.416 Thread 0x00000000164fb000 Uncommon trap: reason=unstable_if action=reinterpret pc=0x000000000296aaf4 method=com.android.dx.ssa.SCCP.simulateStmt(Lcom/android/dx/ssa/SsaInsn;)V @ 435
Event: 3.307 Thread 0x00000000164ff000 Uncommon trap: reason=unstable_if action=reinterpret pc=0x00000000027fa040 method=com.android.dx.ssa.SetFactory.makeLivenessSet(I)Lcom/android/dx/util/IntSet; @ 4
Event: 3.307 Thread 0x00000000164ff000 Uncommon trap: reason=unstable_if action=reinterpret pc=0x00000000027ce09c method=com.android.dx.ssa.SetFactory.makeLivenessSet(I)Lcom/android/dx/util/IntSet; @ 4
Event: 3.307 Thread 0x00000000164ff000 Uncommon trap: reason=class_check action=maybe_recompile pc=0x0000000002809ca0 method=com.android.dx.ssa.back.InterferenceGraph.add(II)V @ 19
Event: 3.307 Thread 0x00000000164ff000 Uncommon trap: reason=class_check action=maybe_recompile pc=0x0000000002809ca0 method=com.android.dx.ssa.back.InterferenceGraph.add(II)V @ 19
Event: 3.307 Thread 0x00000000164ff000 Uncommon trap: reason=unstable_if action=reinterpret pc=0x00000000028446fc method=com.android.dx.util.IntList.binarysearch(I)I @ 105
Event: 3.307 Thread 0x00000000164ff000 Uncommon trap: reason=class_check action=maybe_recompile pc=0x0000000002809ca0 method=com.android.dx.ssa.back.InterferenceGraph.add(II)V @ 19
Event: 3.307 Thread 0x00000000164ff000 Uncommon trap: reason=class_check action=maybe_recompile pc=0x0000000002809ca0 method=com.android.dx.ssa.back.InterferenceGraph.add(II)V @ 19

Internal exceptions (4 events):
Event: 0.162 Thread 0x0000000002352800 Exception <a 'java/lang/NoSuchMethodError': Method sun.misc.Unsafe.defineClass(Ljava/lang/String;[BII)Ljava/lang/Class; name or signature does not match> (0x00000000eab07cc0) thrown at [D:\re\workspace\8-2-build-windows-amd64-cygwin\jdk8u92\6642\hotspot\sr<˙&Ñt∑ƒ?
Event: 0.162 Thread 0x0000000002352800 Exception <a 'java/lang/NoSuchMethodError': Method sun.misc.Unsafe.prefetchRead(Ljava/lang/Object;J)V name or signature does not match> (0x00000000eab07fa8) thrown at [D:\re\workspace\8-2-build-windows-amd64-cygwin\jdk8u92\6642\hotspot\src\share\vm\prims\j˝∆¶ÆçƒÊ?
Event: 0.711 Thread 0x00000000164fb000 Implicit null exception at 0x000000000276bc22 to 0x000000000276bd1a
Event: 0.825 Thread 0x00000000164f2800 Implicit null exception at 0x0000000002814921 to 0x0000000002815329

Events (10 events):
Event: 4.496 Thread 0x00000000164ff000 DEOPT PACKING pc=0x000000000297f523 sp=0x0000000016f5e920
Event: 4.496 Thread 0x00000000164ff000 DEOPT UNPACKING pc=0x000000000249787f sp=0x0000000016f5e678 mode 0
Event: 4.640 Executing VM operation: ParallelGCFailedAllocation
Event: 5.963 Executing VM operation: ParallelGCFailedAllocation done
Event: 5.992 Thread 0x00000000164ff000 Thread exited: 0x00000000164ff000
Event: 5.993 Thread 0x00000000164f8000 Thread exited: 0x00000000164f8000
Event: 5.993 loading class java/util/TreeMap$KeySet
Event: 5.993 loading class java/util/NavigableSet
Event: 5.993 loading class java/util/SortedSet
Event: 5.993 loading class java/util/SortedSet done


Dynamic libraries:
0x00007ff6479c0000 - 0x00007ff6479f7000 	C:\Program Files\Java\jdk1.8.0_92\bin\java.exe
0x00007ff9234b0000 - 0x00007ff92365a000 	C:\Windows\SYSTEM32\ntdll.dll
0x00007ff9231f0000 - 0x00007ff92332a000 	C:\Windows\system32\KERNEL32.DLL
0x00007ff920b70000 - 0x00007ff920c7f000 	C:\Windows\system32\KERNELBASE.dll
0x00007ff91f450000 - 0x00007ff91f4d8000 	C:\Windows\system32\apphelp.dll
0x00007ff8f6f90000 - 0x00007ff8f6fdf000 	C:\Windows\AppPatch\AppPatch64\AcGenral.DLL
0x00007ff922f70000 - 0x00007ff923017000 	C:\Windows\system32\msvcrt.dll
0x00007ff920660000 - 0x00007ff92068b000 	C:\Windows\SYSTEM32\SspiCli.dll
0x00007ff920d30000 - 0x00007ff920d81000 	C:\Windows\system32\SHLWAPI.dll
0x00007ff923330000 - 0x00007ff9234a1000 	C:\Windows\system32\USER32.dll
0x00007ff922950000 - 0x00007ff922ac8000 	C:\Windows\system32\ole32.dll
0x00007ff921530000 - 0x00007ff922947000 	C:\Windows\system32\SHELL32.dll
0x00007ff91fe90000 - 0x00007ff91feae000 	C:\Windows\SYSTEM32\USERENV.dll
0x00007ff923020000 - 0x00007ff9230c5000 	C:\Windows\system32\ADVAPI32.dll
0x00007ff91b780000 - 0x00007ff91b79b000 	C:\Windows\SYSTEM32\MPR.dll
0x00007ff922d50000 - 0x00007ff922e86000 	C:\Windows\system32\RPCRT4.dll
0x00007ff9212c0000 - 0x00007ff921317000 	C:\Windows\SYSTEM32\sechost.dll
0x00007ff9210e0000 - 0x00007ff9212b6000 	C:\Windows\SYSTEM32\combase.dll
0x00007ff920f80000 - 0x00007ff9210c5000 	C:\Windows\system32\GDI32.dll
0x00007ff920820000 - 0x00007ff920834000 	C:\Windows\SYSTEM32\profapi.dll
0x00007ff91ee80000 - 0x00007ff91ef1f000 	C:\Windows\SYSTEM32\SHCORE.dll
0x00007ff922b70000 - 0x00007ff922ba4000 	C:\Windows\system32\IMM32.DLL
0x00007ff9213f0000 - 0x00007ff921529000 	C:\Windows\system32\MSCTF.dll
0x00007ff91e5b0000 - 0x00007ff91e80a000 	C:\Windows\WinSxS\amd64_microsoft.windows.common-controls_6595b64144ccf1df_6.0.9600.17031_none_6242a4b3ecbb55a1\COMCTL32.dll
0x0000000063cc0000 - 0x0000000063d92000 	C:\Program Files\Java\jdk1.8.0_92\jre\bin\msvcr100.dll
0x0000000064370000 - 0x0000000064c06000 	C:\Program Files\Java\jdk1.8.0_92\jre\bin\server\jvm.dll
0x00007ff91a390000 - 0x00007ff91a399000 	C:\Windows\SYSTEM32\WSOCK32.dll
0x00007ff9173c0000 - 0x00007ff9173df000 	C:\Windows\SYSTEM32\WINMM.dll
0x00007ff91e4e0000 - 0x00007ff91e4ea000 	C:\Windows\SYSTEM32\VERSION.dll
0x00007ff9210d0000 - 0x00007ff9210d7000 	C:\Windows\system32\PSAPI.DLL
0x00007ff923190000 - 0x00007ff9231e8000 	C:\Windows\system32\WS2_32.dll
0x00007ff917390000 - 0x00007ff9173ba000 	C:\Windows\SYSTEM32\WINMMBASE.dll
0x00007ff922e90000 - 0x00007ff922e99000 	C:\Windows\system32\NSI.dll
0x00007ff920b20000 - 0x00007ff920b6a000 	C:\Windows\SYSTEM32\cfgmgr32.dll
0x00007ff91f6a0000 - 0x00007ff91f6c6000 	C:\Windows\SYSTEM32\DEVOBJ.dll
0x0000000064ca0000 - 0x0000000064caf000 	C:\Program Files\Java\jdk1.8.0_92\jre\bin\verify.dll
0x0000000064c70000 - 0x0000000064c99000 	C:\Program Files\Java\jdk1.8.0_92\jre\bin\java.dll
0x0000000064c50000 - 0x0000000064c66000 	C:\Program Files\Java\jdk1.8.0_92\jre\bin\zip.dll

VM Arguments:
jvm_args: -Djava.awt.headless=true -Xmx1024M -Dfile.encoding=windows-1252 -Duser.country=US -Duser.language=en -Duser.variant 
java_command: com.android.dx.command.Main --dex --force-jumbo --num-threads=4 --output C:\Zooket\app\build\intermediates\pre-dexed\debug\com.mohamadamin-persianmaterialdatetimepicker-1.2.1_aefb08b30e09470f707e4860709cd714f791c542.jar C:\Zooket\app\build\intermediates\exploded-aar\com.mohamadamin\persianmaterialdatetimepicker\1.2.1\jars\classes.jar
java_class_path (initial): C:\android-sdk-windows\build-tools\24.0.3\lib\dx.jar
Launcher Type: SUN_STANDARD

Environment Variables:
PATH=C:\ProgramData\Oracle\Java\javapath;C:\Windows\system32;C:\Windows;C:\Windows\System32\Wbem;C:\Windows\System32\WindowsPowerShell\v1.0\;C:\Program Files (x86)\NVIDIA Corporation\PhysX\Common;C:\Program Files (x86)\Windows Kits\8.1\Windows Performance Toolkit\;C:\Program Files\Microsoft SQL Server\110\Tools\Binn\;C:\Program Files\Microsoft SQL Server\110\DTS\Binn\;C:\Program Files (x86)\Microsoft SQL Server\110\Tools\Binn\;C:\Program Files (x86)\Microsoft SQL Server\110\Tools\Binn\ManagementStudio\;C:\Program Files (x86)\Microsoft Visual Studio 10.0\Common7\IDE\PrivateAssemblies\;C:\Program Files (x86)\Microsoft SQL Server\110\DTS\Binn\;C:\Program Files (x86)\GtkSharp\2.12\bin;C:\Program Files (x86)\QuickTime\QTSystem\
USERNAME=Smo
OS=Windows_NT
PROCESSOR_IDENTIFIER=Intel64 Family 6 Model 94 Stepping 3, GenuineIntel



---------------  S Y S T E M  ---------------

OS: Windows 8.1 , 64 bit Build 9600 (6.3.9600.17056)

CPU:total 4 (4 cores per cpu, 1 threads per core) family 6 model 94 stepping 3, cmov, cx8, fxsr, mmx, sse, sse2, sse3, ssse3, sse4.1, sse4.2, popcnt, avx, avx2, aes, clmul, erms, 3dnowpref, lzcnt, tsc, tscinvbit, bmi1, bmi2, adx

Memory: 4k page, physical 8266404k(1866576k free), swap 8266404k(5640k free)

vm_info: Java HotSpot(TM) 64-Bit Server VM (25.92-b14) for windows-amd64 JRE (1.8.0_92-b14), built on Mar 31 2016 21:03:04 by "java_re" with MS VC++ 10.0 (VS2010)

time: Mon May 15 13:06:10 2017
elapsed time: 6 seconds (0d 0h 0m 6s)

