#
# There is insufficient memory for the Java Runtime Environment to continue.
# Native memory allocation (malloc) failed to allocate 363216 bytes for Chunk::new
# Possible reasons:
#   The system is out of physical RAM or swap space
#   In 32 bit mode, the process size limit was hit
# Possible solutions:
#   Reduce memory load on the system
#   Increase physical memory or swap space
#   Check if swap backing store is full
#   Use 64 bit Java on a 64 bit OS
#   Decrease Java heap size (-Xmx/-Xms)
#   Decrease number of Java threads
#   Decrease Java thread stack sizes (-Xss)
#   Set larger code cache with -XX:ReservedCodeCacheSize=
# This output file may be truncated or incomplete.
#
#  Out of Memory Error (allocation.cpp:390), pid=5912, tid=0x0000000000002084
#
# JRE version: Java(TM) SE Runtime Environment (8.0_92-b14) (build 1.8.0_92-b14)
# Java VM: Java HotSpot(TM) 64-Bit Server VM (25.92-b14 mixed mode windows-amd64 compressed oops)
# Failed to write core dump. Minidumps are not enabled by default on client versions of Windows
#

---------------  T H R E A D  ---------------

Current thread (0x0000000014faa000):  JavaThread "C2 CompilerThread0" daemon [_thread_in_native, id=8324, stack(0x00000000165d0000,0x00000000166d0000)]

Stack: [0x00000000165d0000,0x00000000166d0000]
[error occurred during error reporting (printing stack bounds), id 0xc0000005]

Native frames: (J=compiled Java code, j=interpreted, Vv=VM code, C=native code)


Current CompileTask:
C2:  10677 2537       4       java.util.AbstractMap::hashCode (43 bytes)


---------------  P R O C E S S  ---------------

Java Threads: ( => current thread )
  0x00000000167d6800 JavaThread "Service Thread" daemon [_thread_blocked, id=9268, stack(0x0000000016cd0000,0x0000000016dd0000)]
  0x00000000167d1000 JavaThread "C1 CompilerThread2" daemon [_thread_in_native, id=9820, stack(0x0000000016bd0000,0x0000000016cd0000)]
  0x0000000014ff7800 JavaThread "C2 CompilerThread1" daemon [_thread_in_native, id=5684, stack(0x00000000166d0000,0x00000000167d0000)]
=>0x0000000014faa000 JavaThread "C2 CompilerThread0" daemon [_thread_in_native, id=8324, stack(0x00000000165d0000,0x00000000166d0000)]
  0x0000000014fa8000 JavaThread "Attach Listener" daemon [_thread_blocked, id=7312, stack(0x00000000164d0000,0x00000000165d0000)]
  0x0000000014fa6800 JavaThread "Signal Dispatcher" daemon [_thread_blocked, id=10104, stack(0x00000000163d0000,0x00000000164d0000)]
  0x0000000014f8a800 JavaThread "Finalizer" daemon [_thread_blocked, id=8996, stack(0x00000000161f0000,0x00000000162f0000)]
  0x00000000028c0800 JavaThread "Reference Handler" daemon [_thread_blocked, id=7680, stack(0x00000000160f0000,0x00000000161f0000)]
  0x00000000027d2800 JavaThread "main" [_thread_in_Java, id=9780, stack(0x0000000002660000,0x0000000002760000)]

Other Threads:
  0x0000000014f68800 VMThread [stack: 0x0000000015ff0000,0x00000000160f0000] [id=4436]
  0x00000000167f1800 WatcherThread [stack: 0x0000000016dd0000,0x0000000016ed0000] [id=10028]

VM state:not at safepoint (normal execution)

VM Mutex/Monitor currently owned by a thread: None

Heap:
 PSYoungGen      total 232960K, used 171363K [0x00000000eab00000, 0x0000000100000000, 0x0000000100000000)
  eden space 116736K, 87% used [0x00000000eab00000,0x00000000f0f3e348,0x00000000f1d00000)
  from space 116224K, 59% used [0x00000000f1d00000,0x00000000f601a8e8,0x00000000f8e80000)
  to   space 116224K, 0% used [0x00000000f8e80000,0x00000000f8e80000,0x0000000100000000)
 ParOldGen       total 421376K, used 267540K [0x00000000c0000000, 0x00000000d9b80000, 0x00000000eab00000)
  object space 421376K, 63% used [0x00000000c0000000,0x00000000d05453e0,0x00000000d9b80000)
 Metaspace       used 6618K, capacity 7320K, committed 7680K, reserved 1056768K
  class space    used 629K, capacity 656K, committed 768K, reserved 1048576K

Card table byte_map: [0x0000000011c90000,0x0000000011ea0000] byte_map_base: 0x0000000011690000

Marking Bits: (ParMarkBitMap*) 0x000000006bf164f0
 Begin Bits: [0x0000000012400000, 0x0000000013400000)
 End Bits:   [0x0000000013400000, 0x0000000014400000)

Polling page: 0x0000000000e40000

CodeCache: size=245760Kb used=11542Kb max_used=11542Kb free=234217Kb
 bounds [0x00000000028d0000, 0x0000000003420000, 0x00000000118d0000]
 total_blobs=2643 nmethods=2374 adapters=181
 compilation: enabled

Compilation events (10 events):
Event: 10.653 Thread 0x00000000167d1000 2560       3       com.android.dx.dex.file.TypeListItem::<init> (21 bytes)
Event: 10.653 Thread 0x00000000167d1000 nmethod 2560 0x0000000003419110 code [0x0000000003419280, 0x0000000003419518]
Event: 10.653 Thread 0x00000000167d1000 2561  s    3       com.android.dx.dex.file.ProtoIdsSection::intern (55 bytes)
Event: 10.654 Thread 0x00000000167d1000 nmethod 2561 0x0000000003419610 code [0x0000000003419800, 0x000000000341a108]
Event: 10.654 Thread 0x00000000167d1000 2562       3       com.android.dx.dex.file.StringIdItem::<init> (29 bytes)
Event: 10.654 Thread 0x00000000167d1000 nmethod 2562 0x000000000341a4d0 code [0x000000000341a660, 0x000000000341aa08]
Event: 10.654 Thread 0x00000000167d1000 2564       3       com.android.dx.dex.file.ProtoIdItem::makeShortForm (74 bytes)
Event: 10.655 Thread 0x00000000167d1000 nmethod 2564 0x000000000341ab90 code [0x000000000341ae40, 0x000000000341c628]
Event: 10.655 Thread 0x00000000167d1000 2563       3       java.lang.StringBuilder::<init> (6 bytes)
Event: 10.655 Thread 0x00000000167d1000 nmethod 2563 0x000000000341d450 code [0x000000000341d5c0, 0x000000000341d870]

GC Heap History (10 events):
Event: 8.425 GC heap before
{Heap before GC invocations=15 (full 3):
 PSYoungGen      total 232960K, used 175451K [0x00000000eab00000, 0x0000000100000000, 0x0000000100000000)
  eden space 116736K, 100% used [0x00000000eab00000,0x00000000f1d00000,0x00000000f1d00000)
  from space 116224K, 50% used [0x00000000f1d00000,0x00000000f5656eb8,0x00000000f8e80000)
  to   space 116224K, 0% used [0x00000000f8e80000,0x00000000f8e80000,0x0000000100000000)
 ParOldGen       total 317440K, used 161595K [0x00000000c0000000, 0x00000000d3600000, 0x00000000eab00000)
  object space 317440K, 50% used [0x00000000c0000000,0x00000000c9dceef8,0x00000000d3600000)
 Metaspace       used 6505K, capacity 7256K, committed 7424K, reserved 1056768K
  class space    used 623K, capacity 656K, committed 768K, reserved 1048576K
Event: 8.468 GC heap after
Heap after GC invocations=15 (full 3):
 PSYoungGen      total 232960K, used 36262K [0x00000000eab00000, 0x0000000100000000, 0x0000000100000000)
  eden space 116736K, 0% used [0x00000000eab00000,0x00000000eab00000,0x00000000f1d00000)
  from space 116224K, 31% used [0x00000000f8e80000,0x00000000fb1e9ae0,0x0000000100000000)
  to   space 116224K, 0% used [0x00000000f1d00000,0x00000000f1d00000,0x00000000f8e80000)
 ParOldGen       total 317440K, used 221276K [0x00000000c0000000, 0x00000000d3600000, 0x00000000eab00000)
  object space 317440K, 69% used [0x00000000c0000000,0x00000000cd8170d0,0x00000000d3600000)
 Metaspace       used 6505K, capacity 7256K, committed 7424K, reserved 1056768K
  class space    used 623K, capacity 656K, committed 768K, reserved 1048576K
}
Event: 8.671 GC heap before
{Heap before GC invocations=16 (full 3):
 PSYoungGen      total 232960K, used 152998K [0x00000000eab00000, 0x0000000100000000, 0x0000000100000000)
  eden space 116736K, 100% used [0x00000000eab00000,0x00000000f1d00000,0x00000000f1d00000)
  from space 116224K, 31% used [0x00000000f8e80000,0x00000000fb1e9ae0,0x0000000100000000)
  to   space 116224K, 0% used [0x00000000f1d00000,0x00000000f1d00000,0x00000000f8e80000)
 ParOldGen       total 317440K, used 221276K [0x00000000c0000000, 0x00000000d3600000, 0x00000000eab00000)
  object space 317440K, 69% used [0x00000000c0000000,0x00000000cd8170d0,0x00000000d3600000)
 Metaspace       used 6508K, capacity 7256K, committed 7424K, reserved 1056768K
  class space    used 623K, capacity 656K, committed 768K, reserved 1048576K
Event: 8.724 GC heap after
Heap after GC invocations=16 (full 3):
 PSYoungGen      total 232960K, used 24916K [0x00000000eab00000, 0x0000000100000000, 0x0000000100000000)
  eden space 116736K, 0% used [0x00000000eab00000,0x00000000eab00000,0x00000000f1d00000)
  from space 116224K, 21% used [0x00000000f1d00000,0x00000000f3555158,0x00000000f8e80000)
  to   space 116224K, 0% used [0x00000000f8e80000,0x00000000f8e80000,0x0000000100000000)
 ParOldGen       total 317440K, used 255596K [0x00000000c0000000, 0x00000000d3600000, 0x00000000eab00000)
  object space 317440K, 80% used [0x00000000c0000000,0x00000000cf99b230,0x00000000d3600000)
 Metaspace       used 6508K, capacity 7256K, committed 7424K, reserved 1056768K
  class space    used 623K, capacity 656K, committed 768K, reserved 1048576K
}
Event: 8.724 GC heap before
{Heap before GC invocations=17 (full 4):
 PSYoungGen      total 232960K, used 24916K [0x00000000eab00000, 0x0000000100000000, 0x0000000100000000)
  eden space 116736K, 0% used [0x00000000eab00000,0x00000000eab00000,0x00000000f1d00000)
  from space 116224K, 21% used [0x00000000f1d00000,0x00000000f3555158,0x00000000f8e80000)
  to   space 116224K, 0% used [0x00000000f8e80000,0x00000000f8e80000,0x0000000100000000)
 ParOldGen       total 317440K, used 255596K [0x00000000c0000000, 0x00000000d3600000, 0x00000000eab00000)
  object space 317440K, 80% used [0x00000000c0000000,0x00000000cf99b230,0x00000000d3600000)
 Metaspace       used 6508K, capacity 7256K, committed 7424K, reserved 1056768K
  class space    used 623K, capacity 656K, committed 768K, reserved 1048576K
Event: 8.983 GC heap after
Heap after GC invocations=17 (full 4):
 PSYoungGen      total 232960K, used 0K [0x00000000eab00000, 0x0000000100000000, 0x0000000100000000)
  eden space 116736K, 0% used [0x00000000eab00000,0x00000000eab00000,0x00000000f1d00000)
  from space 116224K, 0% used [0x00000000f1d00000,0x00000000f1d00000,0x00000000f8e80000)
  to   space 116224K, 0% used [0x00000000f8e80000,0x00000000f8e80000,0x0000000100000000)
 ParOldGen       total 421376K, used 229363K [0x00000000c0000000, 0x00000000d9b80000, 0x00000000eab00000)
  object space 421376K, 54% used [0x00000000c0000000,0x00000000cdffcc68,0x00000000d9b80000)
 Metaspace       used 6508K, capacity 7256K, committed 7424K, reserved 1056768K
  class space    used 623K, capacity 656K, committed 768K, reserved 1048576K
}
Event: 9.431 GC heap before
{Heap before GC invocations=18 (full 4):
 PSYoungGen      total 232960K, used 116736K [0x00000000eab00000, 0x0000000100000000, 0x0000000100000000)
  eden space 116736K, 100% used [0x00000000eab00000,0x00000000f1d00000,0x00000000f1d00000)
  from space 116224K, 0% used [0x00000000f1d00000,0x00000000f1d00000,0x00000000f8e80000)
  to   space 116224K, 0% used [0x00000000f8e80000,0x00000000f8e80000,0x0000000100000000)
 ParOldGen       total 421376K, used 229363K [0x00000000c0000000, 0x00000000d9b80000, 0x00000000eab00000)
  object space 421376K, 54% used [0x00000000c0000000,0x00000000cdffcc68,0x00000000d9b80000)
 Metaspace       used 6515K, capacity 7256K, committed 7424K, reserved 1056768K
  class space    used 625K, capacity 656K, committed 768K, reserved 1048576K
Event: 9.457 GC heap after
Heap after GC invocations=18 (full 4):
 PSYoungGen      total 232960K, used 40062K [0x00000000eab00000, 0x0000000100000000, 0x0000000100000000)
  eden space 116736K, 0% used [0x00000000eab00000,0x00000000eab00000,0x00000000f1d00000)
  from space 116224K, 34% used [0x00000000f8e80000,0x00000000fb59fb60,0x0000000100000000)
  to   space 116224K, 0% used [0x00000000f1d00000,0x00000000f1d00000,0x00000000f8e80000)
 ParOldGen       total 421376K, used 229363K [0x00000000c0000000, 0x00000000d9b80000, 0x00000000eab00000)
  object space 421376K, 54% used [0x00000000c0000000,0x00000000cdffcc68,0x00000000d9b80000)
 Metaspace       used 6515K, capacity 7256K, committed 7424K, reserved 1056768K
  class space    used 625K, capacity 656K, committed 768K, reserved 1048576K
}
Event: 9.510 GC heap before
{Heap before GC invocations=19 (full 4):
 PSYoungGen      total 232960K, used 156798K [0x00000000eab00000, 0x0000000100000000, 0x0000000100000000)
  eden space 116736K, 100% used [0x00000000eab00000,0x00000000f1d00000,0x00000000f1d00000)
  from space 116224K, 34% used [0x00000000f8e80000,0x00000000fb59fb60,0x0000000100000000)
  to   space 116224K, 0% used [0x00000000f1d00000,0x00000000f1d00000,0x00000000f8e80000)
 ParOldGen       total 421376K, used 229363K [0x00000000c0000000, 0x00000000d9b80000, 0x00000000eab00000)
  object space 421376K, 54% used [0x00000000c0000000,0x00000000cdffcc68,0x00000000d9b80000)
 Metaspace       used 6515K, capacity 7256K, committed 7424K, reserved 1056768K
  class space    used 625K, capacity 656K, committed 768K, reserved 1048576K
Event: 9.596 GC heap after
Heap after GC invocations=19 (full 4):
 PSYoungGen      total 232960K, used 68714K [0x00000000eab00000, 0x0000000100000000, 0x0000000100000000)
  eden space 116736K, 0% used [0x00000000eab00000,0x00000000eab00000,0x00000000f1d00000)
  from space 116224K, 59% used [0x00000000f1d00000,0x00000000f601a8e8,0x00000000f8e80000)
  to   space 116224K, 0% used [0x00000000f8e80000,0x00000000f8e80000,0x0000000100000000)
 ParOldGen       total 421376K, used 267540K [0x00000000c0000000, 0x00000000d9b80000, 0x00000000eab00000)
  object space 421376K, 63% used [0x00000000c0000000,0x00000000d05453e0,0x00000000d9b80000)
 Metaspace       used 6515K, capacity 7256K, committed 7424K, reserved 1056768K
  class space    used 625K, capacity 656K, committed 768K, reserved 1048576K
}

Deoptimization events (10 events):
Event: 6.116 Thread 0x00000000027d2800 Uncommon trap: reason=bimorphic action=maybe_recompile pc=0x000000000319bb74 method=com.android.dx.cf.code.BytecodeArray.parseInstruction(ILcom/android/dx/cf/code/BytecodeArray$Visitor;)I @ 1597
Event: 6.277 Thread 0x00000000027d2800 Uncommon trap: reason=unstable_if action=reinterpret pc=0x0000000002eb714c method=com.android.dx.ssa.MoveParamCombiner$1.visitNonMoveInsn(Lcom/android/dx/ssa/NormalSsaInsn;)V @ 27
Event: 8.604 Thread 0x00000000027d2800 Uncommon trap: reason=bimorphic action=maybe_recompile pc=0x00000000032d84c8 method=com.android.dx.cf.code.BytecodeArray.parseInstruction(ILcom/android/dx/cf/code/BytecodeArray$Visitor;)I @ 2484
Event: 8.604 Thread 0x00000000027d2800 Uncommon trap: reason=bimorphic action=maybe_recompile pc=0x00000000032d84c8 method=com.android.dx.cf.code.BytecodeArray.parseInstruction(ILcom/android/dx/cf/code/BytecodeArray$Visitor;)I @ 2484
Event: 10.463 Thread 0x00000000027d2800 Uncommon trap: reason=class_check action=maybe_recompile pc=0x0000000002d722c8 method=java.util.Arrays.hashCode([Ljava/lang/Object;)I @ 43
Event: 10.463 Thread 0x00000000027d2800 Uncommon trap: reason=class_check action=maybe_recompile pc=0x0000000002d722c8 method=java.util.Arrays.hashCode([Ljava/lang/Object;)I @ 43
Event: 10.463 Thread 0x00000000027d2800 Uncommon trap: reason=class_check action=maybe_recompile pc=0x0000000002d722c8 method=java.util.Arrays.hashCode([Ljava/lang/Object;)I @ 43
Event: 10.463 Thread 0x00000000027d2800 Uncommon trap: reason=class_check action=maybe_recompile pc=0x0000000002d722c8 method=java.util.Arrays.hashCode([Ljava/lang/Object;)I @ 43
Event: 10.463 Thread 0x00000000027d2800 Uncommon trap: reason=class_check action=maybe_recompile pc=0x0000000002d60228 method=java.util.Arrays.hashCode([Ljava/lang/Object;)I @ 43
Event: 10.648 Thread 0x00000000027d2800 Uncommon trap: reason=bimorphic action=maybe_recompile pc=0x00000000032553b4 method=java.util.TreeMap.compare(Ljava/lang/Object;Ljava/lang/Object;)I @ 12

Internal exceptions (5 events):
Event: 0.025 Thread 0x00000000027d2800 Exception <a 'java/lang/NoSuchMethodError': Method sun.misc.Unsafe.defineClass(Ljava/lang/String;[BII)Ljava/lang/Class; name or signature does not match> (0x00000000eab07cc0) thrown at [D:\re\workspace\8-2-build-windows-amd64-cygwin\jdk8u92\6642\hotspot\sr©ÐÕ>Tš?
Event: 0.025 Thread 0x00000000027d2800 Exception <a 'java/lang/NoSuchMethodError': Method sun.misc.Unsafe.prefetchRead(Ljava/lang/Object;J)V name or signature does not match> (0x00000000eab07fa8) thrown at [D:\re\workspace\8-2-build-windows-amd64-cygwin\jdk8u92\6642\hotspot\src\share\vm\prims\jƒ{ž¨ä‚
Event: 2.064 Thread 0x0000000016a25000 Exception <a 'java/lang/ArrayIndexOutOfBoundsException': 18> (0x00000000ec45eb60) thrown at [D:\re\workspace\8-2-build-windows-amd64-cygwin\jdk8u92\6642\hotspot\src\share\vm\interpreter\interpreterRuntime.cpp, line 366]
Event: 2.064 Thread 0x0000000016a25000 Exception <a 'java/lang/ArrayIndexOutOfBoundsException': 145> (0x00000000ec4606e0) thrown at [D:\re\workspace\8-2-build-windows-amd64-cygwin\jdk8u92\6642\hotspot\src\share\vm\interpreter\interpreterRuntime.cpp, line 366]
Event: 2.065 Thread 0x0000000016a25000 Exception <a 'java/lang/ArrayIndexOutOfBoundsException'> (0x00000000ec4619c8) thrown at [D:\re\workspace\8-2-build-windows-amd64-cygwin\jdk8u92\6642\hotspot\src\share\vm\runtime\sharedRuntime.cpp, line 605]

Events (10 events):
Event: 10.614 Thread 0x00000000027d2800 DEOPT UNPACKING pc=0x000000000291787f sp=0x000000000275ed40 mode 0
Event: 10.615 Thread 0x00000000027d2800 DEOPT PACKING pc=0x00000000033e1c86 sp=0x000000000275eff0
Event: 10.615 Thread 0x00000000027d2800 DEOPT UNPACKING pc=0x000000000291787f sp=0x000000000275ed40 mode 0
Event: 10.634 Thread 0x00000000027d2800 DEOPT PACKING pc=0x00000000033e3e5e sp=0x000000000275efc0
Event: 10.634 Thread 0x00000000027d2800 DEOPT UNPACKING pc=0x000000000291787f sp=0x000000000275ed28 mode 0
Event: 10.647 loading class com/android/dx/dex/file/ProtoIdItem
Event: 10.647 loading class com/android/dx/dex/file/ProtoIdItem done
Event: 10.648 Thread 0x00000000027d2800 Uncommon trap: trap_request=0xffffffc6 fr.pc=0x00000000032553b4
Event: 10.648 Thread 0x00000000027d2800 DEOPT PACKING pc=0x00000000032553b4 sp=0x000000000275f000
Event: 10.648 Thread 0x00000000027d2800 DEOPT UNPACKING pc=0x000000000291582a sp=0x000000000275ef30 mode 2


Dynamic libraries:
0x00007ff7d3560000 - 0x00007ff7d3597000 	C:\Program Files\Java\jdk1.8.0_92\bin\java.exe
0x00007ff89b3d0000 - 0x00007ff89b57a000 	C:\Windows\SYSTEM32\ntdll.dll
0x00007ff898d00000 - 0x00007ff898e3a000 	C:\Windows\system32\KERNEL32.DLL
0x00007ff898af0000 - 0x00007ff898bff000 	C:\Windows\system32\KERNELBASE.dll
0x00007ff897370000 - 0x00007ff8973f8000 	C:\Windows\system32\apphelp.dll
0x00007ff875f50000 - 0x00007ff875f9f000 	C:\Windows\AppPatch\AppPatch64\AcGenral.DLL
0x00007ff899020000 - 0x00007ff8990c7000 	C:\Windows\system32\msvcrt.dll
0x00007ff898580000 - 0x00007ff8985ab000 	C:\Windows\SYSTEM32\SspiCli.dll
0x00007ff89a7a0000 - 0x00007ff89a7f1000 	C:\Windows\system32\SHLWAPI.dll
0x00007ff89a9e0000 - 0x00007ff89ab51000 	C:\Windows\system32\USER32.dll
0x00007ff898ea0000 - 0x00007ff899018000 	C:\Windows\system32\ole32.dll
0x00007ff899380000 - 0x00007ff89a797000 	C:\Windows\system32\SHELL32.dll
0x00007ff897db0000 - 0x00007ff897dce000 	C:\Windows\SYSTEM32\USERENV.dll
0x00007ff89b200000 - 0x00007ff89b2a5000 	C:\Windows\system32\ADVAPI32.dll
0x00007ff893600000 - 0x00007ff89361b000 	C:\Windows\SYSTEM32\MPR.dll
0x00007ff89ad40000 - 0x00007ff89ae76000 	C:\Windows\system32\RPCRT4.dll
0x00007ff898e40000 - 0x00007ff898e97000 	C:\Windows\SYSTEM32\sechost.dll
0x00007ff8990d0000 - 0x00007ff8992a6000 	C:\Windows\SYSTEM32\combase.dll
0x00007ff89ae90000 - 0x00007ff89afd5000 	C:\Windows\system32\GDI32.dll
0x00007ff898740000 - 0x00007ff898754000 	C:\Windows\SYSTEM32\profapi.dll
0x00007ff896da0000 - 0x00007ff896e3f000 	C:\Windows\SYSTEM32\SHCORE.dll
0x00007ff89a9a0000 - 0x00007ff89a9d4000 	C:\Windows\system32\IMM32.DLL
0x00007ff89b0c0000 - 0x00007ff89b1f9000 	C:\Windows\system32\MSCTF.dll
0x00007ff896520000 - 0x00007ff89677a000 	C:\Windows\WinSxS\amd64_microsoft.windows.common-controls_6595b64144ccf1df_6.0.9600.17031_none_6242a4b3ecbb55a1\COMCTL32.dll
0x000000006b320000 - 0x000000006b3f2000 	C:\Program Files\Java\jdk1.8.0_92\jre\bin\msvcr100.dll
0x000000006b700000 - 0x000000006bf96000 	C:\Program Files\Java\jdk1.8.0_92\jre\bin\server\jvm.dll
0x00007ff88b560000 - 0x00007ff88b569000 	C:\Windows\SYSTEM32\WSOCK32.dll
0x00007ff88ab60000 - 0x00007ff88ab7f000 	C:\Windows\SYSTEM32\WINMM.dll
0x00007ff896450000 - 0x00007ff89645a000 	C:\Windows\SYSTEM32\VERSION.dll
0x00007ff89ae80000 - 0x00007ff89ae87000 	C:\Windows\system32\PSAPI.DLL
0x00007ff8992b0000 - 0x00007ff899308000 	C:\Windows\system32\WS2_32.dll
0x00007ff88aac0000 - 0x00007ff88aaea000 	C:\Windows\SYSTEM32\WINMMBASE.dll
0x00007ff89b000000 - 0x00007ff89b009000 	C:\Windows\system32\NSI.dll
0x00007ff898c00000 - 0x00007ff898c4a000 	C:\Windows\SYSTEM32\cfgmgr32.dll
0x00007ff8975c0000 - 0x00007ff8975e6000 	C:\Windows\SYSTEM32\DEVOBJ.dll
0x000000006e490000 - 0x000000006e49f000 	C:\Program Files\Java\jdk1.8.0_92\jre\bin\verify.dll
0x000000006c680000 - 0x000000006c6a9000 	C:\Program Files\Java\jdk1.8.0_92\jre\bin\java.dll
0x000000006c660000 - 0x000000006c676000 	C:\Program Files\Java\jdk1.8.0_92\jre\bin\zip.dll

VM Arguments:
jvm_args: -Djava.awt.headless=true -Xmx1024M -Dfile.encoding=windows-1252 -Duser.country=US -Duser.language=en -Duser.variant 
java_command: com.android.dx.command.Main --dex --force-jumbo --num-threads=4 --output C:\Zooket\app\build\intermediates\pre-dexed\debug\com.google.android.gms-play-services-ads-9.0.1_a213d0cf920b8fe9c76e548f5c02fedff6d4ca15.jar C:\Zooket\app\build\intermediates\exploded-aar\com.google.android.gms\play-services-ads\9.0.1\jars\classes.jar
java_class_path (initial): C:\android-sdk-windows\build-tools\24.0.3\lib\dx.jar
Launcher Type: SUN_STANDARD

Environment Variables:
PATH=C:\ProgramData\Oracle\Java\javapath;C:\Windows\system32;C:\Windows;C:\Windows\System32\Wbem;C:\Windows\System32\WindowsPowerShell\v1.0\;C:\Program Files (x86)\NVIDIA Corporation\PhysX\Common;C:\Program Files (x86)\Windows Kits\8.1\Windows Performance Toolkit\;C:\Program Files\Microsoft SQL Server\110\Tools\Binn\;C:\Program Files\Microsoft SQL Server\110\DTS\Binn\;C:\Program Files (x86)\Microsoft SQL Server\110\Tools\Binn\;C:\Program Files (x86)\Microsoft SQL Server\110\Tools\Binn\ManagementStudio\;C:\Program Files (x86)\Microsoft Visual Studio 10.0\Common7\IDE\PrivateAssemblies\;C:\Program Files (x86)\Microsoft SQL Server\110\DTS\Binn\;C:\Program Files (x86)\GtkSharp\2.12\bin;C:\Program Files (x86)\QuickTime\QTSystem\
USERNAME=Smo
OS=Windows_NT
PROCESSOR_IDENTIFIER=Intel64 Family 6 Model 94 Stepping 3, GenuineIntel



---------------  S Y S T E M  ---------------

OS: Windows 8.1 , 64 bit Build 9600 (6.3.9600.17056)

CPU:total 4 (4 cores per cpu, 1 threads per core) family 6 model 94 stepping 3, cmov, cx8, fxsr, mmx, sse, sse2, sse3, ssse3, sse4.1, sse4.2, popcnt, avx, avx2, aes, clmul, erms, 3dnowpref, lzcnt, tsc, tscinvbit, bmi1, bmi2, adx

Memory: 4k page, physical 8266404k(1883648k free), swap 8266404k(5144k free)

vm_info: Java HotSpot(TM) 64-Bit Server VM (25.92-b14) for windows-amd64 JRE (1.8.0_92-b14), built on Mar 31 2016 21:03:04 by "java_re" with MS VC++ 10.0 (VS2010)

time: Thu May 11 22:15:56 2017
elapsed time: 10 seconds (0d 0h 0m 10s)

