#
# There is insufficient memory for the Java Runtime Environment to continue.
# Native memory allocation (malloc) failed to allocate 262160 bytes for Chunk::new
# Possible reasons:
#   The system is out of physical RAM or swap space
#   In 32 bit mode, the process size limit was hit
# Possible solutions:
#   Reduce memory load on the system
#   Increase physical memory or swap space
#   Check if swap backing store is full
#   Use 64 bit Java on a 64 bit OS
#   Decrease Java heap size (-Xmx/-Xms)
#   Decrease number of Java threads
#   Decrease Java thread stack sizes (-Xss)
#   Set larger code cache with -XX:ReservedCodeCacheSize=
# This output file may be truncated or incomplete.
#
#  Out of Memory Error (allocation.cpp:390), pid=10056, tid=0x0000000000001ba8
#
# JRE version: Java(TM) SE Runtime Environment (8.0_92-b14) (build 1.8.0_92-b14)
# Java VM: Java HotSpot(TM) 64-Bit Server VM (25.92-b14 mixed mode windows-amd64 compressed oops)
# Failed to write core dump. Minidumps are not enabled by default on client versions of Windows
#

---------------  T H R E A D  ---------------

Current thread (0x000000001517e000):  JavaThread "C2 CompilerThread0" daemon [_thread_in_native, id=7080, stack(0x00000000167c0000,0x00000000168c0000)]

Stack: [0x00000000167c0000,0x00000000168c0000]
[error occurred during error reporting (printing stack bounds), id 0xc0000005]

Native frames: (J=compiled Java code, j=interpreted, Vv=VM code, C=native code)


Current CompileTask:
C2:   1567 1337   !   4       com.android.dx.cf.code.BytecodeArray::parseInstruction (2764 bytes)


---------------  P R O C E S S  ---------------

Java Threads: ( => current thread )
  0x0000000016cc9000 JavaThread "pool-1-thread-4" [_thread_blocked, id=9272, stack(0x0000000017cc0000,0x0000000017dc0000)]
  0x0000000016c6e000 JavaThread "pool-1-thread-3" [_thread_in_Java, id=1820, stack(0x0000000017bc0000,0x0000000017cc0000)]
  0x0000000016c6d800 JavaThread "pool-1-thread-2" [_thread_in_Java, id=9560, stack(0x0000000017ac0000,0x0000000017bc0000)]
  0x0000000016c6c800 JavaThread "pool-2-thread-1" [_thread_blocked, id=728, stack(0x00000000179c0000,0x0000000017ac0000)]
  0x0000000016c25800 JavaThread "pool-1-thread-1" [_thread_blocked, id=5936, stack(0x00000000178c0000,0x00000000179c0000)]
  0x00000000169c6800 JavaThread "Service Thread" daemon [_thread_blocked, id=9484, stack(0x0000000016ec0000,0x0000000016fc0000)]
  0x00000000169c1000 JavaThread "C1 CompilerThread2" daemon [_thread_in_native_trans, id=9712, stack(0x0000000016dc0000,0x0000000016ec0000)]
  0x00000000151d7800 JavaThread "C2 CompilerThread1" daemon [_thread_in_native, id=9316, stack(0x00000000168c0000,0x00000000169c0000)]
=>0x000000001517e000 JavaThread "C2 CompilerThread0" daemon [_thread_in_native, id=7080, stack(0x00000000167c0000,0x00000000168c0000)]
  0x000000001517c000 JavaThread "Attach Listener" daemon [_thread_blocked, id=9436, stack(0x00000000166c0000,0x00000000167c0000)]
  0x000000001517b000 JavaThread "Signal Dispatcher" daemon [_thread_blocked, id=3064, stack(0x00000000165c0000,0x00000000166c0000)]
  0x000000001516a800 JavaThread "Finalizer" daemon [_thread_blocked, id=6964, stack(0x00000000163e0000,0x00000000164e0000)]
  0x0000000002aa0800 JavaThread "Reference Handler" daemon [_thread_blocked, id=9520, stack(0x00000000162e0000,0x00000000163e0000)]
  0x00000000029b2800 JavaThread "main" [_thread_blocked, id=9356, stack(0x0000000002820000,0x0000000002920000)]

Other Threads:
  0x0000000015148800 VMThread [stack: 0x00000000161e0000,0x00000000162e0000] [id=10212]
  0x00000000169d9800 WatcherThread [stack: 0x0000000016fc0000,0x00000000170c0000] [id=10004]

VM state:not at safepoint (normal execution)

VM Mutex/Monitor currently owned by a thread: None

Heap:
 PSYoungGen      total 71680K, used 14712K [0x00000000eab00000, 0x00000000ef600000, 0x0000000100000000)
  eden space 66560K, 14% used [0x00000000eab00000,0x00000000eb462138,0x00000000eec00000)
  from space 5120K, 99% used [0x00000000ef100000,0x00000000ef5fc1a0,0x00000000ef600000)
  to   space 5120K, 0% used [0x00000000eec00000,0x00000000eec00000,0x00000000ef100000)
 ParOldGen       total 87552K, used 6091K [0x00000000c0000000, 0x00000000c5580000, 0x00000000eab00000)
  object space 87552K, 6% used [0x00000000c0000000,0x00000000c05f2e38,0x00000000c5580000)
 Metaspace       used 6164K, capacity 7000K, committed 7168K, reserved 1056768K
  class space    used 620K, capacity 656K, committed 768K, reserved 1048576K

Card table byte_map: [0x0000000011e70000,0x0000000012080000] byte_map_base: 0x0000000011870000

Marking Bits: (ParMarkBitMap*) 0x0000000076f664f0
 Begin Bits: [0x00000000125e0000, 0x00000000135e0000)
 End Bits:   [0x00000000135e0000, 0x00000000145e0000)

Polling page: 0x0000000000f30000

CodeCache: size=245760Kb used=5340Kb max_used=5340Kb free=240419Kb
 bounds [0x0000000002ab0000, 0x0000000002ff0000, 0x0000000011ab0000]
 total_blobs=1660 nmethods=1391 adapters=182
 compilation: enabled

Compilation events (10 events):
Event: 1.555 Thread 0x00000000169c1000 nmethod 1369% 0x0000000002fd1c50 code [0x0000000002fd1f20, 0x0000000002fd3348]
Event: 1.555 Thread 0x00000000169c1000 1360       2       com.android.dx.rop.cst.CstString::stringToUtf8Bytes (175 bytes)
Event: 1.555 Thread 0x00000000169c1000 nmethod 1360 0x0000000002fc5610 code [0x0000000002fc57a0, 0x0000000002fc5cd8]
Event: 1.555 Thread 0x00000000169c1000 1362       2       com.android.dx.ssa.back.LivenessAnalyzer::coInterferePhis (128 bytes)
Event: 1.556 Thread 0x00000000169c1000 nmethod 1362 0x0000000002fc9010 code [0x0000000002fc9220, 0x0000000002fc98b8]
Event: 1.556 Thread 0x00000000169c1000 1367       2       com.android.dx.ssa.DomFront::<init> (60 bytes)
Event: 1.556 Thread 0x00000000169c1000 nmethod 1367 0x0000000002fd3dd0 code [0x0000000002fd3f40, 0x0000000002fd42d0]
Event: 1.556 Thread 0x00000000169c1000 1368       2       com.android.dx.ssa.DomFront::run (264 bytes)
Event: 1.557 Thread 0x00000000151d7800 nmethod 1381 0x0000000002fcb690 code [0x0000000002fcb800, 0x0000000002fcba68]
Event: 1.557 Thread 0x00000000151d7800 1363       4       com.android.dx.ssa.SCCP::simulateBranch (666 bytes)

GC Heap History (4 events):
Event: 0.992 GC heap before
{Heap before GC invocations=1 (full 0):
 PSYoungGen      total 38400K, used 33280K [0x00000000eab00000, 0x00000000ed580000, 0x0000000100000000)
  eden space 33280K, 100% used [0x00000000eab00000,0x00000000ecb80000,0x00000000ecb80000)
  from space 5120K, 0% used [0x00000000ed080000,0x00000000ed080000,0x00000000ed580000)
  to   space 5120K, 0% used [0x00000000ecb80000,0x00000000ecb80000,0x00000000ed080000)
 ParOldGen       total 87552K, used 0K [0x00000000c0000000, 0x00000000c5580000, 0x00000000eab00000)
  object space 87552K, 0% used [0x00000000c0000000,0x00000000c0000000,0x00000000c5580000)
 Metaspace       used 5975K, capacity 6898K, committed 7040K, reserved 1056768K
  class space    used 598K, capacity 618K, committed 640K, reserved 1048576K
Event: 1.073 GC heap after
Heap after GC invocations=1 (full 0):
 PSYoungGen      total 38400K, used 5098K [0x00000000eab00000, 0x00000000ef600000, 0x0000000100000000)
  eden space 33280K, 0% used [0x00000000eab00000,0x00000000eab00000,0x00000000ecb80000)
  from space 5120K, 99% used [0x00000000ecb80000,0x00000000ed07aab8,0x00000000ed080000)
  to   space 5120K, 0% used [0x00000000ef100000,0x00000000ef100000,0x00000000ef600000)
 ParOldGen       total 87552K, used 1686K [0x00000000c0000000, 0x00000000c5580000, 0x00000000eab00000)
  object space 87552K, 1% used [0x00000000c0000000,0x00000000c01a59d0,0x00000000c5580000)
 Metaspace       used 5975K, capacity 6898K, committed 7040K, reserved 1056768K
  class space    used 598K, capacity 618K, committed 640K, reserved 1048576K
}
Event: 1.317 GC heap before
{Heap before GC invocations=2 (full 0):
 PSYoungGen      total 38400K, used 38378K [0x00000000eab00000, 0x00000000ef600000, 0x0000000100000000)
  eden space 33280K, 100% used [0x00000000eab00000,0x00000000ecb80000,0x00000000ecb80000)
  from space 5120K, 99% used [0x00000000ecb80000,0x00000000ed07aab8,0x00000000ed080000)
  to   space 5120K, 0% used [0x00000000ef100000,0x00000000ef100000,0x00000000ef600000)
 ParOldGen       total 87552K, used 1686K [0x00000000c0000000, 0x00000000c5580000, 0x00000000eab00000)
  object space 87552K, 1% used [0x00000000c0000000,0x00000000c01a59d0,0x00000000c5580000)
 Metaspace       used 6137K, capacity 7000K, committed 7168K, reserved 1056768K
  class space    used 620K, capacity 656K, committed 768K, reserved 1048576K
Event: 1.542 GC heap after
Heap after GC invocations=2 (full 0):
 PSYoungGen      total 71680K, used 5104K [0x00000000eab00000, 0x00000000ef600000, 0x0000000100000000)
  eden space 66560K, 0% used [0x00000000eab00000,0x00000000eab00000,0x00000000eec00000)
  from space 5120K, 99% used [0x00000000ef100000,0x00000000ef5fc1a0,0x00000000ef600000)
  to   space 5120K, 0% used [0x00000000eec00000,0x00000000eec00000,0x00000000ef100000)
 ParOldGen       total 87552K, used 6091K [0x00000000c0000000, 0x00000000c5580000, 0x00000000eab00000)
  object space 87552K, 6% used [0x00000000c0000000,0x00000000c05f2e38,0x00000000c5580000)
 Metaspace       used 6137K, capacity 7000K, committed 7168K, reserved 1056768K
  class space    used 620K, capacity 656K, committed 768K, reserved 1048576K
}

Deoptimization events (10 events):
Event: 0.711 Thread 0x0000000016c6d800 Uncommon trap: reason=null_check action=make_not_entrant pc=0x0000000002de0de8 method=com.android.dx.rop.type.Type.equals(Ljava/lang/Object;)Z @ 8
Event: 0.728 Thread 0x0000000016c6d800 Uncommon trap: reason=unstable_if action=reinterpret pc=0x0000000002e1dbdc method=com.android.dx.rop.cst.Constant.compareTo(Lcom/android/dx/rop/cst/Constant;)I @ 12
Event: 0.728 Thread 0x0000000016c6d800 Uncommon trap: reason=bimorphic action=maybe_recompile pc=0x0000000002cda7ec method=java.util.HashMap.getNode(ILjava/lang/Object;)Ljava/util/HashMap$Node; @ 126
Event: 0.728 Thread 0x0000000016c6d800 Uncommon trap: reason=bimorphic action=maybe_recompile pc=0x0000000002cda7ec method=java.util.HashMap.getNode(ILjava/lang/Object;)Ljava/util/HashMap$Node; @ 126
Event: 0.729 Thread 0x0000000016c25800 Uncommon trap: reason=null_check action=make_not_entrant pc=0x0000000002d56374 method=com.android.dx.ssa.SsaRenamer.getLocalForNewReg(I)Lcom/android/dx/rop/code/LocalItem; @ 19
Event: 1.089 Thread 0x0000000016c6e000 Uncommon trap: reason=bimorphic action=maybe_recompile pc=0x0000000002cda7ec method=java.util.HashMap.getNode(ILjava/lang/Object;)Ljava/util/HashMap$Node; @ 126
Event: 1.092 Thread 0x0000000016cc9000 Uncommon trap: reason=bimorphic action=maybe_recompile pc=0x0000000002cda7ec method=java.util.HashMap.getNode(ILjava/lang/Object;)Ljava/util/HashMap$Node; @ 126
Event: 1.136 Thread 0x0000000016cc9000 Uncommon trap: reason=unstable_if action=reinterpret pc=0x0000000002dd530c method=java.util.HashMap.putVal(ILjava/lang/Object;Ljava/lang/Object;ZZ)Ljava/lang/Object; @ 162
Event: 1.139 Thread 0x0000000016cc9000 Uncommon trap: reason=unstable_if action=reinterpret pc=0x0000000002f76084 method=java.util.HashMap.getNode(ILjava/lang/Object;)Ljava/util/HashMap$Node; @ 84
Event: 1.286 Thread 0x0000000016c6e000 Uncommon trap: reason=unstable_if action=reinterpret pc=0x0000000002ccf610 method=java.util.HashMap.getNode(ILjava/lang/Object;)Ljava/util/HashMap$Node; @ 84

Internal exceptions (7 events):
Event: 0.035 Thread 0x00000000029b2800 Exception <a 'java/lang/NoSuchMethodError': Method sun.misc.Unsafe.defineClass(Ljava/lang/String;[BII)Ljava/lang/Class; name or signature does not match> (0x00000000eab07cc0) thrown at [D:\re\workspace\8-2-build-windows-amd64-cygwin\jdk8u92\6642\hotspot\sraèþ¡¢?
Event: 0.035 Thread 0x00000000029b2800 Exception <a 'java/lang/NoSuchMethodError': Method sun.misc.Unsafe.prefetchRead(Ljava/lang/Object;J)V name or signature does not match> (0x00000000eab07fa8) thrown at [D:\re\workspace\8-2-build-windows-amd64-cygwin\jdk8u92\6642\hotspot\src\share\vm\prims\j ‰ ìtÁæ?
Event: 0.711 Thread 0x0000000016c6d800 Implicit null exception at 0x0000000002de0ce2 to 0x0000000002de0dda
Event: 0.729 Thread 0x0000000016c25800 Implicit null exception at 0x0000000002d542f9 to 0x0000000002d56331
Event: 1.138 Thread 0x0000000016cc9000 Exception <a 'java/lang/ArrayIndexOutOfBoundsException': 18> (0x00000000ebfd8fb8) thrown at [D:\re\workspace\8-2-build-windows-amd64-cygwin\jdk8u92\6642\hotspot\src\share\vm\interpreter\interpreterRuntime.cpp, line 366]
Event: 1.138 Thread 0x0000000016cc9000 Exception <a 'java/lang/ArrayIndexOutOfBoundsException': 145> (0x00000000ebfdab38) thrown at [D:\re\workspace\8-2-build-windows-amd64-cygwin\jdk8u92\6642\hotspot\src\share\vm\interpreter\interpreterRuntime.cpp, line 366]
Event: 1.138 Thread 0x0000000016cc9000 Exception <a 'java/lang/ArrayIndexOutOfBoundsException'> (0x00000000ebfdbe20) thrown at [D:\re\workspace\8-2-build-windows-amd64-cygwin\jdk8u92\6642\hotspot\src\share\vm\runtime\sharedRuntime.cpp, line 605]

Events (10 events):
Event: 1.288 Thread 0x0000000016c6e000 DEOPT PACKING pc=0x0000000002d63d8f sp=0x0000000017cbeaf0
Event: 1.288 Thread 0x0000000016c6e000 DEOPT UNPACKING pc=0x0000000002af787f sp=0x0000000017cbe8d0 mode 0
Event: 1.294 Thread 0x0000000016c6e000 DEOPT PACKING pc=0x0000000002d63ba5 sp=0x0000000017cbeaf0
Event: 1.294 Thread 0x0000000016c6e000 DEOPT UNPACKING pc=0x0000000002af787f sp=0x0000000017cbe8d0 mode 0
Event: 1.300 Thread 0x0000000016c25800 DEOPT PACKING pc=0x0000000002d63d8f sp=0x00000000179beca0
Event: 1.300 Thread 0x0000000016c25800 DEOPT UNPACKING pc=0x0000000002af787f sp=0x00000000179bea80 mode 0
Event: 1.306 Thread 0x0000000016c25800 DEOPT PACKING pc=0x0000000002d63ba5 sp=0x00000000179beca0
Event: 1.306 Thread 0x0000000016c25800 DEOPT UNPACKING pc=0x0000000002af787f sp=0x00000000179bea80 mode 0
Event: 1.317 Executing VM operation: ParallelGCFailedAllocation
Event: 1.542 Executing VM operation: ParallelGCFailedAllocation done


Dynamic libraries:
0x00007ff6cbb10000 - 0x00007ff6cbb47000 	C:\Program Files\Java\jdk1.8.0_92\bin\java.exe
0x00007ffae65e0000 - 0x00007ffae678a000 	C:\Windows\SYSTEM32\ntdll.dll
0x00007ffae5b60000 - 0x00007ffae5c9a000 	C:\Windows\system32\KERNEL32.DLL
0x00007ffae3d50000 - 0x00007ffae3e5f000 	C:\Windows\system32\KERNELBASE.dll
0x00007ffae2580000 - 0x00007ffae2608000 	C:\Windows\system32\apphelp.dll
0x00007fface8f0000 - 0x00007fface93f000 	C:\Windows\AppPatch\AppPatch64\AcGenral.DLL
0x00007ffae5710000 - 0x00007ffae57b7000 	C:\Windows\system32\msvcrt.dll
0x00007ffae3790000 - 0x00007ffae37bb000 	C:\Windows\SYSTEM32\SspiCli.dll
0x00007ffae5e40000 - 0x00007ffae5e91000 	C:\Windows\system32\SHLWAPI.dll
0x00007ffae6460000 - 0x00007ffae65d1000 	C:\Windows\system32\USER32.dll
0x00007ffae5cc0000 - 0x00007ffae5e38000 	C:\Windows\system32\ole32.dll
0x00007ffae4010000 - 0x00007ffae5427000 	C:\Windows\system32\SHELL32.dll
0x00007ffae2fc0000 - 0x00007ffae2fde000 	C:\Windows\SYSTEM32\USERENV.dll
0x00007ffae5f20000 - 0x00007ffae5fc5000 	C:\Windows\system32\ADVAPI32.dll
0x00007ffade890000 - 0x00007ffade8ab000 	C:\Windows\SYSTEM32\MPR.dll
0x00007ffae6100000 - 0x00007ffae6236000 	C:\Windows\system32\RPCRT4.dll
0x00007ffae5430000 - 0x00007ffae5487000 	C:\Windows\SYSTEM32\sechost.dll
0x00007ffae5530000 - 0x00007ffae5706000 	C:\Windows\SYSTEM32\combase.dll
0x00007ffae3ec0000 - 0x00007ffae4005000 	C:\Windows\system32\GDI32.dll
0x00007ffae3950000 - 0x00007ffae3964000 	C:\Windows\SYSTEM32\profapi.dll
0x00007ffae1fb0000 - 0x00007ffae204f000 	C:\Windows\SYSTEM32\SHCORE.dll
0x00007ffae6240000 - 0x00007ffae6274000 	C:\Windows\system32\IMM32.DLL
0x00007ffae5880000 - 0x00007ffae59b9000 	C:\Windows\system32\MSCTF.dll
0x00007ffae1620000 - 0x00007ffae187a000 	C:\Windows\WinSxS\amd64_microsoft.windows.common-controls_6595b64144ccf1df_6.0.9600.17031_none_6242a4b3ecbb55a1\COMCTL32.dll
0x0000000076040000 - 0x0000000076112000 	C:\Program Files\Java\jdk1.8.0_92\jre\bin\msvcr100.dll
0x0000000076750000 - 0x0000000076fe6000 	C:\Program Files\Java\jdk1.8.0_92\jre\bin\server\jvm.dll
0x00007ffadb460000 - 0x00007ffadb469000 	C:\Windows\SYSTEM32\WSOCK32.dll
0x00007ffad84b0000 - 0x00007ffad84cf000 	C:\Windows\SYSTEM32\WINMM.dll
0x00007ffae1520000 - 0x00007ffae152a000 	C:\Windows\SYSTEM32\VERSION.dll
0x00007ffae6030000 - 0x00007ffae6037000 	C:\Windows\system32\PSAPI.DLL
0x00007ffae5fd0000 - 0x00007ffae6028000 	C:\Windows\system32\WS2_32.dll
0x00007ffad8480000 - 0x00007ffad84aa000 	C:\Windows\SYSTEM32\WINMMBASE.dll
0x00007ffae5cb0000 - 0x00007ffae5cb9000 	C:\Windows\system32\NSI.dll
0x00007ffae3a20000 - 0x00007ffae3a6a000 	C:\Windows\SYSTEM32\cfgmgr32.dll
0x00007ffae27d0000 - 0x00007ffae27f6000 	C:\Windows\SYSTEM32\DEVOBJ.dll
0x0000000050000000 - 0x000000005000f000 	C:\Program Files\Java\jdk1.8.0_92\jre\bin\verify.dll
0x0000000076720000 - 0x0000000076749000 	C:\Program Files\Java\jdk1.8.0_92\jre\bin\java.dll
0x0000000076700000 - 0x0000000076716000 	C:\Program Files\Java\jdk1.8.0_92\jre\bin\zip.dll

VM Arguments:
jvm_args: -Djava.awt.headless=true -Xmx1024M -Dfile.encoding=windows-1252 -Duser.country=US -Duser.language=en -Duser.variant 
java_command: com.android.dx.command.Main --dex --force-jumbo --num-threads=4 --output C:\Zooket\app\build\intermediates\pre-dexed\debug\okhttp-3.5.0_e91d8159a3d7db8ced802dc3bb030e67d837299d.jar C:\Users\Smo\.gradle\caches\modules-2\files-2.1\com.squareup.okhttp3\okhttp\3.5.0\4b0bb6bfbecbdd42b97ff400af342bfe7f32bc83\okhttp-3.5.0.jar
java_class_path (initial): C:\android-sdk-windows\build-tools\24.0.3\lib\dx.jar
Launcher Type: SUN_STANDARD

Environment Variables:
PATH=C:\ProgramData\Oracle\Java\javapath;C:\Windows\system32;C:\Windows;C:\Windows\System32\Wbem;C:\Windows\System32\WindowsPowerShell\v1.0\;C:\Program Files (x86)\NVIDIA Corporation\PhysX\Common;C:\Program Files (x86)\Windows Kits\8.1\Windows Performance Toolkit\;C:\Program Files\Microsoft SQL Server\110\Tools\Binn\;C:\Program Files\Microsoft SQL Server\110\DTS\Binn\;C:\Program Files (x86)\Microsoft SQL Server\110\Tools\Binn\;C:\Program Files (x86)\Microsoft SQL Server\110\Tools\Binn\ManagementStudio\;C:\Program Files (x86)\Microsoft Visual Studio 10.0\Common7\IDE\PrivateAssemblies\;C:\Program Files (x86)\Microsoft SQL Server\110\DTS\Binn\;C:\Program Files (x86)\GtkSharp\2.12\bin;C:\Program Files (x86)\QuickTime\QTSystem\
USERNAME=Smo
OS=Windows_NT
PROCESSOR_IDENTIFIER=Intel64 Family 6 Model 94 Stepping 3, GenuineIntel



---------------  S Y S T E M  ---------------

OS: Windows 8.1 , 64 bit Build 9600 (6.3.9600.17056)

CPU:total 4 (4 cores per cpu, 1 threads per core) family 6 model 94 stepping 3, cmov, cx8, fxsr, mmx, sse, sse2, sse3, ssse3, sse4.1, sse4.2, popcnt, avx, avx2, aes, clmul, erms, 3dnowpref, lzcnt, tsc, tscinvbit, bmi1, bmi2, adx

Memory: 4k page, physical 8266404k(1277852k free), swap 8266404k(5088k free)

vm_info: Java HotSpot(TM) 64-Bit Server VM (25.92-b14) for windows-amd64 JRE (1.8.0_92-b14), built on Mar 31 2016 21:03:04 by "java_re" with MS VC++ 10.0 (VS2010)

time: Thu May 18 19:18:37 2017
elapsed time: 1 seconds (0d 0h 0m 1s)

