#
# There is insufficient memory for the Java Runtime Environment to continue.
# Native memory allocation (malloc) failed to allocate 287376 bytes for Chunk::new
# Possible reasons:
#   The system is out of physical RAM or swap space
#   In 32 bit mode, the process size limit was hit
# Possible solutions:
#   Reduce memory load on the system
#   Increase physical memory or swap space
#   Check if swap backing store is full
#   Use 64 bit Java on a 64 bit OS
#   Decrease Java heap size (-Xmx/-Xms)
#   Decrease number of Java threads
#   Decrease Java thread stack sizes (-Xss)
#   Set larger code cache with -XX:ReservedCodeCacheSize=
# This output file may be truncated or incomplete.
#
#  Out of Memory Error (allocation.cpp:390), pid=7356, tid=0x0000000000001dc4
#
# JRE version: Java(TM) SE Runtime Environment (8.0_92-b14) (build 1.8.0_92-b14)
# Java VM: Java HotSpot(TM) 64-Bit Server VM (25.92-b14 mixed mode windows-amd64 compressed oops)
# Failed to write core dump. Minidumps are not enabled by default on client versions of Windows
#

---------------  T H R E A D  ---------------

Current thread (0x00000000152bf000):  JavaThread "C2 CompilerThread0" daemon [_thread_in_native, id=7620, stack(0x0000000016920000,0x0000000016a20000)]

Stack: [0x0000000016920000,0x0000000016a20000]
[error occurred during error reporting (printing stack bounds), id 0xc0000005]

Native frames: (J=compiled Java code, j=interpreted, Vv=VM code, C=native code)


Current CompileTask:
C2:   1680 1334       4       com.android.dx.ssa.LiteralOpUpgrader$1::visitNonMoveInsn (203 bytes)


---------------  P R O C E S S  ---------------

Java Threads: ( => current thread )
  0x0000000016cce000 JavaThread "pool-1-thread-4" [_thread_blocked, id=7036, stack(0x0000000017620000,0x0000000017720000)]
  0x0000000016cca800 JavaThread "pool-1-thread-3" [_thread_in_Java, id=3096, stack(0x0000000017520000,0x0000000017620000)]
  0x0000000016cca000 JavaThread "pool-1-thread-2" [_thread_blocked, id=7800, stack(0x0000000017420000,0x0000000017520000)]
  0x0000000016cc7000 JavaThread "pool-2-thread-1" [_thread_blocked, id=5688, stack(0x0000000017320000,0x0000000017420000)]
  0x0000000016cba000 JavaThread "pool-1-thread-1" [_thread_blocked, id=7624, stack(0x0000000017220000,0x0000000017320000)]
  0x0000000016b27800 JavaThread "Service Thread" daemon [_thread_blocked, id=6704, stack(0x0000000017020000,0x0000000017120000)]
  0x0000000016b22000 JavaThread "C1 CompilerThread2" daemon [_thread_blocked, id=4952, stack(0x0000000016f20000,0x0000000017020000)]
  0x0000000015318800 JavaThread "C2 CompilerThread1" daemon [_thread_in_native, id=5696, stack(0x0000000016a20000,0x0000000016b20000)]
=>0x00000000152bf000 JavaThread "C2 CompilerThread0" daemon [_thread_in_native, id=7620, stack(0x0000000016920000,0x0000000016a20000)]
  0x00000000152bd000 JavaThread "Attach Listener" daemon [_thread_blocked, id=2100, stack(0x0000000016820000,0x0000000016920000)]
  0x00000000152bc000 JavaThread "Signal Dispatcher" daemon [_thread_blocked, id=3256, stack(0x0000000016720000,0x0000000016820000)]
  0x00000000152aa800 JavaThread "Finalizer" daemon [_thread_blocked, id=6316, stack(0x0000000016540000,0x0000000016640000)]
  0x0000000002be0800 JavaThread "Reference Handler" daemon [_thread_blocked, id=3344, stack(0x0000000016440000,0x0000000016540000)]
  0x0000000002af2800 JavaThread "main" [_thread_blocked, id=8080, stack(0x00000000029c0000,0x0000000002ac0000)]

Other Threads:
  0x0000000015288800 VMThread [stack: 0x0000000016340000,0x0000000016440000] [id=4884]
  0x0000000016b44000 WatcherThread [stack: 0x0000000017120000,0x0000000017220000] [id=8096]

VM state:not at safepoint (normal execution)

VM Mutex/Monitor currently owned by a thread: None

Heap:
 PSYoungGen      total 38400K, used 9801K [0x00000000eab00000, 0x00000000ef600000, 0x0000000100000000)
  eden space 33280K, 14% used [0x00000000eab00000,0x00000000eaf96b08,0x00000000ecb80000)
  from space 5120K, 99% used [0x00000000ed080000,0x00000000ed57bc38,0x00000000ed580000)
  to   space 5120K, 0% used [0x00000000ecb80000,0x00000000ecb80000,0x00000000ed080000)
 ParOldGen       total 87552K, used 5965K [0x00000000c0000000, 0x00000000c5580000, 0x00000000eab00000)
  object space 87552K, 6% used [0x00000000c0000000,0x00000000c05d37e8,0x00000000c5580000)
 Metaspace       used 6134K, capacity 7026K, committed 7296K, reserved 1056768K
  class space    used 603K, capacity 618K, committed 640K, reserved 1048576K

Card table byte_map: [0x0000000011fb0000,0x00000000121c0000] byte_map_base: 0x00000000119b0000

Marking Bits: (ParMarkBitMap*) 0x00000000686b64f0
 Begin Bits: [0x0000000012720000, 0x0000000013720000)
 End Bits:   [0x0000000013720000, 0x0000000014720000)

Polling page: 0x0000000001060000

CodeCache: size=245760Kb used=5923Kb max_used=5923Kb free=239836Kb
 bounds [0x0000000002bf0000, 0x00000000031d0000, 0x0000000011bf0000]
 total_blobs=1707 nmethods=1438 adapters=182
 compilation: enabled

Compilation events (10 events):
Event: 1.658 Thread 0x00000000152bf000 nmethod 1327 0x00000000031a62d0 code [0x00000000031a6c40, 0x00000000031ac0e8]
Event: 1.658 Thread 0x00000000152bf000 1334       4       com.android.dx.ssa.LiteralOpUpgrader$1::visitNonMoveInsn (203 bytes)
Event: 1.662 Thread 0x0000000016b22000 1449       2       com.android.dx.cf.code.Frame::mergeSubroutineLists (90 bytes)
Event: 1.662 Thread 0x0000000016b22000 nmethod 1449 0x00000000031a3c10 code [0x00000000031a3dc0, 0x00000000031a4128]
Event: 1.664 Thread 0x0000000016b22000 1450   !   2       com.android.dx.cf.code.BytecodeArray::parseInstruction (2764 bytes)
Event: 1.669 Thread 0x0000000016b22000 nmethod 1450 0x00000000031b2a10 code [0x00000000031b3940, 0x00000000031b9e68]
Event: 1.671 Thread 0x0000000016b22000 1452       2       com.android.dx.rop.code.Rops::opInvokeDirect (17 bytes)
Event: 1.671 Thread 0x0000000016b22000 nmethod 1452 0x000000000318e590 code [0x000000000318e700, 0x000000000318e918]
Event: 1.672 Thread 0x0000000016b22000 1453       2       com.android.dx.cf.code.Simulator::requiredArrayTypeFor (74 bytes)
Event: 1.672 Thread 0x0000000016b22000 nmethod 1453 0x00000000031a3450 code [0x00000000031a3600, 0x00000000031a3958]

GC Heap History (4 events):
Event: 1.002 GC heap before
{Heap before GC invocations=1 (full 0):
 PSYoungGen      total 38400K, used 33280K [0x00000000eab00000, 0x00000000ed580000, 0x0000000100000000)
  eden space 33280K, 100% used [0x00000000eab00000,0x00000000ecb80000,0x00000000ecb80000)
  from space 5120K, 0% used [0x00000000ed080000,0x00000000ed080000,0x00000000ed580000)
  to   space 5120K, 0% used [0x00000000ecb80000,0x00000000ecb80000,0x00000000ed080000)
 ParOldGen       total 87552K, used 0K [0x00000000c0000000, 0x00000000c5580000, 0x00000000eab00000)
  object space 87552K, 0% used [0x00000000c0000000,0x00000000c0000000,0x00000000c5580000)
 Metaspace       used 5991K, capacity 6898K, committed 7040K, reserved 1056768K
  class space    used 602K, capacity 618K, committed 640K, reserved 1048576K
Event: 1.008 GC heap after
Heap after GC invocations=1 (full 0):
 PSYoungGen      total 38400K, used 5097K [0x00000000eab00000, 0x00000000ed580000, 0x0000000100000000)
  eden space 33280K, 0% used [0x00000000eab00000,0x00000000eab00000,0x00000000ecb80000)
  from space 5120K, 99% used [0x00000000ecb80000,0x00000000ed07a428,0x00000000ed080000)
  to   space 5120K, 0% used [0x00000000ed080000,0x00000000ed080000,0x00000000ed580000)
 ParOldGen       total 87552K, used 1741K [0x00000000c0000000, 0x00000000c5580000, 0x00000000eab00000)
  object space 87552K, 1% used [0x00000000c0000000,0x00000000c01b3428,0x00000000c5580000)
 Metaspace       used 5991K, capacity 6898K, committed 7040K, reserved 1056768K
  class space    used 602K, capacity 618K, committed 640K, reserved 1048576K
}
Event: 1.514 GC heap before
{Heap before GC invocations=2 (full 0):
 PSYoungGen      total 38400K, used 38377K [0x00000000eab00000, 0x00000000ed580000, 0x0000000100000000)
  eden space 33280K, 100% used [0x00000000eab00000,0x00000000ecb80000,0x00000000ecb80000)
  from space 5120K, 99% used [0x00000000ecb80000,0x00000000ed07a428,0x00000000ed080000)
  to   space 5120K, 0% used [0x00000000ed080000,0x00000000ed080000,0x00000000ed580000)
 ParOldGen       total 87552K, used 1741K [0x00000000c0000000, 0x00000000c5580000, 0x00000000eab00000)
  object space 87552K, 1% used [0x00000000c0000000,0x00000000c01b3428,0x00000000c5580000)
 Metaspace       used 6130K, capacity 7026K, committed 7296K, reserved 1056768K
  class space    used 603K, capacity 618K, committed 640K, reserved 1048576K
Event: 1.651 GC heap after
Heap after GC invocations=2 (full 0):
 PSYoungGen      total 38400K, used 5103K [0x00000000eab00000, 0x00000000ef600000, 0x0000000100000000)
  eden space 33280K, 0% used [0x00000000eab00000,0x00000000eab00000,0x00000000ecb80000)
  from space 5120K, 99% used [0x00000000ed080000,0x00000000ed57bc38,0x00000000ed580000)
  to   space 5120K, 0% used [0x00000000ecb80000,0x00000000ecb80000,0x00000000ed080000)
 ParOldGen       total 87552K, used 5965K [0x00000000c0000000, 0x00000000c5580000, 0x00000000eab00000)
  object space 87552K, 6% used [0x00000000c0000000,0x00000000c05d37e8,0x00000000c5580000)
 Metaspace       used 6130K, capacity 7026K, committed 7296K, reserved 1056768K
  class space    used 603K, capacity 618K, committed 640K, reserved 1048576K
}

Deoptimization events (10 events):
Event: 1.303 Thread 0x0000000016cce000 Uncommon trap: reason=bimorphic action=maybe_recompile pc=0x0000000002e180a4 method=java.util.HashMap.getNode(ILjava/lang/Object;)Ljava/util/HashMap$Node; @ 126
Event: 1.303 Thread 0x0000000016cce000 Uncommon trap: reason=bimorphic action=maybe_recompile pc=0x0000000002e180a4 method=java.util.HashMap.getNode(ILjava/lang/Object;)Ljava/util/HashMap$Node; @ 126
Event: 1.303 Thread 0x0000000016cce000 Uncommon trap: reason=bimorphic action=maybe_recompile pc=0x0000000002e180a4 method=java.util.HashMap.getNode(ILjava/lang/Object;)Ljava/util/HashMap$Node; @ 126
Event: 1.304 Thread 0x0000000016cce000 Uncommon trap: reason=bimorphic action=maybe_recompile pc=0x0000000002e30fa4 method=java.util.HashMap.getNode(ILjava/lang/Object;)Ljava/util/HashMap$Node; @ 126
Event: 1.304 Thread 0x0000000016cce000 Uncommon trap: reason=class_check action=maybe_recompile pc=0x000000000300bec4 method=java.util.HashMap.putVal(ILjava/lang/Object;Ljava/lang/Object;ZZ)Ljava/lang/Object; @ 203
Event: 1.323 Thread 0x0000000016cba000 Uncommon trap: reason=class_check action=maybe_recompile pc=0x000000000300bec4 method=java.util.HashMap.putVal(ILjava/lang/Object;Ljava/lang/Object;ZZ)Ljava/lang/Object; @ 203
Event: 1.363 Thread 0x0000000016cca800 Uncommon trap: reason=bimorphic action=maybe_recompile pc=0x000000000313e574 method=com.android.dx.cf.code.BytecodeArray.parseInstruction(ILcom/android/dx/cf/code/BytecodeArray$Visitor;)I @ 1357
Event: 1.363 Thread 0x0000000016cca800 Uncommon trap: reason=bimorphic action=maybe_recompile pc=0x000000000313e574 method=com.android.dx.cf.code.BytecodeArray.parseInstruction(ILcom/android/dx/cf/code/BytecodeArray$Visitor;)I @ 1357
Event: 1.662 Thread 0x0000000016cca800 Uncommon trap: reason=bimorphic action=maybe_recompile pc=0x000000000313d5b0 method=com.android.dx.cf.code.BytecodeArray.parseInstruction(ILcom/android/dx/cf/code/BytecodeArray$Visitor;)I @ 1501
Event: 1.662 Thread 0x0000000016cca800 Uncommon trap: reason=bimorphic action=maybe_recompile pc=0x000000000313d5b0 method=com.android.dx.cf.code.BytecodeArray.parseInstruction(ILcom/android/dx/cf/code/BytecodeArray$Visitor;)I @ 1501

Internal exceptions (4 events):
Event: 0.055 Thread 0x0000000002af2800 Exception <a 'java/lang/NoSuchMethodError': Method sun.misc.Unsafe.defineClass(Ljava/lang/String;[BII)Ljava/lang/Class; name or signature does not match> (0x00000000eab07cc0) thrown at [D:\re\workspace\8-2-build-windows-amd64-cygwin\jdk8u92\6642\hotspot\srÒg¡§yj¬?
Event: 0.055 Thread 0x0000000002af2800 Exception <a 'java/lang/NoSuchMethodError': Method sun.misc.Unsafe.prefetchRead(Ljava/lang/Object;J)V name or signature does not match> (0x00000000eab07fa8) thrown at [D:\re\workspace\8-2-build-windows-amd64-cygwin\jdk8u92\6642\hotspot\src\share\vm\prims\j	;Vð'ë?
Event: 0.849 Thread 0x0000000016cca800 Implicit null exception at 0x0000000002ed2c62 to 0x0000000002ed2d5a
Event: 0.855 Thread 0x0000000016cce000 Implicit null exception at 0x0000000002f5880b to 0x0000000002f58dad

Events (10 events):
Event: 1.363 Thread 0x0000000016cca800 DEOPT PACKING pc=0x000000000313e574 sp=0x000000001761e3a0
Event: 1.363 Thread 0x0000000016cca800 DEOPT UNPACKING pc=0x0000000002c3582a sp=0x000000001761e320 mode 2
Event: 1.366 Executing VM operation: ParallelGCFailedAllocation
Event: 1.651 Executing VM operation: ParallelGCFailedAllocation done
Event: 1.662 Thread 0x0000000016cca800 Uncommon trap: trap_request=0xffffffc6 fr.pc=0x000000000313d5b0
Event: 1.662 Thread 0x0000000016cca800 DEOPT PACKING pc=0x000000000313d5b0 sp=0x000000001761e5e0
Event: 1.662 Thread 0x0000000016cca800 DEOPT UNPACKING pc=0x0000000002c3582a sp=0x000000001761e560 mode 2
Event: 1.662 Thread 0x0000000016cca800 Uncommon trap: trap_request=0xffffffc6 fr.pc=0x000000000313d5b0
Event: 1.662 Thread 0x0000000016cca800 DEOPT PACKING pc=0x000000000313d5b0 sp=0x000000001761e3a0
Event: 1.662 Thread 0x0000000016cca800 DEOPT UNPACKING pc=0x0000000002c3582a sp=0x000000001761e320 mode 2


Dynamic libraries:
0x00007ff725170000 - 0x00007ff7251a7000 	C:\Program Files\Java\jdk1.8.0_92\bin\java.exe
0x00007ffef9f10000 - 0x00007ffefa0ba000 	C:\Windows\SYSTEM32\ntdll.dll
0x00007ffef9b80000 - 0x00007ffef9cba000 	C:\Windows\system32\KERNEL32.DLL
0x00007ffef74a0000 - 0x00007ffef75af000 	C:\Windows\system32\KERNELBASE.dll
0x00007ffef5eb0000 - 0x00007ffef5f38000 	C:\Windows\system32\apphelp.dll
0x00007ffed0010000 - 0x00007ffed005f000 	C:\Windows\AppPatch\AppPatch64\AcGenral.DLL
0x00007ffef9cc0000 - 0x00007ffef9d67000 	C:\Windows\system32\msvcrt.dll
0x00007ffef70c0000 - 0x00007ffef70eb000 	C:\Windows\SYSTEM32\SspiCli.dll
0x00007ffef9320000 - 0x00007ffef9371000 	C:\Windows\system32\SHLWAPI.dll
0x00007ffef9380000 - 0x00007ffef94f1000 	C:\Windows\system32\USER32.dll
0x00007ffef7790000 - 0x00007ffef7908000 	C:\Windows\system32\ole32.dll
0x00007ffef7c70000 - 0x00007ffef9087000 	C:\Windows\system32\SHELL32.dll
0x00007ffef68f0000 - 0x00007ffef690e000 	C:\Windows\SYSTEM32\USERENV.dll
0x00007ffef9090000 - 0x00007ffef9135000 	C:\Windows\system32\ADVAPI32.dll
0x00007ffef22f0000 - 0x00007ffef230b000 	C:\Windows\SYSTEM32\MPR.dll
0x00007ffef79d0000 - 0x00007ffef7b06000 	C:\Windows\system32\RPCRT4.dll
0x00007ffef7c10000 - 0x00007ffef7c67000 	C:\Windows\SYSTEM32\sechost.dll
0x00007ffef9140000 - 0x00007ffef9316000 	C:\Windows\SYSTEM32\combase.dll
0x00007ffef9560000 - 0x00007ffef96a5000 	C:\Windows\system32\GDI32.dll
0x00007ffef7280000 - 0x00007ffef7294000 	C:\Windows\SYSTEM32\profapi.dll
0x00007ffef58e0000 - 0x00007ffef597f000 	C:\Windows\SYSTEM32\SHCORE.dll
0x00007ffef9b40000 - 0x00007ffef9b74000 	C:\Windows\system32\IMM32.DLL
0x00007ffef96b0000 - 0x00007ffef97e9000 	C:\Windows\system32\MSCTF.dll
0x00007ffef4fd0000 - 0x00007ffef522a000 	C:\Windows\WinSxS\amd64_microsoft.windows.common-controls_6595b64144ccf1df_6.0.9600.17031_none_6242a4b3ecbb55a1\COMCTL32.dll
0x0000000067850000 - 0x0000000067922000 	C:\Program Files\Java\jdk1.8.0_92\jre\bin\msvcr100.dll
0x0000000067ea0000 - 0x0000000068736000 	C:\Program Files\Java\jdk1.8.0_92\jre\bin\server\jvm.dll
0x00007ffeeee10000 - 0x00007ffeeee19000 	C:\Windows\SYSTEM32\WSOCK32.dll
0x00007ffeeedc0000 - 0x00007ffeeeddf000 	C:\Windows\SYSTEM32\WINMM.dll
0x00007ffef4f90000 - 0x00007ffef4f9a000 	C:\Windows\SYSTEM32\VERSION.dll
0x00007ffef7b10000 - 0x00007ffef7b17000 	C:\Windows\system32\PSAPI.DLL
0x00007ffef9500000 - 0x00007ffef9558000 	C:\Windows\system32\WS2_32.dll
0x00007ffee99a0000 - 0x00007ffee99ca000 	C:\Windows\SYSTEM32\WINMMBASE.dll
0x00007ffef9b30000 - 0x00007ffef9b39000 	C:\Windows\system32\NSI.dll
0x00007ffef7350000 - 0x00007ffef739a000 	C:\Windows\SYSTEM32\cfgmgr32.dll
0x00007ffef6100000 - 0x00007ffef6126000 	C:\Windows\SYSTEM32\DEVOBJ.dll
0x0000000069210000 - 0x000000006921f000 	C:\Program Files\Java\jdk1.8.0_92\jre\bin\verify.dll
0x00000000691e0000 - 0x0000000069209000 	C:\Program Files\Java\jdk1.8.0_92\jre\bin\java.dll
0x0000000069190000 - 0x00000000691a6000 	C:\Program Files\Java\jdk1.8.0_92\jre\bin\zip.dll

VM Arguments:
jvm_args: -Djava.awt.headless=true -Xmx1024M -Dfile.encoding=windows-1252 -Duser.country=US -Duser.language=en -Duser.variant 
java_command: com.android.dx.command.Main --dex --force-jumbo --num-threads=4 --output C:\Zooket\app\build\intermediates\pre-dexed\debug\com.mohamadamin-persianmaterialdatetimepicker-1.2.1_aefb08b30e09470f707e4860709cd714f791c542.jar C:\Zooket\app\build\intermediates\exploded-aar\com.mohamadamin\persianmaterialdatetimepicker\1.2.1\jars\classes.jar
java_class_path (initial): C:\android-sdk-windows\build-tools\24.0.3\lib\dx.jar
Launcher Type: SUN_STANDARD

Environment Variables:
PATH=C:\ProgramData\Oracle\Java\javapath;C:\Windows\system32;C:\Windows;C:\Windows\System32\Wbem;C:\Windows\System32\WindowsPowerShell\v1.0\;C:\Program Files (x86)\NVIDIA Corporation\PhysX\Common;C:\Program Files (x86)\Windows Kits\8.1\Windows Performance Toolkit\;C:\Program Files\Microsoft SQL Server\110\Tools\Binn\;C:\Program Files\Microsoft SQL Server\110\DTS\Binn\;C:\Program Files (x86)\Microsoft SQL Server\110\Tools\Binn\;C:\Program Files (x86)\Microsoft SQL Server\110\Tools\Binn\ManagementStudio\;C:\Program Files (x86)\Microsoft Visual Studio 10.0\Common7\IDE\PrivateAssemblies\;C:\Program Files (x86)\Microsoft SQL Server\110\DTS\Binn\;C:\Program Files (x86)\GtkSharp\2.12\bin;C:\Program Files (x86)\QuickTime\QTSystem\
USERNAME=Smo
OS=Windows_NT
PROCESSOR_IDENTIFIER=Intel64 Family 6 Model 94 Stepping 3, GenuineIntel



---------------  S Y S T E M  ---------------

OS: Windows 8.1 , 64 bit Build 9600 (6.3.9600.17056)

CPU:total 4 (4 cores per cpu, 1 threads per core) family 6 model 94 stepping 3, cmov, cx8, fxsr, mmx, sse, sse2, sse3, ssse3, sse4.1, sse4.2, popcnt, avx, avx2, aes, clmul, erms, 3dnowpref, lzcnt, tsc, tscinvbit, bmi1, bmi2, adx

Memory: 4k page, physical 8266404k(1403512k free), swap 8266404k(5528k free)

vm_info: Java HotSpot(TM) 64-Bit Server VM (25.92-b14) for windows-amd64 JRE (1.8.0_92-b14), built on Mar 31 2016 21:03:04 by "java_re" with MS VC++ 10.0 (VS2010)

time: Thu May 11 09:59:41 2017
elapsed time: 1 seconds (0d 0h 0m 1s)

