#
# There is insufficient memory for the Java Runtime Environment to continue.
# Native memory allocation (malloc) failed to allocate 32744 bytes for ChunkPool::allocate
# Possible reasons:
#   The system is out of physical RAM or swap space
#   In 32 bit mode, the process size limit was hit
# Possible solutions:
#   Reduce memory load on the system
#   Increase physical memory or swap space
#   Check if swap backing store is full
#   Use 64 bit Java on a 64 bit OS
#   Decrease Java heap size (-Xmx/-Xms)
#   Decrease number of Java threads
#   Decrease Java thread stack sizes (-Xss)
#   Set larger code cache with -XX:ReservedCodeCacheSize=
# This output file may be truncated or incomplete.
#
#  Out of Memory Error (allocation.cpp:273), pid=4076, tid=0x00000000000009b8
#
# JRE version: Java(TM) SE Runtime Environment (8.0_92-b14) (build 1.8.0_92-b14)
# Java VM: Java HotSpot(TM) 64-Bit Server VM (25.92-b14 mixed mode windows-amd64 compressed oops)
# Failed to write core dump. Minidumps are not enabled by default on client versions of Windows
#

---------------  T H R E A D  ---------------

Current thread (0x0000000016331000):  JavaThread "C1 CompilerThread2" daemon [_thread_in_native, id=2488, stack(0x0000000016730000,0x0000000016830000)]

Stack: [0x0000000016730000,0x0000000016830000]
[error occurred during error reporting (printing stack bounds), id 0xc0000005]

Native frames: (J=compiled Java code, j=interpreted, Vv=VM code, C=native code)


Current CompileTask:
C1:    713  576   !   3       com.android.dx.cf.code.BytecodeArray::parseInstruction (2764 bytes)


---------------  P R O C E S S  ---------------

Java Threads: ( => current thread )
  0x0000000016535000 JavaThread "pool-1-thread-4" [_thread_in_Java, id=4336, stack(0x0000000016e30000,0x0000000016f30000)]
  0x00000000164ec000 JavaThread "pool-1-thread-3" [_thread_in_Java, id=7856, stack(0x0000000016d30000,0x0000000016e30000)]
  0x00000000164d3800 JavaThread "pool-1-thread-2" [_thread_blocked, id=5188, stack(0x0000000016c30000,0x0000000016d30000)]
  0x00000000164d0800 JavaThread "pool-2-thread-1" [_thread_blocked, id=8640, stack(0x0000000016b30000,0x0000000016c30000)]
  0x00000000164d0000 JavaThread "pool-1-thread-1" [_thread_in_vm, id=7820, stack(0x0000000016a30000,0x0000000016b30000)]
  0x0000000016336800 JavaThread "Service Thread" daemon [_thread_blocked, id=7664, stack(0x0000000016830000,0x0000000016930000)]
=>0x0000000016331000 JavaThread "C1 CompilerThread2" daemon [_thread_in_native, id=2488, stack(0x0000000016730000,0x0000000016830000)]
  0x0000000014b57800 JavaThread "C2 CompilerThread1" daemon [_thread_blocked, id=8648, stack(0x0000000016230000,0x0000000016330000)]
  0x0000000014afe000 JavaThread "C2 CompilerThread0" daemon [_thread_in_native, id=2104, stack(0x0000000016130000,0x0000000016230000)]
  0x0000000014afc000 JavaThread "Attach Listener" daemon [_thread_blocked, id=10136, stack(0x0000000016030000,0x0000000016130000)]
  0x0000000014afb000 JavaThread "Signal Dispatcher" daemon [_thread_blocked, id=9848, stack(0x0000000015f30000,0x0000000016030000)]
  0x0000000014aea800 JavaThread "Finalizer" daemon [_thread_blocked, id=1088, stack(0x0000000015d50000,0x0000000015e50000)]
  0x0000000002420800 JavaThread "Reference Handler" daemon [_thread_blocked, id=7680, stack(0x0000000015c50000,0x0000000015d50000)]
  0x0000000002332800 JavaThread "main" [_thread_blocked, id=4692, stack(0x0000000002230000,0x0000000002330000)]

Other Threads:
  0x0000000014ac8800 VMThread [stack: 0x0000000015b50000,0x0000000015c50000] [id=7980]
  0x0000000016351800 WatcherThread [stack: 0x0000000016930000,0x0000000016a30000] [id=1772]

VM state:not at safepoint (normal execution)

VM Mutex/Monitor currently owned by a thread: None

Heap:
 PSYoungGen      total 38400K, used 13348K [0x00000000eab00000, 0x00000000ed580000, 0x0000000100000000)
  eden space 33280K, 40% used [0x00000000eab00000,0x00000000eb809310,0x00000000ecb80000)
  from space 5120K, 0% used [0x00000000ed080000,0x00000000ed080000,0x00000000ed580000)
  to   space 5120K, 0% used [0x00000000ecb80000,0x00000000ecb80000,0x00000000ed080000)
 ParOldGen       total 87552K, used 0K [0x00000000c0000000, 0x00000000c5580000, 0x00000000eab00000)
  object space 87552K, 0% used [0x00000000c0000000,0x00000000c0000000,0x00000000c5580000)
 Metaspace       used 5542K, capacity 6512K, committed 6784K, reserved 1056768K
  class space    used 597K, capacity 616K, committed 640K, reserved 1048576K

Card table byte_map: [0x00000000117f0000,0x0000000011a00000] byte_map_base: 0x00000000111f0000

Marking Bits: (ParMarkBitMap*) 0x0000000060c564f0
 Begin Bits: [0x0000000011f60000, 0x0000000012f60000)
 End Bits:   [0x0000000012f60000, 0x0000000013f60000)

Polling page: 0x0000000000b40000

CodeCache: size=245760Kb used=2318Kb max_used=2330Kb free=243441Kb
 bounds [0x0000000002430000, 0x00000000026a0000, 0x0000000011430000]
 total_blobs=844 nmethods=575 adapters=182
 compilation: enabled

Compilation events (10 events):
Event: 0.708 Thread 0x0000000014afe000  583       4       java.util.ArrayList::ensureExplicitCapacity (26 bytes)
Event: 0.708 Thread 0x0000000014b57800 nmethod 581 0x000000000266ded0 code [0x000000000266e000, 0x000000000266e0b8]
Event: 0.708 Thread 0x0000000016331000 nmethod 572 0x0000000002675010 code [0x0000000002675360, 0x0000000002677338]
Event: 0.708 Thread 0x0000000016331000  580       1       com.android.dx.util.FixedSizeList::getOrNull0 (7 bytes)
Event: 0.708 Thread 0x0000000016331000 nmethod 580 0x000000000266d090 code [0x000000000266d1e0, 0x000000000266d310]
Event: 0.708 Thread 0x0000000016331000  576   !   3       com.android.dx.cf.code.BytecodeArray::parseInstruction (2764 bytes)
Event: 0.709 Thread 0x0000000014afe000 nmethod 583 0x00000000026712d0 code [0x0000000002671420, 0x0000000002671678]
Event: 0.711 Thread 0x0000000014b57800  591       4       com.android.dx.cf.code.LineNumberList::get (9 bytes)
Event: 0.712 Thread 0x0000000014afe000  592       4       com.android.dx.util.IntList::add (65 bytes)
Event: 0.712 Thread 0x0000000014b57800 nmethod 591 0x0000000002670f50 code [0x00000000026710a0, 0x0000000002671178]

GC Heap History (0 events):
No events

Deoptimization events (1 events):
Event: 0.692 Thread 0x00000000164ec000 Uncommon trap: reason=unstable_if action=reinterpret pc=0x000000000263ae30 method=java.util.HashMap.getNode(ILjava/lang/Object;)Ljava/util/HashMap$Node; @ 62

Internal exceptions (2 events):
Event: 0.032 Thread 0x0000000002332800 Exception <a 'java/lang/NoSuchMethodError': Method sun.misc.Unsafe.defineClass(Ljava/lang/String;[BII)Ljava/lang/Class; name or signature does not match> (0x00000000eab07cc0) thrown at [D:\re\workspace\8-2-build-windows-amd64-cygwin\jdk8u92\6642\hotspot\srp¾~ÌN1 ?
Event: 0.032 Thread 0x0000000002332800 Exception <a 'java/lang/NoSuchMethodError': Method sun.misc.Unsafe.prefetchRead(Ljava/lang/Object;J)V name or signature does not match> (0x00000000eab07fa8) thrown at [D:\re\workspace\8-2-build-windows-amd64-cygwin\jdk8u92\6642\hotspot\src\share\vm\prims\j

Events (10 events):
Event: 0.688 loading class java/util/HashMap$Values done
Event: 0.688 loading class java/util/HashMap$ValueIterator
Event: 0.688 loading class java/util/HashMap$ValueIterator done
Event: 0.692 Thread 0x00000000164ec000 Uncommon trap: trap_request=0xffffff65 fr.pc=0x000000000263ae30
Event: 0.692 Thread 0x00000000164ec000 DEOPT PACKING pc=0x000000000263ae30 sp=0x0000000016e2e0e0
Event: 0.692 Thread 0x00000000164ec000 DEOPT UNPACKING pc=0x000000000247582a sp=0x0000000016e2e058 mode 2
Event: 0.698 loading class com/android/dx/ssa/back/FirstFitLocalCombiningAllocator$Multiset
Event: 0.698 loading class com/android/dx/ssa/back/FirstFitLocalCombiningAllocator$Multiset done
Event: 0.707 loading class com/android/dx/cf/code/BytecodeArray$ConstantParserVisitor
Event: 0.707 loading class com/android/dx/cf/code/BytecodeArray$ConstantParserVisitor done


Dynamic libraries:
0x00007ff7b9a90000 - 0x00007ff7b9ac7000 	C:\Program Files\Java\jdk1.8.0_92\bin\java.exe
0x00007ff8c1da0000 - 0x00007ff8c1f4a000 	C:\Windows\SYSTEM32\ntdll.dll
0x00007ff8c1530000 - 0x00007ff8c166a000 	C:\Windows\system32\KERNEL32.DLL
0x00007ff8bf4c0000 - 0x00007ff8bf5cf000 	C:\Windows\system32\KERNELBASE.dll
0x00007ff8bdd40000 - 0x00007ff8bddc8000 	C:\Windows\system32\apphelp.dll
0x00007ff8aa780000 - 0x00007ff8aa7cf000 	C:\Windows\AppPatch\AppPatch64\AcGenral.DLL
0x00007ff8c1ce0000 - 0x00007ff8c1d87000 	C:\Windows\system32\msvcrt.dll
0x00007ff8bef50000 - 0x00007ff8bef7b000 	C:\Windows\SYSTEM32\SspiCli.dll
0x00007ff8bf7c0000 - 0x00007ff8bf811000 	C:\Windows\system32\SHLWAPI.dll
0x00007ff8c1680000 - 0x00007ff8c17f1000 	C:\Windows\system32\USER32.dll
0x00007ff8c1800000 - 0x00007ff8c1978000 	C:\Windows\system32\ole32.dll
0x00007ff8bfdc0000 - 0x00007ff8c11d7000 	C:\Windows\system32\SHELL32.dll
0x00007ff8be780000 - 0x00007ff8be79e000 	C:\Windows\SYSTEM32\USERENV.dll
0x00007ff8c1380000 - 0x00007ff8c1425000 	C:\Windows\system32\ADVAPI32.dll
0x00007ff8ba5f0000 - 0x00007ff8ba60b000 	C:\Windows\SYSTEM32\MPR.dll
0x00007ff8bf620000 - 0x00007ff8bf756000 	C:\Windows\system32\RPCRT4.dll
0x00007ff8bfa70000 - 0x00007ff8bfac7000 	C:\Windows\SYSTEM32\sechost.dll
0x00007ff8c1b00000 - 0x00007ff8c1cd6000 	C:\Windows\SYSTEM32\combase.dll
0x00007ff8bfc70000 - 0x00007ff8bfdb5000 	C:\Windows\system32\GDI32.dll
0x00007ff8bf110000 - 0x00007ff8bf124000 	C:\Windows\SYSTEM32\profapi.dll
0x00007ff8bd770000 - 0x00007ff8bd80f000 	C:\Windows\SYSTEM32\SHCORE.dll
0x00007ff8c1430000 - 0x00007ff8c1464000 	C:\Windows\system32\IMM32.DLL
0x00007ff8c11e0000 - 0x00007ff8c1319000 	C:\Windows\system32\MSCTF.dll
0x00007ff8bcef0000 - 0x00007ff8bd14a000 	C:\Windows\WinSxS\amd64_microsoft.windows.common-controls_6595b64144ccf1df_6.0.9600.17031_none_6242a4b3ecbb55a1\COMCTL32.dll
0x000000005fcc0000 - 0x000000005fd92000 	C:\Program Files\Java\jdk1.8.0_92\jre\bin\msvcr100.dll
0x0000000060440000 - 0x0000000060cd6000 	C:\Program Files\Java\jdk1.8.0_92\jre\bin\server\jvm.dll
0x00007ff8ba780000 - 0x00007ff8ba789000 	C:\Windows\SYSTEM32\WSOCK32.dll
0x00007ff8baf20000 - 0x00007ff8baf3f000 	C:\Windows\SYSTEM32\WINMM.dll
0x00007ff8bce20000 - 0x00007ff8bce2a000 	C:\Windows\SYSTEM32\VERSION.dll
0x00007ff8c1670000 - 0x00007ff8c1677000 	C:\Windows\system32\PSAPI.DLL
0x00007ff8c1320000 - 0x00007ff8c1378000 	C:\Windows\system32\WS2_32.dll
0x00007ff8ba790000 - 0x00007ff8ba7ba000 	C:\Windows\SYSTEM32\WINMMBASE.dll
0x00007ff8bf820000 - 0x00007ff8bf829000 	C:\Windows\system32\NSI.dll
0x00007ff8bf1e0000 - 0x00007ff8bf22a000 	C:\Windows\SYSTEM32\cfgmgr32.dll
0x00007ff8bdf90000 - 0x00007ff8bdfb6000 	C:\Windows\SYSTEM32\DEVOBJ.dll
0x0000000060f50000 - 0x0000000060f5f000 	C:\Program Files\Java\jdk1.8.0_92\jre\bin\verify.dll
0x0000000060410000 - 0x0000000060439000 	C:\Program Files\Java\jdk1.8.0_92\jre\bin\java.dll
0x00000000603f0000 - 0x0000000060406000 	C:\Program Files\Java\jdk1.8.0_92\jre\bin\zip.dll

VM Arguments:
jvm_args: -Djava.awt.headless=true -Xmx1024M -Dfile.encoding=windows-1252 -Duser.country=US -Duser.language=en -Duser.variant 
java_command: com.android.dx.command.Main --dex --force-jumbo --num-threads=4 --output C:\Zooket\app\build\intermediates\pre-dexed\debug\okio-1.11.0_3a08f2e846b4841e2f4e19ac9ba7749753cfb1c1.jar C:\Users\Smo\.gradle\caches\modules-2\files-2.1\com.squareup.okio\okio\1.11.0\840897fcd7223a8143f1d9b6f69714e7be34fd50\okio-1.11.0.jar
java_class_path (initial): C:\android-sdk-windows\build-tools\24.0.3\lib\dx.jar
Launcher Type: SUN_STANDARD

Environment Variables:
PATH=C:\ProgramData\Oracle\Java\javapath;C:\Windows\system32;C:\Windows;C:\Windows\System32\Wbem;C:\Windows\System32\WindowsPowerShell\v1.0\;C:\Program Files (x86)\NVIDIA Corporation\PhysX\Common;C:\Program Files (x86)\Windows Kits\8.1\Windows Performance Toolkit\;C:\Program Files\Microsoft SQL Server\110\Tools\Binn\;C:\Program Files\Microsoft SQL Server\110\DTS\Binn\;C:\Program Files (x86)\Microsoft SQL Server\110\Tools\Binn\;C:\Program Files (x86)\Microsoft SQL Server\110\Tools\Binn\ManagementStudio\;C:\Program Files (x86)\Microsoft Visual Studio 10.0\Common7\IDE\PrivateAssemblies\;C:\Program Files (x86)\Microsoft SQL Server\110\DTS\Binn\;C:\Program Files (x86)\GtkSharp\2.12\bin;C:\Program Files (x86)\QuickTime\QTSystem\
USERNAME=Smo
OS=Windows_NT
PROCESSOR_IDENTIFIER=Intel64 Family 6 Model 94 Stepping 3, GenuineIntel



---------------  S Y S T E M  ---------------

OS: Windows 8.1 , 64 bit Build 9600 (6.3.9600.17056)

CPU:total 4 (4 cores per cpu, 1 threads per core) family 6 model 94 stepping 3, cmov, cx8, fxsr, mmx, sse, sse2, sse3, ssse3, sse4.1, sse4.2, popcnt, avx, avx2, aes, clmul, erms, 3dnowpref, lzcnt, tsc, tscinvbit, bmi1, bmi2, adx

Memory: 4k page, physical 8266404k(1371940k free), swap 8266404k(5136k free)

vm_info: Java HotSpot(TM) 64-Bit Server VM (25.92-b14) for windows-amd64 JRE (1.8.0_92-b14), built on Mar 31 2016 21:03:04 by "java_re" with MS VC++ 10.0 (VS2010)

time: Tue May 09 12:01:47 2017
elapsed time: 0 seconds (0d 0h 0m 0s)

