#
# There is insufficient memory for the Java Runtime Environment to continue.
# Native memory allocation (malloc) failed to allocate 747056 bytes for Chunk::new
# Possible reasons:
#   The system is out of physical RAM or swap space
#   In 32 bit mode, the process size limit was hit
# Possible solutions:
#   Reduce memory load on the system
#   Increase physical memory or swap space
#   Check if swap backing store is full
#   Use 64 bit Java on a 64 bit OS
#   Decrease Java heap size (-Xmx/-Xms)
#   Decrease number of Java threads
#   Decrease Java thread stack sizes (-Xss)
#   Set larger code cache with -XX:ReservedCodeCacheSize=
# This output file may be truncated or incomplete.
#
#  Out of Memory Error (allocation.cpp:390), pid=8172, tid=0x0000000000000178
#
# JRE version: Java(TM) SE Runtime Environment (8.0_92-b14) (build 1.8.0_92-b14)
# Java VM: Java HotSpot(TM) 64-Bit Server VM (25.92-b14 mixed mode windows-amd64 compressed oops)
# Failed to write core dump. Minidumps are not enabled by default on client versions of Windows
#

---------------  T H R E A D  ---------------

Current thread (0x000000001472e000):  JavaThread "C2 CompilerThread0" daemon [_thread_in_native, id=376, stack(0x0000000015c90000,0x0000000015d90000)]

Stack: [0x0000000015c90000,0x0000000015d90000]
[error occurred during error reporting (printing stack bounds), id 0xc0000005]

Native frames: (J=compiled Java code, j=interpreted, Vv=VM code, C=native code)


Current CompileTask:
C2:   2457 1058   !   4       com.android.dx.cf.code.BytecodeArray::parseInstruction (2764 bytes)


---------------  P R O C E S S  ---------------

Java Threads: ( => current thread )
  0x000000001611b800 JavaThread "pool-1-thread-3" [_thread_in_vm, id=3832, stack(0x0000000016890000,0x0000000016990000)]
  0x000000001610f000 JavaThread "pool-2-thread-1" [_thread_blocked, id=8020, stack(0x0000000016690000,0x0000000016790000)]
  0x0000000015e96800 JavaThread "Service Thread" daemon [_thread_blocked, id=9316, stack(0x0000000016390000,0x0000000016490000)]
  0x0000000015e91000 JavaThread "C1 CompilerThread2" daemon [_thread_blocked, id=9900, stack(0x0000000016290000,0x0000000016390000)]
  0x0000000014787000 JavaThread "C2 CompilerThread1" daemon [_thread_in_native, id=8784, stack(0x0000000015d90000,0x0000000015e90000)]
=>0x000000001472e000 JavaThread "C2 CompilerThread0" daemon [_thread_in_native, id=376, stack(0x0000000015c90000,0x0000000015d90000)]
  0x000000001472c000 JavaThread "Attach Listener" daemon [_thread_blocked, id=5608, stack(0x0000000015b90000,0x0000000015c90000)]
  0x000000001472a800 JavaThread "Signal Dispatcher" daemon [_thread_blocked, id=9732, stack(0x0000000015a90000,0x0000000015b90000)]
  0x000000001471a800 JavaThread "Finalizer" daemon [_thread_blocked, id=3628, stack(0x0000000015990000,0x0000000015a90000)]
  0x0000000001f60800 JavaThread "Reference Handler" daemon [_thread_blocked, id=3712, stack(0x0000000015890000,0x0000000015990000)]
  0x0000000001e72800 JavaThread "main" [_thread_blocked, id=7584, stack(0x0000000001cb0000,0x0000000001db0000)]

Other Threads:
  0x00000000146f8800 VMThread [stack: 0x0000000015790000,0x0000000015890000] [id=5292]
  0x0000000015eb1800 WatcherThread [stack: 0x0000000016490000,0x0000000016590000] [id=6908]

VM state:not at safepoint (normal execution)

VM Mutex/Monitor currently owned by a thread: None

Heap:
 PSYoungGen      total 38400K, used 24668K [0x00000000eab00000, 0x00000000ed580000, 0x0000000100000000)
  eden space 33280K, 74% used [0x00000000eab00000,0x00000000ec317140,0x00000000ecb80000)
  from space 5120K, 0% used [0x00000000ed080000,0x00000000ed080000,0x00000000ed580000)
  to   space 5120K, 0% used [0x00000000ecb80000,0x00000000ecb80000,0x00000000ed080000)
 ParOldGen       total 87552K, used 0K [0x00000000c0000000, 0x00000000c5580000, 0x00000000eab00000)
  object space 87552K, 0% used [0x00000000c0000000,0x00000000c0000000,0x00000000c5580000)
 Metaspace       used 5842K, capacity 6772K, committed 7040K, reserved 1056768K
  class space    used 595K, capacity 620K, committed 640K, reserved 1048576K

Card table byte_map: [0x0000000011420000,0x0000000011630000] byte_map_base: 0x0000000010e20000

Marking Bits: (ParMarkBitMap*) 0x0000000073fc64f0
 Begin Bits: [0x0000000011b90000, 0x0000000012b90000)
 End Bits:   [0x0000000012b90000, 0x0000000013b90000)

Polling page: 0x0000000001db0000

CodeCache: size=245760Kb used=4219Kb max_used=4229Kb free=241541Kb
 bounds [0x0000000002060000, 0x0000000002490000, 0x0000000011060000]
 total_blobs=1332 nmethods=1063 adapters=181
 compilation: enabled

Compilation events (10 events):
Event: 2.408 Thread 0x0000000015e91000 nmethod 1060 0x0000000002464e10 code [0x0000000002464fa0, 0x0000000002465550]
Event: 2.408 Thread 0x0000000015e91000 1061       3       com.android.dx.rop.cst.CstType::hashCode (8 bytes)
Event: 2.408 Thread 0x0000000015e91000 nmethod 1061 0x00000000024604d0 code [0x0000000002460640, 0x0000000002460928]
Event: 2.408 Thread 0x0000000014787000 1062       4       com.android.dx.ssa.SsaMethod::bitSetFromLabelList (47 bytes)
Event: 2.413 Thread 0x0000000014787000 nmethod 1062 0x000000000245f990 code [0x000000000245fb00, 0x000000000245ff88]
Event: 2.413 Thread 0x0000000014787000 1063       4       com.android.dx.util.BitIntSet::has (28 bytes)
Event: 2.414 Thread 0x0000000014787000 nmethod 1063 0x000000000245f690 code [0x000000000245f7c0, 0x000000000245f898]
Event: 2.414 Thread 0x0000000014787000 1064       4       com.android.dx.ssa.SsaRenamer$BlockRenamer::processResultReg (56 bytes)
Event: 2.418 Thread 0x0000000014787000 nmethod 1064 0x000000000247e990 code [0x000000000247eae0, 0x000000000247ede8]
Event: 2.418 Thread 0x0000000014787000 1065       4       com.android.dx.ssa.SCCP::simulateStmt (481 bytes)

GC Heap History (0 events):
No events

Deoptimization events (6 events):
Event: 2.104 Thread 0x000000001608f000 Uncommon trap: reason=class_check action=maybe_recompile pc=0x00000000022b2a30 method=com.android.dx.ssa.NormalSsaInsn.accept(Lcom/android/dx/ssa/SsaInsn$Visitor;)V @ 9
Event: 2.104 Thread 0x000000001608f000 Uncommon trap: reason=class_check action=maybe_recompile pc=0x000000000226ebf0 method=com.android.dx.ssa.NormalSsaInsn.accept(Lcom/android/dx/ssa/SsaInsn$Visitor;)V @ 9
Event: 2.121 Thread 0x000000001611b800 Uncommon trap: reason=null_check action=make_not_entrant pc=0x00000000022e8f68 method=com.android.dx.rop.type.Type.equals(Ljava/lang/Object;)Z @ 8
Event: 2.123 Thread 0x000000001611b800 Uncommon trap: reason=class_check action=maybe_recompile pc=0x00000000022b2a30 method=com.android.dx.ssa.NormalSsaInsn.accept(Lcom/android/dx/ssa/SsaInsn$Visitor;)V @ 9
Event: 2.309 Thread 0x000000001611b800 Uncommon trap: reason=class_check action=maybe_recompile pc=0x00000000022b2a30 method=com.android.dx.ssa.NormalSsaInsn.accept(Lcom/android/dx/ssa/SsaInsn$Visitor;)V @ 9
Event: 2.400 Thread 0x000000001611b800 Uncommon trap: reason=unstable_if action=reinterpret pc=0x00000000023b58a8 method=com.android.dx.util.IntList.binarysearch(I)I @ 105

Internal exceptions (3 events):
Event: 0.321 Thread 0x0000000001e72800 Exception <a 'java/lang/NoSuchMethodError': Method sun.misc.Unsafe.defineClass(Ljava/lang/String;[BII)Ljava/lang/Class; name or signature does not match> (0x00000000eab07cc0) thrown at [D:\re\workspace\8-2-build-windows-amd64-cygwin\jdk8u92\6642\hotspot\srXEž]‹Ô?
Event: 0.321 Thread 0x0000000001e72800 Exception <a 'java/lang/NoSuchMethodError': Method sun.misc.Unsafe.prefetchRead(Ljava/lang/Object;J)V name or signature does not match> (0x00000000eab07fa8) thrown at [D:\re\workspace\8-2-build-windows-amd64-cygwin\jdk8u92\6642\hotspot\src\share\vm\prims\j’–Ô;²ø
Event: 2.121 Thread 0x000000001611b800 Implicit null exception at 0x00000000022e8e62 to 0x00000000022e8f5a

Events (10 events):
Event: 2.123 Thread 0x000000001611b800 DEOPT UNPACKING pc=0x00000000020a582a sp=0x000000001698e980 mode 2
Event: 2.256 Thread 0x000000001611a800 Thread exited: 0x000000001611a800
Event: 2.289 Thread 0x000000001611c000 Thread exited: 0x000000001611c000
Event: 2.309 Thread 0x000000001611b800 Uncommon trap: trap_request=0xffffffde fr.pc=0x00000000022b2a30
Event: 2.309 Thread 0x000000001611b800 DEOPT PACKING pc=0x00000000022b2a30 sp=0x000000001698ea20
Event: 2.309 Thread 0x000000001611b800 DEOPT UNPACKING pc=0x00000000020a582a sp=0x000000001698e960 mode 2
Event: 2.315 Thread 0x000000001608f000 Thread exited: 0x000000001608f000
Event: 2.400 Thread 0x000000001611b800 Uncommon trap: trap_request=0xffffff65 fr.pc=0x00000000023b58a8
Event: 2.400 Thread 0x000000001611b800 DEOPT PACKING pc=0x00000000023b58a8 sp=0x000000001698e9f0
Event: 2.400 Thread 0x000000001611b800 DEOPT UNPACKING pc=0x00000000020a582a sp=0x000000001698e968 mode 2


Dynamic libraries:
0x00007ff721820000 - 0x00007ff721857000 	C:\Program Files\Java\jdk1.8.0_92\bin\java.exe
0x00007fff6ded0000 - 0x00007fff6e07a000 	C:\Windows\SYSTEM32\ntdll.dll
0x00007fff6c140000 - 0x00007fff6c27a000 	C:\Windows\system32\KERNEL32.DLL
0x00007fff6b360000 - 0x00007fff6b46f000 	C:\Windows\system32\KERNELBASE.dll
0x00007fff69e70000 - 0x00007fff69ef8000 	C:\Windows\system32\apphelp.dll
0x00007fff4c570000 - 0x00007fff4c5bf000 	C:\Windows\AppPatch\AppPatch64\AcGenral.DLL
0x00007fff6c090000 - 0x00007fff6c137000 	C:\Windows\system32\msvcrt.dll
0x00007fff6b080000 - 0x00007fff6b0ab000 	C:\Windows\SYSTEM32\SspiCli.dll
0x00007fff6bd90000 - 0x00007fff6bde1000 	C:\Windows\system32\SHLWAPI.dll
0x00007fff6bb90000 - 0x00007fff6bd01000 	C:\Windows\system32\USER32.dll
0x00007fff6c570000 - 0x00007fff6c6e8000 	C:\Windows\system32\ole32.dll
0x00007fff6c760000 - 0x00007fff6db77000 	C:\Windows\system32\SHELL32.dll
0x00007fff6a8b0000 - 0x00007fff6a8ce000 	C:\Windows\SYSTEM32\USERENV.dll
0x00007fff6c4c0000 - 0x00007fff6c565000 	C:\Windows\system32\ADVAPI32.dll
0x00007fff665b0000 - 0x00007fff665cb000 	C:\Windows\SYSTEM32\MPR.dll
0x00007fff6ba50000 - 0x00007fff6bb86000 	C:\Windows\system32\RPCRT4.dll
0x00007fff6bd30000 - 0x00007fff6bd87000 	C:\Windows\SYSTEM32\sechost.dll
0x00007fff6c2e0000 - 0x00007fff6c4b6000 	C:\Windows\SYSTEM32\combase.dll
0x00007fff6bdf0000 - 0x00007fff6bf35000 	C:\Windows\system32\GDI32.dll
0x00007fff6b240000 - 0x00007fff6b254000 	C:\Windows\SYSTEM32\profapi.dll
0x00007fff698a0000 - 0x00007fff6993f000 	C:\Windows\SYSTEM32\SHCORE.dll
0x00007fff6dce0000 - 0x00007fff6dd14000 	C:\Windows\system32\IMM32.DLL
0x00007fff6bf40000 - 0x00007fff6c079000 	C:\Windows\system32\MSCTF.dll
0x00007fff68eb0000 - 0x00007fff6910a000 	C:\Windows\WinSxS\amd64_microsoft.windows.common-controls_6595b64144ccf1df_6.0.9600.17031_none_6242a4b3ecbb55a1\COMCTL32.dll
0x0000000073320000 - 0x00000000733f2000 	C:\Program Files\Java\jdk1.8.0_92\jre\bin\msvcr100.dll
0x00000000737b0000 - 0x0000000074046000 	C:\Program Files\Java\jdk1.8.0_92\jre\bin\server\jvm.dll
0x00007fff62d00000 - 0x00007fff62d09000 	C:\Windows\SYSTEM32\WSOCK32.dll
0x00007fff62420000 - 0x00007fff6243f000 	C:\Windows\SYSTEM32\WINMM.dll
0x00007fff68e70000 - 0x00007fff68e7a000 	C:\Windows\SYSTEM32\VERSION.dll
0x00007fff6c6f0000 - 0x00007fff6c6f7000 	C:\Windows\system32\PSAPI.DLL
0x00007fff6b9f0000 - 0x00007fff6ba48000 	C:\Windows\system32\WS2_32.dll
0x00007fff62190000 - 0x00007fff621ba000 	C:\Windows\SYSTEM32\WINMMBASE.dll
0x00007fff6dd20000 - 0x00007fff6dd29000 	C:\Windows\system32\NSI.dll
0x00007fff6b310000 - 0x00007fff6b35a000 	C:\Windows\SYSTEM32\cfgmgr32.dll
0x00007fff6a0c0000 - 0x00007fff6a0e6000 	C:\Windows\SYSTEM32\DEVOBJ.dll
0x00000000737a0000 - 0x00000000737af000 	C:\Program Files\Java\jdk1.8.0_92\jre\bin\verify.dll
0x0000000073770000 - 0x0000000073799000 	C:\Program Files\Java\jdk1.8.0_92\jre\bin\java.dll
0x0000000073750000 - 0x0000000073766000 	C:\Program Files\Java\jdk1.8.0_92\jre\bin\zip.dll

VM Arguments:
jvm_args: -Djava.awt.headless=true -Xmx1024M -Dfile.encoding=windows-1252 -Duser.country=US -Duser.language=en -Duser.variant 
java_command: com.android.dx.command.Main --dex --num-threads=4 --output C:\Zooket\app\build\intermediates\pre-dexed\debug\com.google.android.gms-play-services-iid-9.0.1_16a7600e58e31e3d7ea7e6c15e8480578a99d2b7.jar C:\Zooket\app\build\intermediates\exploded-aar\com.google.android.gms\play-services-iid\9.0.1\jars\classes.jar
java_class_path (initial): C:\android-sdk-windows\build-tools\24.0.3\lib\dx.jar
Launcher Type: SUN_STANDARD

Environment Variables:
PATH=C:\ProgramData\Oracle\Java\javapath;C:\Windows\system32;C:\Windows;C:\Windows\System32\Wbem;C:\Windows\System32\WindowsPowerShell\v1.0\;C:\Program Files (x86)\NVIDIA Corporation\PhysX\Common;C:\Program Files (x86)\Windows Kits\8.1\Windows Performance Toolkit\;C:\Program Files\Microsoft SQL Server\110\Tools\Binn\;C:\Program Files\Microsoft SQL Server\110\DTS\Binn\;C:\Program Files (x86)\Microsoft SQL Server\110\Tools\Binn\;C:\Program Files (x86)\Microsoft SQL Server\110\Tools\Binn\ManagementStudio\;C:\Program Files (x86)\Microsoft Visual Studio 10.0\Common7\IDE\PrivateAssemblies\;C:\Program Files (x86)\Microsoft SQL Server\110\DTS\Binn\;C:\Program Files (x86)\GtkSharp\2.12\bin;C:\Program Files (x86)\QuickTime\QTSystem\
USERNAME=Smo
OS=Windows_NT
PROCESSOR_IDENTIFIER=Intel64 Family 6 Model 94 Stepping 3, GenuineIntel



---------------  S Y S T E M  ---------------

OS: Windows 8.1 , 64 bit Build 9600 (6.3.9600.17056)

CPU:total 4 (4 cores per cpu, 1 threads per core) family 6 model 94 stepping 3, cmov, cx8, fxsr, mmx, sse, sse2, sse3, ssse3, sse4.1, sse4.2, popcnt, avx, avx2, aes, clmul, erms, 3dnowpref, lzcnt, tsc, tscinvbit, bmi1, bmi2, adx

Memory: 4k page, physical 8266404k(1192388k free), swap 8266404k(5680k free)

vm_info: Java HotSpot(TM) 64-Bit Server VM (25.92-b14) for windows-amd64 JRE (1.8.0_92-b14), built on Mar 31 2016 21:03:04 by "java_re" with MS VC++ 10.0 (VS2010)

time: Tue Jun 06 21:11:40 2017
elapsed time: 2 seconds (0d 0h 0m 2s)

