#
# There is insufficient memory for the Java Runtime Environment to continue.
# Native memory allocation (malloc) failed to allocate 196688 bytes for Chunk::new
# Possible reasons:
#   The system is out of physical RAM or swap space
#   In 32 bit mode, the process size limit was hit
# Possible solutions:
#   Reduce memory load on the system
#   Increase physical memory or swap space
#   Check if swap backing store is full
#   Use 64 bit Java on a 64 bit OS
#   Decrease Java heap size (-Xmx/-Xms)
#   Decrease number of Java threads
#   Decrease Java thread stack sizes (-Xss)
#   Set larger code cache with -XX:ReservedCodeCacheSize=
# This output file may be truncated or incomplete.
#
#  Out of Memory Error (allocation.cpp:390), pid=8984, tid=0x00000000000022d8
#
# JRE version: Java(TM) SE Runtime Environment (8.0_92-b14) (build 1.8.0_92-b14)
# Java VM: Java HotSpot(TM) 64-Bit Server VM (25.92-b14 mixed mode windows-amd64 compressed oops)
# Failed to write core dump. Minidumps are not enabled by default on client versions of Windows
#

---------------  T H R E A D  ---------------

Current thread (0x0000000014546800):  JavaThread "C2 CompilerThread1" daemon [_thread_in_native, id=8920, stack(0x0000000015c40000,0x0000000015d40000)]

Stack: [0x0000000015c40000,0x0000000015d40000]
[error occurred during error reporting (printing stack bounds), id 0xc0000005]

Native frames: (J=compiled Java code, j=interpreted, Vv=VM code, C=native code)


Current CompileTask:
C2:    650 1045       4       com.android.dx.ssa.SCCP::simulateStmt (481 bytes)


---------------  P R O C E S S  ---------------

Java Threads: ( => current thread )
  0x0000000015ee6800 JavaThread "pool-1-thread-4" [_thread_in_Java, id=8732, stack(0x0000000016840000,0x0000000016940000)]
  0x0000000015ee4000 JavaThread "pool-1-thread-3" [_thread_in_Java, id=8844, stack(0x0000000016740000,0x0000000016840000)]
  0x0000000015ee3000 JavaThread "pool-1-thread-2" [_thread_in_Java, id=8200, stack(0x0000000016640000,0x0000000016740000)]
  0x0000000015ee0800 JavaThread "pool-2-thread-1" [_thread_blocked, id=7404, stack(0x0000000016540000,0x0000000016640000)]
  0x0000000015edb000 JavaThread "pool-1-thread-1" [_thread_in_Java, id=8508, stack(0x0000000016440000,0x0000000016540000)]
  0x0000000015d46800 JavaThread "Service Thread" daemon [_thread_blocked, id=9076, stack(0x0000000016240000,0x0000000016340000)]
  0x0000000015d40800 JavaThread "C1 CompilerThread2" daemon [_thread_in_native, id=8904, stack(0x0000000016140000,0x0000000016240000)]
=>0x0000000014546800 JavaThread "C2 CompilerThread1" daemon [_thread_in_native, id=8920, stack(0x0000000015c40000,0x0000000015d40000)]
  0x00000000144ed000 JavaThread "C2 CompilerThread0" daemon [_thread_in_native, id=9012, stack(0x0000000015b40000,0x0000000015c40000)]
  0x00000000144eb000 JavaThread "Attach Listener" daemon [_thread_blocked, id=1932, stack(0x0000000015a40000,0x0000000015b40000)]
  0x00000000144ea000 JavaThread "Signal Dispatcher" daemon [_thread_blocked, id=80, stack(0x0000000015940000,0x0000000015a40000)]
  0x0000000001e1a800 JavaThread "Finalizer" daemon [_thread_blocked, id=6248, stack(0x0000000015750000,0x0000000015850000)]
  0x00000000144b9000 JavaThread "Reference Handler" daemon [_thread_blocked, id=8612, stack(0x0000000015650000,0x0000000015750000)]
  0x0000000001d22800 JavaThread "main" [_thread_in_Java, id=8728, stack(0x0000000001c20000,0x0000000001d20000)]

Other Threads:
  0x00000000144b7800 VMThread [stack: 0x0000000015550000,0x0000000015650000] [id=4320]
  0x0000000015d62000 WatcherThread [stack: 0x0000000016340000,0x0000000016440000] [id=3324]

VM state:not at safepoint (normal execution)

VM Mutex/Monitor currently owned by a thread: None

Heap:
 PSYoungGen      total 38400K, used 26905K [0x00000000eab00000, 0x00000000ed580000, 0x0000000100000000)
  eden space 33280K, 80% used [0x00000000eab00000,0x00000000ec546660,0x00000000ecb80000)
  from space 5120K, 0% used [0x00000000ed080000,0x00000000ed080000,0x00000000ed580000)
  to   space 5120K, 0% used [0x00000000ecb80000,0x00000000ecb80000,0x00000000ed080000)
 ParOldGen       total 87552K, used 0K [0x00000000c0000000, 0x00000000c5580000, 0x00000000eab00000)
  object space 87552K, 0% used [0x00000000c0000000,0x00000000c0000000,0x00000000c5580000)
 Metaspace       used 5938K, capacity 6896K, committed 7040K, reserved 1056768K
  class space    used 601K, capacity 616K, committed 640K, reserved 1048576K

Card table byte_map: [0x00000000111e0000,0x00000000113f0000] byte_map_base: 0x0000000010be0000

Marking Bits: (ParMarkBitMap*) 0x00000000542664f0
 Begin Bits: [0x0000000011950000, 0x0000000012950000)
 End Bits:   [0x0000000012950000, 0x0000000013950000)

Polling page: 0x0000000001bc0000

CodeCache: size=245760Kb used=4430Kb max_used=4430Kb free=241329Kb
 bounds [0x0000000001e20000, 0x0000000002280000, 0x0000000010e20000]
 total_blobs=1377 nmethods=1108 adapters=182
 compilation: enabled

Compilation events (10 events):
Event: 0.648 Thread 0x0000000015d40800 nmethod 1105 0x0000000002268410 code [0x0000000002268680, 0x0000000002269508]
Event: 0.648 Thread 0x0000000015d40800 1108       3       com.android.dx.ssa.SsaMethod::onInsnRemoved (43 bytes)
Event: 0.648 Thread 0x0000000015d40800 nmethod 1108 0x0000000002267ad0 code [0x0000000002267c60, 0x0000000002268218]
Event: 0.648 Thread 0x0000000015d40800 1106       3       java.util.ArrayList::rangeCheckForAdd (26 bytes)
Event: 0.648 Thread 0x00000000144ed000 nmethod 1084 0x0000000002267550 code [0x00000000022676a0, 0x00000000022678f8]
Event: 0.648 Thread 0x00000000144ed000 1094       4       com.android.dx.rop.code.BasicBlockList$RegCountVisitor::visit (52 bytes)
Event: 0.648 Thread 0x0000000015d40800 nmethod 1106 0x0000000002273390 code [0x00000000022735a0, 0x00000000022740d8]
Event: 0.648 Thread 0x0000000015d40800 1110  s    3       com.android.dx.dex.file.MethodIdsSection::intern (55 bytes)
Event: 0.649 Thread 0x0000000015d40800 nmethod 1110 0x0000000002271d10 code [0x0000000002271f40, 0x0000000002272c68]
Event: 0.649 Thread 0x0000000015d40800 1111       3       com.android.dx.ssa.SsaMethod::convertRopToSsaBlocks (103 bytes)

GC Heap History (0 events):
No events

Deoptimization events (10 events):
Event: 0.316 Thread 0x0000000015ee3000 Uncommon trap: reason=unstable_if action=reinterpret pc=0x000000000203eab0 method=java.util.BitSet.nextSetBit(I)I @ 87
Event: 0.366 Thread 0x0000000015edb000 Uncommon trap: reason=unstable_if action=reinterpret pc=0x000000000203b824 method=java.util.HashMap.getNode(ILjava/lang/Object;)Ljava/util/HashMap$Node; @ 129
Event: 0.368 Thread 0x0000000015ee4000 Uncommon trap: reason=bimorphic action=maybe_recompile pc=0x0000000002069bc4 method=java.util.HashMap.getNode(ILjava/lang/Object;)Ljava/util/HashMap$Node; @ 126
Event: 0.384 Thread 0x0000000001d22800 Uncommon trap: reason=class_check action=maybe_recompile pc=0x00000000020bbf38 method=com.android.dx.ssa.NormalSsaInsn.accept(Lcom/android/dx/ssa/SsaInsn$Visitor;)V @ 9
Event: 0.384 Thread 0x0000000001d22800 Uncommon trap: reason=class_check action=maybe_recompile pc=0x0000000002059630 method=com.android.dx.ssa.NormalSsaInsn.accept(Lcom/android/dx/ssa/SsaInsn$Visitor;)V @ 9
Event: 0.384 Thread 0x0000000001d22800 Uncommon trap: reason=class_check action=maybe_recompile pc=0x00000000020bbf38 method=com.android.dx.ssa.NormalSsaInsn.accept(Lcom/android/dx/ssa/SsaInsn$Visitor;)V @ 9
Event: 0.384 Thread 0x0000000001d22800 Uncommon trap: reason=class_check action=maybe_recompile pc=0x0000000002059630 method=com.android.dx.ssa.NormalSsaInsn.accept(Lcom/android/dx/ssa/SsaInsn$Visitor;)V @ 9
Event: 0.384 Thread 0x0000000001d22800 Uncommon trap: reason=class_check action=maybe_recompile pc=0x00000000020bbf38 method=com.android.dx.ssa.NormalSsaInsn.accept(Lcom/android/dx/ssa/SsaInsn$Visitor;)V @ 9
Event: 0.458 Thread 0x0000000015ee4000 Uncommon trap: reason=null_check action=make_not_entrant pc=0x00000000020ff6a8 method=com.android.dx.rop.type.Type.equals(Ljava/lang/Object;)Z @ 8
Event: 0.629 Thread 0x0000000015ee4000 Uncommon trap: reason=null_check action=make_not_entrant pc=0x00000000021ef454 method=com.android.dx.ssa.SsaRenamer.getLocalForNewReg(I)Lcom/android/dx/rop/code/LocalItem; @ 19

Internal exceptions (4 events):
Event: 0.028 Thread 0x0000000001d22800 Exception <a 'java/lang/NoSuchMethodError': Method sun.misc.Unsafe.defineClass(Ljava/lang/String;[BII)Ljava/lang/Class; name or signature does not match> (0x00000000eab07cc0) thrown at [D:\re\workspace\8-2-build-windows-amd64-cygwin\jdk8u92\6642\hotspot\sr6©˜zûœ?
Event: 0.028 Thread 0x0000000001d22800 Exception <a 'java/lang/NoSuchMethodError': Method sun.misc.Unsafe.prefetchRead(Ljava/lang/Object;J)V name or signature does not match> (0x00000000eab07fa8) thrown at [D:\re\workspace\8-2-build-windows-amd64-cygwin\jdk8u92\6642\hotspot\src\share\vm\prims\jý$ú1+MÝ?
Event: 0.458 Thread 0x0000000015ee4000 Implicit null exception at 0x00000000020ff5a2 to 0x00000000020ff69a
Event: 0.629 Thread 0x0000000015ee4000 Implicit null exception at 0x00000000021ee504 to 0x00000000021ef421

Events (10 events):
Event: 0.448 loading class com/android/dx/cf/attrib/AttLocalVariableTypeTable
Event: 0.448 loading class com/android/dx/cf/attrib/AttLocalVariableTypeTable done
Event: 0.458 Thread 0x0000000015ee4000 Uncommon trap: trap_request=0xfffffff4 fr.pc=0x00000000020ff6a8
Event: 0.458 Thread 0x0000000015ee4000 DEOPT PACKING pc=0x00000000020ff6a8 sp=0x000000001683e950
Event: 0.458 Thread 0x0000000015ee4000 DEOPT UNPACKING pc=0x0000000001e6582a sp=0x000000001683e8e8 mode 2
Event: 0.611 loading class com/android/dx/cf/code/SwitchList
Event: 0.611 loading class com/android/dx/cf/code/SwitchList done
Event: 0.629 Thread 0x0000000015ee4000 Uncommon trap: trap_request=0xfffffff4 fr.pc=0x00000000021ef454
Event: 0.629 Thread 0x0000000015ee4000 DEOPT PACKING pc=0x00000000021ef454 sp=0x000000001683ec00
Event: 0.629 Thread 0x0000000015ee4000 DEOPT UNPACKING pc=0x0000000001e6582a sp=0x000000001683ea58 mode 2


Dynamic libraries:
0x00007ff77dd40000 - 0x00007ff77dd77000 	C:\Program Files\Java\jdk1.8.0_92\bin\java.exe
0x00007ff95e280000 - 0x00007ff95e42a000 	C:\Windows\SYSTEM32\ntdll.dll
0x00007ff95d9d0000 - 0x00007ff95db0a000 	C:\Windows\system32\KERNEL32.DLL
0x00007ff95b9f0000 - 0x00007ff95baff000 	C:\Windows\system32\KERNELBASE.dll
0x00007ff95a220000 - 0x00007ff95a2a8000 	C:\Windows\system32\apphelp.dll
0x00007ff93af80000 - 0x00007ff93afcf000 	C:\Windows\AppPatch\AppPatch64\AcGenral.DLL
0x00007ff95bb10000 - 0x00007ff95bbb7000 	C:\Windows\system32\msvcrt.dll
0x00007ff95b430000 - 0x00007ff95b45b000 	C:\Windows\SYSTEM32\SspiCli.dll
0x00007ff95dd10000 - 0x00007ff95dd61000 	C:\Windows\system32\SHLWAPI.dll
0x00007ff95d460000 - 0x00007ff95d5d1000 	C:\Windows\system32\USER32.dll
0x00007ff95df50000 - 0x00007ff95e0c8000 	C:\Windows\system32\ole32.dll
0x00007ff95bbc0000 - 0x00007ff95cfd7000 	C:\Windows\system32\SHELL32.dll
0x00007ff95ac60000 - 0x00007ff95ac7e000 	C:\Windows\SYSTEM32\USERENV.dll
0x00007ff95db10000 - 0x00007ff95dbb5000 	C:\Windows\system32\ADVAPI32.dll
0x00007ff956ad0000 - 0x00007ff956aeb000 	C:\Windows\SYSTEM32\MPR.dll
0x00007ff95d5e0000 - 0x00007ff95d716000 	C:\Windows\system32\RPCRT4.dll
0x00007ff95e0d0000 - 0x00007ff95e127000 	C:\Windows\SYSTEM32\sechost.dll
0x00007ff95d090000 - 0x00007ff95d266000 	C:\Windows\SYSTEM32\combase.dll
0x00007ff95e130000 - 0x00007ff95e275000 	C:\Windows\system32\GDI32.dll
0x00007ff95b5f0000 - 0x00007ff95b604000 	C:\Windows\SYSTEM32\profapi.dll
0x00007ff959c50000 - 0x00007ff959cef000 	C:\Windows\SYSTEM32\SHCORE.dll
0x00007ff95dd70000 - 0x00007ff95dda4000 	C:\Windows\system32\IMM32.DLL
0x00007ff95d320000 - 0x00007ff95d459000 	C:\Windows\system32\MSCTF.dll
0x00007ff959340000 - 0x00007ff95959a000 	C:\Windows\WinSxS\amd64_microsoft.windows.common-controls_6595b64144ccf1df_6.0.9600.17031_none_6242a4b3ecbb55a1\COMCTL32.dll
0x0000000053650000 - 0x0000000053722000 	C:\Program Files\Java\jdk1.8.0_92\jre\bin\msvcr100.dll
0x0000000053a50000 - 0x00000000542e6000 	C:\Program Files\Java\jdk1.8.0_92\jre\bin\server\jvm.dll
0x00007ff951bb0000 - 0x00007ff951bb9000 	C:\Windows\SYSTEM32\WSOCK32.dll
0x00007ff952430000 - 0x00007ff95244f000 	C:\Windows\SYSTEM32\WINMM.dll
0x00007ff959300000 - 0x00007ff95930a000 	C:\Windows\SYSTEM32\VERSION.dll
0x00007ff95bb00000 - 0x00007ff95bb07000 	C:\Windows\system32\PSAPI.DLL
0x00007ff95d910000 - 0x00007ff95d968000 	C:\Windows\system32\WS2_32.dll
0x00007ff9523f0000 - 0x00007ff95241a000 	C:\Windows\SYSTEM32\WINMMBASE.dll
0x00007ff95d720000 - 0x00007ff95d729000 	C:\Windows\system32\NSI.dll
0x00007ff95b7c0000 - 0x00007ff95b80a000 	C:\Windows\SYSTEM32\cfgmgr32.dll
0x00007ff95a470000 - 0x00007ff95a496000 	C:\Windows\SYSTEM32\DEVOBJ.dll
0x00000000545e0000 - 0x00000000545ef000 	C:\Program Files\Java\jdk1.8.0_92\jre\bin\verify.dll
0x00000000545b0000 - 0x00000000545d9000 	C:\Program Files\Java\jdk1.8.0_92\jre\bin\java.dll
0x0000000054590000 - 0x00000000545a6000 	C:\Program Files\Java\jdk1.8.0_92\jre\bin\zip.dll

VM Arguments:
jvm_args: -Djava.awt.headless=true -Xmx1024M -Dfile.encoding=windows-1252 -Duser.country=US -Duser.language=en -Duser.variant 
java_command: com.android.dx.command.Main --dex --force-jumbo --num-threads=4 --output C:\Zooket\app\build\intermediates\pre-dexed\debug\com.mohamadamin-persianmaterialdatetimepicker-1.2.1_aefb08b30e09470f707e4860709cd714f791c542.jar C:\Zooket\app\build\intermediates\exploded-aar\com.mohamadamin\persianmaterialdatetimepicker\1.2.1\jars\classes.jar
java_class_path (initial): C:\android-sdk-windows\build-tools\24.0.3\lib\dx.jar
Launcher Type: SUN_STANDARD

Environment Variables:
PATH=C:\ProgramData\Oracle\Java\javapath;C:\Windows\system32;C:\Windows;C:\Windows\System32\Wbem;C:\Windows\System32\WindowsPowerShell\v1.0\;C:\Program Files (x86)\NVIDIA Corporation\PhysX\Common;C:\Program Files (x86)\Windows Kits\8.1\Windows Performance Toolkit\;C:\Program Files\Microsoft SQL Server\110\Tools\Binn\;C:\Program Files\Microsoft SQL Server\110\DTS\Binn\;C:\Program Files (x86)\Microsoft SQL Server\110\Tools\Binn\;C:\Program Files (x86)\Microsoft SQL Server\110\Tools\Binn\ManagementStudio\;C:\Program Files (x86)\Microsoft Visual Studio 10.0\Common7\IDE\PrivateAssemblies\;C:\Program Files (x86)\Microsoft SQL Server\110\DTS\Binn\;C:\Program Files (x86)\GtkSharp\2.12\bin;C:\Program Files (x86)\QuickTime\QTSystem\
USERNAME=Smo
OS=Windows_NT
PROCESSOR_IDENTIFIER=Intel64 Family 6 Model 94 Stepping 3, GenuineIntel



---------------  S Y S T E M  ---------------

OS: Windows 8.1 , 64 bit Build 9600 (6.3.9600.17056)

CPU:total 4 (4 cores per cpu, 1 threads per core) family 6 model 94 stepping 3, cmov, cx8, fxsr, mmx, sse, sse2, sse3, ssse3, sse4.1, sse4.2, popcnt, avx, avx2, aes, clmul, erms, 3dnowpref, lzcnt, tsc, tscinvbit, bmi1, bmi2, adx

Memory: 4k page, physical 8266404k(1185064k free), swap 8266404k(5148k free)

vm_info: Java HotSpot(TM) 64-Bit Server VM (25.92-b14) for windows-amd64 JRE (1.8.0_92-b14), built on Mar 31 2016 21:03:04 by "java_re" with MS VC++ 10.0 (VS2010)

time: Mon May 08 11:51:54 2017
elapsed time: 0 seconds (0d 0h 0m 0s)

