#
# There is insufficient memory for the Java Runtime Environment to continue.
# Native memory allocation (malloc) failed to allocate 597776 bytes for Chunk::new
# Possible reasons:
#   The system is out of physical RAM or swap space
#   In 32 bit mode, the process size limit was hit
# Possible solutions:
#   Reduce memory load on the system
#   Increase physical memory or swap space
#   Check if swap backing store is full
#   Use 64 bit Java on a 64 bit OS
#   Decrease Java heap size (-Xmx/-Xms)
#   Decrease number of Java threads
#   Decrease Java thread stack sizes (-Xss)
#   Set larger code cache with -XX:ReservedCodeCacheSize=
# This output file may be truncated or incomplete.
#
#  Out of Memory Error (allocation.cpp:390), pid=6652, tid=0x0000000000001c50
#
# JRE version: Java(TM) SE Runtime Environment (8.0_92-b14) (build 1.8.0_92-b14)
# Java VM: Java HotSpot(TM) 64-Bit Server VM (25.92-b14 mixed mode windows-amd64 compressed oops)
# Failed to write core dump. Minidumps are not enabled by default on client versions of Windows
#

---------------  T H R E A D  ---------------

Current thread (0x0000000015197800):  JavaThread "C2 CompilerThread1" daemon [_thread_in_native, id=7248, stack(0x0000000016890000,0x0000000016990000)]

Stack: [0x0000000016890000,0x0000000016990000]
[error occurred during error reporting (printing stack bounds), id 0xc0000005]

Native frames: (J=compiled Java code, j=interpreted, Vv=VM code, C=native code)


Current CompileTask:
C2:   1770 1284       4       com.android.dx.rop.code.Rops::ropFor (771 bytes)


---------------  P R O C E S S  ---------------

Java Threads: ( => current thread )
  0x0000000016bd0800 JavaThread "pool-2-thread-4" [_thread_blocked, id=6524, stack(0x0000000017490000,0x0000000017590000)]
  0x0000000016bcf000 JavaThread "pool-2-thread-3" [_thread_in_vm, id=1328, stack(0x0000000017390000,0x0000000017490000)]
  0x0000000016ac3800 JavaThread "pool-2-thread-2" [_thread_in_Java, id=7676, stack(0x0000000017290000,0x0000000017390000)]
  0x0000000016ac2800 JavaThread "pool-3-thread-1" [_thread_blocked, id=7352, stack(0x0000000017190000,0x0000000017290000)]
  0x0000000016abd000 JavaThread "pool-2-thread-1" [_thread_blocked, id=8140, stack(0x0000000017090000,0x0000000017190000)]
  0x0000000016996800 JavaThread "Service Thread" daemon [_thread_blocked, id=748, stack(0x0000000016e90000,0x0000000016f90000)]
  0x0000000016991000 JavaThread "C1 CompilerThread2" daemon [_thread_in_native, id=32, stack(0x0000000016d90000,0x0000000016e90000)]
=>0x0000000015197800 JavaThread "C2 CompilerThread1" daemon [_thread_in_native, id=7248, stack(0x0000000016890000,0x0000000016990000)]
  0x000000001513e000 JavaThread "C2 CompilerThread0" daemon [_thread_in_native, id=8144, stack(0x0000000016790000,0x0000000016890000)]
  0x000000001513c000 JavaThread "Attach Listener" daemon [_thread_blocked, id=3084, stack(0x0000000016690000,0x0000000016790000)]
  0x000000001513b000 JavaThread "Signal Dispatcher" daemon [_thread_blocked, id=4476, stack(0x0000000016590000,0x0000000016690000)]
  0x00000000029aa800 JavaThread "Finalizer" daemon [_thread_blocked, id=3304, stack(0x00000000163b0000,0x00000000164b0000)]
  0x0000000015109000 JavaThread "Reference Handler" daemon [_thread_blocked, id=7232, stack(0x00000000162b0000,0x00000000163b0000)]
  0x00000000028b0800 JavaThread "main" [_thread_in_native, id=4580, stack(0x0000000001010000,0x0000000001110000)]

Other Threads:
  0x0000000015107800 VMThread [stack: 0x00000000161b0000,0x00000000162b0000] [id=5636]
  0x00000000169aa800 WatcherThread [stack: 0x0000000016f90000,0x0000000017090000] [id=1668]

VM state:not at safepoint (normal execution)

VM Mutex/Monitor currently owned by a thread: None

Heap:
 PSYoungGen      total 38400K, used 16909K [0x00000000eab00000, 0x00000000ef600000, 0x0000000100000000)
  eden space 33280K, 35% used [0x00000000eab00000,0x00000000eb6853f8,0x00000000ecb80000)
  from space 5120K, 99% used [0x00000000ecb80000,0x00000000ed07e1c0,0x00000000ed080000)
  to   space 5120K, 0% used [0x00000000ef100000,0x00000000ef100000,0x00000000ef600000)
 ParOldGen       total 87552K, used 1434K [0x00000000c0000000, 0x00000000c5580000, 0x00000000eab00000)
  object space 87552K, 1% used [0x00000000c0000000,0x00000000c0166bf0,0x00000000c5580000)
 Metaspace       used 5786K, capacity 6896K, committed 7040K, reserved 1056768K
  class space    used 581K, capacity 616K, committed 640K, reserved 1048576K

Card table byte_map: [0x0000000011e30000,0x0000000012040000] byte_map_base: 0x0000000011830000

Marking Bits: (ParMarkBitMap*) 0x00000000686b64f0
 Begin Bits: [0x00000000125a0000, 0x00000000135a0000)
 End Bits:   [0x00000000135a0000, 0x00000000145a0000)

Polling page: 0x0000000000e90000

CodeCache: size=245760Kb used=5149Kb max_used=5158Kb free=240610Kb
 bounds [0x0000000002a70000, 0x0000000002f80000, 0x0000000011a70000]
 total_blobs=1550 nmethods=1288 adapters=175
 compilation: enabled

Compilation events (10 events):
Event: 1.750 Thread 0x000000001513e000 nmethod 1282 0x0000000002f75990 code [0x0000000002f75b60, 0x0000000002f765d8]
Event: 1.750 Thread 0x000000001513e000 1285       4       com.android.dx.cf.code.Frame::<init> (52 bytes)
Event: 1.750 Thread 0x000000001513e000 nmethod 1285 0x0000000002f5c450 code [0x0000000002f5c5a0, 0x0000000002f5c698]
Event: 1.751 Thread 0x000000001513e000 1286       4       com.android.dx.cf.code.RopperMachine::jopToRopOpcode (1103 bytes)
Event: 1.758 Thread 0x000000001513e000 nmethod 1286 0x0000000002f7bc10 code [0x0000000002f7c5a0, 0x0000000002f7cd18]
Event: 1.758 Thread 0x000000001513e000 1287       4       java.util.ArrayList::clear (39 bytes)
Event: 1.759 Thread 0x000000001513e000 nmethod 1287 0x0000000002f756d0 code [0x0000000002f75800, 0x0000000002f758d8]
Event: 1.760 Thread 0x000000001513e000 1288       4       com.android.dx.cf.code.ByteBlockList::labelToBlock (46 bytes)
Event: 1.761 Thread 0x000000001513e000 nmethod 1288 0x0000000002f79e50 code [0x0000000002f79fa0, 0x0000000002f7a0f8]
Event: 1.761 Thread 0x000000001513e000 1289   !   4       com.android.dx.cf.code.Ropper::processBlock (1101 bytes)

GC Heap History (2 events):
Event: 1.383 GC heap before
{Heap before GC invocations=1 (full 0):
 PSYoungGen      total 38400K, used 33280K [0x00000000eab00000, 0x00000000ed580000, 0x0000000100000000)
  eden space 33280K, 100% used [0x00000000eab00000,0x00000000ecb80000,0x00000000ecb80000)
  from space 5120K, 0% used [0x00000000ed080000,0x00000000ed080000,0x00000000ed580000)
  to   space 5120K, 0% used [0x00000000ecb80000,0x00000000ecb80000,0x00000000ed080000)
 ParOldGen       total 87552K, used 0K [0x00000000c0000000, 0x00000000c5580000, 0x00000000eab00000)
  object space 87552K, 0% used [0x00000000c0000000,0x00000000c0000000,0x00000000c5580000)
 Metaspace       used 5749K, capacity 6832K, committed 7040K, reserved 1056768K
  class space    used 579K, capacity 616K, committed 640K, reserved 1048576K
Event: 1.427 GC heap after
Heap after GC invocations=1 (full 0):
 PSYoungGen      total 38400K, used 5112K [0x00000000eab00000, 0x00000000ef600000, 0x0000000100000000)
  eden space 33280K, 0% used [0x00000000eab00000,0x00000000eab00000,0x00000000ecb80000)
  from space 5120K, 99% used [0x00000000ecb80000,0x00000000ed07e1c0,0x00000000ed080000)
  to   space 5120K, 0% used [0x00000000ef100000,0x00000000ef100000,0x00000000ef600000)
 ParOldGen       total 87552K, used 1434K [0x00000000c0000000, 0x00000000c5580000, 0x00000000eab00000)
  object space 87552K, 1% used [0x00000000c0000000,0x00000000c0166bf0,0x00000000c5580000)
 Metaspace       used 5749K, capacity 6832K, committed 7040K, reserved 1056768K
  class space    used 579K, capacity 616K, committed 640K, reserved 1048576K
}

Deoptimization events (10 events):
Event: 1.186 Thread 0x0000000016abd000 Uncommon trap: reason=class_check action=maybe_recompile pc=0x0000000002d1e3f8 method=com.android.dx.rop.type.Type.equals(Ljava/lang/Object;)Z @ 8
Event: 1.186 Thread 0x0000000016abd000 Uncommon trap: reason=unstable_if action=reinterpret pc=0x0000000002ea7c84 method=com.android.dx.rop.code.RegisterSpec.equals(ILcom/android/dx/rop/type/TypeBearer;Lcom/android/dx/rop/code/LocalItem;)Z @ 16
Event: 1.186 Thread 0x0000000016abd000 Uncommon trap: reason=class_check action=maybe_recompile pc=0x0000000002d1e3f8 method=com.android.dx.rop.type.Type.equals(Ljava/lang/Object;)Z @ 8
Event: 1.197 Thread 0x0000000016abd000 Uncommon trap: reason=class_check action=maybe_recompile pc=0x0000000002d1e3f8 method=com.android.dx.rop.type.Type.equals(Ljava/lang/Object;)Z @ 8
Event: 1.198 Thread 0x0000000016abd000 Uncommon trap: reason=unstable_if action=reinterpret pc=0x0000000002e78200 method=com.android.dx.rop.code.RegisterSpec.equals(ILcom/android/dx/rop/type/TypeBearer;Lcom/android/dx/rop/code/LocalItem;)Z @ 16
Event: 1.198 Thread 0x0000000016abd000 Uncommon trap: reason=unstable_if action=reinterpret pc=0x0000000002ea7464 method=com.android.dx.rop.code.RegisterSpec.equals(ILcom/android/dx/rop/type/TypeBearer;Lcom/android/dx/rop/code/LocalItem;)Z @ 16
Event: 1.198 Thread 0x0000000016abd000 Uncommon trap: reason=class_check action=maybe_recompile pc=0x0000000002d1e3f8 method=com.android.dx.rop.type.Type.equals(Ljava/lang/Object;)Z @ 8
Event: 1.205 Thread 0x0000000016ac3800 Uncommon trap: reason=unstable_if action=reinterpret pc=0x0000000002ea56a0 method=com.android.dx.util.IntList.binarysearch(I)I @ 26
Event: 1.221 Thread 0x00000000028b0800 Uncommon trap: reason=unstable_if action=reinterpret pc=0x0000000002bf7690 method=java.lang.String.<init>([CII)V @ 18
Event: 1.577 Thread 0x00000000028b0800 Uncommon trap: reason=unstable_if action=reinterpret pc=0x0000000002d1df20 method=java.lang.String.<init>([CII)V @ 18

Internal exceptions (2 events):
Event: 0.063 Thread 0x00000000028b0800 Exception <a 'java/lang/NoSuchMethodError': Method sun.misc.Unsafe.defineClass(Ljava/lang/String;[BII)Ljava/lang/Class; name or signature does not match> (0x00000000eab07cc0) thrown at [D:\re\workspace\8-2-build-windows-amd64-cygwin\jdk8u92\6642\hotspot\sr™ÍTÂŠ!°?
Event: 0.063 Thread 0x00000000028b0800 Exception <a 'java/lang/NoSuchMethodError': Method sun.misc.Unsafe.prefetchRead(Ljava/lang/Object;J)V name or signature does not match> (0x00000000eab07fa8) thrown at [D:\re\workspace\8-2-build-windows-amd64-cygwin\jdk8u92\6642\hotspot\src\share\vm\prims\j

Events (10 events):
Event: 1.448 Thread 0x0000000016ac3800 DEOPT UNPACKING pc=0x0000000002ab787f sp=0x000000001738e9e8 mode 0
Event: 1.577 Thread 0x00000000028b0800 Uncommon trap: trap_request=0xffffff65 fr.pc=0x0000000002d1df20
Event: 1.577 Thread 0x00000000028b0800 DEOPT PACKING pc=0x0000000002d1df20 sp=0x000000000110e5b0
Event: 1.577 Thread 0x00000000028b0800 DEOPT UNPACKING pc=0x0000000002ab582a sp=0x000000000110e578 mode 2
Event: 1.720 loading class com/android/dx/cf/direct/AnnotationParser
Event: 1.720 loading class com/android/dx/cf/direct/AnnotationParser done
Event: 1.721 loading class com/android/dx/cf/attrib/AttRuntimeInvisibleParameterAnnotations
Event: 1.721 loading class com/android/dx/cf/attrib/AttRuntimeInvisibleParameterAnnotations done
Event: 1.721 loading class com/android/dx/cf/attrib/BaseParameterAnnotations
Event: 1.721 loading class com/android/dx/cf/attrib/BaseParameterAnnotations done


Dynamic libraries:
0x00007ff725170000 - 0x00007ff7251a7000 	C:\Program Files\Java\jdk1.8.0_92\bin\java.exe
0x00007ffef9f10000 - 0x00007ffefa0ba000 	C:\Windows\SYSTEM32\ntdll.dll
0x00007ffef9b80000 - 0x00007ffef9cba000 	C:\Windows\system32\KERNEL32.DLL
0x00007ffef74a0000 - 0x00007ffef75af000 	C:\Windows\system32\KERNELBASE.dll
0x00007ffef5eb0000 - 0x00007ffef5f38000 	C:\Windows\system32\apphelp.dll
0x00007ffed1e60000 - 0x00007ffed1eaf000 	C:\Windows\AppPatch\AppPatch64\AcGenral.DLL
0x00007ffef9cc0000 - 0x00007ffef9d67000 	C:\Windows\system32\msvcrt.dll
0x00007ffef70c0000 - 0x00007ffef70eb000 	C:\Windows\SYSTEM32\SspiCli.dll
0x00007ffef9320000 - 0x00007ffef9371000 	C:\Windows\system32\SHLWAPI.dll
0x00007ffef9380000 - 0x00007ffef94f1000 	C:\Windows\system32\USER32.dll
0x00007ffef7790000 - 0x00007ffef7908000 	C:\Windows\system32\ole32.dll
0x00007ffef7c70000 - 0x00007ffef9087000 	C:\Windows\system32\SHELL32.dll
0x00007ffef68f0000 - 0x00007ffef690e000 	C:\Windows\SYSTEM32\USERENV.dll
0x00007ffef9090000 - 0x00007ffef9135000 	C:\Windows\system32\ADVAPI32.dll
0x00007ffef22f0000 - 0x00007ffef230b000 	C:\Windows\SYSTEM32\MPR.dll
0x00007ffef79d0000 - 0x00007ffef7b06000 	C:\Windows\system32\RPCRT4.dll
0x00007ffef7c10000 - 0x00007ffef7c67000 	C:\Windows\SYSTEM32\sechost.dll
0x00007ffef9140000 - 0x00007ffef9316000 	C:\Windows\SYSTEM32\combase.dll
0x00007ffef9560000 - 0x00007ffef96a5000 	C:\Windows\system32\GDI32.dll
0x00007ffef7280000 - 0x00007ffef7294000 	C:\Windows\SYSTEM32\profapi.dll
0x00007ffef58e0000 - 0x00007ffef597f000 	C:\Windows\SYSTEM32\SHCORE.dll
0x00007ffef9b40000 - 0x00007ffef9b74000 	C:\Windows\system32\IMM32.DLL
0x00007ffef96b0000 - 0x00007ffef97e9000 	C:\Windows\system32\MSCTF.dll
0x00007ffef4fd0000 - 0x00007ffef522a000 	C:\Windows\WinSxS\amd64_microsoft.windows.common-controls_6595b64144ccf1df_6.0.9600.17031_none_6242a4b3ecbb55a1\COMCTL32.dll
0x0000000067850000 - 0x0000000067922000 	C:\Program Files\Java\jdk1.8.0_92\jre\bin\msvcr100.dll
0x0000000067ea0000 - 0x0000000068736000 	C:\Program Files\Java\jdk1.8.0_92\jre\bin\server\jvm.dll
0x00007ffef0d00000 - 0x00007ffef0d09000 	C:\Windows\SYSTEM32\WSOCK32.dll
0x00007ffeeedc0000 - 0x00007ffeeeddf000 	C:\Windows\SYSTEM32\WINMM.dll
0x00007ffef4f90000 - 0x00007ffef4f9a000 	C:\Windows\SYSTEM32\VERSION.dll
0x00007ffef7b10000 - 0x00007ffef7b17000 	C:\Windows\system32\PSAPI.DLL
0x00007ffef9500000 - 0x00007ffef9558000 	C:\Windows\system32\WS2_32.dll
0x00007ffee99a0000 - 0x00007ffee99ca000 	C:\Windows\SYSTEM32\WINMMBASE.dll
0x00007ffef9b30000 - 0x00007ffef9b39000 	C:\Windows\system32\NSI.dll
0x00007ffef7350000 - 0x00007ffef739a000 	C:\Windows\SYSTEM32\cfgmgr32.dll
0x00007ffef6100000 - 0x00007ffef6126000 	C:\Windows\SYSTEM32\DEVOBJ.dll
0x0000000069210000 - 0x000000006921f000 	C:\Program Files\Java\jdk1.8.0_92\jre\bin\verify.dll
0x00000000691e0000 - 0x0000000069209000 	C:\Program Files\Java\jdk1.8.0_92\jre\bin\java.dll
0x0000000069190000 - 0x00000000691a6000 	C:\Program Files\Java\jdk1.8.0_92\jre\bin\zip.dll

VM Arguments:
jvm_args: -Djava.awt.headless=true -Xmx1024M -Dfile.encoding=windows-1252 -Duser.country=US -Duser.language=en -Duser.variant 
java_command: com.android.dx.command.Main --dex --force-jumbo --num-threads=4 --multi-dex --output C:\Zooket\app\build\intermediates\transforms\dex\debug\folders\1000\5\slice_9 C:\Zooket\app\build\intermediates\transforms\instantRunSlicer\debug\folders\1\5\slice_9
java_class_path (initial): C:\android-sdk-windows\build-tools\24.0.3\lib\dx.jar
Launcher Type: SUN_STANDARD

Environment Variables:
PATH=C:\ProgramData\Oracle\Java\javapath;C:\Windows\system32;C:\Windows;C:\Windows\System32\Wbem;C:\Windows\System32\WindowsPowerShell\v1.0\;C:\Program Files (x86)\NVIDIA Corporation\PhysX\Common;C:\Program Files (x86)\Windows Kits\8.1\Windows Performance Toolkit\;C:\Program Files\Microsoft SQL Server\110\Tools\Binn\;C:\Program Files\Microsoft SQL Server\110\DTS\Binn\;C:\Program Files (x86)\Microsoft SQL Server\110\Tools\Binn\;C:\Program Files (x86)\Microsoft SQL Server\110\Tools\Binn\ManagementStudio\;C:\Program Files (x86)\Microsoft Visual Studio 10.0\Common7\IDE\PrivateAssemblies\;C:\Program Files (x86)\Microsoft SQL Server\110\DTS\Binn\;C:\Program Files (x86)\GtkSharp\2.12\bin;C:\Program Files (x86)\QuickTime\QTSystem\
USERNAME=Smo
OS=Windows_NT
PROCESSOR_IDENTIFIER=Intel64 Family 6 Model 94 Stepping 3, GenuineIntel



---------------  S Y S T E M  ---------------

OS: Windows 8.1 , 64 bit Build 9600 (6.3.9600.17056)

CPU:total 4 (4 cores per cpu, 1 threads per core) family 6 model 94 stepping 3, cmov, cx8, fxsr, mmx, sse, sse2, sse3, ssse3, sse4.1, sse4.2, popcnt, avx, avx2, aes, clmul, erms, 3dnowpref, lzcnt, tsc, tscinvbit, bmi1, bmi2, adx

Memory: 4k page, physical 8266404k(1989952k free), swap 8266404k(5224k free)

vm_info: Java HotSpot(TM) 64-Bit Server VM (25.92-b14) for windows-amd64 JRE (1.8.0_92-b14), built on Mar 31 2016 21:03:04 by "java_re" with MS VC++ 10.0 (VS2010)

time: Thu May 11 11:23:56 2017
elapsed time: 1 seconds (0d 0h 0m 1s)

