#
# There is insufficient memory for the Java Runtime Environment to continue.
# Native memory allocation (malloc) failed to allocate 8192 bytes for AllocateHeap
# Possible reasons:
#   The system is out of physical RAM or swap space
#   In 32 bit mode, the process size limit was hit
# Possible solutions:
#   Reduce memory load on the system
#   Increase physical memory or swap space
#   Check if swap backing store is full
#   Use 64 bit Java on a 64 bit OS
#   Decrease Java heap size (-Xmx/-Xms)
#   Decrease number of Java threads
#   Decrease Java thread stack sizes (-Xss)
#   Set larger code cache with -XX:ReservedCodeCacheSize=
# This output file may be truncated or incomplete.
#
#  Out of Memory Error (memory/allocation.inline.hpp:61), pid=3148, tid=0x00000000000023dc
#
# JRE version:  (8.0_92-b14) (build )
# Java VM: Java HotSpot(TM) 64-Bit Server VM (25.92-b14 mixed mode windows-amd64 compressed oops)
# Failed to write core dump. Minidumps are not enabled by default on client versions of Windows
#

---------------  T H R E A D  ---------------

Current thread (0x0000000002772800):  JavaThread "main" [_thread_in_vm, id=9180, stack(0x0000000000f20000,0x0000000001020000)]

Stack: [0x0000000000f20000,0x0000000001020000]
[error occurred during error reporting (printing stack bounds), id 0xc0000005]

Native frames: (J=compiled Java code, j=interpreted, Vv=VM code, C=native code)

Java frames: (J=compiled Java code, j=interpreted, Vv=VM code)
j  java.lang.Throwable.<clinit>()V+31
v  ~StubRoutines::call_stub
j  java.lang.Class.forName0(Ljava/lang/String;ZLjava/lang/ClassLoader;Ljava/lang/Class;)Ljava/lang/Class;+0
j  java.lang.Class.forName(Ljava/lang/String;ZLjava/lang/ClassLoader;)Ljava/lang/Class;+49
j  java.lang.ref.Reference$ReferenceHandler.ensureClassInitialized(Ljava/lang/Class;)V+9
j  java.lang.ref.Reference$ReferenceHandler.<clinit>()V+2
v  ~StubRoutines::call_stub
j  java.lang.ref.Reference.<clinit>()V+38
v  ~StubRoutines::call_stub

---------------  P R O C E S S  ---------------

Java Threads: ( => current thread )
=>0x0000000002772800 JavaThread "main" [_thread_in_vm, id=9180, stack(0x0000000000f20000,0x0000000001020000)]

Other Threads:
  0x0000000015008800 VMThread [stack: 0x00000000160b0000,0x00000000161b0000] [id=7816]

VM state:not at safepoint (normal execution)

VM Mutex/Monitor currently owned by a thread:  ([mutex/lock_event])
[0x0000000002acc650] SymbolTable_lock - owner thread: 0x0000000002772800

Heap:
 PSYoungGen      total 38400K, used 665K [0x00000000eab00000, 0x00000000ed580000, 0x0000000100000000)
  eden space 33280K, 2% used [0x00000000eab00000,0x00000000eaba6670,0x00000000ecb80000)
  from space 5120K, 0% used [0x00000000ed080000,0x00000000ed080000,0x00000000ed580000)
  to   space 5120K, 0% used [0x00000000ecb80000,0x00000000ecb80000,0x00000000ed080000)
 ParOldGen       total 87552K, used 0K [0x00000000c0000000, 0x00000000c5580000, 0x00000000eab00000)
  object space 87552K, 0% used [0x00000000c0000000,0x00000000c0000000,0x00000000c5580000)
 Metaspace       used 931K, capacity 4480K, committed 4480K, reserved 1056768K
  class space    used 95K, capacity 384K, committed 384K, reserved 1048576K

Card table byte_map: [0x0000000011e90000,0x00000000120a0000] byte_map_base: 0x0000000011890000

Marking Bits: (ParMarkBitMap*) 0x0000000060c564f0
 Begin Bits: [0x00000000124a0000, 0x00000000134a0000)
 End Bits:   [0x00000000134a0000, 0x00000000144a0000)

Polling page: 0x0000000000da0000

CodeCache: size=245760Kb used=397Kb max_used=397Kb free=245362Kb
 bounds [0x0000000002ad0000, 0x0000000002d40000, 0x0000000011ad0000]
 total_blobs=89 nmethods=0 adapters=63
 compilation: enabled

Compilation events (0 events):
No events

GC Heap History (0 events):
No events

Deoptimization events (0 events):
No events

Internal exceptions (0 events):
No events

Events (10 events):
Event: 0.191 loading class sun/reflect/ReflectionFactory done
Event: 0.191 loading class java/lang/ref/Reference$Lock
Event: 0.191 loading class java/lang/ref/Reference$Lock done
Event: 0.191 loading class java/lang/ref/Reference$ReferenceHandler
Event: 0.192 loading class java/lang/ref/Reference$ReferenceHandler done
Event: 0.192 loading class java/lang/InterruptedException
Event: 0.192 loading class java/lang/InterruptedException done
Event: 0.192 loading class java/util/ArrayList
Event: 0.192 loading class java/util/ArrayList done
Event: 0.192 loading class java/util/Collections


Dynamic libraries:
0x00007ff7b9a90000 - 0x00007ff7b9ac7000 	C:\Program Files\Java\jdk1.8.0_92\bin\java.exe
0x00007ff8c1da0000 - 0x00007ff8c1f4a000 	C:\Windows\SYSTEM32\ntdll.dll
0x00007ff8c1530000 - 0x00007ff8c166a000 	C:\Windows\system32\KERNEL32.DLL
0x00007ff8bf4c0000 - 0x00007ff8bf5cf000 	C:\Windows\system32\KERNELBASE.dll
0x00007ff8bdd40000 - 0x00007ff8bddc8000 	C:\Windows\system32\apphelp.dll
0x00007ff8aa780000 - 0x00007ff8aa7cf000 	C:\Windows\AppPatch\AppPatch64\AcGenral.DLL
0x00007ff8c1ce0000 - 0x00007ff8c1d87000 	C:\Windows\system32\msvcrt.dll
0x00007ff8bef50000 - 0x00007ff8bef7b000 	C:\Windows\SYSTEM32\SspiCli.dll
0x00007ff8bf7c0000 - 0x00007ff8bf811000 	C:\Windows\system32\SHLWAPI.dll
0x00007ff8c1680000 - 0x00007ff8c17f1000 	C:\Windows\system32\USER32.dll
0x00007ff8c1800000 - 0x00007ff8c1978000 	C:\Windows\system32\ole32.dll
0x00007ff8bfdc0000 - 0x00007ff8c11d7000 	C:\Windows\system32\SHELL32.dll
0x00007ff8be780000 - 0x00007ff8be79e000 	C:\Windows\SYSTEM32\USERENV.dll
0x00007ff8c1380000 - 0x00007ff8c1425000 	C:\Windows\system32\ADVAPI32.dll
0x00007ff8ba5f0000 - 0x00007ff8ba60b000 	C:\Windows\SYSTEM32\MPR.dll
0x00007ff8bf620000 - 0x00007ff8bf756000 	C:\Windows\system32\RPCRT4.dll
0x00007ff8bfa70000 - 0x00007ff8bfac7000 	C:\Windows\SYSTEM32\sechost.dll
0x00007ff8c1b00000 - 0x00007ff8c1cd6000 	C:\Windows\SYSTEM32\combase.dll
0x00007ff8bfc70000 - 0x00007ff8bfdb5000 	C:\Windows\system32\GDI32.dll
0x00007ff8bf110000 - 0x00007ff8bf124000 	C:\Windows\SYSTEM32\profapi.dll
0x00007ff8bd770000 - 0x00007ff8bd80f000 	C:\Windows\SYSTEM32\SHCORE.dll
0x00007ff8c1430000 - 0x00007ff8c1464000 	C:\Windows\system32\IMM32.DLL
0x00007ff8c11e0000 - 0x00007ff8c1319000 	C:\Windows\system32\MSCTF.dll
0x00007ff8bcef0000 - 0x00007ff8bd14a000 	C:\Windows\WinSxS\amd64_microsoft.windows.common-controls_6595b64144ccf1df_6.0.9600.17031_none_6242a4b3ecbb55a1\COMCTL32.dll
0x000000005fcc0000 - 0x000000005fd92000 	C:\Program Files\Java\jdk1.8.0_92\jre\bin\msvcr100.dll
0x0000000060440000 - 0x0000000060cd6000 	C:\Program Files\Java\jdk1.8.0_92\jre\bin\server\jvm.dll
0x00007ff8ba780000 - 0x00007ff8ba789000 	C:\Windows\SYSTEM32\WSOCK32.dll
0x00007ff8baf20000 - 0x00007ff8baf3f000 	C:\Windows\SYSTEM32\WINMM.dll
0x00007ff8bce20000 - 0x00007ff8bce2a000 	C:\Windows\SYSTEM32\VERSION.dll
0x00007ff8c1670000 - 0x00007ff8c1677000 	C:\Windows\system32\PSAPI.DLL
0x00007ff8c1320000 - 0x00007ff8c1378000 	C:\Windows\system32\WS2_32.dll
0x00007ff8ba790000 - 0x00007ff8ba7ba000 	C:\Windows\SYSTEM32\WINMMBASE.dll
0x00007ff8bf820000 - 0x00007ff8bf829000 	C:\Windows\system32\NSI.dll
0x00007ff8bf1e0000 - 0x00007ff8bf22a000 	C:\Windows\SYSTEM32\cfgmgr32.dll
0x00007ff8bdf90000 - 0x00007ff8bdfb6000 	C:\Windows\SYSTEM32\DEVOBJ.dll
0x0000000060f50000 - 0x0000000060f5f000 	C:\Program Files\Java\jdk1.8.0_92\jre\bin\verify.dll
0x0000000060410000 - 0x0000000060439000 	C:\Program Files\Java\jdk1.8.0_92\jre\bin\java.dll
0x00000000603f0000 - 0x0000000060406000 	C:\Program Files\Java\jdk1.8.0_92\jre\bin\zip.dll

VM Arguments:
jvm_args: -Djava.awt.headless=true -Xmx1024M -Dfile.encoding=windows-1252 -Duser.country=US -Duser.language=en -Duser.variant 
java_command: com.android.dx.command.Main --dex --force-jumbo --num-threads=4 --output C:\Zooket\app\build\intermediates\pre-dexed\debug\realm-android-0.83.0_6a6e1fc7f09537e0fb10508dd108f83d31c7814c.jar C:\Users\Smo\.gradle\caches\modules-2\files-2.1\io.realm\realm-android\0.83.0\fcc995aa3a075352049ed77afb34c61559a73931\realm-android-0.83.0.jar
java_class_path (initial): C:\android-sdk-windows\build-tools\24.0.3\lib\dx.jar
Launcher Type: SUN_STANDARD

Environment Variables:
PATH=C:\ProgramData\Oracle\Java\javapath;C:\Windows\system32;C:\Windows;C:\Windows\System32\Wbem;C:\Windows\System32\WindowsPowerShell\v1.0\;C:\Program Files (x86)\NVIDIA Corporation\PhysX\Common;C:\Program Files (x86)\Windows Kits\8.1\Windows Performance Toolkit\;C:\Program Files\Microsoft SQL Server\110\Tools\Binn\;C:\Program Files\Microsoft SQL Server\110\DTS\Binn\;C:\Program Files (x86)\Microsoft SQL Server\110\Tools\Binn\;C:\Program Files (x86)\Microsoft SQL Server\110\Tools\Binn\ManagementStudio\;C:\Program Files (x86)\Microsoft Visual Studio 10.0\Common7\IDE\PrivateAssemblies\;C:\Program Files (x86)\Microsoft SQL Server\110\DTS\Binn\;C:\Program Files (x86)\GtkSharp\2.12\bin;C:\Program Files (x86)\QuickTime\QTSystem\
USERNAME=Smo
OS=Windows_NT
PROCESSOR_IDENTIFIER=Intel64 Family 6 Model 94 Stepping 3, GenuineIntel



---------------  S Y S T E M  ---------------

OS: Windows 8.1 , 64 bit Build 9600 (6.3.9600.17056)

CPU:total 4 (4 cores per cpu, 1 threads per core) family 6 model 94 stepping 3, cmov, cx8, fxsr, mmx, sse, sse2, sse3, ssse3, sse4.1, sse4.2, popcnt, avx, avx2, aes, clmul, erms, 3dnowpref, lzcnt, tsc, tscinvbit, bmi1, bmi2, adx

Memory: 4k page, physical 8266404k(1402648k free), swap 8266404k(4676k free)

vm_info: Java HotSpot(TM) 64-Bit Server VM (25.92-b14) for windows-amd64 JRE (1.8.0_92-b14), built on Mar 31 2016 21:03:04 by "java_re" with MS VC++ 10.0 (VS2010)

time: Tue May 09 12:01:09 2017
elapsed time: 0 seconds (0d 0h 0m 0s)

