#
# There is insufficient memory for the Java Runtime Environment to continue.
# Native memory allocation (malloc) failed to allocate 363136 bytes for Chunk::new
# Possible reasons:
#   The system is out of physical RAM or swap space
#   In 32 bit mode, the process size limit was hit
# Possible solutions:
#   Reduce memory load on the system
#   Increase physical memory or swap space
#   Check if swap backing store is full
#   Use 64 bit Java on a 64 bit OS
#   Decrease Java heap size (-Xmx/-Xms)
#   Decrease number of Java threads
#   Decrease Java thread stack sizes (-Xss)
#   Set larger code cache with -XX:ReservedCodeCacheSize=
# This output file may be truncated or incomplete.
#
#  Out of Memory Error (allocation.cpp:390), pid=4824, tid=0x0000000000001f44
#
# JRE version: Java(TM) SE Runtime Environment (8.0_92-b14) (build 1.8.0_92-b14)
# Java VM: Java HotSpot(TM) 64-Bit Server VM (25.92-b14 mixed mode windows-amd64 compressed oops)
# Failed to write core dump. Minidumps are not enabled by default on client versions of Windows
#

---------------  T H R E A D  ---------------

Current thread (0x0000000014697800):  JavaThread "C2 CompilerThread1" daemon [_thread_in_native, id=8004, stack(0x0000000015ca0000,0x0000000015da0000)]

Stack: [0x0000000015ca0000,0x0000000015da0000]
[error occurred during error reporting (printing stack bounds), id 0xc0000005]

Native frames: (J=compiled Java code, j=interpreted, Vv=VM code, C=native code)


Current CompileTask:
C2:   1248 1404       4       com.android.dx.ssa.SCCP::simulateBlock (54 bytes)


---------------  P R O C E S S  ---------------

Java Threads: ( => current thread )
  0x000000001604d000 JavaThread "pool-2-thread-4" [_thread_blocked, id=7900, stack(0x00000000168a0000,0x00000000169a0000)]
  0x0000000016049000 JavaThread "pool-2-thread-3" [_thread_blocked, id=7792, stack(0x00000000167a0000,0x00000000168a0000)]
  0x0000000016047800 JavaThread "pool-2-thread-2" [_thread_blocked, id=4640, stack(0x00000000166a0000,0x00000000167a0000)]
  0x0000000016045000 JavaThread "pool-3-thread-1" [_thread_blocked, id=7828, stack(0x00000000165a0000,0x00000000166a0000)]
  0x0000000016057000 JavaThread "pool-2-thread-1" [_thread_blocked, id=1908, stack(0x00000000164a0000,0x00000000165a0000)]
  0x0000000015da6800 JavaThread "Service Thread" daemon [_thread_blocked, id=7672, stack(0x00000000162a0000,0x00000000163a0000)]
  0x0000000015da1000 JavaThread "C1 CompilerThread2" daemon [_thread_in_native, id=3512, stack(0x00000000161a0000,0x00000000162a0000)]
=>0x0000000014697800 JavaThread "C2 CompilerThread1" daemon [_thread_in_native, id=8004, stack(0x0000000015ca0000,0x0000000015da0000)]
  0x000000001463e000 JavaThread "C2 CompilerThread0" daemon [_thread_in_native, id=1792, stack(0x0000000015ba0000,0x0000000015ca0000)]
  0x000000001463c000 JavaThread "Attach Listener" daemon [_thread_blocked, id=7744, stack(0x0000000015aa0000,0x0000000015ba0000)]
  0x000000001463b000 JavaThread "Signal Dispatcher" daemon [_thread_blocked, id=3820, stack(0x00000000159a0000,0x0000000015aa0000)]
  0x000000001462a800 JavaThread "Finalizer" daemon [_thread_blocked, id=6276, stack(0x00000000158a0000,0x00000000159a0000)]
  0x0000000001f60800 JavaThread "Reference Handler" daemon [_thread_blocked, id=8188, stack(0x00000000157a0000,0x00000000158a0000)]
  0x0000000001e72800 JavaThread "main" [_thread_blocked, id=5636, stack(0x0000000001cb0000,0x0000000001db0000)]

Other Threads:
  0x0000000014608800 VMThread [stack: 0x00000000156a0000,0x00000000157a0000] [id=6976]
  0x0000000015db9800 WatcherThread [stack: 0x00000000163a0000,0x00000000164a0000] [id=7944]

VM state:not at safepoint (normal execution)

VM Mutex/Monitor currently owned by a thread: None

Heap:
 PSYoungGen      total 38400K, used 14303K [0x00000000eab00000, 0x00000000ed580000, 0x0000000100000000)
  eden space 33280K, 27% used [0x00000000eab00000,0x00000000eb3fda90,0x00000000ecb80000)
  from space 5120K, 99% used [0x00000000ecb80000,0x00000000ed07a530,0x00000000ed080000)
  to   space 5120K, 0% used [0x00000000ed080000,0x00000000ed080000,0x00000000ed580000)
 ParOldGen       total 87552K, used 1442K [0x00000000c0000000, 0x00000000c5580000, 0x00000000eab00000)
  object space 87552K, 1% used [0x00000000c0000000,0x00000000c0168900,0x00000000c5580000)
 Metaspace       used 6138K, capacity 7026K, committed 7296K, reserved 1056768K
  class space    used 598K, capacity 618K, committed 640K, reserved 1048576K

Card table byte_map: [0x0000000011330000,0x0000000011540000] byte_map_base: 0x0000000010d30000

Marking Bits: (ParMarkBitMap*) 0x00000000686b64f0
 Begin Bits: [0x0000000011aa0000, 0x0000000012aa0000)
 End Bits:   [0x0000000012aa0000, 0x0000000013aa0000)

Polling page: 0x0000000000330000

CodeCache: size=245760Kb used=5764Kb max_used=5764Kb free=239995Kb
 bounds [0x0000000001f70000, 0x0000000002520000, 0x0000000010f70000]
 total_blobs=1692 nmethods=1423 adapters=182
 compilation: enabled

Compilation events (10 events):
Event: 1.244 Thread 0x0000000015da1000 nmethod 1425 0x0000000002511b90 code [0x0000000002511ce0, 0x0000000002511df0]
Event: 1.244 Thread 0x0000000015da1000 1426       1       sun.util.calendar.CalendarDate::getMillis (5 bytes)
Event: 1.244 Thread 0x0000000015da1000 nmethod 1426 0x0000000002511e50 code [0x0000000002511fa0, 0x00000000025120b0]
Event: 1.244 Thread 0x0000000015da1000 1427       3       sun.util.calendar.Gregorian$Date::getNormalizedYear (5 bytes)
Event: 1.245 Thread 0x0000000015da1000 nmethod 1427 0x0000000002512110 code [0x0000000002512260, 0x0000000002512450]
Event: 1.245 Thread 0x0000000015da1000 1428       3       sun.util.calendar.BaseCalendar::isLeapYear (5 bytes)
Event: 1.245 Thread 0x0000000015da1000 nmethod 1428 0x00000000025124d0 code [0x0000000002512640, 0x0000000002512930]
Event: 1.245 Thread 0x0000000015da1000 1430       3       com.android.dx.dex.file.DexFile::internIfAppropriate (128 bytes)
Event: 1.246 Thread 0x0000000015da1000 nmethod 1430 0x0000000002512a50 code [0x0000000002512d00, 0x0000000002514538]
Event: 1.246 Thread 0x0000000015da1000 1431   !   3       com.android.dx.cf.direct.StdAttributeFactory::parseLocalVariables (274 bytes)

GC Heap History (2 events):
Event: 1.117 GC heap before
{Heap before GC invocations=1 (full 0):
 PSYoungGen      total 38400K, used 33280K [0x00000000eab00000, 0x00000000ed580000, 0x0000000100000000)
  eden space 33280K, 100% used [0x00000000eab00000,0x00000000ecb80000,0x00000000ecb80000)
  from space 5120K, 0% used [0x00000000ed080000,0x00000000ed080000,0x00000000ed580000)
  to   space 5120K, 0% used [0x00000000ecb80000,0x00000000ecb80000,0x00000000ed080000)
 ParOldGen       total 87552K, used 0K [0x00000000c0000000, 0x00000000c5580000, 0x00000000eab00000)
  object space 87552K, 0% used [0x00000000c0000000,0x00000000c0000000,0x00000000c5580000)
 Metaspace       used 6091K, capacity 6962K, committed 7040K, reserved 1056768K
  class space    used 598K, capacity 618K, committed 640K, reserved 1048576K
Event: 1.182 GC heap after
Heap after GC invocations=1 (full 0):
 PSYoungGen      total 38400K, used 5097K [0x00000000eab00000, 0x00000000ed580000, 0x0000000100000000)
  eden space 33280K, 0% used [0x00000000eab00000,0x00000000eab00000,0x00000000ecb80000)
  from space 5120K, 99% used [0x00000000ecb80000,0x00000000ed07a530,0x00000000ed080000)
  to   space 5120K, 0% used [0x00000000ed080000,0x00000000ed080000,0x00000000ed580000)
 ParOldGen       total 87552K, used 1442K [0x00000000c0000000, 0x00000000c5580000, 0x00000000eab00000)
  object space 87552K, 1% used [0x00000000c0000000,0x00000000c0168900,0x00000000c5580000)
 Metaspace       used 6091K, capacity 6962K, committed 7040K, reserved 1056768K
  class space    used 598K, capacity 618K, committed 640K, reserved 1048576K
}

Deoptimization events (10 events):
Event: 0.395 Thread 0x0000000016047800 Uncommon trap: reason=class_check action=maybe_recompile pc=0x00000000021ad5f0 method=com.android.dx.ssa.NormalSsaInsn.accept(Lcom/android/dx/ssa/SsaInsn$Visitor;)V @ 9
Event: 0.404 Thread 0x0000000016047800 Uncommon trap: reason=unstable_if action=reinterpret pc=0x00000000021878b0 method=java.util.BitSet.nextSetBit(I)I @ 87
Event: 0.574 Thread 0x0000000016057000 Uncommon trap: reason=unstable_if action=reinterpret pc=0x000000000218b320 method=java.util.HashMap.getNode(ILjava/lang/Object;)Ljava/util/HashMap$Node; @ 129
Event: 0.642 Thread 0x0000000016047800 Uncommon trap: reason=class_check action=maybe_recompile pc=0x00000000021beb48 method=com.android.dx.rop.type.Type.equals(Ljava/lang/Object;)Z @ 8
Event: 0.642 Thread 0x0000000016047800 Uncommon trap: reason=class_check action=maybe_recompile pc=0x00000000021beb48 method=com.android.dx.rop.type.Type.equals(Ljava/lang/Object;)Z @ 8
Event: 0.642 Thread 0x0000000016047800 Uncommon trap: reason=class_check action=maybe_recompile pc=0x00000000021beb48 method=com.android.dx.rop.type.Type.equals(Ljava/lang/Object;)Z @ 8
Event: 0.643 Thread 0x0000000016047800 Uncommon trap: reason=unstable_if action=reinterpret pc=0x00000000021be7bc method=java.util.HashMap.getNode(ILjava/lang/Object;)Ljava/util/HashMap$Node; @ 129
Event: 0.655 Thread 0x0000000001e72800 Uncommon trap: reason=null_check action=make_not_entrant pc=0x000000000225b3a4 method=com.android.dx.ssa.SsaRenamer.getLocalForNewReg(I)Lcom/android/dx/rop/code/LocalItem; @ 19
Event: 1.205 Thread 0x000000001604d000 Uncommon trap: reason=unstable_if action=reinterpret pc=0x000000000237d830 method=com.android.dx.ssa.SsaRenamer$BlockRenamer.addMapping(ILcom/android/dx/rop/code/RegisterSpec;)V @ 120
Event: 1.212 Thread 0x000000001604d000 Uncommon trap: reason=unstable_if action=reinterpret pc=0x00000000023dbfe0 method=com.android.dx.rop.code.LocalItem.compareHandlesNulls(Lcom/android/dx/rop/cst/CstString;Lcom/android/dx/rop/cst/CstString;)I @ 8

Internal exceptions (4 events):
Event: 0.026 Thread 0x0000000001e72800 Exception <a 'java/lang/NoSuchMethodError': Method sun.misc.Unsafe.defineClass(Ljava/lang/String;[BII)Ljava/lang/Class; name or signature does not match> (0x00000000eab07cc0) thrown at [D:\re\workspace\8-2-build-windows-amd64-cygwin\jdk8u92\6642\hotspot\srhU›AYö?
Event: 0.026 Thread 0x0000000001e72800 Exception <a 'java/lang/NoSuchMethodError': Method sun.misc.Unsafe.prefetchRead(Ljava/lang/Object;J)V name or signature does not match> (0x00000000eab07fa8) thrown at [D:\re\workspace\8-2-build-windows-amd64-cygwin\jdk8u92\6642\hotspot\src\share\vm\prims\j’€ÌõÚ‰?
Event: 0.655 Thread 0x0000000001e72800 Implicit null exception at 0x0000000002259af9 to 0x000000000225b359
Event: 1.212 Thread 0x000000001604d000 Implicit null exception at 0x00000000023dbe21 to 0x00000000023dbfcd

Events (10 events):
Event: 1.204 Thread 0x000000001604d000 DEOPT PACKING pc=0x000000000234eeed sp=0x000000001699ea70
Event: 1.204 Thread 0x000000001604d000 DEOPT UNPACKING pc=0x0000000001fb787f sp=0x000000001699e808 mode 0
Event: 1.205 Thread 0x000000001604d000 Uncommon trap: trap_request=0xffffff65 fr.pc=0x000000000237d830
Event: 1.205 Thread 0x000000001604d000 DEOPT PACKING pc=0x000000000237d830 sp=0x000000001699e9c0
Event: 1.205 Thread 0x000000001604d000 DEOPT UNPACKING pc=0x0000000001fb582a sp=0x000000001699e9a0 mode 2
Event: 1.212 Thread 0x000000001604d000 Uncommon trap: trap_request=0xffffff65 fr.pc=0x00000000023dbfe0
Event: 1.212 Thread 0x000000001604d000 DEOPT PACKING pc=0x00000000023dbfe0 sp=0x000000001699eba0
Event: 1.212 Thread 0x000000001604d000 DEOPT UNPACKING pc=0x0000000001fb582a sp=0x000000001699eae0 mode 2
Event: 1.223 Thread 0x0000000016049000 DEOPT PACKING pc=0x000000000234eeed sp=0x000000001689eb10
Event: 1.223 Thread 0x0000000016049000 DEOPT UNPACKING pc=0x0000000001fb787f sp=0x000000001689e8a8 mode 0


Dynamic libraries:
0x00007ff725170000 - 0x00007ff7251a7000 	C:\Program Files\Java\jdk1.8.0_92\bin\java.exe
0x00007ffef9f10000 - 0x00007ffefa0ba000 	C:\Windows\SYSTEM32\ntdll.dll
0x00007ffef9b80000 - 0x00007ffef9cba000 	C:\Windows\system32\KERNEL32.DLL
0x00007ffef74a0000 - 0x00007ffef75af000 	C:\Windows\system32\KERNELBASE.dll
0x00007ffef5eb0000 - 0x00007ffef5f38000 	C:\Windows\system32\apphelp.dll
0x00007ffed1e60000 - 0x00007ffed1eaf000 	C:\Windows\AppPatch\AppPatch64\AcGenral.DLL
0x00007ffef9cc0000 - 0x00007ffef9d67000 	C:\Windows\system32\msvcrt.dll
0x00007ffef70c0000 - 0x00007ffef70eb000 	C:\Windows\SYSTEM32\SspiCli.dll
0x00007ffef9320000 - 0x00007ffef9371000 	C:\Windows\system32\SHLWAPI.dll
0x00007ffef9380000 - 0x00007ffef94f1000 	C:\Windows\system32\USER32.dll
0x00007ffef7790000 - 0x00007ffef7908000 	C:\Windows\system32\ole32.dll
0x00007ffef7c70000 - 0x00007ffef9087000 	C:\Windows\system32\SHELL32.dll
0x00007ffef68f0000 - 0x00007ffef690e000 	C:\Windows\SYSTEM32\USERENV.dll
0x00007ffef9090000 - 0x00007ffef9135000 	C:\Windows\system32\ADVAPI32.dll
0x00007ffef22f0000 - 0x00007ffef230b000 	C:\Windows\SYSTEM32\MPR.dll
0x00007ffef79d0000 - 0x00007ffef7b06000 	C:\Windows\system32\RPCRT4.dll
0x00007ffef7c10000 - 0x00007ffef7c67000 	C:\Windows\SYSTEM32\sechost.dll
0x00007ffef9140000 - 0x00007ffef9316000 	C:\Windows\SYSTEM32\combase.dll
0x00007ffef9560000 - 0x00007ffef96a5000 	C:\Windows\system32\GDI32.dll
0x00007ffef7280000 - 0x00007ffef7294000 	C:\Windows\SYSTEM32\profapi.dll
0x00007ffef58e0000 - 0x00007ffef597f000 	C:\Windows\SYSTEM32\SHCORE.dll
0x00007ffef9b40000 - 0x00007ffef9b74000 	C:\Windows\system32\IMM32.DLL
0x00007ffef96b0000 - 0x00007ffef97e9000 	C:\Windows\system32\MSCTF.dll
0x00007ffef4fd0000 - 0x00007ffef522a000 	C:\Windows\WinSxS\amd64_microsoft.windows.common-controls_6595b64144ccf1df_6.0.9600.17031_none_6242a4b3ecbb55a1\COMCTL32.dll
0x0000000067850000 - 0x0000000067922000 	C:\Program Files\Java\jdk1.8.0_92\jre\bin\msvcr100.dll
0x0000000067ea0000 - 0x0000000068736000 	C:\Program Files\Java\jdk1.8.0_92\jre\bin\server\jvm.dll
0x00007ffef0d00000 - 0x00007ffef0d09000 	C:\Windows\SYSTEM32\WSOCK32.dll
0x00007ffeeedc0000 - 0x00007ffeeeddf000 	C:\Windows\SYSTEM32\WINMM.dll
0x00007ffef4f90000 - 0x00007ffef4f9a000 	C:\Windows\SYSTEM32\VERSION.dll
0x00007ffef7b10000 - 0x00007ffef7b17000 	C:\Windows\system32\PSAPI.DLL
0x00007ffef9500000 - 0x00007ffef9558000 	C:\Windows\system32\WS2_32.dll
0x00007ffee99a0000 - 0x00007ffee99ca000 	C:\Windows\SYSTEM32\WINMMBASE.dll
0x00007ffef9b30000 - 0x00007ffef9b39000 	C:\Windows\system32\NSI.dll
0x00007ffef7350000 - 0x00007ffef739a000 	C:\Windows\SYSTEM32\cfgmgr32.dll
0x00007ffef6100000 - 0x00007ffef6126000 	C:\Windows\SYSTEM32\DEVOBJ.dll
0x0000000069210000 - 0x000000006921f000 	C:\Program Files\Java\jdk1.8.0_92\jre\bin\verify.dll
0x00000000691e0000 - 0x0000000069209000 	C:\Program Files\Java\jdk1.8.0_92\jre\bin\java.dll
0x0000000069190000 - 0x00000000691a6000 	C:\Program Files\Java\jdk1.8.0_92\jre\bin\zip.dll

VM Arguments:
jvm_args: -Djava.awt.headless=true -Xmx1024M -Dfile.encoding=windows-1252 -Duser.country=US -Duser.language=en -Duser.variant 
java_command: com.android.dx.command.Main --dex --force-jumbo --num-threads=4 --multi-dex --output C:\Zooket\app\build\intermediates\transforms\dex\debug\folders\1000\10\gson-2.3.1_c6af6dd6c1e3d279ec9ad25416316f6ca0b33db0 C:\Users\Smo\.gradle\caches\modules-2\files-2.1\com.google.code.gson\gson\2.3.1\ecb6e1f8e4b0e84c4b886c2f14a1500caf309757\gson-2.3.1.jar
java_class_path (initial): C:\android-sdk-windows\build-tools\24.0.3\lib\dx.jar
Launcher Type: SUN_STANDARD

Environment Variables:
PATH=C:\ProgramData\Oracle\Java\javapath;C:\Windows\system32;C:\Windows;C:\Windows\System32\Wbem;C:\Windows\System32\WindowsPowerShell\v1.0\;C:\Program Files (x86)\NVIDIA Corporation\PhysX\Common;C:\Program Files (x86)\Windows Kits\8.1\Windows Performance Toolkit\;C:\Program Files\Microsoft SQL Server\110\Tools\Binn\;C:\Program Files\Microsoft SQL Server\110\DTS\Binn\;C:\Program Files (x86)\Microsoft SQL Server\110\Tools\Binn\;C:\Program Files (x86)\Microsoft SQL Server\110\Tools\Binn\ManagementStudio\;C:\Program Files (x86)\Microsoft Visual Studio 10.0\Common7\IDE\PrivateAssemblies\;C:\Program Files (x86)\Microsoft SQL Server\110\DTS\Binn\;C:\Program Files (x86)\GtkSharp\2.12\bin;C:\Program Files (x86)\QuickTime\QTSystem\
USERNAME=Smo
OS=Windows_NT
PROCESSOR_IDENTIFIER=Intel64 Family 6 Model 94 Stepping 3, GenuineIntel



---------------  S Y S T E M  ---------------

OS: Windows 8.1 , 64 bit Build 9600 (6.3.9600.17056)

CPU:total 4 (4 cores per cpu, 1 threads per core) family 6 model 94 stepping 3, cmov, cx8, fxsr, mmx, sse, sse2, sse3, ssse3, sse4.1, sse4.2, popcnt, avx, avx2, aes, clmul, erms, 3dnowpref, lzcnt, tsc, tscinvbit, bmi1, bmi2, adx

Memory: 4k page, physical 8266404k(2061756k free), swap 8266404k(5144k free)

vm_info: Java HotSpot(TM) 64-Bit Server VM (25.92-b14) for windows-amd64 JRE (1.8.0_92-b14), built on Mar 31 2016 21:03:04 by "java_re" with MS VC++ 10.0 (VS2010)

time: Thu May 11 11:27:05 2017
elapsed time: 1 seconds (0d 0h 0m 1s)

