#
# There is insufficient memory for the Java Runtime Environment to continue.
# Native memory allocation (malloc) failed to allocate 101152 bytes for Chunk::new
# Possible reasons:
#   The system is out of physical RAM or swap space
#   In 32 bit mode, the process size limit was hit
# Possible solutions:
#   Reduce memory load on the system
#   Increase physical memory or swap space
#   Check if swap backing store is full
#   Use 64 bit Java on a 64 bit OS
#   Decrease Java heap size (-Xmx/-Xms)
#   Decrease number of Java threads
#   Decrease Java thread stack sizes (-Xss)
#   Set larger code cache with -XX:ReservedCodeCacheSize=
# This output file may be truncated or incomplete.
#
#  Out of Memory Error (allocation.cpp:390), pid=9536, tid=0x0000000000000a88
#
# JRE version: Java(TM) SE Runtime Environment (8.0_92-b14) (build 1.8.0_92-b14)
# Java VM: Java HotSpot(TM) 64-Bit Server VM (25.92-b14 mixed mode windows-amd64 compressed oops)
# Failed to write core dump. Minidumps are not enabled by default on client versions of Windows
#

---------------  T H R E A D  ---------------

Current thread (0x0000000015273000):  JavaThread "C2 CompilerThread1" daemon [_thread_in_native, id=2696, stack(0x00000000169a0000,0x0000000016aa0000)]

Stack: [0x00000000169a0000,0x0000000016aa0000]
[error occurred during error reporting (printing stack bounds), id 0xc0000005]

Native frames: (J=compiled Java code, j=interpreted, Vv=VM code, C=native code)


Current CompileTask:
C2:    480  680       4       com.android.dx.ssa.SsaBasicBlock::forEachInsn (37 bytes)


---------------  P R O C E S S  ---------------

Java Threads: ( => current thread )
  0x0000000016f27800 JavaThread "pool-1-thread-4" [_thread_in_Java, id=3672, stack(0x00000000177a0000,0x00000000178a0000)]
  0x0000000016e1c000 JavaThread "pool-1-thread-3" [_thread_in_Java, id=10904, stack(0x00000000174a0000,0x00000000175a0000)]
  0x0000000016e1b800 JavaThread "pool-1-thread-2" [_thread_blocked, id=7444, stack(0x00000000173a0000,0x00000000174a0000)]
  0x0000000016e17000 JavaThread "pool-2-thread-1" [_thread_blocked, id=11240, stack(0x00000000172a0000,0x00000000173a0000)]
  0x0000000016ecb000 JavaThread "pool-1-thread-1" [_thread_blocked, id=2208, stack(0x00000000171a0000,0x00000000172a0000)]
  0x00000000152ce000 JavaThread "Service Thread" daemon [_thread_blocked, id=10760, stack(0x0000000016fa0000,0x00000000170a0000)]
  0x0000000015283800 JavaThread "C1 CompilerThread2" daemon [_thread_in_native, id=10140, stack(0x0000000016aa0000,0x0000000016ba0000)]
=>0x0000000015273000 JavaThread "C2 CompilerThread1" daemon [_thread_in_native, id=2696, stack(0x00000000169a0000,0x0000000016aa0000)]
  0x000000001526f800 JavaThread "C2 CompilerThread0" daemon [_thread_blocked, id=9188, stack(0x00000000168a0000,0x00000000169a0000)]
  0x000000001526e000 JavaThread "Attach Listener" daemon [_thread_blocked, id=8800, stack(0x00000000167a0000,0x00000000168a0000)]
  0x000000001526b000 JavaThread "Signal Dispatcher" daemon [_thread_blocked, id=7704, stack(0x00000000166a0000,0x00000000167a0000)]
  0x0000000002b9a800 JavaThread "Finalizer" daemon [_thread_blocked, id=10928, stack(0x00000000164c0000,0x00000000165c0000)]
  0x0000000002b8f800 JavaThread "Reference Handler" daemon [_thread_blocked, id=9224, stack(0x00000000163c0000,0x00000000164c0000)]
  0x0000000002aa2800 JavaThread "main" [_thread_in_Java, id=7208, stack(0x00000000029a0000,0x0000000002aa0000)]

Other Threads:
  0x0000000015238800 VMThread [stack: 0x00000000162c0000,0x00000000163c0000] [id=7488]
  0x0000000016bef000 WatcherThread [stack: 0x00000000170a0000,0x00000000171a0000] [id=5480]

VM state:synchronizing (normal execution)

VM Mutex/Monitor currently owned by a thread:  ([mutex/lock_event])
[0x000000000121ce50] Safepoint_lock - owner thread: 0x0000000015238800
[0x000000000121c250] Threads_lock - owner thread: 0x0000000015238800
[0x0000000002aa19d0] CompiledIC_lock - owner thread: 0x0000000016f27800

Heap:
 PSYoungGen      total 38400K, used 17035K [0x00000000eab00000, 0x00000000ed580000, 0x0000000100000000)
  eden space 33280K, 51% used [0x00000000eab00000,0x00000000ebba2d00,0x00000000ecb80000)
  from space 5120K, 0% used [0x00000000ecb80000,0x00000000ecb80000,0x00000000ed080000)
  to   space 5120K, 0% used [0x00000000ed080000,0x00000000ed080000,0x00000000ed580000)
 ParOldGen       total 62464K, used 312K [0x00000000c0000000, 0x00000000c3d00000, 0x00000000eab00000)
  object space 62464K, 0% used [0x00000000c0000000,0x00000000c004e288,0x00000000c3d00000)
 Metaspace       used 5725K, capacity 6642K, committed 6784K, reserved 1058816K
  class space    used 598K, capacity 618K, committed 640K, reserved 1048576K

Card table byte_map: [0x0000000011f60000,0x0000000012170000] byte_map_base: 0x0000000011960000

Marking Bits: (ParMarkBitMap*) 0x0000000060c564f0
 Begin Bits: [0x00000000126d0000, 0x00000000136d0000)
 End Bits:   [0x00000000136d0000, 0x00000000146d0000)

Polling page: 0x0000000001110000

CodeCache: size=245760Kb used=3320Kb max_used=3320Kb free=242439Kb
 bounds [0x0000000002ba0000, 0x0000000002ef0000, 0x0000000011ba0000]
 total_blobs=1056 nmethods=787 adapters=182
 compilation: enabled

Compilation events (10 events):
Event: 0.479 Thread 0x000000001526f800 nmethod 691 0x0000000002e82250 code [0x0000000002e823a0, 0x0000000002e824d8]
Event: 0.479 Thread 0x0000000015283800 nmethod 745 0x0000000002e92110 code [0x0000000002e926a0, 0x0000000002e97078]
Event: 0.479 Thread 0x000000001526f800  758       4       com.android.dx.ssa.NormalSsaInsn::accept (25 bytes)
Event: 0.479 Thread 0x0000000015283800  757       3       com.android.dx.ssa.SsaRenamer$BlockRenamer::updateSuccessorPhis (64 bytes)
Event: 0.479 Thread 0x0000000015283800 nmethod 757 0x0000000002e90f90 code [0x0000000002e911a0, 0x0000000002e91b08]
Event: 0.479 Thread 0x0000000015283800  755       3       com.android.dx.ssa.RegisterMapper::<init> (5 bytes)
Event: 0.479 Thread 0x0000000015283800 nmethod 755 0x0000000002e81e90 code [0x0000000002e81fe0, 0x0000000002e82190]
Event: 0.479 Thread 0x0000000015283800  753       3       com.android.dx.ssa.SsaRenamer$1::visitBlock (16 bytes)
Event: 0.480 Thread 0x0000000015283800 nmethod 753 0x0000000002e81a10 code [0x0000000002e81b80, 0x0000000002e81db8]
Event: 0.480 Thread 0x0000000015283800  754       3       com.android.dx.ssa.SsaRenamer$BlockRenamer::<init> (72 bytes)

GC Heap History (4 events):
Event: 0.092 GC heap before
{Heap before GC invocations=1 (full 0):
 PSYoungGen      total 38400K, used 1331K [0x00000000eab00000, 0x00000000ed580000, 0x0000000100000000)
  eden space 33280K, 4% used [0x00000000eab00000,0x00000000eac4cce8,0x00000000ecb80000)
  from space 5120K, 0% used [0x00000000ed080000,0x00000000ed080000,0x00000000ed580000)
  to   space 5120K, 0% used [0x00000000ecb80000,0x00000000ecb80000,0x00000000ed080000)
 ParOldGen       total 87552K, used 0K [0x00000000c0000000, 0x00000000c5580000, 0x00000000eab00000)
  object space 87552K, 0% used [0x00000000c0000000,0x00000000c0000000,0x00000000c5580000)
 Metaspace       used 2787K, capacity 4480K, committed 4480K, reserved 1062912K
  class space    used 302K, capacity 384K, committed 384K, reserved 1048576K
Event: 0.092 GC heap after
Heap after GC invocations=1 (full 0):
 PSYoungGen      total 38400K, used 432K [0x00000000eab00000, 0x00000000ed580000, 0x0000000100000000)
  eden space 33280K, 0% used [0x00000000eab00000,0x00000000eab00000,0x00000000ecb80000)
  from space 5120K, 8% used [0x00000000ecb80000,0x00000000ecbec010,0x00000000ed080000)
  to   space 5120K, 0% used [0x00000000ed080000,0x00000000ed080000,0x00000000ed580000)
 ParOldGen       total 87552K, used 8K [0x00000000c0000000, 0x00000000c5580000, 0x00000000eab00000)
  object space 87552K, 0% used [0x00000000c0000000,0x00000000c0002000,0x00000000c5580000)
 Metaspace       used 2787K, capacity 4480K, committed 4480K, reserved 1062912K
  class space    used 302K, capacity 384K, committed 384K, reserved 1048576K
}
Event: 0.092 GC heap before
{Heap before GC invocations=2 (full 1):
 PSYoungGen      total 38400K, used 432K [0x00000000eab00000, 0x00000000ed580000, 0x0000000100000000)
  eden space 33280K, 0% used [0x00000000eab00000,0x00000000eab00000,0x00000000ecb80000)
  from space 5120K, 8% used [0x00000000ecb80000,0x00000000ecbec010,0x00000000ed080000)
  to   space 5120K, 0% used [0x00000000ed080000,0x00000000ed080000,0x00000000ed580000)
 ParOldGen       total 87552K, used 8K [0x00000000c0000000, 0x00000000c5580000, 0x00000000eab00000)
  object space 87552K, 0% used [0x00000000c0000000,0x00000000c0002000,0x00000000c5580000)
 Metaspace       used 2787K, capacity 4480K, committed 4480K, reserved 1062912K
  class space    used 302K, capacity 384K, committed 384K, reserved 1048576K
Event: 0.095 GC heap after
Heap after GC invocations=2 (full 1):
 PSYoungGen      total 38400K, used 0K [0x00000000eab00000, 0x00000000ed580000, 0x0000000100000000)
  eden space 33280K, 0% used [0x00000000eab00000,0x00000000eab00000,0x00000000ecb80000)
  from space 5120K, 0% used [0x00000000ecb80000,0x00000000ecb80000,0x00000000ed080000)
  to   space 5120K, 0% used [0x00000000ed080000,0x00000000ed080000,0x00000000ed580000)
 ParOldGen       total 62464K, used 312K [0x00000000c0000000, 0x00000000c3d00000, 0x00000000eab00000)
  object space 62464K, 0% used [0x00000000c0000000,0x00000000c004e288,0x00000000c3d00000)
 Metaspace       used 2787K, capacity 4480K, committed 4480K, reserved 1058816K
  class space    used 302K, capacity 384K, committed 384K, reserved 1048576K
}

Deoptimization events (2 events):
Event: 0.415 Thread 0x0000000002aa2800 Uncommon trap: reason=unstable_if action=reinterpret pc=0x0000000002dbc148 method=java.util.HashMap.getNode(ILjava/lang/Object;)Ljava/util/HashMap$Node; @ 62
Event: 0.479 Thread 0x0000000016f27800 Uncommon trap: reason=null_check action=make_not_entrant pc=0x0000000002e89fd0 method=com.android.dx.ssa.SsaRenamer.getLocalForNewReg(I)Lcom/android/dx/rop/code/LocalItem; @ 19

Internal exceptions (3 events):
Event: 0.025 Thread 0x0000000002aa2800 Exception <a 'java/lang/NoSuchMethodError': Method sun.misc.Unsafe.defineClass(Ljava/lang/String;[BII)Ljava/lang/Class; name or signature does not match> (0x00000000eab07cc0) thrown at [D:\re\workspace\8-2-build-windows-amd64-cygwin\jdk8u92\6642\hotspot\srÄ·VØ^°™?
Event: 0.025 Thread 0x0000000002aa2800 Exception <a 'java/lang/NoSuchMethodError': Method sun.misc.Unsafe.prefetchRead(Ljava/lang/Object;J)V name or signature does not match> (0x00000000eab07fa8) thrown at [D:\re\workspace\8-2-build-windows-amd64-cygwin\jdk8u92\6642\hotspot\src\share\vm\prims\jö™£r¡Þ?
Event: 0.479 Thread 0x0000000016f27800 Implicit null exception at 0x0000000002e88130 to 0x0000000002e89fa9

Events (10 events):
Event: 0.420 loading class java/util/TreeMap$EntryIterator done
Event: 0.427 loading class com/android/dx/cf/attrib/AttDeprecated
Event: 0.427 loading class com/android/dx/cf/attrib/AttDeprecated done
Event: 0.438 loading class java/util/DualPivotQuicksort
Event: 0.438 loading class java/util/DualPivotQuicksort done
Event: 0.454 loading class java/util/ArrayList$1
Event: 0.454 loading class java/util/ArrayList$1 done
Event: 0.479 Thread 0x0000000016f27800 Uncommon trap: trap_request=0xfffffff4 fr.pc=0x0000000002e89fd0
Event: 0.479 Thread 0x0000000016f27800 DEOPT PACKING pc=0x0000000002e89fd0 sp=0x000000001789ebe0
Event: 0.479 Thread 0x0000000016f27800 DEOPT UNPACKING pc=0x0000000002be582a sp=0x000000001789ea88 mode 2


Dynamic libraries:
0x00007ff7b9a90000 - 0x00007ff7b9ac7000 	C:\Program Files\Java\jdk1.8.0_92\bin\java.exe
0x00007ff8c1da0000 - 0x00007ff8c1f4a000 	C:\Windows\SYSTEM32\ntdll.dll
0x00007ff8c1530000 - 0x00007ff8c166a000 	C:\Windows\system32\KERNEL32.DLL
0x00007ff8bf4c0000 - 0x00007ff8bf5cf000 	C:\Windows\system32\KERNELBASE.dll
0x00007ff8bdd40000 - 0x00007ff8bddc8000 	C:\Windows\system32\apphelp.dll
0x00007ff8aa780000 - 0x00007ff8aa7cf000 	C:\Windows\AppPatch\AppPatch64\AcGenral.DLL
0x00007ff8c1ce0000 - 0x00007ff8c1d87000 	C:\Windows\system32\msvcrt.dll
0x00007ff8bef50000 - 0x00007ff8bef7b000 	C:\Windows\SYSTEM32\SspiCli.dll
0x00007ff8bf7c0000 - 0x00007ff8bf811000 	C:\Windows\system32\SHLWAPI.dll
0x00007ff8c1680000 - 0x00007ff8c17f1000 	C:\Windows\system32\USER32.dll
0x00007ff8c1800000 - 0x00007ff8c1978000 	C:\Windows\system32\ole32.dll
0x00007ff8bfdc0000 - 0x00007ff8c11d7000 	C:\Windows\system32\SHELL32.dll
0x00007ff8be780000 - 0x00007ff8be79e000 	C:\Windows\SYSTEM32\USERENV.dll
0x00007ff8c1380000 - 0x00007ff8c1425000 	C:\Windows\system32\ADVAPI32.dll
0x00007ff8ba5f0000 - 0x00007ff8ba60b000 	C:\Windows\SYSTEM32\MPR.dll
0x00007ff8bf620000 - 0x00007ff8bf756000 	C:\Windows\system32\RPCRT4.dll
0x00007ff8bfa70000 - 0x00007ff8bfac7000 	C:\Windows\SYSTEM32\sechost.dll
0x00007ff8c1b00000 - 0x00007ff8c1cd6000 	C:\Windows\SYSTEM32\combase.dll
0x00007ff8bfc70000 - 0x00007ff8bfdb5000 	C:\Windows\system32\GDI32.dll
0x00007ff8bf110000 - 0x00007ff8bf124000 	C:\Windows\SYSTEM32\profapi.dll
0x00007ff8bd770000 - 0x00007ff8bd80f000 	C:\Windows\SYSTEM32\SHCORE.dll
0x00007ff8c1430000 - 0x00007ff8c1464000 	C:\Windows\system32\IMM32.DLL
0x00007ff8c11e0000 - 0x00007ff8c1319000 	C:\Windows\system32\MSCTF.dll
0x00007ff8bcef0000 - 0x00007ff8bd14a000 	C:\Windows\WinSxS\amd64_microsoft.windows.common-controls_6595b64144ccf1df_6.0.9600.17031_none_6242a4b3ecbb55a1\COMCTL32.dll
0x000000005fcc0000 - 0x000000005fd92000 	C:\Program Files\Java\jdk1.8.0_92\jre\bin\msvcr100.dll
0x0000000060440000 - 0x0000000060cd6000 	C:\Program Files\Java\jdk1.8.0_92\jre\bin\server\jvm.dll
0x00007ff8b7f00000 - 0x00007ff8b7f09000 	C:\Windows\SYSTEM32\WSOCK32.dll
0x00007ff8baf20000 - 0x00007ff8baf3f000 	C:\Windows\SYSTEM32\WINMM.dll
0x00007ff8bce20000 - 0x00007ff8bce2a000 	C:\Windows\SYSTEM32\VERSION.dll
0x00007ff8c1670000 - 0x00007ff8c1677000 	C:\Windows\system32\PSAPI.DLL
0x00007ff8c1320000 - 0x00007ff8c1378000 	C:\Windows\system32\WS2_32.dll
0x00007ff8ba790000 - 0x00007ff8ba7ba000 	C:\Windows\SYSTEM32\WINMMBASE.dll
0x00007ff8bf820000 - 0x00007ff8bf829000 	C:\Windows\system32\NSI.dll
0x00007ff8bf1e0000 - 0x00007ff8bf22a000 	C:\Windows\SYSTEM32\cfgmgr32.dll
0x00007ff8bdf90000 - 0x00007ff8bdfb6000 	C:\Windows\SYSTEM32\DEVOBJ.dll
0x0000000060f50000 - 0x0000000060f5f000 	C:\Program Files\Java\jdk1.8.0_92\jre\bin\verify.dll
0x0000000060410000 - 0x0000000060439000 	C:\Program Files\Java\jdk1.8.0_92\jre\bin\java.dll
0x00000000603f0000 - 0x0000000060406000 	C:\Program Files\Java\jdk1.8.0_92\jre\bin\zip.dll

VM Arguments:
jvm_args: -Djava.awt.headless=true -Xmx1024M -Dfile.encoding=windows-1252 -Duser.country=US -Duser.language=en -Duser.variant 
java_command: com.android.dx.command.Main --dex --force-jumbo --num-threads=4 --output C:\Zooket\app\build\intermediates\pre-dexed\debug\okhttp-3.5.0_e91d8159a3d7db8ced802dc3bb030e67d837299d.jar C:\Users\Smo\.gradle\caches\modules-2\files-2.1\com.squareup.okhttp3\okhttp\3.5.0\4b0bb6bfbecbdd42b97ff400af342bfe7f32bc83\okhttp-3.5.0.jar
java_class_path (initial): C:\android-sdk-windows\build-tools\24.0.3\lib\dx.jar
Launcher Type: SUN_STANDARD

Environment Variables:
PATH=C:\ProgramData\Oracle\Java\javapath;C:\Windows\system32;C:\Windows;C:\Windows\System32\Wbem;C:\Windows\System32\WindowsPowerShell\v1.0\;C:\Program Files (x86)\NVIDIA Corporation\PhysX\Common;C:\Program Files (x86)\Windows Kits\8.1\Windows Performance Toolkit\;C:\Program Files\Microsoft SQL Server\110\Tools\Binn\;C:\Program Files\Microsoft SQL Server\110\DTS\Binn\;C:\Program Files (x86)\Microsoft SQL Server\110\Tools\Binn\;C:\Program Files (x86)\Microsoft SQL Server\110\Tools\Binn\ManagementStudio\;C:\Program Files (x86)\Microsoft Visual Studio 10.0\Common7\IDE\PrivateAssemblies\;C:\Program Files (x86)\Microsoft SQL Server\110\DTS\Binn\;C:\Program Files (x86)\GtkSharp\2.12\bin;C:\Program Files (x86)\QuickTime\QTSystem\
USERNAME=Smo
OS=Windows_NT
PROCESSOR_IDENTIFIER=Intel64 Family 6 Model 94 Stepping 3, GenuineIntel



---------------  S Y S T E M  ---------------

OS: Windows 8.1 , 64 bit Build 9600 (6.3.9600.17056)

CPU:total 4 (4 cores per cpu, 1 threads per core) family 6 model 94 stepping 3, cmov, cx8, fxsr, mmx, sse, sse2, sse3, ssse3, sse4.1, sse4.2, popcnt, avx, avx2, aes, clmul, erms, 3dnowpref, lzcnt, tsc, tscinvbit, bmi1, bmi2, adx

Memory: 4k page, physical 8266404k(933036k free), swap 8266404k(7008k free)

vm_info: Java HotSpot(TM) 64-Bit Server VM (25.92-b14) for windows-amd64 JRE (1.8.0_92-b14), built on Mar 31 2016 21:03:04 by "java_re" with MS VC++ 10.0 (VS2010)

time: Tue May 09 20:31:23 2017
elapsed time: 0 seconds (0d 0h 0m 0s)

