#
# There is insufficient memory for the Java Runtime Environment to continue.
# Native memory allocation (malloc) failed to allocate 32744 bytes for ChunkPool::allocate
# Possible reasons:
#   The system is out of physical RAM or swap space
#   In 32 bit mode, the process size limit was hit
# Possible solutions:
#   Reduce memory load on the system
#   Increase physical memory or swap space
#   Check if swap backing store is full
#   Use 64 bit Java on a 64 bit OS
#   Decrease Java heap size (-Xmx/-Xms)
#   Decrease number of Java threads
#   Decrease Java thread stack sizes (-Xss)
#   Set larger code cache with -XX:ReservedCodeCacheSize=
# This output file may be truncated or incomplete.
#
#  Out of Memory Error (allocation.cpp:273), pid=8820, tid=0x000000000000230c
#
# JRE version: Java(TM) SE Runtime Environment (8.0_92-b14) (build 1.8.0_92-b14)
# Java VM: Java HotSpot(TM) 64-Bit Server VM (25.92-b14 mixed mode windows-amd64 compressed oops)
# Failed to write core dump. Minidumps are not enabled by default on client versions of Windows
#

---------------  T H R E A D  ---------------

Current thread (0x00000000166e1000):  JavaThread "C1 CompilerThread2" daemon [_thread_in_native, id=8972, stack(0x0000000016ae0000,0x0000000016be0000)]

Stack: [0x0000000016ae0000,0x0000000016be0000]
[error occurred during error reporting (printing stack bounds), id 0xc0000005]

Native frames: (J=compiled Java code, j=interpreted, Vv=VM code, C=native code)


Current CompileTask:
C1:   3050  561   !   3       com.android.dx.cf.code.BytecodeArray::parseInstruction (2764 bytes)


---------------  P R O C E S S  ---------------

Java Threads: ( => current thread )
  0x0000000016947000 JavaThread "pool-1-thread-4" [_thread_blocked, id=1536, stack(0x00000000171e0000,0x00000000172e0000)]
  0x0000000016946000 JavaThread "pool-1-thread-3" [_thread_in_Java, id=6368, stack(0x00000000170e0000,0x00000000171e0000)]
  0x0000000016944800 JavaThread "pool-1-thread-2" [_thread_blocked, id=9164, stack(0x0000000016fe0000,0x00000000170e0000)]
  0x000000001693f800 JavaThread "pool-2-thread-1" [_thread_blocked, id=8688, stack(0x0000000016ee0000,0x0000000016fe0000)]
  0x0000000016934800 JavaThread "pool-1-thread-1" [_thread_in_Java, id=4232, stack(0x0000000016de0000,0x0000000016ee0000)]
  0x00000000166e6800 JavaThread "Service Thread" daemon [_thread_blocked, id=4256, stack(0x0000000016be0000,0x0000000016ce0000)]
=>0x00000000166e1000 JavaThread "C1 CompilerThread2" daemon [_thread_in_native, id=8972, stack(0x0000000016ae0000,0x0000000016be0000)]
  0x0000000014ee7800 JavaThread "C2 CompilerThread1" daemon [_thread_blocked, id=8772, stack(0x00000000165e0000,0x00000000166e0000)]
  0x0000000014e8e000 JavaThread "C2 CompilerThread0" daemon [_thread_blocked, id=8452, stack(0x00000000164e0000,0x00000000165e0000)]
  0x0000000014e8c000 JavaThread "Attach Listener" daemon [_thread_blocked, id=3364, stack(0x00000000163e0000,0x00000000164e0000)]
  0x0000000014e8b000 JavaThread "Signal Dispatcher" daemon [_thread_blocked, id=1440, stack(0x00000000162e0000,0x00000000163e0000)]
  0x0000000014e7a800 JavaThread "Finalizer" daemon [_thread_blocked, id=5628, stack(0x00000000160e0000,0x00000000161e0000)]
  0x0000000002790800 JavaThread "Reference Handler" daemon [_thread_blocked, id=5960, stack(0x0000000015fe0000,0x00000000160e0000)]
  0x00000000026a2800 JavaThread "main" [_thread_blocked, id=1656, stack(0x0000000002540000,0x0000000002640000)]

Other Threads:
  0x0000000014e58800 VMThread [stack: 0x0000000015ee0000,0x0000000015fe0000] [id=7700]
  0x00000000166f0800 WatcherThread [stack: 0x0000000016ce0000,0x0000000016de0000] [id=5484]

VM state:not at safepoint (normal execution)

VM Mutex/Monitor currently owned by a thread: None

Heap:
 PSYoungGen      total 38400K, used 14034K [0x00000000eab00000, 0x00000000ed580000, 0x0000000100000000)
  eden space 33280K, 42% used [0x00000000eab00000,0x00000000eb8b4868,0x00000000ecb80000)
  from space 5120K, 0% used [0x00000000ed080000,0x00000000ed080000,0x00000000ed580000)
  to   space 5120K, 0% used [0x00000000ecb80000,0x00000000ecb80000,0x00000000ed080000)
 ParOldGen       total 87552K, used 0K [0x00000000c0000000, 0x00000000c5580000, 0x00000000eab00000)
  object space 87552K, 0% used [0x00000000c0000000,0x00000000c0000000,0x00000000c5580000)
 Metaspace       used 5516K, capacity 6448K, committed 6528K, reserved 1056768K
  class space    used 594K, capacity 616K, committed 640K, reserved 1048576K

Card table byte_map: [0x0000000011b60000,0x0000000011d70000] byte_map_base: 0x0000000011560000

Marking Bits: (ParMarkBitMap*) 0x00000000582664f0
 Begin Bits: [0x00000000122d0000, 0x00000000132d0000)
 End Bits:   [0x00000000132d0000, 0x00000000142d0000)

Polling page: 0x0000000002640000

CodeCache: size=245760Kb used=2287Kb max_used=2287Kb free=243472Kb
 bounds [0x00000000027a0000, 0x0000000002a10000, 0x00000000117a0000]
 total_blobs=830 nmethods=561 adapters=182
 compilation: enabled

Compilation events (10 events):
Event: 3.045 Thread 0x00000000166e1000 nmethod 559 0x00000000029da550 code [0x00000000029da720, 0x00000000029daf08]
Event: 3.045 Thread 0x00000000166e1000  562       3       com.android.dx.rop.code.LocalItem::equals (29 bytes)
Event: 3.045 Thread 0x00000000166e1000 nmethod 562 0x00000000029db4d0 code [0x00000000029db680, 0x00000000029dbef8]
Event: 3.045 Thread 0x00000000166e1000  555       3       com.android.dx.ssa.SsaMethod$2::visitNonMoveInsn (6 bytes)
Event: 3.045 Thread 0x00000000166e1000 nmethod 555 0x00000000029dc190 code [0x00000000029dc300, 0x00000000029dc488]
Event: 3.045 Thread 0x00000000166e1000  556       3       com.android.dx.ssa.SsaMethod$1::visitNonMoveInsn (26 bytes)
Event: 3.045 Thread 0x00000000166e1000 nmethod 556 0x00000000029dc510 code [0x00000000029dc680, 0x00000000029dcb50]
Event: 3.045 Thread 0x00000000166e1000  560       3       com.android.dx.rop.code.RegisterSpec::make (7 bytes)
Event: 3.045 Thread 0x00000000166e1000 nmethod 560 0x00000000029dcd10 code [0x00000000029dce80, 0x00000000029dcfe8]
Event: 3.045 Thread 0x00000000166e1000  561   !   3       com.android.dx.cf.code.BytecodeArray::parseInstruction (2764 bytes)

GC Heap History (0 events):
No events

Deoptimization events (0 events):
No events

Internal exceptions (2 events):
Event: 1.640 Thread 0x00000000026a2800 Exception <a 'java/lang/NoSuchMethodError': Method sun.misc.Unsafe.defineClass(Ljava/lang/String;[BII)Ljava/lang/Class; name or signature does not match> (0x00000000eab07cc0) thrown at [D:\re\workspace\8-2-build-windows-amd64-cygwin\jdk8u92\6642\hotspot\sr”õÀy=ú?
Event: 1.640 Thread 0x00000000026a2800 Exception <a 'java/lang/NoSuchMethodError': Method sun.misc.Unsafe.prefetchRead(Ljava/lang/Object;J)V name or signature does not match> (0x00000000eab07fa8) thrown at [D:\re\workspace\8-2-build-windows-amd64-cygwin\jdk8u92\6642\hotspot\src\share\vm\prims\j

Events (10 events):
Event: 3.018 loading class com/android/dx/rop/annotation/AnnotationsList
Event: 3.018 loading class com/android/dx/rop/annotation/AnnotationsList done
Event: 3.018 loading class com/android/dx/dex/file/MethodIdItem
Event: 3.018 loading class com/android/dx/dex/file/MethodIdItem done
Event: 3.020 loading class com/android/dx/ssa/PhiInsn$Operand
Event: 3.020 loading class com/android/dx/ssa/PhiInsn$Operand done
Event: 3.036 loading class com/android/dx/ssa/back/FirstFitLocalCombiningAllocator$Multiset
Event: 3.036 loading class com/android/dx/ssa/back/FirstFitLocalCombiningAllocator$Multiset done
Event: 3.040 loading class com/android/dx/dex/file/MethodAnnotationStruct
Event: 3.040 loading class com/android/dx/dex/file/MethodAnnotationStruct done


Dynamic libraries:
0x00007ff6efb20000 - 0x00007ff6efb57000 	C:\Program Files\Java\jdk1.8.0_92\bin\java.exe
0x00007ffd45f40000 - 0x00007ffd460ea000 	C:\Windows\SYSTEM32\ntdll.dll
0x00007ffd43cb0000 - 0x00007ffd43dea000 	C:\Windows\system32\KERNEL32.DLL
0x00007ffd43380000 - 0x00007ffd4348f000 	C:\Windows\system32\KERNELBASE.dll
0x00007ffd41ee0000 - 0x00007ffd41f68000 	C:\Windows\system32\apphelp.dll
0x00007ffd1ae00000 - 0x00007ffd1ae4f000 	C:\Windows\AppPatch\AppPatch64\AcGenral.DLL
0x00007ffd441d0000 - 0x00007ffd44277000 	C:\Windows\system32\msvcrt.dll
0x00007ffd430f0000 - 0x00007ffd4311b000 	C:\Windows\SYSTEM32\SspiCli.dll
0x00007ffd44280000 - 0x00007ffd442d1000 	C:\Windows\system32\SHLWAPI.dll
0x00007ffd45b50000 - 0x00007ffd45cc1000 	C:\Windows\system32\USER32.dll
0x00007ffd43a70000 - 0x00007ffd43be8000 	C:\Windows\system32\ole32.dll
0x00007ffd444e0000 - 0x00007ffd458f7000 	C:\Windows\system32\SHELL32.dll
0x00007ffd42920000 - 0x00007ffd4293e000 	C:\Windows\SYSTEM32\USERENV.dll
0x00007ffd442e0000 - 0x00007ffd44385000 	C:\Windows\system32\ADVAPI32.dll
0x00007ffd3e8c0000 - 0x00007ffd3e8db000 	C:\Windows\SYSTEM32\MPR.dll
0x00007ffd45d90000 - 0x00007ffd45ec6000 	C:\Windows\system32\RPCRT4.dll
0x00007ffd43fd0000 - 0x00007ffd44027000 	C:\Windows\SYSTEM32\sechost.dll
0x00007ffd43df0000 - 0x00007ffd43fc6000 	C:\Windows\SYSTEM32\combase.dll
0x00007ffd43900000 - 0x00007ffd43a45000 	C:\Windows\system32\GDI32.dll
0x00007ffd432b0000 - 0x00007ffd432c4000 	C:\Windows\SYSTEM32\profapi.dll
0x00007ffd41910000 - 0x00007ffd419af000 	C:\Windows\SYSTEM32\SHCORE.dll
0x00007ffd444a0000 - 0x00007ffd444d4000 	C:\Windows\system32\IMM32.DLL
0x00007ffd437c0000 - 0x00007ffd438f9000 	C:\Windows\system32\MSCTF.dll
0x00007ffd40f80000 - 0x00007ffd411da000 	C:\Windows\WinSxS\amd64_microsoft.windows.common-controls_6595b64144ccf1df_6.0.9600.17031_none_6242a4b3ecbb55a1\COMCTL32.dll
0x00000000575d0000 - 0x00000000576a2000 	C:\Program Files\Java\jdk1.8.0_92\jre\bin\msvcr100.dll
0x0000000057a50000 - 0x00000000582e6000 	C:\Program Files\Java\jdk1.8.0_92\jre\bin\server\jvm.dll
0x00007ffd3ccf0000 - 0x00007ffd3ccf9000 	C:\Windows\SYSTEM32\WSOCK32.dll
0x00007ffd393b0000 - 0x00007ffd393cf000 	C:\Windows\SYSTEM32\WINMM.dll
0x00007ffd40ee0000 - 0x00007ffd40eea000 	C:\Windows\SYSTEM32\VERSION.dll
0x00007ffd45ae0000 - 0x00007ffd45ae7000 	C:\Windows\system32\PSAPI.DLL
0x00007ffd45ee0000 - 0x00007ffd45f38000 	C:\Windows\system32\WS2_32.dll
0x00007ffd37ae0000 - 0x00007ffd37b0a000 	C:\Windows\SYSTEM32\WINMMBASE.dll
0x00007ffd45ed0000 - 0x00007ffd45ed9000 	C:\Windows\system32\NSI.dll
0x00007ffd43770000 - 0x00007ffd437ba000 	C:\Windows\SYSTEM32\cfgmgr32.dll
0x00007ffd42130000 - 0x00007ffd42156000 	C:\Windows\SYSTEM32\DEVOBJ.dll
0x0000000058f10000 - 0x0000000058f1f000 	C:\Program Files\Java\jdk1.8.0_92\jre\bin\verify.dll
0x0000000057a20000 - 0x0000000057a49000 	C:\Program Files\Java\jdk1.8.0_92\jre\bin\java.dll
0x0000000057a00000 - 0x0000000057a16000 	C:\Program Files\Java\jdk1.8.0_92\jre\bin\zip.dll

VM Arguments:
jvm_args: -Djava.awt.headless=true -Xmx1024M -Dfile.encoding=windows-1252 -Duser.country=US -Duser.language=en -Duser.variant 
java_command: com.android.dx.command.Main --dex --force-jumbo --num-threads=4 --output C:\Zooket\app\build\intermediates\pre-dexed\debug\com.android.support-recyclerview-v7-23.4.0_6c2783278c301ed03eaed28e8f4efe9a1e4907ed.jar C:\Zooket\app\build\intermediates\exploded-aar\com.android.support\recyclerview-v7\23.4.0\jars\classes.jar
java_class_path (initial): C:\android-sdk-windows\build-tools\24.0.3\lib\dx.jar
Launcher Type: SUN_STANDARD

Environment Variables:
PATH=C:\ProgramData\Oracle\Java\javapath;C:\Windows\system32;C:\Windows;C:\Windows\System32\Wbem;C:\Windows\System32\WindowsPowerShell\v1.0\;C:\Program Files (x86)\NVIDIA Corporation\PhysX\Common;C:\Program Files (x86)\Windows Kits\8.1\Windows Performance Toolkit\;C:\Program Files\Microsoft SQL Server\110\Tools\Binn\;C:\Program Files\Microsoft SQL Server\110\DTS\Binn\;C:\Program Files (x86)\Microsoft SQL Server\110\Tools\Binn\;C:\Program Files (x86)\Microsoft SQL Server\110\Tools\Binn\ManagementStudio\;C:\Program Files (x86)\Microsoft Visual Studio 10.0\Common7\IDE\PrivateAssemblies\;C:\Program Files (x86)\Microsoft SQL Server\110\DTS\Binn\;C:\Program Files (x86)\GtkSharp\2.12\bin;C:\Program Files (x86)\QuickTime\QTSystem\
USERNAME=Smo
OS=Windows_NT
PROCESSOR_IDENTIFIER=Intel64 Family 6 Model 94 Stepping 3, GenuineIntel



---------------  S Y S T E M  ---------------

OS: Windows 8.1 , 64 bit Build 9600 (6.3.9600.17056)

CPU:total 4 (4 cores per cpu, 1 threads per core) family 6 model 94 stepping 3, cmov, cx8, fxsr, mmx, sse, sse2, sse3, ssse3, sse4.1, sse4.2, popcnt, avx, avx2, aes, clmul, erms, 3dnowpref, lzcnt, tsc, tscinvbit, bmi1, bmi2, adx

Memory: 4k page, physical 8266404k(1601724k free), swap 8266404k(5096k free)

vm_info: Java HotSpot(TM) 64-Bit Server VM (25.92-b14) for windows-amd64 JRE (1.8.0_92-b14), built on Mar 31 2016 21:03:04 by "java_re" with MS VC++ 10.0 (VS2010)

time: Wed May 17 17:36:05 2017
elapsed time: 3 seconds (0d 0h 0m 3s)

