#
# There is insufficient memory for the Java Runtime Environment to continue.
# Native memory allocation (malloc) failed to allocate 32744 bytes for ChunkPool::allocate
# Possible reasons:
#   The system is out of physical RAM or swap space
#   In 32 bit mode, the process size limit was hit
# Possible solutions:
#   Reduce memory load on the system
#   Increase physical memory or swap space
#   Check if swap backing store is full
#   Use 64 bit Java on a 64 bit OS
#   Decrease Java heap size (-Xmx/-Xms)
#   Decrease number of Java threads
#   Decrease Java thread stack sizes (-Xss)
#   Set larger code cache with -XX:ReservedCodeCacheSize=
# This output file may be truncated or incomplete.
#
#  Out of Memory Error (allocation.cpp:273), pid=260, tid=0x00000000000022d4
#
# JRE version: Java(TM) SE Runtime Environment (8.0_92-b14) (build 1.8.0_92-b14)
# Java VM: Java HotSpot(TM) 64-Bit Server VM (25.92-b14 mixed mode windows-amd64 compressed oops)
# Failed to write core dump. Minidumps are not enabled by default on client versions of Windows
#

---------------  T H R E A D  ---------------

Current thread (0x000000001532e000):  JavaThread "C2 CompilerThread0" daemon [_thread_in_native, id=8916, stack(0x0000000016960000,0x0000000016a60000)]

Stack: [0x0000000016960000,0x0000000016a60000]
[error occurred during error reporting (printing stack bounds), id 0xc0000005]

Native frames: (J=compiled Java code, j=interpreted, Vv=VM code, C=native code)


Current CompileTask:
C2:    816 1090   !   4       com.android.dx.cf.code.BytecodeArray::parseInstruction (2764 bytes)


---------------  P R O C E S S  ---------------

Java Threads: ( => current thread )
  0x0000000016cd8800 JavaThread "pool-1-thread-4" [_thread_in_vm, id=8996, stack(0x0000000017660000,0x0000000017760000)]
  0x0000000016cd7000 JavaThread "pool-1-thread-3" [_thread_in_Java, id=8612, stack(0x0000000017560000,0x0000000017660000)]
  0x0000000016cd6800 JavaThread "pool-1-thread-2" [_thread_in_Java, id=8672, stack(0x0000000017460000,0x0000000017560000)]
  0x0000000016cd5800 JavaThread "pool-2-thread-1" [_thread_blocked, id=4112, stack(0x0000000017360000,0x0000000017460000)]
  0x0000000016cd1000 JavaThread "pool-1-thread-1" [_thread_in_Java, id=8868, stack(0x0000000017260000,0x0000000017360000)]
  0x0000000016b66800 JavaThread "Service Thread" daemon [_thread_blocked, id=8536, stack(0x0000000017060000,0x0000000017160000)]
  0x0000000016b61000 JavaThread "C1 CompilerThread2" daemon [_thread_in_native, id=3776, stack(0x0000000016f60000,0x0000000017060000)]
  0x0000000015387000 JavaThread "C2 CompilerThread1" daemon [_thread_in_native, id=8708, stack(0x0000000016a60000,0x0000000016b60000)]
=>0x000000001532e000 JavaThread "C2 CompilerThread0" daemon [_thread_in_native, id=8916, stack(0x0000000016960000,0x0000000016a60000)]
  0x000000001532c000 JavaThread "Attach Listener" daemon [_thread_blocked, id=6548, stack(0x0000000016860000,0x0000000016960000)]
  0x000000001532a800 JavaThread "Signal Dispatcher" daemon [_thread_blocked, id=8892, stack(0x0000000016760000,0x0000000016860000)]
  0x000000001531a800 JavaThread "Finalizer" daemon [_thread_blocked, id=6128, stack(0x0000000016580000,0x0000000016680000)]
  0x0000000002c50800 JavaThread "Reference Handler" daemon [_thread_blocked, id=6500, stack(0x0000000016480000,0x0000000016580000)]
  0x0000000002b62800 JavaThread "main" [_thread_blocked, id=8668, stack(0x0000000002a30000,0x0000000002b30000)]

Other Threads:
  0x00000000152f8800 VMThread [stack: 0x0000000016380000,0x0000000016480000] [id=5400]
  0x0000000016b81800 WatcherThread [stack: 0x0000000017160000,0x0000000017260000] [id=8272]

VM state:not at safepoint (normal execution)

VM Mutex/Monitor currently owned by a thread: None

Heap:
 PSYoungGen      total 38400K, used 33280K [0x00000000eab00000, 0x00000000ed580000, 0x0000000100000000)
  eden space 33280K, 100% used [0x00000000eab00000,0x00000000ecb80000,0x00000000ecb80000)
  from space 5120K, 0% used [0x00000000ed080000,0x00000000ed080000,0x00000000ed580000)
  to   space 5120K, 0% used [0x00000000ecb80000,0x00000000ecb80000,0x00000000ed080000)
 ParOldGen       total 87552K, used 0K [0x00000000c0000000, 0x00000000c5580000, 0x00000000eab00000)
  object space 87552K, 0% used [0x00000000c0000000,0x00000000c0000000,0x00000000c5580000)
 Metaspace       used 5977K, capacity 6900K, committed 7040K, reserved 1056768K
  class space    used 600K, capacity 620K, committed 640K, reserved 1048576K

Card table byte_map: [0x0000000012020000,0x0000000012230000] byte_map_base: 0x0000000011a20000

Marking Bits: (ParMarkBitMap*) 0x00000000542664f0
 Begin Bits: [0x0000000012790000, 0x0000000013790000)
 End Bits:   [0x0000000013790000, 0x0000000014790000)

Polling page: 0x0000000001190000

CodeCache: size=245760Kb used=4806Kb max_used=4806Kb free=240953Kb
 bounds [0x0000000002c60000, 0x0000000003120000, 0x0000000011c60000]
 total_blobs=1460 nmethods=1191 adapters=182
 compilation: enabled

Compilation events (10 events):
Event: 0.810 Thread 0x0000000015387000 nmethod 1188 0x00000000030ffe10 code [0x00000000030fff40, 0x00000000030fffb8]
Event: 0.810 Thread 0x0000000016b61000 nmethod 1194 0x000000000310c110 code [0x000000000310c380, 0x000000000310d4a8]
Event: 0.810 Thread 0x0000000015387000 1197 %     4       com.android.dx.ssa.SsaMethod::deleteInsns @ 42 (239 bytes)
Event: 0.810 Thread 0x0000000016b61000 1196       3       com.android.dx.ssa.SCCP::run (298 bytes)
Event: 0.812 Thread 0x0000000016b61000 nmethod 1196 0x0000000003111b10 code [0x0000000003111f00, 0x0000000003113fc8]
Event: 0.812 Thread 0x0000000016b61000 1192       3       com.android.dx.cf.code.OneLocalsArray::getMaxLocals (6 bytes)
Event: 0.812 Thread 0x0000000016b61000 nmethod 1192 0x00000000031117d0 code [0x0000000003111920, 0x0000000003111a70]
Event: 0.813 Thread 0x0000000016b61000 1198   !   3       com.android.dx.cf.code.Ropper::doit (126 bytes)
Event: 0.813 Thread 0x0000000016b61000 nmethod 1198 0x0000000003114c90 code [0x0000000003114f80, 0x00000000031163d8]
Event: 0.814 Thread 0x0000000016b61000 1199       3       com.android.dx.cf.code.Simulator$SimVisitor::visitNoArgs (2136 bytes)

GC Heap History (0 events):
No events

Deoptimization events (9 events):
Event: 0.374 Thread 0x0000000016cd8800 Uncommon trap: reason=unstable_if action=reinterpret pc=0x0000000002e62474 method=java.util.HashMap.getNode(ILjava/lang/Object;)Ljava/util/HashMap$Node; @ 62
Event: 0.459 Thread 0x0000000016cd6800 Uncommon trap: reason=class_check action=maybe_recompile pc=0x0000000002eb37f0 method=com.android.dx.ssa.NormalSsaInsn.accept(Lcom/android/dx/ssa/SsaInsn$Visitor;)V @ 9
Event: 0.460 Thread 0x0000000016cd6800 Uncommon trap: reason=class_check action=maybe_recompile pc=0x0000000002eb37f0 method=com.android.dx.ssa.NormalSsaInsn.accept(Lcom/android/dx/ssa/SsaInsn$Visitor;)V @ 9
Event: 0.460 Thread 0x0000000016cd6800 Uncommon trap: reason=class_check action=maybe_recompile pc=0x0000000002eb37f0 method=com.android.dx.ssa.NormalSsaInsn.accept(Lcom/android/dx/ssa/SsaInsn$Visitor;)V @ 9
Event: 0.464 Thread 0x0000000016cd6800 Uncommon trap: reason=class_check action=maybe_recompile pc=0x0000000002eb37f0 method=com.android.dx.ssa.NormalSsaInsn.accept(Lcom/android/dx/ssa/SsaInsn$Visitor;)V @ 9
Event: 0.536 Thread 0x0000000016cd8800 Uncommon trap: reason=class_check action=maybe_recompile pc=0x0000000002f3416c method=com.android.dx.ssa.NormalSsaInsn.accept(Lcom/android/dx/ssa/SsaInsn$Visitor;)V @ 9
Event: 0.569 Thread 0x0000000016cd8800 Uncommon trap: reason=null_check action=make_not_entrant pc=0x0000000002f3fe80 method=com.android.dx.ssa.SsaRenamer.getLocalForNewReg(I)Lcom/android/dx/rop/code/LocalItem; @ 19
Event: 0.761 Thread 0x0000000016cd8800 Uncommon trap: reason=null_check action=make_not_entrant pc=0x0000000002f9a328 method=com.android.dx.rop.type.Type.equals(Ljava/lang/Object;)Z @ 8
Event: 0.780 Thread 0x0000000016cd1000 Uncommon trap: reason=unstable_if action=reinterpret pc=0x000000000309c8e0 method=com.android.dx.rop.code.RegisterSpec.intersect(Lcom/android/dx/rop/code/RegisterSpec;Z)Lcom/android/dx/rop/code/RegisterSpec; @ 8

Internal exceptions (4 events):
Event: 0.044 Thread 0x0000000002b62800 Exception <a 'java/lang/NoSuchMethodError': Method sun.misc.Unsafe.defineClass(Ljava/lang/String;[BII)Ljava/lang/Class; name or signature does not match> (0x00000000eab07cc0) thrown at [D:\re\workspace\8-2-build-windows-amd64-cygwin\jdk8u92\6642\hotspot\sr¸9Mú‡N¦?
Event: 0.044 Thread 0x0000000002b62800 Exception <a 'java/lang/NoSuchMethodError': Method sun.misc.Unsafe.prefetchRead(Ljava/lang/Object;J)V name or signature does not match> (0x00000000eab07fa8) thrown at [D:\re\workspace\8-2-build-windows-amd64-cygwin\jdk8u92\6642\hotspot\src\share\vm\prims\jqÉ»h5â?
Event: 0.569 Thread 0x0000000016cd8800 Implicit null exception at 0x0000000002f3e1cb to 0x0000000002f3fe5d
Event: 0.761 Thread 0x0000000016cd8800 Implicit null exception at 0x0000000002f9a222 to 0x0000000002f9a31a

Events (10 events):
Event: 0.648 loading class java/util/HashMap$KeySet
Event: 0.648 loading class java/util/HashMap$KeySet done
Event: 0.648 loading class java/util/HashMap$KeyIterator
Event: 0.648 loading class java/util/HashMap$KeyIterator done
Event: 0.761 Thread 0x0000000016cd8800 Uncommon trap: trap_request=0xfffffff4 fr.pc=0x0000000002f9a328
Event: 0.761 Thread 0x0000000016cd8800 DEOPT PACKING pc=0x0000000002f9a328 sp=0x000000001775e370
Event: 0.761 Thread 0x0000000016cd8800 DEOPT UNPACKING pc=0x0000000002ca582a sp=0x000000001775e2f8 mode 2
Event: 0.780 Thread 0x0000000016cd1000 Uncommon trap: trap_request=0xffffff65 fr.pc=0x000000000309c8e0
Event: 0.780 Thread 0x0000000016cd1000 DEOPT PACKING pc=0x000000000309c8e0 sp=0x000000001735ec60
Event: 0.780 Thread 0x0000000016cd1000 DEOPT UNPACKING pc=0x0000000002ca582a sp=0x000000001735ebd8 mode 2


Dynamic libraries:
0x00007ff77dd40000 - 0x00007ff77dd77000 	C:\Program Files\Java\jdk1.8.0_92\bin\java.exe
0x00007ff95e280000 - 0x00007ff95e42a000 	C:\Windows\SYSTEM32\ntdll.dll
0x00007ff95d9d0000 - 0x00007ff95db0a000 	C:\Windows\system32\KERNEL32.DLL
0x00007ff95b9f0000 - 0x00007ff95baff000 	C:\Windows\system32\KERNELBASE.dll
0x00007ff95a220000 - 0x00007ff95a2a8000 	C:\Windows\system32\apphelp.dll
0x00007ff93af80000 - 0x00007ff93afcf000 	C:\Windows\AppPatch\AppPatch64\AcGenral.DLL
0x00007ff95bb10000 - 0x00007ff95bbb7000 	C:\Windows\system32\msvcrt.dll
0x00007ff95b430000 - 0x00007ff95b45b000 	C:\Windows\SYSTEM32\SspiCli.dll
0x00007ff95dd10000 - 0x00007ff95dd61000 	C:\Windows\system32\SHLWAPI.dll
0x00007ff95d460000 - 0x00007ff95d5d1000 	C:\Windows\system32\USER32.dll
0x00007ff95df50000 - 0x00007ff95e0c8000 	C:\Windows\system32\ole32.dll
0x00007ff95bbc0000 - 0x00007ff95cfd7000 	C:\Windows\system32\SHELL32.dll
0x00007ff95ac60000 - 0x00007ff95ac7e000 	C:\Windows\SYSTEM32\USERENV.dll
0x00007ff95db10000 - 0x00007ff95dbb5000 	C:\Windows\system32\ADVAPI32.dll
0x00007ff956ad0000 - 0x00007ff956aeb000 	C:\Windows\SYSTEM32\MPR.dll
0x00007ff95d5e0000 - 0x00007ff95d716000 	C:\Windows\system32\RPCRT4.dll
0x00007ff95e0d0000 - 0x00007ff95e127000 	C:\Windows\SYSTEM32\sechost.dll
0x00007ff95d090000 - 0x00007ff95d266000 	C:\Windows\SYSTEM32\combase.dll
0x00007ff95e130000 - 0x00007ff95e275000 	C:\Windows\system32\GDI32.dll
0x00007ff95b5f0000 - 0x00007ff95b604000 	C:\Windows\SYSTEM32\profapi.dll
0x00007ff959c50000 - 0x00007ff959cef000 	C:\Windows\SYSTEM32\SHCORE.dll
0x00007ff95dd70000 - 0x00007ff95dda4000 	C:\Windows\system32\IMM32.DLL
0x00007ff95d320000 - 0x00007ff95d459000 	C:\Windows\system32\MSCTF.dll
0x00007ff959340000 - 0x00007ff95959a000 	C:\Windows\WinSxS\amd64_microsoft.windows.common-controls_6595b64144ccf1df_6.0.9600.17031_none_6242a4b3ecbb55a1\COMCTL32.dll
0x0000000053650000 - 0x0000000053722000 	C:\Program Files\Java\jdk1.8.0_92\jre\bin\msvcr100.dll
0x0000000053a50000 - 0x00000000542e6000 	C:\Program Files\Java\jdk1.8.0_92\jre\bin\server\jvm.dll
0x00007ff951bb0000 - 0x00007ff951bb9000 	C:\Windows\SYSTEM32\WSOCK32.dll
0x00007ff952430000 - 0x00007ff95244f000 	C:\Windows\SYSTEM32\WINMM.dll
0x00007ff959300000 - 0x00007ff95930a000 	C:\Windows\SYSTEM32\VERSION.dll
0x00007ff95bb00000 - 0x00007ff95bb07000 	C:\Windows\system32\PSAPI.DLL
0x00007ff95d910000 - 0x00007ff95d968000 	C:\Windows\system32\WS2_32.dll
0x00007ff9523f0000 - 0x00007ff95241a000 	C:\Windows\SYSTEM32\WINMMBASE.dll
0x00007ff95d720000 - 0x00007ff95d729000 	C:\Windows\system32\NSI.dll
0x00007ff95b7c0000 - 0x00007ff95b80a000 	C:\Windows\SYSTEM32\cfgmgr32.dll
0x00007ff95a470000 - 0x00007ff95a496000 	C:\Windows\SYSTEM32\DEVOBJ.dll
0x00000000545e0000 - 0x00000000545ef000 	C:\Program Files\Java\jdk1.8.0_92\jre\bin\verify.dll
0x00000000545b0000 - 0x00000000545d9000 	C:\Program Files\Java\jdk1.8.0_92\jre\bin\java.dll
0x0000000054590000 - 0x00000000545a6000 	C:\Program Files\Java\jdk1.8.0_92\jre\bin\zip.dll

VM Arguments:
jvm_args: -Djava.awt.headless=true -Xmx1024M -Dfile.encoding=windows-1252 -Duser.country=US -Duser.language=en -Duser.variant 
java_command: com.android.dx.command.Main --dex --force-jumbo --num-threads=4 --output C:\Zooket\app\build\intermediates\pre-dexed\debug\com.theartofdev.edmodo-android-image-cropper-2.0.0_adea365d983ab459ab4ed730e112fdeb80b094e2.jar C:\Zooket\app\build\intermediates\exploded-aar\com.theartofdev.edmodo\android-image-cropper\2.0.0\jars\classes.jar
java_class_path (initial): C:\android-sdk-windows\build-tools\24.0.3\lib\dx.jar
Launcher Type: SUN_STANDARD

Environment Variables:
PATH=C:\ProgramData\Oracle\Java\javapath;C:\Windows\system32;C:\Windows;C:\Windows\System32\Wbem;C:\Windows\System32\WindowsPowerShell\v1.0\;C:\Program Files (x86)\NVIDIA Corporation\PhysX\Common;C:\Program Files (x86)\Windows Kits\8.1\Windows Performance Toolkit\;C:\Program Files\Microsoft SQL Server\110\Tools\Binn\;C:\Program Files\Microsoft SQL Server\110\DTS\Binn\;C:\Program Files (x86)\Microsoft SQL Server\110\Tools\Binn\;C:\Program Files (x86)\Microsoft SQL Server\110\Tools\Binn\ManagementStudio\;C:\Program Files (x86)\Microsoft Visual Studio 10.0\Common7\IDE\PrivateAssemblies\;C:\Program Files (x86)\Microsoft SQL Server\110\DTS\Binn\;C:\Program Files (x86)\GtkSharp\2.12\bin;C:\Program Files (x86)\QuickTime\QTSystem\
USERNAME=Smo
OS=Windows_NT
PROCESSOR_IDENTIFIER=Intel64 Family 6 Model 94 Stepping 3, GenuineIntel



---------------  S Y S T E M  ---------------

OS: Windows 8.1 , 64 bit Build 9600 (6.3.9600.17056)

CPU:total 4 (4 cores per cpu, 1 threads per core) family 6 model 94 stepping 3, cmov, cx8, fxsr, mmx, sse, sse2, sse3, ssse3, sse4.1, sse4.2, popcnt, avx, avx2, aes, clmul, erms, 3dnowpref, lzcnt, tsc, tscinvbit, bmi1, bmi2, adx

Memory: 4k page, physical 8266404k(1313180k free), swap 8266404k(5116k free)

vm_info: Java HotSpot(TM) 64-Bit Server VM (25.92-b14) for windows-amd64 JRE (1.8.0_92-b14), built on Mar 31 2016 21:03:04 by "java_re" with MS VC++ 10.0 (VS2010)

time: Mon May 08 11:50:56 2017
elapsed time: 0 seconds (0d 0h 0m 0s)

