#
# There is insufficient memory for the Java Runtime Environment to continue.
# Native memory allocation (malloc) failed to allocate 32744 bytes for ChunkPool::allocate
# Possible reasons:
#   The system is out of physical RAM or swap space
#   In 32 bit mode, the process size limit was hit
# Possible solutions:
#   Reduce memory load on the system
#   Increase physical memory or swap space
#   Check if swap backing store is full
#   Use 64 bit Java on a 64 bit OS
#   Decrease Java heap size (-Xmx/-Xms)
#   Decrease number of Java threads
#   Decrease Java thread stack sizes (-Xss)
#   Set larger code cache with -XX:ReservedCodeCacheSize=
# This output file may be truncated or incomplete.
#
#  Out of Memory Error (allocation.cpp:273), pid=7464, tid=0x0000000000001b20
#
# JRE version: Java(TM) SE Runtime Environment (8.0_92-b14) (build 1.8.0_92-b14)
# Java VM: Java HotSpot(TM) 64-Bit Server VM (25.92-b14 mixed mode windows-amd64 compressed oops)
# Failed to write core dump. Minidumps are not enabled by default on client versions of Windows
#

---------------  T H R E A D  ---------------

Current thread (0x0000000016561000):  JavaThread "C1 CompilerThread2" daemon [_thread_in_native, id=6944, stack(0x0000000016960000,0x0000000016a60000)]

Stack: [0x0000000016960000,0x0000000016a60000]
[error occurred during error reporting (printing stack bounds), id 0xc0000005]

Native frames: (J=compiled Java code, j=interpreted, Vv=VM code, C=native code)


Current CompileTask:
C1:    808 1318       3       com.android.dx.dex.code.RopTranslator$LocalVariableAwareTranslationVisitor::visitPlainCstInsn (11 bytes)


---------------  P R O C E S S  ---------------

Java Threads: ( => current thread )
  0x00000000167ee000 JavaThread "pool-1-thread-4" [_thread_in_Java, id=8788, stack(0x0000000017060000,0x0000000017160000)]
  0x00000000167ed800 JavaThread "pool-1-thread-3" [_thread_blocked, id=10096, stack(0x0000000016f60000,0x0000000017060000)]
  0x00000000167ec000 JavaThread "pool-1-thread-2" [_thread_blocked, id=6804, stack(0x0000000016e60000,0x0000000016f60000)]
  0x00000000167e9800 JavaThread "pool-2-thread-1" [_thread_blocked, id=5468, stack(0x0000000016d60000,0x0000000016e60000)]
  0x00000000167e8800 JavaThread "pool-1-thread-1" [_thread_blocked, id=7992, stack(0x0000000016c60000,0x0000000016d60000)]
  0x0000000016566800 JavaThread "Service Thread" daemon [_thread_blocked, id=9696, stack(0x0000000016a60000,0x0000000016b60000)]
=>0x0000000016561000 JavaThread "C1 CompilerThread2" daemon [_thread_in_native, id=6944, stack(0x0000000016960000,0x0000000016a60000)]
  0x0000000014d7f000 JavaThread "C2 CompilerThread1" daemon [_thread_in_native, id=10220, stack(0x0000000016460000,0x0000000016560000)]
  0x0000000014d2e000 JavaThread "C2 CompilerThread0" daemon [_thread_in_native, id=7488, stack(0x0000000016360000,0x0000000016460000)]
  0x0000000014d2c000 JavaThread "Attach Listener" daemon [_thread_blocked, id=3032, stack(0x0000000016260000,0x0000000016360000)]
  0x0000000014d2a800 JavaThread "Signal Dispatcher" daemon [_thread_blocked, id=10120, stack(0x0000000016160000,0x0000000016260000)]
  0x0000000014d1a800 JavaThread "Finalizer" daemon [_thread_blocked, id=4252, stack(0x0000000015f80000,0x0000000016080000)]
  0x0000000002650800 JavaThread "Reference Handler" daemon [_thread_blocked, id=9716, stack(0x0000000015e80000,0x0000000015f80000)]
  0x0000000002562800 JavaThread "main" [_thread_blocked, id=10148, stack(0x0000000002460000,0x0000000002560000)]

Other Threads:
  0x0000000014cf8800 VMThread [stack: 0x0000000015d80000,0x0000000015e80000] [id=9340]
  0x0000000016581800 WatcherThread [stack: 0x0000000016b60000,0x0000000016c60000] [id=8036]

VM state:not at safepoint (normal execution)

VM Mutex/Monitor currently owned by a thread: None

Heap:
 PSYoungGen      total 38400K, used 12842K [0x00000000eab00000, 0x00000000ef600000, 0x0000000100000000)
  eden space 33280K, 23% used [0x00000000eab00000,0x00000000eb2912f8,0x00000000ecb80000)
  from space 5120K, 99% used [0x00000000ecb80000,0x00000000ed079660,0x00000000ed080000)
  to   space 5120K, 0% used [0x00000000ef100000,0x00000000ef100000,0x00000000ef600000)
 ParOldGen       total 87552K, used 1293K [0x00000000c0000000, 0x00000000c5580000, 0x00000000eab00000)
  object space 87552K, 1% used [0x00000000c0000000,0x00000000c01435e8,0x00000000c5580000)
 Metaspace       used 6043K, capacity 6962K, committed 7040K, reserved 1056768K
  class space    used 600K, capacity 618K, committed 640K, reserved 1048576K

Card table byte_map: [0x0000000011a20000,0x0000000011c30000] byte_map_base: 0x0000000011420000

Marking Bits: (ParMarkBitMap*) 0x0000000060c564f0
 Begin Bits: [0x0000000012190000, 0x0000000013190000)
 End Bits:   [0x0000000013190000, 0x0000000014190000)

Polling page: 0x0000000002330000

CodeCache: size=245760Kb used=5233Kb max_used=5233Kb free=240526Kb
 bounds [0x0000000002660000, 0x0000000002b90000, 0x0000000011660000]
 total_blobs=1577 nmethods=1308 adapters=182
 compilation: enabled

Compilation events (10 events):
Event: 0.806 Thread 0x0000000016561000 nmethod 1313 0x0000000002b7b990 code [0x0000000002b7bb00, 0x0000000002b7be08]
Event: 0.806 Thread 0x0000000016561000 1314       3       com.android.dx.cf.code.RopperMachine::updateReturnOp (115 bytes)
Event: 0.806 Thread 0x0000000016561000 nmethod 1314 0x0000000002b7bed0 code [0x0000000002b7c160, 0x0000000002b7d398]
Event: 0.807 Thread 0x0000000016561000 1315       3       java.util.TreeMap::rotateRight (96 bytes)
Event: 0.807 Thread 0x0000000016561000 nmethod 1315 0x0000000002b7dbd0 code [0x0000000002b7dd40, 0x0000000002b7e090]
Event: 0.807 Thread 0x0000000016561000 1316       3       com.android.dx.rop.type.Prototype::compareTo (120 bytes)
Event: 0.807 Thread 0x0000000016561000 nmethod 1316 0x0000000002b7e190 code [0x0000000002b7e3a0, 0x0000000002b7f238]
Event: 0.808 Thread 0x0000000016561000 1317       3       com.android.dx.dex.code.RopTranslator$1::visitPlainCstInsn (64 bytes)
Event: 0.808 Thread 0x0000000016561000 nmethod 1317 0x0000000002b7f950 code [0x0000000002b7fae0, 0x0000000002b802b0]
Event: 0.808 Thread 0x0000000016561000 1318       3       com.android.dx.dex.code.RopTranslator$LocalVariableAwareTranslationVisitor::visitPlainCstInsn (11 bytes)

GC Heap History (2 events):
Event: 0.735 GC heap before
{Heap before GC invocations=1 (full 0):
 PSYoungGen      total 38400K, used 33280K [0x00000000eab00000, 0x00000000ed580000, 0x0000000100000000)
  eden space 33280K, 100% used [0x00000000eab00000,0x00000000ecb80000,0x00000000ecb80000)
  from space 5120K, 0% used [0x00000000ed080000,0x00000000ed080000,0x00000000ed580000)
  to   space 5120K, 0% used [0x00000000ecb80000,0x00000000ecb80000,0x00000000ed080000)
 ParOldGen       total 87552K, used 0K [0x00000000c0000000, 0x00000000c5580000, 0x00000000eab00000)
  object space 87552K, 0% used [0x00000000c0000000,0x00000000c0000000,0x00000000c5580000)
 Metaspace       used 5982K, capacity 6898K, committed 7040K, reserved 1056768K
  class space    used 600K, capacity 618K, committed 640K, reserved 1048576K
Event: 0.744 GC heap after
Heap after GC invocations=1 (full 0):
 PSYoungGen      total 38400K, used 5093K [0x00000000eab00000, 0x00000000ef600000, 0x0000000100000000)
  eden space 33280K, 0% used [0x00000000eab00000,0x00000000eab00000,0x00000000ecb80000)
  from space 5120K, 99% used [0x00000000ecb80000,0x00000000ed079660,0x00000000ed080000)
  to   space 5120K, 0% used [0x00000000ef100000,0x00000000ef100000,0x00000000ef600000)
 ParOldGen       total 87552K, used 1293K [0x00000000c0000000, 0x00000000c5580000, 0x00000000eab00000)
  object space 87552K, 1% used [0x00000000c0000000,0x00000000c01435e8,0x00000000c5580000)
 Metaspace       used 5982K, capacity 6898K, committed 7040K, reserved 1056768K
  class space    used 600K, capacity 618K, committed 640K, reserved 1048576K
}

Deoptimization events (4 events):
Event: 0.342 Thread 0x00000000167e8800 Uncommon trap: reason=unstable_if action=reinterpret pc=0x0000000002874820 method=java.util.HashMap.getNode(ILjava/lang/Object;)Ljava/util/HashMap$Node; @ 129
Event: 0.348 Thread 0x00000000167e8800 Uncommon trap: reason=unstable_if action=reinterpret pc=0x0000000002880e30 method=java.util.BitSet.nextSetBit(I)I @ 87
Event: 0.548 Thread 0x0000000002562800 Uncommon trap: reason=null_check action=make_not_entrant pc=0x000000000293be40 method=com.android.dx.ssa.SsaRenamer.getLocalForNewReg(I)Lcom/android/dx/rop/code/LocalItem; @ 19
Event: 0.781 Thread 0x00000000167ee000 Uncommon trap: reason=unstable_if action=reinterpret pc=0x0000000002ae27ac method=com.android.dx.ssa.SsaRenamer$BlockRenamer.addMapping(ILcom/android/dx/rop/code/RegisterSpec;)V @ 120

Internal exceptions (3 events):
Event: 0.036 Thread 0x0000000002562800 Exception <a 'java/lang/NoSuchMethodError': Method sun.misc.Unsafe.defineClass(Ljava/lang/String;[BII)Ljava/lang/Class; name or signature does not match> (0x00000000eab07cc0) thrown at [D:\re\workspace\8-2-build-windows-amd64-cygwin\jdk8u92\6642\hotspot\srÎðÖab¢?
Event: 0.036 Thread 0x0000000002562800 Exception <a 'java/lang/NoSuchMethodError': Method sun.misc.Unsafe.prefetchRead(Ljava/lang/Object;J)V name or signature does not match> (0x00000000eab07fa8) thrown at [D:\re\workspace\8-2-build-windows-amd64-cygwin\jdk8u92\6642\hotspot\src\share\vm\prims\j³5D1‹á?
Event: 0.548 Thread 0x0000000002562800 Implicit null exception at 0x0000000002939db0 to 0x000000000293bdfd

Events (10 events):
Event: 0.550 loading class java/util/ArrayList$1 done
Event: 0.635 Executing VM operation: ForceSafepoint
Event: 0.666 Executing VM operation: ForceSafepoint done
Event: 0.674 loading class com/android/dx/cf/attrib/AttAnnotationDefault
Event: 0.674 loading class com/android/dx/cf/attrib/AttAnnotationDefault done
Event: 0.723 Executing VM operation: ParallelGCFailedAllocation
Event: 0.744 Executing VM operation: ParallelGCFailedAllocation done
Event: 0.781 Thread 0x00000000167ee000 Uncommon trap: trap_request=0xffffff65 fr.pc=0x0000000002ae27ac
Event: 0.781 Thread 0x00000000167ee000 DEOPT PACKING pc=0x0000000002ae27ac sp=0x000000001715ec20
Event: 0.781 Thread 0x00000000167ee000 DEOPT UNPACKING pc=0x00000000026a582a sp=0x000000001715ec00 mode 2


Dynamic libraries:
0x00007ff7b9a90000 - 0x00007ff7b9ac7000 	C:\Program Files\Java\jdk1.8.0_92\bin\java.exe
0x00007ff8c1da0000 - 0x00007ff8c1f4a000 	C:\Windows\SYSTEM32\ntdll.dll
0x00007ff8c1530000 - 0x00007ff8c166a000 	C:\Windows\system32\KERNEL32.DLL
0x00007ff8bf4c0000 - 0x00007ff8bf5cf000 	C:\Windows\system32\KERNELBASE.dll
0x00007ff8bdd40000 - 0x00007ff8bddc8000 	C:\Windows\system32\apphelp.dll
0x00007ff8aa780000 - 0x00007ff8aa7cf000 	C:\Windows\AppPatch\AppPatch64\AcGenral.DLL
0x00007ff8c1ce0000 - 0x00007ff8c1d87000 	C:\Windows\system32\msvcrt.dll
0x00007ff8bef50000 - 0x00007ff8bef7b000 	C:\Windows\SYSTEM32\SspiCli.dll
0x00007ff8bf7c0000 - 0x00007ff8bf811000 	C:\Windows\system32\SHLWAPI.dll
0x00007ff8c1680000 - 0x00007ff8c17f1000 	C:\Windows\system32\USER32.dll
0x00007ff8c1800000 - 0x00007ff8c1978000 	C:\Windows\system32\ole32.dll
0x00007ff8bfdc0000 - 0x00007ff8c11d7000 	C:\Windows\system32\SHELL32.dll
0x00007ff8be780000 - 0x00007ff8be79e000 	C:\Windows\SYSTEM32\USERENV.dll
0x00007ff8c1380000 - 0x00007ff8c1425000 	C:\Windows\system32\ADVAPI32.dll
0x00007ff8ba5f0000 - 0x00007ff8ba60b000 	C:\Windows\SYSTEM32\MPR.dll
0x00007ff8bf620000 - 0x00007ff8bf756000 	C:\Windows\system32\RPCRT4.dll
0x00007ff8bfa70000 - 0x00007ff8bfac7000 	C:\Windows\SYSTEM32\sechost.dll
0x00007ff8c1b00000 - 0x00007ff8c1cd6000 	C:\Windows\SYSTEM32\combase.dll
0x00007ff8bfc70000 - 0x00007ff8bfdb5000 	C:\Windows\system32\GDI32.dll
0x00007ff8bf110000 - 0x00007ff8bf124000 	C:\Windows\SYSTEM32\profapi.dll
0x00007ff8bd770000 - 0x00007ff8bd80f000 	C:\Windows\SYSTEM32\SHCORE.dll
0x00007ff8c1430000 - 0x00007ff8c1464000 	C:\Windows\system32\IMM32.DLL
0x00007ff8c11e0000 - 0x00007ff8c1319000 	C:\Windows\system32\MSCTF.dll
0x00007ff8bcef0000 - 0x00007ff8bd14a000 	C:\Windows\WinSxS\amd64_microsoft.windows.common-controls_6595b64144ccf1df_6.0.9600.17031_none_6242a4b3ecbb55a1\COMCTL32.dll
0x000000005fcc0000 - 0x000000005fd92000 	C:\Program Files\Java\jdk1.8.0_92\jre\bin\msvcr100.dll
0x0000000060440000 - 0x0000000060cd6000 	C:\Program Files\Java\jdk1.8.0_92\jre\bin\server\jvm.dll
0x00007ff8ba780000 - 0x00007ff8ba789000 	C:\Windows\SYSTEM32\WSOCK32.dll
0x00007ff8baf20000 - 0x00007ff8baf3f000 	C:\Windows\SYSTEM32\WINMM.dll
0x00007ff8bce20000 - 0x00007ff8bce2a000 	C:\Windows\SYSTEM32\VERSION.dll
0x00007ff8c1670000 - 0x00007ff8c1677000 	C:\Windows\system32\PSAPI.DLL
0x00007ff8c1320000 - 0x00007ff8c1378000 	C:\Windows\system32\WS2_32.dll
0x00007ff8ba790000 - 0x00007ff8ba7ba000 	C:\Windows\SYSTEM32\WINMMBASE.dll
0x00007ff8bf820000 - 0x00007ff8bf829000 	C:\Windows\system32\NSI.dll
0x00007ff8bf1e0000 - 0x00007ff8bf22a000 	C:\Windows\SYSTEM32\cfgmgr32.dll
0x00007ff8bdf90000 - 0x00007ff8bdfb6000 	C:\Windows\SYSTEM32\DEVOBJ.dll
0x0000000060f50000 - 0x0000000060f5f000 	C:\Program Files\Java\jdk1.8.0_92\jre\bin\verify.dll
0x0000000060410000 - 0x0000000060439000 	C:\Program Files\Java\jdk1.8.0_92\jre\bin\java.dll
0x00000000603f0000 - 0x0000000060406000 	C:\Program Files\Java\jdk1.8.0_92\jre\bin\zip.dll

VM Arguments:
jvm_args: -Djava.awt.headless=true -Xmx1024M -Dfile.encoding=windows-1252 -Duser.country=US -Duser.language=en -Duser.variant 
java_command: com.android.dx.command.Main --dex --force-jumbo --num-threads=4 --output C:\Zooket\app\build\intermediates\pre-dexed\debug\gson-2.3.1_c6af6dd6c1e3d279ec9ad25416316f6ca0b33db0.jar C:\Users\Smo\.gradle\caches\modules-2\files-2.1\com.google.code.gson\gson\2.3.1\ecb6e1f8e4b0e84c4b886c2f14a1500caf309757\gson-2.3.1.jar
java_class_path (initial): C:\android-sdk-windows\build-tools\24.0.3\lib\dx.jar
Launcher Type: SUN_STANDARD

Environment Variables:
PATH=C:\ProgramData\Oracle\Java\javapath;C:\Windows\system32;C:\Windows;C:\Windows\System32\Wbem;C:\Windows\System32\WindowsPowerShell\v1.0\;C:\Program Files (x86)\NVIDIA Corporation\PhysX\Common;C:\Program Files (x86)\Windows Kits\8.1\Windows Performance Toolkit\;C:\Program Files\Microsoft SQL Server\110\Tools\Binn\;C:\Program Files\Microsoft SQL Server\110\DTS\Binn\;C:\Program Files (x86)\Microsoft SQL Server\110\Tools\Binn\;C:\Program Files (x86)\Microsoft SQL Server\110\Tools\Binn\ManagementStudio\;C:\Program Files (x86)\Microsoft Visual Studio 10.0\Common7\IDE\PrivateAssemblies\;C:\Program Files (x86)\Microsoft SQL Server\110\DTS\Binn\;C:\Program Files (x86)\GtkSharp\2.12\bin;C:\Program Files (x86)\QuickTime\QTSystem\
USERNAME=Smo
OS=Windows_NT
PROCESSOR_IDENTIFIER=Intel64 Family 6 Model 94 Stepping 3, GenuineIntel



---------------  S Y S T E M  ---------------

OS: Windows 8.1 , 64 bit Build 9600 (6.3.9600.17056)

CPU:total 4 (4 cores per cpu, 1 threads per core) family 6 model 94 stepping 3, cmov, cx8, fxsr, mmx, sse, sse2, sse3, ssse3, sse4.1, sse4.2, popcnt, avx, avx2, aes, clmul, erms, 3dnowpref, lzcnt, tsc, tscinvbit, bmi1, bmi2, adx

Memory: 4k page, physical 8266404k(1407504k free), swap 8266404k(5112k free)

vm_info: Java HotSpot(TM) 64-Bit Server VM (25.92-b14) for windows-amd64 JRE (1.8.0_92-b14), built on Mar 31 2016 21:03:04 by "java_re" with MS VC++ 10.0 (VS2010)

time: Tue May 09 12:01:09 2017
elapsed time: 0 seconds (0d 0h 0m 0s)

