#
# There is insufficient memory for the Java Runtime Environment to continue.
# Native memory allocation (malloc) failed to allocate 32744 bytes for ChunkPool::allocate
# Possible reasons:
#   The system is out of physical RAM or swap space
#   In 32 bit mode, the process size limit was hit
# Possible solutions:
#   Reduce memory load on the system
#   Increase physical memory or swap space
#   Check if swap backing store is full
#   Use 64 bit Java on a 64 bit OS
#   Decrease Java heap size (-Xmx/-Xms)
#   Decrease number of Java threads
#   Decrease Java thread stack sizes (-Xss)
#   Set larger code cache with -XX:ReservedCodeCacheSize=
# This output file may be truncated or incomplete.
#
#  Out of Memory Error (allocation.cpp:273), pid=4112, tid=0x000000000000254c
#
# JRE version: Java(TM) SE Runtime Environment (8.0_92-b14) (build 1.8.0_92-b14)
# Java VM: Java HotSpot(TM) 64-Bit Server VM (25.92-b14 mixed mode windows-amd64 compressed oops)
# Failed to write core dump. Minidumps are not enabled by default on client versions of Windows
#

---------------  T H R E A D  ---------------

Current thread (0x000000001538d000):  JavaThread "C2 CompilerThread0" daemon [_thread_in_native, id=9548, stack(0x00000000168e0000,0x00000000169e0000)]

Stack: [0x00000000168e0000,0x00000000169e0000]
[error occurred during error reporting (printing stack bounds), id 0xc0000005]

Native frames: (J=compiled Java code, j=interpreted, Vv=VM code, C=native code)


Current CompileTask:
C2:   1161 1120   !   4       com.android.dx.cf.code.BytecodeArray::parseInstruction (2764 bytes)


---------------  P R O C E S S  ---------------

Java Threads: ( => current thread )
  0x0000000016e3e800 JavaThread "pool-1-thread-4" [_thread_blocked, id=2200, stack(0x00000000175e0000,0x00000000176e0000)]
  0x0000000016e3d000 JavaThread "pool-1-thread-3" [_thread_blocked, id=7996, stack(0x00000000174e0000,0x00000000175e0000)]
  0x0000000016da5800 JavaThread "pool-1-thread-2" [_thread_blocked, id=10184, stack(0x00000000173e0000,0x00000000174e0000)]
  0x0000000016e1d000 JavaThread "pool-2-thread-1" [_thread_blocked, id=1340, stack(0x00000000172e0000,0x00000000173e0000)]
  0x0000000016d2e800 JavaThread "pool-1-thread-1" [_thread_blocked, id=3232, stack(0x00000000171e0000,0x00000000172e0000)]
  0x0000000016ae6000 JavaThread "Service Thread" daemon [_thread_blocked, id=9772, stack(0x0000000016fe0000,0x00000000170e0000)]
  0x0000000016ae0800 JavaThread "C1 CompilerThread2" daemon [_thread_blocked, id=812, stack(0x0000000016ee0000,0x0000000016fe0000)]
  0x00000000153e6800 JavaThread "C2 CompilerThread1" daemon [_thread_in_native, id=9676, stack(0x00000000169e0000,0x0000000016ae0000)]
=>0x000000001538d000 JavaThread "C2 CompilerThread0" daemon [_thread_in_native, id=9548, stack(0x00000000168e0000,0x00000000169e0000)]
  0x000000001538b800 JavaThread "Attach Listener" daemon [_thread_blocked, id=10144, stack(0x00000000167e0000,0x00000000168e0000)]
  0x000000001538a000 JavaThread "Signal Dispatcher" daemon [_thread_blocked, id=8216, stack(0x00000000166e0000,0x00000000167e0000)]
  0x0000000002cba800 JavaThread "Finalizer" daemon [_thread_blocked, id=7368, stack(0x00000000165e0000,0x00000000166e0000)]
  0x0000000002caf800 JavaThread "Reference Handler" daemon [_thread_blocked, id=2976, stack(0x00000000164e0000,0x00000000165e0000)]
  0x0000000002bc2800 JavaThread "main" [_thread_in_Java, id=7916, stack(0x0000000002ac0000,0x0000000002bc0000)]

Other Threads:
  0x0000000015358800 VMThread [stack: 0x00000000163e0000,0x00000000164e0000] [id=9376]
  0x0000000016af9000 WatcherThread [stack: 0x00000000170e0000,0x00000000171e0000] [id=8892]

VM state:not at safepoint (normal execution)

VM Mutex/Monitor currently owned by a thread: None

Heap:
 PSYoungGen      total 38400K, used 7395K [0x00000000eab00000, 0x00000000ed580000, 0x0000000100000000)
  eden space 33280K, 6% used [0x00000000eab00000,0x00000000ead3e198,0x00000000ecb80000)
  from space 5120K, 99% used [0x00000000ecb80000,0x00000000ed07aad8,0x00000000ed080000)
  to   space 5120K, 0% used [0x00000000ed080000,0x00000000ed080000,0x00000000ed580000)
 ParOldGen       total 87552K, used 2125K [0x00000000c0000000, 0x00000000c5580000, 0x00000000eab00000)
  object space 87552K, 2% used [0x00000000c0000000,0x00000000c02135a0,0x00000000c5580000)
 Metaspace       used 5972K, capacity 6898K, committed 7040K, reserved 1056768K
  class space    used 599K, capacity 618K, committed 640K, reserved 1048576K

Card table byte_map: [0x0000000012080000,0x0000000012290000] byte_map_base: 0x0000000011a80000

Marking Bits: (ParMarkBitMap*) 0x0000000060c564f0
 Begin Bits: [0x00000000127f0000, 0x00000000137f0000)
 End Bits:   [0x00000000137f0000, 0x00000000147f0000)

Polling page: 0x0000000001130000

CodeCache: size=245760Kb used=4601Kb max_used=4601Kb free=241158Kb
 bounds [0x0000000002cc0000, 0x0000000003150000, 0x0000000011cc0000]
 total_blobs=1402 nmethods=1133 adapters=182
 compilation: enabled

Compilation events (10 events):
Event: 1.155 Thread 0x0000000016ae0800 1131   !   3       java.lang.ref.Finalizer::runFinalizer (62 bytes)
Event: 1.156 Thread 0x0000000016ae0800 nmethod 1131 0x0000000003138710 code [0x00000000031388c0, 0x0000000003139138]
Event: 1.156 Thread 0x0000000016ae0800 1132       3       java.lang.ref.Finalizer::hasBeenFinalized (14 bytes)
Event: 1.156 Thread 0x0000000016ae0800 nmethod 1132 0x00000000031393d0 code [0x0000000003139520, 0x00000000031396d0]
Event: 1.156 Thread 0x0000000016ae0800 1135       3       com.android.dx.ssa.DomFront::buildDomTree (72 bytes)
Event: 1.156 Thread 0x0000000016ae0800 nmethod 1135 0x0000000003139750 code [0x00000000031399c0, 0x000000000313a848]
Event: 1.156 Thread 0x0000000016ae0800 1136       3       com.android.dx.ssa.DomFront::run (264 bytes)
Event: 1.158 Thread 0x0000000016ae0800 nmethod 1136 0x000000000313b310 code [0x000000000313b880, 0x000000000313eee8]
Event: 1.158 Thread 0x0000000016ae0800 1134       3       com.android.dx.cf.code.BasicBlocker::visitNoArgs (298 bytes)
Event: 1.159 Thread 0x0000000016ae0800 nmethod 1134 0x0000000003140d90 code [0x0000000003141000, 0x0000000003141db8]

GC Heap History (2 events):
Event: 1.041 GC heap before
{Heap before GC invocations=1 (full 0):
 PSYoungGen      total 38400K, used 33280K [0x00000000eab00000, 0x00000000ed580000, 0x0000000100000000)
  eden space 33280K, 100% used [0x00000000eab00000,0x00000000ecb80000,0x00000000ecb80000)
  from space 5120K, 0% used [0x00000000ed080000,0x00000000ed080000,0x00000000ed580000)
  to   space 5120K, 0% used [0x00000000ecb80000,0x00000000ecb80000,0x00000000ed080000)
 ParOldGen       total 87552K, used 0K [0x00000000c0000000, 0x00000000c5580000, 0x00000000eab00000)
  object space 87552K, 0% used [0x00000000c0000000,0x00000000c0000000,0x00000000c5580000)
 Metaspace       used 5945K, capacity 6898K, committed 7040K, reserved 1056768K
  class space    used 599K, capacity 618K, committed 640K, reserved 1048576K
Event: 1.139 GC heap after
Heap after GC invocations=1 (full 0):
 PSYoungGen      total 38400K, used 5098K [0x00000000eab00000, 0x00000000ed580000, 0x0000000100000000)
  eden space 33280K, 0% used [0x00000000eab00000,0x00000000eab00000,0x00000000ecb80000)
  from space 5120K, 99% used [0x00000000ecb80000,0x00000000ed07aad8,0x00000000ed080000)
  to   space 5120K, 0% used [0x00000000ed080000,0x00000000ed080000,0x00000000ed580000)
 ParOldGen       total 87552K, used 2125K [0x00000000c0000000, 0x00000000c5580000, 0x00000000eab00000)
  object space 87552K, 2% used [0x00000000c0000000,0x00000000c02135a0,0x00000000c5580000)
 Metaspace       used 5945K, capacity 6898K, committed 7040K, reserved 1056768K
  class space    used 599K, capacity 618K, committed 640K, reserved 1048576K
}

Deoptimization events (5 events):
Event: 0.377 Thread 0x0000000016e3d000 Uncommon trap: reason=unstable_if action=reinterpret pc=0x0000000002ee7104 method=java.util.HashMap.getNode(ILjava/lang/Object;)Ljava/util/HashMap$Node; @ 62
Event: 0.596 Thread 0x0000000002bc2800 Uncommon trap: reason=unstable_if action=reinterpret pc=0x0000000002ff065c method=com.android.dx.rop.cst.Constant.compareTo(Lcom/android/dx/rop/cst/Constant;)I @ 12
Event: 0.599 Thread 0x0000000002bc2800 Uncommon trap: reason=null_check action=make_not_entrant pc=0x0000000002fbccc8 method=com.android.dx.ssa.SsaRenamer.getLocalForNewReg(I)Lcom/android/dx/rop/code/LocalItem; @ 19
Event: 0.619 Thread 0x0000000016e3d000 Uncommon trap: reason=unstable_if action=reinterpret pc=0x0000000002fe5f44 method=com.android.dx.rop.code.RegisterSpec.equals(ILcom/android/dx/rop/type/TypeBearer;Lcom/android/dx/rop/code/LocalItem;)Z @ 42
Event: 0.637 Thread 0x0000000016d2e800 Uncommon trap: reason=bimorphic action=maybe_recompile pc=0x0000000002f41830 method=java.util.HashMap.getNode(ILjava/lang/Object;)Ljava/util/HashMap$Node; @ 126

Internal exceptions (3 events):
Event: 0.028 Thread 0x0000000002bc2800 Exception <a 'java/lang/NoSuchMethodError': Method sun.misc.Unsafe.defineClass(Ljava/lang/String;[BII)Ljava/lang/Class; name or signature does not match> (0x00000000eab07cc0) thrown at [D:\re\workspace\8-2-build-windows-amd64-cygwin\jdk8u92\6642\hotspot\srx%лж|sю?
Event: 0.028 Thread 0x0000000002bc2800 Exception <a 'java/lang/NoSuchMethodError': Method sun.misc.Unsafe.prefetchRead(Ljava/lang/Object;J)V name or signature does not match> (0x00000000eab07fa8) thrown at [D:\re\workspace\8-2-build-windows-amd64-cygwin\jdk8u92\6642\hotspot\src\share\vm\prims\j~
Event: 0.598 Thread 0x0000000002bc2800 Implicit null exception at 0x0000000002fbb42a to 0x0000000002fbcc81

Events (10 events):
Event: 0.619 Thread 0x0000000016e3d000 Uncommon trap: trap_request=0xffffff65 fr.pc=0x0000000002fe5f44
Event: 0.619 Thread 0x0000000016e3d000 DEOPT PACKING pc=0x0000000002fe5f44 sp=0x00000000175deda0
Event: 0.619 Thread 0x0000000016e3d000 DEOPT UNPACKING pc=0x0000000002d0582a sp=0x00000000175ded28 mode 2
Event: 0.637 Thread 0x0000000016d2e800 Uncommon trap: trap_request=0xffffffc6 fr.pc=0x0000000002f41830
Event: 0.637 Thread 0x0000000016d2e800 DEOPT PACKING pc=0x0000000002f41830 sp=0x00000000172deb90
Event: 0.637 Thread 0x0000000016d2e800 DEOPT UNPACKING pc=0x0000000002d0582a sp=0x00000000172deab8 mode 2
Event: 1.036 Executing VM operation: ForceSafepoint
Event: 1.037 Executing VM operation: ForceSafepoint done
Event: 1.041 Executing VM operation: ParallelGCFailedAllocation
Event: 1.139 Executing VM operation: ParallelGCFailedAllocation done


Dynamic libraries:
0x00007ff7b9a90000 - 0x00007ff7b9ac7000 	C:\Program Files\Java\jdk1.8.0_92\bin\java.exe
0x00007ff8c1da0000 - 0x00007ff8c1f4a000 	C:\Windows\SYSTEM32\ntdll.dll
0x00007ff8c1530000 - 0x00007ff8c166a000 	C:\Windows\system32\KERNEL32.DLL
0x00007ff8bf4c0000 - 0x00007ff8bf5cf000 	C:\Windows\system32\KERNELBASE.dll
0x00007ff8bdd40000 - 0x00007ff8bddc8000 	C:\Windows\system32\apphelp.dll
0x00007ff8aa780000 - 0x00007ff8aa7cf000 	C:\Windows\AppPatch\AppPatch64\AcGenral.DLL
0x00007ff8c1ce0000 - 0x00007ff8c1d87000 	C:\Windows\system32\msvcrt.dll
0x00007ff8bef50000 - 0x00007ff8bef7b000 	C:\Windows\SYSTEM32\SspiCli.dll
0x00007ff8bf7c0000 - 0x00007ff8bf811000 	C:\Windows\system32\SHLWAPI.dll
0x00007ff8c1680000 - 0x00007ff8c17f1000 	C:\Windows\system32\USER32.dll
0x00007ff8c1800000 - 0x00007ff8c1978000 	C:\Windows\system32\ole32.dll
0x00007ff8bfdc0000 - 0x00007ff8c11d7000 	C:\Windows\system32\SHELL32.dll
0x00007ff8be780000 - 0x00007ff8be79e000 	C:\Windows\SYSTEM32\USERENV.dll
0x00007ff8c1380000 - 0x00007ff8c1425000 	C:\Windows\system32\ADVAPI32.dll
0x00007ff8ba5f0000 - 0x00007ff8ba60b000 	C:\Windows\SYSTEM32\MPR.dll
0x00007ff8bf620000 - 0x00007ff8bf756000 	C:\Windows\system32\RPCRT4.dll
0x00007ff8bfa70000 - 0x00007ff8bfac7000 	C:\Windows\SYSTEM32\sechost.dll
0x00007ff8c1b00000 - 0x00007ff8c1cd6000 	C:\Windows\SYSTEM32\combase.dll
0x00007ff8bfc70000 - 0x00007ff8bfdb5000 	C:\Windows\system32\GDI32.dll
0x00007ff8bf110000 - 0x00007ff8bf124000 	C:\Windows\SYSTEM32\profapi.dll
0x00007ff8bd770000 - 0x00007ff8bd80f000 	C:\Windows\SYSTEM32\SHCORE.dll
0x00007ff8c1430000 - 0x00007ff8c1464000 	C:\Windows\system32\IMM32.DLL
0x00007ff8c11e0000 - 0x00007ff8c1319000 	C:\Windows\system32\MSCTF.dll
0x00007ff8bcef0000 - 0x00007ff8bd14a000 	C:\Windows\WinSxS\amd64_microsoft.windows.common-controls_6595b64144ccf1df_6.0.9600.17031_none_6242a4b3ecbb55a1\COMCTL32.dll
0x000000005fcc0000 - 0x000000005fd92000 	C:\Program Files\Java\jdk1.8.0_92\jre\bin\msvcr100.dll
0x0000000060440000 - 0x0000000060cd6000 	C:\Program Files\Java\jdk1.8.0_92\jre\bin\server\jvm.dll
0x00007ff8ba780000 - 0x00007ff8ba789000 	C:\Windows\SYSTEM32\WSOCK32.dll
0x00007ff8baf20000 - 0x00007ff8baf3f000 	C:\Windows\SYSTEM32\WINMM.dll
0x00007ff8bce20000 - 0x00007ff8bce2a000 	C:\Windows\SYSTEM32\VERSION.dll
0x00007ff8c1670000 - 0x00007ff8c1677000 	C:\Windows\system32\PSAPI.DLL
0x00007ff8c1320000 - 0x00007ff8c1378000 	C:\Windows\system32\WS2_32.dll
0x00007ff8ba790000 - 0x00007ff8ba7ba000 	C:\Windows\SYSTEM32\WINMMBASE.dll
0x00007ff8bf820000 - 0x00007ff8bf829000 	C:\Windows\system32\NSI.dll
0x00007ff8bf1e0000 - 0x00007ff8bf22a000 	C:\Windows\SYSTEM32\cfgmgr32.dll
0x00007ff8bdf90000 - 0x00007ff8bdfb6000 	C:\Windows\SYSTEM32\DEVOBJ.dll
0x0000000060f50000 - 0x0000000060f5f000 	C:\Program Files\Java\jdk1.8.0_92\jre\bin\verify.dll
0x0000000060410000 - 0x0000000060439000 	C:\Program Files\Java\jdk1.8.0_92\jre\bin\java.dll
0x00000000603f0000 - 0x0000000060406000 	C:\Program Files\Java\jdk1.8.0_92\jre\bin\zip.dll

VM Arguments:
jvm_args: -Djava.awt.headless=true -Xmx1024M -Dfile.encoding=windows-1252 -Duser.country=US -Duser.language=en -Duser.variant 
java_command: com.android.dx.command.Main --dex --force-jumbo --num-threads=4 --output C:\Zooket\app\build\intermediates\pre-dexed\debug\okhttp-2.4.0_787f9e023d436507c0c01ed8a5465d0311a90b76.jar C:\Users\Smo\.gradle\caches\modules-2\files-2.1\com.squareup.okhttp\okhttp\2.4.0\40340c0748190fe897baf7bffbc1b282734294e5\okhttp-2.4.0.jar
java_class_path (initial): C:\android-sdk-windows\build-tools\24.0.3\lib\dx.jar
Launcher Type: SUN_STANDARD

Environment Variables:
PATH=C:\ProgramData\Oracle\Java\javapath;C:\Windows\system32;C:\Windows;C:\Windows\System32\Wbem;C:\Windows\System32\WindowsPowerShell\v1.0\;C:\Program Files (x86)\NVIDIA Corporation\PhysX\Common;C:\Program Files (x86)\Windows Kits\8.1\Windows Performance Toolkit\;C:\Program Files\Microsoft SQL Server\110\Tools\Binn\;C:\Program Files\Microsoft SQL Server\110\DTS\Binn\;C:\Program Files (x86)\Microsoft SQL Server\110\Tools\Binn\;C:\Program Files (x86)\Microsoft SQL Server\110\Tools\Binn\ManagementStudio\;C:\Program Files (x86)\Microsoft Visual Studio 10.0\Common7\IDE\PrivateAssemblies\;C:\Program Files (x86)\Microsoft SQL Server\110\DTS\Binn\;C:\Program Files (x86)\GtkSharp\2.12\bin;C:\Program Files (x86)\QuickTime\QTSystem\
USERNAME=Smo
OS=Windows_NT
PROCESSOR_IDENTIFIER=Intel64 Family 6 Model 94 Stepping 3, GenuineIntel



---------------  S Y S T E M  ---------------

OS: Windows 8.1 , 64 bit Build 9600 (6.3.9600.17056)

CPU:total 4 (4 cores per cpu, 1 threads per core) family 6 model 94 stepping 3, cmov, cx8, fxsr, mmx, sse, sse2, sse3, ssse3, sse4.1, sse4.2, popcnt, avx, avx2, aes, clmul, erms, 3dnowpref, lzcnt, tsc, tscinvbit, bmi1, bmi2, adx

Memory: 4k page, physical 8266404k(1307480k free), swap 8266404k(5132k free)

vm_info: Java HotSpot(TM) 64-Bit Server VM (25.92-b14) for windows-amd64 JRE (1.8.0_92-b14), built on Mar 31 2016 21:03:04 by "java_re" with MS VC++ 10.0 (VS2010)

time: Tue May 09 12:01:46 2017
elapsed time: 1 seconds (0d 0h 0m 1s)

