#
# There is insufficient memory for the Java Runtime Environment to continue.
# Native memory allocation (malloc) failed to allocate 32784 bytes for Chunk::new
# Possible reasons:
#   The system is out of physical RAM or swap space
#   In 32 bit mode, the process size limit was hit
# Possible solutions:
#   Reduce memory load on the system
#   Increase physical memory or swap space
#   Check if swap backing store is full
#   Use 64 bit Java on a 64 bit OS
#   Decrease Java heap size (-Xmx/-Xms)
#   Decrease number of Java threads
#   Decrease Java thread stack sizes (-Xss)
#   Set larger code cache with -XX:ReservedCodeCacheSize=
# This output file may be truncated or incomplete.
#
#  Out of Memory Error (allocation.cpp:390), pid=1660, tid=0x0000000000002270
#
# JRE version: Java(TM) SE Runtime Environment (8.0_92-b14) (build 1.8.0_92-b14)
# Java VM: Java HotSpot(TM) 64-Bit Server VM (25.92-b14 mixed mode windows-amd64 compressed oops)
# Failed to write core dump. Minidumps are not enabled by default on client versions of Windows
#

---------------  T H R E A D  ---------------

Current thread (0x00000000148be000):  JavaThread "C2 CompilerThread0" daemon [_thread_in_native, id=8816, stack(0x0000000015ef0000,0x0000000015ff0000)]

Stack: [0x0000000015ef0000,0x0000000015ff0000]
[error occurred during error reporting (printing stack bounds), id 0xc0000005]

Native frames: (J=compiled Java code, j=interpreted, Vv=VM code, C=native code)


Current CompileTask:
C2:   1420 1442       4       com.android.dx.ssa.back.LivenessAnalyzer::run (231 bytes)


---------------  P R O C E S S  ---------------

Java Threads: ( => current thread )
  0x0000000016469800 JavaThread "pool-1-thread-3" [_thread_in_Java, id=8768, stack(0x0000000016af0000,0x0000000016bf0000)]
  0x0000000016411000 JavaThread "pool-1-thread-2" [_thread_in_Java, id=6240, stack(0x00000000169f0000,0x0000000016af0000)]
  0x000000001636e000 JavaThread "pool-2-thread-1" [_thread_blocked, id=8968, stack(0x00000000168f0000,0x00000000169f0000)]
  0x00000000161f3000 JavaThread "Service Thread" daemon [_thread_blocked, id=7988, stack(0x00000000165f0000,0x00000000166f0000)]
  0x000000001491b800 JavaThread "C1 CompilerThread2" daemon [_thread_blocked, id=2640, stack(0x00000000160f0000,0x00000000161f0000)]
  0x00000000148c1800 JavaThread "C2 CompilerThread1" daemon [_thread_in_native, id=8260, stack(0x0000000015ff0000,0x00000000160f0000)]
=>0x00000000148be000 JavaThread "C2 CompilerThread0" daemon [_thread_in_native, id=8816, stack(0x0000000015ef0000,0x0000000015ff0000)]
  0x00000000148bc000 JavaThread "Attach Listener" daemon [_thread_blocked, id=7712, stack(0x0000000015df0000,0x0000000015ef0000)]
  0x00000000148bb000 JavaThread "Signal Dispatcher" daemon [_thread_blocked, id=8756, stack(0x0000000015cf0000,0x0000000015df0000)]
  0x00000000148aa800 JavaThread "Finalizer" daemon [_thread_blocked, id=6876, stack(0x0000000015b10000,0x0000000015c10000)]
  0x00000000021e0800 JavaThread "Reference Handler" daemon [_thread_blocked, id=8708, stack(0x0000000015a10000,0x0000000015b10000)]
  0x00000000020f2800 JavaThread "main" [_thread_blocked, id=6128, stack(0x0000000001ff0000,0x00000000020f0000)]

Other Threads:
  0x0000000014888800 VMThread [stack: 0x0000000015910000,0x0000000015a10000] [id=8996]
  0x00000000161f6000 WatcherThread [stack: 0x00000000166f0000,0x00000000167f0000] [id=8356]

VM state:not at safepoint (normal execution)

VM Mutex/Monitor currently owned by a thread: None

Heap:
 PSYoungGen      total 38400K, used 27749K [0x00000000eab00000, 0x00000000ed580000, 0x0000000100000000)
  eden space 33280K, 68% used [0x00000000eab00000,0x00000000ec11ae38,0x00000000ecb80000)
  from space 5120K, 99% used [0x00000000ecb80000,0x00000000ed07e920,0x00000000ed080000)
  to   space 5120K, 0% used [0x00000000ed080000,0x00000000ed080000,0x00000000ed580000)
 ParOldGen       total 87552K, used 1617K [0x00000000c0000000, 0x00000000c5580000, 0x00000000eab00000)
  object space 87552K, 1% used [0x00000000c0000000,0x00000000c0194568,0x00000000c5580000)
 Metaspace       used 6202K, capacity 7064K, committed 7424K, reserved 1056768K
  class space    used 622K, capacity 656K, committed 768K, reserved 1048576K

Card table byte_map: [0x00000000115b0000,0x00000000117c0000] byte_map_base: 0x0000000010fb0000

Marking Bits: (ParMarkBitMap*) 0x00000000633064f0
 Begin Bits: [0x0000000011d20000, 0x0000000012d20000)
 End Bits:   [0x0000000012d20000, 0x0000000013d20000)

Polling page: 0x00000000006a0000

CodeCache: size=245760Kb used=5748Kb max_used=5748Kb free=240011Kb
 bounds [0x00000000021f0000, 0x00000000027a0000, 0x00000000111f0000]
 total_blobs=1704 nmethods=1435 adapters=182
 compilation: enabled

Compilation events (10 events):
Event: 1.413 Thread 0x000000001491b800 nmethod 1447 0x000000000277f310 code [0x000000000277f4c0, 0x000000000277f798]
Event: 1.414 Thread 0x000000001491b800 1448   !   2       sun.reflect.generics.parser.SignatureParser::current (40 bytes)
Event: 1.414 Thread 0x000000001491b800 nmethod 1448 0x000000000277eed0 code [0x000000000277f020, 0x000000000277f1d0]
Event: 1.415 Thread 0x000000001491b800 1449   !   2       com.android.dx.rop.code.RegisterSpec::intern (70 bytes)
Event: 1.415 Thread 0x000000001491b800 nmethod 1449 0x000000000277e350 code [0x000000000277e500, 0x000000000277ea68]
Event: 1.418 Thread 0x000000001491b800 1450       2       java.util.Arrays::rangeCheck (74 bytes)
Event: 1.418 Thread 0x000000001491b800 nmethod 1450 0x000000000277d810 code [0x000000000277da00, 0x000000000277df88]
Event: 1.418 Thread 0x000000001491b800 1451       2       com.android.dx.rop.code.RegisterSpec::withLocalItem (41 bytes)
Event: 1.419 Thread 0x000000001491b800 nmethod 1451 0x000000000277d310 code [0x000000000277d480, 0x000000000277d6d8]
Event: 1.419 Thread 0x000000001491b800 1452       2       java.util.HashMap::getNode (148 bytes)

GC Heap History (2 events):
Event: 1.264 GC heap before
{Heap before GC invocations=1 (full 0):
 PSYoungGen      total 38400K, used 33280K [0x00000000eab00000, 0x00000000ed580000, 0x0000000100000000)
  eden space 33280K, 100% used [0x00000000eab00000,0x00000000ecb80000,0x00000000ecb80000)
  from space 5120K, 0% used [0x00000000ed080000,0x00000000ed080000,0x00000000ed580000)
  to   space 5120K, 0% used [0x00000000ecb80000,0x00000000ecb80000,0x00000000ed080000)
 ParOldGen       total 87552K, used 0K [0x00000000c0000000, 0x00000000c5580000, 0x00000000eab00000)
  object space 87552K, 0% used [0x00000000c0000000,0x00000000c0000000,0x00000000c5580000)
 Metaspace       used 6029K, capacity 6964K, committed 7040K, reserved 1056768K
  class space    used 601K, capacity 620K, committed 640K, reserved 1048576K
Event: 1.284 GC heap after
Heap after GC invocations=1 (full 0):
 PSYoungGen      total 38400K, used 5114K [0x00000000eab00000, 0x00000000ed580000, 0x0000000100000000)
  eden space 33280K, 0% used [0x00000000eab00000,0x00000000eab00000,0x00000000ecb80000)
  from space 5120K, 99% used [0x00000000ecb80000,0x00000000ed07e920,0x00000000ed080000)
  to   space 5120K, 0% used [0x00000000ed080000,0x00000000ed080000,0x00000000ed580000)
 ParOldGen       total 87552K, used 1617K [0x00000000c0000000, 0x00000000c5580000, 0x00000000eab00000)
  object space 87552K, 1% used [0x00000000c0000000,0x00000000c0194568,0x00000000c5580000)
 Metaspace       used 6029K, capacity 6964K, committed 7040K, reserved 1056768K
  class space    used 601K, capacity 620K, committed 640K, reserved 1048576K
}

Deoptimization events (9 events):
Event: 0.818 Thread 0x00000000020f2800 Uncommon trap: reason=unstable_if action=reinterpret pc=0x000000000240f034 method=java.util.BitSet.ensureCapacity(I)V @ 6
Event: 0.827 Thread 0x00000000020f2800 Uncommon trap: reason=bimorphic action=maybe_recompile pc=0x000000000241ad58 method=java.util.HashMap.getNode(ILjava/lang/Object;)Ljava/util/HashMap$Node; @ 126
Event: 0.827 Thread 0x00000000020f2800 Uncommon trap: reason=bimorphic action=maybe_recompile pc=0x000000000241ad58 method=java.util.HashMap.getNode(ILjava/lang/Object;)Ljava/util/HashMap$Node; @ 126
Event: 0.827 Thread 0x00000000020f2800 Uncommon trap: reason=bimorphic action=maybe_recompile pc=0x000000000241ad58 method=java.util.HashMap.getNode(ILjava/lang/Object;)Ljava/util/HashMap$Node; @ 126
Event: 0.827 Thread 0x00000000020f2800 Uncommon trap: reason=bimorphic action=maybe_recompile pc=0x000000000241ad58 method=java.util.HashMap.getNode(ILjava/lang/Object;)Ljava/util/HashMap$Node; @ 126
Event: 0.827 Thread 0x00000000020f2800 Uncommon trap: reason=bimorphic action=maybe_recompile pc=0x00000000024082a0 method=java.util.HashMap.getNode(ILjava/lang/Object;)Ljava/util/HashMap$Node; @ 126
Event: 1.308 Thread 0x00000000020f2800 Uncommon trap: reason=null_check action=make_not_entrant pc=0x000000000247d028 method=com.android.dx.rop.type.Type.equals(Ljava/lang/Object;)Z @ 8
Event: 1.413 Thread 0x0000000016469800 Uncommon trap: reason=unstable_if action=reinterpret pc=0x00000000024d17b0 method=java.util.HashMap.putVal(ILjava/lang/Object;Ljava/lang/Object;ZZ)Ljava/lang/Object; @ 162
Event: 1.419 Thread 0x0000000016469800 Uncommon trap: reason=unstable_if action=reinterpret pc=0x00000000024cb450 method=java.util.HashMap.getNode(ILjava/lang/Object;)Ljava/util/HashMap$Node; @ 84

Internal exceptions (6 events):
Event: 0.188 Thread 0x00000000020f2800 Exception <a 'java/lang/NoSuchMethodError': Method sun.misc.Unsafe.defineClass(Ljava/lang/String;[BII)Ljava/lang/Class; name or signature does not match> (0x00000000eab07cc0) thrown at [D:\re\workspace\8-2-build-windows-amd64-cygwin\jdk8u92\6642\hotspot\srt º²¡È?
Event: 0.188 Thread 0x00000000020f2800 Exception <a 'java/lang/NoSuchMethodError': Method sun.misc.Unsafe.prefetchRead(Ljava/lang/Object;J)V name or signature does not match> (0x00000000eab07fa8) thrown at [D:\re\workspace\8-2-build-windows-amd64-cygwin\jdk8u92\6642\hotspot\src\share\vm\prims\j¾'C0píô?
Event: 1.308 Thread 0x00000000020f2800 Implicit null exception at 0x000000000247cf22 to 0x000000000247d01a
Event: 1.414 Thread 0x0000000016469800 Exception <a 'java/lang/ArrayIndexOutOfBoundsException': 18> (0x00000000ec07b210) thrown at [D:\re\workspace\8-2-build-windows-amd64-cygwin\jdk8u92\6642\hotspot\src\share\vm\interpreter\interpreterRuntime.cpp, line 366]
Event: 1.414 Thread 0x0000000016469800 Exception <a 'java/lang/ArrayIndexOutOfBoundsException': 145> (0x00000000ec07cd90) thrown at [D:\re\workspace\8-2-build-windows-amd64-cygwin\jdk8u92\6642\hotspot\src\share\vm\interpreter\interpreterRuntime.cpp, line 366]
Event: 1.415 Thread 0x0000000016469800 Exception <a 'java/lang/ArrayIndexOutOfBoundsException'> (0x00000000ec07e078) thrown at [D:\re\workspace\8-2-build-windows-amd64-cygwin\jdk8u92\6642\hotspot\src\share\vm\runtime\sharedRuntime.cpp, line 605]

Events (10 events):
Event: 1.415 loading class java/lang/reflect/TypeVariable done
Event: 1.415 loading class sun/reflect/generics/reflectiveObjects/TypeVariableImpl
Event: 1.415 loading class sun/reflect/generics/reflectiveObjects/LazyReflectiveObjectGenerator
Event: 1.415 loading class sun/reflect/generics/reflectiveObjects/LazyReflectiveObjectGenerator done
Event: 1.415 loading class sun/reflect/generics/reflectiveObjects/TypeVariableImpl done
Event: 1.418 Thread 0x0000000016469800 DEOPT PACKING pc=0x0000000002538b1b sp=0x0000000016bee8a0
Event: 1.418 Thread 0x0000000016469800 DEOPT UNPACKING pc=0x000000000223787f sp=0x0000000016bee668 mode 0
Event: 1.419 Thread 0x0000000016469800 Uncommon trap: trap_request=0xffffff65 fr.pc=0x00000000024cb450
Event: 1.419 Thread 0x0000000016469800 DEOPT PACKING pc=0x00000000024cb450 sp=0x0000000016bee8f0
Event: 1.419 Thread 0x0000000016469800 DEOPT UNPACKING pc=0x000000000223582a sp=0x0000000016bee868 mode 2


Dynamic libraries:
0x00007ff69a890000 - 0x00007ff69a8c7000 	C:\Program Files\Java\jdk1.8.0_92\bin\java.exe
0x00007fff758a0000 - 0x00007fff75a4a000 	C:\Windows\SYSTEM32\ntdll.dll
0x00007fff75760000 - 0x00007fff7589a000 	C:\Windows\system32\KERNEL32.DLL
0x00007fff72ce0000 - 0x00007fff72def000 	C:\Windows\system32\KERNELBASE.dll
0x00007fff71840000 - 0x00007fff718c8000 	C:\Windows\system32\apphelp.dll
0x00007fff4a870000 - 0x00007fff4a8bf000 	C:\Windows\AppPatch\AppPatch64\AcGenral.DLL
0x00007fff73500000 - 0x00007fff735a7000 	C:\Windows\system32\msvcrt.dll
0x00007fff72a50000 - 0x00007fff72a7b000 	C:\Windows\SYSTEM32\SspiCli.dll
0x00007fff73ad0000 - 0x00007fff73b21000 	C:\Windows\system32\SHLWAPI.dll
0x00007fff73320000 - 0x00007fff73491000 	C:\Windows\system32\USER32.dll
0x00007fff75440000 - 0x00007fff755b8000 	C:\Windows\system32\ole32.dll
0x00007fff74020000 - 0x00007fff75437000 	C:\Windows\system32\SHELL32.dll
0x00007fff72280000 - 0x00007fff7229e000 	C:\Windows\SYSTEM32\USERENV.dll
0x00007fff73b30000 - 0x00007fff73bd5000 	C:\Windows\system32\ADVAPI32.dll
0x00007fff6df80000 - 0x00007fff6df9b000 	C:\Windows\SYSTEM32\MPR.dll
0x00007fff73ec0000 - 0x00007fff73ff6000 	C:\Windows\system32\RPCRT4.dll
0x00007fff736c0000 - 0x00007fff73717000 	C:\Windows\SYSTEM32\sechost.dll
0x00007fff73c80000 - 0x00007fff73e56000 	C:\Windows\SYSTEM32\combase.dll
0x00007fff73860000 - 0x00007fff739a5000 	C:\Windows\system32\GDI32.dll
0x00007fff72c10000 - 0x00007fff72c24000 	C:\Windows\SYSTEM32\profapi.dll
0x00007fff71270000 - 0x00007fff7130f000 	C:\Windows\SYSTEM32\SHCORE.dll
0x00007fff739b0000 - 0x00007fff739e4000 	C:\Windows\system32\IMM32.DLL
0x00007fff73720000 - 0x00007fff73859000 	C:\Windows\system32\MSCTF.dll
0x00007fff709f0000 - 0x00007fff70c4a000 	C:\Windows\WinSxS\amd64_microsoft.windows.common-controls_6595b64144ccf1df_6.0.9600.17031_none_6242a4b3ecbb55a1\COMCTL32.dll
0x0000000062460000 - 0x0000000062532000 	C:\Program Files\Java\jdk1.8.0_92\jre\bin\msvcr100.dll
0x0000000062af0000 - 0x0000000063386000 	C:\Program Files\Java\jdk1.8.0_92\jre\bin\server\jvm.dll
0x00007fff69fa0000 - 0x00007fff69fa9000 	C:\Windows\SYSTEM32\WSOCK32.dll
0x00007fff699a0000 - 0x00007fff699bf000 	C:\Windows\SYSTEM32\WINMM.dll
0x00007fff70920000 - 0x00007fff7092a000 	C:\Windows\SYSTEM32\VERSION.dll
0x00007fff73130000 - 0x00007fff73137000 	C:\Windows\system32\PSAPI.DLL
0x00007fff73e60000 - 0x00007fff73eb8000 	C:\Windows\system32\WS2_32.dll
0x00007fff69970000 - 0x00007fff6999a000 	C:\Windows\SYSTEM32\WINMMBASE.dll
0x00007fff74010000 - 0x00007fff74019000 	C:\Windows\system32\NSI.dll
0x00007fff72df0000 - 0x00007fff72e3a000 	C:\Windows\SYSTEM32\cfgmgr32.dll
0x00007fff71a90000 - 0x00007fff71ab6000 	C:\Windows\SYSTEM32\DEVOBJ.dll
0x0000000063730000 - 0x000000006373f000 	C:\Program Files\Java\jdk1.8.0_92\jre\bin\verify.dll
0x0000000063700000 - 0x0000000063729000 	C:\Program Files\Java\jdk1.8.0_92\jre\bin\java.dll
0x00000000636e0000 - 0x00000000636f6000 	C:\Program Files\Java\jdk1.8.0_92\jre\bin\zip.dll

VM Arguments:
jvm_args: -Djava.awt.headless=true -Xmx1024M -Dfile.encoding=windows-1252 -Duser.country=US -Duser.language=en -Duser.variant 
java_command: com.android.dx.command.Main --dex --num-threads=4 --output C:\Zooket\app\build\intermediates\pre-dexed\debug\okio-1.11.0_3a08f2e846b4841e2f4e19ac9ba7749753cfb1c1.jar C:\Users\Smo\.gradle\caches\modules-2\files-2.1\com.squareup.okio\okio\1.11.0\840897fcd7223a8143f1d9b6f69714e7be34fd50\okio-1.11.0.jar
java_class_path (initial): C:\android-sdk-windows\build-tools\24.0.3\lib\dx.jar
Launcher Type: SUN_STANDARD

Environment Variables:
PATH=C:\ProgramData\Oracle\Java\javapath;C:\Windows\system32;C:\Windows;C:\Windows\System32\Wbem;C:\Windows\System32\WindowsPowerShell\v1.0\;C:\Program Files (x86)\NVIDIA Corporation\PhysX\Common;C:\Program Files (x86)\Windows Kits\8.1\Windows Performance Toolkit\;C:\Program Files\Microsoft SQL Server\110\Tools\Binn\;C:\Program Files\Microsoft SQL Server\110\DTS\Binn\;C:\Program Files (x86)\Microsoft SQL Server\110\Tools\Binn\;C:\Program Files (x86)\Microsoft SQL Server\110\Tools\Binn\ManagementStudio\;C:\Program Files (x86)\Microsoft Visual Studio 10.0\Common7\IDE\PrivateAssemblies\;C:\Program Files (x86)\Microsoft SQL Server\110\DTS\Binn\;C:\Program Files (x86)\GtkSharp\2.12\bin;C:\Program Files (x86)\QuickTime\QTSystem\
USERNAME=Smo
OS=Windows_NT
PROCESSOR_IDENTIFIER=Intel64 Family 6 Model 94 Stepping 3, GenuineIntel



---------------  S Y S T E M  ---------------

OS: Windows 8.1 , 64 bit Build 9600 (6.3.9600.17056)

CPU:total 4 (4 cores per cpu, 1 threads per core) family 6 model 94 stepping 3, cmov, cx8, fxsr, mmx, sse, sse2, sse3, ssse3, sse4.1, sse4.2, popcnt, avx, avx2, aes, clmul, erms, 3dnowpref, lzcnt, tsc, tscinvbit, bmi1, bmi2, adx

Memory: 4k page, physical 8266404k(1071616k free), swap 8266404k(5220k free)

vm_info: Java HotSpot(TM) 64-Bit Server VM (25.92-b14) for windows-amd64 JRE (1.8.0_92-b14), built on Mar 31 2016 21:03:04 by "java_re" with MS VC++ 10.0 (VS2010)

time: Wed Jun 07 12:48:25 2017
elapsed time: 1 seconds (0d 0h 0m 1s)

