#
# There is insufficient memory for the Java Runtime Environment to continue.
# Native memory allocation (malloc) failed to allocate 750576 bytes for Chunk::new
# Possible reasons:
#   The system is out of physical RAM or swap space
#   In 32 bit mode, the process size limit was hit
# Possible solutions:
#   Reduce memory load on the system
#   Increase physical memory or swap space
#   Check if swap backing store is full
#   Use 64 bit Java on a 64 bit OS
#   Decrease Java heap size (-Xmx/-Xms)
#   Decrease number of Java threads
#   Decrease Java thread stack sizes (-Xss)
#   Set larger code cache with -XX:ReservedCodeCacheSize=
# This output file may be truncated or incomplete.
#
#  Out of Memory Error (allocation.cpp:390), pid=8256, tid=0x000000000000184c
#
# JRE version: Java(TM) SE Runtime Environment (8.0_92-b14) (build 1.8.0_92-b14)
# Java VM: Java HotSpot(TM) 64-Bit Server VM (25.92-b14 mixed mode windows-amd64 compressed oops)
# Failed to write core dump. Minidumps are not enabled by default on client versions of Windows
#

---------------  T H R E A D  ---------------

Current thread (0x00000000145ce000):  JavaThread "C2 CompilerThread0" daemon [_thread_in_native, id=6220, stack(0x0000000015c10000,0x0000000015d10000)]

Stack: [0x0000000015c10000,0x0000000015d10000]
[error occurred during error reporting (printing stack bounds), id 0xc0000005]

Native frames: (J=compiled Java code, j=interpreted, Vv=VM code, C=native code)


Current CompileTask:
C2:    953 1152   !   4       com.android.dx.cf.code.BytecodeArray::parseInstruction (2764 bytes)


---------------  P R O C E S S  ---------------

Java Threads: ( => current thread )
  0x0000000016195800 JavaThread "pool-1-thread-4" [_thread_blocked, id=6928, stack(0x0000000016910000,0x0000000016a10000)]
  0x0000000016194800 JavaThread "pool-1-thread-3" [_thread_blocked, id=5760, stack(0x0000000016810000,0x0000000016910000)]
  0x0000000016194000 JavaThread "pool-1-thread-2" [_thread_blocked, id=6992, stack(0x0000000016710000,0x0000000016810000)]
  0x000000001618d800 JavaThread "pool-2-thread-1" [_thread_blocked, id=7280, stack(0x0000000016610000,0x0000000016710000)]
  0x000000001618b000 JavaThread "pool-1-thread-1" [_thread_blocked, id=4684, stack(0x0000000016510000,0x0000000016610000)]
  0x0000000015f42000 JavaThread "Service Thread" daemon [_thread_blocked, id=6188, stack(0x0000000016310000,0x0000000016410000)]
  0x00000000145e2800 JavaThread "C1 CompilerThread2" daemon [_thread_blocked, id=1708, stack(0x0000000015e10000,0x0000000015f10000)]
  0x00000000145d1800 JavaThread "C2 CompilerThread1" daemon [_thread_in_native, id=8156, stack(0x0000000015d10000,0x0000000015e10000)]
=>0x00000000145ce000 JavaThread "C2 CompilerThread0" daemon [_thread_in_native, id=6220, stack(0x0000000015c10000,0x0000000015d10000)]
  0x00000000145cc000 JavaThread "Attach Listener" daemon [_thread_blocked, id=4048, stack(0x0000000015b10000,0x0000000015c10000)]
  0x00000000145cb000 JavaThread "Signal Dispatcher" daemon [_thread_blocked, id=8452, stack(0x0000000015a10000,0x0000000015b10000)]
  0x00000000145ba800 JavaThread "Finalizer" daemon [_thread_blocked, id=5212, stack(0x0000000015830000,0x0000000015930000)]
  0x0000000001e90800 JavaThread "Reference Handler" daemon [_thread_blocked, id=8820, stack(0x0000000015730000,0x0000000015830000)]
  0x0000000001da2800 JavaThread "main" [_thread_blocked, id=6060, stack(0x0000000001c40000,0x0000000001d40000)]

Other Threads:
  0x0000000014598800 VMThread [stack: 0x0000000015630000,0x0000000015730000] [id=8904]
  0x0000000015f45000 WatcherThread [stack: 0x0000000016410000,0x0000000016510000] [id=7900]

VM state:not at safepoint (normal execution)

VM Mutex/Monitor currently owned by a thread:  ([mutex/lock_event])
[0x0000000001efcdd0] Heap_lock - owner thread: 0x0000000016194800

Heap:
 PSYoungGen      total 38400K, used 5093K [0x00000000eab00000, 0x00000000ef600000, 0x0000000100000000)
  eden space 33280K, 0% used [0x00000000eab00000,0x00000000eab00018,0x00000000ecb80000)
  from space 5120K, 99% used [0x00000000ecb80000,0x00000000ed0794f0,0x00000000ed080000)
  to   space 5120K, 0% used [0x00000000ef100000,0x00000000ef100000,0x00000000ef600000)
 ParOldGen       total 87552K, used 1246K [0x00000000c0000000, 0x00000000c5580000, 0x00000000eab00000)
  object space 87552K, 1% used [0x00000000c0000000,0x00000000c0137a28,0x00000000c5580000)
 Metaspace       used 5973K, capacity 6896K, committed 7040K, reserved 1056768K
  class space    used 602K, capacity 616K, committed 640K, reserved 1048576K

Card table byte_map: [0x00000000112c0000,0x00000000114d0000] byte_map_base: 0x0000000010cc0000

Marking Bits: (ParMarkBitMap*) 0x000000005ba964f0
 Begin Bits: [0x0000000011a30000, 0x0000000012a30000)
 End Bits:   [0x0000000012a30000, 0x0000000013a30000)

Polling page: 0x0000000000490000

CodeCache: size=245760Kb used=4541Kb max_used=4541Kb free=241218Kb
 bounds [0x0000000001f00000, 0x0000000002380000, 0x0000000010f00000]
 total_blobs=1428 nmethods=1159 adapters=182
 compilation: enabled

Compilation events (10 events):
Event: 0.807 Thread 0x00000000145e2800 nmethod 1179 0x000000000236de90 code [0x000000000236e220, 0x0000000002370468]
Event: 0.807 Thread 0x00000000145e2800 1190       3       com.android.dx.ssa.SsaMethod::removeFromUseList (57 bytes)
Event: 0.807 Thread 0x00000000145e2800 nmethod 1190 0x0000000002371690 code [0x0000000002371860, 0x0000000002372028]
Event: 0.807 Thread 0x00000000145e2800 1169       3       com.android.dx.cf.attrib.BaseLocalVariables::byteLength (14 bytes)
Event: 0.807 Thread 0x00000000145e2800 nmethod 1169 0x0000000002372390 code [0x0000000002372500, 0x0000000002372750]
Event: 0.807 Thread 0x00000000145e2800 1189       3       com.android.dx.ssa.DeadCodeRemover$NoSideEffectVisitor::visitPhiInsn (22 bytes)
Event: 0.807 Thread 0x00000000145e2800 nmethod 1189 0x0000000002372850 code [0x0000000002372a00, 0x0000000002373168]
Event: 0.807 Thread 0x00000000145e2800 1188       3       com.android.dx.ssa.SsaMethod$2::visitPhiInsn (6 bytes)
Event: 0.808 Thread 0x00000000145e2800 nmethod 1188 0x0000000002373450 code [0x00000000023735c0, 0x0000000002373748]
Event: 0.808 Thread 0x00000000145e2800 1172       3       com.android.dx.cf.direct.AttributeListParser::getList (9 bytes)

GC Heap History (2 events):
Event: 0.808 GC heap before
{Heap before GC invocations=1 (full 0):
 PSYoungGen      total 38400K, used 33280K [0x00000000eab00000, 0x00000000ed580000, 0x0000000100000000)
  eden space 33280K, 100% used [0x00000000eab00000,0x00000000ecb80000,0x00000000ecb80000)
  from space 5120K, 0% used [0x00000000ed080000,0x00000000ed080000,0x00000000ed580000)
  to   space 5120K, 0% used [0x00000000ecb80000,0x00000000ecb80000,0x00000000ed080000)
 ParOldGen       total 87552K, used 0K [0x00000000c0000000, 0x00000000c5580000, 0x00000000eab00000)
  object space 87552K, 0% used [0x00000000c0000000,0x00000000c0000000,0x00000000c5580000)
 Metaspace       used 5973K, capacity 6896K, committed 7040K, reserved 1056768K
  class space    used 602K, capacity 616K, committed 640K, reserved 1048576K
Event: 0.916 GC heap after
Heap after GC invocations=1 (full 0):
 PSYoungGen      total 38400K, used 5093K [0x00000000eab00000, 0x00000000ef600000, 0x0000000100000000)
  eden space 33280K, 0% used [0x00000000eab00000,0x00000000eab00000,0x00000000ecb80000)
  from space 5120K, 99% used [0x00000000ecb80000,0x00000000ed0794f0,0x00000000ed080000)
  to   space 5120K, 0% used [0x00000000ef100000,0x00000000ef100000,0x00000000ef600000)
 ParOldGen       total 87552K, used 1246K [0x00000000c0000000, 0x00000000c5580000, 0x00000000eab00000)
  object space 87552K, 1% used [0x00000000c0000000,0x00000000c0137a28,0x00000000c5580000)
 Metaspace       used 5973K, capacity 6896K, committed 7040K, reserved 1056768K
  class space    used 602K, capacity 616K, committed 640K, reserved 1048576K
}

Deoptimization events (9 events):
Event: 0.478 Thread 0x0000000016194800 Uncommon trap: reason=class_check action=maybe_recompile pc=0x0000000002134db0 method=com.android.dx.ssa.NormalSsaInsn.accept(Lcom/android/dx/ssa/SsaInsn$Visitor;)V @ 9
Event: 0.480 Thread 0x0000000001da2800 Uncommon trap: reason=unstable_if action=reinterpret pc=0x000000000213a4b0 method=java.util.BitSet.nextSetBit(I)I @ 87
Event: 0.482 Thread 0x0000000001da2800 Uncommon trap: reason=unstable_if action=reinterpret pc=0x000000000213e650 method=java.util.HashMap.getNode(ILjava/lang/Object;)Ljava/util/HashMap$Node; @ 62
Event: 0.504 Thread 0x0000000016194800 Uncommon trap: reason=class_check action=maybe_recompile pc=0x0000000002134db0 method=com.android.dx.ssa.NormalSsaInsn.accept(Lcom/android/dx/ssa/SsaInsn$Visitor;)V @ 9
Event: 0.529 Thread 0x0000000016194800 Uncommon trap: reason=unstable_if action=reinterpret pc=0x0000000002153a34 method=java.util.BitSet.ensureCapacity(I)V @ 6
Event: 0.655 Thread 0x0000000001da2800 Uncommon trap: reason=unstable_if action=reinterpret pc=0x00000000021a1a60 method=java.util.HashMap.getNode(ILjava/lang/Object;)Ljava/util/HashMap$Node; @ 129
Event: 0.700 Thread 0x0000000016194800 Uncommon trap: reason=unstable_if action=reinterpret pc=0x00000000021de5bc method=com.android.dx.rop.code.RegisterSpec.equals(ILcom/android/dx/rop/type/TypeBearer;Lcom/android/dx/rop/code/LocalItem;)Z @ 16
Event: 0.713 Thread 0x000000001618b000 Uncommon trap: reason=unstable_if action=reinterpret pc=0x00000000022b5398 method=com.android.dx.rop.code.RegisterSpec.equals(ILcom/android/dx/rop/type/TypeBearer;Lcom/android/dx/rop/code/LocalItem;)Z @ 16
Event: 0.793 Thread 0x0000000016194000 Uncommon trap: reason=unstable_if action=reinterpret pc=0x00000000021c2208 method=com.android.dx.rop.code.RegisterSpec.equals(ILcom/android/dx/rop/type/TypeBearer;Lcom/android/dx/rop/code/LocalItem;)Z @ 16

Internal exceptions (2 events):
Event: 0.032 Thread 0x0000000001da2800 Exception <a 'java/lang/NoSuchMethodError': Method sun.misc.Unsafe.defineClass(Ljava/lang/String;[BII)Ljava/lang/Class; name or signature does not match> (0x00000000eab07cc0) thrown at [D:\re\workspace\8-2-build-windows-amd64-cygwin\jdk8u92\6642\hotspot\sr®@Xk ?
Event: 0.032 Thread 0x0000000001da2800 Exception <a 'java/lang/NoSuchMethodError': Method sun.misc.Unsafe.prefetchRead(Ljava/lang/Object;J)V name or signature does not match> (0x00000000eab07fa8) thrown at [D:\re\workspace\8-2-build-windows-amd64-cygwin\jdk8u92\6642\hotspot\src\share\vm\prims\j

Events (10 events):
Event: 0.709 Executing VM operation: Deoptimize
Event: 0.709 Executing VM operation: Deoptimize done
Event: 0.713 Thread 0x000000001618b000 Uncommon trap: trap_request=0xffffff65 fr.pc=0x00000000022b5398
Event: 0.713 Thread 0x000000001618b000 DEOPT PACKING pc=0x00000000022b5398 sp=0x000000001660e0b0
Event: 0.713 Thread 0x000000001618b000 DEOPT UNPACKING pc=0x0000000001f4582a sp=0x000000001660df60 mode 2
Event: 0.793 Thread 0x0000000016194000 Uncommon trap: trap_request=0xffffff65 fr.pc=0x00000000021c2208
Event: 0.793 Thread 0x0000000016194000 DEOPT PACKING pc=0x00000000021c2208 sp=0x000000001680e7d0
Event: 0.793 Thread 0x0000000016194000 DEOPT UNPACKING pc=0x0000000001f4582a sp=0x000000001680e610 mode 2
Event: 0.808 Executing VM operation: ParallelGCFailedAllocation
Event: 0.916 Executing VM operation: ParallelGCFailedAllocation done


Dynamic libraries:
0x00007ff750d50000 - 0x00007ff750d87000 	C:\Program Files\Java\jdk1.8.0_92\bin\java.exe
0x00007ffe5f900000 - 0x00007ffe5faaa000 	C:\Windows\SYSTEM32\ntdll.dll
0x00007ffe5dc80000 - 0x00007ffe5ddba000 	C:\Windows\system32\KERNEL32.DLL
0x00007ffe5cd40000 - 0x00007ffe5ce4f000 	C:\Windows\system32\KERNELBASE.dll
0x00007ffe5b8a0000 - 0x00007ffe5b928000 	C:\Windows\system32\apphelp.dll
0x00007ffe39760000 - 0x00007ffe397af000 	C:\Windows\AppPatch\AppPatch64\AcGenral.DLL
0x00007ffe5f6a0000 - 0x00007ffe5f747000 	C:\Windows\system32\msvcrt.dll
0x00007ffe5cab0000 - 0x00007ffe5cadb000 	C:\Windows\SYSTEM32\SspiCli.dll
0x00007ffe5d750000 - 0x00007ffe5d7a1000 	C:\Windows\system32\SHLWAPI.dll
0x00007ffe5d390000 - 0x00007ffe5d501000 	C:\Windows\system32\USER32.dll
0x00007ffe5e040000 - 0x00007ffe5e1b8000 	C:\Windows\system32\ole32.dll
0x00007ffe5e280000 - 0x00007ffe5f697000 	C:\Windows\system32\SHELL32.dll
0x00007ffe5c2e0000 - 0x00007ffe5c2fe000 	C:\Windows\SYSTEM32\USERENV.dll
0x00007ffe5f820000 - 0x00007ffe5f8c5000 	C:\Windows\system32\ADVAPI32.dll
0x00007ffe57ba0000 - 0x00007ffe57bbb000 	C:\Windows\SYSTEM32\MPR.dll
0x00007ffe5ddc0000 - 0x00007ffe5def6000 	C:\Windows\system32\RPCRT4.dll
0x00007ffe5d330000 - 0x00007ffe5d387000 	C:\Windows\SYSTEM32\sechost.dll
0x00007ffe5d510000 - 0x00007ffe5d6e6000 	C:\Windows\SYSTEM32\combase.dll
0x00007ffe5d180000 - 0x00007ffe5d2c5000 	C:\Windows\system32\GDI32.dll
0x00007ffe5cc70000 - 0x00007ffe5cc84000 	C:\Windows\SYSTEM32\profapi.dll
0x00007ffe5b2d0000 - 0x00007ffe5b36f000 	C:\Windows\SYSTEM32\SHCORE.dll
0x00007ffe5df00000 - 0x00007ffe5df34000 	C:\Windows\system32\IMM32.DLL
0x00007ffe5db40000 - 0x00007ffe5dc79000 	C:\Windows\system32\MSCTF.dll
0x00007ffe5a9c0000 - 0x00007ffe5ac1a000 	C:\Windows\WinSxS\amd64_microsoft.windows.common-controls_6595b64144ccf1df_6.0.9600.17031_none_6242a4b3ecbb55a1\COMCTL32.dll
0x000000005ad70000 - 0x000000005ae42000 	C:\Program Files\Java\jdk1.8.0_92\jre\bin\msvcr100.dll
0x000000005b280000 - 0x000000005bb16000 	C:\Program Files\Java\jdk1.8.0_92\jre\bin\server\jvm.dll
0x00007ffe58230000 - 0x00007ffe58239000 	C:\Windows\SYSTEM32\WSOCK32.dll
0x00007ffe4f380000 - 0x00007ffe4f39f000 	C:\Windows\SYSTEM32\WINMM.dll
0x00007ffe5a980000 - 0x00007ffe5a98a000 	C:\Windows\SYSTEM32\VERSION.dll
0x00007ffe5f8f0000 - 0x00007ffe5f8f7000 	C:\Windows\system32\PSAPI.DLL
0x00007ffe5d6f0000 - 0x00007ffe5d748000 	C:\Windows\system32\WS2_32.dll
0x00007ffe4f350000 - 0x00007ffe4f37a000 	C:\Windows\SYSTEM32\WINMMBASE.dll
0x00007ffe5e270000 - 0x00007ffe5e279000 	C:\Windows\system32\NSI.dll
0x00007ffe5cf00000 - 0x00007ffe5cf4a000 	C:\Windows\SYSTEM32\cfgmgr32.dll
0x00007ffe5baf0000 - 0x00007ffe5bb16000 	C:\Windows\SYSTEM32\DEVOBJ.dll
0x000000005c860000 - 0x000000005c86f000 	C:\Program Files\Java\jdk1.8.0_92\jre\bin\verify.dll
0x000000005c830000 - 0x000000005c859000 	C:\Program Files\Java\jdk1.8.0_92\jre\bin\java.dll
0x000000005c810000 - 0x000000005c826000 	C:\Program Files\Java\jdk1.8.0_92\jre\bin\zip.dll

VM Arguments:
jvm_args: -Djava.awt.headless=true -Xmx1024M -Dfile.encoding=windows-1252 -Duser.country=US -Duser.language=en -Duser.variant 
java_command: com.android.dx.command.Main --dex --force-jumbo --num-threads=4 --output C:\Zooket\app\build\intermediates\pre-dexed\debug\com.android.support-design-23.4.0_55f6bf198495ed160302d6fdc73c65d7af5889f1.jar C:\Zooket\app\build\intermediates\exploded-aar\com.android.support\design\23.4.0\jars\classes.jar
java_class_path (initial): C:\android-sdk-windows\build-tools\24.0.3\lib\dx.jar
Launcher Type: SUN_STANDARD

Environment Variables:
PATH=C:\ProgramData\Oracle\Java\javapath;C:\Windows\system32;C:\Windows;C:\Windows\System32\Wbem;C:\Windows\System32\WindowsPowerShell\v1.0\;C:\Program Files (x86)\NVIDIA Corporation\PhysX\Common;C:\Program Files (x86)\Windows Kits\8.1\Windows Performance Toolkit\;C:\Program Files\Microsoft SQL Server\110\Tools\Binn\;C:\Program Files\Microsoft SQL Server\110\DTS\Binn\;C:\Program Files (x86)\Microsoft SQL Server\110\Tools\Binn\;C:\Program Files (x86)\Microsoft SQL Server\110\Tools\Binn\ManagementStudio\;C:\Program Files (x86)\Microsoft Visual Studio 10.0\Common7\IDE\PrivateAssemblies\;C:\Program Files (x86)\Microsoft SQL Server\110\DTS\Binn\;C:\Program Files (x86)\GtkSharp\2.12\bin;C:\Program Files (x86)\QuickTime\QTSystem\
USERNAME=Smo
OS=Windows_NT
PROCESSOR_IDENTIFIER=Intel64 Family 6 Model 94 Stepping 3, GenuineIntel



---------------  S Y S T E M  ---------------

OS: Windows 8.1 , 64 bit Build 9600 (6.3.9600.17056)

CPU:total 4 (4 cores per cpu, 1 threads per core) family 6 model 94 stepping 3, cmov, cx8, fxsr, mmx, sse, sse2, sse3, ssse3, sse4.1, sse4.2, popcnt, avx, avx2, aes, clmul, erms, 3dnowpref, lzcnt, tsc, tscinvbit, bmi1, bmi2, adx

Memory: 4k page, physical 8266404k(1178240k free), swap 8266404k(5344k free)

vm_info: Java HotSpot(TM) 64-Bit Server VM (25.92-b14) for windows-amd64 JRE (1.8.0_92-b14), built on Mar 31 2016 21:03:04 by "java_re" with MS VC++ 10.0 (VS2010)

time: Wed May 10 22:22:13 2017
elapsed time: 0 seconds (0d 0h 0m 0s)

