#
# There is insufficient memory for the Java Runtime Environment to continue.
# Native memory allocation (malloc) failed to allocate 34336 bytes for Chunk::new
# Possible reasons:
#   The system is out of physical RAM or swap space
#   In 32 bit mode, the process size limit was hit
# Possible solutions:
#   Reduce memory load on the system
#   Increase physical memory or swap space
#   Check if swap backing store is full
#   Use 64 bit Java on a 64 bit OS
#   Decrease Java heap size (-Xmx/-Xms)
#   Decrease number of Java threads
#   Decrease Java thread stack sizes (-Xss)
#   Set larger code cache with -XX:ReservedCodeCacheSize=
# This output file may be truncated or incomplete.
#
#  Out of Memory Error (allocation.cpp:390), pid=7608, tid=0x0000000000002298
#
# JRE version: Java(TM) SE Runtime Environment (8.0_92-b14) (build 1.8.0_92-b14)
# Java VM: Java HotSpot(TM) 64-Bit Server VM (25.92-b14 mixed mode windows-amd64 compressed oops)
# Failed to write core dump. Minidumps are not enabled by default on client versions of Windows
#

---------------  T H R E A D  ---------------

Current thread (0x00000000152de800):  JavaThread "C2 CompilerThread1" daemon [_thread_in_native, id=8856, stack(0x00000000169d0000,0x0000000016ad0000)]

Stack: [0x00000000169d0000,0x0000000016ad0000]
[error occurred during error reporting (printing stack bounds), id 0xc0000005]

Native frames: (J=compiled Java code, j=interpreted, Vv=VM code, C=native code)


Current CompileTask:
C2:   2036 1828       4       com.android.dx.rop.code.LocalVariableExtractor::processBlock (327 bytes)


---------------  P R O C E S S  ---------------

Java Threads: ( => current thread )
  0x0000000016ded000 JavaThread "pool-1-thread-4" [_thread_blocked, id=4512, stack(0x0000000017dd0000,0x0000000017ed0000)]
  0x0000000016dec000 JavaThread "pool-1-thread-3" [_thread_in_Java, id=7368, stack(0x0000000017cd0000,0x0000000017dd0000)]
  0x0000000016deb800 JavaThread "pool-1-thread-2" [_thread_in_Java, id=816, stack(0x0000000017bd0000,0x0000000017cd0000)]
  0x0000000016db6000 JavaThread "pool-2-thread-1" [_thread_blocked, id=8252, stack(0x0000000017ad0000,0x0000000017bd0000)]
  0x0000000016daf800 JavaThread "pool-1-thread-1" [_thread_blocked, id=5280, stack(0x00000000179d0000,0x0000000017ad0000)]
  0x0000000016adf000 JavaThread "Service Thread" daemon [_thread_blocked, id=8608, stack(0x0000000016fd0000,0x00000000170d0000)]
  0x0000000016ad8800 JavaThread "C1 CompilerThread2" daemon [_thread_in_native, id=8332, stack(0x0000000016ed0000,0x0000000016fd0000)]
=>0x00000000152de800 JavaThread "C2 CompilerThread1" daemon [_thread_in_native, id=8856, stack(0x00000000169d0000,0x0000000016ad0000)]
  0x000000001528d000 JavaThread "C2 CompilerThread0" daemon [_thread_in_native, id=9160, stack(0x00000000168d0000,0x00000000169d0000)]
  0x000000001528b000 JavaThread "Attach Listener" daemon [_thread_blocked, id=7420, stack(0x00000000167d0000,0x00000000168d0000)]
  0x000000001528a000 JavaThread "Signal Dispatcher" daemon [_thread_blocked, id=8472, stack(0x00000000166d0000,0x00000000167d0000)]
  0x0000000002bba800 JavaThread "Finalizer" daemon [_thread_blocked, id=7492, stack(0x00000000164f0000,0x00000000165f0000)]
  0x0000000015259000 JavaThread "Reference Handler" daemon [_thread_blocked, id=7744, stack(0x00000000163f0000,0x00000000164f0000)]
  0x0000000002ac0800 JavaThread "main" [_thread_blocked, id=9144, stack(0x00000000029c0000,0x0000000002ac0000)]

Other Threads:
  0x0000000015257800 VMThread [stack: 0x00000000162f0000,0x00000000163f0000] [id=8196]
  0x0000000016aeb000 WatcherThread [stack: 0x00000000170d0000,0x00000000171d0000] [id=8488]

VM state:not at safepoint (normal execution)

VM Mutex/Monitor currently owned by a thread: None

Heap:
 PSYoungGen      total 38400K, used 28665K [0x00000000eab00000, 0x00000000ed580000, 0x0000000100000000)
  eden space 33280K, 70% used [0x00000000eab00000,0x00000000ec201f38,0x00000000ecb80000)
  from space 5120K, 99% used [0x00000000ed080000,0x00000000ed57c608,0x00000000ed580000)
  to   space 5120K, 0% used [0x00000000ecb80000,0x00000000ecb80000,0x00000000ed080000)
 ParOldGen       total 87552K, used 13464K [0x00000000c0000000, 0x00000000c5580000, 0x00000000eab00000)
  object space 87552K, 15% used [0x00000000c0000000,0x00000000c0d261f0,0x00000000c5580000)
 Metaspace       used 6296K, capacity 7154K, committed 7296K, reserved 1056768K
  class space    used 605K, capacity 618K, committed 640K, reserved 1048576K

Card table byte_map: [0x0000000011f80000,0x0000000012190000] byte_map_base: 0x0000000011980000

Marking Bits: (ParMarkBitMap*) 0x00000000633064f0
 Begin Bits: [0x00000000126f0000, 0x00000000136f0000)
 End Bits:   [0x00000000136f0000, 0x00000000146f0000)

Polling page: 0x0000000001150000

CodeCache: size=245760Kb used=7097Kb max_used=7097Kb free=238662Kb
 bounds [0x0000000002bc0000, 0x00000000032c0000, 0x0000000011bc0000]
 total_blobs=2069 nmethods=1800 adapters=182
 compilation: enabled

Compilation events (10 events):
Event: 2.022 Thread 0x0000000016ad8800 nmethod 1835 0x00000000032aa0d0 code [0x00000000032aa240, 0x00000000032aa3a8]
Event: 2.022 Thread 0x0000000016ad8800 1836   !   2       java.util.zip.ZipFile::getInflater (56 bytes)
Event: 2.022 Thread 0x0000000016ad8800 nmethod 1836 0x00000000032a9350 code [0x00000000032a9500, 0x00000000032a9c78]
Event: 2.022 Thread 0x0000000016ad8800 1837       2       java.util.zip.InflaterInputStream::<init> (79 bytes)
Event: 2.023 Thread 0x0000000016ad8800 nmethod 1837 0x00000000032a8ad0 code [0x00000000032a8c60, 0x00000000032a9158]
Event: 2.026 Thread 0x0000000016ad8800 1839   !   2       java.util.zip.ZipFile::releaseInflater (41 bytes)
Event: 2.026 Thread 0x0000000016ad8800 nmethod 1839 0x00000000032a81d0 code [0x00000000032a8360, 0x00000000032a8878]
Event: 2.032 Thread 0x0000000016ad8800 1841 %     3       com.android.dx.ssa.SCCP::simulateBranch @ 615 (666 bytes)
Event: 2.034 Thread 0x0000000016ad8800 nmethod 1841% 0x00000000032adf10 code [0x00000000032ae3c0, 0x00000000032b1ff8]
Event: 2.034 Thread 0x0000000016ad8800 1842       3       com.android.dx.ssa.SCCP::simulateBranch (666 bytes)

GC Heap History (8 events):
Event: 0.572 GC heap before
{Heap before GC invocations=1 (full 0):
 PSYoungGen      total 38400K, used 33280K [0x00000000eab00000, 0x00000000ed580000, 0x0000000100000000)
  eden space 33280K, 100% used [0x00000000eab00000,0x00000000ecb80000,0x00000000ecb80000)
  from space 5120K, 0% used [0x00000000ed080000,0x00000000ed080000,0x00000000ed580000)
  to   space 5120K, 0% used [0x00000000ecb80000,0x00000000ecb80000,0x00000000ed080000)
 ParOldGen       total 87552K, used 0K [0x00000000c0000000, 0x00000000c5580000, 0x00000000eab00000)
  object space 87552K, 0% used [0x00000000c0000000,0x00000000c0000000,0x00000000c5580000)
 Metaspace       used 5922K, capacity 6832K, committed 7040K, reserved 1056768K
  class space    used 602K, capacity 616K, committed 640K, reserved 1048576K
Event: 0.596 GC heap after
Heap after GC invocations=1 (full 0):
 PSYoungGen      total 38400K, used 5101K [0x00000000eab00000, 0x00000000ed580000, 0x0000000100000000)
  eden space 33280K, 0% used [0x00000000eab00000,0x00000000eab00000,0x00000000ecb80000)
  from space 5120K, 99% used [0x00000000ecb80000,0x00000000ed07b498,0x00000000ed080000)
  to   space 5120K, 0% used [0x00000000ed080000,0x00000000ed080000,0x00000000ed580000)
 ParOldGen       total 87552K, used 601K [0x00000000c0000000, 0x00000000c5580000, 0x00000000eab00000)
  object space 87552K, 0% used [0x00000000c0000000,0x00000000c0096750,0x00000000c5580000)
 Metaspace       used 5922K, capacity 6832K, committed 7040K, reserved 1056768K
  class space    used 602K, capacity 616K, committed 640K, reserved 1048576K
}
Event: 0.802 GC heap before
{Heap before GC invocations=2 (full 0):
 PSYoungGen      total 38400K, used 38381K [0x00000000eab00000, 0x00000000ed580000, 0x0000000100000000)
  eden space 33280K, 100% used [0x00000000eab00000,0x00000000ecb80000,0x00000000ecb80000)
  from space 5120K, 99% used [0x00000000ecb80000,0x00000000ed07b498,0x00000000ed080000)
  to   space 5120K, 0% used [0x00000000ed080000,0x00000000ed080000,0x00000000ed580000)
 ParOldGen       total 87552K, used 601K [0x00000000c0000000, 0x00000000c5580000, 0x00000000eab00000)
  object space 87552K, 0% used [0x00000000c0000000,0x00000000c0096750,0x00000000c5580000)
 Metaspace       used 6105K, capacity 6962K, committed 7040K, reserved 1056768K
  class space    used 604K, capacity 618K, committed 640K, reserved 1048576K
Event: 0.832 GC heap after
Heap after GC invocations=2 (full 0):
 PSYoungGen      total 38400K, used 5103K [0x00000000eab00000, 0x00000000ed580000, 0x0000000100000000)
  eden space 33280K, 0% used [0x00000000eab00000,0x00000000eab00000,0x00000000ecb80000)
  from space 5120K, 99% used [0x00000000ed080000,0x00000000ed57be68,0x00000000ed580000)
  to   space 5120K, 0% used [0x00000000ecb80000,0x00000000ecb80000,0x00000000ed080000)
 ParOldGen       total 87552K, used 3983K [0x00000000c0000000, 0x00000000c5580000, 0x00000000eab00000)
  object space 87552K, 4% used [0x00000000c0000000,0x00000000c03e3de0,0x00000000c5580000)
 Metaspace       used 6105K, capacity 6962K, committed 7040K, reserved 1056768K
  class space    used 604K, capacity 618K, committed 640K, reserved 1048576K
}
Event: 1.527 GC heap before
{Heap before GC invocations=3 (full 0):
 PSYoungGen      total 38400K, used 38383K [0x00000000eab00000, 0x00000000ed580000, 0x0000000100000000)
  eden space 33280K, 100% used [0x00000000eab00000,0x00000000ecb80000,0x00000000ecb80000)
  from space 5120K, 99% used [0x00000000ed080000,0x00000000ed57be68,0x00000000ed580000)
  to   space 5120K, 0% used [0x00000000ecb80000,0x00000000ecb80000,0x00000000ed080000)
 ParOldGen       total 87552K, used 3983K [0x00000000c0000000, 0x00000000c5580000, 0x00000000eab00000)
  object space 87552K, 4% used [0x00000000c0000000,0x00000000c03e3de0,0x00000000c5580000)
 Metaspace       used 6162K, capacity 7026K, committed 7296K, reserved 1056768K
  class space    used 604K, capacity 618K, committed 640K, reserved 1048576K
Event: 1.710 GC heap after
Heap after GC invocations=3 (full 0):
 PSYoungGen      total 38400K, used 5102K [0x00000000eab00000, 0x00000000ed580000, 0x0000000100000000)
  eden space 33280K, 0% used [0x00000000eab00000,0x00000000eab00000,0x00000000ecb80000)
  from space 5120K, 99% used [0x00000000ecb80000,0x00000000ed07ba10,0x00000000ed080000)
  to   space 5120K, 0% used [0x00000000ed080000,0x00000000ed080000,0x00000000ed580000)
 ParOldGen       total 87552K, used 7743K [0x00000000c0000000, 0x00000000c5580000, 0x00000000eab00000)
  object space 87552K, 8% used [0x00000000c0000000,0x00000000c078fef8,0x00000000c5580000)
 Metaspace       used 6162K, capacity 7026K, committed 7296K, reserved 1056768K
  class space    used 604K, capacity 618K, committed 640K, reserved 1048576K
}
Event: 1.911 GC heap before
{Heap before GC invocations=4 (full 0):
 PSYoungGen      total 38400K, used 38382K [0x00000000eab00000, 0x00000000ed580000, 0x0000000100000000)
  eden space 33280K, 100% used [0x00000000eab00000,0x00000000ecb80000,0x00000000ecb80000)
  from space 5120K, 99% used [0x00000000ecb80000,0x00000000ed07ba10,0x00000000ed080000)
  to   space 5120K, 0% used [0x00000000ed080000,0x00000000ed080000,0x00000000ed580000)
 ParOldGen       total 87552K, used 7743K [0x00000000c0000000, 0x00000000c5580000, 0x00000000eab00000)
  object space 87552K, 8% used [0x00000000c0000000,0x00000000c078fef8,0x00000000c5580000)
 Metaspace       used 6279K, capacity 7154K, committed 7296K, reserved 1056768K
  class space    used 605K, capacity 618K, committed 640K, reserved 1048576K
Event: 1.963 GC heap after
Heap after GC invocations=4 (full 0):
 PSYoungGen      total 38400K, used 5105K [0x00000000eab00000, 0x00000000ed580000, 0x0000000100000000)
  eden space 33280K, 0% used [0x00000000eab00000,0x00000000eab00000,0x00000000ecb80000)
  from space 5120K, 99% used [0x00000000ed080000,0x00000000ed57c608,0x00000000ed580000)
  to   space 5120K, 0% used [0x00000000ecb80000,0x00000000ecb80000,0x00000000ed080000)
 ParOldGen       total 87552K, used 13464K [0x00000000c0000000, 0x00000000c5580000, 0x00000000eab00000)
  object space 87552K, 15% used [0x00000000c0000000,0x00000000c0d261f0,0x00000000c5580000)
 Metaspace       used 6279K, capacity 7154K, committed 7296K, reserved 1056768K
  class space    used 605K, capacity 618K, committed 640K, reserved 1048576K
}

Deoptimization events (10 events):
Event: 1.737 Thread 0x0000000016daf800 Uncommon trap: reason=bimorphic action=maybe_recompile pc=0x000000000300e3a0 method=java.util.HashMap.getNode(ILjava/lang/Object;)Ljava/util/HashMap$Node; @ 126
Event: 1.737 Thread 0x0000000016daf800 Uncommon trap: reason=class_check action=maybe_recompile pc=0x0000000003004904 method=java.util.HashMap.putVal(ILjava/lang/Object;Ljava/lang/Object;ZZ)Ljava/lang/Object; @ 203
Event: 1.737 Thread 0x0000000016daf800 Uncommon trap: reason=bimorphic action=maybe_recompile pc=0x000000000300e3a0 method=java.util.HashMap.getNode(ILjava/lang/Object;)Ljava/util/HashMap$Node; @ 126
Event: 1.737 Thread 0x0000000016daf800 Uncommon trap: reason=bimorphic action=maybe_recompile pc=0x000000000300e3a0 method=java.util.HashMap.getNode(ILjava/lang/Object;)Ljava/util/HashMap$Node; @ 126
Event: 1.737 Thread 0x0000000016daf800 Uncommon trap: reason=class_check action=maybe_recompile pc=0x000000000301f5c4 method=java.util.HashMap.putVal(ILjava/lang/Object;Ljava/lang/Object;ZZ)Ljava/lang/Object; @ 203
Event: 1.759 Thread 0x0000000016deb800 Uncommon trap: reason=unstable_if action=reinterpret pc=0x000000000315bf64 method=com.android.dx.ssa.SCCP.simulateBranch(Lcom/android/dx/ssa/SsaInsn;)V @ 64
Event: 1.759 Thread 0x0000000016deb800 Uncommon trap: reason=unstable_if action=reinterpret pc=0x0000000003187d78 method=com.android.dx.ssa.LiteralOpUpgrader$1.visitNonMoveInsn(Lcom/android/dx/ssa/NormalSsaInsn;)V @ 55
Event: 1.759 Thread 0x0000000016deb800 Uncommon trap: reason=unstable_if action=reinterpret pc=0x000000000301b9dc method=com.android.dx.ssa.SsaMethod.updateOneDefinition(Lcom/android/dx/ssa/SsaInsn;Lcom/android/dx/rop/code/RegisterSpec;)V @ 4
Event: 2.024 Thread 0x0000000016deb800 Uncommon trap: reason=bimorphic action=maybe_recompile pc=0x0000000003280478 method=com.android.dx.cf.code.BytecodeArray.parseInstruction(ILcom/android/dx/cf/code/BytecodeArray$Visitor;)I @ 1130
Event: 2.024 Thread 0x0000000016deb800 Uncommon trap: reason=bimorphic action=maybe_recompile pc=0x0000000003280478 method=com.android.dx.cf.code.BytecodeArray.parseInstruction(ILcom/android/dx/cf/code/BytecodeArray$Visitor;)I @ 1130

Internal exceptions (3 events):
Event: 0.149 Thread 0x0000000002ac0800 Exception <a 'java/lang/NoSuchMethodError': Method sun.misc.Unsafe.defineClass(Ljava/lang/String;[BII)Ljava/lang/Class; name or signature does not match> (0x00000000eab07cc0) thrown at [D:\re\workspace\8-2-build-windows-amd64-cygwin\jdk8u92\6642\hotspot\srm…Á5ýÃ?
Event: 0.149 Thread 0x0000000002ac0800 Exception <a 'java/lang/NoSuchMethodError': Method sun.misc.Unsafe.prefetchRead(Ljava/lang/Object;J)V name or signature does not match> (0x00000000eab07fa8) thrown at [D:\re\workspace\8-2-build-windows-amd64-cygwin\jdk8u92\6642\hotspot\src\share\vm\prims\jÙY{Æá?
Event: 0.555 Thread 0x0000000016deb800 Implicit null exception at 0x0000000002ed83e2 to 0x0000000002ed84e9

Events (10 events):
Event: 2.001 Thread 0x0000000016ded000 DEOPT PACKING pc=0x0000000003117805 sp=0x0000000017ececa0
Event: 2.001 Thread 0x0000000016ded000 DEOPT UNPACKING pc=0x0000000002c0787f sp=0x0000000017ece9d8 mode 0
Event: 2.024 Thread 0x0000000016deb800 Uncommon trap: trap_request=0xffffffc6 fr.pc=0x0000000003280478
Event: 2.024 Thread 0x0000000016deb800 DEOPT PACKING pc=0x0000000003280478 sp=0x0000000017cce5d0
Event: 2.024 Thread 0x0000000016deb800 DEOPT UNPACKING pc=0x0000000002c0582a sp=0x0000000017cce558 mode 2
Event: 2.024 Thread 0x0000000016deb800 Uncommon trap: trap_request=0xffffffc6 fr.pc=0x0000000003280478
Event: 2.024 Thread 0x0000000016deb800 DEOPT PACKING pc=0x0000000003280478 sp=0x0000000017cce430
Event: 2.024 Thread 0x0000000016deb800 DEOPT UNPACKING pc=0x0000000002c0582a sp=0x0000000017cce3b8 mode 2
Event: 2.035 Thread 0x0000000016dec000 DEOPT PACKING pc=0x00000000032317d2 sp=0x0000000017dce6b0
Event: 2.035 Thread 0x0000000016dec000 DEOPT UNPACKING pc=0x0000000002c0787f sp=0x0000000017dce470 mode 0


Dynamic libraries:
0x00007ff69a890000 - 0x00007ff69a8c7000 	C:\Program Files\Java\jdk1.8.0_92\bin\java.exe
0x00007fff758a0000 - 0x00007fff75a4a000 	C:\Windows\SYSTEM32\ntdll.dll
0x00007fff75760000 - 0x00007fff7589a000 	C:\Windows\system32\KERNEL32.DLL
0x00007fff72ce0000 - 0x00007fff72def000 	C:\Windows\system32\KERNELBASE.dll
0x00007fff71840000 - 0x00007fff718c8000 	C:\Windows\system32\apphelp.dll
0x00007fff4a870000 - 0x00007fff4a8bf000 	C:\Windows\AppPatch\AppPatch64\AcGenral.DLL
0x00007fff73500000 - 0x00007fff735a7000 	C:\Windows\system32\msvcrt.dll
0x00007fff72a50000 - 0x00007fff72a7b000 	C:\Windows\SYSTEM32\SspiCli.dll
0x00007fff73ad0000 - 0x00007fff73b21000 	C:\Windows\system32\SHLWAPI.dll
0x00007fff73320000 - 0x00007fff73491000 	C:\Windows\system32\USER32.dll
0x00007fff75440000 - 0x00007fff755b8000 	C:\Windows\system32\ole32.dll
0x00007fff74020000 - 0x00007fff75437000 	C:\Windows\system32\SHELL32.dll
0x00007fff72280000 - 0x00007fff7229e000 	C:\Windows\SYSTEM32\USERENV.dll
0x00007fff73b30000 - 0x00007fff73bd5000 	C:\Windows\system32\ADVAPI32.dll
0x00007fff6df80000 - 0x00007fff6df9b000 	C:\Windows\SYSTEM32\MPR.dll
0x00007fff73ec0000 - 0x00007fff73ff6000 	C:\Windows\system32\RPCRT4.dll
0x00007fff736c0000 - 0x00007fff73717000 	C:\Windows\SYSTEM32\sechost.dll
0x00007fff73c80000 - 0x00007fff73e56000 	C:\Windows\SYSTEM32\combase.dll
0x00007fff73860000 - 0x00007fff739a5000 	C:\Windows\system32\GDI32.dll
0x00007fff72c10000 - 0x00007fff72c24000 	C:\Windows\SYSTEM32\profapi.dll
0x00007fff71270000 - 0x00007fff7130f000 	C:\Windows\SYSTEM32\SHCORE.dll
0x00007fff739b0000 - 0x00007fff739e4000 	C:\Windows\system32\IMM32.DLL
0x00007fff73720000 - 0x00007fff73859000 	C:\Windows\system32\MSCTF.dll
0x00007fff709f0000 - 0x00007fff70c4a000 	C:\Windows\WinSxS\amd64_microsoft.windows.common-controls_6595b64144ccf1df_6.0.9600.17031_none_6242a4b3ecbb55a1\COMCTL32.dll
0x0000000062460000 - 0x0000000062532000 	C:\Program Files\Java\jdk1.8.0_92\jre\bin\msvcr100.dll
0x0000000062af0000 - 0x0000000063386000 	C:\Program Files\Java\jdk1.8.0_92\jre\bin\server\jvm.dll
0x00007fff69fa0000 - 0x00007fff69fa9000 	C:\Windows\SYSTEM32\WSOCK32.dll
0x00007fff699a0000 - 0x00007fff699bf000 	C:\Windows\SYSTEM32\WINMM.dll
0x00007fff70920000 - 0x00007fff7092a000 	C:\Windows\SYSTEM32\VERSION.dll
0x00007fff73130000 - 0x00007fff73137000 	C:\Windows\system32\PSAPI.DLL
0x00007fff73e60000 - 0x00007fff73eb8000 	C:\Windows\system32\WS2_32.dll
0x00007fff69970000 - 0x00007fff6999a000 	C:\Windows\SYSTEM32\WINMMBASE.dll
0x00007fff74010000 - 0x00007fff74019000 	C:\Windows\system32\NSI.dll
0x00007fff72df0000 - 0x00007fff72e3a000 	C:\Windows\SYSTEM32\cfgmgr32.dll
0x00007fff71a90000 - 0x00007fff71ab6000 	C:\Windows\SYSTEM32\DEVOBJ.dll
0x0000000063730000 - 0x000000006373f000 	C:\Program Files\Java\jdk1.8.0_92\jre\bin\verify.dll
0x0000000063700000 - 0x0000000063729000 	C:\Program Files\Java\jdk1.8.0_92\jre\bin\java.dll
0x00000000636e0000 - 0x00000000636f6000 	C:\Program Files\Java\jdk1.8.0_92\jre\bin\zip.dll

VM Arguments:
jvm_args: -Djava.awt.headless=true -Xmx1024M -Dfile.encoding=windows-1252 -Duser.country=US -Duser.language=en -Duser.variant 
java_command: com.android.dx.command.Main --dex --num-threads=4 --output C:\Zooket\app\build\intermediates\pre-dexed\debug\com.android.support-support-v4-23.4.0_f734d97fa04a2e05a1116d02dcc997e4eda30f5a.jar C:\Zooket\app\build\intermediates\exploded-aar\com.android.support\support-v4\23.4.0\jars\classes.jar
java_class_path (initial): C:\android-sdk-windows\build-tools\24.0.3\lib\dx.jar
Launcher Type: SUN_STANDARD

Environment Variables:
PATH=C:\ProgramData\Oracle\Java\javapath;C:\Windows\system32;C:\Windows;C:\Windows\System32\Wbem;C:\Windows\System32\WindowsPowerShell\v1.0\;C:\Program Files (x86)\NVIDIA Corporation\PhysX\Common;C:\Program Files (x86)\Windows Kits\8.1\Windows Performance Toolkit\;C:\Program Files\Microsoft SQL Server\110\Tools\Binn\;C:\Program Files\Microsoft SQL Server\110\DTS\Binn\;C:\Program Files (x86)\Microsoft SQL Server\110\Tools\Binn\;C:\Program Files (x86)\Microsoft SQL Server\110\Tools\Binn\ManagementStudio\;C:\Program Files (x86)\Microsoft Visual Studio 10.0\Common7\IDE\PrivateAssemblies\;C:\Program Files (x86)\Microsoft SQL Server\110\DTS\Binn\;C:\Program Files (x86)\GtkSharp\2.12\bin;C:\Program Files (x86)\QuickTime\QTSystem\
USERNAME=Smo
OS=Windows_NT
PROCESSOR_IDENTIFIER=Intel64 Family 6 Model 94 Stepping 3, GenuineIntel



---------------  S Y S T E M  ---------------

OS: Windows 8.1 , 64 bit Build 9600 (6.3.9600.17056)

CPU:total 4 (4 cores per cpu, 1 threads per core) family 6 model 94 stepping 3, cmov, cx8, fxsr, mmx, sse, sse2, sse3, ssse3, sse4.1, sse4.2, popcnt, avx, avx2, aes, clmul, erms, 3dnowpref, lzcnt, tsc, tscinvbit, bmi1, bmi2, adx

Memory: 4k page, physical 8266404k(983716k free), swap 8266404k(5768k free)

vm_info: Java HotSpot(TM) 64-Bit Server VM (25.92-b14) for windows-amd64 JRE (1.8.0_92-b14), built on Mar 31 2016 21:03:04 by "java_re" with MS VC++ 10.0 (VS2010)

time: Wed Jun 07 12:48:22 2017
elapsed time: 2 seconds (0d 0h 0m 2s)

