#
# There is insufficient memory for the Java Runtime Environment to continue.
# Native memory allocation (malloc) failed to allocate 32744 bytes for ChunkPool::allocate
# Possible reasons:
#   The system is out of physical RAM or swap space
#   In 32 bit mode, the process size limit was hit
# Possible solutions:
#   Reduce memory load on the system
#   Increase physical memory or swap space
#   Check if swap backing store is full
#   Use 64 bit Java on a 64 bit OS
#   Decrease Java heap size (-Xmx/-Xms)
#   Decrease number of Java threads
#   Decrease Java thread stack sizes (-Xss)
#   Set larger code cache with -XX:ReservedCodeCacheSize=
# This output file may be truncated or incomplete.
#
#  Out of Memory Error (allocation.cpp:273), pid=9232, tid=0x00000000000023f4
#
# JRE version: Java(TM) SE Runtime Environment (8.0_92-b14) (build 1.8.0_92-b14)
# Java VM: Java HotSpot(TM) 64-Bit Server VM (25.92-b14 mixed mode windows-amd64 compressed oops)
# Failed to write core dump. Minidumps are not enabled by default on client versions of Windows
#

---------------  T H R E A D  ---------------

Current thread (0x0000000016691000):  JavaThread "C1 CompilerThread2" daemon [_thread_in_native, id=9204, stack(0x0000000016a90000,0x0000000016b90000)]

Stack: [0x0000000016a90000,0x0000000016b90000]
[error occurred during error reporting (printing stack bounds), id 0xc0000005]

Native frames: (J=compiled Java code, j=interpreted, Vv=VM code, C=native code)


Current CompileTask:
C1:   1112  605   !   3      
[error occurred during error reporting (printing current compile task), id 0xe0000001]


---------------  P R O C E S S  ---------------

Java Threads: ( => current thread )
  0x00000000169b9800 JavaThread "pool-1-thread-4" [_thread_in_Java, id=9260, stack(0x0000000017190000,0x0000000017290000)]
  0x000000001695b000 JavaThread "pool-1-thread-3" [_thread_blocked, id=5024, stack(0x0000000017090000,0x0000000017190000)]
  0x0000000016916000 JavaThread "pool-1-thread-2" [_thread_blocked, id=10040, stack(0x0000000016f90000,0x0000000017090000)]
  0x0000000016913800 JavaThread "pool-2-thread-1" [_thread_blocked, id=9652, stack(0x0000000016e90000,0x0000000016f90000)]
  0x00000000169d3000 JavaThread "pool-1-thread-1" [_thread_blocked, id=9928, stack(0x0000000016d90000,0x0000000016e90000)]
  0x0000000016692800 JavaThread "Service Thread" daemon [_thread_blocked, id=9696, stack(0x0000000016b90000,0x0000000016c90000)]
=>0x0000000016691000 JavaThread "C1 CompilerThread2" daemon [_thread_in_native, id=9204, stack(0x0000000016a90000,0x0000000016b90000)]
  0x0000000014e31800 JavaThread "C2 CompilerThread1" daemon [_thread_in_native, id=3896, stack(0x0000000016590000,0x0000000016690000)]
  0x0000000014e2e000 JavaThread "C2 CompilerThread0" daemon [_thread_blocked, id=9824, stack(0x0000000016490000,0x0000000016590000)]
  0x0000000014e2c000 JavaThread "Attach Listener" daemon [_thread_blocked, id=9736, stack(0x0000000016390000,0x0000000016490000)]
  0x0000000014e2b000 JavaThread "Signal Dispatcher" daemon [_thread_blocked, id=7556, stack(0x0000000016290000,0x0000000016390000)]
  0x0000000014e1a800 JavaThread "Finalizer" daemon [_thread_blocked, id=9732, stack(0x00000000160b0000,0x00000000161b0000)]
  0x0000000002750800 JavaThread "Reference Handler" daemon [_thread_blocked, id=2912, stack(0x0000000015fb0000,0x00000000160b0000)]
  0x0000000002662800 JavaThread "main" [_thread_blocked, id=8944, stack(0x0000000002560000,0x0000000002660000)]

Other Threads:
  0x0000000014df8800 VMThread [stack: 0x0000000015eb0000,0x0000000015fb0000] [id=9144]
  0x0000000016695800 WatcherThread [stack: 0x0000000016c90000,0x0000000016d90000] [id=2320]

VM state:not at safepoint (normal execution)

VM Mutex/Monitor currently owned by a thread: None

Heap:
 PSYoungGen      total 38400K, used 15574K [0x00000000eab00000, 0x00000000ed580000, 0x0000000100000000)
  eden space 33280K, 46% used [0x00000000eab00000,0x00000000eba358b8,0x00000000ecb80000)
  from space 5120K, 0% used [0x00000000ed080000,0x00000000ed080000,0x00000000ed580000)
  to   space 5120K, 0% used [0x00000000ecb80000,0x00000000ecb80000,0x00000000ed080000)
 ParOldGen       total 87552K, used 0K [0x00000000c0000000, 0x00000000c5580000, 0x00000000eab00000)
  object space 87552K, 0% used [0x00000000c0000000,0x00000000c0000000,0x00000000c5580000)
 Metaspace       used 5548K, capacity 6514K, committed 6784K, reserved 1056768K
  class space    used 596K, capacity 618K, committed 640K, reserved 1048576K

Card table byte_map: [0x0000000011b20000,0x0000000011d30000] byte_map_base: 0x0000000011520000

Marking Bits: (ParMarkBitMap*) 0x0000000060c564f0
 Begin Bits: [0x0000000012290000, 0x0000000013290000)
 End Bits:   [0x0000000013290000, 0x0000000014290000)

Polling page: 0x0000000000e90000

CodeCache: size=245760Kb used=2355Kb max_used=2374Kb free=243404Kb
 bounds [0x0000000002760000, 0x00000000029d0000, 0x0000000011760000]
 total_blobs=871 nmethods=602 adapters=182
 compilation: enabled

Compilation events (10 events):
Event: 1.108 Thread 0x0000000014e31800  608       4       com.android.dx.util.MutabilityControl::<init> (10 bytes)
Event: 1.108 Thread 0x0000000014e31800 nmethod 608 0x00000000029b2dd0 code [0x00000000029b2f00, 0x00000000029b2f58]
Event: 1.109 Thread 0x0000000014e31800  613       4       com.android.dx.rop.code.InsnList::get (9 bytes)
Event: 1.109 Thread 0x0000000014e2e000 nmethod 592 0x00000000029afc10 code [0x00000000029afd40, 0x00000000029afdf8]
Event: 1.109 Thread 0x0000000014e31800 nmethod 613 0x00000000029af890 code [0x00000000029af9e0, 0x00000000029afad8]
Event: 1.109 Thread 0x0000000014e31800  615       4       java.lang.Long::bitCount (61 bytes)
Event: 1.110 Thread 0x0000000014e31800 nmethod 615 0x00000000029af650 code [0x00000000029af780, 0x00000000029af838]
Event: 1.110 Thread 0x0000000014e31800  618       4       java.util.BitSet::set (58 bytes)
Event: 1.111 Thread 0x0000000014e31800 nmethod 618 0x00000000029af210 code [0x00000000029af360, 0x00000000029af4e8]
Event: 1.111 Thread 0x0000000014e31800  620       4       com.android.dx.util.IntList::growIfNeeded (46 bytes)

GC Heap History (0 events):
No events

Deoptimization events (1 events):
Event: 1.099 Thread 0x00000000169b9800 Uncommon trap: reason=unstable_if action=reinterpret pc=0x00000000029a0348 method=java.util.HashMap.getNode(ILjava/lang/Object;)Ljava/util/HashMap$Node; @ 62

Internal exceptions (2 events):
Event: 0.629 Thread 0x0000000002662800 Exception <a 'java/lang/NoSuchMethodError': Method sun.misc.Unsafe.defineClass(Ljava/lang/String;[BII)Ljava/lang/Class; name or signature does not match> (0x00000000eab07cc0) thrown at [D:\re\workspace\8-2-build-windows-amd64-cygwin\jdk8u92\6642\hotspot\srƒp».!ä?
Event: 0.629 Thread 0x0000000002662800 Exception <a 'java/lang/NoSuchMethodError': Method sun.misc.Unsafe.prefetchRead(Ljava/lang/Object;J)V name or signature does not match> (0x00000000eab07fa8) thrown at [D:\re\workspace\8-2-build-windows-amd64-cygwin\jdk8u92\6642\hotspot\src\share\vm\prims\j

Events (10 events):
Event: 1.094 loading class java/util/TreeMap$EntryIterator done
Event: 1.097 loading class com/android/dx/cf/code/Ropper$ExceptionHandlerSetup
Event: 1.097 loading class com/android/dx/cf/code/Ropper$ExceptionHandlerSetup done
Event: 1.099 loading class java/util/HashMap$Values
Event: 1.099 loading class java/util/HashMap$Values done
Event: 1.099 loading class java/util/HashMap$ValueIterator
Event: 1.099 loading class java/util/HashMap$ValueIterator done
Event: 1.099 Thread 0x00000000169b9800 Uncommon trap: trap_request=0xffffff65 fr.pc=0x00000000029a0348
Event: 1.099 Thread 0x00000000169b9800 DEOPT PACKING pc=0x00000000029a0348 sp=0x000000001728e8c0
Event: 1.099 Thread 0x00000000169b9800 DEOPT UNPACKING pc=0x00000000027a582a sp=0x000000001728e838 mode 2


Dynamic libraries:
0x00007ff7b9a90000 - 0x00007ff7b9ac7000 	C:\Program Files\Java\jdk1.8.0_92\bin\java.exe
0x00007ff8c1da0000 - 0x00007ff8c1f4a000 	C:\Windows\SYSTEM32\ntdll.dll
0x00007ff8c1530000 - 0x00007ff8c166a000 	C:\Windows\system32\KERNEL32.DLL
0x00007ff8bf4c0000 - 0x00007ff8bf5cf000 	C:\Windows\system32\KERNELBASE.dll
0x00007ff8bdd40000 - 0x00007ff8bddc8000 	C:\Windows\system32\apphelp.dll
0x00007ff894ca0000 - 0x00007ff894cef000 	C:\Windows\AppPatch\AppPatch64\AcGenral.DLL
0x00007ff8c1ce0000 - 0x00007ff8c1d87000 	C:\Windows\system32\msvcrt.dll
0x00007ff8bef50000 - 0x00007ff8bef7b000 	C:\Windows\SYSTEM32\SspiCli.dll
0x00007ff8bf7c0000 - 0x00007ff8bf811000 	C:\Windows\system32\SHLWAPI.dll
0x00007ff8c1680000 - 0x00007ff8c17f1000 	C:\Windows\system32\USER32.dll
0x00007ff8c1800000 - 0x00007ff8c1978000 	C:\Windows\system32\ole32.dll
0x00007ff8bfdc0000 - 0x00007ff8c11d7000 	C:\Windows\system32\SHELL32.dll
0x00007ff8be780000 - 0x00007ff8be79e000 	C:\Windows\SYSTEM32\USERENV.dll
0x00007ff8c1380000 - 0x00007ff8c1425000 	C:\Windows\system32\ADVAPI32.dll
0x00007ff8ba5f0000 - 0x00007ff8ba60b000 	C:\Windows\SYSTEM32\MPR.dll
0x00007ff8bf620000 - 0x00007ff8bf756000 	C:\Windows\system32\RPCRT4.dll
0x00007ff8bfa70000 - 0x00007ff8bfac7000 	C:\Windows\SYSTEM32\sechost.dll
0x00007ff8c1b00000 - 0x00007ff8c1cd6000 	C:\Windows\SYSTEM32\combase.dll
0x00007ff8bfc70000 - 0x00007ff8bfdb5000 	C:\Windows\system32\GDI32.dll
0x00007ff8bf110000 - 0x00007ff8bf124000 	C:\Windows\SYSTEM32\profapi.dll
0x00007ff8bd770000 - 0x00007ff8bd80f000 	C:\Windows\SYSTEM32\SHCORE.dll
0x00007ff8c1430000 - 0x00007ff8c1464000 	C:\Windows\system32\IMM32.DLL
0x00007ff8c11e0000 - 0x00007ff8c1319000 	C:\Windows\system32\MSCTF.dll
0x00007ff8bcef0000 - 0x00007ff8bd14a000 	C:\Windows\WinSxS\amd64_microsoft.windows.common-controls_6595b64144ccf1df_6.0.9600.17031_none_6242a4b3ecbb55a1\COMCTL32.dll
0x000000005fcc0000 - 0x000000005fd92000 	C:\Program Files\Java\jdk1.8.0_92\jre\bin\msvcr100.dll
0x0000000060440000 - 0x0000000060cd6000 	C:\Program Files\Java\jdk1.8.0_92\jre\bin\server\jvm.dll
0x00007ff8b8990000 - 0x00007ff8b8999000 	C:\Windows\SYSTEM32\WSOCK32.dll
0x00007ff8baf20000 - 0x00007ff8baf3f000 	C:\Windows\SYSTEM32\WINMM.dll
0x00007ff8bce20000 - 0x00007ff8bce2a000 	C:\Windows\SYSTEM32\VERSION.dll
0x00007ff8c1670000 - 0x00007ff8c1677000 	C:\Windows\system32\PSAPI.DLL
0x00007ff8c1320000 - 0x00007ff8c1378000 	C:\Windows\system32\WS2_32.dll
0x00007ff8ba790000 - 0x00007ff8ba7ba000 	C:\Windows\SYSTEM32\WINMMBASE.dll
0x00007ff8bf820000 - 0x00007ff8bf829000 	C:\Windows\system32\NSI.dll
0x00007ff8bf1e0000 - 0x00007ff8bf22a000 	C:\Windows\SYSTEM32\cfgmgr32.dll
0x00007ff8bdf90000 - 0x00007ff8bdfb6000 	C:\Windows\SYSTEM32\DEVOBJ.dll
0x0000000060f50000 - 0x0000000060f5f000 	C:\Program Files\Java\jdk1.8.0_92\jre\bin\verify.dll
0x0000000060410000 - 0x0000000060439000 	C:\Program Files\Java\jdk1.8.0_92\jre\bin\java.dll
0x00000000603f0000 - 0x0000000060406000 	C:\Program Files\Java\jdk1.8.0_92\jre\bin\zip.dll

VM Arguments:
jvm_args: -Djava.awt.headless=true -Xmx1024M -Dfile.encoding=windows-1252 -Duser.country=US -Duser.language=en -Duser.variant 
java_command: com.android.dx.command.Main --dex --force-jumbo --num-threads=4 --output C:\Zooket\app\build\intermediates\pre-dexed\debug\okhttp-3.5.0_e91d8159a3d7db8ced802dc3bb030e67d837299d.jar C:\Users\Smo\.gradle\caches\modules-2\files-2.1\com.squareup.okhttp3\okhttp\3.5.0\4b0bb6bfbecbdd42b97ff400af342bfe7f32bc83\okhttp-3.5.0.jar
java_class_path (initial): C:\android-sdk-windows\build-tools\24.0.3\lib\dx.jar
Launcher Type: SUN_STANDARD

Environment Variables:
PATH=C:\ProgramData\Oracle\Java\javapath;C:\Windows\system32;C:\Windows;C:\Windows\System32\Wbem;C:\Windows\System32\WindowsPowerShell\v1.0\;C:\Program Files (x86)\NVIDIA Corporation\PhysX\Common;C:\Program Files (x86)\Windows Kits\8.1\Windows Performance Toolkit\;C:\Program Files\Microsoft SQL Server\110\Tools\Binn\;C:\Program Files\Microsoft SQL Server\110\DTS\Binn\;C:\Program Files (x86)\Microsoft SQL Server\110\Tools\Binn\;C:\Program Files (x86)\Microsoft SQL Server\110\Tools\Binn\ManagementStudio\;C:\Program Files (x86)\Microsoft Visual Studio 10.0\Common7\IDE\PrivateAssemblies\;C:\Program Files (x86)\Microsoft SQL Server\110\DTS\Binn\;C:\Program Files (x86)\GtkSharp\2.12\bin;C:\Program Files (x86)\QuickTime\QTSystem\
USERNAME=Smo
OS=Windows_NT
PROCESSOR_IDENTIFIER=Intel64 Family 6 Model 94 Stepping 3, GenuineIntel



---------------  S Y S T E M  ---------------

OS: Windows 8.1 , 64 bit Build 9600 (6.3.9600.17056)

CPU:total 4 (4 cores per cpu, 1 threads per core) family 6 model 94 stepping 3, cmov, cx8, fxsr, mmx, sse, sse2, sse3, ssse3, sse4.1, sse4.2, popcnt, avx, avx2, aes, clmul, erms, 3dnowpref, lzcnt, tsc, tscinvbit, bmi1, bmi2, adx

Memory: 4k page, physical 8266404k(1475872k free), swap 8266404k(5116k free)

vm_info: Java HotSpot(TM) 64-Bit Server VM (25.92-b14) for windows-amd64 JRE (1.8.0_92-b14), built on Mar 31 2016 21:03:04 by "java_re" with MS VC++ 10.0 (VS2010)

time: Tue May 09 14:57:05 2017
elapsed time: 1 seconds (0d 0h 0m 1s)

