#
# A fatal error has been detected by the Java Runtime Environment:
#
#  EXCEPTION_STACK_OVERFLOW (0xc00000fd) at pc=0x00000000680b2a37, pid=7400, tid=0x0000000000001f80
#
# JRE version: Java(TM) SE Runtime Environment (8.0_92-b14) (build 1.8.0_92-b14)
# Java VM: Java HotSpot(TM) 64-Bit Server VM (25.92-b14 mixed mode windows-amd64 compressed oops)
# Problematic frame:
# V  [jvm.dll+0x212a37]
#
# Failed to write core dump. Minidumps are not enabled by default on client versions of Windows
#
# If you would like to submit a bug report, please visit:
#   http://bugreport.java.com/bugreport/crash.jsp
#

---------------  T H R E A D  ---------------

Current thread (0x00000000165e4800):  JavaThread "pool-1-thread-1" [_thread_in_vm, id=8064, stack(0x0000000016b60000,0x0000000016c60000)]

siginfo: ExceptionCode=0xc00000fd, ExceptionInformation=0x0000000000000001 0x0000000016c5b3b0 

Registers:
RAX=0x0000000016c5b3b0, RBX=0x0000000000000005, RCX=0x0000000000004000, RDX=0x0000000000000006
RSP=0x0000000016c5f3b0, RBP=0x0000000000000000, RSI=0x0000000016c5f3b0, RDI=0x0000000000000005
R8 =0x0000000000000006, R9 =0x00000000167e66b0, R10=0x00000000142bd400, R11=0x0000000016b6a148
R12=0x00000000167e66b0, R13=0x00000000165e4800, R14=0x0000000016c5f478, R15=0x00000000142bd400
RIP=0x00000000680b2a37, EFLAGS=0x0000000000010202

Top of Stack: (sp=0x0000000016c5f3b0)
0x0000000016c5f3b0:   00000000170ce810 00000000678a4e7e
0x0000000016c5f3c0:   00000000165e4800 00000000167e66b0
0x0000000016c5f3d0:   00000000ffffffff 00000000680b3967
0x0000000016c5f3e0:   0000000016c5f4e0 00000000142bd400
0x0000000016c5f3f0:   00000000165e4800 0000000067f5fd93
0x0000000016c5f400:   0000000016c5f440 00000000165e4800
0x0000000016c5f410:   0000000016c5f4d0 00000000165e4800
0x0000000016c5f420:   00000000142bd400 00000000165e4800
0x0000000016c5f430:   0000000002573200 00000000165e4800
0x0000000016c5f440:   00000000142bd400 00000000165e4800
0x0000000016c5f450:   00000000142bd400 00000000165e4800
0x0000000016c5f460:   0000000000000001 00000000142bd400
0x0000000016c5f470:   00000000165e4800 0000000016472b60
0x0000000016c5f480:   00000000165e4800 0000000067f6127d
0x0000000016c5f490:   0000000016c5f798 00000001000069a0
0x0000000016c5f4a0:   00000001000069a0 00007ffef950109c 

Instructions: (pc=0x00000000680b2a37)
0x00000000680b2a17:   48 89 6c 24 30 33 ed 66 90 e8 cb 38 08 00 ff c3
0x00000000680b2a27:   48 63 c8 48 8b c6 48 0f af cf 48 ff c7 48 2b c1
0x00000000680b2a37:   89 28 48 63 c3 48 3b 05 7d dc 58 00 7e db 48 8b
0x00000000680b2a47:   6c 24 30 48 8b 5c 24 38 48 8b 74 24 40 48 83 c4 


Register to memory mapping:

RAX=0x0000000016c5b3b0 is pointing into the stack for thread: 0x00000000165e4800
RBX=0x0000000000000005 is an unknown value
RCX=0x0000000000004000 is an unknown value
RDX=0x0000000000000006 is an unknown value
RSP=0x0000000016c5f3b0 is pointing into the stack for thread: 0x00000000165e4800
RBP=0x0000000000000000 is an unknown value
RSI=0x0000000016c5f3b0 is pointing into the stack for thread: 0x00000000165e4800
RDI=0x0000000000000005 is an unknown value
R8 =0x0000000000000006 is an unknown value
R9 =0x00000000167e66b0 is an unknown value
R10={method} {0x00000000142bd408} 'run' '()V' in 'java/lang/Thread'
R11=0x0000000016b6a148 is pointing into the stack for thread: 0x00000000165e4800
R12=0x00000000167e66b0 is an unknown value
R13=0x00000000165e4800 is a thread
R14=0x0000000016c5f478 is pointing into the stack for thread: 0x00000000165e4800
R15={method} {0x00000000142bd408} 'run' '()V' in 'java/lang/Thread'


Stack: [0x0000000016b60000,0x0000000016c60000],  sp=0x0000000016c5f3b0,  free space=1020k
Native frames: (J=compiled Java code, j=interpreted, Vv=VM code, C=native code)


---------------  P R O C E S S  ---------------

Java Threads: ( => current thread )
=>0x00000000165e4800 JavaThread "pool-1-thread-1" [_thread_in_vm, id=8064, stack(0x0000000016b60000,0x0000000016c60000)]
  0x0000000016466800 JavaThread "Service Thread" daemon [_thread_blocked, id=6500, stack(0x0000000016960000,0x0000000016a60000)]
  0x0000000016461000 JavaThread "C1 CompilerThread2" daemon [_thread_blocked, id=860, stack(0x0000000016860000,0x0000000016960000)]
  0x0000000014c87800 JavaThread "C2 CompilerThread1" daemon [_thread_blocked, id=7352, stack(0x0000000016360000,0x0000000016460000)]
  0x0000000014c2e000 JavaThread "C2 CompilerThread0" daemon [_thread_blocked, id=1776, stack(0x0000000016260000,0x0000000016360000)]
  0x0000000014c2c000 JavaThread "Attach Listener" daemon [_thread_blocked, id=2320, stack(0x0000000016160000,0x0000000016260000)]
  0x0000000014c2b000 JavaThread "Signal Dispatcher" daemon [_thread_blocked, id=5572, stack(0x0000000016060000,0x0000000016160000)]
  0x0000000014c1a800 JavaThread "Finalizer" daemon [_thread_blocked, id=4476, stack(0x0000000015e80000,0x0000000015f80000)]
  0x0000000002550800 JavaThread "Reference Handler" daemon [_thread_blocked, id=7696, stack(0x0000000015d80000,0x0000000015e80000)]
  0x0000000002462800 JavaThread "main" [_thread_blocked, id=4636, stack(0x00000000022a0000,0x00000000023a0000)]

Other Threads:
  0x0000000014bf8800 VMThread [stack: 0x0000000015c80000,0x0000000015d80000] [id=6052]
  0x0000000016471800 WatcherThread [stack: 0x0000000016a60000,0x0000000016b60000] [id=5244]

VM state:synchronizing (normal execution)

VM Mutex/Monitor currently owned by a thread:  ([mutex/lock_event])
[0x00000000023acb50] Threads_lock - owner thread: 0x0000000014bf8800

Heap:
 PSYoungGen      total 38400K, used 33508K [0x00000000eab00000, 0x00000000ef600000, 0x0000000100000000)
  eden space 33280K, 85% used [0x00000000eab00000,0x00000000ec6bf5c8,0x00000000ecb80000)
  from space 5120K, 99% used [0x00000000ecb80000,0x00000000ed079c98,0x00000000ed080000)
  to   space 5120K, 0% used [0x00000000ef100000,0x00000000ef100000,0x00000000ef600000)
 ParOldGen       total 87552K, used 1639K [0x00000000c0000000, 0x00000000c5580000, 0x00000000eab00000)
  object space 87552K, 1% used [0x00000000c0000000,0x00000000c0199c18,0x00000000c5580000)
 Metaspace       used 6133K, capacity 7030K, committed 7296K, reserved 1056768K
  class space    used 605K, capacity 622K, committed 640K, reserved 1048576K

Card table byte_map: [0x0000000011920000,0x0000000011b30000] byte_map_base: 0x0000000011320000

Marking Bits: (ParMarkBitMap*) 0x00000000686b64f0
 Begin Bits: [0x0000000012090000, 0x0000000013090000)
 End Bits:   [0x0000000013090000, 0x0000000014090000)

Polling page: 0x00000000009b0000

CodeCache: size=245760Kb used=6379Kb max_used=6408Kb free=239380Kb
 bounds [0x0000000002560000, 0x0000000002bb0000, 0x0000000011560000]
 total_blobs=1763 nmethods=1494 adapters=182
 compilation: enabled

Compilation events (10 events):
Event: 1.224 Thread 0x0000000014c2e000 nmethod 1496 0x0000000002b93950 code [0x0000000002b93b60, 0x0000000002b94ac8]
Event: 1.224 Thread 0x0000000014c2e000 1498       4       com.android.dx.ssa.Dominators::compress (229 bytes)
Event: 1.238 Thread 0x0000000014c2e000 nmethod 1498 0x0000000002b96110 code [0x0000000002b962c0, 0x0000000002b96bc8]
Event: 1.238 Thread 0x0000000014c2e000 1493       4       java.util.ArrayList::removeRange (75 bytes)
Event: 1.239 Thread 0x0000000014c2e000 nmethod 1493 0x0000000002b745d0 code [0x0000000002b74720, 0x0000000002b74898]
Event: 1.239 Thread 0x0000000014c2e000 1495       4       com.android.dx.rop.code.ThrowingCstInsn::withNewRegisters (25 bytes)
Event: 1.241 Thread 0x0000000014c2e000 nmethod 1495 0x0000000002b73f50 code [0x0000000002b740a0, 0x0000000002b742d8]
Event: 1.241 Thread 0x0000000014c2e000 1494       4       com.android.dx.ssa.SsaBasicBlock::scheduleMovesFromPhis (108 bytes)
Event: 1.242 Thread 0x0000000014c2e000 nmethod 1494 0x0000000002b7f350 code [0x0000000002b7f480, 0x0000000002b7f538]
Event: 1.319 Thread 0x0000000014c87800 nmethod 1491 0x0000000002b9d6d0 code [0x0000000002b9db00, 0x0000000002ba1da8]

GC Heap History (2 events):
Event: 0.795 GC heap before
{Heap before GC invocations=1 (full 0):
 PSYoungGen      total 38400K, used 33280K [0x00000000eab00000, 0x00000000ed580000, 0x0000000100000000)
  eden space 33280K, 100% used [0x00000000eab00000,0x00000000ecb80000,0x00000000ecb80000)
  from space 5120K, 0% used [0x00000000ed080000,0x00000000ed080000,0x00000000ed580000)
  to   space 5120K, 0% used [0x00000000ecb80000,0x00000000ecb80000,0x00000000ed080000)
 ParOldGen       total 87552K, used 0K [0x00000000c0000000, 0x00000000c5580000, 0x00000000eab00000)
  object space 87552K, 0% used [0x00000000c0000000,0x00000000c0000000,0x00000000c5580000)
 Metaspace       used 6024K, capacity 6964K, committed 7040K, reserved 1056768K
  class space    used 601K, capacity 620K, committed 640K, reserved 1048576K
Event: 0.907 GC heap after
Heap after GC invocations=1 (full 0):
 PSYoungGen      total 38400K, used 5095K [0x00000000eab00000, 0x00000000ef600000, 0x0000000100000000)
  eden space 33280K, 0% used [0x00000000eab00000,0x00000000eab00000,0x00000000ecb80000)
  from space 5120K, 99% used [0x00000000ecb80000,0x00000000ed079c98,0x00000000ed080000)
  to   space 5120K, 0% used [0x00000000ef100000,0x00000000ef100000,0x00000000ef600000)
 ParOldGen       total 87552K, used 1639K [0x00000000c0000000, 0x00000000c5580000, 0x00000000eab00000)
  object space 87552K, 1% used [0x00000000c0000000,0x00000000c0199c18,0x00000000c5580000)
 Metaspace       used 6024K, capacity 6964K, committed 7040K, reserved 1056768K
  class space    used 601K, capacity 620K, committed 640K, reserved 1048576K
}

Deoptimization events (10 events):
Event: 0.540 Thread 0x00000000165ea000 Uncommon trap: reason=class_check action=maybe_recompile pc=0x00000000027ac930 method=com.android.dx.ssa.NormalSsaInsn.accept(Lcom/android/dx/ssa/SsaInsn$Visitor;)V @ 9
Event: 0.540 Thread 0x00000000165ea000 Uncommon trap: reason=class_check action=maybe_recompile pc=0x00000000027ac930 method=com.android.dx.ssa.NormalSsaInsn.accept(Lcom/android/dx/ssa/SsaInsn$Visitor;)V @ 9
Event: 0.540 Thread 0x00000000165ea000 Uncommon trap: reason=class_check action=maybe_recompile pc=0x00000000027ac930 method=com.android.dx.ssa.NormalSsaInsn.accept(Lcom/android/dx/ssa/SsaInsn$Visitor;)V @ 9
Event: 0.542 Thread 0x00000000165ec800 Uncommon trap: reason=class_check action=maybe_recompile pc=0x0000000002897828 method=com.android.dx.ssa.NormalSsaInsn.accept(Lcom/android/dx/ssa/SsaInsn$Visitor;)V @ 9
Event: 1.067 Thread 0x00000000165ea000 Uncommon trap: reason=unstable_if action=reinterpret pc=0x0000000002a77fdc method=com.android.dx.ssa.SCCP.simulateStmt(Lcom/android/dx/ssa/SsaInsn;)V @ 53
Event: 1.093 Thread 0x00000000165e4800 Uncommon trap: reason=bimorphic action=maybe_recompile pc=0x0000000002af7b34 method=com.android.dx.cf.code.BytecodeArray.parseInstruction(ILcom/android/dx/cf/code/BytecodeArray$Visitor;)I @ 1161
Event: 1.093 Thread 0x00000000165e4800 Uncommon trap: reason=bimorphic action=maybe_recompile pc=0x0000000002af7b34 method=com.android.dx.cf.code.BytecodeArray.parseInstruction(ILcom/android/dx/cf/code/BytecodeArray$Visitor;)I @ 1161
Event: 1.094 Thread 0x00000000165e4800 Uncommon trap: reason=bimorphic action=maybe_recompile pc=0x0000000002af7a9c method=com.android.dx.cf.code.BytecodeArray.parseInstruction(ILcom/android/dx/cf/code/BytecodeArray$Visitor;)I @ 1130
Event: 1.094 Thread 0x00000000165e4800 Uncommon trap: reason=bimorphic action=maybe_recompile pc=0x0000000002af7a9c method=com.android.dx.cf.code.BytecodeArray.parseInstruction(ILcom/android/dx/cf/code/BytecodeArray$Visitor;)I @ 1130
Event: 1.094 Thread 0x00000000165e4800 Uncommon trap: reason=bimorphic action=maybe_recompile pc=0x000000000279bf58 method=java.util.HashMap.getNode(ILjava/lang/Object;)Ljava/util/HashMap$Node; @ 126

Internal exceptions (3 events):
Event: 0.034 Thread 0x0000000002462800 Exception <a 'java/lang/NoSuchMethodError': Method sun.misc.Unsafe.defineClass(Ljava/lang/String;[BII)Ljava/lang/Class; name or signature does not match> (0x00000000eab07cc0) thrown at [D:\re\workspace\8-2-build-windows-amd64-cygwin\jdk8u92\6642\hotspot\srjÑë|êD¡?
Event: 0.034 Thread 0x0000000002462800 Exception <a 'java/lang/NoSuchMethodError': Method sun.misc.Unsafe.prefetchRead(Ljava/lang/Object;J)V name or signature does not match> (0x00000000eab07fa8) thrown at [D:\re\workspace\8-2-build-windows-amd64-cygwin\jdk8u92\6642\hotspot\src\share\vm\prims\jn×&5‹Ý?
Event: 0.462 Thread 0x00000000165ea000 Implicit null exception at 0x0000000002835cf3 to 0x0000000002837665

Events (10 events):
Event: 1.094 Thread 0x00000000165e4800 DEOPT PACKING pc=0x0000000002af7a9c sp=0x0000000016c5e430
Event: 1.094 Thread 0x00000000165e4800 DEOPT UNPACKING pc=0x00000000025a582a sp=0x0000000016c5e3b8 mode 2
Event: 1.094 Thread 0x00000000165e4800 Uncommon trap: trap_request=0xffffffc6 fr.pc=0x000000000279bf58
Event: 1.094 Thread 0x00000000165e4800 DEOPT PACKING pc=0x000000000279bf58 sp=0x0000000016c5e690
Event: 1.094 Thread 0x00000000165e4800 DEOPT UNPACKING pc=0x00000000025a582a sp=0x0000000016c5e598 mode 2
Event: 1.207 Thread 0x00000000165e7000 Thread exited: 0x00000000165e7000
Event: 1.208 Thread 0x00000000165e4800 Thread exited: 0x00000000165e4800
Event: 1.208 loading class com/android/dx/command/dexer/Main$DexWriter
Event: 1.208 loading class com/android/dx/command/dexer/Main$DexWriter done
Event: 1.208 Thread 0x00000000165e4800 Thread added: 0x00000000165e4800


Dynamic libraries:
0x00007ff725170000 - 0x00007ff7251a7000 	C:\Program Files\Java\jdk1.8.0_92\bin\java.exe
0x00007ffef9f10000 - 0x00007ffefa0ba000 	C:\Windows\SYSTEM32\ntdll.dll
0x00007ffef9b80000 - 0x00007ffef9cba000 	C:\Windows\system32\KERNEL32.DLL
0x00007ffef74a0000 - 0x00007ffef75af000 	C:\Windows\system32\KERNELBASE.dll
0x00007ffef5eb0000 - 0x00007ffef5f38000 	C:\Windows\system32\apphelp.dll
0x00007ffed1e60000 - 0x00007ffed1eaf000 	C:\Windows\AppPatch\AppPatch64\AcGenral.DLL
0x00007ffef9cc0000 - 0x00007ffef9d67000 	C:\Windows\system32\msvcrt.dll
0x00007ffef70c0000 - 0x00007ffef70eb000 	C:\Windows\SYSTEM32\SspiCli.dll
0x00007ffef9320000 - 0x00007ffef9371000 	C:\Windows\system32\SHLWAPI.dll
0x00007ffef9380000 - 0x00007ffef94f1000 	C:\Windows\system32\USER32.dll
0x00007ffef7790000 - 0x00007ffef7908000 	C:\Windows\system32\ole32.dll
0x00007ffef7c70000 - 0x00007ffef9087000 	C:\Windows\system32\SHELL32.dll
0x00007ffef68f0000 - 0x00007ffef690e000 	C:\Windows\SYSTEM32\USERENV.dll
0x00007ffef9090000 - 0x00007ffef9135000 	C:\Windows\system32\ADVAPI32.dll
0x00007ffef22f0000 - 0x00007ffef230b000 	C:\Windows\SYSTEM32\MPR.dll
0x00007ffef79d0000 - 0x00007ffef7b06000 	C:\Windows\system32\RPCRT4.dll
0x00007ffef7c10000 - 0x00007ffef7c67000 	C:\Windows\SYSTEM32\sechost.dll
0x00007ffef9140000 - 0x00007ffef9316000 	C:\Windows\SYSTEM32\combase.dll
0x00007ffef9560000 - 0x00007ffef96a5000 	C:\Windows\system32\GDI32.dll
0x00007ffef7280000 - 0x00007ffef7294000 	C:\Windows\SYSTEM32\profapi.dll
0x00007ffef58e0000 - 0x00007ffef597f000 	C:\Windows\SYSTEM32\SHCORE.dll
0x00007ffef9b40000 - 0x00007ffef9b74000 	C:\Windows\system32\IMM32.DLL
0x00007ffef96b0000 - 0x00007ffef97e9000 	C:\Windows\system32\MSCTF.dll
0x00007ffef4fd0000 - 0x00007ffef522a000 	C:\Windows\WinSxS\amd64_microsoft.windows.common-controls_6595b64144ccf1df_6.0.9600.17031_none_6242a4b3ecbb55a1\COMCTL32.dll
0x0000000067850000 - 0x0000000067922000 	C:\Program Files\Java\jdk1.8.0_92\jre\bin\msvcr100.dll
0x0000000067ea0000 - 0x0000000068736000 	C:\Program Files\Java\jdk1.8.0_92\jre\bin\server\jvm.dll
0x00007ffef0d00000 - 0x00007ffef0d09000 	C:\Windows\SYSTEM32\WSOCK32.dll
0x00007ffeeedc0000 - 0x00007ffeeeddf000 	C:\Windows\SYSTEM32\WINMM.dll
0x00007ffef4f90000 - 0x00007ffef4f9a000 	C:\Windows\SYSTEM32\VERSION.dll
0x00007ffef7b10000 - 0x00007ffef7b17000 	C:\Windows\system32\PSAPI.DLL
0x00007ffef9500000 - 0x00007ffef9558000 	C:\Windows\system32\WS2_32.dll
0x00007ffee99a0000 - 0x00007ffee99ca000 	C:\Windows\SYSTEM32\WINMMBASE.dll
0x00007ffef9b30000 - 0x00007ffef9b39000 	C:\Windows\system32\NSI.dll
0x00007ffef7350000 - 0x00007ffef739a000 	C:\Windows\SYSTEM32\cfgmgr32.dll
0x00007ffef6100000 - 0x00007ffef6126000 	C:\Windows\SYSTEM32\DEVOBJ.dll
0x0000000069210000 - 0x000000006921f000 	C:\Program Files\Java\jdk1.8.0_92\jre\bin\verify.dll
0x00000000691e0000 - 0x0000000069209000 	C:\Program Files\Java\jdk1.8.0_92\jre\bin\java.dll
0x0000000069190000 - 0x00000000691a6000 	C:\Program Files\Java\jdk1.8.0_92\jre\bin\zip.dll
0x00007ffef0050000 - 0x00007ffef01d8000 	C:\Windows\SYSTEM32\dbghelp.dll

VM Arguments:
jvm_args: -Djava.awt.headless=true -Xmx1024M -Dfile.encoding=windows-1252 -Duser.country=US -Duser.language=en -Duser.variant 
java_command: com.android.dx.command.Main --dex --force-jumbo --num-threads=4 --multi-dex --output C:\Zooket\app\build\intermediates\transforms\dex\debug\folders\1000\10\picasso-2.4.0_1b9a84b48d980083b8979ce90a1fce5c2608e663 C:\Users\Smo\.gradle\caches\modules-2\files-2.1\com.squareup.picasso\picasso\2.4.0\f36d2d4e3a36b3259aaf9d004d29b4cdc6c1bfb2\picasso-2.4.0.jar
java_class_path (initial): C:\android-sdk-windows\build-tools\24.0.3\lib\dx.jar
Launcher Type: SUN_STANDARD

Environment Variables:
PATH=C:\ProgramData\Oracle\Java\javapath;C:\Windows\system32;C:\Windows;C:\Windows\System32\Wbem;C:\Windows\System32\WindowsPowerShell\v1.0\;C:\Program Files (x86)\NVIDIA Corporation\PhysX\Common;C:\Program Files (x86)\Windows Kits\8.1\Windows Performance Toolkit\;C:\Program Files\Microsoft SQL Server\110\Tools\Binn\;C:\Program Files\Microsoft SQL Server\110\DTS\Binn\;C:\Program Files (x86)\Microsoft SQL Server\110\Tools\Binn\;C:\Program Files (x86)\Microsoft SQL Server\110\Tools\Binn\ManagementStudio\;C:\Program Files (x86)\Microsoft Visual Studio 10.0\Common7\IDE\PrivateAssemblies\;C:\Program Files (x86)\Microsoft SQL Server\110\DTS\Binn\;C:\Program Files (x86)\GtkSharp\2.12\bin;C:\Program Files (x86)\QuickTime\QTSystem\
USERNAME=Smo
OS=Windows_NT
PROCESSOR_IDENTIFIER=Intel64 Family 6 Model 94 Stepping 3, GenuineIntel



---------------  S Y S T E M  ---------------

OS: Windows 8.1 , 64 bit Build 9600 (6.3.9600.17056)

CPU:total 4 (4 cores per cpu, 1 threads per core) family 6 model 94 stepping 3, cmov, cx8, fxsr, mmx, sse, sse2, sse3, ssse3, sse4.1, sse4.2, popcnt, avx, avx2, aes, clmul, erms, 3dnowpref, lzcnt, tsc, tscinvbit, bmi1, bmi2, adx

Memory: 4k page, physical 8266404k(2176296k free), swap 8266404k(625376k free)

vm_info: Java HotSpot(TM) 64-Bit Server VM (25.92-b14) for windows-amd64 JRE (1.8.0_92-b14), built on Mar 31 2016 21:03:04 by "java_re" with MS VC++ 10.0 (VS2010)

time: Thu May 11 11:27:08 2017
elapsed time: 3 seconds (0d 0h 0m 3s)

