#
# There is insufficient memory for the Java Runtime Environment to continue.
# Native memory allocation (malloc) failed to allocate 625456 bytes for Chunk::new
# Possible reasons:
#   The system is out of physical RAM or swap space
#   In 32 bit mode, the process size limit was hit
# Possible solutions:
#   Reduce memory load on the system
#   Increase physical memory or swap space
#   Check if swap backing store is full
#   Use 64 bit Java on a 64 bit OS
#   Decrease Java heap size (-Xmx/-Xms)
#   Decrease number of Java threads
#   Decrease Java thread stack sizes (-Xss)
#   Set larger code cache with -XX:ReservedCodeCacheSize=
# This output file may be truncated or incomplete.
#
#  Out of Memory Error (allocation.cpp:390), pid=10020, tid=0x0000000000000a24
#
# JRE version: Java(TM) SE Runtime Environment (8.0_92-b14) (build 1.8.0_92-b14)
# Java VM: Java HotSpot(TM) 64-Bit Server VM (25.92-b14 mixed mode windows-amd64 compressed oops)
# Failed to write core dump. Minidumps are not enabled by default on client versions of Windows
#

---------------  T H R E A D  ---------------

Current thread (0x0000000014c21800):  JavaThread "C2 CompilerThread1" daemon [_thread_in_native, id=2596, stack(0x0000000016350000,0x0000000016450000)]

Stack: [0x0000000016350000,0x0000000016450000]
[error occurred during error reporting (printing stack bounds), id 0xc0000005]

Native frames: (J=compiled Java code, j=interpreted, Vv=VM code, C=native code)


Current CompileTask:
C2:   2454  979   !   4       com.android.dx.cf.code.BytecodeArray::parseInstruction (2764 bytes)


---------------  P R O C E S S  ---------------

Java Threads: ( => current thread )
  0x00000000167e5800 JavaThread "pool-1-thread-4" [_thread_in_Java, id=3840, stack(0x0000000016f50000,0x0000000017050000)]
  0x00000000167e5000 JavaThread "pool-1-thread-3" [_thread_in_Java, id=10000, stack(0x0000000016e50000,0x0000000016f50000)]
  0x00000000167c1800 JavaThread "pool-1-thread-2" [_thread_in_Java, id=8852, stack(0x0000000016d50000,0x0000000016e50000)]
  0x00000000167bc000 JavaThread "pool-2-thread-1" [_thread_blocked, id=8140, stack(0x0000000016c50000,0x0000000016d50000)]
  0x00000000167b9800 JavaThread "pool-1-thread-1" [_thread_in_vm, id=6852, stack(0x0000000016b50000,0x0000000016c50000)]
  0x0000000016550800 JavaThread "Service Thread" daemon [_thread_blocked, id=7972, stack(0x0000000016950000,0x0000000016a50000)]
  0x0000000014c7c000 JavaThread "C1 CompilerThread2" daemon [_thread_blocked, id=8820, stack(0x0000000016450000,0x0000000016550000)]
=>0x0000000014c21800 JavaThread "C2 CompilerThread1" daemon [_thread_in_native, id=2596, stack(0x0000000016350000,0x0000000016450000)]
  0x0000000014c1e000 JavaThread "C2 CompilerThread0" daemon [_thread_blocked, id=7932, stack(0x0000000016250000,0x0000000016350000)]
  0x0000000014c1c000 JavaThread "Attach Listener" daemon [_thread_blocked, id=9228, stack(0x0000000016150000,0x0000000016250000)]
  0x0000000014c1b000 JavaThread "Signal Dispatcher" daemon [_thread_blocked, id=9204, stack(0x0000000016050000,0x0000000016150000)]
  0x0000000014c0a800 JavaThread "Finalizer" daemon [_thread_blocked, id=2800, stack(0x0000000015e70000,0x0000000015f70000)]
  0x0000000002540800 JavaThread "Reference Handler" daemon [_thread_blocked, id=8624, stack(0x0000000015d70000,0x0000000015e70000)]
  0x0000000002452800 JavaThread "main" [_thread_in_Java, id=8524, stack(0x0000000002270000,0x0000000002370000)]

Other Threads:
  0x0000000014be8800 VMThread [stack: 0x0000000015c70000,0x0000000015d70000] [id=7572]
  0x0000000016557000 WatcherThread [stack: 0x0000000016a50000,0x0000000016b50000] [id=7648]

VM state:not at safepoint (normal execution)

VM Mutex/Monitor currently owned by a thread: None

Heap:
 PSYoungGen      total 38400K, used 26253K [0x00000000eab00000, 0x00000000ed580000, 0x0000000100000000)
  eden space 33280K, 78% used [0x00000000eab00000,0x00000000ec4a35a0,0x00000000ecb80000)
  from space 5120K, 0% used [0x00000000ed080000,0x00000000ed080000,0x00000000ed580000)
  to   space 5120K, 0% used [0x00000000ecb80000,0x00000000ecb80000,0x00000000ed080000)
 ParOldGen       total 87552K, used 0K [0x00000000c0000000, 0x00000000c5580000, 0x00000000eab00000)
  object space 87552K, 0% used [0x00000000c0000000,0x00000000c0000000,0x00000000c5580000)
 Metaspace       used 5899K, capacity 6834K, committed 7040K, reserved 1056768K
  class space    used 599K, capacity 618K, committed 640K, reserved 1048576K

Card table byte_map: [0x0000000011910000,0x0000000011b20000] byte_map_base: 0x0000000011310000

Marking Bits: (ParMarkBitMap*) 0x0000000076f664f0
 Begin Bits: [0x0000000012080000, 0x0000000013080000)
 End Bits:   [0x0000000013080000, 0x0000000014080000)

Polling page: 0x0000000000960000

CodeCache: size=245760Kb used=3955Kb max_used=3967Kb free=241804Kb
 bounds [0x0000000002550000, 0x0000000002940000, 0x0000000011550000]
 total_blobs=1275 nmethods=1006 adapters=182
 compilation: enabled

Compilation events (10 events):
Event: 2.374 Thread 0x0000000014c7c000 1003       3       com.android.dx.cf.code.ExecutionStack::copy (59 bytes)
Event: 2.375 Thread 0x0000000014c7c000 nmethod 1003 0x000000000292db10 code [0x000000000292dcc0, 0x000000000292e378]
Event: 2.375 Thread 0x0000000014c7c000 1004       3       com.android.dx.rop.code.RegisterSpec::getBasicFrameType (10 bytes)
Event: 2.375 Thread 0x0000000014c7c000 nmethod 1004 0x000000000292af50 code [0x000000000292b0c0, 0x000000000292b2e8]
Event: 2.375 Thread 0x0000000014c7c000 1005       3       com.android.dx.util.IntList::mutableCopy (39 bytes)
Event: 2.375 Thread 0x0000000014c1e000 1006       4       java.lang.AbstractStringBuilder::append (50 bytes)
Event: 2.375 Thread 0x0000000014c7c000 nmethod 1005 0x000000000292e5d0 code [0x000000000292e760, 0x000000000292ead8]
Event: 2.378 Thread 0x0000000014c1e000 nmethod 1006 0x0000000002931c50 code [0x0000000002931da0, 0x0000000002932158]
Event: 2.378 Thread 0x0000000014c1e000 1007       4       java.lang.StringBuilder::append (8 bytes)
Event: 2.382 Thread 0x0000000014c1e000 nmethod 1007 0x0000000002932490 code [0x00000000029325e0, 0x0000000002932998]

GC Heap History (0 events):
No events

Deoptimization events (5 events):
Event: 1.884 Thread 0x00000000167b9800 Uncommon trap: reason=unstable_if action=reinterpret pc=0x0000000002781244 method=java.util.HashMap.getNode(ILjava/lang/Object;)Ljava/util/HashMap$Node; @ 62
Event: 2.232 Thread 0x0000000002452800 Uncommon trap: reason=bimorphic action=maybe_recompile pc=0x00000000027d7168 method=java.util.HashMap.getNode(ILjava/lang/Object;)Ljava/util/HashMap$Node; @ 126
Event: 2.235 Thread 0x00000000167b9800 Uncommon trap: reason=null_check action=make_not_entrant pc=0x000000000281fbf4 method=com.android.dx.ssa.SsaRenamer.getLocalForNewReg(I)Lcom/android/dx/rop/code/LocalItem; @ 19
Event: 2.284 Thread 0x0000000002452800 Uncommon trap: reason=unstable_if action=reinterpret pc=0x00000000028a7704 method=com.android.dx.ssa.SsaRenamer$BlockRenamer.addMapping(ILcom/android/dx/rop/code/RegisterSpec;)V @ 120
Event: 2.299 Thread 0x00000000167e5000 Uncommon trap: reason=unstable_if action=reinterpret pc=0x000000000286ce80 method=com.android.dx.rop.code.RegisterSpec.equals(ILcom/android/dx/rop/type/TypeBearer;Lcom/android/dx/rop/code/LocalItem;)Z @ 42

Internal exceptions (3 events):
Event: 0.410 Thread 0x0000000002452800 Exception <a 'java/lang/NoSuchMethodError': Method sun.misc.Unsafe.defineClass(Ljava/lang/String;[BII)Ljava/lang/Class; name or signature does not match> (0x00000000eab07cc0) thrown at [D:\re\workspace\8-2-build-windows-amd64-cygwin\jdk8u92\6642\hotspot\srbb´z;Ú?
Event: 0.410 Thread 0x0000000002452800 Exception <a 'java/lang/NoSuchMethodError': Method sun.misc.Unsafe.prefetchRead(Ljava/lang/Object;J)V name or signature does not match> (0x00000000eab07fa8) thrown at [D:\re\workspace\8-2-build-windows-amd64-cygwin\jdk8u92\6642\hotspot\src\share\vm\prims\jó¡0}Câ@
Event: 2.235 Thread 0x00000000167b9800 Implicit null exception at 0x000000000281e253 to 0x000000000281fba9

Events (10 events):
Event: 2.279 loading class com/android/dx/cf/attrib/AttRuntimeVisibleAnnotations
Event: 2.279 loading class com/android/dx/cf/attrib/AttRuntimeVisibleAnnotations done
Event: 2.280 loading class com/android/dx/cf/attrib/BaseAnnotations
Event: 2.280 loading class com/android/dx/cf/attrib/BaseAnnotations done
Event: 2.284 Thread 0x0000000002452800 Uncommon trap: trap_request=0xffffff65 fr.pc=0x00000000028a7704
Event: 2.284 Thread 0x0000000002452800 DEOPT PACKING pc=0x00000000028a7704 sp=0x000000000236e500
Event: 2.284 Thread 0x0000000002452800 DEOPT UNPACKING pc=0x000000000259582a sp=0x000000000236e490 mode 2
Event: 2.299 Thread 0x00000000167e5000 Uncommon trap: trap_request=0xffffff65 fr.pc=0x000000000286ce80
Event: 2.299 Thread 0x00000000167e5000 DEOPT PACKING pc=0x000000000286ce80 sp=0x0000000016f4e620
Event: 2.299 Thread 0x00000000167e5000 DEOPT UNPACKING pc=0x000000000259582a sp=0x0000000016f4e5a8 mode 2


Dynamic libraries:
0x00007ff6cbb10000 - 0x00007ff6cbb47000 	C:\Program Files\Java\jdk1.8.0_92\bin\java.exe
0x00007ffae65e0000 - 0x00007ffae678a000 	C:\Windows\SYSTEM32\ntdll.dll
0x00007ffae5b60000 - 0x00007ffae5c9a000 	C:\Windows\system32\KERNEL32.DLL
0x00007ffae3d50000 - 0x00007ffae3e5f000 	C:\Windows\system32\KERNELBASE.dll
0x00007ffae2580000 - 0x00007ffae2608000 	C:\Windows\system32\apphelp.dll
0x00007fface8f0000 - 0x00007fface93f000 	C:\Windows\AppPatch\AppPatch64\AcGenral.DLL
0x00007ffae5710000 - 0x00007ffae57b7000 	C:\Windows\system32\msvcrt.dll
0x00007ffae3790000 - 0x00007ffae37bb000 	C:\Windows\SYSTEM32\SspiCli.dll
0x00007ffae5e40000 - 0x00007ffae5e91000 	C:\Windows\system32\SHLWAPI.dll
0x00007ffae6460000 - 0x00007ffae65d1000 	C:\Windows\system32\USER32.dll
0x00007ffae5cc0000 - 0x00007ffae5e38000 	C:\Windows\system32\ole32.dll
0x00007ffae4010000 - 0x00007ffae5427000 	C:\Windows\system32\SHELL32.dll
0x00007ffae2fc0000 - 0x00007ffae2fde000 	C:\Windows\SYSTEM32\USERENV.dll
0x00007ffae5f20000 - 0x00007ffae5fc5000 	C:\Windows\system32\ADVAPI32.dll
0x00007ffade890000 - 0x00007ffade8ab000 	C:\Windows\SYSTEM32\MPR.dll
0x00007ffae6100000 - 0x00007ffae6236000 	C:\Windows\system32\RPCRT4.dll
0x00007ffae5430000 - 0x00007ffae5487000 	C:\Windows\SYSTEM32\sechost.dll
0x00007ffae5530000 - 0x00007ffae5706000 	C:\Windows\SYSTEM32\combase.dll
0x00007ffae3ec0000 - 0x00007ffae4005000 	C:\Windows\system32\GDI32.dll
0x00007ffae3950000 - 0x00007ffae3964000 	C:\Windows\SYSTEM32\profapi.dll
0x00007ffae1fb0000 - 0x00007ffae204f000 	C:\Windows\SYSTEM32\SHCORE.dll
0x00007ffae6240000 - 0x00007ffae6274000 	C:\Windows\system32\IMM32.DLL
0x00007ffae5880000 - 0x00007ffae59b9000 	C:\Windows\system32\MSCTF.dll
0x00007ffae1620000 - 0x00007ffae187a000 	C:\Windows\WinSxS\amd64_microsoft.windows.common-controls_6595b64144ccf1df_6.0.9600.17031_none_6242a4b3ecbb55a1\COMCTL32.dll
0x0000000076040000 - 0x0000000076112000 	C:\Program Files\Java\jdk1.8.0_92\jre\bin\msvcr100.dll
0x0000000076750000 - 0x0000000076fe6000 	C:\Program Files\Java\jdk1.8.0_92\jre\bin\server\jvm.dll
0x00007ffadb460000 - 0x00007ffadb469000 	C:\Windows\SYSTEM32\WSOCK32.dll
0x00007ffad84b0000 - 0x00007ffad84cf000 	C:\Windows\SYSTEM32\WINMM.dll
0x00007ffae1520000 - 0x00007ffae152a000 	C:\Windows\SYSTEM32\VERSION.dll
0x00007ffae6030000 - 0x00007ffae6037000 	C:\Windows\system32\PSAPI.DLL
0x00007ffae5fd0000 - 0x00007ffae6028000 	C:\Windows\system32\WS2_32.dll
0x00007ffad8480000 - 0x00007ffad84aa000 	C:\Windows\SYSTEM32\WINMMBASE.dll
0x00007ffae5cb0000 - 0x00007ffae5cb9000 	C:\Windows\system32\NSI.dll
0x00007ffae3a20000 - 0x00007ffae3a6a000 	C:\Windows\SYSTEM32\cfgmgr32.dll
0x00007ffae27d0000 - 0x00007ffae27f6000 	C:\Windows\SYSTEM32\DEVOBJ.dll
0x0000000050000000 - 0x000000005000f000 	C:\Program Files\Java\jdk1.8.0_92\jre\bin\verify.dll
0x0000000076720000 - 0x0000000076749000 	C:\Program Files\Java\jdk1.8.0_92\jre\bin\java.dll
0x0000000076700000 - 0x0000000076716000 	C:\Program Files\Java\jdk1.8.0_92\jre\bin\zip.dll

VM Arguments:
jvm_args: -Djava.awt.headless=true -Xmx1024M -Dfile.encoding=windows-1252 -Duser.country=US -Duser.language=en -Duser.variant 
java_command: com.android.dx.command.Main --dex --force-jumbo --num-threads=4 --output C:\Zooket\app\build\intermediates\pre-dexed\debug\okhttp-2.4.0_787f9e023d436507c0c01ed8a5465d0311a90b76.jar C:\Users\Smo\.gradle\caches\modules-2\files-2.1\com.squareup.okhttp\okhttp\2.4.0\40340c0748190fe897baf7bffbc1b282734294e5\okhttp-2.4.0.jar
java_class_path (initial): C:\android-sdk-windows\build-tools\24.0.3\lib\dx.jar
Launcher Type: SUN_STANDARD

Environment Variables:
PATH=C:\ProgramData\Oracle\Java\javapath;C:\Windows\system32;C:\Windows;C:\Windows\System32\Wbem;C:\Windows\System32\WindowsPowerShell\v1.0\;C:\Program Files (x86)\NVIDIA Corporation\PhysX\Common;C:\Program Files (x86)\Windows Kits\8.1\Windows Performance Toolkit\;C:\Program Files\Microsoft SQL Server\110\Tools\Binn\;C:\Program Files\Microsoft SQL Server\110\DTS\Binn\;C:\Program Files (x86)\Microsoft SQL Server\110\Tools\Binn\;C:\Program Files (x86)\Microsoft SQL Server\110\Tools\Binn\ManagementStudio\;C:\Program Files (x86)\Microsoft Visual Studio 10.0\Common7\IDE\PrivateAssemblies\;C:\Program Files (x86)\Microsoft SQL Server\110\DTS\Binn\;C:\Program Files (x86)\GtkSharp\2.12\bin;C:\Program Files (x86)\QuickTime\QTSystem\
USERNAME=Smo
OS=Windows_NT
PROCESSOR_IDENTIFIER=Intel64 Family 6 Model 94 Stepping 3, GenuineIntel



---------------  S Y S T E M  ---------------

OS: Windows 8.1 , 64 bit Build 9600 (6.3.9600.17056)

CPU:total 4 (4 cores per cpu, 1 threads per core) family 6 model 94 stepping 3, cmov, cx8, fxsr, mmx, sse, sse2, sse3, ssse3, sse4.1, sse4.2, popcnt, avx, avx2, aes, clmul, erms, 3dnowpref, lzcnt, tsc, tscinvbit, bmi1, bmi2, adx

Memory: 4k page, physical 8266404k(1519936k free), swap 8266404k(6004k free)

vm_info: Java HotSpot(TM) 64-Bit Server VM (25.92-b14) for windows-amd64 JRE (1.8.0_92-b14), built on Mar 31 2016 21:03:04 by "java_re" with MS VC++ 10.0 (VS2010)

time: Thu May 18 19:20:51 2017
elapsed time: 2 seconds (0d 0h 0m 2s)

