#
# There is insufficient memory for the Java Runtime Environment to continue.
# Native memory allocation (malloc) failed to allocate 274016 bytes for Chunk::new
# Possible reasons:
#   The system is out of physical RAM or swap space
#   In 32 bit mode, the process size limit was hit
# Possible solutions:
#   Reduce memory load on the system
#   Increase physical memory or swap space
#   Check if swap backing store is full
#   Use 64 bit Java on a 64 bit OS
#   Decrease Java heap size (-Xmx/-Xms)
#   Decrease number of Java threads
#   Decrease Java thread stack sizes (-Xss)
#   Set larger code cache with -XX:ReservedCodeCacheSize=
# This output file may be truncated or incomplete.
#
#  Out of Memory Error (allocation.cpp:390), pid=8124, tid=0x0000000000001c4c
#
# JRE version: Java(TM) SE Runtime Environment (8.0_92-b14) (build 1.8.0_92-b14)
# Java VM: Java HotSpot(TM) 64-Bit Server VM (25.92-b14 mixed mode windows-amd64 compressed oops)
# Failed to write core dump. Minidumps are not enabled by default on client versions of Windows
#

---------------  T H R E A D  ---------------

Current thread (0x000000001521e000):  JavaThread "C2 CompilerThread0" daemon [_thread_in_native, id=7244, stack(0x0000000016860000,0x0000000016960000)]

Stack: [0x0000000016860000,0x0000000016960000]
[error occurred during error reporting (printing stack bounds), id 0xc0000005]

Native frames: (J=compiled Java code, j=interpreted, Vv=VM code, C=native code)


Current CompileTask:
C2:   3011 1411       4       com.android.dx.ssa.LiteralOpUpgrader$1::visitNonMoveInsn (203 bytes)


---------------  P R O C E S S  ---------------

Java Threads: ( => current thread )
  0x0000000016ddf000 JavaThread "pool-2-thread-4" [_thread_blocked, id=4952, stack(0x0000000017560000,0x0000000017660000)]
  0x0000000016dde000 JavaThread "pool-2-thread-3" [_thread_blocked, id=4756, stack(0x0000000017460000,0x0000000017560000)]
  0x0000000016ddd000 JavaThread "pool-2-thread-2" [_thread_in_Java, id=3488, stack(0x0000000017360000,0x0000000017460000)]
  0x0000000016dda000 JavaThread "pool-3-thread-1" [_thread_blocked, id=7468, stack(0x0000000017260000,0x0000000017360000)]
  0x0000000016dd9800 JavaThread "pool-2-thread-1" [_thread_blocked, id=5832, stack(0x0000000017160000,0x0000000017260000)]
  0x0000000016b66800 JavaThread "Service Thread" daemon [_thread_blocked, id=4916, stack(0x0000000016f60000,0x0000000017060000)]
  0x000000001527c000 JavaThread "C1 CompilerThread2" daemon [_thread_in_native, id=4760, stack(0x0000000016a60000,0x0000000016b60000)]
  0x0000000015221800 JavaThread "C2 CompilerThread1" daemon [_thread_in_native, id=4508, stack(0x0000000016960000,0x0000000016a60000)]
=>0x000000001521e000 JavaThread "C2 CompilerThread0" daemon [_thread_in_native, id=7244, stack(0x0000000016860000,0x0000000016960000)]
  0x000000001521c000 JavaThread "Attach Listener" daemon [_thread_blocked, id=4340, stack(0x0000000016760000,0x0000000016860000)]
  0x000000001521b000 JavaThread "Signal Dispatcher" daemon [_thread_blocked, id=7760, stack(0x0000000016660000,0x0000000016760000)]
  0x0000000002b4b800 JavaThread "Finalizer" daemon [_thread_blocked, id=4024, stack(0x0000000016480000,0x0000000016580000)]
  0x0000000002b40800 JavaThread "Reference Handler" daemon [_thread_blocked, id=7004, stack(0x0000000016380000,0x0000000016480000)]
  0x0000000002a52800 JavaThread "main" [_thread_in_vm, id=2176, stack(0x0000000002860000,0x0000000002960000)]

Other Threads:
  0x00000000151e8800 VMThread [stack: 0x0000000016280000,0x0000000016380000] [id=6700]
  0x0000000016b82800 WatcherThread [stack: 0x0000000017060000,0x0000000017160000] [id=7444]

VM state:not at safepoint (normal execution)

VM Mutex/Monitor currently owned by a thread: None

Heap:
 PSYoungGen      total 38400K, used 21800K [0x00000000eab00000, 0x00000000ed580000, 0x0000000100000000)
  eden space 33280K, 50% used [0x00000000eab00000,0x00000000ebb4cbb8,0x00000000ecb80000)
  from space 5120K, 99% used [0x00000000ecb80000,0x00000000ed07d830,0x00000000ed080000)
  to   space 5120K, 0% used [0x00000000ed080000,0x00000000ed080000,0x00000000ed580000)
 ParOldGen       total 87552K, used 858K [0x00000000c0000000, 0x00000000c5580000, 0x00000000eab00000)
  object space 87552K, 0% used [0x00000000c0000000,0x00000000c00d6870,0x00000000c5580000)
 Metaspace       used 6153K, capacity 7026K, committed 7296K, reserved 1056768K
  class space    used 604K, capacity 618K, committed 640K, reserved 1048576K

Card table byte_map: [0x0000000011f10000,0x0000000012120000] byte_map_base: 0x0000000011910000

Marking Bits: (ParMarkBitMap*) 0x00000000686b64f0
 Begin Bits: [0x0000000012680000, 0x0000000013680000)
 End Bits:   [0x0000000013680000, 0x0000000014680000)

Polling page: 0x0000000001040000

CodeCache: size=245760Kb used=5779Kb max_used=5779Kb free=239980Kb
 bounds [0x0000000002b50000, 0x0000000003100000, 0x0000000011b50000]
 total_blobs=1711 nmethods=1442 adapters=182
 compilation: enabled

Compilation events (10 events):
Event: 3.006 Thread 0x000000001527c000 nmethod 1445 0x00000000030eb910 code [0x00000000030eba80, 0x00000000030ebcc8]
Event: 3.007 Thread 0x000000001527c000 1446       3       java.util.Arrays::rangeCheck (74 bytes)
Event: 3.007 Thread 0x000000001527c000 nmethod 1446 0x00000000030ebd90 code [0x00000000030ebfe0, 0x00000000030ecd48]
Event: 3.007 Thread 0x000000001527c000 1447       3       com.android.dx.ssa.back.FirstFitLocalCombiningAllocator::handleLocalAssociatedOther (151 bytes)
Event: 3.008 Thread 0x000000001527c000 nmethod 1447 0x00000000030ed390 code [0x00000000030ed620, 0x00000000030ee6d8]
Event: 3.008 Thread 0x000000001527c000 1449       3       com.android.dx.rop.code.InsnList::contentEquals (54 bytes)
Event: 3.008 Thread 0x000000001527c000 nmethod 1449 0x00000000030ef0d0 code [0x00000000030ef2a0, 0x00000000030efd48]
Event: 3.008 Thread 0x000000001527c000 1450       3       com.android.dx.cf.code.BaseMachine::popArgs (137 bytes)
Event: 3.009 Thread 0x000000001527c000 nmethod 1450 0x00000000030f0090 code [0x00000000030f0400, 0x00000000030f1e08]
Event: 3.009 Thread 0x000000001527c000 1451       3       com.android.dx.ssa.back.FirstFitLocalCombiningAllocator::handleCheckCastResults (413 bytes)

GC Heap History (2 events):
Event: 2.914 GC heap before
{Heap before GC invocations=1 (full 0):
 PSYoungGen      total 38400K, used 33280K [0x00000000eab00000, 0x00000000ed580000, 0x0000000100000000)
  eden space 33280K, 100% used [0x00000000eab00000,0x00000000ecb80000,0x00000000ecb80000)
  from space 5120K, 0% used [0x00000000ed080000,0x00000000ed080000,0x00000000ed580000)
  to   space 5120K, 0% used [0x00000000ecb80000,0x00000000ecb80000,0x00000000ed080000)
 ParOldGen       total 87552K, used 0K [0x00000000c0000000, 0x00000000c5580000, 0x00000000eab00000)
  object space 87552K, 0% used [0x00000000c0000000,0x00000000c0000000,0x00000000c5580000)
 Metaspace       used 6077K, capacity 6962K, committed 7040K, reserved 1056768K
  class space    used 604K, capacity 618K, committed 640K, reserved 1048576K
Event: 2.940 GC heap after
Heap after GC invocations=1 (full 0):
 PSYoungGen      total 38400K, used 5110K [0x00000000eab00000, 0x00000000ed580000, 0x0000000100000000)
  eden space 33280K, 0% used [0x00000000eab00000,0x00000000eab00000,0x00000000ecb80000)
  from space 5120K, 99% used [0x00000000ecb80000,0x00000000ed07d830,0x00000000ed080000)
  to   space 5120K, 0% used [0x00000000ed080000,0x00000000ed080000,0x00000000ed580000)
 ParOldGen       total 87552K, used 858K [0x00000000c0000000, 0x00000000c5580000, 0x00000000eab00000)
  object space 87552K, 0% used [0x00000000c0000000,0x00000000c00d6870,0x00000000c5580000)
 Metaspace       used 6077K, capacity 6962K, committed 7040K, reserved 1056768K
  class space    used 604K, capacity 618K, committed 640K, reserved 1048576K
}

Deoptimization events (7 events):
Event: 0.582 Thread 0x0000000002a52800 Uncommon trap: reason=unstable_if action=reinterpret pc=0x0000000002ca1d14 method=java.lang.String.compareTo(Ljava/lang/String;)I @ 38
Event: 2.681 Thread 0x0000000016ddf000 Uncommon trap: reason=null_check action=make_not_entrant pc=0x0000000002ecd060 method=com.android.dx.ssa.SsaRenamer.getLocalForNewReg(I)Lcom/android/dx/rop/code/LocalItem; @ 19
Event: 2.688 Thread 0x0000000016dd9800 Uncommon trap: reason=null_check action=make_not_entrant pc=0x0000000002e8d4f0 method=com.android.dx.ssa.SsaRenamer.getLocalForNewReg(I)Lcom/android/dx/rop/code/LocalItem; @ 19
Event: 2.711 Thread 0x0000000016dde000 Uncommon trap: reason=unstable_if action=reinterpret pc=0x0000000002ef152c method=com.android.dx.rop.code.RegisterSpecSet.put(Lcom/android/dx/rop/code/RegisterSpec;)V @ 77
Event: 2.711 Thread 0x0000000016dde000 Uncommon trap: reason=unstable_if action=reinterpret pc=0x0000000002f64868 method=com.android.dx.rop.code.RegisterSpecSet.put(Lcom/android/dx/rop/code/RegisterSpec;)V @ 77
Event: 2.970 Thread 0x0000000016ddf000 Uncommon trap: reason=bimorphic action=maybe_recompile pc=0x0000000003059eac method=com.android.dx.cf.code.BytecodeArray.parseInstruction(ILcom/android/dx/cf/code/BytecodeArray$Visitor;)I @ 2484
Event: 2.970 Thread 0x0000000016ddf000 Uncommon trap: reason=bimorphic action=maybe_recompile pc=0x0000000003059eac method=com.android.dx.cf.code.BytecodeArray.parseInstruction(ILcom/android/dx/cf/code/BytecodeArray$Visitor;)I @ 2484

Internal exceptions (4 events):
Event: 0.076 Thread 0x0000000002a52800 Exception <a 'java/lang/NoSuchMethodError': Method sun.misc.Unsafe.defineClass(Ljava/lang/String;[BII)Ljava/lang/Class; name or signature does not match> (0x00000000eab07cc0) thrown at [D:\re\workspace\8-2-build-windows-amd64-cygwin\jdk8u92\6642\hotspot\sr
[¤Þs³?
Event: 0.076 Thread 0x0000000002a52800 Exception <a 'java/lang/NoSuchMethodError': Method sun.misc.Unsafe.prefetchRead(Ljava/lang/Object;J)V name or signature does not match> (0x00000000eab07fa8) thrown at [D:\re\workspace\8-2-build-windows-amd64-cygwin\jdk8u92\6642\hotspot\src\share\vm\prims\j¡ŸþKs@
Event: 2.681 Thread 0x0000000016ddf000 Implicit null exception at 0x0000000002ecad94 to 0x0000000002ecd015
Event: 2.688 Thread 0x0000000016dd9800 Implicit null exception at 0x0000000002e8b86e to 0x0000000002e8d4c9

Events (10 events):
Event: 2.735 loading class com/android/dx/dex/file/FieldAnnotationStruct
Event: 2.735 loading class com/android/dx/dex/file/FieldAnnotationStruct done
Event: 2.899 Executing VM operation: ParallelGCFailedAllocation
Event: 2.940 Executing VM operation: ParallelGCFailedAllocation done
Event: 2.970 Thread 0x0000000016ddf000 Uncommon trap: trap_request=0xffffffc6 fr.pc=0x0000000003059eac
Event: 2.970 Thread 0x0000000016ddf000 DEOPT PACKING pc=0x0000000003059eac sp=0x000000001765e750
Event: 2.970 Thread 0x0000000016ddf000 DEOPT UNPACKING pc=0x0000000002b9582a sp=0x000000001765e6d8 mode 2
Event: 2.970 Thread 0x0000000016ddf000 Uncommon trap: trap_request=0xffffffc6 fr.pc=0x0000000003059eac
Event: 2.970 Thread 0x0000000016ddf000 DEOPT PACKING pc=0x0000000003059eac sp=0x000000001765e530
Event: 2.970 Thread 0x0000000016ddf000 DEOPT UNPACKING pc=0x0000000002b9582a sp=0x000000001765e4b8 mode 2


Dynamic libraries:
0x00007ff725170000 - 0x00007ff7251a7000 	C:\Program Files\Java\jdk1.8.0_92\bin\java.exe
0x00007ffef9f10000 - 0x00007ffefa0ba000 	C:\Windows\SYSTEM32\ntdll.dll
0x00007ffef9b80000 - 0x00007ffef9cba000 	C:\Windows\system32\KERNEL32.DLL
0x00007ffef74a0000 - 0x00007ffef75af000 	C:\Windows\system32\KERNELBASE.dll
0x00007ffef5eb0000 - 0x00007ffef5f38000 	C:\Windows\system32\apphelp.dll
0x00007ffed1e60000 - 0x00007ffed1eaf000 	C:\Windows\AppPatch\AppPatch64\AcGenral.DLL
0x00007ffef9cc0000 - 0x00007ffef9d67000 	C:\Windows\system32\msvcrt.dll
0x00007ffef70c0000 - 0x00007ffef70eb000 	C:\Windows\SYSTEM32\SspiCli.dll
0x00007ffef9320000 - 0x00007ffef9371000 	C:\Windows\system32\SHLWAPI.dll
0x00007ffef9380000 - 0x00007ffef94f1000 	C:\Windows\system32\USER32.dll
0x00007ffef7790000 - 0x00007ffef7908000 	C:\Windows\system32\ole32.dll
0x00007ffef7c70000 - 0x00007ffef9087000 	C:\Windows\system32\SHELL32.dll
0x00007ffef68f0000 - 0x00007ffef690e000 	C:\Windows\SYSTEM32\USERENV.dll
0x00007ffef9090000 - 0x00007ffef9135000 	C:\Windows\system32\ADVAPI32.dll
0x00007ffef22f0000 - 0x00007ffef230b000 	C:\Windows\SYSTEM32\MPR.dll
0x00007ffef79d0000 - 0x00007ffef7b06000 	C:\Windows\system32\RPCRT4.dll
0x00007ffef7c10000 - 0x00007ffef7c67000 	C:\Windows\SYSTEM32\sechost.dll
0x00007ffef9140000 - 0x00007ffef9316000 	C:\Windows\SYSTEM32\combase.dll
0x00007ffef9560000 - 0x00007ffef96a5000 	C:\Windows\system32\GDI32.dll
0x00007ffef7280000 - 0x00007ffef7294000 	C:\Windows\SYSTEM32\profapi.dll
0x00007ffef58e0000 - 0x00007ffef597f000 	C:\Windows\SYSTEM32\SHCORE.dll
0x00007ffef9b40000 - 0x00007ffef9b74000 	C:\Windows\system32\IMM32.DLL
0x00007ffef96b0000 - 0x00007ffef97e9000 	C:\Windows\system32\MSCTF.dll
0x00007ffef4fd0000 - 0x00007ffef522a000 	C:\Windows\WinSxS\amd64_microsoft.windows.common-controls_6595b64144ccf1df_6.0.9600.17031_none_6242a4b3ecbb55a1\COMCTL32.dll
0x0000000067850000 - 0x0000000067922000 	C:\Program Files\Java\jdk1.8.0_92\jre\bin\msvcr100.dll
0x0000000067ea0000 - 0x0000000068736000 	C:\Program Files\Java\jdk1.8.0_92\jre\bin\server\jvm.dll
0x00007ffef0d00000 - 0x00007ffef0d09000 	C:\Windows\SYSTEM32\WSOCK32.dll
0x00007ffeeedc0000 - 0x00007ffeeeddf000 	C:\Windows\SYSTEM32\WINMM.dll
0x00007ffef4f90000 - 0x00007ffef4f9a000 	C:\Windows\SYSTEM32\VERSION.dll
0x00007ffef7b10000 - 0x00007ffef7b17000 	C:\Windows\system32\PSAPI.DLL
0x00007ffef9500000 - 0x00007ffef9558000 	C:\Windows\system32\WS2_32.dll
0x00007ffee99a0000 - 0x00007ffee99ca000 	C:\Windows\SYSTEM32\WINMMBASE.dll
0x00007ffef9b30000 - 0x00007ffef9b39000 	C:\Windows\system32\NSI.dll
0x00007ffef7350000 - 0x00007ffef739a000 	C:\Windows\SYSTEM32\cfgmgr32.dll
0x00007ffef6100000 - 0x00007ffef6126000 	C:\Windows\SYSTEM32\DEVOBJ.dll
0x0000000069210000 - 0x000000006921f000 	C:\Program Files\Java\jdk1.8.0_92\jre\bin\verify.dll
0x00000000691e0000 - 0x0000000069209000 	C:\Program Files\Java\jdk1.8.0_92\jre\bin\java.dll
0x0000000069190000 - 0x00000000691a6000 	C:\Program Files\Java\jdk1.8.0_92\jre\bin\zip.dll

VM Arguments:
jvm_args: -Djava.awt.headless=true -Xmx1024M -Dfile.encoding=windows-1252 -Duser.country=US -Duser.language=en -Duser.variant 
java_command: com.android.dx.command.Main --dex --force-jumbo --num-threads=4 --multi-dex --output C:\Zooket\app\build\intermediates\transforms\dex\debug\folders\1000\10\com.android.support-appcompat-v7-23.4.0_fda78873d11546ce0404252f8f37bf8df30f60cc C:\Zooket\app\build\intermediates\exploded-aar\com.android.support\appcompat-v7\23.4.0\jars\classes.jar
java_class_path (initial): C:\android-sdk-windows\build-tools\24.0.3\lib\dx.jar
Launcher Type: SUN_STANDARD

Environment Variables:
PATH=C:\ProgramData\Oracle\Java\javapath;C:\Windows\system32;C:\Windows;C:\Windows\System32\Wbem;C:\Windows\System32\WindowsPowerShell\v1.0\;C:\Program Files (x86)\NVIDIA Corporation\PhysX\Common;C:\Program Files (x86)\Windows Kits\8.1\Windows Performance Toolkit\;C:\Program Files\Microsoft SQL Server\110\Tools\Binn\;C:\Program Files\Microsoft SQL Server\110\DTS\Binn\;C:\Program Files (x86)\Microsoft SQL Server\110\Tools\Binn\;C:\Program Files (x86)\Microsoft SQL Server\110\Tools\Binn\ManagementStudio\;C:\Program Files (x86)\Microsoft Visual Studio 10.0\Common7\IDE\PrivateAssemblies\;C:\Program Files (x86)\Microsoft SQL Server\110\DTS\Binn\;C:\Program Files (x86)\GtkSharp\2.12\bin;C:\Program Files (x86)\QuickTime\QTSystem\
USERNAME=Smo
OS=Windows_NT
PROCESSOR_IDENTIFIER=Intel64 Family 6 Model 94 Stepping 3, GenuineIntel



---------------  S Y S T E M  ---------------

OS: Windows 8.1 , 64 bit Build 9600 (6.3.9600.17056)

CPU:total 4 (4 cores per cpu, 1 threads per core) family 6 model 94 stepping 3, cmov, cx8, fxsr, mmx, sse, sse2, sse3, ssse3, sse4.1, sse4.2, popcnt, avx, avx2, aes, clmul, erms, 3dnowpref, lzcnt, tsc, tscinvbit, bmi1, bmi2, adx

Memory: 4k page, physical 8266404k(1985824k free), swap 8266404k(5132k free)

vm_info: Java HotSpot(TM) 64-Bit Server VM (25.92-b14) for windows-amd64 JRE (1.8.0_92-b14), built on Mar 31 2016 21:03:04 by "java_re" with MS VC++ 10.0 (VS2010)

time: Thu May 11 11:27:12 2017
elapsed time: 3 seconds (0d 0h 0m 3s)

