#
# There is insufficient memory for the Java Runtime Environment to continue.
# Native memory allocation (malloc) failed to allocate 65552 bytes for Chunk::new
# Possible reasons:
#   The system is out of physical RAM or swap space
#   In 32 bit mode, the process size limit was hit
# Possible solutions:
#   Reduce memory load on the system
#   Increase physical memory or swap space
#   Check if swap backing store is full
#   Use 64 bit Java on a 64 bit OS
#   Decrease Java heap size (-Xmx/-Xms)
#   Decrease number of Java threads
#   Decrease Java thread stack sizes (-Xss)
#   Set larger code cache with -XX:ReservedCodeCacheSize=
# This output file may be truncated or incomplete.
#
#  Out of Memory Error (allocation.cpp:390), pid=6684, tid=0x0000000000002190
#
# JRE version: Java(TM) SE Runtime Environment (8.0_92-b14) (build 1.8.0_92-b14)
# Java VM: Java HotSpot(TM) 64-Bit Server VM (25.92-b14 mixed mode windows-amd64 compressed oops)
# Failed to write core dump. Minidumps are not enabled by default on client versions of Windows
#

---------------  T H R E A D  ---------------

Current thread (0x00000000148ad000):  JavaThread "C2 CompilerThread0" daemon [_thread_in_native, id=8592, stack(0x0000000015e20000,0x0000000015f20000)]

Stack: [0x0000000015e20000,0x0000000015f20000]
[error occurred during error reporting (printing stack bounds), id 0xc0000005]

Native frames: (J=compiled Java code, j=interpreted, Vv=VM code, C=native code)


Current CompileTask:
C2:   1402 1450       4       com.android.dx.ssa.SCCP::simulateBranch (666 bytes)


---------------  P R O C E S S  ---------------

Java Threads: ( => current thread )
  0x00000000161f5800 JavaThread "pool-1-thread-4" [_thread_in_Java, id=5452, stack(0x0000000016b20000,0x0000000016c20000)]
  0x000000001615d000 JavaThread "pool-1-thread-3" [_thread_blocked, id=8216, stack(0x0000000016a20000,0x0000000016b20000)]
  0x0000000016153800 JavaThread "pool-1-thread-2" [_thread_in_Java, id=7508, stack(0x0000000016920000,0x0000000016a20000)]
  0x000000001614d000 JavaThread "pool-2-thread-1" [_thread_blocked, id=5580, stack(0x0000000016820000,0x0000000016920000)]
  0x000000001614c000 JavaThread "pool-1-thread-1" [_thread_in_Java, id=9204, stack(0x0000000016720000,0x0000000016820000)]
  0x000000001602f800 JavaThread "Service Thread" daemon [_thread_blocked, id=4916, stack(0x0000000016520000,0x0000000016620000)]
  0x000000001490e800 JavaThread "C1 CompilerThread2" daemon [_thread_blocked, id=2028, stack(0x0000000016420000,0x0000000016520000)]
  0x00000000148b0800 JavaThread "C2 CompilerThread1" daemon [_thread_in_native, id=5992, stack(0x0000000015f20000,0x0000000016020000)]
=>0x00000000148ad000 JavaThread "C2 CompilerThread0" daemon [_thread_in_native, id=8592, stack(0x0000000015e20000,0x0000000015f20000)]
  0x00000000148aa000 JavaThread "Attach Listener" daemon [_thread_blocked, id=3728, stack(0x0000000015d20000,0x0000000015e20000)]
  0x00000000148a9000 JavaThread "Signal Dispatcher" daemon [_thread_blocked, id=7348, stack(0x0000000015c20000,0x0000000015d20000)]
  0x000000001489a000 JavaThread "Finalizer" daemon [_thread_blocked, id=4872, stack(0x0000000015b20000,0x0000000015c20000)]
  0x0000000014879000 JavaThread "Reference Handler" daemon [_thread_blocked, id=8344, stack(0x0000000015a20000,0x0000000015b20000)]
  0x00000000020e0800 JavaThread "main" [_thread_blocked, id=3084, stack(0x0000000001ef0000,0x0000000001ff0000)]

Other Threads:
  0x0000000014877800 VMThread [stack: 0x0000000015920000,0x0000000015a20000] [id=9048]
  0x0000000016042000 WatcherThread [stack: 0x0000000016620000,0x0000000016720000] [id=8772]

VM state:not at safepoint (normal execution)

VM Mutex/Monitor currently owned by a thread: None

Heap:
 PSYoungGen      total 38400K, used 17031K [0x00000000eab00000, 0x00000000ef600000, 0x0000000100000000)
  eden space 33280K, 35% used [0x00000000eab00000,0x00000000eb6a2550,0x00000000ecb80000)
  from space 5120K, 99% used [0x00000000ecb80000,0x00000000ed07f6b8,0x00000000ed080000)
  to   space 5120K, 0% used [0x00000000ef100000,0x00000000ef100000,0x00000000ef600000)
 ParOldGen       total 87552K, used 3370K [0x00000000c0000000, 0x00000000c5580000, 0x00000000eab00000)
  object space 87552K, 3% used [0x00000000c0000000,0x00000000c034a918,0x00000000c5580000)
 Metaspace       used 5935K, capacity 7024K, committed 7296K, reserved 1056768K
  class space    used 581K, capacity 616K, committed 640K, reserved 1048576K

Card table byte_map: [0x00000000115a0000,0x00000000117b0000] byte_map_base: 0x0000000010fa0000

Marking Bits: (ParMarkBitMap*) 0x00000000633064f0
 Begin Bits: [0x0000000011d10000, 0x0000000012d10000)
 End Bits:   [0x0000000012d10000, 0x0000000013d10000)

Polling page: 0x0000000000720000

CodeCache: size=245760Kb used=5948Kb max_used=5948Kb free=239811Kb
 bounds [0x00000000021e0000, 0x00000000027c0000, 0x00000000111e0000]
 total_blobs=1726 nmethods=1464 adapters=175
 compilation: enabled

Compilation events (10 events):
Event: 1.399 Thread 0x000000001490e800 nmethod 1464 0x00000000027aed50 code [0x00000000027aef00, 0x00000000027af408]
Event: 1.399 Thread 0x000000001490e800 1466       3       com.android.dx.ssa.SsaMethod::setNewRegCount (18 bytes)
Event: 1.399 Thread 0x000000001490e800 nmethod 1466 0x00000000027af610 code [0x00000000027af760, 0x00000000027af9d0]
Event: 1.400 Thread 0x000000001490e800 1467       3       com.android.dx.ssa.LiteralOpUpgrader::process (14 bytes)
Event: 1.400 Thread 0x000000001490e800 nmethod 1467 0x00000000027afa90 code [0x00000000027afc20, 0x00000000027b0148]
Event: 1.400 Thread 0x000000001490e800 1470       3       com.android.dx.ssa.PhiTypeResolver::run (179 bytes)
Event: 1.401 Thread 0x000000001490e800 nmethod 1470 0x00000000027b03d0 code [0x00000000027b0660, 0x00000000027b1808]
Event: 1.401 Thread 0x000000001490e800 1468       3       com.android.dx.ssa.LiteralOpUpgrader::<init> (10 bytes)
Event: 1.401 Thread 0x000000001490e800 nmethod 1468 0x00000000027b2010 code [0x00000000027b2160, 0x00000000027b2330]
Event: 1.401 Thread 0x000000001490e800 1469       3       java.util.RegularEnumSet::remove (74 bytes)

GC Heap History (2 events):
Event: 1.280 GC heap before
{Heap before GC invocations=1 (full 0):
 PSYoungGen      total 38400K, used 33280K [0x00000000eab00000, 0x00000000ed580000, 0x0000000100000000)
  eden space 33280K, 100% used [0x00000000eab00000,0x00000000ecb80000,0x00000000ecb80000)
  from space 5120K, 0% used [0x00000000ed080000,0x00000000ed080000,0x00000000ed580000)
  to   space 5120K, 0% used [0x00000000ecb80000,0x00000000ecb80000,0x00000000ed080000)
 ParOldGen       total 87552K, used 0K [0x00000000c0000000, 0x00000000c5580000, 0x00000000eab00000)
  object space 87552K, 0% used [0x00000000c0000000,0x00000000c0000000,0x00000000c5580000)
 Metaspace       used 5855K, capacity 6960K, committed 7040K, reserved 1056768K
  class space    used 579K, capacity 616K, committed 640K, reserved 1048576K
Event: 1.297 GC heap after
Heap after GC invocations=1 (full 0):
 PSYoungGen      total 38400K, used 5117K [0x00000000eab00000, 0x00000000ef600000, 0x0000000100000000)
  eden space 33280K, 0% used [0x00000000eab00000,0x00000000eab00000,0x00000000ecb80000)
  from space 5120K, 99% used [0x00000000ecb80000,0x00000000ed07f6b8,0x00000000ed080000)
  to   space 5120K, 0% used [0x00000000ef100000,0x00000000ef100000,0x00000000ef600000)
 ParOldGen       total 87552K, used 3370K [0x00000000c0000000, 0x00000000c5580000, 0x00000000eab00000)
  object space 87552K, 3% used [0x00000000c0000000,0x00000000c034a918,0x00000000c5580000)
 Metaspace       used 5855K, capacity 6960K, committed 7040K, reserved 1056768K
  class space    used 579K, capacity 616K, committed 640K, reserved 1048576K
}

Deoptimization events (10 events):
Event: 1.242 Thread 0x00000000020e0800 Uncommon trap: reason=unstable_if action=reinterpret pc=0x000000000245b120 method=java.lang.String.<init>([CII)V @ 18
Event: 1.264 Thread 0x00000000161f5800 Uncommon trap: reason=null_assert action=make_not_entrant pc=0x00000000025ae0ec method=com.android.dx.dex.cf.AttributeTranslator.getSignature(Lcom/android/dx/cf/iface/AttributeList;)Lcom/android/dx/rop/annotation/Annotation; @ 8
Event: 1.268 Thread 0x00000000161f5800 Uncommon trap: reason=class_check action=maybe_recompile pc=0x000000000258f1a8 method=com.android.dx.rop.type.Type.equals(Ljava/lang/Object;)Z @ 8
Event: 1.268 Thread 0x00000000161f5800 Uncommon trap: reason=class_check action=maybe_recompile pc=0x000000000258f1a8 method=com.android.dx.rop.type.Type.equals(Ljava/lang/Object;)Z @ 8
Event: 1.270 Thread 0x00000000161f5800 Uncommon trap: reason=class_check action=maybe_recompile pc=0x000000000258f1a8 method=com.android.dx.rop.type.Type.equals(Ljava/lang/Object;)Z @ 8
Event: 1.270 Thread 0x00000000161f5800 Uncommon trap: reason=class_check action=maybe_recompile pc=0x000000000258f1a8 method=com.android.dx.rop.type.Type.equals(Ljava/lang/Object;)Z @ 8
Event: 1.271 Thread 0x00000000161f5800 Uncommon trap: reason=unstable_if action=reinterpret pc=0x00000000026f5e20 method=com.android.dx.util.IntList.binarysearch(I)I @ 26
Event: 1.311 Thread 0x00000000161f5800 Uncommon trap: reason=unstable_if action=reinterpret pc=0x000000000272785c method=com.android.dx.ssa.SsaMethod.updateOneDefinition(Lcom/android/dx/ssa/SsaInsn;Lcom/android/dx/rop/code/RegisterSpec;)V @ 4
Event: 1.394 Thread 0x0000000016153800 Uncommon trap: reason=class_check action=maybe_recompile pc=0x00000000027891ac method=com.android.dx.cf.code.BytecodeArray.parseInstruction(ILcom/android/dx/cf/code/BytecodeArray$Visitor;)I @ 875
Event: 1.394 Thread 0x0000000016153800 Uncommon trap: reason=class_check action=maybe_recompile pc=0x00000000027891ac method=com.android.dx.cf.code.BytecodeArray.parseInstruction(ILcom/android/dx/cf/code/BytecodeArray$Visitor;)I @ 875

Internal exceptions (2 events):
Event: 0.095 Thread 0x00000000020e0800 Exception <a 'java/lang/NoSuchMethodError': Method sun.misc.Unsafe.defineClass(Ljava/lang/String;[BII)Ljava/lang/Class; name or signature does not match> (0x00000000eab07cc0) thrown at [D:\re\workspace\8-2-build-windows-amd64-cygwin\jdk8u92\6642\hotspot\srÖ©¬ÎÅV∏?
Event: 0.095 Thread 0x00000000020e0800 Exception <a 'java/lang/NoSuchMethodError': Method sun.misc.Unsafe.prefetchRead(Ljava/lang/Object;J)V name or signature does not match> (0x00000000eab07fa8) thrown at [D:\re\workspace\8-2-build-windows-amd64-cygwin\jdk8u92\6642\hotspot\src\share\vm\prims\j

Events (10 events):
Event: 1.374 loading class com/android/dx/cf/attrib/BaseAnnotations
Event: 1.374 loading class com/android/dx/cf/attrib/BaseAnnotations done
Event: 1.393 Thread 0x0000000016153800 DEOPT PACKING pc=0x00000000024ecbad sp=0x0000000016a1e4b0
Event: 1.393 Thread 0x0000000016153800 DEOPT UNPACKING pc=0x000000000222787f sp=0x0000000016a1e248 mode 0
Event: 1.394 Thread 0x0000000016153800 Uncommon trap: trap_request=0xffffffde fr.pc=0x00000000027891ac
Event: 1.394 Thread 0x0000000016153800 DEOPT PACKING pc=0x00000000027891ac sp=0x0000000016a1e3e0
Event: 1.394 Thread 0x0000000016153800 DEOPT UNPACKING pc=0x000000000222582a sp=0x0000000016a1e340 mode 2
Event: 1.394 Thread 0x0000000016153800 Uncommon trap: trap_request=0xffffffde fr.pc=0x00000000027891ac
Event: 1.394 Thread 0x0000000016153800 DEOPT PACKING pc=0x00000000027891ac sp=0x0000000016a1e3e0
Event: 1.394 Thread 0x0000000016153800 DEOPT UNPACKING pc=0x000000000222582a sp=0x0000000016a1e340 mode 2


Dynamic libraries:
0x00007ff69a890000 - 0x00007ff69a8c7000 	C:\Program Files\Java\jdk1.8.0_92\bin\java.exe
0x00007fff758a0000 - 0x00007fff75a4a000 	C:\Windows\SYSTEM32\ntdll.dll
0x00007fff75760000 - 0x00007fff7589a000 	C:\Windows\system32\KERNEL32.DLL
0x00007fff72ce0000 - 0x00007fff72def000 	C:\Windows\system32\KERNELBASE.dll
0x00007fff71840000 - 0x00007fff718c8000 	C:\Windows\system32\apphelp.dll
0x00007fff4a870000 - 0x00007fff4a8bf000 	C:\Windows\AppPatch\AppPatch64\AcGenral.DLL
0x00007fff73500000 - 0x00007fff735a7000 	C:\Windows\system32\msvcrt.dll
0x00007fff72a50000 - 0x00007fff72a7b000 	C:\Windows\SYSTEM32\SspiCli.dll
0x00007fff73ad0000 - 0x00007fff73b21000 	C:\Windows\system32\SHLWAPI.dll
0x00007fff73320000 - 0x00007fff73491000 	C:\Windows\system32\USER32.dll
0x00007fff75440000 - 0x00007fff755b8000 	C:\Windows\system32\ole32.dll
0x00007fff74020000 - 0x00007fff75437000 	C:\Windows\system32\SHELL32.dll
0x00007fff72280000 - 0x00007fff7229e000 	C:\Windows\SYSTEM32\USERENV.dll
0x00007fff73b30000 - 0x00007fff73bd5000 	C:\Windows\system32\ADVAPI32.dll
0x00007fff6df80000 - 0x00007fff6df9b000 	C:\Windows\SYSTEM32\MPR.dll
0x00007fff73ec0000 - 0x00007fff73ff6000 	C:\Windows\system32\RPCRT4.dll
0x00007fff736c0000 - 0x00007fff73717000 	C:\Windows\SYSTEM32\sechost.dll
0x00007fff73c80000 - 0x00007fff73e56000 	C:\Windows\SYSTEM32\combase.dll
0x00007fff73860000 - 0x00007fff739a5000 	C:\Windows\system32\GDI32.dll
0x00007fff72c10000 - 0x00007fff72c24000 	C:\Windows\SYSTEM32\profapi.dll
0x00007fff71270000 - 0x00007fff7130f000 	C:\Windows\SYSTEM32\SHCORE.dll
0x00007fff739b0000 - 0x00007fff739e4000 	C:\Windows\system32\IMM32.DLL
0x00007fff73720000 - 0x00007fff73859000 	C:\Windows\system32\MSCTF.dll
0x00007fff709f0000 - 0x00007fff70c4a000 	C:\Windows\WinSxS\amd64_microsoft.windows.common-controls_6595b64144ccf1df_6.0.9600.17031_none_6242a4b3ecbb55a1\COMCTL32.dll
0x0000000062460000 - 0x0000000062532000 	C:\Program Files\Java\jdk1.8.0_92\jre\bin\msvcr100.dll
0x0000000062af0000 - 0x0000000063386000 	C:\Program Files\Java\jdk1.8.0_92\jre\bin\server\jvm.dll
0x00007fff69fa0000 - 0x00007fff69fa9000 	C:\Windows\SYSTEM32\WSOCK32.dll
0x00007fff699a0000 - 0x00007fff699bf000 	C:\Windows\SYSTEM32\WINMM.dll
0x00007fff70920000 - 0x00007fff7092a000 	C:\Windows\SYSTEM32\VERSION.dll
0x00007fff73130000 - 0x00007fff73137000 	C:\Windows\system32\PSAPI.DLL
0x00007fff73e60000 - 0x00007fff73eb8000 	C:\Windows\system32\WS2_32.dll
0x00007fff69970000 - 0x00007fff6999a000 	C:\Windows\SYSTEM32\WINMMBASE.dll
0x00007fff74010000 - 0x00007fff74019000 	C:\Windows\system32\NSI.dll
0x00007fff72df0000 - 0x00007fff72e3a000 	C:\Windows\SYSTEM32\cfgmgr32.dll
0x00007fff71a90000 - 0x00007fff71ab6000 	C:\Windows\SYSTEM32\DEVOBJ.dll
0x0000000063730000 - 0x000000006373f000 	C:\Program Files\Java\jdk1.8.0_92\jre\bin\verify.dll
0x0000000063700000 - 0x0000000063729000 	C:\Program Files\Java\jdk1.8.0_92\jre\bin\java.dll
0x00000000636e0000 - 0x00000000636f6000 	C:\Program Files\Java\jdk1.8.0_92\jre\bin\zip.dll

VM Arguments:
jvm_args: -Djava.awt.headless=true -Xmx1024M -Dfile.encoding=windows-1252 -Duser.country=US -Duser.language=en -Duser.variant 
java_command: com.android.dx.command.Main --dex --num-threads=4 --output C:\Zooket\app\build\intermediates\pre-dexed\debug\debug_5ccf4cab1574da45f882bf8c61b5b1367ba8c0ba.jar C:\Zooket\app\build\intermediates\classes\debug
java_class_path (initial): C:\android-sdk-windows\build-tools\24.0.3\lib\dx.jar
Launcher Type: SUN_STANDARD

Environment Variables:
PATH=C:\ProgramData\Oracle\Java\javapath;C:\Windows\system32;C:\Windows;C:\Windows\System32\Wbem;C:\Windows\System32\WindowsPowerShell\v1.0\;C:\Program Files (x86)\NVIDIA Corporation\PhysX\Common;C:\Program Files (x86)\Windows Kits\8.1\Windows Performance Toolkit\;C:\Program Files\Microsoft SQL Server\110\Tools\Binn\;C:\Program Files\Microsoft SQL Server\110\DTS\Binn\;C:\Program Files (x86)\Microsoft SQL Server\110\Tools\Binn\;C:\Program Files (x86)\Microsoft SQL Server\110\Tools\Binn\ManagementStudio\;C:\Program Files (x86)\Microsoft Visual Studio 10.0\Common7\IDE\PrivateAssemblies\;C:\Program Files (x86)\Microsoft SQL Server\110\DTS\Binn\;C:\Program Files (x86)\GtkSharp\2.12\bin;C:\Program Files (x86)\QuickTime\QTSystem\
USERNAME=Smo
OS=Windows_NT
PROCESSOR_IDENTIFIER=Intel64 Family 6 Model 94 Stepping 3, GenuineIntel



---------------  S Y S T E M  ---------------

OS: Windows 8.1 , 64 bit Build 9600 (6.3.9600.17056)

CPU:total 4 (4 cores per cpu, 1 threads per core) family 6 model 94 stepping 3, cmov, cx8, fxsr, mmx, sse, sse2, sse3, ssse3, sse4.1, sse4.2, popcnt, avx, avx2, aes, clmul, erms, 3dnowpref, lzcnt, tsc, tscinvbit, bmi1, bmi2, adx

Memory: 4k page, physical 8266404k(1071248k free), swap 8266404k(5116k free)

vm_info: Java HotSpot(TM) 64-Bit Server VM (25.92-b14) for windows-amd64 JRE (1.8.0_92-b14), built on Mar 31 2016 21:03:04 by "java_re" with MS VC++ 10.0 (VS2010)

time: Wed Jun 07 12:48:25 2017
elapsed time: 1 seconds (0d 0h 0m 1s)

