#
# There is insufficient memory for the Java Runtime Environment to continue.
# Native memory allocation (malloc) failed to allocate 216816 bytes for Chunk::new
# Possible reasons:
#   The system is out of physical RAM or swap space
#   In 32 bit mode, the process size limit was hit
# Possible solutions:
#   Reduce memory load on the system
#   Increase physical memory or swap space
#   Check if swap backing store is full
#   Use 64 bit Java on a 64 bit OS
#   Decrease Java heap size (-Xmx/-Xms)
#   Decrease number of Java threads
#   Decrease Java thread stack sizes (-Xss)
#   Set larger code cache with -XX:ReservedCodeCacheSize=
# This output file may be truncated or incomplete.
#
#  Out of Memory Error (allocation.cpp:390), pid=5516, tid=0x00000000000017d8
#
# JRE version: Java(TM) SE Runtime Environment (8.0_92-b14) (build 1.8.0_92-b14)
# Java VM: Java HotSpot(TM) 64-Bit Server VM (25.92-b14 mixed mode windows-amd64 compressed oops)
# Failed to write core dump. Minidumps are not enabled by default on client versions of Windows
#

---------------  T H R E A D  ---------------

Current thread (0x0000000014531800):  JavaThread "C2 CompilerThread1" daemon [_thread_in_native, id=6104, stack(0x0000000015c70000,0x0000000015d70000)]

Stack: [0x0000000015c70000,0x0000000015d70000]
[error occurred during error reporting (printing stack bounds), id 0xc0000005]

Native frames: (J=compiled Java code, j=interpreted, Vv=VM code, C=native code)


Current CompileTask:
C2:   2954  957       4       com.android.dx.ssa.back.LivenessAnalyzer::handleTailRecursion (94 bytes)


---------------  P R O C E S S  ---------------

Java Threads: ( => current thread )
  0x0000000016121000 JavaThread "pool-1-thread-4" [_thread_in_Java, id=1072, stack(0x0000000016870000,0x0000000016970000)]
  0x0000000016045800 JavaThread "pool-1-thread-3" [_thread_in_Java, id=6672, stack(0x0000000016770000,0x0000000016870000)]
  0x0000000016044800 JavaThread "pool-1-thread-2" [_thread_in_Java, id=5784, stack(0x0000000016670000,0x0000000016770000)]
  0x0000000016037800 JavaThread "pool-2-thread-1" [_thread_blocked, id=8088, stack(0x0000000016570000,0x0000000016670000)]
  0x0000000016035800 JavaThread "pool-1-thread-1" [_thread_in_Java, id=6940, stack(0x0000000016470000,0x0000000016570000)]
  0x0000000015e70800 JavaThread "Service Thread" daemon [_thread_blocked, id=7956, stack(0x0000000016270000,0x0000000016370000)]
  0x000000001458c000 JavaThread "C1 CompilerThread2" daemon [_thread_blocked, id=2040, stack(0x0000000015d70000,0x0000000015e70000)]
=>0x0000000014531800 JavaThread "C2 CompilerThread1" daemon [_thread_in_native, id=6104, stack(0x0000000015c70000,0x0000000015d70000)]
  0x000000001452e000 JavaThread "C2 CompilerThread0" daemon [_thread_in_native, id=4336, stack(0x0000000015b70000,0x0000000015c70000)]
  0x000000001452c000 JavaThread "Attach Listener" daemon [_thread_blocked, id=7708, stack(0x0000000015a70000,0x0000000015b70000)]
  0x000000001452b000 JavaThread "Signal Dispatcher" daemon [_thread_blocked, id=3668, stack(0x0000000015970000,0x0000000015a70000)]
  0x000000001451a800 JavaThread "Finalizer" daemon [_thread_blocked, id=5668, stack(0x0000000015790000,0x0000000015890000)]
  0x0000000001e50800 JavaThread "Reference Handler" daemon [_thread_blocked, id=6928, stack(0x0000000015690000,0x0000000015790000)]
  0x0000000001d62800 JavaThread "main" [_thread_in_Java, id=7844, stack(0x0000000001c60000,0x0000000001d60000)]

Other Threads:
  0x00000000144f8800 VMThread [stack: 0x0000000015590000,0x0000000015690000] [id=1420]
  0x0000000015e79800 WatcherThread [stack: 0x0000000016370000,0x0000000016470000] [id=6496]

VM state:not at safepoint (normal execution)

VM Mutex/Monitor currently owned by a thread: None

Heap:
 PSYoungGen      total 38400K, used 18669K [0x00000000eab00000, 0x00000000ed580000, 0x0000000100000000)
  eden space 33280K, 56% used [0x00000000eab00000,0x00000000ebd3b618,0x00000000ecb80000)
  from space 5120K, 0% used [0x00000000ed080000,0x00000000ed080000,0x00000000ed580000)
  to   space 5120K, 0% used [0x00000000ecb80000,0x00000000ecb80000,0x00000000ed080000)
 ParOldGen       total 87552K, used 0K [0x00000000c0000000, 0x00000000c5580000, 0x00000000eab00000)
  object space 87552K, 0% used [0x00000000c0000000,0x00000000c0000000,0x00000000c5580000)
 Metaspace       used 5805K, capacity 6770K, committed 7040K, reserved 1056768K
  class space    used 597K, capacity 618K, committed 640K, reserved 1048576K

Card table byte_map: [0x0000000011220000,0x0000000011430000] byte_map_base: 0x0000000010c20000

Marking Bits: (ParMarkBitMap*) 0x0000000072dd64f0
 Begin Bits: [0x0000000011990000, 0x0000000012990000)
 End Bits:   [0x0000000012990000, 0x0000000013990000)

Polling page: 0x0000000001b20000

CodeCache: size=245760Kb used=3879Kb max_used=3879Kb free=241881Kb
 bounds [0x0000000001e60000, 0x0000000002240000, 0x0000000010e60000]
 total_blobs=1225 nmethods=955 adapters=181
 compilation: enabled

Compilation events (10 events):
Event: 2.940 Thread 0x000000001452e000 nmethod 951 0x0000000002221e10 code [0x0000000002221f60, 0x00000000022220b8]
Event: 2.940 Thread 0x000000001458c000  953       3       com.android.dx.ssa.PhiInsn::getSources (95 bytes)
Event: 2.940 Thread 0x000000001458c000 nmethod 953 0x0000000002229350 code [0x00000000022295c0, 0x000000000222a5d8]
Event: 2.941 Thread 0x000000001458c000  954       3       com.android.dx.rop.cst.CstKnownNull::getType (4 bytes)
Event: 2.942 Thread 0x000000001458c000 nmethod 954 0x0000000002216b50 code [0x0000000002216ca0, 0x0000000002216df0]
Event: 2.942 Thread 0x000000001458c000  955       3       com.android.dx.rop.code.RegisterSpec::withType (13 bytes)
Event: 2.942 Thread 0x000000001458c000 nmethod 955 0x0000000002216710 code [0x0000000002216880, 0x0000000002216a68]
Event: 2.942 Thread 0x000000001452e000  956       4       com.android.dx.ssa.back.LivenessAnalyzer::liveOutAtStatement (61 bytes)
Event: 2.945 Thread 0x0000000014531800 nmethod 948 0x000000000222d050 code [0x000000000222d1e0, 0x000000000222d8b8]
Event: 2.945 Thread 0x0000000014531800  957       4       com.android.dx.ssa.back.LivenessAnalyzer::handleTailRecursion (94 bytes)

GC Heap History (0 events):
No events

Deoptimization events (1 events):
Event: 2.905 Thread 0x0000000016045800 Uncommon trap: reason=unstable_if action=reinterpret pc=0x0000000002072ff0 method=java.util.BitSet.nextSetBit(I)I @ 87

Internal exceptions (2 events):
Event: 0.148 Thread 0x0000000001d62800 Exception <a 'java/lang/NoSuchMethodError': Method sun.misc.Unsafe.defineClass(Ljava/lang/String;[BII)Ljava/lang/Class; name or signature does not match> (0x00000000eab07cc0) thrown at [D:\re\workspace\8-2-build-windows-amd64-cygwin\jdk8u92\6642\hotspot\srvüÈ÷Â?
Event: 0.148 Thread 0x0000000001d62800 Exception <a 'java/lang/NoSuchMethodError': Method sun.misc.Unsafe.prefetchRead(Ljava/lang/Object;J)V name or signature does not match> (0x00000000eab07fa8) thrown at [D:\re\workspace\8-2-build-windows-amd64-cygwin\jdk8u92\6642\hotspot\src\share\vm\prims\j

Events (10 events):
Event: 2.905 Thread 0x0000000016045800 DEOPT PACKING pc=0x0000000002072ff0 sp=0x000000001686e840
Event: 2.905 Thread 0x0000000016045800 DEOPT UNPACKING pc=0x0000000001ea582a sp=0x000000001686e7d8 mode 2
Event: 2.906 loading class com/android/dx/cf/code/Ropper$ExceptionHandlerSetup
Event: 2.906 loading class com/android/dx/cf/code/Ropper$ExceptionHandlerSetup done
Event: 2.907 loading class com/android/dx/cf/attrib/AttConstantValue
Event: 2.907 loading class com/android/dx/cf/attrib/AttConstantValue done
Event: 2.908 loading class java/util/HashMap$Values
Event: 2.908 loading class java/util/HashMap$Values done
Event: 2.908 loading class java/util/HashMap$ValueIterator
Event: 2.908 loading class java/util/HashMap$ValueIterator done


Dynamic libraries:
0x00007ff643cc0000 - 0x00007ff643cf7000 	C:\Program Files\Java\jdk1.8.0_92\bin\java.exe
0x00007fff95070000 - 0x00007fff9521a000 	C:\Windows\SYSTEM32\ntdll.dll
0x00007fff92d30000 - 0x00007fff92e6a000 	C:\Windows\system32\KERNEL32.DLL
0x00007fff92560000 - 0x00007fff9266f000 	C:\Windows\system32\KERNELBASE.dll
0x00007fff91010000 - 0x00007fff91098000 	C:\Windows\system32\apphelp.dll
0x00007fff72830000 - 0x00007fff7287f000 	C:\Windows\AppPatch\AppPatch64\AcGenral.DLL
0x00007fff92e70000 - 0x00007fff92f17000 	C:\Windows\system32\msvcrt.dll
0x00007fff92220000 - 0x00007fff9224b000 	C:\Windows\SYSTEM32\SspiCli.dll
0x00007fff931f0000 - 0x00007fff93241000 	C:\Windows\system32\SHLWAPI.dll
0x00007fff92a40000 - 0x00007fff92bb1000 	C:\Windows\system32\USER32.dll
0x00007fff93740000 - 0x00007fff938b8000 	C:\Windows\system32\ole32.dll
0x00007fff93a70000 - 0x00007fff94e87000 	C:\Windows\system32\SHELL32.dll
0x00007fff91a50000 - 0x00007fff91a6e000 	C:\Windows\SYSTEM32\USERENV.dll
0x00007fff93120000 - 0x00007fff931c5000 	C:\Windows\system32\ADVAPI32.dll
0x00007fff8d830000 - 0x00007fff8d84b000 	C:\Windows\SYSTEM32\MPR.dll
0x00007fff93250000 - 0x00007fff93386000 	C:\Windows\system32\RPCRT4.dll
0x00007fff930c0000 - 0x00007fff93117000 	C:\Windows\SYSTEM32\sechost.dll
0x00007fff93390000 - 0x00007fff93566000 	C:\Windows\SYSTEM32\combase.dll
0x00007fff938c0000 - 0x00007fff93a05000 	C:\Windows\system32\GDI32.dll
0x00007fff923e0000 - 0x00007fff923f4000 	C:\Windows\SYSTEM32\profapi.dll
0x00007fff90850000 - 0x00007fff908ef000 	C:\Windows\SYSTEM32\SHCORE.dll
0x00007fff929a0000 - 0x00007fff929d4000 	C:\Windows\system32\IMM32.DLL
0x00007fff92bc0000 - 0x00007fff92cf9000 	C:\Windows\system32\MSCTF.dll
0x00007fff900b0000 - 0x00007fff9030a000 	C:\Windows\WinSxS\amd64_microsoft.windows.common-controls_6595b64144ccf1df_6.0.9600.17031_none_6242a4b3ecbb55a1\COMCTL32.dll
0x00000000721c0000 - 0x0000000072292000 	C:\Program Files\Java\jdk1.8.0_92\jre\bin\msvcr100.dll
0x00000000725c0000 - 0x0000000072e56000 	C:\Program Files\Java\jdk1.8.0_92\jre\bin\server\jvm.dll
0x00007fff8be90000 - 0x00007fff8be99000 	C:\Windows\SYSTEM32\WSOCK32.dll
0x00007fff89000000 - 0x00007fff8901f000 	C:\Windows\SYSTEM32\WINMM.dll
0x00007fff8fff0000 - 0x00007fff8fffa000 	C:\Windows\SYSTEM32\VERSION.dll
0x00007fff92d00000 - 0x00007fff92d07000 	C:\Windows\system32\PSAPI.DLL
0x00007fff936e0000 - 0x00007fff93738000 	C:\Windows\system32\WS2_32.dll
0x00007fff86ca0000 - 0x00007fff86cca000 	C:\Windows\SYSTEM32\WINMMBASE.dll
0x00007fff931d0000 - 0x00007fff931d9000 	C:\Windows\system32\NSI.dll
0x00007fff92670000 - 0x00007fff926ba000 	C:\Windows\SYSTEM32\cfgmgr32.dll
0x00007fff91270000 - 0x00007fff91296000 	C:\Windows\SYSTEM32\DEVOBJ.dll
0x0000000073150000 - 0x000000007315f000 	C:\Program Files\Java\jdk1.8.0_92\jre\bin\verify.dll
0x0000000073120000 - 0x0000000073149000 	C:\Program Files\Java\jdk1.8.0_92\jre\bin\java.dll
0x0000000073100000 - 0x0000000073116000 	C:\Program Files\Java\jdk1.8.0_92\jre\bin\zip.dll

VM Arguments:
jvm_args: -Djava.awt.headless=true -Xmx1024M -Dfile.encoding=windows-1252 -Duser.country=US -Duser.language=en -Duser.variant 
java_command: com.android.dx.command.Main --dex --force-jumbo --num-threads=4 --output C:\Zooket\app\build\intermediates\pre-dexed\debug\com.google.android.gms-play-services-appindexing-9.0.1_576137b09de5bd7d943e0149285650892e092954.jar C:\Zooket\app\build\intermediates\exploded-aar\com.google.android.gms\play-services-appindexing\9.0.1\jars\classes.jar
java_class_path (initial): C:\android-sdk-windows\build-tools\24.0.3\lib\dx.jar
Launcher Type: SUN_STANDARD

Environment Variables:
PATH=C:\ProgramData\Oracle\Java\javapath;C:\Windows\system32;C:\Windows;C:\Windows\System32\Wbem;C:\Windows\System32\WindowsPowerShell\v1.0\;C:\Program Files (x86)\NVIDIA Corporation\PhysX\Common;C:\Program Files (x86)\Windows Kits\8.1\Windows Performance Toolkit\;C:\Program Files\Microsoft SQL Server\110\Tools\Binn\;C:\Program Files\Microsoft SQL Server\110\DTS\Binn\;C:\Program Files (x86)\Microsoft SQL Server\110\Tools\Binn\;C:\Program Files (x86)\Microsoft SQL Server\110\Tools\Binn\ManagementStudio\;C:\Program Files (x86)\Microsoft Visual Studio 10.0\Common7\IDE\PrivateAssemblies\;C:\Program Files (x86)\Microsoft SQL Server\110\DTS\Binn\;C:\Program Files (x86)\GtkSharp\2.12\bin;C:\Program Files (x86)\QuickTime\QTSystem\
USERNAME=Smo
OS=Windows_NT
PROCESSOR_IDENTIFIER=Intel64 Family 6 Model 94 Stepping 3, GenuineIntel



---------------  S Y S T E M  ---------------

OS: Windows 8.1 , 64 bit Build 9600 (6.3.9600.17056)

CPU:total 4 (4 cores per cpu, 1 threads per core) family 6 model 94 stepping 3, cmov, cx8, fxsr, mmx, sse, sse2, sse3, ssse3, sse4.1, sse4.2, popcnt, avx, avx2, aes, clmul, erms, 3dnowpref, lzcnt, tsc, tscinvbit, bmi1, bmi2, adx

Memory: 4k page, physical 8266404k(991436k free), swap 8266404k(5232k free)

vm_info: Java HotSpot(TM) 64-Bit Server VM (25.92-b14) for windows-amd64 JRE (1.8.0_92-b14), built on Mar 31 2016 21:03:04 by "java_re" with MS VC++ 10.0 (VS2010)

time: Tue May 23 12:27:10 2017
elapsed time: 2 seconds (0d 0h 0m 2s)

