#
# There is insufficient memory for the Java Runtime Environment to continue.
# Native memory allocation (malloc) failed to allocate 2309616 bytes for Chunk::new
# Possible reasons:
#   The system is out of physical RAM or swap space
#   In 32 bit mode, the process size limit was hit
# Possible solutions:
#   Reduce memory load on the system
#   Increase physical memory or swap space
#   Check if swap backing store is full
#   Use 64 bit Java on a 64 bit OS
#   Decrease Java heap size (-Xmx/-Xms)
#   Decrease number of Java threads
#   Decrease Java thread stack sizes (-Xss)
#   Set larger code cache with -XX:ReservedCodeCacheSize=
# This output file may be truncated or incomplete.
#
#  Out of Memory Error (allocation.cpp:390), pid=8460, tid=0x0000000000001ad0
#
# JRE version: Java(TM) SE Runtime Environment (8.0_92-b14) (build 1.8.0_92-b14)
# Java VM: Java HotSpot(TM) 64-Bit Server VM (25.92-b14 mixed mode windows-amd64 compressed oops)
# Failed to write core dump. Minidumps are not enabled by default on client versions of Windows
#

---------------  T H R E A D  ---------------

Current thread (0x000000001496e000):  JavaThread "C2 CompilerThread0" daemon [_thread_in_native, id=6864, stack(0x0000000016000000,0x0000000016100000)]

Stack: [0x0000000016000000,0x0000000016100000]
[error occurred during error reporting (printing stack bounds), id 0xc0000005]

Native frames: (J=compiled Java code, j=interpreted, Vv=VM code, C=native code)


Current CompileTask:
C2:   1520 1396   !   4       com.android.dx.cf.cst.ConstantPoolParser::parse0 (731 bytes)


---------------  P R O C E S S  ---------------

Java Threads: ( => current thread )
  0x00000000164e5000 JavaThread "pool-1-thread-4" [_thread_in_Java, id=6680, stack(0x0000000016d00000,0x0000000016e00000)]
  0x000000001648b000 JavaThread "pool-1-thread-3" [_thread_blocked, id=9212, stack(0x0000000016c00000,0x0000000016d00000)]
  0x000000001648a000 JavaThread "pool-1-thread-2" [_thread_blocked, id=7384, stack(0x0000000016b00000,0x0000000016c00000)]
  0x0000000016487800 JavaThread "pool-2-thread-1" [_thread_blocked, id=5208, stack(0x0000000016a00000,0x0000000016b00000)]
  0x0000000016466800 JavaThread "pool-1-thread-1" [_thread_blocked, id=8948, stack(0x0000000016900000,0x0000000016a00000)]
  0x0000000016206800 JavaThread "Service Thread" daemon [_thread_blocked, id=7864, stack(0x0000000016700000,0x0000000016800000)]
  0x0000000016201000 JavaThread "C1 CompilerThread2" daemon [_thread_blocked, id=2028, stack(0x0000000016600000,0x0000000016700000)]
  0x00000000149c7800 JavaThread "C2 CompilerThread1" daemon [_thread_in_native, id=4120, stack(0x0000000016100000,0x0000000016200000)]
=>0x000000001496e000 JavaThread "C2 CompilerThread0" daemon [_thread_in_native, id=6864, stack(0x0000000016000000,0x0000000016100000)]
  0x000000001496c000 JavaThread "Attach Listener" daemon [_thread_blocked, id=6276, stack(0x0000000015f00000,0x0000000016000000)]
  0x000000001496b000 JavaThread "Signal Dispatcher" daemon [_thread_blocked, id=8912, stack(0x0000000015e00000,0x0000000015f00000)]
  0x000000001495a800 JavaThread "Finalizer" daemon [_thread_blocked, id=8372, stack(0x0000000015bf0000,0x0000000015cf0000)]
  0x0000000002290800 JavaThread "Reference Handler" daemon [_thread_blocked, id=9152, stack(0x0000000015af0000,0x0000000015bf0000)]
  0x00000000021a2800 JavaThread "main" [_thread_in_Java, id=8884, stack(0x00000000020a0000,0x00000000021a0000)]

Other Threads:
  0x0000000014938800 VMThread [stack: 0x00000000159f0000,0x0000000015af0000] [id=8896]
  0x0000000016221800 WatcherThread [stack: 0x0000000016800000,0x0000000016900000] [id=4360]

VM state:not at safepoint (normal execution)

VM Mutex/Monitor currently owned by a thread: None

Heap:
 PSYoungGen      total 38400K, used 30080K [0x00000000eab00000, 0x00000000ed580000, 0x0000000100000000)
  eden space 33280K, 75% used [0x00000000eab00000,0x00000000ec367c28,0x00000000ecb80000)
  from space 5120K, 99% used [0x00000000ecb80000,0x00000000ed078470,0x00000000ed080000)
  to   space 5120K, 0% used [0x00000000ed080000,0x00000000ed080000,0x00000000ed580000)
 ParOldGen       total 87552K, used 986K [0x00000000c0000000, 0x00000000c5580000, 0x00000000eab00000)
  object space 87552K, 1% used [0x00000000c0000000,0x00000000c00f69a8,0x00000000c5580000)
 Metaspace       used 6199K, capacity 7090K, committed 7296K, reserved 1056768K
  class space    used 601K, capacity 618K, committed 640K, reserved 1048576K

Card table byte_map: [0x0000000011660000,0x0000000011870000] byte_map_base: 0x0000000011060000

Marking Bits: (ParMarkBitMap*) 0x00000000633064f0
 Begin Bits: [0x0000000011dd0000, 0x0000000012dd0000)
 End Bits:   [0x0000000012dd0000, 0x0000000013dd0000)

Polling page: 0x0000000000920000

CodeCache: size=245760Kb used=6086Kb max_used=6098Kb free=239673Kb
 bounds [0x00000000022a0000, 0x00000000028a0000, 0x00000000112a0000]
 total_blobs=1746 nmethods=1478 adapters=181
 compilation: enabled

Compilation events (10 events):
Event: 1.485 Thread 0x00000000149c7800 nmethod 1469 0x0000000002891110 code [0x0000000002891240, 0x00000000028912f8]
Event: 1.485 Thread 0x00000000149c7800 1487       4       com.android.dx.rop.code.ThrowingCstInsn::accept (8 bytes)
Event: 1.486 Thread 0x00000000149c7800 nmethod 1487 0x000000000274f950 code [0x000000000274fa80, 0x000000000274faf8]
Event: 1.486 Thread 0x00000000149c7800 1460       4       com.android.dx.rop.code.PlainInsn::withNewRegisters (18 bytes)
Event: 1.487 Thread 0x00000000149c7800 nmethod 1460 0x00000000028922d0 code [0x0000000002892420, 0x00000000028925d8]
Event: 1.487 Thread 0x00000000149c7800 1455       4       com.android.dx.ssa.back.LivenessAnalyzer::<init> (55 bytes)
Event: 1.490 Thread 0x00000000149c7800 nmethod 1455 0x0000000002891b10 code [0x0000000002891c80, 0x0000000002892058]
Event: 1.490 Thread 0x00000000149c7800 1488       4       com.android.dx.ssa.Dominators$DfsWalker::visitBlock (59 bytes)
Event: 1.495 Thread 0x00000000149c7800 nmethod 1488 0x0000000002893510 code [0x0000000002893680, 0x0000000002893bd8]
Event: 1.495 Thread 0x00000000149c7800 1491       4       com.android.dx.ssa.SCCP::simulateStmt (481 bytes)

GC Heap History (2 events):
Event: 1.102 GC heap before
{Heap before GC invocations=1 (full 0):
 PSYoungGen      total 38400K, used 33280K [0x00000000eab00000, 0x00000000ed580000, 0x0000000100000000)
  eden space 33280K, 100% used [0x00000000eab00000,0x00000000ecb80000,0x00000000ecb80000)
  from space 5120K, 0% used [0x00000000ed080000,0x00000000ed080000,0x00000000ed580000)
  to   space 5120K, 0% used [0x00000000ecb80000,0x00000000ecb80000,0x00000000ed080000)
 ParOldGen       total 87552K, used 0K [0x00000000c0000000, 0x00000000c5580000, 0x00000000eab00000)
  object space 87552K, 0% used [0x00000000c0000000,0x00000000c0000000,0x00000000c5580000)
 Metaspace       used 6129K, capacity 7026K, committed 7296K, reserved 1056768K
  class space    used 601K, capacity 618K, committed 640K, reserved 1048576K
Event: 1.112 GC heap after
Heap after GC invocations=1 (full 0):
 PSYoungGen      total 38400K, used 5089K [0x00000000eab00000, 0x00000000ed580000, 0x0000000100000000)
  eden space 33280K, 0% used [0x00000000eab00000,0x00000000eab00000,0x00000000ecb80000)
  from space 5120K, 99% used [0x00000000ecb80000,0x00000000ed078470,0x00000000ed080000)
  to   space 5120K, 0% used [0x00000000ed080000,0x00000000ed080000,0x00000000ed580000)
 ParOldGen       total 87552K, used 986K [0x00000000c0000000, 0x00000000c5580000, 0x00000000eab00000)
  object space 87552K, 1% used [0x00000000c0000000,0x00000000c00f69a8,0x00000000c5580000)
 Metaspace       used 6129K, capacity 7026K, committed 7296K, reserved 1056768K
  class space    used 601K, capacity 618K, committed 640K, reserved 1048576K
}

Deoptimization events (10 events):
Event: 0.659 Thread 0x00000000164e5000 Uncommon trap: reason=class_check action=maybe_recompile pc=0x0000000002558ebc method=com.android.dx.ssa.NormalSsaInsn.accept(Lcom/android/dx/ssa/SsaInsn$Visitor;)V @ 9
Event: 0.659 Thread 0x00000000164e5000 Uncommon trap: reason=class_check action=maybe_recompile pc=0x000000000252d470 method=com.android.dx.ssa.NormalSsaInsn.accept(Lcom/android/dx/ssa/SsaInsn$Visitor;)V @ 9
Event: 0.659 Thread 0x00000000164e5000 Uncommon trap: reason=class_check action=maybe_recompile pc=0x000000000252d470 method=com.android.dx.ssa.NormalSsaInsn.accept(Lcom/android/dx/ssa/SsaInsn$Visitor;)V @ 9
Event: 0.664 Thread 0x00000000164e5000 Uncommon trap: reason=class_check action=maybe_recompile pc=0x0000000002558ebc method=com.android.dx.ssa.NormalSsaInsn.accept(Lcom/android/dx/ssa/SsaInsn$Visitor;)V @ 9
Event: 0.975 Thread 0x000000001648b000 Uncommon trap: reason=unstable_if action=reinterpret pc=0x0000000002773d80 method=com.android.dx.ssa.SCCP.simulateStmt(Lcom/android/dx/ssa/SsaInsn;)V @ 53
Event: 1.122 Thread 0x000000001648a000 Uncommon trap: reason=unstable_if action=reinterpret pc=0x00000000025ded80 method=com.android.dx.rop.code.RegisterSpecSet.<init>(I)V @ 2
Event: 1.376 Thread 0x00000000164e5000 Uncommon trap: reason=unstable_if action=reinterpret pc=0x00000000027f56fc method=java.util.BitSet.clone()Ljava/lang/Object; @ 4
Event: 1.447 Thread 0x00000000021a2800 Uncommon trap: reason=unstable_if action=reinterpret pc=0x00000000026569fc method=com.android.dx.util.IntList.binarysearch(I)I @ 105
Event: 1.453 Thread 0x000000001648a000 Uncommon trap: reason=unloaded action=reinterpret pc=0x000000000285bed8 method=com.android.dx.ssa.LiteralOpUpgrader$1.visitNonMoveInsn(Lcom/android/dx/ssa/NormalSsaInsn;)V @ 72
Event: 1.454 Thread 0x000000001648a000 Uncommon trap: reason=unstable_if action=reinterpret pc=0x00000000026a909c method=com.android.dx.ssa.SsaMethod.updateOneDefinition(Lcom/android/dx/ssa/SsaInsn;Lcom/android/dx/rop/code/RegisterSpec;)V @ 4

Internal exceptions (2 events):
Event: 0.043 Thread 0x00000000021a2800 Exception <a 'java/lang/NoSuchMethodError': Method sun.misc.Unsafe.defineClass(Ljava/lang/String;[BII)Ljava/lang/Class; name or signature does not match> (0x00000000eab07cc0) thrown at [D:\re\workspace\8-2-build-windows-amd64-cygwin\jdk8u92\6642\hotspot\srá‘¢z~:¦?
Event: 0.043 Thread 0x00000000021a2800 Exception <a 'java/lang/NoSuchMethodError': Method sun.misc.Unsafe.prefetchRead(Ljava/lang/Object;J)V name or signature does not match> (0x00000000eab07fa8) thrown at [D:\re\workspace\8-2-build-windows-amd64-cygwin\jdk8u92\6642\hotspot\src\share\vm\prims\j

Events (10 events):
Event: 1.447 Thread 0x00000000021a2800 DEOPT PACKING pc=0x00000000026569fc sp=0x000000000219e0d0
Event: 1.447 Thread 0x00000000021a2800 DEOPT UNPACKING pc=0x00000000022e582a sp=0x000000000219e048 mode 2
Event: 1.453 Thread 0x000000001648a000 Uncommon trap: trap_request=0x0000004e fr.pc=0x000000000285bed8
Event: 1.453 loading class com/android/dx/rop/code/RegOps
Event: 1.453 loading class com/android/dx/rop/code/RegOps done
Event: 1.453 Thread 0x000000001648a000 DEOPT PACKING pc=0x000000000285bed8 sp=0x0000000016bfe620
Event: 1.453 Thread 0x000000001648a000 DEOPT UNPACKING pc=0x00000000022e582a sp=0x0000000016bfe5f8 mode 2
Event: 1.454 Thread 0x000000001648a000 Uncommon trap: trap_request=0xffffff65 fr.pc=0x00000000026a909c
Event: 1.454 Thread 0x000000001648a000 DEOPT PACKING pc=0x00000000026a909c sp=0x0000000016bfe470
Event: 1.454 Thread 0x000000001648a000 DEOPT UNPACKING pc=0x00000000022e582a sp=0x0000000016bfe418 mode 2


Dynamic libraries:
0x00007ff69a890000 - 0x00007ff69a8c7000 	C:\Program Files\Java\jdk1.8.0_92\bin\java.exe
0x00007fff758a0000 - 0x00007fff75a4a000 	C:\Windows\SYSTEM32\ntdll.dll
0x00007fff75760000 - 0x00007fff7589a000 	C:\Windows\system32\KERNEL32.DLL
0x00007fff72ce0000 - 0x00007fff72def000 	C:\Windows\system32\KERNELBASE.dll
0x00007fff71840000 - 0x00007fff718c8000 	C:\Windows\system32\apphelp.dll
0x00007fff5bfa0000 - 0x00007fff5bfef000 	C:\Windows\AppPatch\AppPatch64\AcGenral.DLL
0x00007fff73500000 - 0x00007fff735a7000 	C:\Windows\system32\msvcrt.dll
0x00007fff72a50000 - 0x00007fff72a7b000 	C:\Windows\SYSTEM32\SspiCli.dll
0x00007fff73ad0000 - 0x00007fff73b21000 	C:\Windows\system32\SHLWAPI.dll
0x00007fff73320000 - 0x00007fff73491000 	C:\Windows\system32\USER32.dll
0x00007fff75440000 - 0x00007fff755b8000 	C:\Windows\system32\ole32.dll
0x00007fff74020000 - 0x00007fff75437000 	C:\Windows\system32\SHELL32.dll
0x00007fff72280000 - 0x00007fff7229e000 	C:\Windows\SYSTEM32\USERENV.dll
0x00007fff73b30000 - 0x00007fff73bd5000 	C:\Windows\system32\ADVAPI32.dll
0x00007fff6df80000 - 0x00007fff6df9b000 	C:\Windows\SYSTEM32\MPR.dll
0x00007fff73ec0000 - 0x00007fff73ff6000 	C:\Windows\system32\RPCRT4.dll
0x00007fff736c0000 - 0x00007fff73717000 	C:\Windows\SYSTEM32\sechost.dll
0x00007fff73c80000 - 0x00007fff73e56000 	C:\Windows\SYSTEM32\combase.dll
0x00007fff73860000 - 0x00007fff739a5000 	C:\Windows\system32\GDI32.dll
0x00007fff72c10000 - 0x00007fff72c24000 	C:\Windows\SYSTEM32\profapi.dll
0x00007fff71270000 - 0x00007fff7130f000 	C:\Windows\SYSTEM32\SHCORE.dll
0x00007fff739b0000 - 0x00007fff739e4000 	C:\Windows\system32\IMM32.DLL
0x00007fff73720000 - 0x00007fff73859000 	C:\Windows\system32\MSCTF.dll
0x00007fff709f0000 - 0x00007fff70c4a000 	C:\Windows\WinSxS\amd64_microsoft.windows.common-controls_6595b64144ccf1df_6.0.9600.17031_none_6242a4b3ecbb55a1\COMCTL32.dll
0x0000000062460000 - 0x0000000062532000 	C:\Program Files\Java\jdk1.8.0_92\jre\bin\msvcr100.dll
0x0000000062af0000 - 0x0000000063386000 	C:\Program Files\Java\jdk1.8.0_92\jre\bin\server\jvm.dll
0x00007fff69fa0000 - 0x00007fff69fa9000 	C:\Windows\SYSTEM32\WSOCK32.dll
0x00007fff699a0000 - 0x00007fff699bf000 	C:\Windows\SYSTEM32\WINMM.dll
0x00007fff70920000 - 0x00007fff7092a000 	C:\Windows\SYSTEM32\VERSION.dll
0x00007fff73130000 - 0x00007fff73137000 	C:\Windows\system32\PSAPI.DLL
0x00007fff73e60000 - 0x00007fff73eb8000 	C:\Windows\system32\WS2_32.dll
0x00007fff69970000 - 0x00007fff6999a000 	C:\Windows\SYSTEM32\WINMMBASE.dll
0x00007fff74010000 - 0x00007fff74019000 	C:\Windows\system32\NSI.dll
0x00007fff72df0000 - 0x00007fff72e3a000 	C:\Windows\SYSTEM32\cfgmgr32.dll
0x00007fff71a90000 - 0x00007fff71ab6000 	C:\Windows\SYSTEM32\DEVOBJ.dll
0x0000000063730000 - 0x000000006373f000 	C:\Program Files\Java\jdk1.8.0_92\jre\bin\verify.dll
0x0000000063700000 - 0x0000000063729000 	C:\Program Files\Java\jdk1.8.0_92\jre\bin\java.dll
0x00000000636e0000 - 0x00000000636f6000 	C:\Program Files\Java\jdk1.8.0_92\jre\bin\zip.dll

VM Arguments:
jvm_args: -Djava.awt.headless=true -Xmx1024M -Dfile.encoding=windows-1252 -Duser.country=US -Duser.language=en -Duser.variant 
java_command: com.android.dx.command.Main --dex --num-threads=4 --output C:\Zooket\app\build\intermediates\pre-dexed\debug\com.google.android.gms-play-services-ads-lite-9.0.1_2dc38df99dc4eaaa10a9c5a6696f16713e6572a1.jar C:\Zooket\app\build\intermediates\exploded-aar\com.google.android.gms\play-services-ads-lite\9.0.1\jars\classes.jar
java_class_path (initial): C:\android-sdk-windows\build-tools\24.0.3\lib\dx.jar
Launcher Type: SUN_STANDARD

Environment Variables:
PATH=C:\ProgramData\Oracle\Java\javapath;C:\Windows\system32;C:\Windows;C:\Windows\System32\Wbem;C:\Windows\System32\WindowsPowerShell\v1.0\;C:\Program Files (x86)\NVIDIA Corporation\PhysX\Common;C:\Program Files (x86)\Windows Kits\8.1\Windows Performance Toolkit\;C:\Program Files\Microsoft SQL Server\110\Tools\Binn\;C:\Program Files\Microsoft SQL Server\110\DTS\Binn\;C:\Program Files (x86)\Microsoft SQL Server\110\Tools\Binn\;C:\Program Files (x86)\Microsoft SQL Server\110\Tools\Binn\ManagementStudio\;C:\Program Files (x86)\Microsoft Visual Studio 10.0\Common7\IDE\PrivateAssemblies\;C:\Program Files (x86)\Microsoft SQL Server\110\DTS\Binn\;C:\Program Files (x86)\GtkSharp\2.12\bin;C:\Program Files (x86)\QuickTime\QTSystem\
USERNAME=Smo
OS=Windows_NT
PROCESSOR_IDENTIFIER=Intel64 Family 6 Model 94 Stepping 3, GenuineIntel



---------------  S Y S T E M  ---------------

OS: Windows 8.1 , 64 bit Build 9600 (6.3.9600.17056)

CPU:total 4 (4 cores per cpu, 1 threads per core) family 6 model 94 stepping 3, cmov, cx8, fxsr, mmx, sse, sse2, sse3, ssse3, sse4.1, sse4.2, popcnt, avx, avx2, aes, clmul, erms, 3dnowpref, lzcnt, tsc, tscinvbit, bmi1, bmi2, adx

Memory: 4k page, physical 8266404k(961388k free), swap 8266404k(5584k free)

vm_info: Java HotSpot(TM) 64-Bit Server VM (25.92-b14) for windows-amd64 JRE (1.8.0_92-b14), built on Mar 31 2016 21:03:04 by "java_re" with MS VC++ 10.0 (VS2010)

time: Wed Jun 07 12:50:20 2017
elapsed time: 1 seconds (0d 0h 0m 1s)

