#
# There is insufficient memory for the Java Runtime Environment to continue.
# Native memory allocation (malloc) failed to allocate 164016 bytes for Chunk::new
# Possible reasons:
#   The system is out of physical RAM or swap space
#   In 32 bit mode, the process size limit was hit
# Possible solutions:
#   Reduce memory load on the system
#   Increase physical memory or swap space
#   Check if swap backing store is full
#   Use 64 bit Java on a 64 bit OS
#   Decrease Java heap size (-Xmx/-Xms)
#   Decrease number of Java threads
#   Decrease Java thread stack sizes (-Xss)
#   Set larger code cache with -XX:ReservedCodeCacheSize=
# This output file may be truncated or incomplete.
#
#  Out of Memory Error (allocation.cpp:390), pid=8392, tid=0x0000000000000f74
#
# JRE version: Java(TM) SE Runtime Environment (8.0_92-b14) (build 1.8.0_92-b14)
# Java VM: Java HotSpot(TM) 64-Bit Server VM (25.92-b14 mixed mode windows-amd64 compressed oops)
# Failed to write core dump. Minidumps are not enabled by default on client versions of Windows
#

---------------  T H R E A D  ---------------

Current thread (0x000000001468f800):  JavaThread "C2 CompilerThread0" daemon [_thread_in_native, id=3956, stack(0x0000000015d10000,0x0000000015e10000)]

Stack: [0x0000000015d10000,0x0000000015e10000]
[error occurred during error reporting (printing stack bounds), id 0xc0000005]

Native frames: (J=compiled Java code, j=interpreted, Vv=VM code, C=native code)


Current CompileTask:
C2:    638  918       4       com.android.dx.ssa.back.LivenessAnalyzer::liveOutAtStatement (61 bytes)


---------------  P R O C E S S  ---------------

Java Threads: ( => current thread )
  0x00000000161a0000 JavaThread "pool-1-thread-4" [_thread_blocked, id=8724, stack(0x0000000016a10000,0x0000000016b10000)]
  0x000000001619a800 JavaThread "pool-1-thread-3" [_thread_in_Java, id=1564, stack(0x0000000016910000,0x0000000016a10000)]
  0x000000001619a000 JavaThread "pool-1-thread-2" [_thread_blocked, id=5308, stack(0x0000000016810000,0x0000000016910000)]
  0x000000001618c000 JavaThread "pool-2-thread-1" [_thread_blocked, id=7640, stack(0x0000000016710000,0x0000000016810000)]
  0x0000000016156000 JavaThread "pool-1-thread-1" [_thread_blocked, id=9316, stack(0x0000000016610000,0x0000000016710000)]
  0x0000000015f17800 JavaThread "Service Thread" daemon [_thread_blocked, id=4576, stack(0x0000000016410000,0x0000000016510000)]
  0x0000000015f12000 JavaThread "C1 CompilerThread2" daemon [_thread_in_vm, id=10212, stack(0x0000000016310000,0x0000000016410000)]
  0x00000000146e8800 JavaThread "C2 CompilerThread1" daemon [_thread_in_native, id=5464, stack(0x0000000015e10000,0x0000000015f10000)]
=>0x000000001468f800 JavaThread "C2 CompilerThread0" daemon [_thread_in_native, id=3956, stack(0x0000000015d10000,0x0000000015e10000)]
  0x000000001468e000 JavaThread "Attach Listener" daemon [_thread_blocked, id=8280, stack(0x0000000015c10000,0x0000000015d10000)]
  0x000000001468a800 JavaThread "Signal Dispatcher" daemon [_thread_blocked, id=10076, stack(0x0000000015b10000,0x0000000015c10000)]
  0x000000001467a800 JavaThread "Finalizer" daemon [_thread_blocked, id=4720, stack(0x0000000015900000,0x0000000015a00000)]
  0x0000000001f80800 JavaThread "Reference Handler" daemon [_thread_blocked, id=9000, stack(0x0000000015800000,0x0000000015900000)]
  0x0000000001e92800 JavaThread "main" [_thread_in_Java, id=2368, stack(0x0000000001d70000,0x0000000001e70000)]

Other Threads:
  0x0000000014658800 VMThread [stack: 0x0000000015700000,0x0000000015800000] [id=9448]
  0x0000000015f2a000 WatcherThread [stack: 0x0000000016510000,0x0000000016610000] [id=10156]

VM state:not at safepoint (normal execution)

VM Mutex/Monitor currently owned by a thread: None

Heap:
 PSYoungGen      total 38400K, used 23317K [0x00000000eab00000, 0x00000000ed580000, 0x0000000100000000)
  eden space 33280K, 70% used [0x00000000eab00000,0x00000000ec1c5588,0x00000000ecb80000)
  from space 5120K, 0% used [0x00000000ed080000,0x00000000ed080000,0x00000000ed580000)
  to   space 5120K, 0% used [0x00000000ecb80000,0x00000000ecb80000,0x00000000ed080000)
 ParOldGen       total 87552K, used 0K [0x00000000c0000000, 0x00000000c5580000, 0x00000000eab00000)
  object space 87552K, 0% used [0x00000000c0000000,0x00000000c0000000,0x00000000c5580000)
 Metaspace       used 5850K, capacity 6768K, committed 7040K, reserved 1056768K
  class space    used 599K, capacity 616K, committed 640K, reserved 1048576K

Card table byte_map: [0x0000000011360000,0x0000000011570000] byte_map_base: 0x0000000010d60000

Marking Bits: (ParMarkBitMap*) 0x000000006bf164f0
 Begin Bits: [0x0000000011ad0000, 0x0000000012ad0000)
 End Bits:   [0x0000000012ad0000, 0x0000000013ad0000)

Polling page: 0x0000000000600000

CodeCache: size=245760Kb used=3844Kb max_used=3845Kb free=241915Kb
 bounds [0x0000000001fa0000, 0x0000000002370000, 0x0000000010fa0000]
 total_blobs=1224 nmethods=955 adapters=182
 compilation: enabled

Compilation events (10 events):
Event: 0.635 Thread 0x0000000015f12000 nmethod 952 0x000000000235bd10 code [0x000000000235c0a0, 0x000000000235e2e8]
Event: 0.635 Thread 0x0000000015f12000  957       3       com.android.dx.dex.code.CstInsn::<init> (39 bytes)
Event: 0.635 Thread 0x0000000015f12000 nmethod 957 0x000000000235f510 code [0x000000000235f6a0, 0x000000000235f9b8]
Event: 0.635 Thread 0x0000000015f12000  946       3       com.android.dx.rop.code.PlainCstInsn::withNewRegisters (22 bytes)
Event: 0.636 Thread 0x0000000015f12000 nmethod 946 0x0000000002362e50 code [0x0000000002363000, 0x0000000002363748]
Event: 0.636 Thread 0x000000001468f800 nmethod 930 0x0000000002363a90 code [0x0000000002363c00, 0x0000000002364338]
Event: 0.636 Thread 0x000000001468f800  918       4       com.android.dx.ssa.back.LivenessAnalyzer::liveOutAtStatement (61 bytes)
Event: 0.637 Thread 0x0000000015f12000  958       3       com.android.dx.rop.code.Rop::isCommutative (60 bytes)
Event: 0.637 Thread 0x0000000015f12000 nmethod 958 0x0000000002362ad0 code [0x0000000002362c20, 0x0000000002362db0]
Event: 0.638 Thread 0x0000000015f12000  959       3       com.android.dx.cf.code.Ropper::addBlock (37 bytes)

GC Heap History (0 events):
No events

Deoptimization events (7 events):
Event: 0.163 Thread 0x0000000001e92800 Uncommon trap: reason=unstable_if action=reinterpret pc=0x00000000020fb354 method=java.lang.String.compareTo(Ljava/lang/String;)I @ 38
Event: 0.360 Thread 0x000000001619a800 Uncommon trap: reason=unstable_if action=reinterpret pc=0x00000000021a9fe4 method=java.util.HashMap.getNode(ILjava/lang/Object;)Ljava/util/HashMap$Node; @ 129
Event: 0.568 Thread 0x000000001619a000 Uncommon trap: reason=unstable_if action=reinterpret pc=0x00000000021c0e30 method=java.util.BitSet.nextSetBit(I)I @ 87
Event: 0.572 Thread 0x0000000016156000 Uncommon trap: reason=unstable_if action=reinterpret pc=0x00000000022b69cc method=com.android.dx.rop.code.LocalItem.hashCode()I @ 25
Event: 0.602 Thread 0x000000001619a800 Uncommon trap: reason=class_check action=maybe_recompile pc=0x00000000022b8968 method=com.android.dx.rop.type.Type.equals(Ljava/lang/Object;)Z @ 8
Event: 0.616 Thread 0x000000001619a800 Uncommon trap: reason=unstable_if action=reinterpret pc=0x0000000002226634 method=java.util.BitSet.ensureCapacity(I)V @ 6
Event: 0.616 Thread 0x000000001619a800 Uncommon trap: reason=unstable_if action=reinterpret pc=0x00000000022377f0 method=java.util.BitSet.ensureCapacity(I)V @ 6

Internal exceptions (2 events):
Event: 0.029 Thread 0x0000000001e92800 Exception <a 'java/lang/NoSuchMethodError': Method sun.misc.Unsafe.defineClass(Ljava/lang/String;[BII)Ljava/lang/Class; name or signature does not match> (0x00000000eab07cc0) thrown at [D:\re\workspace\8-2-build-windows-amd64-cygwin\jdk8u92\6642\hotspot\sr”üédQâù?
Event: 0.029 Thread 0x0000000001e92800 Exception <a 'java/lang/NoSuchMethodError': Method sun.misc.Unsafe.prefetchRead(Ljava/lang/Object;J)V name or signature does not match> (0x00000000eab07fa8) thrown at [D:\re\workspace\8-2-build-windows-amd64-cygwin\jdk8u92\6642\hotspot\src\share\vm\prims\j

Events (10 events):
Event: 0.602 Thread 0x000000001619a800 DEOPT PACKING pc=0x00000000022b8968 sp=0x0000000016a0ed60
Event: 0.602 Thread 0x000000001619a800 DEOPT UNPACKING pc=0x0000000001fe582a sp=0x0000000016a0ed08 mode 2
Event: 0.607 loading class java/util/DualPivotQuicksort
Event: 0.607 loading class java/util/DualPivotQuicksort done
Event: 0.616 Thread 0x000000001619a800 Uncommon trap: trap_request=0xffffff65 fr.pc=0x0000000002226634
Event: 0.616 Thread 0x000000001619a800 DEOPT PACKING pc=0x0000000002226634 sp=0x0000000016a0eef0
Event: 0.616 Thread 0x000000001619a800 DEOPT UNPACKING pc=0x0000000001fe582a sp=0x0000000016a0edd8 mode 2
Event: 0.616 Thread 0x000000001619a800 Uncommon trap: trap_request=0xffffff65 fr.pc=0x00000000022377f0
Event: 0.616 Thread 0x000000001619a800 DEOPT PACKING pc=0x00000000022377f0 sp=0x0000000016a0eea0
Event: 0.616 Thread 0x000000001619a800 DEOPT UNPACKING pc=0x0000000001fe582a sp=0x0000000016a0ede0 mode 2


Dynamic libraries:
0x00007ff7d3560000 - 0x00007ff7d3597000 	C:\Program Files\Java\jdk1.8.0_92\bin\java.exe
0x00007ff89b3d0000 - 0x00007ff89b57a000 	C:\Windows\SYSTEM32\ntdll.dll
0x00007ff898d00000 - 0x00007ff898e3a000 	C:\Windows\system32\KERNEL32.DLL
0x00007ff898af0000 - 0x00007ff898bff000 	C:\Windows\system32\KERNELBASE.dll
0x00007ff897370000 - 0x00007ff8973f8000 	C:\Windows\system32\apphelp.dll
0x00007ff875f50000 - 0x00007ff875f9f000 	C:\Windows\AppPatch\AppPatch64\AcGenral.DLL
0x00007ff899020000 - 0x00007ff8990c7000 	C:\Windows\system32\msvcrt.dll
0x00007ff898580000 - 0x00007ff8985ab000 	C:\Windows\SYSTEM32\SspiCli.dll
0x00007ff89a7a0000 - 0x00007ff89a7f1000 	C:\Windows\system32\SHLWAPI.dll
0x00007ff89a9e0000 - 0x00007ff89ab51000 	C:\Windows\system32\USER32.dll
0x00007ff898ea0000 - 0x00007ff899018000 	C:\Windows\system32\ole32.dll
0x00007ff899380000 - 0x00007ff89a797000 	C:\Windows\system32\SHELL32.dll
0x00007ff897db0000 - 0x00007ff897dce000 	C:\Windows\SYSTEM32\USERENV.dll
0x00007ff89b200000 - 0x00007ff89b2a5000 	C:\Windows\system32\ADVAPI32.dll
0x00007ff893600000 - 0x00007ff89361b000 	C:\Windows\SYSTEM32\MPR.dll
0x00007ff89ad40000 - 0x00007ff89ae76000 	C:\Windows\system32\RPCRT4.dll
0x00007ff898e40000 - 0x00007ff898e97000 	C:\Windows\SYSTEM32\sechost.dll
0x00007ff8990d0000 - 0x00007ff8992a6000 	C:\Windows\SYSTEM32\combase.dll
0x00007ff89ae90000 - 0x00007ff89afd5000 	C:\Windows\system32\GDI32.dll
0x00007ff898740000 - 0x00007ff898754000 	C:\Windows\SYSTEM32\profapi.dll
0x00007ff896da0000 - 0x00007ff896e3f000 	C:\Windows\SYSTEM32\SHCORE.dll
0x00007ff89a9a0000 - 0x00007ff89a9d4000 	C:\Windows\system32\IMM32.DLL
0x00007ff89b0c0000 - 0x00007ff89b1f9000 	C:\Windows\system32\MSCTF.dll
0x00007ff896520000 - 0x00007ff89677a000 	C:\Windows\WinSxS\amd64_microsoft.windows.common-controls_6595b64144ccf1df_6.0.9600.17031_none_6242a4b3ecbb55a1\COMCTL32.dll
0x000000006b320000 - 0x000000006b3f2000 	C:\Program Files\Java\jdk1.8.0_92\jre\bin\msvcr100.dll
0x000000006b700000 - 0x000000006bf96000 	C:\Program Files\Java\jdk1.8.0_92\jre\bin\server\jvm.dll
0x00007ff88b560000 - 0x00007ff88b569000 	C:\Windows\SYSTEM32\WSOCK32.dll
0x00007ff88ab60000 - 0x00007ff88ab7f000 	C:\Windows\SYSTEM32\WINMM.dll
0x00007ff896450000 - 0x00007ff89645a000 	C:\Windows\SYSTEM32\VERSION.dll
0x00007ff89ae80000 - 0x00007ff89ae87000 	C:\Windows\system32\PSAPI.DLL
0x00007ff8992b0000 - 0x00007ff899308000 	C:\Windows\system32\WS2_32.dll
0x00007ff88aac0000 - 0x00007ff88aaea000 	C:\Windows\SYSTEM32\WINMMBASE.dll
0x00007ff89b000000 - 0x00007ff89b009000 	C:\Windows\system32\NSI.dll
0x00007ff898c00000 - 0x00007ff898c4a000 	C:\Windows\SYSTEM32\cfgmgr32.dll
0x00007ff8975c0000 - 0x00007ff8975e6000 	C:\Windows\SYSTEM32\DEVOBJ.dll
0x000000006e490000 - 0x000000006e49f000 	C:\Program Files\Java\jdk1.8.0_92\jre\bin\verify.dll
0x000000006c680000 - 0x000000006c6a9000 	C:\Program Files\Java\jdk1.8.0_92\jre\bin\java.dll
0x000000006c660000 - 0x000000006c676000 	C:\Program Files\Java\jdk1.8.0_92\jre\bin\zip.dll

VM Arguments:
jvm_args: -Djava.awt.headless=true -Xmx1024M -Dfile.encoding=windows-1252 -Duser.country=US -Duser.language=en -Duser.variant 
java_command: com.android.dx.command.Main --dex --force-jumbo --num-threads=4 --output C:\Zooket\app\build\intermediates\pre-dexed\debug\com.android.support-design-23.4.0_55f6bf198495ed160302d6fdc73c65d7af5889f1.jar C:\Zooket\app\build\intermediates\exploded-aar\com.android.support\design\23.4.0\jars\classes.jar
java_class_path (initial): C:\android-sdk-windows\build-tools\24.0.3\lib\dx.jar
Launcher Type: SUN_STANDARD

Environment Variables:
PATH=C:\ProgramData\Oracle\Java\javapath;C:\Windows\system32;C:\Windows;C:\Windows\System32\Wbem;C:\Windows\System32\WindowsPowerShell\v1.0\;C:\Program Files (x86)\NVIDIA Corporation\PhysX\Common;C:\Program Files (x86)\Windows Kits\8.1\Windows Performance Toolkit\;C:\Program Files\Microsoft SQL Server\110\Tools\Binn\;C:\Program Files\Microsoft SQL Server\110\DTS\Binn\;C:\Program Files (x86)\Microsoft SQL Server\110\Tools\Binn\;C:\Program Files (x86)\Microsoft SQL Server\110\Tools\Binn\ManagementStudio\;C:\Program Files (x86)\Microsoft Visual Studio 10.0\Common7\IDE\PrivateAssemblies\;C:\Program Files (x86)\Microsoft SQL Server\110\DTS\Binn\;C:\Program Files (x86)\GtkSharp\2.12\bin;C:\Program Files (x86)\QuickTime\QTSystem\
USERNAME=Smo
OS=Windows_NT
PROCESSOR_IDENTIFIER=Intel64 Family 6 Model 94 Stepping 3, GenuineIntel



---------------  S Y S T E M  ---------------

OS: Windows 8.1 , 64 bit Build 9600 (6.3.9600.17056)

CPU:total 4 (4 cores per cpu, 1 threads per core) family 6 model 94 stepping 3, cmov, cx8, fxsr, mmx, sse, sse2, sse3, ssse3, sse4.1, sse4.2, popcnt, avx, avx2, aes, clmul, erms, 3dnowpref, lzcnt, tsc, tscinvbit, bmi1, bmi2, adx

Memory: 4k page, physical 8266404k(1644008k free), swap 8266404k(5288k free)

vm_info: Java HotSpot(TM) 64-Bit Server VM (25.92-b14) for windows-amd64 JRE (1.8.0_92-b14), built on Mar 31 2016 21:03:04 by "java_re" with MS VC++ 10.0 (VS2010)

time: Thu May 11 22:15:32 2017
elapsed time: 0 seconds (0d 0h 0m 0s)

