#
# There is insufficient memory for the Java Runtime Environment to continue.
# Native memory allocation (malloc) failed to allocate 380256 bytes for Chunk::new
# Possible reasons:
#   The system is out of physical RAM or swap space
#   In 32 bit mode, the process size limit was hit
# Possible solutions:
#   Reduce memory load on the system
#   Increase physical memory or swap space
#   Check if swap backing store is full
#   Use 64 bit Java on a 64 bit OS
#   Decrease Java heap size (-Xmx/-Xms)
#   Decrease number of Java threads
#   Decrease Java thread stack sizes (-Xss)
#   Set larger code cache with -XX:ReservedCodeCacheSize=
# This output file may be truncated or incomplete.
#
#  Out of Memory Error (allocation.cpp:390), pid=11512, tid=0x0000000000000b60
#
# JRE version: Java(TM) SE Runtime Environment (8.0_92-b14) (build 1.8.0_92-b14)
# Java VM: Java HotSpot(TM) 64-Bit Server VM (25.92-b14 mixed mode windows-amd64 compressed oops)
# Failed to write core dump. Minidumps are not enabled by default on client versions of Windows
#

---------------  T H R E A D  ---------------

Current thread (0x00000000145bd000):  JavaThread "C2 CompilerThread0" daemon [_thread_in_native, id=2912, stack(0x0000000015c10000,0x0000000015d10000)]

Stack: [0x0000000015c10000,0x0000000015d10000]
[error occurred during error reporting (printing stack bounds), id 0xc0000005]

Native frames: (J=compiled Java code, j=interpreted, Vv=VM code, C=native code)


Current CompileTask:
C2:    807 1222       4       com.android.dx.ssa.SCCP::simulateStmt (481 bytes)


---------------  P R O C E S S  ---------------

Java Threads: ( => current thread )
  0x00000000160f3800 JavaThread "pool-1-thread-4" [_thread_blocked, id=11928, stack(0x0000000016910000,0x0000000016a10000)]
  0x0000000016095800 JavaThread "pool-1-thread-3" [_thread_blocked, id=12112, stack(0x0000000016810000,0x0000000016910000)]
  0x0000000016094000 JavaThread "pool-1-thread-2" [_thread_blocked, id=10584, stack(0x0000000016710000,0x0000000016810000)]
  0x0000000016064800 JavaThread "pool-2-thread-1" [_thread_blocked, id=5508, stack(0x0000000016610000,0x0000000016710000)]
  0x0000000016064000 JavaThread "pool-1-thread-1" [_thread_blocked, id=7756, stack(0x0000000016510000,0x0000000016610000)]
  0x0000000015e1f000 JavaThread "Service Thread" daemon [_thread_blocked, id=7600, stack(0x0000000016310000,0x0000000016410000)]
  0x000000001461b000 JavaThread "C1 CompilerThread2" daemon [_thread_blocked, id=5080, stack(0x0000000016210000,0x0000000016310000)]
  0x0000000014616000 JavaThread "C2 CompilerThread1" daemon [_thread_blocked, id=4008, stack(0x0000000015d10000,0x0000000015e10000)]
=>0x00000000145bd000 JavaThread "C2 CompilerThread0" daemon [_thread_in_native, id=2912, stack(0x0000000015c10000,0x0000000015d10000)]
  0x00000000145bb000 JavaThread "Attach Listener" daemon [_thread_blocked, id=5420, stack(0x0000000015b10000,0x0000000015c10000)]
  0x00000000145ba000 JavaThread "Signal Dispatcher" daemon [_thread_blocked, id=9212, stack(0x0000000015a10000,0x0000000015b10000)]
  0x0000000001eea800 JavaThread "Finalizer" daemon [_thread_blocked, id=5692, stack(0x0000000015830000,0x0000000015930000)]
  0x0000000014589000 JavaThread "Reference Handler" daemon [_thread_blocked, id=7204, stack(0x0000000015730000,0x0000000015830000)]
  0x0000000001df2800 JavaThread "main" [_thread_blocked, id=3800, stack(0x0000000001cf0000,0x0000000001df0000)]

Other Threads:
  0x0000000014587800 VMThread [stack: 0x0000000015630000,0x0000000015730000] [id=8292]
  0x0000000015e3a800 WatcherThread [stack: 0x0000000016410000,0x0000000016510000] [id=1076]

VM state:at safepoint (normal execution)

VM Mutex/Monitor currently owned by a thread:  ([mutex/lock_event])
[0x00000000005bc4d0] Threads_lock - owner thread: 0x0000000014587800
[0x00000000005bca50] Heap_lock - owner thread: 0x0000000016064000

Heap:
 PSYoungGen      total 38400K, used 38394K [0x00000000eab00000, 0x00000000ef600000, 0x0000000100000000)
  eden space 33280K, 100% used [0x00000000eab00000,0x00000000ecb80000,0x00000000ecb80000)
  from space 5120K, 99% used [0x00000000ecb80000,0x00000000ed07e8d0,0x00000000ed080000)
  to   space 5120K, 99% used [0x00000000ef100000,0x00000000ef5f8218,0x00000000ef600000)
 ParOldGen       total 87552K, used 5736K [0x00000000c0000000, 0x00000000c5580000, 0x00000000eab00000)
  object space 87552K, 6% used [0x00000000c0000000,0x00000000c059a328,0x00000000c5580000)
 Metaspace       used 6133K, capacity 7026K, committed 7296K, reserved 1056768K
  class space    used 604K, capacity 618K, committed 640K, reserved 1048576K

Card table byte_map: [0x00000000112b0000,0x00000000114c0000] byte_map_base: 0x0000000010cb0000

Marking Bits: (ParMarkBitMap*) 0x00000000542664f0
 Begin Bits: [0x0000000011a20000, 0x0000000012a20000)
 End Bits:   [0x0000000012a20000, 0x0000000013a20000)

Polling page: 0x00000000004e0000

CodeCache: size=245760Kb used=5480Kb max_used=5480Kb free=240279Kb
 bounds [0x0000000001ef0000, 0x0000000002450000, 0x0000000010ef0000]
 total_blobs=1676 nmethods=1407 adapters=182
 compilation: enabled

Compilation events (10 events):
Event: 0.783 Thread 0x000000001461b000 1422       2       com.android.dx.cf.code.Frame::mergeWith (80 bytes)
Event: 0.783 Thread 0x000000001461b000 nmethod 1422 0x000000000244a910 code [0x000000000244ab00, 0x000000000244afa8]
Event: 0.784 Thread 0x000000001461b000 1423       2       java.util.HashMap$HashIterator::nextNode (100 bytes)
Event: 0.784 Thread 0x000000001461b000 nmethod 1423 0x000000000244b350 code [0x000000000244b4e0, 0x000000000244b858]
Event: 0.784 Thread 0x000000001461b000 1424       2       com.android.dx.ssa.SCCP::replaceBranches (142 bytes)
Event: 0.785 Thread 0x000000001461b000 nmethod 1424 0x000000000244ba90 code [0x000000000244bc80, 0x000000000244c2a8]
Event: 0.785 Thread 0x000000001461b000 1425       2       com.android.dx.ssa.back.SsaToRop::verifyValidExitPredecessor (53 bytes)
Event: 0.785 Thread 0x000000001461b000 nmethod 1425 0x000000000244c850 code [0x000000000244ca00, 0x000000000244cd98]
Event: 0.786 Thread 0x000000001461b000 1426       2       com.android.dx.cf.code.Simulator$SimVisitor::checkReturnType (64 bytes)
Event: 0.786 Thread 0x000000001461b000 nmethod 1426 0x000000000244d190 code [0x000000000244d380, 0x000000000244d888]

GC Heap History (3 events):
Event: 0.610 GC heap before
{Heap before GC invocations=1 (full 0):
 PSYoungGen      total 38400K, used 33280K [0x00000000eab00000, 0x00000000ed580000, 0x0000000100000000)
  eden space 33280K, 100% used [0x00000000eab00000,0x00000000ecb80000,0x00000000ecb80000)
  from space 5120K, 0% used [0x00000000ed080000,0x00000000ed080000,0x00000000ed580000)
  to   space 5120K, 0% used [0x00000000ecb80000,0x00000000ecb80000,0x00000000ed080000)
 ParOldGen       total 87552K, used 0K [0x00000000c0000000, 0x00000000c5580000, 0x00000000eab00000)
  object space 87552K, 0% used [0x00000000c0000000,0x00000000c0000000,0x00000000c5580000)
 Metaspace       used 5958K, capacity 6896K, committed 7040K, reserved 1056768K
  class space    used 602K, capacity 616K, committed 640K, reserved 1048576K
Event: 0.657 GC heap after
Heap after GC invocations=1 (full 0):
 PSYoungGen      total 38400K, used 5114K [0x00000000eab00000, 0x00000000ef600000, 0x0000000100000000)
  eden space 33280K, 0% used [0x00000000eab00000,0x00000000eab00000,0x00000000ecb80000)
  from space 5120K, 99% used [0x00000000ecb80000,0x00000000ed07e8d0,0x00000000ed080000)
  to   space 5120K, 0% used [0x00000000ef100000,0x00000000ef100000,0x00000000ef600000)
 ParOldGen       total 87552K, used 1376K [0x00000000c0000000, 0x00000000c5580000, 0x00000000eab00000)
  object space 87552K, 1% used [0x00000000c0000000,0x00000000c0158328,0x00000000c5580000)
 Metaspace       used 5958K, capacity 6896K, committed 7040K, reserved 1056768K
  class space    used 602K, capacity 616K, committed 640K, reserved 1048576K
}
Event: 0.787 GC heap before
{Heap before GC invocations=2 (full 0):
 PSYoungGen      total 38400K, used 38394K [0x00000000eab00000, 0x00000000ef600000, 0x0000000100000000)
  eden space 33280K, 100% used [0x00000000eab00000,0x00000000ecb80000,0x00000000ecb80000)
  from space 5120K, 99% used [0x00000000ecb80000,0x00000000ed07e8d0,0x00000000ed080000)
  to   space 5120K, 0% used [0x00000000ef100000,0x00000000ef100000,0x00000000ef600000)
 ParOldGen       total 87552K, used 1376K [0x00000000c0000000, 0x00000000c5580000, 0x00000000eab00000)
  object space 87552K, 1% used [0x00000000c0000000,0x00000000c0158328,0x00000000c5580000)
 Metaspace       used 6133K, capacity 7026K, committed 7296K, reserved 1056768K
  class space    used 604K, capacity 618K, committed 640K, reserved 1048576K

Deoptimization events (10 events):
Event: 0.692 Thread 0x0000000016094000 Uncommon trap: reason=null_check action=make_not_entrant pc=0x00000000022f5cec method=com.android.dx.ssa.SsaRenamer.getLocalForNewReg(I)Lcom/android/dx/rop/code/LocalItem; @ 19
Event: 0.709 Thread 0x00000000160f3800 Uncommon trap: reason=unstable_if action=reinterpret pc=0x00000000023a8a38 method=com.android.dx.cf.code.Ropper.labelToResultIndex(I)I @ 34
Event: 0.725 Thread 0x0000000016094000 Uncommon trap: reason=unstable_if action=reinterpret pc=0x00000000023247c8 method=com.android.dx.rop.code.RegisterSpec.equals(ILcom/android/dx/rop/type/TypeBearer;Lcom/android/dx/rop/code/LocalItem;)Z @ 42
Event: 0.745 Thread 0x00000000160f3800 Uncommon trap: reason=unstable_if action=reinterpret pc=0x00000000023b6364 method=java.util.HashMap.putVal(ILjava/lang/Object;Ljava/lang/Object;ZZ)Ljava/lang/Object; @ 193
Event: 0.746 Thread 0x00000000160f3800 Uncommon trap: reason=bimorphic action=maybe_recompile pc=0x00000000023677dc method=java.util.HashMap.getNode(ILjava/lang/Object;)Ljava/util/HashMap$Node; @ 126
Event: 0.746 Thread 0x00000000160f3800 Uncommon trap: reason=bimorphic action=maybe_recompile pc=0x00000000023677dc method=java.util.HashMap.getNode(ILjava/lang/Object;)Ljava/util/HashMap$Node; @ 126
Event: 0.754 Thread 0x0000000016095800 Uncommon trap: reason=unstable_if action=reinterpret pc=0x000000000227f0ec method=com.android.dx.rop.code.RegisterSpecSet.put(Lcom/android/dx/rop/code/RegisterSpec;)V @ 77
Event: 0.754 Thread 0x0000000016095800 Uncommon trap: reason=unstable_if action=reinterpret pc=0x00000000022fb3a4 method=com.android.dx.rop.code.RegisterSpecSet.put(Lcom/android/dx/rop/code/RegisterSpec;)V @ 77
Event: 0.757 Thread 0x00000000160f3800 Uncommon trap: reason=bimorphic action=maybe_recompile pc=0x00000000023677dc method=java.util.HashMap.getNode(ILjava/lang/Object;)Ljava/util/HashMap$Node; @ 126
Event: 0.757 Thread 0x00000000160f3800 Uncommon trap: reason=bimorphic action=maybe_recompile pc=0x00000000023677dc method=java.util.HashMap.getNode(ILjava/lang/Object;)Ljava/util/HashMap$Node; @ 126

Internal exceptions (3 events):
Event: 0.029 Thread 0x0000000001df2800 Exception <a 'java/lang/NoSuchMethodError': Method sun.misc.Unsafe.defineClass(Ljava/lang/String;[BII)Ljava/lang/Class; name or signature does not match> (0x00000000eab07cc0) thrown at [D:\re\workspace\8-2-build-windows-amd64-cygwin\jdk8u92\6642\hotspot\srÌwÏ`ù?
Event: 0.029 Thread 0x0000000001df2800 Exception <a 'java/lang/NoSuchMethodError': Method sun.misc.Unsafe.prefetchRead(Ljava/lang/Object;J)V name or signature does not match> (0x00000000eab07fa8) thrown at [D:\re\workspace\8-2-build-windows-amd64-cygwin\jdk8u92\6642\hotspot\src\share\vm\prims\j~vµAk#Ê?
Event: 0.692 Thread 0x0000000016094000 Implicit null exception at 0x00000000022f4b8e to 0x00000000022f5cb5

Events (10 events):
Event: 0.754 Thread 0x0000000016095800 DEOPT UNPACKING pc=0x0000000001f3582a sp=0x000000001690ed30 mode 2
Event: 0.756 Thread 0x00000000160f3800 DEOPT PACKING pc=0x00000000023b3775 sp=0x0000000016a0e6d0
Event: 0.756 Thread 0x00000000160f3800 DEOPT UNPACKING pc=0x0000000001f3787f sp=0x0000000016a0e438 mode 0
Event: 0.757 Thread 0x00000000160f3800 Uncommon trap: trap_request=0xffffffc6 fr.pc=0x00000000023677dc
Event: 0.757 Thread 0x00000000160f3800 DEOPT PACKING pc=0x00000000023677dc sp=0x0000000016a0e820
Event: 0.757 Thread 0x00000000160f3800 DEOPT UNPACKING pc=0x0000000001f3582a sp=0x0000000016a0e7a0 mode 2
Event: 0.757 Thread 0x00000000160f3800 Uncommon trap: trap_request=0xffffffc6 fr.pc=0x00000000023677dc
Event: 0.757 Thread 0x00000000160f3800 DEOPT PACKING pc=0x00000000023677dc sp=0x0000000016a0e820
Event: 0.757 Thread 0x00000000160f3800 DEOPT UNPACKING pc=0x0000000001f3582a sp=0x0000000016a0e7a0 mode 2
Event: 0.787 Executing VM operation: ParallelGCFailedAllocation


Dynamic libraries:
0x00007ff77dd40000 - 0x00007ff77dd77000 	C:\Program Files\Java\jdk1.8.0_92\bin\java.exe
0x00007ff95e280000 - 0x00007ff95e42a000 	C:\Windows\SYSTEM32\ntdll.dll
0x00007ff95d9d0000 - 0x00007ff95db0a000 	C:\Windows\system32\KERNEL32.DLL
0x00007ff95b9f0000 - 0x00007ff95baff000 	C:\Windows\system32\KERNELBASE.dll
0x00007ff95a220000 - 0x00007ff95a2a8000 	C:\Windows\system32\apphelp.dll
0x00007ff939630000 - 0x00007ff93967f000 	C:\Windows\AppPatch\AppPatch64\AcGenral.DLL
0x00007ff95bb10000 - 0x00007ff95bbb7000 	C:\Windows\system32\msvcrt.dll
0x00007ff95b430000 - 0x00007ff95b45b000 	C:\Windows\SYSTEM32\SspiCli.dll
0x00007ff95dd10000 - 0x00007ff95dd61000 	C:\Windows\system32\SHLWAPI.dll
0x00007ff95d460000 - 0x00007ff95d5d1000 	C:\Windows\system32\USER32.dll
0x00007ff95df50000 - 0x00007ff95e0c8000 	C:\Windows\system32\ole32.dll
0x00007ff95bbc0000 - 0x00007ff95cfd7000 	C:\Windows\system32\SHELL32.dll
0x00007ff95ac60000 - 0x00007ff95ac7e000 	C:\Windows\SYSTEM32\USERENV.dll
0x00007ff95db10000 - 0x00007ff95dbb5000 	C:\Windows\system32\ADVAPI32.dll
0x00007ff956ad0000 - 0x00007ff956aeb000 	C:\Windows\SYSTEM32\MPR.dll
0x00007ff95d5e0000 - 0x00007ff95d716000 	C:\Windows\system32\RPCRT4.dll
0x00007ff95e0d0000 - 0x00007ff95e127000 	C:\Windows\SYSTEM32\sechost.dll
0x00007ff95d090000 - 0x00007ff95d266000 	C:\Windows\SYSTEM32\combase.dll
0x00007ff95e130000 - 0x00007ff95e275000 	C:\Windows\system32\GDI32.dll
0x00007ff95b5f0000 - 0x00007ff95b604000 	C:\Windows\SYSTEM32\profapi.dll
0x00007ff959c50000 - 0x00007ff959cef000 	C:\Windows\SYSTEM32\SHCORE.dll
0x00007ff95dd70000 - 0x00007ff95dda4000 	C:\Windows\system32\IMM32.DLL
0x00007ff95d320000 - 0x00007ff95d459000 	C:\Windows\system32\MSCTF.dll
0x00007ff959340000 - 0x00007ff95959a000 	C:\Windows\WinSxS\amd64_microsoft.windows.common-controls_6595b64144ccf1df_6.0.9600.17031_none_6242a4b3ecbb55a1\COMCTL32.dll
0x00000000533b0000 - 0x0000000053482000 	C:\Program Files\Java\jdk1.8.0_92\jre\bin\msvcr100.dll
0x0000000053a50000 - 0x00000000542e6000 	C:\Program Files\Java\jdk1.8.0_92\jre\bin\server\jvm.dll
0x00007ff955260000 - 0x00007ff955269000 	C:\Windows\SYSTEM32\WSOCK32.dll
0x00007ff952430000 - 0x00007ff95244f000 	C:\Windows\SYSTEM32\WINMM.dll
0x00007ff959300000 - 0x00007ff95930a000 	C:\Windows\SYSTEM32\VERSION.dll
0x00007ff95bb00000 - 0x00007ff95bb07000 	C:\Windows\system32\PSAPI.DLL
0x00007ff95d910000 - 0x00007ff95d968000 	C:\Windows\system32\WS2_32.dll
0x00007ff9523f0000 - 0x00007ff95241a000 	C:\Windows\SYSTEM32\WINMMBASE.dll
0x00007ff95d720000 - 0x00007ff95d729000 	C:\Windows\system32\NSI.dll
0x00007ff95b7c0000 - 0x00007ff95b80a000 	C:\Windows\SYSTEM32\cfgmgr32.dll
0x00007ff95a470000 - 0x00007ff95a496000 	C:\Windows\SYSTEM32\DEVOBJ.dll
0x00000000545e0000 - 0x00000000545ef000 	C:\Program Files\Java\jdk1.8.0_92\jre\bin\verify.dll
0x00000000545b0000 - 0x00000000545d9000 	C:\Program Files\Java\jdk1.8.0_92\jre\bin\java.dll
0x0000000054590000 - 0x00000000545a6000 	C:\Program Files\Java\jdk1.8.0_92\jre\bin\zip.dll

VM Arguments:
jvm_args: -Djava.awt.headless=true -Xmx1024M -Dfile.encoding=windows-1252 -Duser.country=US -Duser.language=en -Duser.variant 
java_command: com.android.dx.command.Main --dex --force-jumbo --num-threads=4 --output C:\Zooket\app\build\intermediates\pre-dexed\debug\com.android.support-design-23.4.0_55f6bf198495ed160302d6fdc73c65d7af5889f1.jar C:\Zooket\app\build\intermediates\exploded-aar\com.android.support\design\23.4.0\jars\classes.jar
java_class_path (initial): C:\android-sdk-windows\build-tools\24.0.3\lib\dx.jar
Launcher Type: SUN_STANDARD

Environment Variables:
PATH=C:\ProgramData\Oracle\Java\javapath;C:\Windows\system32;C:\Windows;C:\Windows\System32\Wbem;C:\Windows\System32\WindowsPowerShell\v1.0\;C:\Program Files (x86)\NVIDIA Corporation\PhysX\Common;C:\Program Files (x86)\Windows Kits\8.1\Windows Performance Toolkit\;C:\Program Files\Microsoft SQL Server\110\Tools\Binn\;C:\Program Files\Microsoft SQL Server\110\DTS\Binn\;C:\Program Files (x86)\Microsoft SQL Server\110\Tools\Binn\;C:\Program Files (x86)\Microsoft SQL Server\110\Tools\Binn\ManagementStudio\;C:\Program Files (x86)\Microsoft Visual Studio 10.0\Common7\IDE\PrivateAssemblies\;C:\Program Files (x86)\Microsoft SQL Server\110\DTS\Binn\;C:\Program Files (x86)\GtkSharp\2.12\bin;C:\Program Files (x86)\QuickTime\QTSystem\
USERNAME=Smo
OS=Windows_NT
PROCESSOR_IDENTIFIER=Intel64 Family 6 Model 94 Stepping 3, GenuineIntel



---------------  S Y S T E M  ---------------

OS: Windows 8.1 , 64 bit Build 9600 (6.3.9600.17056)

CPU:total 4 (4 cores per cpu, 1 threads per core) family 6 model 94 stepping 3, cmov, cx8, fxsr, mmx, sse, sse2, sse3, ssse3, sse4.1, sse4.2, popcnt, avx, avx2, aes, clmul, erms, 3dnowpref, lzcnt, tsc, tscinvbit, bmi1, bmi2, adx

Memory: 4k page, physical 8266404k(1262832k free), swap 8266404k(5048k free)

vm_info: Java HotSpot(TM) 64-Bit Server VM (25.92-b14) for windows-amd64 JRE (1.8.0_92-b14), built on Mar 31 2016 21:03:04 by "java_re" with MS VC++ 10.0 (VS2010)

time: Mon May 08 21:20:55 2017
elapsed time: 0 seconds (0d 0h 0m 0s)

