#
# There is insufficient memory for the Java Runtime Environment to continue.
# Native memory allocation (malloc) failed to allocate 1048576 bytes for AllocateHeap
# Possible reasons:
#   The system is out of physical RAM or swap space
#   In 32 bit mode, the process size limit was hit
# Possible solutions:
#   Reduce memory load on the system
#   Increase physical memory or swap space
#   Check if swap backing store is full
#   Use 64 bit Java on a 64 bit OS
#   Decrease Java heap size (-Xmx/-Xms)
#   Decrease number of Java threads
#   Decrease Java thread stack sizes (-Xss)
#   Set larger code cache with -XX:ReservedCodeCacheSize=
# This output file may be truncated or incomplete.
#
#  Out of Memory Error (memory/allocation.inline.hpp:61), pid=7844, tid=0x0000000000001d50
#
# JRE version:  (8.0_92-b14) (build )
# Java VM: Java HotSpot(TM) 64-Bit Server VM (25.92-b14 mixed mode windows-amd64 compressed oops)
# Failed to write core dump. Minidumps are not enabled by default on client versions of Windows
#

---------------  T H R E A D  ---------------

Current thread (0x0000000001ea2800):  JavaThread "Unknown thread" [_thread_in_vm, id=7504, stack(0x0000000001da0000,0x0000000001ea0000)]

Stack: [0x0000000001da0000,0x0000000001ea0000]
[error occurred during error reporting (printing stack bounds), id 0xc0000005]

Native frames: (J=compiled Java code, j=interpreted, Vv=VM code, C=native code)


---------------  P R O C E S S  ---------------

Java Threads: ( => current thread )

Other Threads:

=>0x0000000001ea2800 (exited) JavaThread "Unknown thread" [_thread_in_vm, id=7504, stack(0x0000000001da0000,0x0000000001ea0000)]

VM state:not at safepoint (normal execution)

VM Mutex/Monitor currently owned by a thread: None

Heap:
 PSYoungGen      total 38400K, used 665K [0x00000000eab00000, 0x00000000ed580000, 0x0000000100000000)
  eden space 33280K, 2% used [0x00000000eab00000,0x00000000eaba6670,0x00000000ecb80000)
  from space 5120K, 0% used [0x00000000ed080000,0x00000000ed080000,0x00000000ed580000)
  to   space 5120K, 0% used [0x00000000ecb80000,0x00000000ecb80000,0x00000000ed080000)
 ParOldGen       total 87552K, used 0K [0x00000000c0000000, 0x00000000c5580000, 0x00000000eab00000)
  object space 87552K, 0% used [0x00000000c0000000,0x00000000c0000000,0x00000000c5580000)
 Metaspace       used 769K, capacity 4480K, committed 4480K, reserved 1056768K
  class space    used 75K, capacity 384K, committed 384K, reserved 1048576K

Card table byte_map: [0x0000000011360000,0x0000000011570000] byte_map_base: 0x0000000010d60000

Marking Bits: (ParMarkBitMap*) 0x000000005fe464f0
 Begin Bits: [0x0000000011ad0000, 0x0000000012ad0000)
 End Bits:   [0x0000000012ad0000, 0x0000000013ad0000)

Polling page: 0x0000000001ce0000

CodeCache: size=245760Kb used=328Kb max_used=328Kb free=245431Kb
 bounds [0x0000000001fa0000, 0x0000000002210000, 0x0000000010fa0000]
 total_blobs=58 nmethods=0 adapters=38
 compilation: enabled

Compilation events (0 events):
No events

GC Heap History (0 events):
No events

Deoptimization events (0 events):
No events

Internal exceptions (0 events):
No events

Events (10 events):
Event: 0.021 loading class java/lang/Short
Event: 0.021 loading class java/lang/Short done
Event: 0.021 loading class java/lang/Integer
Event: 0.021 loading class java/lang/Integer done
Event: 0.021 loading class java/lang/Long
Event: 0.021 loading class java/lang/Long done
Event: 0.021 loading class java/lang/NullPointerException
Event: 0.021 loading class java/lang/NullPointerException done
Event: 0.021 loading class java/lang/ArithmeticException
Event: 0.021 loading class java/lang/ArithmeticException done


Dynamic libraries:
0x00007ff6d53b0000 - 0x00007ff6d53e7000 	C:\Program Files\Java\jdk1.8.0_92\bin\java.exe
0x00007ffbdc880000 - 0x00007ffbdca2a000 	C:\Windows\SYSTEM32\ntdll.dll
0x00007ffbda4d0000 - 0x00007ffbda60a000 	C:\Windows\system32\KERNEL32.DLL
0x00007ffbd9cc0000 - 0x00007ffbd9dcf000 	C:\Windows\system32\KERNELBASE.dll
0x00007ffbd8820000 - 0x00007ffbd88a8000 	C:\Windows\system32\apphelp.dll
0x00007ffbb25a0000 - 0x00007ffbb25ef000 	C:\Windows\AppPatch\AppPatch64\AcGenral.DLL
0x00007ffbda6c0000 - 0x00007ffbda767000 	C:\Windows\system32\msvcrt.dll
0x00007ffbd9a30000 - 0x00007ffbd9a5b000 	C:\Windows\SYSTEM32\SspiCli.dll
0x00007ffbdbea0000 - 0x00007ffbdbef1000 	C:\Windows\system32\SHLWAPI.dll
0x00007ffbdc300000 - 0x00007ffbdc471000 	C:\Windows\system32\USER32.dll
0x00007ffbdc610000 - 0x00007ffbdc788000 	C:\Windows\system32\ole32.dll
0x00007ffbdaa20000 - 0x00007ffbdbe37000 	C:\Windows\system32\SHELL32.dll
0x00007ffbd9260000 - 0x00007ffbd927e000 	C:\Windows\SYSTEM32\USERENV.dll
0x00007ffbdc7d0000 - 0x00007ffbdc875000 	C:\Windows\system32\ADVAPI32.dll
0x00007ffbd5040000 - 0x00007ffbd505b000 	C:\Windows\SYSTEM32\MPR.dll
0x00007ffbda100000 - 0x00007ffbda236000 	C:\Windows\system32\RPCRT4.dll
0x00007ffbdc100000 - 0x00007ffbdc157000 	C:\Windows\SYSTEM32\sechost.dll
0x00007ffbda840000 - 0x00007ffbdaa16000 	C:\Windows\SYSTEM32\combase.dll
0x00007ffbda240000 - 0x00007ffbda385000 	C:\Windows\system32\GDI32.dll
0x00007ffbd9bf0000 - 0x00007ffbd9c04000 	C:\Windows\SYSTEM32\profapi.dll
0x00007ffbd80b0000 - 0x00007ffbd814f000 	C:\Windows\SYSTEM32\SHCORE.dll
0x00007ffbdc790000 - 0x00007ffbdc7c4000 	C:\Windows\system32\IMM32.DLL
0x00007ffbda390000 - 0x00007ffbda4c9000 	C:\Windows\system32\MSCTF.dll
0x00007ffbd78f0000 - 0x00007ffbd7b4a000 	C:\Windows\WinSxS\amd64_microsoft.windows.common-controls_6595b64144ccf1df_6.0.9600.17031_none_6242a4b3ecbb55a1\COMCTL32.dll
0x000000005ef50000 - 0x000000005f022000 	C:\Program Files\Java\jdk1.8.0_92\jre\bin\msvcr100.dll
0x000000005f630000 - 0x000000005fec6000 	C:\Program Files\Java\jdk1.8.0_92\jre\bin\server\jvm.dll
0x00007ffbd49e0000 - 0x00007ffbd49e9000 	C:\Windows\SYSTEM32\WSOCK32.dll
0x00007ffbd2510000 - 0x00007ffbd252f000 	C:\Windows\SYSTEM32\WINMM.dll
0x00007ffbd7800000 - 0x00007ffbd780a000 	C:\Windows\SYSTEM32\VERSION.dll
0x00007ffbda830000 - 0x00007ffbda837000 	C:\Windows\system32\PSAPI.DLL
0x00007ffbdbe40000 - 0x00007ffbdbe98000 	C:\Windows\system32\WS2_32.dll
0x00007ffbce1f0000 - 0x00007ffbce21a000 	C:\Windows\SYSTEM32\WINMMBASE.dll
0x00007ffbdbf10000 - 0x00007ffbdbf19000 	C:\Windows\system32\NSI.dll
0x00007ffbda0b0000 - 0x00007ffbda0fa000 	C:\Windows\SYSTEM32\cfgmgr32.dll
0x00007ffbd8a80000 - 0x00007ffbd8aa6000 	C:\Windows\SYSTEM32\DEVOBJ.dll
0x0000000060660000 - 0x000000006066f000 	C:\Program Files\Java\jdk1.8.0_92\jre\bin\verify.dll
0x0000000060630000 - 0x0000000060659000 	C:\Program Files\Java\jdk1.8.0_92\jre\bin\java.dll
0x000000005f610000 - 0x000000005f626000 	C:\Program Files\Java\jdk1.8.0_92\jre\bin\zip.dll

VM Arguments:
jvm_args: -Djava.awt.headless=true -Xmx1024M -Dfile.encoding=windows-1252 -Duser.country=US -Duser.language=en -Duser.variant 
java_command: com.android.dx.command.Main --dex --force-jumbo --num-threads=4 --output C:\Zooket\app\build\intermediates\pre-dexed\debug\com.theartofdev.edmodo-android-image-cropper-2.0.0_adea365d983ab459ab4ed730e112fdeb80b094e2.jar C:\Zooket\app\build\intermediates\exploded-aar\com.theartofdev.edmodo\android-image-cropper\2.0.0\jars\classes.jar
java_class_path (initial): C:\android-sdk-windows\build-tools\24.0.3\lib\dx.jar
Launcher Type: SUN_STANDARD

Environment Variables:
PATH=C:\ProgramData\Oracle\Java\javapath;C:\Windows\system32;C:\Windows;C:\Windows\System32\Wbem;C:\Windows\System32\WindowsPowerShell\v1.0\;C:\Program Files (x86)\NVIDIA Corporation\PhysX\Common;C:\Program Files (x86)\Windows Kits\8.1\Windows Performance Toolkit\;C:\Program Files\Microsoft SQL Server\110\Tools\Binn\;C:\Program Files\Microsoft SQL Server\110\DTS\Binn\;C:\Program Files (x86)\Microsoft SQL Server\110\Tools\Binn\;C:\Program Files (x86)\Microsoft SQL Server\110\Tools\Binn\ManagementStudio\;C:\Program Files (x86)\Microsoft Visual Studio 10.0\Common7\IDE\PrivateAssemblies\;C:\Program Files (x86)\Microsoft SQL Server\110\DTS\Binn\;C:\Program Files (x86)\GtkSharp\2.12\bin;C:\Program Files (x86)\QuickTime\QTSystem\
USERNAME=Smo
OS=Windows_NT
PROCESSOR_IDENTIFIER=Intel64 Family 6 Model 94 Stepping 3, GenuineIntel



---------------  S Y S T E M  ---------------

OS: Windows 8.1 , 64 bit Build 9600 (6.3.9600.17056)

CPU:total 4 (4 cores per cpu, 1 threads per core) family 6 model 94 stepping 3, cmov, cx8, fxsr, mmx, sse, sse2, sse3, ssse3, sse4.1, sse4.2, popcnt, avx, avx2, aes, clmul, erms, 3dnowpref, lzcnt, tsc, tscinvbit, bmi1, bmi2, adx

Memory: 4k page, physical 8266404k(1256596k free), swap 8266404k(6136k free)

vm_info: Java HotSpot(TM) 64-Bit Server VM (25.92-b14) for windows-amd64 JRE (1.8.0_92-b14), built on Mar 31 2016 21:03:04 by "java_re" with MS VC++ 10.0 (VS2010)

time: Tue May 23 16:43:05 2017
elapsed time: 0 seconds (0d 0h 0m 0s)

