#
# There is insufficient memory for the Java Runtime Environment to continue.
# Native memory allocation (malloc) failed to allocate 575136 bytes for Chunk::new
# Possible reasons:
#   The system is out of physical RAM or swap space
#   In 32 bit mode, the process size limit was hit
# Possible solutions:
#   Reduce memory load on the system
#   Increase physical memory or swap space
#   Check if swap backing store is full
#   Use 64 bit Java on a 64 bit OS
#   Decrease Java heap size (-Xmx/-Xms)
#   Decrease number of Java threads
#   Decrease Java thread stack sizes (-Xss)
#   Set larger code cache with -XX:ReservedCodeCacheSize=
# This output file may be truncated or incomplete.
#
#  Out of Memory Error (allocation.cpp:390), pid=7328, tid=0x00000000000010a4
#
# JRE version: Java(TM) SE Runtime Environment (8.0_92-b14) (build 1.8.0_92-b14)
# Java VM: Java HotSpot(TM) 64-Bit Server VM (25.92-b14 mixed mode windows-amd64 compressed oops)
# Failed to write core dump. Minidumps are not enabled by default on client versions of Windows
#

---------------  T H R E A D  ---------------

Current thread (0x000000001485e000):  JavaThread "C2 CompilerThread0" daemon [_thread_in_native, id=4260, stack(0x0000000015eb0000,0x0000000015fb0000)]

Stack: [0x0000000015eb0000,0x0000000015fb0000]
[error occurred during error reporting (printing stack bounds), id 0xc0000005]

Native frames: (J=compiled Java code, j=interpreted, Vv=VM code, C=native code)


Current CompileTask:
C2:   8447 2047   !   4       com.android.dx.cf.code.BytecodeArray::parseInstruction (2764 bytes)


---------------  P R O C E S S  ---------------

Java Threads: ( => current thread )
  0x00000000160b6800 JavaThread "Service Thread" daemon [_thread_blocked, id=5924, stack(0x00000000165b0000,0x00000000166b0000)]
  0x00000000160b1000 JavaThread "C1 CompilerThread2" daemon [_thread_in_native, id=6380, stack(0x00000000164b0000,0x00000000165b0000)]
  0x00000000148b7800 JavaThread "C2 CompilerThread1" daemon [_thread_in_native, id=5604, stack(0x0000000015fb0000,0x00000000160b0000)]
=>0x000000001485e000 JavaThread "C2 CompilerThread0" daemon [_thread_in_native, id=4260, stack(0x0000000015eb0000,0x0000000015fb0000)]
  0x000000001485c000 JavaThread "Attach Listener" daemon [_thread_blocked, id=7404, stack(0x0000000015db0000,0x0000000015eb0000)]
  0x000000001485b000 JavaThread "Signal Dispatcher" daemon [_thread_blocked, id=4404, stack(0x0000000015cb0000,0x0000000015db0000)]
  0x000000001484a800 JavaThread "Finalizer" daemon [_thread_blocked, id=1948, stack(0x0000000015ad0000,0x0000000015bd0000)]
  0x00000000020c0800 JavaThread "Reference Handler" daemon [_thread_blocked, id=5476, stack(0x00000000159d0000,0x0000000015ad0000)]
  0x0000000001fd2800 JavaThread "main" [_thread_in_Java, id=7004, stack(0x0000000000750000,0x0000000000850000)]

Other Threads:
  0x0000000014828800 VMThread [stack: 0x00000000158d0000,0x00000000159d0000] [id=1332]
  0x00000000160d1800 WatcherThread [stack: 0x00000000166b0000,0x00000000167b0000] [id=5512]

VM state:not at safepoint (normal execution)

VM Mutex/Monitor currently owned by a thread:  ([mutex/lock_event])
[0x000000000218bc80] CodeCache_lock - owner thread: 0x00000000160b1000
[0x0000000001fd1350] Compile_lock - owner thread: 0x0000000000000000

Heap:
 PSYoungGen      total 138240K, used 18060K [0x00000000eab00000, 0x00000000f3700000, 0x0000000100000000)
  eden space 133120K, 9% used [0x00000000eab00000,0x00000000eb7a6f08,0x00000000f2d00000)
  from space 5120K, 99% used [0x00000000f3200000,0x00000000f36fc1a0,0x00000000f3700000)
  to   space 5120K, 0% used [0x00000000f2d00000,0x00000000f2d00000,0x00000000f3200000)
 ParOldGen       total 87552K, used 26349K [0x00000000c0000000, 0x00000000c5580000, 0x00000000eab00000)
  object space 87552K, 30% used [0x00000000c0000000,0x00000000c19bb540,0x00000000c5580000)
 Metaspace       used 6450K, capacity 7192K, committed 7424K, reserved 1056768K
  class space    used 626K, capacity 656K, committed 768K, reserved 1048576K

Card table byte_map: [0x0000000011550000,0x0000000011760000] byte_map_base: 0x0000000010f50000

Marking Bits: (ParMarkBitMap*) 0x00000000686b64f0
 Begin Bits: [0x0000000011cc0000, 0x0000000012cc0000)
 End Bits:   [0x0000000012cc0000, 0x0000000013cc0000)

Polling page: 0x00000000005d0000

CodeCache: size=245760Kb used=9931Kb max_used=9931Kb free=235828Kb
 bounds [0x0000000002190000, 0x0000000002b50000, 0x0000000011190000]
 total_blobs=2326 nmethods=2056 adapters=182
 compilation: enabled

Compilation events (10 events):
Event: 8.445 Thread 0x00000000160b1000 nmethod 2089 0x0000000002b44b90 code [0x0000000002b44d00, 0x0000000002b44f28]
Event: 8.445 Thread 0x00000000160b1000 2090       3       java.util.AbstractMap::hashCode (43 bytes)
Event: 8.445 Thread 0x00000000160b1000 nmethod 2090 0x0000000002b45050 code [0x0000000002b45220, 0x0000000002b458e8]
Event: 8.445 Thread 0x00000000160b1000 2092       3       com.android.dx.rop.annotation.NameValuePair::hashCode (19 bytes)
Event: 8.445 Thread 0x00000000160b1000 nmethod 2092 0x0000000002b45ad0 code [0x0000000002b45c60, 0x0000000002b46038]
Event: 8.445 Thread 0x00000000160b1000 2091       3       com.android.dx.rop.annotation.Annotation::hashCode (36 bytes)
Event: 8.445 Thread 0x00000000160b1000 nmethod 2091 0x0000000002b46190 code [0x0000000002b46340, 0x0000000002b46928]
Event: 8.445 Thread 0x00000000160b1000 2093       3       java.lang.Enum::hashCode (5 bytes)
Event: 8.445 Thread 0x00000000160b1000 nmethod 2093 0x0000000002b46b90 code [0x0000000002b46d00, 0x0000000002b46e88]
Event: 8.445 Thread 0x00000000160b1000 2095       3       com.android.dx.dex.file.AnnotationSetItem::hashCode (8 bytes)

GC Heap History (8 events):
Event: 2.219 GC heap before
{Heap before GC invocations=1 (full 0):
 PSYoungGen      total 38400K, used 33280K [0x00000000eab00000, 0x00000000ed580000, 0x0000000100000000)
  eden space 33280K, 100% used [0x00000000eab00000,0x00000000ecb80000,0x00000000ecb80000)
  from space 5120K, 0% used [0x00000000ed080000,0x00000000ed080000,0x00000000ed580000)
  to   space 5120K, 0% used [0x00000000ecb80000,0x00000000ecb80000,0x00000000ed080000)
 ParOldGen       total 87552K, used 0K [0x00000000c0000000, 0x00000000c5580000, 0x00000000eab00000)
  object space 87552K, 0% used [0x00000000c0000000,0x00000000c0000000,0x00000000c5580000)
 Metaspace       used 6034K, capacity 6962K, committed 7040K, reserved 1056768K
  class space    used 598K, capacity 618K, committed 640K, reserved 1048576K
Event: 2.329 GC heap after
Heap after GC invocations=1 (full 0):
 PSYoungGen      total 38400K, used 5114K [0x00000000eab00000, 0x00000000ef600000, 0x0000000100000000)
  eden space 33280K, 0% used [0x00000000eab00000,0x00000000eab00000,0x00000000ecb80000)
  from space 5120K, 99% used [0x00000000ecb80000,0x00000000ed07eaa8,0x00000000ed080000)
  to   space 5120K, 0% used [0x00000000ef100000,0x00000000ef100000,0x00000000ef600000)
 ParOldGen       total 87552K, used 1707K [0x00000000c0000000, 0x00000000c5580000, 0x00000000eab00000)
  object space 87552K, 1% used [0x00000000c0000000,0x00000000c01aaf20,0x00000000c5580000)
 Metaspace       used 6034K, capacity 6962K, committed 7040K, reserved 1056768K
  class space    used 598K, capacity 618K, committed 640K, reserved 1048576K
}
Event: 3.123 GC heap before
{Heap before GC invocations=2 (full 0):
 PSYoungGen      total 38400K, used 38394K [0x00000000eab00000, 0x00000000ef600000, 0x0000000100000000)
  eden space 33280K, 100% used [0x00000000eab00000,0x00000000ecb80000,0x00000000ecb80000)
  from space 5120K, 99% used [0x00000000ecb80000,0x00000000ed07eaa8,0x00000000ed080000)
  to   space 5120K, 0% used [0x00000000ef100000,0x00000000ef100000,0x00000000ef600000)
 ParOldGen       total 87552K, used 1707K [0x00000000c0000000, 0x00000000c5580000, 0x00000000eab00000)
  object space 87552K, 1% used [0x00000000c0000000,0x00000000c01aaf20,0x00000000c5580000)
 Metaspace       used 6227K, capacity 7064K, committed 7424K, reserved 1056768K
  class space    used 620K, capacity 656K, committed 768K, reserved 1048576K
Event: 3.231 GC heap after
Heap after GC invocations=2 (full 0):
 PSYoungGen      total 71680K, used 5088K [0x00000000eab00000, 0x00000000ef600000, 0x0000000100000000)
  eden space 66560K, 0% used [0x00000000eab00000,0x00000000eab00000,0x00000000eec00000)
  from space 5120K, 99% used [0x00000000ef100000,0x00000000ef5f8028,0x00000000ef600000)
  to   space 5120K, 0% used [0x00000000eec00000,0x00000000eec00000,0x00000000ef100000)
 ParOldGen       total 87552K, used 5752K [0x00000000c0000000, 0x00000000c5580000, 0x00000000eab00000)
  object space 87552K, 6% used [0x00000000c0000000,0x00000000c059e268,0x00000000c5580000)
 Metaspace       used 6227K, capacity 7064K, committed 7424K, reserved 1056768K
  class space    used 620K, capacity 656K, committed 768K, reserved 1048576K
}
Event: 7.193 GC heap before
{Heap before GC invocations=3 (full 0):
 PSYoungGen      total 71680K, used 71648K [0x00000000eab00000, 0x00000000ef600000, 0x0000000100000000)
  eden space 66560K, 100% used [0x00000000eab00000,0x00000000eec00000,0x00000000eec00000)
  from space 5120K, 99% used [0x00000000ef100000,0x00000000ef5f8028,0x00000000ef600000)
  to   space 5120K, 0% used [0x00000000eec00000,0x00000000eec00000,0x00000000ef100000)
 ParOldGen       total 87552K, used 5752K [0x00000000c0000000, 0x00000000c5580000, 0x00000000eab00000)
  object space 87552K, 6% used [0x00000000c0000000,0x00000000c059e268,0x00000000c5580000)
 Metaspace       used 6345K, capacity 7128K, committed 7424K, reserved 1056768K
  class space    used 620K, capacity 656K, committed 768K, reserved 1048576K
Event: 7.927 GC heap after
Heap after GC invocations=3 (full 0):
 PSYoungGen      total 71680K, used 5088K [0x00000000eab00000, 0x00000000f3700000, 0x0000000100000000)
  eden space 66560K, 0% used [0x00000000eab00000,0x00000000eab00000,0x00000000eec00000)
  from space 5120K, 99% used [0x00000000eec00000,0x00000000ef0f8010,0x00000000ef100000)
  to   space 5120K, 0% used [0x00000000f3200000,0x00000000f3200000,0x00000000f3700000)
 ParOldGen       total 87552K, used 15373K [0x00000000c0000000, 0x00000000c5580000, 0x00000000eab00000)
  object space 87552K, 17% used [0x00000000c0000000,0x00000000c0f03790,0x00000000c5580000)
 Metaspace       used 6345K, capacity 7128K, committed 7424K, reserved 1056768K
  class space    used 620K, capacity 656K, committed 768K, reserved 1048576K
}
Event: 8.298 GC heap before
{Heap before GC invocations=4 (full 0):
 PSYoungGen      total 71680K, used 71648K [0x00000000eab00000, 0x00000000f3700000, 0x0000000100000000)
  eden space 66560K, 100% used [0x00000000eab00000,0x00000000eec00000,0x00000000eec00000)
  from space 5120K, 99% used [0x00000000eec00000,0x00000000ef0f8010,0x00000000ef100000)
  to   space 5120K, 0% used [0x00000000f3200000,0x00000000f3200000,0x00000000f3700000)
 ParOldGen       total 87552K, used 15373K [0x00000000c0000000, 0x00000000c5580000, 0x00000000eab00000)
  object space 87552K, 17% used [0x00000000c0000000,0x00000000c0f03790,0x00000000c5580000)
 Metaspace       used 6392K, capacity 7128K, committed 7424K, reserved 1056768K
  class space    used 620K, capacity 656K, committed 768K, reserved 1048576K
Event: 8.412 GC heap after
Heap after GC invocations=4 (full 0):
 PSYoungGen      total 138240K, used 5104K [0x00000000eab00000, 0x00000000f3700000, 0x0000000100000000)
  eden space 133120K, 0% used [0x00000000eab00000,0x00000000eab00000,0x00000000f2d00000)
  from space 5120K, 99% used [0x00000000f3200000,0x00000000f36fc1a0,0x00000000f3700000)
  to   space 5120K, 0% used [0x00000000f2d00000,0x00000000f2d00000,0x00000000f3200000)
 ParOldGen       total 87552K, used 26349K [0x00000000c0000000, 0x00000000c5580000, 0x00000000eab00000)
  object space 87552K, 30% used [0x00000000c0000000,0x00000000c19bb540,0x00000000c5580000)
 Metaspace       used 6392K, capacity 7128K, committed 7424K, reserved 1056768K
  class space    used 620K, capacity 656K, committed 768K, reserved 1048576K
}

Deoptimization events (10 events):
Event: 8.054 Thread 0x00000000162ff800 Uncommon trap: reason=unstable_if action=reinterpret pc=0x0000000002a89934 method=com.android.dx.ssa.PhiTypeResolver.resolveResultType(Lcom/android/dx/ssa/PhiInsn;)Z @ 47
Event: 8.066 Thread 0x00000000162ff800 Uncommon trap: reason=unstable_if action=reinterpret pc=0x00000000029c49b4 method=com.android.dx.ssa.SsaBasicBlock.scheduleMovesFromPhis()V @ 63
Event: 8.413 Thread 0x0000000016311800 Uncommon trap: reason=bimorphic action=maybe_recompile pc=0x0000000002b050a4 method=com.android.dx.cf.code.BytecodeArray.parseInstruction(ILcom/android/dx/cf/code/BytecodeArray$Visitor;)I @ 971
Event: 8.414 Thread 0x0000000016311800 Uncommon trap: reason=bimorphic action=maybe_recompile pc=0x0000000002b050a4 method=com.android.dx.cf.code.BytecodeArray.parseInstruction(ILcom/android/dx/cf/code/BytecodeArray$Visitor;)I @ 971
Event: 8.420 Thread 0x00000000162fe800 Uncommon trap: reason=unstable_if action=reinterpret pc=0x000000000299df14 method=com.android.dx.ssa.LocalVariableExtractor.processBlock(I)V @ 251
Event: 8.439 Thread 0x0000000001fd2800 Uncommon trap: reason=class_check action=maybe_recompile pc=0x000000000264cdc8 method=java.util.Arrays.hashCode([Ljava/lang/Object;)I @ 43
Event: 8.439 Thread 0x0000000001fd2800 Uncommon trap: reason=class_check action=maybe_recompile pc=0x000000000264cdc8 method=java.util.Arrays.hashCode([Ljava/lang/Object;)I @ 43
Event: 8.439 Thread 0x0000000001fd2800 Uncommon trap: reason=class_check action=maybe_recompile pc=0x000000000264cdc8 method=java.util.Arrays.hashCode([Ljava/lang/Object;)I @ 43
Event: 8.439 Thread 0x0000000001fd2800 Uncommon trap: reason=class_check action=maybe_recompile pc=0x000000000264cdc8 method=java.util.Arrays.hashCode([Ljava/lang/Object;)I @ 43
Event: 8.439 Thread 0x0000000001fd2800 Uncommon trap: reason=class_check action=maybe_recompile pc=0x000000000264d9a8 method=java.util.Arrays.hashCode([Ljava/lang/Object;)I @ 43

Internal exceptions (6 events):
Event: 0.099 Thread 0x0000000001fd2800 Exception <a 'java/lang/NoSuchMethodError': Method sun.misc.Unsafe.defineClass(Ljava/lang/String;[BII)Ljava/lang/Class; name or signature does not match> (0x00000000eab07cc0) thrown at [D:\re\workspace\8-2-build-windows-amd64-cygwin\jdk8u92\6642\hotspot\srÏl3æ<¹?
Event: 0.099 Thread 0x0000000001fd2800 Exception <a 'java/lang/NoSuchMethodError': Method sun.misc.Unsafe.prefetchRead(Ljava/lang/Object;J)V name or signature does not match> (0x00000000eab07fa8) thrown at [D:\re\workspace\8-2-build-windows-amd64-cygwin\jdk8u92\6642\hotspot\src\share\vm\prims\jc›ðÝQ
Event: 2.040 Thread 0x0000000016311800 Implicit null exception at 0x00000000024ccb2f to 0x00000000024ce4cd
Event: 2.556 Thread 0x0000000016311800 Exception <a 'java/lang/ArrayIndexOutOfBoundsException': 18> (0x00000000ebe11558) thrown at [D:\re\workspace\8-2-build-windows-amd64-cygwin\jdk8u92\6642\hotspot\src\share\vm\interpreter\interpreterRuntime.cpp, line 366]
Event: 2.556 Thread 0x0000000016311800 Exception <a 'java/lang/ArrayIndexOutOfBoundsException': 145> (0x00000000ebe130d8) thrown at [D:\re\workspace\8-2-build-windows-amd64-cygwin\jdk8u92\6642\hotspot\src\share\vm\interpreter\interpreterRuntime.cpp, line 366]
Event: 2.556 Thread 0x0000000016311800 Exception <a 'java/lang/ArrayIndexOutOfBoundsException': 40> (0x00000000ebe143c0) thrown at [D:\re\workspace\8-2-build-windows-amd64-cygwin\jdk8u92\6642\hotspot\src\share\vm\interpreter\interpreterRuntime.cpp, line 366]

Events (10 events):
Event: 8.439 Thread 0x0000000001fd2800 DEOPT PACKING pc=0x000000000264cdc8 sp=0x000000000084ebd0
Event: 8.439 Thread 0x0000000001fd2800 DEOPT UNPACKING pc=0x00000000021d582a sp=0x000000000084eb00 mode 2
Event: 8.439 Thread 0x0000000001fd2800 Uncommon trap: trap_request=0xffffffde fr.pc=0x000000000264cdc8
Event: 8.439 Thread 0x0000000001fd2800 DEOPT PACKING pc=0x000000000264cdc8 sp=0x000000000084ebd0
Event: 8.439 Thread 0x0000000001fd2800 DEOPT UNPACKING pc=0x00000000021d582a sp=0x000000000084eb00 mode 2
Event: 8.439 Thread 0x0000000001fd2800 Uncommon trap: trap_request=0xffffffde fr.pc=0x000000000264d9a8
Event: 8.439 Thread 0x0000000001fd2800 DEOPT PACKING pc=0x000000000264d9a8 sp=0x000000000084eea0
Event: 8.439 Thread 0x0000000001fd2800 DEOPT UNPACKING pc=0x00000000021d582a sp=0x000000000084ee28 mode 2
Event: 8.440 loading class com/android/dx/rop/cst/Zeroes
Event: 8.440 loading class com/android/dx/rop/cst/Zeroes done


Dynamic libraries:
0x00007ff725170000 - 0x00007ff7251a7000 	C:\Program Files\Java\jdk1.8.0_92\bin\java.exe
0x00007ffef9f10000 - 0x00007ffefa0ba000 	C:\Windows\SYSTEM32\ntdll.dll
0x00007ffef9b80000 - 0x00007ffef9cba000 	C:\Windows\system32\KERNEL32.DLL
0x00007ffef74a0000 - 0x00007ffef75af000 	C:\Windows\system32\KERNELBASE.dll
0x00007ffef5eb0000 - 0x00007ffef5f38000 	C:\Windows\system32\apphelp.dll
0x00007ffed0010000 - 0x00007ffed005f000 	C:\Windows\AppPatch\AppPatch64\AcGenral.DLL
0x00007ffef9cc0000 - 0x00007ffef9d67000 	C:\Windows\system32\msvcrt.dll
0x00007ffef70c0000 - 0x00007ffef70eb000 	C:\Windows\SYSTEM32\SspiCli.dll
0x00007ffef9320000 - 0x00007ffef9371000 	C:\Windows\system32\SHLWAPI.dll
0x00007ffef9380000 - 0x00007ffef94f1000 	C:\Windows\system32\USER32.dll
0x00007ffef7790000 - 0x00007ffef7908000 	C:\Windows\system32\ole32.dll
0x00007ffef7c70000 - 0x00007ffef9087000 	C:\Windows\system32\SHELL32.dll
0x00007ffef68f0000 - 0x00007ffef690e000 	C:\Windows\SYSTEM32\USERENV.dll
0x00007ffef9090000 - 0x00007ffef9135000 	C:\Windows\system32\ADVAPI32.dll
0x00007ffef22f0000 - 0x00007ffef230b000 	C:\Windows\SYSTEM32\MPR.dll
0x00007ffef79d0000 - 0x00007ffef7b06000 	C:\Windows\system32\RPCRT4.dll
0x00007ffef7c10000 - 0x00007ffef7c67000 	C:\Windows\SYSTEM32\sechost.dll
0x00007ffef9140000 - 0x00007ffef9316000 	C:\Windows\SYSTEM32\combase.dll
0x00007ffef9560000 - 0x00007ffef96a5000 	C:\Windows\system32\GDI32.dll
0x00007ffef7280000 - 0x00007ffef7294000 	C:\Windows\SYSTEM32\profapi.dll
0x00007ffef58e0000 - 0x00007ffef597f000 	C:\Windows\SYSTEM32\SHCORE.dll
0x00007ffef9b40000 - 0x00007ffef9b74000 	C:\Windows\system32\IMM32.DLL
0x00007ffef96b0000 - 0x00007ffef97e9000 	C:\Windows\system32\MSCTF.dll
0x00007ffef4fd0000 - 0x00007ffef522a000 	C:\Windows\WinSxS\amd64_microsoft.windows.common-controls_6595b64144ccf1df_6.0.9600.17031_none_6242a4b3ecbb55a1\COMCTL32.dll
0x0000000067850000 - 0x0000000067922000 	C:\Program Files\Java\jdk1.8.0_92\jre\bin\msvcr100.dll
0x0000000067ea0000 - 0x0000000068736000 	C:\Program Files\Java\jdk1.8.0_92\jre\bin\server\jvm.dll
0x00007ffeeee10000 - 0x00007ffeeee19000 	C:\Windows\SYSTEM32\WSOCK32.dll
0x00007ffeeedc0000 - 0x00007ffeeeddf000 	C:\Windows\SYSTEM32\WINMM.dll
0x00007ffef4f90000 - 0x00007ffef4f9a000 	C:\Windows\SYSTEM32\VERSION.dll
0x00007ffef7b10000 - 0x00007ffef7b17000 	C:\Windows\system32\PSAPI.DLL
0x00007ffef9500000 - 0x00007ffef9558000 	C:\Windows\system32\WS2_32.dll
0x00007ffee99a0000 - 0x00007ffee99ca000 	C:\Windows\SYSTEM32\WINMMBASE.dll
0x00007ffef9b30000 - 0x00007ffef9b39000 	C:\Windows\system32\NSI.dll
0x00007ffef7350000 - 0x00007ffef739a000 	C:\Windows\SYSTEM32\cfgmgr32.dll
0x00007ffef6100000 - 0x00007ffef6126000 	C:\Windows\SYSTEM32\DEVOBJ.dll
0x0000000069210000 - 0x000000006921f000 	C:\Program Files\Java\jdk1.8.0_92\jre\bin\verify.dll
0x00000000691e0000 - 0x0000000069209000 	C:\Program Files\Java\jdk1.8.0_92\jre\bin\java.dll
0x0000000069190000 - 0x00000000691a6000 	C:\Program Files\Java\jdk1.8.0_92\jre\bin\zip.dll

VM Arguments:
jvm_args: -Djava.awt.headless=true -Xmx1024M -Dfile.encoding=windows-1252 -Duser.country=US -Duser.language=en -Duser.variant 
java_command: com.android.dx.command.Main --dex --force-jumbo --num-threads=4 --output C:\Zooket\app\build\intermediates\pre-dexed\debug\okhttp-3.5.0_e91d8159a3d7db8ced802dc3bb030e67d837299d.jar C:\Users\Smo\.gradle\caches\modules-2\files-2.1\com.squareup.okhttp3\okhttp\3.5.0\4b0bb6bfbecbdd42b97ff400af342bfe7f32bc83\okhttp-3.5.0.jar
java_class_path (initial): C:\android-sdk-windows\build-tools\24.0.3\lib\dx.jar
Launcher Type: SUN_STANDARD

Environment Variables:
PATH=C:\ProgramData\Oracle\Java\javapath;C:\Windows\system32;C:\Windows;C:\Windows\System32\Wbem;C:\Windows\System32\WindowsPowerShell\v1.0\;C:\Program Files (x86)\NVIDIA Corporation\PhysX\Common;C:\Program Files (x86)\Windows Kits\8.1\Windows Performance Toolkit\;C:\Program Files\Microsoft SQL Server\110\Tools\Binn\;C:\Program Files\Microsoft SQL Server\110\DTS\Binn\;C:\Program Files (x86)\Microsoft SQL Server\110\Tools\Binn\;C:\Program Files (x86)\Microsoft SQL Server\110\Tools\Binn\ManagementStudio\;C:\Program Files (x86)\Microsoft Visual Studio 10.0\Common7\IDE\PrivateAssemblies\;C:\Program Files (x86)\Microsoft SQL Server\110\DTS\Binn\;C:\Program Files (x86)\GtkSharp\2.12\bin;C:\Program Files (x86)\QuickTime\QTSystem\
USERNAME=Smo
OS=Windows_NT
PROCESSOR_IDENTIFIER=Intel64 Family 6 Model 94 Stepping 3, GenuineIntel



---------------  S Y S T E M  ---------------

OS: Windows 8.1 , 64 bit Build 9600 (6.3.9600.17056)

CPU:total 4 (4 cores per cpu, 1 threads per core) family 6 model 94 stepping 3, cmov, cx8, fxsr, mmx, sse, sse2, sse3, ssse3, sse4.1, sse4.2, popcnt, avx, avx2, aes, clmul, erms, 3dnowpref, lzcnt, tsc, tscinvbit, bmi1, bmi2, adx

Memory: 4k page, physical 8266404k(1406728k free), swap 8266404k(5568k free)

vm_info: Java HotSpot(TM) 64-Bit Server VM (25.92-b14) for windows-amd64 JRE (1.8.0_92-b14), built on Mar 31 2016 21:03:04 by "java_re" with MS VC++ 10.0 (VS2010)

time: Thu May 11 10:05:33 2017
elapsed time: 8 seconds (0d 0h 0m 8s)

