#
# There is insufficient memory for the Java Runtime Environment to continue.
# Native memory allocation (malloc) failed to allocate 46784 bytes for Chunk::new
# Possible reasons:
#   The system is out of physical RAM or swap space
#   In 32 bit mode, the process size limit was hit
# Possible solutions:
#   Reduce memory load on the system
#   Increase physical memory or swap space
#   Check if swap backing store is full
#   Use 64 bit Java on a 64 bit OS
#   Decrease Java heap size (-Xmx/-Xms)
#   Decrease number of Java threads
#   Decrease Java thread stack sizes (-Xss)
#   Set larger code cache with -XX:ReservedCodeCacheSize=
# This output file may be truncated or incomplete.
#
#  Out of Memory Error (allocation.cpp:390), pid=9188, tid=0x0000000000002350
#
# JRE version: Java(TM) SE Runtime Environment (8.0_92-b14) (build 1.8.0_92-b14)
# Java VM: Java HotSpot(TM) 64-Bit Server VM (25.92-b14 mixed mode windows-amd64 compressed oops)
# Failed to write core dump. Minidumps are not enabled by default on client versions of Windows
#

---------------  T H R E A D  ---------------

Current thread (0x0000000014b11800):  JavaThread "C2 CompilerThread1" daemon [_thread_in_native, id=9040, stack(0x0000000016250000,0x0000000016350000)]

Stack: [0x0000000016250000,0x0000000016350000]
[error occurred during error reporting (printing stack bounds), id 0xc0000005]

Native frames: (J=compiled Java code, j=interpreted, Vv=VM code, C=native code)


Current CompileTask:
C2:   1897 1418       4       com.android.dx.rop.code.Rops::ropFor (771 bytes)


---------------  P R O C E S S  ---------------

Java Threads: ( => current thread )
  0x00000000164d2000 JavaThread "pool-1-thread-4" [_thread_in_Java, id=8716, stack(0x0000000016e50000,0x0000000016f50000)]
  0x00000000164f3800 JavaThread "pool-2-thread-1" [_thread_blocked, id=1148, stack(0x0000000016b50000,0x0000000016c50000)]
  0x0000000014b6c800 JavaThread "Service Thread" daemon [_thread_blocked, id=7524, stack(0x0000000016850000,0x0000000016950000)]
  0x0000000014b67800 JavaThread "C1 CompilerThread2" daemon [_thread_blocked, id=9440, stack(0x0000000016750000,0x0000000016850000)]
=>0x0000000014b11800 JavaThread "C2 CompilerThread1" daemon [_thread_in_native, id=9040, stack(0x0000000016250000,0x0000000016350000)]
  0x0000000014b0e000 JavaThread "C2 CompilerThread0" daemon [_thread_in_native, id=9984, stack(0x0000000016150000,0x0000000016250000)]
  0x0000000014b0c000 JavaThread "Attach Listener" daemon [_thread_blocked, id=8948, stack(0x0000000016050000,0x0000000016150000)]
  0x0000000014b0b000 JavaThread "Signal Dispatcher" daemon [_thread_blocked, id=3896, stack(0x0000000015f50000,0x0000000016050000)]
  0x0000000014afa800 JavaThread "Finalizer" daemon [_thread_blocked, id=7792, stack(0x0000000015d70000,0x0000000015e70000)]
  0x0000000002430800 JavaThread "Reference Handler" daemon [_thread_blocked, id=10028, stack(0x0000000015c70000,0x0000000015d70000)]
  0x0000000002342800 JavaThread "main" [_thread_blocked, id=2336, stack(0x0000000000aa0000,0x0000000000ba0000)]

Other Threads:
  0x0000000014ad8800 VMThread [stack: 0x0000000015b70000,0x0000000015c70000] [id=8284]
  0x0000000014b6e800 WatcherThread [stack: 0x0000000016950000,0x0000000016a50000] [id=6944]

VM state:not at safepoint (normal execution)

VM Mutex/Monitor currently owned by a thread: None

Heap:
 PSYoungGen      total 38400K, used 37480K [0x00000000eab00000, 0x00000000ed580000, 0x0000000100000000)
  eden space 33280K, 98% used [0x00000000eab00000,0x00000000ecae40f8,0x00000000ecb80000)
  from space 5120K, 99% used [0x00000000ed080000,0x00000000ed57f300,0x00000000ed580000)
  to   space 5120K, 0% used [0x00000000ecb80000,0x00000000ecb80000,0x00000000ed080000)
 ParOldGen       total 87552K, used 6168K [0x00000000c0000000, 0x00000000c5580000, 0x00000000eab00000)
  object space 87552K, 7% used [0x00000000c0000000,0x00000000c06063d8,0x00000000c5580000)
 Metaspace       used 6094K, capacity 7028K, committed 7296K, reserved 1056768K
  class space    used 605K, capacity 620K, committed 640K, reserved 1048576K

Card table byte_map: [0x0000000011800000,0x0000000011a10000] byte_map_base: 0x0000000011200000

Marking Bits: (ParMarkBitMap*) 0x0000000060c564f0
 Begin Bits: [0x0000000011f70000, 0x0000000012f70000)
 End Bits:   [0x0000000012f70000, 0x0000000013f70000)

Polling page: 0x0000000000920000

CodeCache: size=245760Kb used=5606Kb max_used=5619Kb free=240153Kb
 bounds [0x0000000002440000, 0x00000000029d0000, 0x0000000011440000]
 total_blobs=1662 nmethods=1393 adapters=182
 compilation: enabled

Compilation events (10 events):
Event: 1.863 Thread 0x0000000014b11800 nmethod 1412 0x00000000029ad790 code [0x00000000029ad8c0, 0x00000000029ad958]
Event: 1.863 Thread 0x0000000014b11800 1413       4       com.android.dx.cf.code.RopperMachine::startBlock (48 bytes)
Event: 1.864 Thread 0x0000000014b11800 nmethod 1413 0x00000000029ad450 code [0x00000000029ad580, 0x00000000029ad6b8]
Event: 1.865 Thread 0x0000000014b11800 1414       4       com.android.dx.cf.code.ByteBlockList::labelToBlock (46 bytes)
Event: 1.866 Thread 0x0000000014b11800 nmethod 1414 0x00000000029aec50 code [0x00000000029aeda0, 0x00000000029aeef8]
Event: 1.866 Thread 0x0000000014b11800 1415   !   4       com.android.dx.cf.code.Simulator::simulate (74 bytes)
Event: 1.868 Thread 0x0000000014b11800 nmethod 1415 0x00000000029ae710 code [0x00000000029ae880, 0x00000000029aea38]
Event: 1.868 Thread 0x0000000014b11800 1416       4       com.android.dx.cf.code.Ropper::addOrReplaceBlock (66 bytes)
Event: 1.878 Thread 0x0000000014b11800 nmethod 1416 0x00000000029b4850 code [0x00000000029b49e0, 0x00000000029b52f8]
Event: 1.878 Thread 0x0000000014b11800 1418       4       com.android.dx.rop.code.Rops::ropFor (771 bytes)

GC Heap History (4 events):
Event: 1.030 GC heap before
{Heap before GC invocations=1 (full 0):
 PSYoungGen      total 38400K, used 33280K [0x00000000eab00000, 0x00000000ed580000, 0x0000000100000000)
  eden space 33280K, 100% used [0x00000000eab00000,0x00000000ecb80000,0x00000000ecb80000)
  from space 5120K, 0% used [0x00000000ed080000,0x00000000ed080000,0x00000000ed580000)
  to   space 5120K, 0% used [0x00000000ecb80000,0x00000000ecb80000,0x00000000ed080000)
 ParOldGen       total 87552K, used 0K [0x00000000c0000000, 0x00000000c5580000, 0x00000000eab00000)
  object space 87552K, 0% used [0x00000000c0000000,0x00000000c0000000,0x00000000c5580000)
 Metaspace       used 5946K, capacity 6898K, committed 7040K, reserved 1056768K
  class space    used 602K, capacity 618K, committed 640K, reserved 1048576K
Event: 1.111 GC heap after
Heap after GC invocations=1 (full 0):
 PSYoungGen      total 38400K, used 5107K [0x00000000eab00000, 0x00000000ed580000, 0x0000000100000000)
  eden space 33280K, 0% used [0x00000000eab00000,0x00000000eab00000,0x00000000ecb80000)
  from space 5120K, 99% used [0x00000000ecb80000,0x00000000ed07cf10,0x00000000ed080000)
  to   space 5120K, 0% used [0x00000000ed080000,0x00000000ed080000,0x00000000ed580000)
 ParOldGen       total 87552K, used 1954K [0x00000000c0000000, 0x00000000c5580000, 0x00000000eab00000)
  object space 87552K, 2% used [0x00000000c0000000,0x00000000c01e8bb0,0x00000000c5580000)
 Metaspace       used 5946K, capacity 6898K, committed 7040K, reserved 1056768K
  class space    used 602K, capacity 618K, committed 640K, reserved 1048576K
}
Event: 1.366 GC heap before
{Heap before GC invocations=2 (full 0):
 PSYoungGen      total 38400K, used 38387K [0x00000000eab00000, 0x00000000ed580000, 0x0000000100000000)
  eden space 33280K, 100% used [0x00000000eab00000,0x00000000ecb80000,0x00000000ecb80000)
  from space 5120K, 99% used [0x00000000ecb80000,0x00000000ed07cf10,0x00000000ed080000)
  to   space 5120K, 0% used [0x00000000ed080000,0x00000000ed080000,0x00000000ed580000)
 ParOldGen       total 87552K, used 1954K [0x00000000c0000000, 0x00000000c5580000, 0x00000000eab00000)
  object space 87552K, 2% used [0x00000000c0000000,0x00000000c01e8bb0,0x00000000c5580000)
 Metaspace       used 6085K, capacity 6964K, committed 7040K, reserved 1056768K
  class space    used 605K, capacity 620K, committed 640K, reserved 1048576K
Event: 1.440 GC heap after
Heap after GC invocations=2 (full 0):
 PSYoungGen      total 38400K, used 5116K [0x00000000eab00000, 0x00000000ed580000, 0x0000000100000000)
  eden space 33280K, 0% used [0x00000000eab00000,0x00000000eab00000,0x00000000ecb80000)
  from space 5120K, 99% used [0x00000000ed080000,0x00000000ed57f300,0x00000000ed580000)
  to   space 5120K, 0% used [0x00000000ecb80000,0x00000000ecb80000,0x00000000ed080000)
 ParOldGen       total 87552K, used 6168K [0x00000000c0000000, 0x00000000c5580000, 0x00000000eab00000)
  object space 87552K, 7% used [0x00000000c0000000,0x00000000c06063d8,0x00000000c5580000)
 Metaspace       used 6085K, capacity 6964K, committed 7040K, reserved 1056768K
  class space    used 605K, capacity 620K, committed 640K, reserved 1048576K
}

Deoptimization events (10 events):
Event: 0.759 Thread 0x0000000002342800 Uncommon trap: reason=class_check action=maybe_recompile pc=0x00000000026dda78 method=com.android.dx.ssa.NormalSsaInsn.accept(Lcom/android/dx/ssa/SsaInsn$Visitor;)V @ 9
Event: 0.759 Thread 0x0000000002342800 Uncommon trap: reason=class_check action=maybe_recompile pc=0x00000000026dda78 method=com.android.dx.ssa.NormalSsaInsn.accept(Lcom/android/dx/ssa/SsaInsn$Visitor;)V @ 9
Event: 0.793 Thread 0x00000000164cc800 Uncommon trap: reason=null_check action=make_not_entrant pc=0x0000000002706928 method=com.android.dx.rop.type.Type.equals(Ljava/lang/Object;)Z @ 8
Event: 0.814 Thread 0x00000000164d2000 Uncommon trap: reason=null_check action=make_not_entrant pc=0x00000000027a3408 method=com.android.dx.ssa.SsaRenamer.getLocalForNewReg(I)Lcom/android/dx/rop/code/LocalItem; @ 19
Event: 1.126 Thread 0x00000000164ce000 Uncommon trap: reason=unstable_if action=reinterpret pc=0x00000000026c9ac0 method=com.android.dx.rop.code.RegisterSpec.equals(ILcom/android/dx/rop/type/TypeBearer;Lcom/android/dx/rop/code/LocalItem;)Z @ 42
Event: 1.199 Thread 0x00000000164cc800 Uncommon trap: reason=class_check action=maybe_recompile pc=0x000000000281dcc4 method=java.util.HashMap.putVal(ILjava/lang/Object;Ljava/lang/Object;ZZ)Ljava/lang/Object; @ 203
Event: 1.201 Thread 0x00000000164cc800 Uncommon trap: reason=class_check action=maybe_recompile pc=0x000000000281dcc4 method=java.util.HashMap.putVal(ILjava/lang/Object;Ljava/lang/Object;ZZ)Ljava/lang/Object; @ 203
Event: 1.201 Thread 0x00000000164cc800 Uncommon trap: reason=class_check action=maybe_recompile pc=0x000000000281dcc4 method=java.util.HashMap.putVal(ILjava/lang/Object;Ljava/lang/Object;ZZ)Ljava/lang/Object; @ 203
Event: 1.201 Thread 0x00000000164cc800 Uncommon trap: reason=class_check action=maybe_recompile pc=0x000000000281dcc4 method=java.util.HashMap.putVal(ILjava/lang/Object;Ljava/lang/Object;ZZ)Ljava/lang/Object; @ 203
Event: 1.201 Thread 0x00000000164cc800 Uncommon trap: reason=class_check action=maybe_recompile pc=0x0000000002817840 method=java.util.HashMap.putVal(ILjava/lang/Object;Ljava/lang/Object;ZZ)Ljava/lang/Object; @ 203

Internal exceptions (4 events):
Event: 0.058 Thread 0x0000000002342800 Exception <a 'java/lang/NoSuchMethodError': Method sun.misc.Unsafe.defineClass(Ljava/lang/String;[BII)Ljava/lang/Class; name or signature does not match> (0x00000000eab07cc0) thrown at [D:\re\workspace\8-2-build-windows-amd64-cygwin\jdk8u92\6642\hotspot\sr?IÓÞ­?
Event: 0.058 Thread 0x0000000002342800 Exception <a 'java/lang/NoSuchMethodError': Method sun.misc.Unsafe.prefetchRead(Ljava/lang/Object;J)V name or signature does not match> (0x00000000eab07fa8) thrown at [D:\re\workspace\8-2-build-windows-amd64-cygwin\jdk8u92\6642\hotspot\src\share\vm\prims\jÇ­éûaé?
Event: 0.793 Thread 0x00000000164cc800 Implicit null exception at 0x0000000002706822 to 0x000000000270691a
Event: 0.814 Thread 0x00000000164d2000 Implicit null exception at 0x00000000027a2e4b to 0x00000000027a33ed

Events (10 events):
Event: 1.201 Thread 0x00000000164cc800 DEOPT PACKING pc=0x000000000281dcc4 sp=0x0000000016b4eac0
Event: 1.201 Thread 0x00000000164cc800 DEOPT UNPACKING pc=0x000000000248582a sp=0x0000000016b4e9f8 mode 2
Event: 1.201 Thread 0x00000000164cc800 Uncommon trap: trap_request=0xffffffde fr.pc=0x0000000002817840
Event: 1.201 Thread 0x00000000164cc800 DEOPT PACKING pc=0x0000000002817840 sp=0x0000000016b4eae0
Event: 1.201 Thread 0x00000000164cc800 DEOPT UNPACKING pc=0x000000000248582a sp=0x0000000016b4ea98 mode 2
Event: 1.220 Executing VM operation: ParallelGCFailedAllocation
Event: 1.440 Executing VM operation: ParallelGCFailedAllocation done
Event: 1.465 Thread 0x00000000164ce800 Thread exited: 0x00000000164ce800
Event: 1.467 Thread 0x00000000164ce000 Thread exited: 0x00000000164ce000
Event: 1.484 Thread 0x00000000164cc800 Thread exited: 0x00000000164cc800


Dynamic libraries:
0x00007ff7b9a90000 - 0x00007ff7b9ac7000 	C:\Program Files\Java\jdk1.8.0_92\bin\java.exe
0x00007ff8c1da0000 - 0x00007ff8c1f4a000 	C:\Windows\SYSTEM32\ntdll.dll
0x00007ff8c1530000 - 0x00007ff8c166a000 	C:\Windows\system32\KERNEL32.DLL
0x00007ff8bf4c0000 - 0x00007ff8bf5cf000 	C:\Windows\system32\KERNELBASE.dll
0x00007ff8bdd40000 - 0x00007ff8bddc8000 	C:\Windows\system32\apphelp.dll
0x00007ff8aa780000 - 0x00007ff8aa7cf000 	C:\Windows\AppPatch\AppPatch64\AcGenral.DLL
0x00007ff8c1ce0000 - 0x00007ff8c1d87000 	C:\Windows\system32\msvcrt.dll
0x00007ff8bef50000 - 0x00007ff8bef7b000 	C:\Windows\SYSTEM32\SspiCli.dll
0x00007ff8bf7c0000 - 0x00007ff8bf811000 	C:\Windows\system32\SHLWAPI.dll
0x00007ff8c1680000 - 0x00007ff8c17f1000 	C:\Windows\system32\USER32.dll
0x00007ff8c1800000 - 0x00007ff8c1978000 	C:\Windows\system32\ole32.dll
0x00007ff8bfdc0000 - 0x00007ff8c11d7000 	C:\Windows\system32\SHELL32.dll
0x00007ff8be780000 - 0x00007ff8be79e000 	C:\Windows\SYSTEM32\USERENV.dll
0x00007ff8c1380000 - 0x00007ff8c1425000 	C:\Windows\system32\ADVAPI32.dll
0x00007ff8ba5f0000 - 0x00007ff8ba60b000 	C:\Windows\SYSTEM32\MPR.dll
0x00007ff8bf620000 - 0x00007ff8bf756000 	C:\Windows\system32\RPCRT4.dll
0x00007ff8bfa70000 - 0x00007ff8bfac7000 	C:\Windows\SYSTEM32\sechost.dll
0x00007ff8c1b00000 - 0x00007ff8c1cd6000 	C:\Windows\SYSTEM32\combase.dll
0x00007ff8bfc70000 - 0x00007ff8bfdb5000 	C:\Windows\system32\GDI32.dll
0x00007ff8bf110000 - 0x00007ff8bf124000 	C:\Windows\SYSTEM32\profapi.dll
0x00007ff8bd770000 - 0x00007ff8bd80f000 	C:\Windows\SYSTEM32\SHCORE.dll
0x00007ff8c1430000 - 0x00007ff8c1464000 	C:\Windows\system32\IMM32.DLL
0x00007ff8c11e0000 - 0x00007ff8c1319000 	C:\Windows\system32\MSCTF.dll
0x00007ff8bcef0000 - 0x00007ff8bd14a000 	C:\Windows\WinSxS\amd64_microsoft.windows.common-controls_6595b64144ccf1df_6.0.9600.17031_none_6242a4b3ecbb55a1\COMCTL32.dll
0x000000005fcc0000 - 0x000000005fd92000 	C:\Program Files\Java\jdk1.8.0_92\jre\bin\msvcr100.dll
0x0000000060440000 - 0x0000000060cd6000 	C:\Program Files\Java\jdk1.8.0_92\jre\bin\server\jvm.dll
0x00007ff8ba780000 - 0x00007ff8ba789000 	C:\Windows\SYSTEM32\WSOCK32.dll
0x00007ff8baf20000 - 0x00007ff8baf3f000 	C:\Windows\SYSTEM32\WINMM.dll
0x00007ff8bce20000 - 0x00007ff8bce2a000 	C:\Windows\SYSTEM32\VERSION.dll
0x00007ff8c1670000 - 0x00007ff8c1677000 	C:\Windows\system32\PSAPI.DLL
0x00007ff8c1320000 - 0x00007ff8c1378000 	C:\Windows\system32\WS2_32.dll
0x00007ff8ba790000 - 0x00007ff8ba7ba000 	C:\Windows\SYSTEM32\WINMMBASE.dll
0x00007ff8bf820000 - 0x00007ff8bf829000 	C:\Windows\system32\NSI.dll
0x00007ff8bf1e0000 - 0x00007ff8bf22a000 	C:\Windows\SYSTEM32\cfgmgr32.dll
0x00007ff8bdf90000 - 0x00007ff8bdfb6000 	C:\Windows\SYSTEM32\DEVOBJ.dll
0x0000000060f50000 - 0x0000000060f5f000 	C:\Program Files\Java\jdk1.8.0_92\jre\bin\verify.dll
0x0000000060410000 - 0x0000000060439000 	C:\Program Files\Java\jdk1.8.0_92\jre\bin\java.dll
0x00000000603f0000 - 0x0000000060406000 	C:\Program Files\Java\jdk1.8.0_92\jre\bin\zip.dll

VM Arguments:
jvm_args: -Djava.awt.headless=true -Xmx1024M -Dfile.encoding=windows-1252 -Duser.country=US -Duser.language=en -Duser.variant 
java_command: com.android.dx.command.Main --dex --force-jumbo --num-threads=4 --output C:\Zooket\app\build\intermediates\pre-dexed\debug\com.mohamadamin-persianmaterialdatetimepicker-1.2.1_aefb08b30e09470f707e4860709cd714f791c542.jar C:\Zooket\app\build\intermediates\exploded-aar\com.mohamadamin\persianmaterialdatetimepicker\1.2.1\jars\classes.jar
java_class_path (initial): C:\android-sdk-windows\build-tools\24.0.3\lib\dx.jar
Launcher Type: SUN_STANDARD

Environment Variables:
PATH=C:\ProgramData\Oracle\Java\javapath;C:\Windows\system32;C:\Windows;C:\Windows\System32\Wbem;C:\Windows\System32\WindowsPowerShell\v1.0\;C:\Program Files (x86)\NVIDIA Corporation\PhysX\Common;C:\Program Files (x86)\Windows Kits\8.1\Windows Performance Toolkit\;C:\Program Files\Microsoft SQL Server\110\Tools\Binn\;C:\Program Files\Microsoft SQL Server\110\DTS\Binn\;C:\Program Files (x86)\Microsoft SQL Server\110\Tools\Binn\;C:\Program Files (x86)\Microsoft SQL Server\110\Tools\Binn\ManagementStudio\;C:\Program Files (x86)\Microsoft Visual Studio 10.0\Common7\IDE\PrivateAssemblies\;C:\Program Files (x86)\Microsoft SQL Server\110\DTS\Binn\;C:\Program Files (x86)\GtkSharp\2.12\bin;C:\Program Files (x86)\QuickTime\QTSystem\
USERNAME=Smo
OS=Windows_NT
PROCESSOR_IDENTIFIER=Intel64 Family 6 Model 94 Stepping 3, GenuineIntel



---------------  S Y S T E M  ---------------

OS: Windows 8.1 , 64 bit Build 9600 (6.3.9600.17056)

CPU:total 4 (4 cores per cpu, 1 threads per core) family 6 model 94 stepping 3, cmov, cx8, fxsr, mmx, sse, sse2, sse3, ssse3, sse4.1, sse4.2, popcnt, avx, avx2, aes, clmul, erms, 3dnowpref, lzcnt, tsc, tscinvbit, bmi1, bmi2, adx

Memory: 4k page, physical 8266404k(1308928k free), swap 8266404k(5344k free)

vm_info: Java HotSpot(TM) 64-Bit Server VM (25.92-b14) for windows-amd64 JRE (1.8.0_92-b14), built on Mar 31 2016 21:03:04 by "java_re" with MS VC++ 10.0 (VS2010)

time: Tue May 09 12:01:59 2017
elapsed time: 1 seconds (0d 0h 0m 1s)

