#
# There is insufficient memory for the Java Runtime Environment to continue.
# Native memory allocation (malloc) failed to allocate 32744 bytes for ChunkPool::allocate
# Possible reasons:
#   The system is out of physical RAM or swap space
#   In 32 bit mode, the process size limit was hit
# Possible solutions:
#   Reduce memory load on the system
#   Increase physical memory or swap space
#   Check if swap backing store is full
#   Use 64 bit Java on a 64 bit OS
#   Decrease Java heap size (-Xmx/-Xms)
#   Decrease number of Java threads
#   Decrease Java thread stack sizes (-Xss)
#   Set larger code cache with -XX:ReservedCodeCacheSize=
# This output file may be truncated or incomplete.
#
#  Out of Memory Error (allocation.cpp:273), pid=8988, tid=0x000000000000205c
#
# JRE version: Java(TM) SE Runtime Environment (8.0_92-b14) (build 1.8.0_92-b14)
# Java VM: Java HotSpot(TM) 64-Bit Server VM (25.92-b14 mixed mode windows-amd64 compressed oops)
# Failed to write core dump. Minidumps are not enabled by default on client versions of Windows
#

---------------  T H R E A D  ---------------

Current thread (0x00000000168b4800):  JavaThread "pool-1-thread-3" [_thread_in_vm, id=8284, stack(0x00000000170e0000,0x00000000171e0000)]

Stack: [0x00000000170e0000,0x00000000171e0000]
[error occurred during error reporting (printing stack bounds), id 0xc0000005]

Native frames: (J=compiled Java code, j=interpreted, Vv=VM code, C=native code)

Java frames: (J=compiled Java code, j=interpreted, Vv=VM code)
v  blob 0x00000000028f57ba
J 1042 C2 java.util.HashMap.put(Ljava/lang/Object;Ljava/lang/Object;)Ljava/lang/Object; (13 bytes) @ 0x0000000002ce98d0 [0x0000000002ce9160+0x770]
j  com.android.dx.ssa.ConstCollector.getConstsSortedByCountUse()Ljava/util/ArrayList;+284
j  com.android.dx.ssa.ConstCollector.run()V+9
j  com.android.dx.ssa.ConstCollector.process(Lcom/android/dx/ssa/SsaMethod;)V+10
j  com.android.dx.ssa.Optimizer.runSsaFormSteps(Lcom/android/dx/ssa/SsaMethod;Ljava/util/EnumSet;)V+95
j  com.android.dx.ssa.Optimizer.optimize(Lcom/android/dx/rop/code/RopMethod;IZZLcom/android/dx/rop/code/TranslationAdvice;Ljava/util/EnumSet;)Lcom/android/dx/rop/code/RopMethod;+24
j  com.android.dx.ssa.Optimizer.optimize(Lcom/android/dx/rop/code/RopMethod;IZZLcom/android/dx/rop/code/TranslationAdvice;)Lcom/android/dx/rop/code/RopMethod;+11
j  com.android.dx.dex.cf.CfTranslator.processMethods(Lcom/android/dx/cf/direct/DirectClassFile;Lcom/android/dx/dex/cf/CfOptions;Lcom/android/dx/dex/DexOptions;Lcom/android/dx/dex/file/ClassDefItem;Lcom/android/dx/dex/file/DexFile;)V+265
j  com.android.dx.dex.cf.CfTranslator.translate0(Lcom/android/dx/cf/direct/DirectClassFile;[BLcom/android/dx/dex/cf/CfOptions;Lcom/android/dx/dex/DexOptions;Lcom/android/dx/dex/file/DexFile;)Lcom/android/dx/dex/file/ClassDefItem;+120
j  com.android.dx.dex.cf.CfTranslator.translate(Lcom/android/dx/cf/direct/DirectClassFile;[BLcom/android/dx/dex/cf/CfOptions;Lcom/android/dx/dex/DexOptions;Lcom/android/dx/dex/file/DexFile;)Lcom/android/dx/dex/file/ClassDefItem;+6
j  com.android.dx.command.dexer.Main.translateClass([BLcom/android/dx/cf/direct/DirectClassFile;)Lcom/android/dx/dex/file/ClassDefItem;+17
j  com.android.dx.command.dexer.Main.access$2700([BLcom/android/dx/cf/direct/DirectClassFile;)Lcom/android/dx/dex/file/ClassDefItem;+2
j  com.android.dx.command.dexer.Main$ClassTranslatorTask.call()Lcom/android/dx/dex/file/ClassDefItem;+8
j  com.android.dx.command.dexer.Main$ClassTranslatorTask.call()Ljava/lang/Object;+1
j  java.util.concurrent.FutureTask.run()V+42
j  java.util.concurrent.ThreadPoolExecutor.runWorker(Ljava/util/concurrent/ThreadPoolExecutor$Worker;)V+95
j  java.util.concurrent.ThreadPoolExecutor$Worker.run()V+5
j  java.lang.Thread.run()V+11
v  ~StubRoutines::call_stub

---------------  P R O C E S S  ---------------

Java Threads: ( => current thread )
  0x00000000168b8800 JavaThread "pool-1-thread-4" [_thread_in_Java, id=6372, stack(0x00000000171e0000,0x00000000172e0000)]
=>0x00000000168b4800 JavaThread "pool-1-thread-3" [_thread_in_vm, id=8284, stack(0x00000000170e0000,0x00000000171e0000)]
  0x00000000168b3800 JavaThread "pool-1-thread-2" [_thread_in_Java, id=7836, stack(0x0000000016fe0000,0x00000000170e0000)]
  0x0000000016898800 JavaThread "pool-2-thread-1" [_thread_blocked, id=7508, stack(0x0000000016ee0000,0x0000000016fe0000)]
  0x0000000016893800 JavaThread "pool-1-thread-1" [_thread_in_Java, id=1560, stack(0x0000000016de0000,0x0000000016ee0000)]
  0x0000000014fde800 JavaThread "Service Thread" daemon [_thread_blocked, id=8796, stack(0x0000000016be0000,0x0000000016ce0000)]
  0x00000000166e8800 JavaThread "C1 CompilerThread2" daemon [_thread_blocked, id=1840, stack(0x0000000016ae0000,0x0000000016be0000)]
  0x0000000014f81000 JavaThread "C2 CompilerThread1" daemon [_thread_in_native, id=5976, stack(0x00000000165e0000,0x00000000166e0000)]
  0x0000000014f7e000 JavaThread "C2 CompilerThread0" daemon [_thread_in_native, id=6340, stack(0x00000000164e0000,0x00000000165e0000)]
  0x0000000014f7c800 JavaThread "Attach Listener" daemon [_thread_blocked, id=6636, stack(0x00000000163e0000,0x00000000164e0000)]
  0x0000000014f7b000 JavaThread "Signal Dispatcher" daemon [_thread_blocked, id=2640, stack(0x00000000162e0000,0x00000000163e0000)]
  0x0000000014f6a800 JavaThread "Finalizer" daemon [_thread_blocked, id=8468, stack(0x00000000161e0000,0x00000000162e0000)]
  0x0000000014f49800 JavaThread "Reference Handler" daemon [_thread_blocked, id=2620, stack(0x00000000160e0000,0x00000000161e0000)]
  0x00000000027b2800 JavaThread "main" [_thread_in_Java, id=6044, stack(0x00000000025c0000,0x00000000026c0000)]

Other Threads:
  0x0000000014f48800 VMThread [stack: 0x0000000015fe0000,0x00000000160e0000] [id=7444]
  0x0000000016702800 WatcherThread [stack: 0x0000000016ce0000,0x0000000016de0000] [id=8620]

VM state:not at safepoint (normal execution)

VM Mutex/Monitor currently owned by a thread: None

Heap:
 PSYoungGen      total 38400K, used 30643K [0x00000000eab00000, 0x00000000ed580000, 0x0000000100000000)
  eden space 33280K, 92% used [0x00000000eab00000,0x00000000ec8ecd48,0x00000000ecb80000)
  from space 5120K, 0% used [0x00000000ed080000,0x00000000ed080000,0x00000000ed580000)
  to   space 5120K, 0% used [0x00000000ecb80000,0x00000000ecb80000,0x00000000ed080000)
 ParOldGen       total 87552K, used 0K [0x00000000c0000000, 0x00000000c5580000, 0x00000000eab00000)
  object space 87552K, 0% used [0x00000000c0000000,0x00000000c0000000,0x00000000c5580000)
 Metaspace       used 5975K, capacity 6898K, committed 7040K, reserved 1056768K
  class space    used 598K, capacity 618K, committed 640K, reserved 1048576K

Card table byte_map: [0x0000000011c70000,0x0000000011e80000] byte_map_base: 0x0000000011670000

Marking Bits: (ParMarkBitMap*) 0x0000000072cb64f0
 Begin Bits: [0x00000000123e0000, 0x00000000133e0000)
 End Bits:   [0x00000000133e0000, 0x00000000143e0000)

Polling page: 0x0000000000dc0000

CodeCache: size=245760Kb used=4752Kb max_used=4764Kb free=241007Kb
 bounds [0x00000000028b0000, 0x0000000002d60000, 0x00000000118b0000]
 total_blobs=1459 nmethods=1186 adapters=182
 compilation: disabled (not enough contiguous free space left)

Compilation events (10 events):
Event: 0.652 Thread 0x00000000166e8800 1197       1       com.android.dx.rop.cst.CstFloat::getType (4 bytes)
Event: 0.652 Thread 0x00000000166e8800 nmethod 1197 0x0000000002d50a50 code [0x0000000002d50ba0, 0x0000000002d50cb0]
Event: 0.652 Thread 0x00000000166e8800 1191       3       com.android.dx.cf.code.LocalVariableList::set (23 bytes)
Event: 0.652 Thread 0x00000000166e8800 nmethod 1191 0x0000000002d55350 code [0x0000000002d55540, 0x0000000002d55e38]
Event: 0.652 Thread 0x00000000166e8800 1193       3       com.android.dx.cf.code.Simulator$SimVisitor::visitNoArgs (2136 bytes)
Event: 0.655 Thread 0x0000000014f81000 nmethod 1196 0x0000000002d4fed0 code [0x0000000002d50060, 0x0000000002d504a8]
Event: 0.655 Thread 0x0000000014f81000 1203       4       com.android.dx.util.ByteArray$MyInputStream::read (40 bytes)
Event: 0.656 Thread 0x0000000014f81000 nmethod 1203 0x0000000002d580d0 code [0x0000000002d58220, 0x0000000002d582f8]
Event: 0.656 Thread 0x0000000014f81000 1198   !   4       com.android.dx.cf.cst.ConstantPoolParser::parse0 (731 bytes)
Event: 0.657 Thread 0x00000000166e8800 


GC Heap History (0 events):
No events

Deoptimization events (10 events):
Event: 0.426 Thread 0x00000000168b8800 Uncommon trap: reason=class_check action=maybe_recompile pc=0x0000000002b7f968 method=com.android.dx.ssa.NormalSsaInsn.accept(Lcom/android/dx/ssa/SsaInsn$Visitor;)V @ 9
Event: 0.426 Thread 0x00000000168b8800 Uncommon trap: reason=class_check action=maybe_recompile pc=0x0000000002b7f968 method=com.android.dx.ssa.NormalSsaInsn.accept(Lcom/android/dx/ssa/SsaInsn$Visitor;)V @ 9
Event: 0.426 Thread 0x00000000168b8800 Uncommon trap: reason=class_check action=maybe_recompile pc=0x0000000002b7f968 method=com.android.dx.ssa.NormalSsaInsn.accept(Lcom/android/dx/ssa/SsaInsn$Visitor;)V @ 9
Event: 0.460 Thread 0x00000000168b3800 Uncommon trap: reason=unstable_if action=reinterpret pc=0x0000000002beae64 method=com.android.dx.rop.code.RegisterSpecSet.put(Lcom/android/dx/rop/code/RegisterSpec;)V @ 77
Event: 0.555 Thread 0x00000000027b2800 Uncommon trap: reason=bimorphic action=maybe_recompile pc=0x0000000002b2a9ec method=java.util.HashMap.getNode(ILjava/lang/Object;)Ljava/util/HashMap$Node; @ 126
Event: 0.555 Thread 0x00000000027b2800 Uncommon trap: reason=class_check action=maybe_recompile pc=0x0000000002ce98fc method=java.util.HashMap.putVal(ILjava/lang/Object;Ljava/lang/Object;ZZ)Ljava/lang/Object; @ 203
Event: 0.555 Thread 0x00000000027b2800 Uncommon trap: reason=bimorphic action=maybe_recompile pc=0x0000000002b2a9ec method=java.util.HashMap.getNode(ILjava/lang/Object;)Ljava/util/HashMap$Node; @ 126
Event: 0.555 Thread 0x00000000027b2800 Uncommon trap: reason=class_check action=maybe_recompile pc=0x0000000002ce98fc method=java.util.HashMap.putVal(ILjava/lang/Object;Ljava/lang/Object;ZZ)Ljava/lang/Object; @ 203
Event: 0.555 Thread 0x00000000027b2800 Uncommon trap: reason=bimorphic action=maybe_recompile pc=0x0000000002b2a9ec method=java.util.HashMap.getNode(ILjava/lang/Object;)Ljava/util/HashMap$Node; @ 126
Event: 0.559 Thread 0x00000000168b4800 Uncommon trap: reason=null_check action=make_not_entrant pc=0x0000000002c2d788 method=com.android.dx.ssa.SsaRenamer.getLocalForNewReg(I)Lcom/android/dx/rop/code/LocalItem; @ 19

Internal exceptions (4 events):
Event: 0.027 Thread 0x00000000027b2800 Exception <a 'java/lang/NoSuchMethodError': Method sun.misc.Unsafe.defineClass(Ljava/lang/String;[BII)Ljava/lang/Class; name or signature does not match> (0x00000000eab07cc0) thrown at [D:\re\workspace\8-2-build-windows-amd64-cygwin\jdk8u92\6642\hotspot\sr√É@æ‹õ?
Event: 0.027 Thread 0x00000000027b2800 Exception <a 'java/lang/NoSuchMethodError': Method sun.misc.Unsafe.prefetchRead(Ljava/lang/Object;J)V name or signature does not match> (0x00000000eab07fa8) thrown at [D:\re\workspace\8-2-build-windows-amd64-cygwin\jdk8u92\6642\hotspot\src\share\vm\prims\jŸ”ÓÙÖ‹“?
Event: 0.295 Thread 0x00000000168b3800 Implicit null exception at 0x0000000002b17969 to 0x0000000002b17b25
Event: 0.559 Thread 0x00000000168b4800 Implicit null exception at 0x0000000002c2cd61 to 0x0000000002c2d765

Events (10 events):
Event: 0.555 Thread 0x00000000027b2800 Uncommon trap: trap_request=0xffffffde fr.pc=0x0000000002ce98fc
Event: 0.555 Thread 0x00000000027b2800 DEOPT PACKING pc=0x0000000002ce98fc sp=0x00000000026be690
Event: 0.555 Thread 0x00000000027b2800 DEOPT UNPACKING pc=0x00000000028f582a sp=0x00000000026be5b8 mode 2
Event: 0.555 Thread 0x00000000027b2800 Uncommon trap: trap_request=0xffffffc6 fr.pc=0x0000000002b2a9ec
Event: 0.555 Thread 0x00000000027b2800 DEOPT PACKING pc=0x0000000002b2a9ec sp=0x00000000026be380
Event: 0.555 Thread 0x00000000027b2800 DEOPT UNPACKING pc=0x00000000028f582a sp=0x00000000026be2a8 mode 2
Event: 0.559 Thread 0x00000000168b4800 Uncommon trap: trap_request=0xfffffff4 fr.pc=0x0000000002c2d788
Event: 0.559 Thread 0x00000000168b4800 DEOPT PACKING pc=0x0000000002c2d788 sp=0x00000000171deb00
Event: 0.559 Thread 0x00000000168b4800 DEOPT UNPACKING pc=0x00000000028f582a sp=0x00000000171de958 mode 2
Event: 0.660 Thread 0x00000000168b4800 Uncommon trap: trap_request=0xffffff65 fr.pc=0x0000000002ce98d0


Dynamic libraries:
0x00007ff77adc0000 - 0x00007ff77adf7000 	C:\Program Files\Java\jdk1.8.0_92\bin\java.exe
0x00007ff94e790000 - 0x00007ff94e93a000 	C:\Windows\SYSTEM32\ntdll.dll
0x00007ff94e0b0000 - 0x00007ff94e1ea000 	C:\Windows\system32\KERNEL32.DLL
0x00007ff94bf00000 - 0x00007ff94c00f000 	C:\Windows\system32\KERNELBASE.dll
0x00007ff94a730000 - 0x00007ff94a7b8000 	C:\Windows\system32\apphelp.dll
0x00007ff944780000 - 0x00007ff9447cf000 	C:\Windows\AppPatch\AppPatch64\AcGenral.DLL
0x00007ff94c4d0000 - 0x00007ff94c577000 	C:\Windows\system32\msvcrt.dll
0x00007ff94b940000 - 0x00007ff94b96b000 	C:\Windows\SYSTEM32\SspiCli.dll
0x00007ff94e1f0000 - 0x00007ff94e241000 	C:\Windows\system32\SHLWAPI.dll
0x00007ff94c720000 - 0x00007ff94c891000 	C:\Windows\system32\USER32.dll
0x00007ff94e550000 - 0x00007ff94e6c8000 	C:\Windows\system32\ole32.dll
0x00007ff94c9f0000 - 0x00007ff94de07000 	C:\Windows\system32\SHELL32.dll
0x00007ff94b170000 - 0x00007ff94b18e000 	C:\Windows\SYSTEM32\USERENV.dll
0x00007ff94c210000 - 0x00007ff94c2b5000 	C:\Windows\system32\ADVAPI32.dll
0x00007ff946f50000 - 0x00007ff946f6b000 	C:\Windows\SYSTEM32\MPR.dll
0x00007ff94e3a0000 - 0x00007ff94e4d6000 	C:\Windows\system32\RPCRT4.dll
0x00007ff94e4e0000 - 0x00007ff94e537000 	C:\Windows\SYSTEM32\sechost.dll
0x00007ff94c010000 - 0x00007ff94c1e6000 	C:\Windows\SYSTEM32\combase.dll
0x00007ff94c8a0000 - 0x00007ff94c9e5000 	C:\Windows\system32\GDI32.dll
0x00007ff94bb00000 - 0x00007ff94bb14000 	C:\Windows\SYSTEM32\profapi.dll
0x00007ff94a160000 - 0x00007ff94a1ff000 	C:\Windows\SYSTEM32\SHCORE.dll
0x00007ff94e2b0000 - 0x00007ff94e2e4000 	C:\Windows\system32\IMM32.DLL
0x00007ff94c580000 - 0x00007ff94c6b9000 	C:\Windows\system32\MSCTF.dll
0x00007ff9498e0000 - 0x00007ff949b3a000 	C:\Windows\WinSxS\amd64_microsoft.windows.common-controls_6595b64144ccf1df_6.0.9600.17031_none_6242a4b3ecbb55a1\COMCTL32.dll
0x0000000072010000 - 0x00000000720e2000 	C:\Program Files\Java\jdk1.8.0_92\jre\bin\msvcr100.dll
0x00000000724a0000 - 0x0000000072d36000 	C:\Program Files\Java\jdk1.8.0_92\jre\bin\server\jvm.dll
0x00007ff92b710000 - 0x00007ff92b719000 	C:\Windows\SYSTEM32\WSOCK32.dll
0x00007ff944330000 - 0x00007ff94434f000 	C:\Windows\SYSTEM32\WINMM.dll
0x00007ff949810000 - 0x00007ff94981a000 	C:\Windows\SYSTEM32\VERSION.dll
0x00007ff94dff0000 - 0x00007ff94dff7000 	C:\Windows\system32\PSAPI.DLL
0x00007ff94e250000 - 0x00007ff94e2a8000 	C:\Windows\system32\WS2_32.dll
0x00007ff9413b0000 - 0x00007ff9413da000 	C:\Windows\SYSTEM32\WINMMBASE.dll
0x00007ff94c2c0000 - 0x00007ff94c2c9000 	C:\Windows\system32\NSI.dll
0x00007ff94bbd0000 - 0x00007ff94bc1a000 	C:\Windows\SYSTEM32\cfgmgr32.dll
0x00007ff94a980000 - 0x00007ff94a9a6000 	C:\Windows\SYSTEM32\DEVOBJ.dll
0x0000000072490000 - 0x000000007249f000 	C:\Program Files\Java\jdk1.8.0_92\jre\bin\verify.dll
0x0000000072460000 - 0x0000000072489000 	C:\Program Files\Java\jdk1.8.0_92\jre\bin\java.dll
0x0000000072440000 - 0x0000000072456000 	C:\Program Files\Java\jdk1.8.0_92\jre\bin\zip.dll

VM Arguments:
jvm_args: -Djava.awt.headless=true -Xmx1024M -Dfile.encoding=windows-1252 -Duser.country=US -Duser.language=en -Duser.variant 
java_command: com.android.dx.command.Main --dex --force-jumbo --num-threads=4 --output C:\Zooket\app\build\intermediates\pre-dexed\debug\com.daimajia.slider-library-1.1.5_2b95a55e7b73e61ea69547a1c93fa35906d99755.jar C:\Zooket\app\build\intermediates\exploded-aar\com.daimajia.slider\library\1.1.5\jars\classes.jar
java_class_path (initial): C:\android-sdk-windows\build-tools\24.0.3\lib\dx.jar
Launcher Type: SUN_STANDARD

Environment Variables:
PATH=C:\ProgramData\Oracle\Java\javapath;C:\Windows\system32;C:\Windows;C:\Windows\System32\Wbem;C:\Windows\System32\WindowsPowerShell\v1.0\;C:\Program Files (x86)\NVIDIA Corporation\PhysX\Common;C:\Program Files (x86)\Windows Kits\8.1\Windows Performance Toolkit\;C:\Program Files\Microsoft SQL Server\110\Tools\Binn\;C:\Program Files\Microsoft SQL Server\110\DTS\Binn\;C:\Program Files (x86)\Microsoft SQL Server\110\Tools\Binn\;C:\Program Files (x86)\Microsoft SQL Server\110\Tools\Binn\ManagementStudio\;C:\Program Files (x86)\Microsoft Visual Studio 10.0\Common7\IDE\PrivateAssemblies\;C:\Program Files (x86)\Microsoft SQL Server\110\DTS\Binn\;C:\Program Files (x86)\GtkSharp\2.12\bin;C:\Program Files (x86)\QuickTime\QTSystem\
USERNAME=Smo
OS=Windows_NT
PROCESSOR_IDENTIFIER=Intel64 Family 6 Model 94 Stepping 3, GenuineIntel



---------------  S Y S T E M  ---------------

OS: Windows 8.1 , 64 bit Build 9600 (6.3.9600.17056)

CPU:total 4 (4 cores per cpu, 1 threads per core) family 6 model 94 stepping 3, cmov, cx8, fxsr, mmx, sse, sse2, sse3, ssse3, sse4.1, sse4.2, popcnt, avx, avx2, aes, clmul, erms, 3dnowpref, lzcnt, tsc, tscinvbit, bmi1, bmi2, adx

Memory: 4k page, physical 8266404k(940960k free), swap 8266404k(5092k free)

vm_info: Java HotSpot(TM) 64-Bit Server VM (25.92-b14) for windows-amd64 JRE (1.8.0_92-b14), built on Mar 31 2016 21:03:04 by "java_re" with MS VC++ 10.0 (VS2010)

time: Mon May 22 12:24:28 2017
elapsed time: 0 seconds (0d 0h 0m 0s)

