#
# There is insufficient memory for the Java Runtime Environment to continue.
# Native memory allocation (malloc) failed to allocate 131088 bytes for Chunk::new
# Possible reasons:
#   The system is out of physical RAM or swap space
#   In 32 bit mode, the process size limit was hit
# Possible solutions:
#   Reduce memory load on the system
#   Increase physical memory or swap space
#   Check if swap backing store is full
#   Use 64 bit Java on a 64 bit OS
#   Decrease Java heap size (-Xmx/-Xms)
#   Decrease number of Java threads
#   Decrease Java thread stack sizes (-Xss)
#   Set larger code cache with -XX:ReservedCodeCacheSize=
# This output file may be truncated or incomplete.
#
#  Out of Memory Error (allocation.cpp:390), pid=8780, tid=0x0000000000001cf0
#
# JRE version: Java(TM) SE Runtime Environment (8.0_92-b14) (build 1.8.0_92-b14)
# Java VM: Java HotSpot(TM) 64-Bit Server VM (25.92-b14 mixed mode windows-amd64 compressed oops)
# Failed to write core dump. Minidumps are not enabled by default on client versions of Windows
#

---------------  T H R E A D  ---------------

Current thread (0x00000000145be000):  JavaThread "C2 CompilerThread0" daemon [_thread_in_native, id=7408, stack(0x0000000015c10000,0x0000000015d10000)]

Stack: [0x0000000015c10000,0x0000000015d10000]
[error occurred during error reporting (printing stack bounds), id 0xc0000005]

Native frames: (J=compiled Java code, j=interpreted, Vv=VM code, C=native code)


Current CompileTask:
C2:   4773 1657   !   4       com.android.dx.cf.code.BytecodeArray::parseInstruction (2764 bytes)


---------------  P R O C E S S  ---------------

Java Threads: ( => current thread )
  0x0000000016083000 JavaThread "pool-1-thread-4" [_thread_in_Java, id=9124, stack(0x0000000016910000,0x0000000016a10000)]
  0x000000001607f000 JavaThread "pool-1-thread-3" [_thread_blocked, id=8236, stack(0x0000000016810000,0x0000000016910000)]
  0x000000001607e000 JavaThread "pool-1-thread-2" [_thread_blocked, id=7188, stack(0x0000000016710000,0x0000000016810000)]
  0x0000000016078800 JavaThread "pool-2-thread-1" [_thread_blocked, id=8528, stack(0x0000000016610000,0x0000000016710000)]
  0x0000000016078000 JavaThread "pool-1-thread-1" [_thread_in_Java, id=8568, stack(0x0000000016510000,0x0000000016610000)]
  0x0000000015e16800 JavaThread "Service Thread" daemon [_thread_blocked, id=7428, stack(0x0000000016310000,0x0000000016410000)]
  0x0000000015e11000 JavaThread "C1 CompilerThread2" daemon [_thread_blocked, id=8664, stack(0x0000000016210000,0x0000000016310000)]
  0x0000000014617800 JavaThread "C2 CompilerThread1" daemon [_thread_in_native, id=8488, stack(0x0000000015d10000,0x0000000015e10000)]
=>0x00000000145be000 JavaThread "C2 CompilerThread0" daemon [_thread_in_native, id=7408, stack(0x0000000015c10000,0x0000000015d10000)]
  0x00000000145bc000 JavaThread "Attach Listener" daemon [_thread_blocked, id=1768, stack(0x0000000015b10000,0x0000000015c10000)]
  0x00000000145bb000 JavaThread "Signal Dispatcher" daemon [_thread_blocked, id=9172, stack(0x0000000015a10000,0x0000000015b10000)]
  0x00000000145aa800 JavaThread "Finalizer" daemon [_thread_blocked, id=8416, stack(0x0000000015830000,0x0000000015930000)]
  0x0000000001ee0800 JavaThread "Reference Handler" daemon [_thread_blocked, id=6320, stack(0x0000000015730000,0x0000000015830000)]
  0x0000000001df2800 JavaThread "main" [_thread_in_Java, id=6496, stack(0x0000000001c30000,0x0000000001d30000)]

Other Threads:
  0x0000000014588800 VMThread [stack: 0x0000000015630000,0x0000000015730000] [id=5224]
  0x0000000015e21000 WatcherThread [stack: 0x0000000016410000,0x0000000016510000] [id=9116]

VM state:not at safepoint (normal execution)

VM Mutex/Monitor currently owned by a thread: None

Heap:
 PSYoungGen      total 71680K, used 31869K [0x00000000eab00000, 0x00000000ef600000, 0x0000000100000000)
  eden space 66560K, 40% used [0x00000000eab00000,0x00000000ec51fae0,0x00000000eec00000)
  from space 5120K, 99% used [0x00000000eec00000,0x00000000ef0ffa90,0x00000000ef100000)
  to   space 5120K, 0% used [0x00000000ef100000,0x00000000ef100000,0x00000000ef600000)
 ParOldGen       total 87552K, used 14906K [0x00000000c0000000, 0x00000000c5580000, 0x00000000eab00000)
  object space 87552K, 17% used [0x00000000c0000000,0x00000000c0e8e808,0x00000000c5580000)
 Metaspace       used 6363K, capacity 7128K, committed 7424K, reserved 1056768K
  class space    used 626K, capacity 656K, committed 768K, reserved 1048576K

Card table byte_map: [0x00000000112b0000,0x00000000114c0000] byte_map_base: 0x0000000010cb0000

Marking Bits: (ParMarkBitMap*) 0x00000000715b64f0
 Begin Bits: [0x0000000011a20000, 0x0000000012a20000)
 End Bits:   [0x0000000012a20000, 0x0000000013a20000)

Polling page: 0x00000000003f0000

CodeCache: size=245760Kb used=7652Kb max_used=7652Kb free=238107Kb
 bounds [0x0000000001ef0000, 0x0000000002680000, 0x0000000010ef0000]
 total_blobs=2012 nmethods=1743 adapters=182
 compilation: enabled

Compilation events (10 events):
Event: 4.757 Thread 0x0000000015e11000 1770       2       com.android.dx.cf.direct.DirectClassFile::getThisClass (9 bytes)
Event: 4.757 Thread 0x0000000015e11000 nmethod 1770 0x000000000266cf50 code [0x000000000266d0c0, 0x000000000266d248]
Event: 4.757 Thread 0x0000000015e11000 1771       2       com.android.dx.rop.cst.CstType::hashCode (8 bytes)
Event: 4.757 Thread 0x0000000015e11000 nmethod 1771 0x000000000266d310 code [0x000000000266d480, 0x000000000266d608]
Event: 4.757 Thread 0x0000000015e11000 1772       2       com.android.dx.ssa.NormalSsaInsn::changeOneSource (120 bytes)
Event: 4.758 Thread 0x0000000015e11000 nmethod 1772 0x000000000266d710 code [0x000000000266d920, 0x000000000266e078]
Event: 4.760 Thread 0x0000000015e11000 1774       2       com.android.dx.cf.code.OneLocalsArray::makeInitialized (55 bytes)
Event: 4.761 Thread 0x0000000015e11000 nmethod 1774 0x000000000266ea50 code [0x000000000266ebe0, 0x000000000266ef78]
Event: 4.769 Thread 0x0000000015e11000 1776       2       com.android.dx.ssa.LiteralOpUpgrader::tryReplacingWithConstant (161 bytes)
Event: 4.769 Thread 0x0000000015e11000 nmethod 1776 0x000000000266f290 code [0x000000000266f4a0, 0x000000000266fab8]

GC Heap History (6 events):
Event: 2.917 GC heap before
{Heap before GC invocations=1 (full 0):
 PSYoungGen      total 38400K, used 33280K [0x00000000eab00000, 0x00000000ed580000, 0x0000000100000000)
  eden space 33280K, 100% used [0x00000000eab00000,0x00000000ecb80000,0x00000000ecb80000)
  from space 5120K, 0% used [0x00000000ed080000,0x00000000ed080000,0x00000000ed580000)
  to   space 5120K, 0% used [0x00000000ecb80000,0x00000000ecb80000,0x00000000ed080000)
 ParOldGen       total 87552K, used 0K [0x00000000c0000000, 0x00000000c5580000, 0x00000000eab00000)
  object space 87552K, 0% used [0x00000000c0000000,0x00000000c0000000,0x00000000c5580000)
 Metaspace       used 6054K, capacity 6962K, committed 7040K, reserved 1056768K
  class space    used 600K, capacity 618K, committed 640K, reserved 1048576K
Event: 2.964 GC heap after
Heap after GC invocations=1 (full 0):
 PSYoungGen      total 38400K, used 5112K [0x00000000eab00000, 0x00000000ef600000, 0x0000000100000000)
  eden space 33280K, 0% used [0x00000000eab00000,0x00000000eab00000,0x00000000ecb80000)
  from space 5120K, 99% used [0x00000000ecb80000,0x00000000ed07e078,0x00000000ed080000)
  to   space 5120K, 0% used [0x00000000ef100000,0x00000000ef100000,0x00000000ef600000)
 ParOldGen       total 87552K, used 1140K [0x00000000c0000000, 0x00000000c5580000, 0x00000000eab00000)
  object space 87552K, 1% used [0x00000000c0000000,0x00000000c011d390,0x00000000c5580000)
 Metaspace       used 6054K, capacity 6962K, committed 7040K, reserved 1056768K
  class space    used 600K, capacity 618K, committed 640K, reserved 1048576K
}
Event: 3.251 GC heap before
{Heap before GC invocations=2 (full 0):
 PSYoungGen      total 38400K, used 38392K [0x00000000eab00000, 0x00000000ef600000, 0x0000000100000000)
  eden space 33280K, 100% used [0x00000000eab00000,0x00000000ecb80000,0x00000000ecb80000)
  from space 5120K, 99% used [0x00000000ecb80000,0x00000000ed07e078,0x00000000ed080000)
  to   space 5120K, 0% used [0x00000000ef100000,0x00000000ef100000,0x00000000ef600000)
 ParOldGen       total 87552K, used 1140K [0x00000000c0000000, 0x00000000c5580000, 0x00000000eab00000)
  object space 87552K, 1% used [0x00000000c0000000,0x00000000c011d390,0x00000000c5580000)
 Metaspace       used 6178K, capacity 7026K, committed 7296K, reserved 1056768K
  class space    used 604K, capacity 618K, committed 640K, reserved 1048576K
Event: 3.412 GC heap after
Heap after GC invocations=2 (full 0):
 PSYoungGen      total 71680K, used 5096K [0x00000000eab00000, 0x00000000ef600000, 0x0000000100000000)
  eden space 66560K, 0% used [0x00000000eab00000,0x00000000eab00000,0x00000000eec00000)
  from space 5120K, 99% used [0x00000000ef100000,0x00000000ef5fa368,0x00000000ef600000)
  to   space 5120K, 0% used [0x00000000eec00000,0x00000000eec00000,0x00000000ef100000)
 ParOldGen       total 87552K, used 5233K [0x00000000c0000000, 0x00000000c5580000, 0x00000000eab00000)
  object space 87552K, 5% used [0x00000000c0000000,0x00000000c051c570,0x00000000c5580000)
 Metaspace       used 6178K, capacity 7026K, committed 7296K, reserved 1056768K
  class space    used 604K, capacity 618K, committed 640K, reserved 1048576K
}
Event: 4.644 GC heap before
{Heap before GC invocations=3 (full 0):
 PSYoungGen      total 71680K, used 71656K [0x00000000eab00000, 0x00000000ef600000, 0x0000000100000000)
  eden space 66560K, 100% used [0x00000000eab00000,0x00000000eec00000,0x00000000eec00000)
  from space 5120K, 99% used [0x00000000ef100000,0x00000000ef5fa368,0x00000000ef600000)
  to   space 5120K, 0% used [0x00000000eec00000,0x00000000eec00000,0x00000000ef100000)
 ParOldGen       total 87552K, used 5233K [0x00000000c0000000, 0x00000000c5580000, 0x00000000eab00000)
  object space 87552K, 5% used [0x00000000c0000000,0x00000000c051c570,0x00000000c5580000)
 Metaspace       used 6354K, capacity 7128K, committed 7424K, reserved 1056768K
  class space    used 626K, capacity 656K, committed 768K, reserved 1048576K
Event: 4.721 GC heap after
Heap after GC invocations=3 (full 0):
 PSYoungGen      total 71680K, used 5118K [0x00000000eab00000, 0x00000000ef600000, 0x0000000100000000)
  eden space 66560K, 0% used [0x00000000eab00000,0x00000000eab00000,0x00000000eec00000)
  from space 5120K, 99% used [0x00000000eec00000,0x00000000ef0ffa90,0x00000000ef100000)
  to   space 5120K, 0% used [0x00000000ef100000,0x00000000ef100000,0x00000000ef600000)
 ParOldGen       total 87552K, used 14906K [0x00000000c0000000, 0x00000000c5580000, 0x00000000eab00000)
  object space 87552K, 17% used [0x00000000c0000000,0x00000000c0e8e808,0x00000000c5580000)
 Metaspace       used 6354K, capacity 7128K, committed 7424K, reserved 1056768K
  class space    used 626K, capacity 656K, committed 768K, reserved 1048576K
}

Deoptimization events (10 events):
Event: 3.647 Thread 0x000000001607f000 Uncommon trap: reason=unstable_if action=reinterpret pc=0x00000000024de4f4 method=com.android.dx.rop.code.BasicBlockList.preferredSuccessorOf(Lcom/android/dx/rop/code/BasicBlock;)Lcom/android/dx/rop/code/BasicBlock; @ 58
Event: 3.647 Thread 0x000000001607f000 Uncommon trap: reason=bimorphic action=maybe_recompile pc=0x00000000023feef8 method=com.android.dx.ssa.LiteralOpUpgrader.tryReplacingWithConstant(Lcom/android/dx/ssa/NormalSsaInsn;)Z @ 52
Event: 4.140 Thread 0x000000001607f000 Uncommon trap: reason=unstable_if action=reinterpret pc=0x00000000025fc078 method=java.util.HashMap.putVal(ILjava/lang/Object;Ljava/lang/Object;ZZ)Ljava/lang/Object; @ 94
Event: 4.349 Thread 0x0000000016078000 Uncommon trap: reason=unstable_if action=reinterpret pc=0x00000000025babdc method=java.util.HashMap.resize()[Ljava/util/HashMap$Node; @ 206
Event: 4.738 Thread 0x0000000001df2800 Uncommon trap: reason=class_check action=maybe_recompile pc=0x000000000263a584 method=com.android.dx.cf.code.RopperMachine.run(Lcom/android/dx/cf/code/Frame;II)V @ 1024
Event: 4.742 Thread 0x000000001607f000 Uncommon trap: reason=unstable_if action=reinterpret pc=0x000000000263a16c method=com.android.dx.cf.code.RopperMachine.run(Lcom/android/dx/cf/code/Frame;II)V @ 1250
Event: 4.753 Thread 0x000000001607f000 Uncommon trap: reason=bimorphic action=maybe_recompile pc=0x00000000023feef8 method=com.android.dx.ssa.LiteralOpUpgrader.tryReplacingWithConstant(Lcom/android/dx/ssa/NormalSsaInsn;)Z @ 52
Event: 4.753 Thread 0x000000001607f000 Uncommon trap: reason=bimorphic action=maybe_recompile pc=0x00000000023feef8 method=com.android.dx.ssa.LiteralOpUpgrader.tryReplacingWithConstant(Lcom/android/dx/ssa/NormalSsaInsn;)Z @ 52
Event: 4.753 Thread 0x000000001607f000 Uncommon trap: reason=unstable_if action=reinterpret pc=0x000000000258ec6c method=com.android.dx.rop.code.LocalVariableInfo.mergeStarts(ILcom/android/dx/rop/code/RegisterSpecSet;)Z @ 31
Event: 4.768 Thread 0x000000001607f000 Uncommon trap: reason=bimorphic action=maybe_recompile pc=0x00000000023e4c04 method=com.android.dx.ssa.LiteralOpUpgrader.tryReplacingWithConstant(Lcom/android/dx/ssa/NormalSsaInsn;)Z @ 52

Internal exceptions (7 events):
Event: 0.414 Thread 0x0000000001df2800 Exception <a 'java/lang/NoSuchMethodError': Method sun.misc.Unsafe.defineClass(Ljava/lang/String;[BII)Ljava/lang/Class; name or signature does not match> (0x00000000eab07cc0) thrown at [D:\re\workspace\8-2-build-windows-amd64-cygwin\jdk8u92\6642\hotspot\sr¹y=
Event: 0.414 Thread 0x0000000001df2800 Exception <a 'java/lang/NoSuchMethodError': Method sun.misc.Unsafe.prefetchRead(Ljava/lang/Object;J)V name or signature does not match> (0x00000000eab07fa8) thrown at [D:\re\workspace\8-2-build-windows-amd64-cygwin\jdk8u92\6642\hotspot\src\share\vm\prims\j_´á›Ñœþ?
Event: 1.913 Thread 0x000000001607f000 Implicit null exception at 0x0000000002225d22 to 0x0000000002225e1a
Event: 3.204 Thread 0x0000000016078000 Implicit null exception at 0x0000000002208a6e to 0x000000000220a235
Event: 3.562 Thread 0x000000001607e000 Exception <a 'java/lang/ArrayIndexOutOfBoundsException': 18> (0x00000000eb1bfc88) thrown at [D:\re\workspace\8-2-build-windows-amd64-cygwin\jdk8u92\6642\hotspot\src\share\vm\interpreter\interpreterRuntime.cpp, line 366]
Event: 3.562 Thread 0x000000001607e000 Exception <a 'java/lang/ArrayIndexOutOfBoundsException'> (0x00000000eb1c1808) thrown at [D:\re\workspace\8-2-build-windows-amd64-cygwin\jdk8u92\6642\hotspot\src\share\vm\runtime\sharedRuntime.cpp, line 605]
Event: 3.563 Thread 0x000000001607e000 Exception <a 'java/lang/ArrayIndexOutOfBoundsException'> (0x00000000eb1c2af0) thrown at [D:\re\workspace\8-2-build-windows-amd64-cygwin\jdk8u92\6642\hotspot\src\share\vm\runtime\sharedRuntime.cpp, line 605]

Events (10 events):
Event: 4.753 Thread 0x000000001607f000 DEOPT PACKING pc=0x00000000023feef8 sp=0x000000001690ec20
Event: 4.753 Thread 0x000000001607f000 DEOPT UNPACKING pc=0x0000000001f3582a sp=0x000000001690eb08 mode 2
Event: 4.753 Thread 0x000000001607f000 Uncommon trap: trap_request=0xffffff65 fr.pc=0x000000000258ec6c
Event: 4.753 Thread 0x000000001607f000 DEOPT PACKING pc=0x000000000258ec6c sp=0x000000001690ee10
Event: 4.753 Thread 0x000000001607f000 DEOPT UNPACKING pc=0x0000000001f3582a sp=0x000000001690edf8 mode 2
Event: 4.754 Thread 0x000000001607e000 DEOPT PACKING pc=0x00000000025ba219 sp=0x000000001680e9b0
Event: 4.754 Thread 0x000000001607e000 DEOPT UNPACKING pc=0x0000000001f3787f sp=0x000000001680e6a8 mode 0
Event: 4.768 Thread 0x000000001607f000 Uncommon trap: trap_request=0xffffffc6 fr.pc=0x00000000023e4c04
Event: 4.768 Thread 0x000000001607f000 DEOPT PACKING pc=0x00000000023e4c04 sp=0x000000001690eac0
Event: 4.768 Thread 0x000000001607f000 DEOPT UNPACKING pc=0x0000000001f3582a sp=0x000000001690ea70 mode 2


Dynamic libraries:
0x00007ff723a80000 - 0x00007ff723ab7000 	C:\Program Files\Java\jdk1.8.0_92\bin\java.exe
0x00007fff28fd0000 - 0x00007fff2917a000 	C:\Windows\SYSTEM32\ntdll.dll
0x00007fff276c0000 - 0x00007fff277fa000 	C:\Windows\system32\KERNEL32.DLL
0x00007fff26410000 - 0x00007fff2651f000 	C:\Windows\system32\KERNELBASE.dll
0x00007fff24f70000 - 0x00007fff24ff8000 	C:\Windows\system32\apphelp.dll
0x00007fff1e6e0000 - 0x00007fff1e72f000 	C:\Windows\AppPatch\AppPatch64\AcGenral.DLL
0x00007fff27460000 - 0x00007fff27507000 	C:\Windows\system32\msvcrt.dll
0x00007fff26180000 - 0x00007fff261ab000 	C:\Windows\SYSTEM32\SspiCli.dll
0x00007fff28f60000 - 0x00007fff28fb1000 	C:\Windows\system32\SHLWAPI.dll
0x00007fff26990000 - 0x00007fff26b01000 	C:\Windows\system32\USER32.dll
0x00007fff26fc0000 - 0x00007fff27138000 	C:\Windows\system32\ole32.dll
0x00007fff279e0000 - 0x00007fff28df7000 	C:\Windows\system32\SHELL32.dll
0x00007fff259b0000 - 0x00007fff259ce000 	C:\Windows\SYSTEM32\USERENV.dll
0x00007fff268d0000 - 0x00007fff26975000 	C:\Windows\system32\ADVAPI32.dll
0x00007fff213b0000 - 0x00007fff213cb000 	C:\Windows\SYSTEM32\MPR.dll
0x00007fff27800000 - 0x00007fff27936000 	C:\Windows\system32\RPCRT4.dll
0x00007fff27510000 - 0x00007fff27567000 	C:\Windows\SYSTEM32\sechost.dll
0x00007fff27280000 - 0x00007fff27456000 	C:\Windows\SYSTEM32\combase.dll
0x00007fff27570000 - 0x00007fff276b5000 	C:\Windows\system32\GDI32.dll
0x00007fff26340000 - 0x00007fff26354000 	C:\Windows\SYSTEM32\profapi.dll
0x00007fff249a0000 - 0x00007fff24a3f000 	C:\Windows\SYSTEM32\SHCORE.dll
0x00007fff27940000 - 0x00007fff27974000 	C:\Windows\system32\IMM32.DLL
0x00007fff27140000 - 0x00007fff27279000 	C:\Windows\system32\MSCTF.dll
0x00007fff231c0000 - 0x00007fff2341a000 	C:\Windows\WinSxS\amd64_microsoft.windows.common-controls_6595b64144ccf1df_6.0.9600.17031_none_6242a4b3ecbb55a1\COMCTL32.dll
0x0000000070710000 - 0x00000000707e2000 	C:\Program Files\Java\jdk1.8.0_92\jre\bin\msvcr100.dll
0x0000000070da0000 - 0x0000000071636000 	C:\Program Files\Java\jdk1.8.0_92\jre\bin\server\jvm.dll
0x00007fff1e760000 - 0x00007fff1e769000 	C:\Windows\SYSTEM32\WSOCK32.dll
0x00007fff1d030000 - 0x00007fff1d04f000 	C:\Windows\SYSTEM32\WINMM.dll
0x00007fff24260000 - 0x00007fff2426a000 	C:\Windows\SYSTEM32\VERSION.dll
0x00007fff26860000 - 0x00007fff26867000 	C:\Windows\system32\PSAPI.DLL
0x00007fff26da0000 - 0x00007fff26df8000 	C:\Windows\system32\WS2_32.dll
0x00007fff1d000000 - 0x00007fff1d02a000 	C:\Windows\SYSTEM32\WINMMBASE.dll
0x00007fff26980000 - 0x00007fff26989000 	C:\Windows\system32\NSI.dll
0x00007fff265d0000 - 0x00007fff2661a000 	C:\Windows\SYSTEM32\cfgmgr32.dll
0x00007fff251c0000 - 0x00007fff251e6000 	C:\Windows\SYSTEM32\DEVOBJ.dll
0x0000000071970000 - 0x000000007197f000 	C:\Program Files\Java\jdk1.8.0_92\jre\bin\verify.dll
0x0000000071940000 - 0x0000000071969000 	C:\Program Files\Java\jdk1.8.0_92\jre\bin\java.dll
0x0000000071920000 - 0x0000000071936000 	C:\Program Files\Java\jdk1.8.0_92\jre\bin\zip.dll

VM Arguments:
jvm_args: -Djava.awt.headless=true -Xmx1024M -Dfile.encoding=windows-1252 -Duser.country=US -Duser.language=en -Duser.variant 
java_command: com.android.dx.command.Main --dex --force-jumbo --num-threads=4 --output C:\Zooket\app\build\intermediates\pre-dexed\debug\com.android.support-recyclerview-v7-23.4.0_6c2783278c301ed03eaed28e8f4efe9a1e4907ed.jar C:\Zooket\app\build\intermediates\exploded-aar\com.android.support\recyclerview-v7\23.4.0\jars\classes.jar
java_class_path (initial): C:\android-sdk-windows\build-tools\24.0.3\lib\dx.jar
Launcher Type: SUN_STANDARD

Environment Variables:
PATH=C:\ProgramData\Oracle\Java\javapath;C:\Windows\system32;C:\Windows;C:\Windows\System32\Wbem;C:\Windows\System32\WindowsPowerShell\v1.0\;C:\Program Files (x86)\NVIDIA Corporation\PhysX\Common;C:\Program Files (x86)\Windows Kits\8.1\Windows Performance Toolkit\;C:\Program Files\Microsoft SQL Server\110\Tools\Binn\;C:\Program Files\Microsoft SQL Server\110\DTS\Binn\;C:\Program Files (x86)\Microsoft SQL Server\110\Tools\Binn\;C:\Program Files (x86)\Microsoft SQL Server\110\Tools\Binn\ManagementStudio\;C:\Program Files (x86)\Microsoft Visual Studio 10.0\Common7\IDE\PrivateAssemblies\;C:\Program Files (x86)\Microsoft SQL Server\110\DTS\Binn\;C:\Program Files (x86)\GtkSharp\2.12\bin;C:\Program Files (x86)\QuickTime\QTSystem\
USERNAME=Smo
OS=Windows_NT
PROCESSOR_IDENTIFIER=Intel64 Family 6 Model 94 Stepping 3, GenuineIntel



---------------  S Y S T E M  ---------------

OS: Windows 8.1 , 64 bit Build 9600 (6.3.9600.17056)

CPU:total 4 (4 cores per cpu, 1 threads per core) family 6 model 94 stepping 3, cmov, cx8, fxsr, mmx, sse, sse2, sse3, ssse3, sse4.1, sse4.2, popcnt, avx, avx2, aes, clmul, erms, 3dnowpref, lzcnt, tsc, tscinvbit, bmi1, bmi2, adx

Memory: 4k page, physical 8266404k(1371308k free), swap 8266404k(5124k free)

vm_info: Java HotSpot(TM) 64-Bit Server VM (25.92-b14) for windows-amd64 JRE (1.8.0_92-b14), built on Mar 31 2016 21:03:04 by "java_re" with MS VC++ 10.0 (VS2010)

time: Sun May 07 20:26:04 2017
elapsed time: 4 seconds (0d 0h 0m 4s)

