#
# There is insufficient memory for the Java Runtime Environment to continue.
# Native memory allocation (malloc) failed to allocate 32744 bytes for ChunkPool::allocate
# Possible reasons:
#   The system is out of physical RAM or swap space
#   In 32 bit mode, the process size limit was hit
# Possible solutions:
#   Reduce memory load on the system
#   Increase physical memory or swap space
#   Check if swap backing store is full
#   Use 64 bit Java on a 64 bit OS
#   Decrease Java heap size (-Xmx/-Xms)
#   Decrease number of Java threads
#   Decrease Java thread stack sizes (-Xss)
#   Set larger code cache with -XX:ReservedCodeCacheSize=
# This output file may be truncated or incomplete.
#
#  Out of Memory Error (allocation.cpp:273), pid=8800, tid=0x0000000000001b68
#
# JRE version: Java(TM) SE Runtime Environment (8.0_92-b14) (build 1.8.0_92-b14)
# Java VM: Java HotSpot(TM) 64-Bit Server VM (25.92-b14 mixed mode windows-amd64 compressed oops)
# Failed to write core dump. Minidumps are not enabled by default on client versions of Windows
#

---------------  T H R E A D  ---------------

Current thread (0x0000000015d58800):  JavaThread "C1 CompilerThread2" daemon [_thread_in_native, id=7016, stack(0x0000000016150000,0x0000000016250000)]

Stack: [0x0000000016150000,0x0000000016250000]
[error occurred during error reporting (printing stack bounds), id 0xc0000005]

Native frames: (J=compiled Java code, j=interpreted, Vv=VM code, C=native code)


Current CompileTask:
C1:    774  513   !   3      
[error occurred during error reporting (printing current compile task), id 0xe0000001]


---------------  P R O C E S S  ---------------

Java Threads: ( => current thread )
  0x0000000015fec000 JavaThread "pool-1-thread-4" [_thread_new, id=2364, stack(0x0000000000000000,0x0000000000000000)]
  0x0000000015fe9800 JavaThread "pool-1-thread-2" [_thread_in_Java, id=2232, stack(0x0000000016650000,0x0000000016750000)]
  0x0000000015fe9000 JavaThread "pool-2-thread-1" [_thread_blocked, id=8268, stack(0x0000000016550000,0x0000000016650000)]
  0x0000000015fe6000 JavaThread "pool-1-thread-1" [_thread_in_Java, id=8856, stack(0x0000000016450000,0x0000000016550000)]
  0x0000000015d5d000 JavaThread "Service Thread" daemon [_thread_blocked, id=8436, stack(0x0000000016250000,0x0000000016350000)]
=>0x0000000015d58800 JavaThread "C1 CompilerThread2" daemon [_thread_in_native, id=7016, stack(0x0000000016150000,0x0000000016250000)]
  0x00000000144f0000 JavaThread "C2 CompilerThread1" daemon [_thread_in_native, id=244, stack(0x0000000015c50000,0x0000000015d50000)]
  0x00000000144ed000 JavaThread "C2 CompilerThread0" daemon [_thread_in_native, id=8676, stack(0x0000000015b50000,0x0000000015c50000)]
  0x00000000144eb000 JavaThread "Attach Listener" daemon [_thread_blocked, id=9108, stack(0x0000000015a50000,0x0000000015b50000)]
  0x00000000144e9800 JavaThread "Signal Dispatcher" daemon [_thread_blocked, id=556, stack(0x0000000015950000,0x0000000015a50000)]
  0x0000000001e14800 JavaThread "Finalizer" daemon [_thread_blocked, id=5844, stack(0x0000000015770000,0x0000000015870000)]
  0x0000000001e0f800 JavaThread "Reference Handler" daemon [_thread_blocked, id=7520, stack(0x0000000015670000,0x0000000015770000)]
  0x0000000001d22800 JavaThread "main" [_thread_blocked, id=9136, stack(0x0000000001ba0000,0x0000000001ca0000)]

Other Threads:
  0x00000000144b8000 VMThread [stack: 0x0000000015570000,0x0000000015670000] [id=8752]
  0x0000000015d61800 WatcherThread [stack: 0x0000000016350000,0x0000000016450000] [id=7064]

VM state:not at safepoint (normal execution)

VM Mutex/Monitor currently owned by a thread: None

Heap:
 PSYoungGen      total 38400K, used 11336K [0x00000000eab00000, 0x00000000ed580000, 0x0000000100000000)
  eden space 33280K, 34% used [0x00000000eab00000,0x00000000eb612000,0x00000000ecb80000)
  from space 5120K, 0% used [0x00000000ed080000,0x00000000ed080000,0x00000000ed580000)
  to   space 5120K, 0% used [0x00000000ecb80000,0x00000000ecb80000,0x00000000ed080000)
 ParOldGen       total 87552K, used 0K [0x00000000c0000000, 0x00000000c5580000, 0x00000000eab00000)
  object space 87552K, 0% used [0x00000000c0000000,0x00000000c0000000,0x00000000c5580000)
 Metaspace       used 5515K, capacity 6512K, committed 6784K, reserved 1056768K
  class space    used 595K, capacity 616K, committed 640K, reserved 1048576K

Card table byte_map: [0x00000000111e0000,0x00000000113f0000] byte_map_base: 0x0000000010be0000

Marking Bits: (ParMarkBitMap*) 0x00000000542664f0
 Begin Bits: [0x0000000011950000, 0x0000000012950000)
 End Bits:   [0x0000000012950000, 0x0000000013950000)

Polling page: 0x0000000000570000

CodeCache: size=245760Kb used=2127Kb max_used=2138Kb free=243632Kb
 bounds [0x0000000001e20000, 0x0000000002090000, 0x0000000010e20000]
 total_blobs=792 nmethods=523 adapters=182
 compilation: enabled

Compilation events (10 events):
Event: 0.767 Thread 0x0000000015d58800 nmethod 517 0x0000000002030310 code [0x0000000002030780, 0x00000000020333f8]
Event: 0.767 Thread 0x0000000015d58800  515       3       com.android.dx.cf.code.RopperMachine::jopToRopOpcode (1103 bytes)
Event: 0.768 Thread 0x0000000015d58800 nmethod 515 0x0000000002034a10 code [0x0000000002034d20, 0x0000000002036fb8]
Event: 0.768 Thread 0x0000000015d58800  513   !   3       com.android.dx.cf.code.RopperMachine::run (1550 bytes)
Event: 0.769 Thread 0x00000000144f0000  540       4       com.android.dx.util.Bits::set (19 bytes)
Event: 0.769 Thread 0x00000000144ed000 nmethod 530 0x0000000002021bd0 code [0x0000000002021d40, 0x0000000002022108]
Event: 0.769 Thread 0x00000000144f0000 nmethod 540 0x0000000002021950 code [0x0000000002021a80, 0x0000000002021b18]
Event: 0.770 Thread 0x00000000144ed000  541       4       java.lang.Long::bitCount (61 bytes)
Event: 0.771 Thread 0x00000000144ed000 nmethod 541 0x0000000002037c90 code [0x0000000002037dc0, 0x0000000002037e78]
Event: 0.773 Thread 0x00000000144f0000  543       4       java.util.Arrays::copyOfRange (63 bytes)

GC Heap History (0 events):
No events

Deoptimization events (0 events):
No events

Internal exceptions (2 events):
Event: 0.334 Thread 0x0000000001d22800 Exception <a 'java/lang/NoSuchMethodError': Method sun.misc.Unsafe.defineClass(Ljava/lang/String;[BII)Ljava/lang/Class; name or signature does not match> (0x00000000eab07cc0) thrown at [D:\re\workspace\8-2-build-windows-amd64-cygwin\jdk8u92\6642\hotspot\sr¾ÒŸ½_Õ?
Event: 0.334 Thread 0x0000000001d22800 Exception <a 'java/lang/NoSuchMethodError': Method sun.misc.Unsafe.prefetchRead(Ljava/lang/Object;J)V name or signature does not match> (0x00000000eab07fa8) thrown at [D:\re\workspace\8-2-build-windows-amd64-cygwin\jdk8u92\6642\hotspot\src\share\vm\prims\j

Events (10 events):
Event: 0.706 loading class com/android/dx/dex/file/DebugInfoItem done
Event: 0.706 loading class java/io/PrintWriter
Event: 0.706 loading class java/io/PrintWriter done
Event: 0.706 loading class com/android/dx/rop/annotation/AnnotationsList
Event: 0.706 loading class com/android/dx/rop/annotation/AnnotationsList done
Event: 0.706 loading class com/android/dx/dex/file/MethodIdItem
Event: 0.706 loading class com/android/dx/dex/file/MethodIdItem done
Event: 0.729 loading class com/android/dx/dex/file/MethodAnnotationStruct
Event: 0.729 loading class com/android/dx/dex/file/MethodAnnotationStruct done
Event: 0.738 Thread 0x0000000015fea800 Thread exited: 0x0000000015fea800


Dynamic libraries:
0x00007ff77dd40000 - 0x00007ff77dd77000 	C:\Program Files\Java\jdk1.8.0_92\bin\java.exe
0x00007ff95e280000 - 0x00007ff95e42a000 	C:\Windows\SYSTEM32\ntdll.dll
0x00007ff95d9d0000 - 0x00007ff95db0a000 	C:\Windows\system32\KERNEL32.DLL
0x00007ff95b9f0000 - 0x00007ff95baff000 	C:\Windows\system32\KERNELBASE.dll
0x00007ff95a220000 - 0x00007ff95a2a8000 	C:\Windows\system32\apphelp.dll
0x00007ff93af80000 - 0x00007ff93afcf000 	C:\Windows\AppPatch\AppPatch64\AcGenral.DLL
0x00007ff95bb10000 - 0x00007ff95bbb7000 	C:\Windows\system32\msvcrt.dll
0x00007ff95b430000 - 0x00007ff95b45b000 	C:\Windows\SYSTEM32\SspiCli.dll
0x00007ff95dd10000 - 0x00007ff95dd61000 	C:\Windows\system32\SHLWAPI.dll
0x00007ff95d460000 - 0x00007ff95d5d1000 	C:\Windows\system32\USER32.dll
0x00007ff95df50000 - 0x00007ff95e0c8000 	C:\Windows\system32\ole32.dll
0x00007ff95bbc0000 - 0x00007ff95cfd7000 	C:\Windows\system32\SHELL32.dll
0x00007ff95ac60000 - 0x00007ff95ac7e000 	C:\Windows\SYSTEM32\USERENV.dll
0x00007ff95db10000 - 0x00007ff95dbb5000 	C:\Windows\system32\ADVAPI32.dll
0x00007ff956ad0000 - 0x00007ff956aeb000 	C:\Windows\SYSTEM32\MPR.dll
0x00007ff95d5e0000 - 0x00007ff95d716000 	C:\Windows\system32\RPCRT4.dll
0x00007ff95e0d0000 - 0x00007ff95e127000 	C:\Windows\SYSTEM32\sechost.dll
0x00007ff95d090000 - 0x00007ff95d266000 	C:\Windows\SYSTEM32\combase.dll
0x00007ff95e130000 - 0x00007ff95e275000 	C:\Windows\system32\GDI32.dll
0x00007ff95b5f0000 - 0x00007ff95b604000 	C:\Windows\SYSTEM32\profapi.dll
0x00007ff959c50000 - 0x00007ff959cef000 	C:\Windows\SYSTEM32\SHCORE.dll
0x00007ff95dd70000 - 0x00007ff95dda4000 	C:\Windows\system32\IMM32.DLL
0x00007ff95d320000 - 0x00007ff95d459000 	C:\Windows\system32\MSCTF.dll
0x00007ff959340000 - 0x00007ff95959a000 	C:\Windows\WinSxS\amd64_microsoft.windows.common-controls_6595b64144ccf1df_6.0.9600.17031_none_6242a4b3ecbb55a1\COMCTL32.dll
0x0000000053650000 - 0x0000000053722000 	C:\Program Files\Java\jdk1.8.0_92\jre\bin\msvcr100.dll
0x0000000053a50000 - 0x00000000542e6000 	C:\Program Files\Java\jdk1.8.0_92\jre\bin\server\jvm.dll
0x00007ff951bb0000 - 0x00007ff951bb9000 	C:\Windows\SYSTEM32\WSOCK32.dll
0x00007ff952430000 - 0x00007ff95244f000 	C:\Windows\SYSTEM32\WINMM.dll
0x00007ff959300000 - 0x00007ff95930a000 	C:\Windows\SYSTEM32\VERSION.dll
0x00007ff95bb00000 - 0x00007ff95bb07000 	C:\Windows\system32\PSAPI.DLL
0x00007ff95d910000 - 0x00007ff95d968000 	C:\Windows\system32\WS2_32.dll
0x00007ff9523f0000 - 0x00007ff95241a000 	C:\Windows\SYSTEM32\WINMMBASE.dll
0x00007ff95d720000 - 0x00007ff95d729000 	C:\Windows\system32\NSI.dll
0x00007ff95b7c0000 - 0x00007ff95b80a000 	C:\Windows\SYSTEM32\cfgmgr32.dll
0x00007ff95a470000 - 0x00007ff95a496000 	C:\Windows\SYSTEM32\DEVOBJ.dll
0x00000000545e0000 - 0x00000000545ef000 	C:\Program Files\Java\jdk1.8.0_92\jre\bin\verify.dll
0x00000000545b0000 - 0x00000000545d9000 	C:\Program Files\Java\jdk1.8.0_92\jre\bin\java.dll
0x0000000054590000 - 0x00000000545a6000 	C:\Program Files\Java\jdk1.8.0_92\jre\bin\zip.dll

VM Arguments:
jvm_args: -Djava.awt.headless=true -Xmx1024M -Dfile.encoding=windows-1252 -Duser.country=US -Duser.language=en -Duser.variant 
java_command: com.android.dx.command.Main --dex --force-jumbo --num-threads=4 --output C:\Zooket\app\build\intermediates\pre-dexed\debug\grid-view-with-header-footer-1.0.11_fc97f6fac24bdcfde42e2ed66959fc1f20f7a061.jar C:\Users\Smo\.gradle\caches\modules-2\files-2.1\in.srain.cube\grid-view-with-header-footer\1.0.11\e4579a07c99cd8b7afc80caa5b61f600e9393f9c\grid-view-with-header-footer-1.0.11.jar
java_class_path (initial): C:\android-sdk-windows\build-tools\24.0.3\lib\dx.jar
Launcher Type: SUN_STANDARD

Environment Variables:
PATH=C:\ProgramData\Oracle\Java\javapath;C:\Windows\system32;C:\Windows;C:\Windows\System32\Wbem;C:\Windows\System32\WindowsPowerShell\v1.0\;C:\Program Files (x86)\NVIDIA Corporation\PhysX\Common;C:\Program Files (x86)\Windows Kits\8.1\Windows Performance Toolkit\;C:\Program Files\Microsoft SQL Server\110\Tools\Binn\;C:\Program Files\Microsoft SQL Server\110\DTS\Binn\;C:\Program Files (x86)\Microsoft SQL Server\110\Tools\Binn\;C:\Program Files (x86)\Microsoft SQL Server\110\Tools\Binn\ManagementStudio\;C:\Program Files (x86)\Microsoft Visual Studio 10.0\Common7\IDE\PrivateAssemblies\;C:\Program Files (x86)\Microsoft SQL Server\110\DTS\Binn\;C:\Program Files (x86)\GtkSharp\2.12\bin;C:\Program Files (x86)\QuickTime\QTSystem\
USERNAME=Smo
OS=Windows_NT
PROCESSOR_IDENTIFIER=Intel64 Family 6 Model 94 Stepping 3, GenuineIntel



---------------  S Y S T E M  ---------------

OS: Windows 8.1 , 64 bit Build 9600 (6.3.9600.17056)

CPU:total 4 (4 cores per cpu, 1 threads per core) family 6 model 94 stepping 3, cmov, cx8, fxsr, mmx, sse, sse2, sse3, ssse3, sse4.1, sse4.2, popcnt, avx, avx2, aes, clmul, erms, 3dnowpref, lzcnt, tsc, tscinvbit, bmi1, bmi2, adx

Memory: 4k page, physical 8266404k(1213136k free), swap 8266404k(4928k free)

vm_info: Java HotSpot(TM) 64-Bit Server VM (25.92-b14) for windows-amd64 JRE (1.8.0_92-b14), built on Mar 31 2016 21:03:04 by "java_re" with MS VC++ 10.0 (VS2010)

time: Mon May 08 11:51:53 2017
elapsed time: 0 seconds (0d 0h 0m 0s)

