#
# There is insufficient memory for the Java Runtime Environment to continue.
# Native memory allocation (malloc) failed to allocate 38032 bytes for Chunk::new
# Possible reasons:
#   The system is out of physical RAM or swap space
#   In 32 bit mode, the process size limit was hit
# Possible solutions:
#   Reduce memory load on the system
#   Increase physical memory or swap space
#   Check if swap backing store is full
#   Use 64 bit Java on a 64 bit OS
#   Decrease Java heap size (-Xmx/-Xms)
#   Decrease number of Java threads
#   Decrease Java thread stack sizes (-Xss)
#   Set larger code cache with -XX:ReservedCodeCacheSize=
# This output file may be truncated or incomplete.
#
#  Out of Memory Error (allocation.cpp:390), pid=8296, tid=0x00000000000026f0
#
# JRE version: Java(TM) SE Runtime Environment (8.0_92-b14) (build 1.8.0_92-b14)
# Java VM: Java HotSpot(TM) 64-Bit Server VM (25.92-b14 mixed mode windows-amd64 compressed oops)
# Failed to write core dump. Minidumps are not enabled by default on client versions of Windows
#

---------------  T H R E A D  ---------------

Current thread (0x0000000014ecc000):  JavaThread "C1 CompilerThread2" daemon [_thread_in_native, id=9968, stack(0x00000000166a0000,0x00000000167a0000)]

Stack: [0x00000000166a0000,0x00000000167a0000]
[error occurred during error reporting (printing stack bounds), id 0xc0000005]

Native frames: (J=compiled Java code, j=interpreted, Vv=VM code, C=native code)


Current CompileTask:
C1:   1450  656   !   3      
[error occurred during error reporting (printing current compile task), id 0xe0000001]


---------------  P R O C E S S  ---------------

Java Threads: ( => current thread )
  0x0000000016a5b000 JavaThread "pool-1-thread-4" [_thread_in_vm, id=10024, stack(0x00000000171a0000,0x00000000172a0000)]
  0x0000000016a59000 JavaThread "pool-2-thread-1" [_thread_blocked, id=10224, stack(0x0000000016ea0000,0x0000000016fa0000)]
  0x0000000016a58000 JavaThread "pool-1-thread-1" [_thread_in_Java, id=7940, stack(0x0000000016da0000,0x0000000016ea0000)]
  0x00000000167a6800 JavaThread "Service Thread" daemon [_thread_blocked, id=5872, stack(0x0000000016ba0000,0x0000000016ca0000)]
=>0x0000000014ecc000 JavaThread "C1 CompilerThread2" daemon [_thread_in_native, id=9968, stack(0x00000000166a0000,0x00000000167a0000)]
  0x0000000014e71800 JavaThread "C2 CompilerThread1" daemon [_thread_in_native, id=8936, stack(0x00000000165a0000,0x00000000166a0000)]
  0x0000000014e6e000 JavaThread "C2 CompilerThread0" daemon [_thread_blocked, id=9676, stack(0x00000000164a0000,0x00000000165a0000)]
  0x0000000014e6c000 JavaThread "Attach Listener" daemon [_thread_blocked, id=9520, stack(0x00000000163a0000,0x00000000164a0000)]
  0x0000000014e6b000 JavaThread "Signal Dispatcher" daemon [_thread_blocked, id=6460, stack(0x00000000162a0000,0x00000000163a0000)]
  0x0000000014e5a800 JavaThread "Finalizer" daemon [_thread_blocked, id=8408, stack(0x00000000160c0000,0x00000000161c0000)]
  0x0000000002670800 JavaThread "Reference Handler" daemon [_thread_blocked, id=6896, stack(0x0000000015fc0000,0x00000000160c0000)]
  0x0000000002582800 JavaThread "main" [_thread_blocked, id=3676, stack(0x0000000000d40000,0x0000000000e40000)]

Other Threads:
  0x0000000014e38800 VMThread [stack: 0x0000000015ec0000,0x0000000015fc0000] [id=9016]
  0x00000000167c2800 WatcherThread [stack: 0x0000000016ca0000,0x0000000016da0000] [id=424]

VM state:not at safepoint (normal execution)

VM Mutex/Monitor currently owned by a thread: None

Heap:
 PSYoungGen      total 38400K, used 12927K [0x00000000eab00000, 0x00000000ed580000, 0x0000000100000000)
  eden space 33280K, 38% used [0x00000000eab00000,0x00000000eb79fd68,0x00000000ecb80000)
  from space 5120K, 0% used [0x00000000ed080000,0x00000000ed080000,0x00000000ed580000)
  to   space 5120K, 0% used [0x00000000ecb80000,0x00000000ecb80000,0x00000000ed080000)
 ParOldGen       total 87552K, used 0K [0x00000000c0000000, 0x00000000c5580000, 0x00000000eab00000)
  object space 87552K, 0% used [0x00000000c0000000,0x00000000c0000000,0x00000000c5580000)
 Metaspace       used 5654K, capacity 6642K, committed 6784K, reserved 1056768K
  class space    used 602K, capacity 618K, committed 640K, reserved 1048576K

Card table byte_map: [0x0000000011cc0000,0x0000000011ed0000] byte_map_base: 0x00000000116c0000

Marking Bits: (ParMarkBitMap*) 0x000000005f3764f0
 Begin Bits: [0x00000000122d0000, 0x00000000132d0000)
 End Bits:   [0x00000000132d0000, 0x00000000142d0000)

Polling page: 0x0000000000be0000

CodeCache: size=245760Kb used=2619Kb max_used=2619Kb free=243140Kb
 bounds [0x0000000002900000, 0x0000000002ba0000, 0x0000000011900000]
 total_blobs=922 nmethods=653 adapters=182
 compilation: enabled

Compilation events (10 events):
Event: 1.443 Thread 0x0000000014ecc000  645       3       com.android.dx.ssa.SetFactory::makeDomFrontSet (26 bytes)
Event: 1.443 Thread 0x0000000014ecc000 nmethod 645 0x0000000002b87410 code [0x0000000002b875a0, 0x0000000002b879a8]
Event: 1.443 Thread 0x0000000014ecc000  657       3       com.android.dx.cf.code.RopperMachine::getSources (264 bytes)
Event: 1.443 Thread 0x0000000014e6e000  660       4       java.lang.Long::bitCount (61 bytes)
Event: 1.443 Thread 0x0000000014e6e000 nmethod 660 0x0000000002b536d0 code [0x0000000002b53800, 0x0000000002b538b8]
Event: 1.444 Thread 0x0000000014e71800  664       4       com.android.dx.ssa.SsaBasicBlock::forEachInsn (37 bytes)
Event: 1.445 Thread 0x0000000014ecc000 nmethod 657 0x0000000002b8a850 code [0x0000000002b8ae60, 0x0000000002b8f7f8]
Event: 1.445 Thread 0x0000000014ecc000  661       1       com.android.dx.ssa.Optimizer::getPreserveLocals (4 bytes)
Event: 1.445 Thread 0x0000000014ecc000 nmethod 661 0x0000000002b8a590 code [0x0000000002b8a6e0, 0x0000000002b8a7d0]
Event: 1.445 Thread 0x0000000014ecc000  656   !   3       com.android.dx.cf.code.RopperMachine::run (1550 bytes)

GC Heap History (0 events):
No events

Deoptimization events (0 events):
No events

Internal exceptions (2 events):
Event: 0.253 Thread 0x0000000002582800 Exception <a 'java/lang/NoSuchMethodError': Method sun.misc.Unsafe.defineClass(Ljava/lang/String;[BII)Ljava/lang/Class; name or signature does not match> (0x00000000eab07cc0) thrown at [D:\re\workspace\8-2-build-windows-amd64-cygwin\jdk8u92\6642\hotspot\srj×lÐ.Ð?
Event: 0.253 Thread 0x0000000002582800 Exception <a 'java/lang/NoSuchMethodError': Method sun.misc.Unsafe.prefetchRead(Ljava/lang/Object;J)V name or signature does not match> (0x00000000eab07fa8) thrown at [D:\re\workspace\8-2-build-windows-amd64-cygwin\jdk8u92\6642\hotspot\src\share\vm\prims\j

Events (10 events):
Event: 1.229 loading class java/util/DualPivotQuicksort
Event: 1.229 loading class java/util/DualPivotQuicksort done
Event: 1.230 loading class com/android/dx/dex/file/MethodAnnotationStruct
Event: 1.230 loading class com/android/dx/dex/file/MethodAnnotationStruct done
Event: 1.241 loading class com/android/dx/dex/file/FieldAnnotationStruct
Event: 1.241 loading class com/android/dx/dex/file/FieldAnnotationStruct done
Event: 1.254 Thread 0x0000000016a59800 Thread exited: 0x0000000016a59800
Event: 1.289 Thread 0x0000000016a5a800 Thread exited: 0x0000000016a5a800
Event: 1.326 loading class java/util/ArrayList$1
Event: 1.326 loading class java/util/ArrayList$1 done


Dynamic libraries:
0x00007ff784500000 - 0x00007ff784537000 	C:\Program Files\Java\jdk1.8.0_92\bin\java.exe
0x00007ffbfef50000 - 0x00007ffbff0fa000 	C:\Windows\SYSTEM32\ntdll.dll
0x00007ffbfcfd0000 - 0x00007ffbfd10a000 	C:\Windows\system32\KERNEL32.DLL
0x00007ffbfc670000 - 0x00007ffbfc77f000 	C:\Windows\system32\KERNELBASE.dll
0x00007ffbfaef0000 - 0x00007ffbfaf78000 	C:\Windows\system32\apphelp.dll
0x00007ffbe0910000 - 0x00007ffbe095f000 	C:\Windows\AppPatch\AppPatch64\AcGenral.DLL
0x00007ffbfd110000 - 0x00007ffbfd1b7000 	C:\Windows\system32\msvcrt.dll
0x00007ffbfc100000 - 0x00007ffbfc12b000 	C:\Windows\SYSTEM32\SspiCli.dll
0x00007ffbfc7d0000 - 0x00007ffbfc821000 	C:\Windows\system32\SHLWAPI.dll
0x00007ffbfcce0000 - 0x00007ffbfce51000 	C:\Windows\system32\USER32.dll
0x00007ffbfe9d0000 - 0x00007ffbfeb48000 	C:\Windows\system32\ole32.dll
0x00007ffbfd1d0000 - 0x00007ffbfe5e7000 	C:\Windows\system32\SHELL32.dll
0x00007ffbfb930000 - 0x00007ffbfb94e000 	C:\Windows\SYSTEM32\USERENV.dll
0x00007ffbfcb20000 - 0x00007ffbfcbc5000 	C:\Windows\system32\ADVAPI32.dll
0x00007ffbf7330000 - 0x00007ffbf734b000 	C:\Windows\SYSTEM32\MPR.dll
0x00007ffbfeba0000 - 0x00007ffbfecd6000 	C:\Windows\system32\RPCRT4.dll
0x00007ffbfcc80000 - 0x00007ffbfccd7000 	C:\Windows\SYSTEM32\sechost.dll
0x00007ffbfed70000 - 0x00007ffbfef46000 	C:\Windows\SYSTEM32\combase.dll
0x00007ffbfc890000 - 0x00007ffbfc9d5000 	C:\Windows\system32\GDI32.dll
0x00007ffbfc2c0000 - 0x00007ffbfc2d4000 	C:\Windows\SYSTEM32\profapi.dll
0x00007ffbfa920000 - 0x00007ffbfa9bf000 	C:\Windows\SYSTEM32\SHCORE.dll
0x00007ffbfeb50000 - 0x00007ffbfeb84000 	C:\Windows\system32\IMM32.DLL
0x00007ffbfc9e0000 - 0x00007ffbfcb19000 	C:\Windows\system32\MSCTF.dll
0x00007ffbfa0a0000 - 0x00007ffbfa2fa000 	C:\Windows\WinSxS\amd64_microsoft.windows.common-controls_6595b64144ccf1df_6.0.9600.17031_none_6242a4b3ecbb55a1\COMCTL32.dll
0x000000005e6d0000 - 0x000000005e7a2000 	C:\Program Files\Java\jdk1.8.0_92\jre\bin\msvcr100.dll
0x000000005eb60000 - 0x000000005f3f6000 	C:\Program Files\Java\jdk1.8.0_92\jre\bin\server\jvm.dll
0x00007ffbe9090000 - 0x00007ffbe9099000 	C:\Windows\SYSTEM32\WSOCK32.dll
0x00007ffbeeae0000 - 0x00007ffbeeaff000 	C:\Windows\SYSTEM32\WINMM.dll
0x00007ffbf9fd0000 - 0x00007ffbf9fda000 	C:\Windows\SYSTEM32\VERSION.dll
0x00007ffbfd1c0000 - 0x00007ffbfd1c7000 	C:\Windows\system32\PSAPI.DLL
0x00007ffbfe5f0000 - 0x00007ffbfe648000 	C:\Windows\system32\WS2_32.dll
0x00007ffbee9f0000 - 0x00007ffbeea1a000 	C:\Windows\SYSTEM32\WINMMBASE.dll
0x00007ffbfeb90000 - 0x00007ffbfeb99000 	C:\Windows\system32\NSI.dll
0x00007ffbfc780000 - 0x00007ffbfc7ca000 	C:\Windows\SYSTEM32\cfgmgr32.dll
0x00007ffbfb140000 - 0x00007ffbfb166000 	C:\Windows\SYSTEM32\DEVOBJ.dll
0x000000005eb50000 - 0x000000005eb5f000 	C:\Program Files\Java\jdk1.8.0_92\jre\bin\verify.dll
0x000000005eb20000 - 0x000000005eb49000 	C:\Program Files\Java\jdk1.8.0_92\jre\bin\java.dll
0x000000005eb00000 - 0x000000005eb16000 	C:\Program Files\Java\jdk1.8.0_92\jre\bin\zip.dll

VM Arguments:
jvm_args: -Djava.awt.headless=true -Xmx1024M -Dfile.encoding=windows-1252 -Duser.country=US -Duser.language=en -Duser.variant 
java_command: com.android.dx.command.Main --dex --force-jumbo --num-threads=4 --output C:\Zooket\app\build\intermediates\pre-dexed\debug\com.android.support-animated-vector-drawable-23.4.0_587b242cc0327bfe3a30e676ac1225d85a40367e.jar C:\Zooket\app\build\intermediates\exploded-aar\com.android.support\animated-vector-drawable\23.4.0\jars\classes.jar
java_class_path (initial): C:\android-sdk-windows\build-tools\24.0.3\lib\dx.jar
Launcher Type: SUN_STANDARD

Environment Variables:
PATH=C:\ProgramData\Oracle\Java\javapath;C:\Windows\system32;C:\Windows;C:\Windows\System32\Wbem;C:\Windows\System32\WindowsPowerShell\v1.0\;C:\Program Files (x86)\NVIDIA Corporation\PhysX\Common;C:\Program Files (x86)\Windows Kits\8.1\Windows Performance Toolkit\;C:\Program Files\Microsoft SQL Server\110\Tools\Binn\;C:\Program Files\Microsoft SQL Server\110\DTS\Binn\;C:\Program Files (x86)\Microsoft SQL Server\110\Tools\Binn\;C:\Program Files (x86)\Microsoft SQL Server\110\Tools\Binn\ManagementStudio\;C:\Program Files (x86)\Microsoft Visual Studio 10.0\Common7\IDE\PrivateAssemblies\;C:\Program Files (x86)\Microsoft SQL Server\110\DTS\Binn\;C:\Program Files (x86)\GtkSharp\2.12\bin;C:\Program Files (x86)\QuickTime\QTSystem\
USERNAME=Smo
OS=Windows_NT
PROCESSOR_IDENTIFIER=Intel64 Family 6 Model 94 Stepping 3, GenuineIntel



---------------  S Y S T E M  ---------------

OS: Windows 8.1 , 64 bit Build 9600 (6.3.9600.17056)

CPU:total 4 (4 cores per cpu, 1 threads per core) family 6 model 94 stepping 3, cmov, cx8, fxsr, mmx, sse, sse2, sse3, ssse3, sse4.1, sse4.2, popcnt, avx, avx2, aes, clmul, erms, 3dnowpref, lzcnt, tsc, tscinvbit, bmi1, bmi2, adx

Memory: 4k page, physical 8266404k(1078972k free), swap 8266404k(6416k free)

vm_info: Java HotSpot(TM) 64-Bit Server VM (25.92-b14) for windows-amd64 JRE (1.8.0_92-b14), built on Mar 31 2016 21:03:04 by "java_re" with MS VC++ 10.0 (VS2010)

time: Thu May 11 18:20:53 2017
elapsed time: 1 seconds (0d 0h 0m 1s)

