#
# There is insufficient memory for the Java Runtime Environment to continue.
# Native memory allocation (malloc) failed to allocate 90176 bytes for Chunk::new
# Possible reasons:
#   The system is out of physical RAM or swap space
#   In 32 bit mode, the process size limit was hit
# Possible solutions:
#   Reduce memory load on the system
#   Increase physical memory or swap space
#   Check if swap backing store is full
#   Use 64 bit Java on a 64 bit OS
#   Decrease Java heap size (-Xmx/-Xms)
#   Decrease number of Java threads
#   Decrease Java thread stack sizes (-Xss)
#   Set larger code cache with -XX:ReservedCodeCacheSize=
# This output file may be truncated or incomplete.
#
#  Out of Memory Error (allocation.cpp:390), pid=7404, tid=0x00000000000011a4
#
# JRE version: Java(TM) SE Runtime Environment (8.0_92-b14) (build 1.8.0_92-b14)
# Java VM: Java HotSpot(TM) 64-Bit Server VM (25.92-b14 mixed mode windows-amd64 compressed oops)
# Failed to write core dump. Minidumps are not enabled by default on client versions of Windows
#

---------------  T H R E A D  ---------------

Current thread (0x00000000149b6800):  JavaThread "C2 CompilerThread1" daemon [_thread_in_native, id=4516, stack(0x0000000016090000,0x0000000016190000)]

Stack: [0x0000000016090000,0x0000000016190000]
[error occurred during error reporting (printing stack bounds), id 0xc0000005]

Native frames: (J=compiled Java code, j=interpreted, Vv=VM code, C=native code)


Current CompileTask:
C2:   1282 1106       4       com.android.dx.rop.cst.CstBaseMethodRef::compareTo0 (29 bytes)


---------------  P R O C E S S  ---------------

Java Threads: ( => current thread )
  0x000000001630b000 JavaThread "pool-1-thread-1" [_thread_in_vm, id=1368, stack(0x0000000016890000,0x0000000016990000)]
  0x0000000016197000 JavaThread "Service Thread" daemon [_thread_blocked, id=7504, stack(0x0000000016690000,0x0000000016790000)]
  0x0000000016190800 JavaThread "C1 CompilerThread2" daemon [_thread_blocked, id=7356, stack(0x0000000016590000,0x0000000016690000)]
=>0x00000000149b6800 JavaThread "C2 CompilerThread1" daemon [_thread_in_native, id=4516, stack(0x0000000016090000,0x0000000016190000)]
  0x000000001495d000 JavaThread "C2 CompilerThread0" daemon [_thread_blocked, id=5012, stack(0x0000000015f90000,0x0000000016090000)]
  0x000000001495b800 JavaThread "Attach Listener" daemon [_thread_blocked, id=7736, stack(0x0000000015e90000,0x0000000015f90000)]
  0x000000001495a000 JavaThread "Signal Dispatcher" daemon [_thread_blocked, id=2904, stack(0x0000000015d90000,0x0000000015e90000)]
  0x000000000228a800 JavaThread "Finalizer" daemon [_thread_blocked, id=4644, stack(0x0000000015bb0000,0x0000000015cb0000)]
  0x0000000014929000 JavaThread "Reference Handler" daemon [_thread_blocked, id=2176, stack(0x0000000015ab0000,0x0000000015bb0000)]
  0x0000000002192800 JavaThread "main" [_thread_blocked, id=4168, stack(0x0000000002050000,0x0000000002150000)]

Other Threads:
  0x0000000014927800 VMThread [stack: 0x00000000159b0000,0x0000000015ab0000] [id=7940]
  0x00000000161b2800 WatcherThread [stack: 0x0000000016790000,0x0000000016890000] [id=6100]

VM state:not at safepoint (normal execution)

VM Mutex/Monitor currently owned by a thread: None

Heap:
 PSYoungGen      total 38400K, used 23333K [0x00000000eab00000, 0x00000000ed580000, 0x0000000100000000)
  eden space 33280K, 70% used [0x00000000eab00000,0x00000000ec1c9490,0x00000000ecb80000)
  from space 5120K, 0% used [0x00000000ed080000,0x00000000ed080000,0x00000000ed580000)
  to   space 5120K, 0% used [0x00000000ecb80000,0x00000000ecb80000,0x00000000ed080000)
 ParOldGen       total 87552K, used 0K [0x00000000c0000000, 0x00000000c5580000, 0x00000000eab00000)
  object space 87552K, 0% used [0x00000000c0000000,0x00000000c0000000,0x00000000c5580000)
 Metaspace       used 5842K, capacity 6896K, committed 7040K, reserved 1056768K
  class space    used 596K, capacity 616K, committed 640K, reserved 1048576K

Card table byte_map: [0x0000000011650000,0x0000000011860000] byte_map_base: 0x0000000011050000

Marking Bits: (ParMarkBitMap*) 0x00000000686b64f0
 Begin Bits: [0x0000000011dc0000, 0x0000000012dc0000)
 End Bits:   [0x0000000012dc0000, 0x0000000013dc0000)

Polling page: 0x0000000001fe0000

CodeCache: size=245760Kb used=4445Kb max_used=4449Kb free=241314Kb
 bounds [0x0000000002290000, 0x00000000026f0000, 0x0000000011290000]
 total_blobs=1371 nmethods=1105 adapters=179
 compilation: enabled

Compilation events (10 events):
Event: 1.271 Thread 0x0000000016190800 1102       3       java.util.HashMap::<init> (98 bytes)
Event: 1.271 Thread 0x00000000149b6800 1103       4       com.android.dx.rop.code.BasicBlock::getLastInsn (8 bytes)
Event: 1.271 Thread 0x0000000016190800 nmethod 1102 0x00000000026e4cd0 code [0x00000000026e4f60, 0x00000000026e6148]
Event: 1.272 Thread 0x00000000149b6800 nmethod 1103 0x00000000026e9650 code [0x00000000026e97a0, 0x00000000026e9898]
Event: 1.275 Thread 0x000000001495d000 nmethod 1100 0x00000000026e7290 code [0x00000000026e7440, 0x00000000026e7ab8]
Event: 1.278 Thread 0x0000000016190800 1104       3       java.util.HashMap$KeyIterator::next (8 bytes)
Event: 1.278 Thread 0x0000000016190800 nmethod 1104 0x00000000026e6e50 code [0x00000000026e6fc0, 0x00000000026e71c8]
Event: 1.278 Thread 0x0000000016190800 1105       3       com.android.dx.dex.file.DexFile::internIfAppropriate (128 bytes)
Event: 1.279 Thread 0x0000000016190800 nmethod 1105 0x00000000026eb810 code [0x00000000026ebac0, 0x00000000026ed2f8]
Event: 1.279 Thread 0x00000000149b6800 1106       4       com.android.dx.rop.cst.CstBaseMethodRef::compareTo0 (29 bytes)

GC Heap History (0 events):
No events

Deoptimization events (10 events):
Event: 0.413 Thread 0x0000000016425800 Uncommon trap: reason=class_check action=maybe_recompile pc=0x00000000024f54f0 method=com.android.dx.ssa.NormalSsaInsn.accept(Lcom/android/dx/ssa/SsaInsn$Visitor;)V @ 9
Event: 0.551 Thread 0x0000000016318800 Uncommon trap: reason=null_check action=make_not_entrant pc=0x00000000025968f8 method=com.android.dx.ssa.SsaRenamer.getLocalForNewReg(I)Lcom/android/dx/rop/code/LocalItem; @ 19
Event: 0.917 Thread 0x0000000016318800 Uncommon trap: reason=bimorphic action=maybe_recompile pc=0x000000000268fbf8 method=java.util.HashMap.putVal(ILjava/lang/Object;Ljava/lang/Object;ZZ)Ljava/lang/Object; @ 203
Event: 0.929 Thread 0x0000000016425800 Uncommon trap: reason=null_check action=make_not_entrant pc=0x00000000025d95e8 method=com.android.dx.rop.type.Type.equals(Ljava/lang/Object;)Z @ 8
Event: 1.264 Thread 0x000000001630b000 Uncommon trap: reason=class_check action=maybe_recompile pc=0x00000000026b9538 method=java.util.Arrays.hashCode([Ljava/lang/Object;)I @ 43
Event: 1.264 Thread 0x000000001630b000 Uncommon trap: reason=class_check action=maybe_recompile pc=0x00000000026b9538 method=java.util.Arrays.hashCode([Ljava/lang/Object;)I @ 43
Event: 1.264 Thread 0x000000001630b000 Uncommon trap: reason=class_check action=maybe_recompile pc=0x00000000026b9538 method=java.util.Arrays.hashCode([Ljava/lang/Object;)I @ 43
Event: 1.264 Thread 0x000000001630b000 Uncommon trap: reason=class_check action=maybe_recompile pc=0x00000000026b9538 method=java.util.Arrays.hashCode([Ljava/lang/Object;)I @ 43
Event: 1.268 Thread 0x000000001630b000 Uncommon trap: reason=unstable_if action=reinterpret pc=0x0000000002699378 method=java.util.HashMap.putVal(ILjava/lang/Object;Ljava/lang/Object;ZZ)Ljava/lang/Object; @ 94
Event: 1.268 Thread 0x000000001630b000 Uncommon trap: reason=unstable_if action=reinterpret pc=0x000000000268fbac method=java.util.HashMap.putVal(ILjava/lang/Object;Ljava/lang/Object;ZZ)Ljava/lang/Object; @ 94

Internal exceptions (4 events):
Event: 0.026 Thread 0x0000000002192800 Exception <a 'java/lang/NoSuchMethodError': Method sun.misc.Unsafe.defineClass(Ljava/lang/String;[BII)Ljava/lang/Class; name or signature does not match> (0x00000000eab07cc0) thrown at [D:\re\workspace\8-2-build-windows-amd64-cygwin\jdk8u92\6642\hotspot\srV◊µÚ}ö?
Event: 0.026 Thread 0x0000000002192800 Exception <a 'java/lang/NoSuchMethodError': Method sun.misc.Unsafe.prefetchRead(Ljava/lang/Object;J)V name or signature does not match> (0x00000000eab07fa8) thrown at [D:\re\workspace\8-2-build-windows-amd64-cygwin\jdk8u92\6642\hotspot\src\share\vm\prims\jêÓgìo†·?
Event: 0.551 Thread 0x0000000016318800 Implicit null exception at 0x0000000002594beb to 0x00000000025968b1
Event: 0.929 Thread 0x0000000016425800 Implicit null exception at 0x00000000025d94e2 to 0x00000000025d95da

Events (10 events):
Event: 1.265 loading class com/android/dx/rop/cst/Zeroes
Event: 1.265 loading class com/android/dx/rop/cst/Zeroes done
Event: 1.267 loading class com/android/dx/dex/file/CatchStructs
Event: 1.267 loading class com/android/dx/dex/file/CatchStructs done
Event: 1.268 Thread 0x000000001630b000 Uncommon trap: trap_request=0xffffff65 fr.pc=0x0000000002699378
Event: 1.268 Thread 0x000000001630b000 DEOPT PACKING pc=0x0000000002699378 sp=0x000000001698e850
Event: 1.268 Thread 0x000000001630b000 DEOPT UNPACKING pc=0x00000000022d582a sp=0x000000001698e768 mode 2
Event: 1.268 Thread 0x000000001630b000 Uncommon trap: trap_request=0xffffff65 fr.pc=0x000000000268fbac
Event: 1.268 Thread 0x000000001630b000 DEOPT PACKING pc=0x000000000268fbac sp=0x000000001698e7a0
Event: 1.268 Thread 0x000000001630b000 DEOPT UNPACKING pc=0x00000000022d582a sp=0x000000001698e760 mode 2


Dynamic libraries:
0x00007ff725170000 - 0x00007ff7251a7000 	C:\Program Files\Java\jdk1.8.0_92\bin\java.exe
0x00007ffef9f10000 - 0x00007ffefa0ba000 	C:\Windows\SYSTEM32\ntdll.dll
0x00007ffef9b80000 - 0x00007ffef9cba000 	C:\Windows\system32\KERNEL32.DLL
0x00007ffef74a0000 - 0x00007ffef75af000 	C:\Windows\system32\KERNELBASE.dll
0x00007ffef5eb0000 - 0x00007ffef5f38000 	C:\Windows\system32\apphelp.dll
0x00007ffed1e60000 - 0x00007ffed1eaf000 	C:\Windows\AppPatch\AppPatch64\AcGenral.DLL
0x00007ffef9cc0000 - 0x00007ffef9d67000 	C:\Windows\system32\msvcrt.dll
0x00007ffef70c0000 - 0x00007ffef70eb000 	C:\Windows\SYSTEM32\SspiCli.dll
0x00007ffef9320000 - 0x00007ffef9371000 	C:\Windows\system32\SHLWAPI.dll
0x00007ffef9380000 - 0x00007ffef94f1000 	C:\Windows\system32\USER32.dll
0x00007ffef7790000 - 0x00007ffef7908000 	C:\Windows\system32\ole32.dll
0x00007ffef7c70000 - 0x00007ffef9087000 	C:\Windows\system32\SHELL32.dll
0x00007ffef68f0000 - 0x00007ffef690e000 	C:\Windows\SYSTEM32\USERENV.dll
0x00007ffef9090000 - 0x00007ffef9135000 	C:\Windows\system32\ADVAPI32.dll
0x00007ffef22f0000 - 0x00007ffef230b000 	C:\Windows\SYSTEM32\MPR.dll
0x00007ffef79d0000 - 0x00007ffef7b06000 	C:\Windows\system32\RPCRT4.dll
0x00007ffef7c10000 - 0x00007ffef7c67000 	C:\Windows\SYSTEM32\sechost.dll
0x00007ffef9140000 - 0x00007ffef9316000 	C:\Windows\SYSTEM32\combase.dll
0x00007ffef9560000 - 0x00007ffef96a5000 	C:\Windows\system32\GDI32.dll
0x00007ffef7280000 - 0x00007ffef7294000 	C:\Windows\SYSTEM32\profapi.dll
0x00007ffef58e0000 - 0x00007ffef597f000 	C:\Windows\SYSTEM32\SHCORE.dll
0x00007ffef9b40000 - 0x00007ffef9b74000 	C:\Windows\system32\IMM32.DLL
0x00007ffef96b0000 - 0x00007ffef97e9000 	C:\Windows\system32\MSCTF.dll
0x00007ffef4fd0000 - 0x00007ffef522a000 	C:\Windows\WinSxS\amd64_microsoft.windows.common-controls_6595b64144ccf1df_6.0.9600.17031_none_6242a4b3ecbb55a1\COMCTL32.dll
0x0000000067850000 - 0x0000000067922000 	C:\Program Files\Java\jdk1.8.0_92\jre\bin\msvcr100.dll
0x0000000067ea0000 - 0x0000000068736000 	C:\Program Files\Java\jdk1.8.0_92\jre\bin\server\jvm.dll
0x00007ffef0d00000 - 0x00007ffef0d09000 	C:\Windows\SYSTEM32\WSOCK32.dll
0x00007ffeeedc0000 - 0x00007ffeeeddf000 	C:\Windows\SYSTEM32\WINMM.dll
0x00007ffef4f90000 - 0x00007ffef4f9a000 	C:\Windows\SYSTEM32\VERSION.dll
0x00007ffef7b10000 - 0x00007ffef7b17000 	C:\Windows\system32\PSAPI.DLL
0x00007ffef9500000 - 0x00007ffef9558000 	C:\Windows\system32\WS2_32.dll
0x00007ffee99a0000 - 0x00007ffee99ca000 	C:\Windows\SYSTEM32\WINMMBASE.dll
0x00007ffef9b30000 - 0x00007ffef9b39000 	C:\Windows\system32\NSI.dll
0x00007ffef7350000 - 0x00007ffef739a000 	C:\Windows\SYSTEM32\cfgmgr32.dll
0x00007ffef6100000 - 0x00007ffef6126000 	C:\Windows\SYSTEM32\DEVOBJ.dll
0x0000000069210000 - 0x000000006921f000 	C:\Program Files\Java\jdk1.8.0_92\jre\bin\verify.dll
0x00000000691e0000 - 0x0000000069209000 	C:\Program Files\Java\jdk1.8.0_92\jre\bin\java.dll
0x0000000069190000 - 0x00000000691a6000 	C:\Program Files\Java\jdk1.8.0_92\jre\bin\zip.dll

VM Arguments:
jvm_args: -Djava.awt.headless=true -Xmx1024M -Dfile.encoding=windows-1252 -Duser.country=US -Duser.language=en -Duser.variant 
java_command: com.android.dx.command.Main --dex --force-jumbo --num-threads=4 --multi-dex --output C:\Zooket\app\build\intermediates\transforms\dex\debug\folders\1000\10\com.makeramen-roundedimageview-2.3.0_3d52f321047d0337639c04c5155b301b4160e816 C:\Zooket\app\build\intermediates\exploded-aar\com.makeramen\roundedimageview\2.3.0\jars\classes.jar
java_class_path (initial): C:\android-sdk-windows\build-tools\24.0.3\lib\dx.jar
Launcher Type: SUN_STANDARD

Environment Variables:
PATH=C:\ProgramData\Oracle\Java\javapath;C:\Windows\system32;C:\Windows;C:\Windows\System32\Wbem;C:\Windows\System32\WindowsPowerShell\v1.0\;C:\Program Files (x86)\NVIDIA Corporation\PhysX\Common;C:\Program Files (x86)\Windows Kits\8.1\Windows Performance Toolkit\;C:\Program Files\Microsoft SQL Server\110\Tools\Binn\;C:\Program Files\Microsoft SQL Server\110\DTS\Binn\;C:\Program Files (x86)\Microsoft SQL Server\110\Tools\Binn\;C:\Program Files (x86)\Microsoft SQL Server\110\Tools\Binn\ManagementStudio\;C:\Program Files (x86)\Microsoft Visual Studio 10.0\Common7\IDE\PrivateAssemblies\;C:\Program Files (x86)\Microsoft SQL Server\110\DTS\Binn\;C:\Program Files (x86)\GtkSharp\2.12\bin;C:\Program Files (x86)\QuickTime\QTSystem\
USERNAME=Smo
OS=Windows_NT
PROCESSOR_IDENTIFIER=Intel64 Family 6 Model 94 Stepping 3, GenuineIntel



---------------  S Y S T E M  ---------------

OS: Windows 8.1 , 64 bit Build 9600 (6.3.9600.17056)

CPU:total 4 (4 cores per cpu, 1 threads per core) family 6 model 94 stepping 3, cmov, cx8, fxsr, mmx, sse, sse2, sse3, ssse3, sse4.1, sse4.2, popcnt, avx, avx2, aes, clmul, erms, 3dnowpref, lzcnt, tsc, tscinvbit, bmi1, bmi2, adx

Memory: 4k page, physical 8266404k(2055504k free), swap 8266404k(4948k free)

vm_info: Java HotSpot(TM) 64-Bit Server VM (25.92-b14) for windows-amd64 JRE (1.8.0_92-b14), built on Mar 31 2016 21:03:04 by "java_re" with MS VC++ 10.0 (VS2010)

time: Thu May 11 11:27:05 2017
elapsed time: 1 seconds (0d 0h 0m 1s)

