#
# There is insufficient memory for the Java Runtime Environment to continue.
# Native memory allocation (malloc) failed to allocate 131088 bytes for Chunk::new
# Possible reasons:
#   The system is out of physical RAM or swap space
#   In 32 bit mode, the process size limit was hit
# Possible solutions:
#   Reduce memory load on the system
#   Increase physical memory or swap space
#   Check if swap backing store is full
#   Use 64 bit Java on a 64 bit OS
#   Decrease Java heap size (-Xmx/-Xms)
#   Decrease number of Java threads
#   Decrease Java thread stack sizes (-Xss)
#   Set larger code cache with -XX:ReservedCodeCacheSize=
# This output file may be truncated or incomplete.
#
#  Out of Memory Error (allocation.cpp:390), pid=1948, tid=0x0000000000002274
#
# JRE version: Java(TM) SE Runtime Environment (8.0_92-b14) (build 1.8.0_92-b14)
# Java VM: Java HotSpot(TM) 64-Bit Server VM (25.92-b14 mixed mode windows-amd64 compressed oops)
# Failed to write core dump. Minidumps are not enabled by default on client versions of Windows
#

---------------  T H R E A D  ---------------

Current thread (0x000000001509e000):  JavaThread "C2 CompilerThread0" daemon [_thread_in_native, id=8820, stack(0x00000000166e0000,0x00000000167e0000)]

Stack: [0x00000000166e0000,0x00000000167e0000]
[error occurred during error reporting (printing stack bounds), id 0xc0000005]

Native frames: (J=compiled Java code, j=interpreted, Vv=VM code, C=native code)


Current CompileTask:
C2:   1420 1117       4       com.android.dx.ssa.SCCP::simulateStmt (481 bytes)


---------------  P R O C E S S  ---------------

Java Threads: ( => current thread )
  0x0000000016b76000 JavaThread "pool-1-thread-4" [_thread_blocked, id=9072, stack(0x00000000173e0000,0x00000000174e0000)]
  0x0000000016b74000 JavaThread "pool-1-thread-3" [_thread_blocked, id=1916, stack(0x00000000172e0000,0x00000000173e0000)]
  0x0000000016b70800 JavaThread "pool-1-thread-2" [_thread_in_vm, id=8256, stack(0x00000000171e0000,0x00000000172e0000)]
  0x0000000016be5800 JavaThread "pool-2-thread-1" [_thread_blocked, id=5200, stack(0x00000000170e0000,0x00000000171e0000)]
  0x0000000016b60000 JavaThread "pool-1-thread-1" [_thread_blocked, id=8456, stack(0x0000000016fe0000,0x00000000170e0000)]
  0x00000000168e6800 JavaThread "Service Thread" daemon [_thread_blocked, id=8608, stack(0x0000000016de0000,0x0000000016ee0000)]
  0x00000000168e1000 JavaThread "C1 CompilerThread2" daemon [_thread_in_vm, id=8584, stack(0x0000000016ce0000,0x0000000016de0000)]
  0x00000000150f7000 JavaThread "C2 CompilerThread1" daemon [_thread_in_native, id=7924, stack(0x00000000167e0000,0x00000000168e0000)]
=>0x000000001509e000 JavaThread "C2 CompilerThread0" daemon [_thread_in_native, id=8820, stack(0x00000000166e0000,0x00000000167e0000)]
  0x000000001509c000 JavaThread "Attach Listener" daemon [_thread_blocked, id=9084, stack(0x00000000165e0000,0x00000000166e0000)]
  0x000000001509a800 JavaThread "Signal Dispatcher" daemon [_thread_blocked, id=6976, stack(0x00000000164e0000,0x00000000165e0000)]
  0x000000001508a800 JavaThread "Finalizer" daemon [_thread_blocked, id=80, stack(0x0000000016300000,0x0000000016400000)]
  0x00000000029c0800 JavaThread "Reference Handler" daemon [_thread_blocked, id=8308, stack(0x0000000016200000,0x0000000016300000)]
  0x00000000028d2800 JavaThread "main" [_thread_blocked, id=5576, stack(0x00000000027b0000,0x00000000028b0000)]

Other Threads:
  0x0000000015068800 VMThread [stack: 0x0000000016100000,0x0000000016200000] [id=4008]
  0x00000000168f1000 WatcherThread [stack: 0x0000000016ee0000,0x0000000016fe0000] [id=3220]

VM state:not at safepoint (normal execution)

VM Mutex/Monitor currently owned by a thread:  ([mutex/lock_event])
[0x00000000028cc950] Heap_lock - owner thread: 0x0000000016b76000

Heap:
 PSYoungGen      total 38400K, used 5112K [0x00000000eab00000, 0x00000000ed580000, 0x0000000100000000)
  eden space 33280K, 0% used [0x00000000eab00000,0x00000000eab003a8,0x00000000ecb80000)
  from space 5120K, 99% used [0x00000000ecb80000,0x00000000ed07dc88,0x00000000ed080000)
  to   space 5120K, 0% used [0x00000000ed080000,0x00000000ed080000,0x00000000ed580000)
 ParOldGen       total 87552K, used 1482K [0x00000000c0000000, 0x00000000c5580000, 0x00000000eab00000)
  object space 87552K, 1% used [0x00000000c0000000,0x00000000c0172a60,0x00000000c5580000)
 Metaspace       used 5990K, capacity 6898K, committed 7040K, reserved 1056768K
  class space    used 601K, capacity 618K, committed 640K, reserved 1048576K

Card table byte_map: [0x0000000011d90000,0x0000000011fa0000] byte_map_base: 0x0000000011790000

Marking Bits: (ParMarkBitMap*) 0x00000000542664f0
 Begin Bits: [0x0000000012500000, 0x0000000013500000)
 End Bits:   [0x0000000013500000, 0x0000000014500000)

Polling page: 0x00000000026c0000

CodeCache: size=245760Kb used=4580Kb max_used=4580Kb free=241179Kb
 bounds [0x00000000029d0000, 0x0000000002e50000, 0x00000000119d0000]
 total_blobs=1443 nmethods=1174 adapters=182
 compilation: enabled

Compilation events (10 events):
Event: 1.415 Thread 0x00000000150f7000 nmethod 1150 0x0000000002e47090 code [0x0000000002e47220, 0x0000000002e478a8]
Event: 1.415 Thread 0x00000000150f7000 1192       4       com.android.dx.util.FixedSizeList::hashCode (8 bytes)
Event: 1.418 Thread 0x00000000150f7000 nmethod 1192 0x0000000002e49ad0 code [0x0000000002e49c20, 0x0000000002e49e78]
Event: 1.418 Thread 0x00000000150f7000 1190       4       com.android.dx.rop.code.PlainInsn::withNewRegisters (18 bytes)
Event: 1.419 Thread 0x00000000150f7000 nmethod 1190 0x0000000002e46b10 code [0x0000000002e46c60, 0x0000000002e46e18]
Event: 1.419 Thread 0x00000000150f7000 1191       4       com.android.dx.rop.code.Rop::isCommutative (60 bytes)
Event: 1.420 Thread 0x00000000150f7000 nmethod 1191 0x0000000002e2b990 code [0x0000000002e2bac0, 0x0000000002e2bb58]
Event: 1.420 Thread 0x00000000150f7000 1188       4       com.android.dx.ssa.SsaMethod::deleteInsns (239 bytes)
Event: 1.420 Thread 0x00000000168e1000 nmethod 1173 0x0000000002e4a390 code [0x0000000002e4a5e0, 0x0000000002e4b588]
Event: 1.420 Thread 0x00000000168e1000 1165       3       com.android.dx.ssa.SsaMethod::forEachBlockDepthFirstDom (128 bytes)

GC Heap History (2 events):
Event: 1.183 GC heap before
{Heap before GC invocations=1 (full 0):
 PSYoungGen      total 38400K, used 33280K [0x00000000eab00000, 0x00000000ed580000, 0x0000000100000000)
  eden space 33280K, 100% used [0x00000000eab00000,0x00000000ecb80000,0x00000000ecb80000)
  from space 5120K, 0% used [0x00000000ed080000,0x00000000ed080000,0x00000000ed580000)
  to   space 5120K, 0% used [0x00000000ecb80000,0x00000000ecb80000,0x00000000ed080000)
 ParOldGen       total 87552K, used 0K [0x00000000c0000000, 0x00000000c5580000, 0x00000000eab00000)
  object space 87552K, 0% used [0x00000000c0000000,0x00000000c0000000,0x00000000c5580000)
 Metaspace       used 5988K, capacity 6898K, committed 7040K, reserved 1056768K
  class space    used 601K, capacity 618K, committed 640K, reserved 1048576K
Event: 1.415 GC heap after
Heap after GC invocations=1 (full 0):
 PSYoungGen      total 38400K, used 5111K [0x00000000eab00000, 0x00000000ed580000, 0x0000000100000000)
  eden space 33280K, 0% used [0x00000000eab00000,0x00000000eab00000,0x00000000ecb80000)
  from space 5120K, 99% used [0x00000000ecb80000,0x00000000ed07dc88,0x00000000ed080000)
  to   space 5120K, 0% used [0x00000000ed080000,0x00000000ed080000,0x00000000ed580000)
 ParOldGen       total 87552K, used 1482K [0x00000000c0000000, 0x00000000c5580000, 0x00000000eab00000)
  object space 87552K, 1% used [0x00000000c0000000,0x00000000c0172a60,0x00000000c5580000)
 Metaspace       used 5988K, capacity 6898K, committed 7040K, reserved 1056768K
  class space    used 601K, capacity 618K, committed 640K, reserved 1048576K
}

Deoptimization events (10 events):
Event: 0.630 Thread 0x0000000016b70800 Uncommon trap: reason=unstable_if action=reinterpret pc=0x0000000002bf17f0 method=java.util.BitSet.nextSetBit(I)I @ 87
Event: 0.742 Thread 0x00000000028d2800 Uncommon trap: reason=bimorphic action=maybe_recompile pc=0x0000000002c014a4 method=java.util.HashMap.getNode(ILjava/lang/Object;)Ljava/util/HashMap$Node; @ 126
Event: 0.857 Thread 0x0000000016b76000 Uncommon trap: reason=bimorphic action=maybe_recompile pc=0x0000000002c014a4 method=java.util.HashMap.getNode(ILjava/lang/Object;)Ljava/util/HashMap$Node; @ 126
Event: 0.859 Thread 0x0000000016b76000 Uncommon trap: reason=unstable_if action=reinterpret pc=0x0000000002cee8ec method=com.android.dx.rop.code.RegisterSpecSet.put(Lcom/android/dx/rop/code/RegisterSpec;)V @ 77
Event: 0.859 Thread 0x0000000016b76000 Uncommon trap: reason=unstable_if action=reinterpret pc=0x0000000002d6e318 method=com.android.dx.rop.code.RegisterSpecSet.put(Lcom/android/dx/rop/code/RegisterSpec;)V @ 77
Event: 0.859 Thread 0x0000000016b76000 Uncommon trap: reason=bimorphic action=maybe_recompile pc=0x0000000002c014a4 method=java.util.HashMap.getNode(ILjava/lang/Object;)Ljava/util/HashMap$Node; @ 126
Event: 0.859 Thread 0x0000000016b76000 Uncommon trap: reason=bimorphic action=maybe_recompile pc=0x0000000002c014a4 method=java.util.HashMap.getNode(ILjava/lang/Object;)Ljava/util/HashMap$Node; @ 126
Event: 0.859 Thread 0x0000000016b76000 Uncommon trap: reason=bimorphic action=maybe_recompile pc=0x0000000002c38b00 method=java.util.HashMap.getNode(ILjava/lang/Object;)Ljava/util/HashMap$Node; @ 126
Event: 0.871 Thread 0x0000000016b76000 Uncommon trap: reason=unstable_if action=reinterpret pc=0x0000000002cc6704 method=com.android.dx.rop.code.RegisterSpec.equals(ILcom/android/dx/rop/type/TypeBearer;Lcom/android/dx/rop/code/LocalItem;)Z @ 42
Event: 1.069 Thread 0x0000000016b74000 Uncommon trap: reason=null_check action=make_not_entrant pc=0x0000000002ca65a8 method=com.android.dx.rop.type.Type.equals(Ljava/lang/Object;)Z @ 8

Internal exceptions (3 events):
Event: 0.026 Thread 0x00000000028d2800 Exception <a 'java/lang/NoSuchMethodError': Method sun.misc.Unsafe.defineClass(Ljava/lang/String;[BII)Ljava/lang/Class; name or signature does not match> (0x00000000eab07cc0) thrown at [D:\re\workspace\8-2-build-windows-amd64-cygwin\jdk8u92\6642\hotspot\sr2BJêÀ∆ö?
Event: 0.026 Thread 0x00000000028d2800 Exception <a 'java/lang/NoSuchMethodError': Method sun.misc.Unsafe.prefetchRead(Ljava/lang/Object;J)V name or signature does not match> (0x00000000eab07fa8) thrown at [D:\re\workspace\8-2-build-windows-amd64-cygwin\jdk8u92\6642\hotspot\src\share\vm\prims\jÙ™§ÇÇÒ?
Event: 1.069 Thread 0x0000000016b74000 Implicit null exception at 0x0000000002ca64a2 to 0x0000000002ca659a

Events (10 events):
Event: 1.069 Thread 0x0000000016b74000 DEOPT PACKING pc=0x0000000002ca65a8 sp=0x00000000173de560
Event: 1.069 Thread 0x0000000016b74000 DEOPT UNPACKING pc=0x0000000002a1582a sp=0x00000000173de4e8 mode 2
Event: 1.072 Thread 0x0000000016b74000 DEOPT PACKING pc=0x0000000002c3336d sp=0x00000000173dde80
Event: 1.072 Thread 0x0000000016b74000 DEOPT UNPACKING pc=0x0000000002a1787f sp=0x00000000173ddba0 mode 0
Event: 1.113 Executing VM operation: ForceSafepoint
Event: 1.155 Executing VM operation: ForceSafepoint done
Event: 1.174 Thread 0x0000000016b76000 DEOPT PACKING pc=0x0000000002d52c10 sp=0x00000000174debc0
Event: 1.174 Thread 0x0000000016b76000 DEOPT UNPACKING pc=0x0000000002a1787f sp=0x00000000174de9b0 mode 0
Event: 1.183 Executing VM operation: ParallelGCFailedAllocation
Event: 1.415 Executing VM operation: ParallelGCFailedAllocation done


Dynamic libraries:
0x00007ff77dd40000 - 0x00007ff77dd77000 	C:\Program Files\Java\jdk1.8.0_92\bin\java.exe
0x00007ff95e280000 - 0x00007ff95e42a000 	C:\Windows\SYSTEM32\ntdll.dll
0x00007ff95d9d0000 - 0x00007ff95db0a000 	C:\Windows\system32\KERNEL32.DLL
0x00007ff95b9f0000 - 0x00007ff95baff000 	C:\Windows\system32\KERNELBASE.dll
0x00007ff95a220000 - 0x00007ff95a2a8000 	C:\Windows\system32\apphelp.dll
0x00007ff93af80000 - 0x00007ff93afcf000 	C:\Windows\AppPatch\AppPatch64\AcGenral.DLL
0x00007ff95bb10000 - 0x00007ff95bbb7000 	C:\Windows\system32\msvcrt.dll
0x00007ff95b430000 - 0x00007ff95b45b000 	C:\Windows\SYSTEM32\SspiCli.dll
0x00007ff95dd10000 - 0x00007ff95dd61000 	C:\Windows\system32\SHLWAPI.dll
0x00007ff95d460000 - 0x00007ff95d5d1000 	C:\Windows\system32\USER32.dll
0x00007ff95df50000 - 0x00007ff95e0c8000 	C:\Windows\system32\ole32.dll
0x00007ff95bbc0000 - 0x00007ff95cfd7000 	C:\Windows\system32\SHELL32.dll
0x00007ff95ac60000 - 0x00007ff95ac7e000 	C:\Windows\SYSTEM32\USERENV.dll
0x00007ff95db10000 - 0x00007ff95dbb5000 	C:\Windows\system32\ADVAPI32.dll
0x00007ff956ad0000 - 0x00007ff956aeb000 	C:\Windows\SYSTEM32\MPR.dll
0x00007ff95d5e0000 - 0x00007ff95d716000 	C:\Windows\system32\RPCRT4.dll
0x00007ff95e0d0000 - 0x00007ff95e127000 	C:\Windows\SYSTEM32\sechost.dll
0x00007ff95d090000 - 0x00007ff95d266000 	C:\Windows\SYSTEM32\combase.dll
0x00007ff95e130000 - 0x00007ff95e275000 	C:\Windows\system32\GDI32.dll
0x00007ff95b5f0000 - 0x00007ff95b604000 	C:\Windows\SYSTEM32\profapi.dll
0x00007ff959c50000 - 0x00007ff959cef000 	C:\Windows\SYSTEM32\SHCORE.dll
0x00007ff95dd70000 - 0x00007ff95dda4000 	C:\Windows\system32\IMM32.DLL
0x00007ff95d320000 - 0x00007ff95d459000 	C:\Windows\system32\MSCTF.dll
0x00007ff959340000 - 0x00007ff95959a000 	C:\Windows\WinSxS\amd64_microsoft.windows.common-controls_6595b64144ccf1df_6.0.9600.17031_none_6242a4b3ecbb55a1\COMCTL32.dll
0x0000000053650000 - 0x0000000053722000 	C:\Program Files\Java\jdk1.8.0_92\jre\bin\msvcr100.dll
0x0000000053a50000 - 0x00000000542e6000 	C:\Program Files\Java\jdk1.8.0_92\jre\bin\server\jvm.dll
0x00007ff951bb0000 - 0x00007ff951bb9000 	C:\Windows\SYSTEM32\WSOCK32.dll
0x00007ff952430000 - 0x00007ff95244f000 	C:\Windows\SYSTEM32\WINMM.dll
0x00007ff959300000 - 0x00007ff95930a000 	C:\Windows\SYSTEM32\VERSION.dll
0x00007ff95bb00000 - 0x00007ff95bb07000 	C:\Windows\system32\PSAPI.DLL
0x00007ff95d910000 - 0x00007ff95d968000 	C:\Windows\system32\WS2_32.dll
0x00007ff9523f0000 - 0x00007ff95241a000 	C:\Windows\SYSTEM32\WINMMBASE.dll
0x00007ff95d720000 - 0x00007ff95d729000 	C:\Windows\system32\NSI.dll
0x00007ff95b7c0000 - 0x00007ff95b80a000 	C:\Windows\SYSTEM32\cfgmgr32.dll
0x00007ff95a470000 - 0x00007ff95a496000 	C:\Windows\SYSTEM32\DEVOBJ.dll
0x00000000545e0000 - 0x00000000545ef000 	C:\Program Files\Java\jdk1.8.0_92\jre\bin\verify.dll
0x00000000545b0000 - 0x00000000545d9000 	C:\Program Files\Java\jdk1.8.0_92\jre\bin\java.dll
0x0000000054590000 - 0x00000000545a6000 	C:\Program Files\Java\jdk1.8.0_92\jre\bin\zip.dll

VM Arguments:
jvm_args: -Djava.awt.headless=true -Xmx1024M -Dfile.encoding=windows-1252 -Duser.country=US -Duser.language=en -Duser.variant 
java_command: com.android.dx.command.Main --dex --force-jumbo --num-threads=4 --output C:\Zooket\app\build\intermediates\pre-dexed\debug\com.android.support-recyclerview-v7-23.4.0_6c2783278c301ed03eaed28e8f4efe9a1e4907ed.jar C:\Zooket\app\build\intermediates\exploded-aar\com.android.support\recyclerview-v7\23.4.0\jars\classes.jar
java_class_path (initial): C:\android-sdk-windows\build-tools\24.0.3\lib\dx.jar
Launcher Type: SUN_STANDARD

Environment Variables:
PATH=C:\ProgramData\Oracle\Java\javapath;C:\Windows\system32;C:\Windows;C:\Windows\System32\Wbem;C:\Windows\System32\WindowsPowerShell\v1.0\;C:\Program Files (x86)\NVIDIA Corporation\PhysX\Common;C:\Program Files (x86)\Windows Kits\8.1\Windows Performance Toolkit\;C:\Program Files\Microsoft SQL Server\110\Tools\Binn\;C:\Program Files\Microsoft SQL Server\110\DTS\Binn\;C:\Program Files (x86)\Microsoft SQL Server\110\Tools\Binn\;C:\Program Files (x86)\Microsoft SQL Server\110\Tools\Binn\ManagementStudio\;C:\Program Files (x86)\Microsoft Visual Studio 10.0\Common7\IDE\PrivateAssemblies\;C:\Program Files (x86)\Microsoft SQL Server\110\DTS\Binn\;C:\Program Files (x86)\GtkSharp\2.12\bin;C:\Program Files (x86)\QuickTime\QTSystem\
USERNAME=Smo
OS=Windows_NT
PROCESSOR_IDENTIFIER=Intel64 Family 6 Model 94 Stepping 3, GenuineIntel



---------------  S Y S T E M  ---------------

OS: Windows 8.1 , 64 bit Build 9600 (6.3.9600.17056)

CPU:total 4 (4 cores per cpu, 1 threads per core) family 6 model 94 stepping 3, cmov, cx8, fxsr, mmx, sse, sse2, sse3, ssse3, sse4.1, sse4.2, popcnt, avx, avx2, aes, clmul, erms, 3dnowpref, lzcnt, tsc, tscinvbit, bmi1, bmi2, adx

Memory: 4k page, physical 8266404k(1637248k free), swap 8266404k(5132k free)

vm_info: Java HotSpot(TM) 64-Bit Server VM (25.92-b14) for windows-amd64 JRE (1.8.0_92-b14), built on Mar 31 2016 21:03:04 by "java_re" with MS VC++ 10.0 (VS2010)

time: Mon May 08 12:02:05 2017
elapsed time: 1 seconds (0d 0h 0m 1s)

