#
# There is insufficient memory for the Java Runtime Environment to continue.
# Native memory allocation (malloc) failed to allocate 642576 bytes for Chunk::new
# Possible reasons:
#   The system is out of physical RAM or swap space
#   In 32 bit mode, the process size limit was hit
# Possible solutions:
#   Reduce memory load on the system
#   Increase physical memory or swap space
#   Check if swap backing store is full
#   Use 64 bit Java on a 64 bit OS
#   Decrease Java heap size (-Xmx/-Xms)
#   Decrease number of Java threads
#   Decrease Java thread stack sizes (-Xss)
#   Set larger code cache with -XX:ReservedCodeCacheSize=
# This output file may be truncated or incomplete.
#
#  Out of Memory Error (allocation.cpp:390), pid=2756, tid=0x0000000000000cbc
#
# JRE version: Java(TM) SE Runtime Environment (8.0_92-b14) (build 1.8.0_92-b14)
# Java VM: Java HotSpot(TM) 64-Bit Server VM (25.92-b14 mixed mode windows-amd64 compressed oops)
# Failed to write core dump. Minidumps are not enabled by default on client versions of Windows
#

---------------  T H R E A D  ---------------

Current thread (0x000000001450a000):  JavaThread "C2 CompilerThread0" daemon [_thread_in_native, id=3260, stack(0x0000000015b30000,0x0000000015c30000)]

Stack: [0x0000000015b30000,0x0000000015c30000]
[error occurred during error reporting (printing stack bounds), id 0xc0000005]

Native frames: (J=compiled Java code, j=interpreted, Vv=VM code, C=native code)


Current CompileTask:
C2:   1306 1351       4       com.android.dx.rop.code.Rops::ropFor (771 bytes)


---------------  P R O C E S S  ---------------

Java Threads: ( => current thread )
  0x0000000015f92800 JavaThread "pool-2-thread-4" [_thread_blocked, id=6600, stack(0x0000000016830000,0x0000000016930000)]
  0x0000000015f91800 JavaThread "pool-2-thread-3" [_thread_blocked, id=8404, stack(0x0000000016730000,0x0000000016830000)]
  0x0000000015f91000 JavaThread "pool-2-thread-2" [_thread_in_Java, id=2316, stack(0x0000000016630000,0x0000000016730000)]
  0x0000000015f8d800 JavaThread "pool-3-thread-1" [_thread_blocked, id=10936, stack(0x0000000016530000,0x0000000016630000)]
  0x0000000015f8b000 JavaThread "pool-2-thread-1" [_thread_blocked, id=8384, stack(0x0000000016430000,0x0000000016530000)]
  0x0000000015d36000 JavaThread "Service Thread" daemon [_thread_blocked, id=4140, stack(0x0000000016230000,0x0000000016330000)]
  0x0000000015d31000 JavaThread "C1 CompilerThread2" daemon [_thread_blocked, id=7520, stack(0x0000000016130000,0x0000000016230000)]
  0x0000000014505000 JavaThread "C2 CompilerThread1" daemon [_thread_in_native, id=8124, stack(0x0000000015c30000,0x0000000015d30000)]
=>0x000000001450a000 JavaThread "C2 CompilerThread0" daemon [_thread_in_native, id=3260, stack(0x0000000015b30000,0x0000000015c30000)]
  0x0000000014508000 JavaThread "Attach Listener" daemon [_thread_blocked, id=3548, stack(0x0000000015a30000,0x0000000015b30000)]
  0x0000000014507000 JavaThread "Signal Dispatcher" daemon [_thread_blocked, id=11208, stack(0x0000000015930000,0x0000000015a30000)]
  0x00000000144ea800 JavaThread "Finalizer" daemon [_thread_blocked, id=6244, stack(0x0000000015750000,0x0000000015850000)]
  0x0000000001e21000 JavaThread "Reference Handler" daemon [_thread_blocked, id=7496, stack(0x0000000015650000,0x0000000015750000)]
  0x0000000001d32800 JavaThread "main" [_thread_in_Java, id=8396, stack(0x0000000001ba0000,0x0000000001ca0000)]

Other Threads:
  0x00000000144c8000 VMThread [stack: 0x0000000015550000,0x0000000015650000] [id=7732]
  0x0000000015d55800 WatcherThread [stack: 0x0000000016330000,0x0000000016430000] [id=9712]

VM state:not at safepoint (normal execution)

VM Mutex/Monitor currently owned by a thread: None

Heap:
 PSYoungGen      total 38400K, used 7139K [0x00000000eab00000, 0x00000000ed580000, 0x0000000100000000)
  eden space 33280K, 6% used [0x00000000eab00000,0x00000000eacfa290,0x00000000ecb80000)
  from space 5120K, 99% used [0x00000000ed080000,0x00000000ed57eaa8,0x00000000ed580000)
  to   space 5120K, 0% used [0x00000000ecb80000,0x00000000ecb80000,0x00000000ed080000)
 ParOldGen       total 87552K, used 5654K [0x00000000c0000000, 0x00000000c5580000, 0x00000000eab00000)
  object space 87552K, 6% used [0x00000000c0000000,0x00000000c0585b88,0x00000000c5580000)
 Metaspace       used 6185K, capacity 7064K, committed 7424K, reserved 1056768K
  class space    used 619K, capacity 656K, committed 768K, reserved 1048576K

Card table byte_map: [0x00000000111f0000,0x0000000011400000] byte_map_base: 0x0000000010bf0000

Marking Bits: (ParMarkBitMap*) 0x0000000060c564f0
 Begin Bits: [0x0000000011960000, 0x0000000012960000)
 End Bits:   [0x0000000012960000, 0x0000000013960000)

Polling page: 0x00000000002d0000

CodeCache: size=245760Kb used=5513Kb max_used=5513Kb free=240246Kb
 bounds [0x0000000001e30000, 0x00000000023a0000, 0x0000000010e30000]
 total_blobs=1692 nmethods=1423 adapters=182
 compilation: enabled

Compilation events (10 events):
Event: 1.303 Thread 0x0000000015d31000 1446       2       java.lang.System$2::invokeFinalize (5 bytes)
Event: 1.303 Thread 0x0000000015d31000 nmethod 1446 0x00000000023950d0 code [0x0000000002395240, 0x00000000023953c8]
Event: 1.303 Thread 0x0000000015d31000 1447       2       java.lang.ref.Reference::clear (6 bytes)
Event: 1.303 Thread 0x0000000015d31000 nmethod 1447 0x0000000002395450 code [0x00000000023955a0, 0x0000000002395710]
Event: 1.303 Thread 0x0000000015d31000 1433       2       java.util.HashMap::<init> (98 bytes)
Event: 1.304 Thread 0x0000000015d31000 nmethod 1433 0x0000000002395790 code [0x0000000002395980, 0x00000000023960a8]
Event: 1.304 Thread 0x0000000015d31000 1448       2       java.util.TreeMap::rotateLeft (96 bytes)
Event: 1.304 Thread 0x0000000015d31000 nmethod 1448 0x0000000002396510 code [0x0000000002396660, 0x00000000023968d0]
Event: 1.304 Thread 0x0000000015d31000 1434       2       java.util.HashMap::tableSizeFor (59 bytes)
Event: 1.304 Thread 0x0000000015d31000 nmethod 1434 0x00000000023969d0 code [0x0000000002396b20, 0x0000000002396cb0]

GC Heap History (4 events):
Event: 0.888 GC heap before
{Heap before GC invocations=1 (full 0):
 PSYoungGen      total 38400K, used 33280K [0x00000000eab00000, 0x00000000ed580000, 0x0000000100000000)
  eden space 33280K, 100% used [0x00000000eab00000,0x00000000ecb80000,0x00000000ecb80000)
  from space 5120K, 0% used [0x00000000ed080000,0x00000000ed080000,0x00000000ed580000)
  to   space 5120K, 0% used [0x00000000ecb80000,0x00000000ecb80000,0x00000000ed080000)
 ParOldGen       total 87552K, used 0K [0x00000000c0000000, 0x00000000c5580000, 0x00000000eab00000)
  object space 87552K, 0% used [0x00000000c0000000,0x00000000c0000000,0x00000000c5580000)
 Metaspace       used 5927K, capacity 6834K, committed 7040K, reserved 1056768K
  class space    used 598K, capacity 618K, committed 640K, reserved 1048576K
Event: 0.950 GC heap after
Heap after GC invocations=1 (full 0):
 PSYoungGen      total 38400K, used 5108K [0x00000000eab00000, 0x00000000ed580000, 0x0000000100000000)
  eden space 33280K, 0% used [0x00000000eab00000,0x00000000eab00000,0x00000000ecb80000)
  from space 5120K, 99% used [0x00000000ecb80000,0x00000000ed07d258,0x00000000ed080000)
  to   space 5120K, 0% used [0x00000000ed080000,0x00000000ed080000,0x00000000ed580000)
 ParOldGen       total 87552K, used 1337K [0x00000000c0000000, 0x00000000c5580000, 0x00000000eab00000)
  object space 87552K, 1% used [0x00000000c0000000,0x00000000c014e4d8,0x00000000c5580000)
 Metaspace       used 5927K, capacity 6834K, committed 7040K, reserved 1056768K
  class space    used 598K, capacity 618K, committed 640K, reserved 1048576K
}
Event: 1.291 GC heap before
{Heap before GC invocations=2 (full 0):
 PSYoungGen      total 38400K, used 38388K [0x00000000eab00000, 0x00000000ed580000, 0x0000000100000000)
  eden space 33280K, 100% used [0x00000000eab00000,0x00000000ecb80000,0x00000000ecb80000)
  from space 5120K, 99% used [0x00000000ecb80000,0x00000000ed07d258,0x00000000ed080000)
  to   space 5120K, 0% used [0x00000000ed080000,0x00000000ed080000,0x00000000ed580000)
 ParOldGen       total 87552K, used 1337K [0x00000000c0000000, 0x00000000c5580000, 0x00000000eab00000)
  object space 87552K, 1% used [0x00000000c0000000,0x00000000c014e4d8,0x00000000c5580000)
 Metaspace       used 6183K, capacity 7064K, committed 7424K, reserved 1056768K
  class space    used 619K, capacity 656K, committed 768K, reserved 1048576K
Event: 1.301 GC heap after
Heap after GC invocations=2 (full 0):
 PSYoungGen      total 38400K, used 5114K [0x00000000eab00000, 0x00000000ed580000, 0x0000000100000000)
  eden space 33280K, 0% used [0x00000000eab00000,0x00000000eab00000,0x00000000ecb80000)
  from space 5120K, 99% used [0x00000000ed080000,0x00000000ed57eaa8,0x00000000ed580000)
  to   space 5120K, 0% used [0x00000000ecb80000,0x00000000ecb80000,0x00000000ed080000)
 ParOldGen       total 87552K, used 5654K [0x00000000c0000000, 0x00000000c5580000, 0x00000000eab00000)
  object space 87552K, 6% used [0x00000000c0000000,0x00000000c0585b88,0x00000000c5580000)
 Metaspace       used 6183K, capacity 7064K, committed 7424K, reserved 1056768K
  class space    used 619K, capacity 656K, committed 768K, reserved 1048576K
}

Deoptimization events (10 events):
Event: 0.589 Thread 0x0000000015f91800 Uncommon trap: reason=bimorphic action=maybe_recompile pc=0x000000000208e768 method=java.util.HashMap.getNode(ILjava/lang/Object;)Ljava/util/HashMap$Node; @ 126
Event: 0.589 Thread 0x0000000015f91800 Uncommon trap: reason=bimorphic action=maybe_recompile pc=0x000000000208e768 method=java.util.HashMap.getNode(ILjava/lang/Object;)Ljava/util/HashMap$Node; @ 126
Event: 0.954 Thread 0x0000000015f8b000 Uncommon trap: reason=bimorphic action=maybe_recompile pc=0x000000000208e768 method=java.util.HashMap.getNode(ILjava/lang/Object;)Ljava/util/HashMap$Node; @ 126
Event: 0.954 Thread 0x0000000015f8b000 Uncommon trap: reason=class_check action=maybe_recompile pc=0x00000000022413c4 method=java.util.HashMap.putVal(ILjava/lang/Object;Ljava/lang/Object;ZZ)Ljava/lang/Object; @ 203
Event: 1.005 Thread 0x0000000015f91000 Uncommon trap: reason=unstable_if action=reinterpret pc=0x00000000022b8ebc method=com.android.dx.ssa.SCCP.simulateStmt(Lcom/android/dx/ssa/SsaInsn;)V @ 53
Event: 1.017 Thread 0x0000000015f8b000 Uncommon trap: reason=unstable_if action=reinterpret pc=0x00000000021138fc method=java.util.HashMap.putVal(ILjava/lang/Object;Ljava/lang/Object;ZZ)Ljava/lang/Object; @ 162
Event: 1.022 Thread 0x0000000015f8b000 Uncommon trap: reason=bimorphic action=maybe_recompile pc=0x000000000208e768 method=java.util.HashMap.getNode(ILjava/lang/Object;)Ljava/util/HashMap$Node; @ 126
Event: 1.022 Thread 0x0000000015f8b000 Uncommon trap: reason=class_check action=maybe_recompile pc=0x00000000022413c4 method=java.util.HashMap.putVal(ILjava/lang/Object;Ljava/lang/Object;ZZ)Ljava/lang/Object; @ 203
Event: 1.062 Thread 0x0000000015f8b000 Uncommon trap: reason=unstable_if action=reinterpret pc=0x0000000002324d58 method=java.util.HashMap.getNode(ILjava/lang/Object;)Ljava/util/HashMap$Node; @ 84
Event: 1.070 Thread 0x0000000015f92800 Uncommon trap: reason=unstable_if action=reinterpret pc=0x0000000002241378 method=java.util.HashMap.putVal(ILjava/lang/Object;Ljava/lang/Object;ZZ)Ljava/lang/Object; @ 94

Internal exceptions (6 events):
Event: 0.030 Thread 0x0000000001d32800 Exception <a 'java/lang/NoSuchMethodError': Method sun.misc.Unsafe.defineClass(Ljava/lang/String;[BII)Ljava/lang/Class; name or signature does not match> (0x00000000eab07cc0) thrown at [D:\re\workspace\8-2-build-windows-amd64-cygwin\jdk8u92\6642\hotspot\srùKﬁ
_	ü?
Event: 0.030 Thread 0x0000000001d32800 Exception <a 'java/lang/NoSuchMethodError': Method sun.misc.Unsafe.prefetchRead(Ljava/lang/Object;J)V name or signature does not match> (0x00000000eab07fa8) thrown at [D:\re\workspace\8-2-build-windows-amd64-cygwin\jdk8u92\6642\hotspot\src\share\vm\prims\jﬁª˚w∑‚?
Event: 0.585 Thread 0x0000000015f91800 Implicit null exception at 0x000000000210faa2 to 0x000000000210fb9a
Event: 1.018 Thread 0x0000000015f8b000 Exception <a 'java/lang/ArrayIndexOutOfBoundsException': 18> (0x00000000eb83d700) thrown at [D:\re\workspace\8-2-build-windows-amd64-cygwin\jdk8u92\6642\hotspot\src\share\vm\interpreter\interpreterRuntime.cpp, line 366]
Event: 1.019 Thread 0x0000000015f8b000 Exception <a 'java/lang/ArrayIndexOutOfBoundsException': 145> (0x00000000eb83f280) thrown at [D:\re\workspace\8-2-build-windows-amd64-cygwin\jdk8u92\6642\hotspot\src\share\vm\interpreter\interpreterRuntime.cpp, line 366]
Event: 1.019 Thread 0x0000000015f8b000 Exception <a 'java/lang/ArrayIndexOutOfBoundsException': 40> (0x00000000eb840568) thrown at [D:\re\workspace\8-2-build-windows-amd64-cygwin\jdk8u92\6642\hotspot\src\share\vm\interpreter\interpreterRuntime.cpp, line 366]

Events (10 events):
Event: 1.080 Thread 0x0000000015f91800 DEOPT PACKING pc=0x00000000020c352b sp=0x000000001682ebd0
Event: 1.080 Thread 0x0000000015f91800 DEOPT UNPACKING pc=0x0000000001e7787f sp=0x000000001682e998 mode 0
Event: 1.237 Thread 0x0000000015f91000 DEOPT PACKING pc=0x00000000020ebe4f sp=0x000000001672ed60
Event: 1.237 Thread 0x0000000015f91000 DEOPT UNPACKING pc=0x0000000001e7787f sp=0x000000001672eb50 mode 0
Event: 1.255 Thread 0x0000000015f8b000 DEOPT PACKING pc=0x00000000020ebe4f sp=0x000000001652ebc0
Event: 1.255 Thread 0x0000000015f8b000 DEOPT UNPACKING pc=0x0000000001e7787f sp=0x000000001652e9a0 mode 0
Event: 1.263 Executing VM operation: ParallelGCFailedAllocation
Event: 1.301 Executing VM operation: ParallelGCFailedAllocation done
Event: 1.302 Thread 0x0000000001d32800 DEOPT PACKING pc=0x00000000020ebc65 sp=0x0000000001c9e210
Event: 1.302 Thread 0x0000000001d32800 DEOPT UNPACKING pc=0x0000000001e7787f sp=0x0000000001c9dff0 mode 0


Dynamic libraries:
0x00007ff7b9a90000 - 0x00007ff7b9ac7000 	C:\Program Files\Java\jdk1.8.0_92\bin\java.exe
0x00007ff8c1da0000 - 0x00007ff8c1f4a000 	C:\Windows\SYSTEM32\ntdll.dll
0x00007ff8c1530000 - 0x00007ff8c166a000 	C:\Windows\system32\KERNEL32.DLL
0x00007ff8bf4c0000 - 0x00007ff8bf5cf000 	C:\Windows\system32\KERNELBASE.dll
0x00007ff8bdd40000 - 0x00007ff8bddc8000 	C:\Windows\system32\apphelp.dll
0x00007ff8a1c90000 - 0x00007ff8a1cdf000 	C:\Windows\AppPatch\AppPatch64\AcGenral.DLL
0x00007ff8c1ce0000 - 0x00007ff8c1d87000 	C:\Windows\system32\msvcrt.dll
0x00007ff8bef50000 - 0x00007ff8bef7b000 	C:\Windows\SYSTEM32\SspiCli.dll
0x00007ff8bf7c0000 - 0x00007ff8bf811000 	C:\Windows\system32\SHLWAPI.dll
0x00007ff8c1680000 - 0x00007ff8c17f1000 	C:\Windows\system32\USER32.dll
0x00007ff8c1800000 - 0x00007ff8c1978000 	C:\Windows\system32\ole32.dll
0x00007ff8bfdc0000 - 0x00007ff8c11d7000 	C:\Windows\system32\SHELL32.dll
0x00007ff8be780000 - 0x00007ff8be79e000 	C:\Windows\SYSTEM32\USERENV.dll
0x00007ff8c1380000 - 0x00007ff8c1425000 	C:\Windows\system32\ADVAPI32.dll
0x00007ff8ba5f0000 - 0x00007ff8ba60b000 	C:\Windows\SYSTEM32\MPR.dll
0x00007ff8bf620000 - 0x00007ff8bf756000 	C:\Windows\system32\RPCRT4.dll
0x00007ff8bfa70000 - 0x00007ff8bfac7000 	C:\Windows\SYSTEM32\sechost.dll
0x00007ff8c1b00000 - 0x00007ff8c1cd6000 	C:\Windows\SYSTEM32\combase.dll
0x00007ff8bfc70000 - 0x00007ff8bfdb5000 	C:\Windows\system32\GDI32.dll
0x00007ff8bf110000 - 0x00007ff8bf124000 	C:\Windows\SYSTEM32\profapi.dll
0x00007ff8bd770000 - 0x00007ff8bd80f000 	C:\Windows\SYSTEM32\SHCORE.dll
0x00007ff8c1430000 - 0x00007ff8c1464000 	C:\Windows\system32\IMM32.DLL
0x00007ff8c11e0000 - 0x00007ff8c1319000 	C:\Windows\system32\MSCTF.dll
0x00007ff8bcef0000 - 0x00007ff8bd14a000 	C:\Windows\WinSxS\amd64_microsoft.windows.common-controls_6595b64144ccf1df_6.0.9600.17031_none_6242a4b3ecbb55a1\COMCTL32.dll
0x000000005fcc0000 - 0x000000005fd92000 	C:\Program Files\Java\jdk1.8.0_92\jre\bin\msvcr100.dll
0x0000000060440000 - 0x0000000060cd6000 	C:\Program Files\Java\jdk1.8.0_92\jre\bin\server\jvm.dll
0x00007ff8b7f00000 - 0x00007ff8b7f09000 	C:\Windows\SYSTEM32\WSOCK32.dll
0x00007ff8baf20000 - 0x00007ff8baf3f000 	C:\Windows\SYSTEM32\WINMM.dll
0x00007ff8bce20000 - 0x00007ff8bce2a000 	C:\Windows\SYSTEM32\VERSION.dll
0x00007ff8c1670000 - 0x00007ff8c1677000 	C:\Windows\system32\PSAPI.DLL
0x00007ff8c1320000 - 0x00007ff8c1378000 	C:\Windows\system32\WS2_32.dll
0x00007ff8ba790000 - 0x00007ff8ba7ba000 	C:\Windows\SYSTEM32\WINMMBASE.dll
0x00007ff8bf820000 - 0x00007ff8bf829000 	C:\Windows\system32\NSI.dll
0x00007ff8bf1e0000 - 0x00007ff8bf22a000 	C:\Windows\SYSTEM32\cfgmgr32.dll
0x00007ff8bdf90000 - 0x00007ff8bdfb6000 	C:\Windows\SYSTEM32\DEVOBJ.dll
0x0000000060f50000 - 0x0000000060f5f000 	C:\Program Files\Java\jdk1.8.0_92\jre\bin\verify.dll
0x0000000060410000 - 0x0000000060439000 	C:\Program Files\Java\jdk1.8.0_92\jre\bin\java.dll
0x00000000603f0000 - 0x0000000060406000 	C:\Program Files\Java\jdk1.8.0_92\jre\bin\zip.dll

VM Arguments:
jvm_args: -Djava.awt.headless=true -Xmx1024M -Dfile.encoding=windows-1252 -Duser.country=US -Duser.language=en -Duser.variant 
java_command: com.android.dx.command.Main --dex --force-jumbo --num-threads=4 --multi-dex --output C:\Zooket\app\build\intermediates\transforms\dex\debug\folders\1000\10\okhttp-3.5.0_e91d8159a3d7db8ced802dc3bb030e67d837299d C:\Users\Smo\.gradle\caches\modules-2\files-2.1\com.squareup.okhttp3\okhttp\3.5.0\4b0bb6bfbecbdd42b97ff400af342bfe7f32bc83\okhttp-3.5.0.jar
java_class_path (initial): C:\android-sdk-windows\build-tools\24.0.3\lib\dx.jar
Launcher Type: SUN_STANDARD

Environment Variables:
PATH=C:\ProgramData\Oracle\Java\javapath;C:\Windows\system32;C:\Windows;C:\Windows\System32\Wbem;C:\Windows\System32\WindowsPowerShell\v1.0\;C:\Program Files (x86)\NVIDIA Corporation\PhysX\Common;C:\Program Files (x86)\Windows Kits\8.1\Windows Performance Toolkit\;C:\Program Files\Microsoft SQL Server\110\Tools\Binn\;C:\Program Files\Microsoft SQL Server\110\DTS\Binn\;C:\Program Files (x86)\Microsoft SQL Server\110\Tools\Binn\;C:\Program Files (x86)\Microsoft SQL Server\110\Tools\Binn\ManagementStudio\;C:\Program Files (x86)\Microsoft Visual Studio 10.0\Common7\IDE\PrivateAssemblies\;C:\Program Files (x86)\Microsoft SQL Server\110\DTS\Binn\;C:\Program Files (x86)\GtkSharp\2.12\bin;C:\Program Files (x86)\QuickTime\QTSystem\
USERNAME=Smo
OS=Windows_NT
PROCESSOR_IDENTIFIER=Intel64 Family 6 Model 94 Stepping 3, GenuineIntel



---------------  S Y S T E M  ---------------

OS: Windows 8.1 , 64 bit Build 9600 (6.3.9600.17056)

CPU:total 4 (4 cores per cpu, 1 threads per core) family 6 model 94 stepping 3, cmov, cx8, fxsr, mmx, sse, sse2, sse3, ssse3, sse4.1, sse4.2, popcnt, avx, avx2, aes, clmul, erms, 3dnowpref, lzcnt, tsc, tscinvbit, bmi1, bmi2, adx

Memory: 4k page, physical 8266404k(1438872k free), swap 8266404k(6200k free)

vm_info: Java HotSpot(TM) 64-Bit Server VM (25.92-b14) for windows-amd64 JRE (1.8.0_92-b14), built on Mar 31 2016 21:03:04 by "java_re" with MS VC++ 10.0 (VS2010)

time: Tue May 09 20:47:49 2017
elapsed time: 1 seconds (0d 0h 0m 1s)

