#
# There is insufficient memory for the Java Runtime Environment to continue.
# Native memory allocation (malloc) failed to allocate 296016 bytes for Chunk::new
# Possible reasons:
#   The system is out of physical RAM or swap space
#   In 32 bit mode, the process size limit was hit
# Possible solutions:
#   Reduce memory load on the system
#   Increase physical memory or swap space
#   Check if swap backing store is full
#   Use 64 bit Java on a 64 bit OS
#   Decrease Java heap size (-Xmx/-Xms)
#   Decrease number of Java threads
#   Decrease Java thread stack sizes (-Xss)
#   Set larger code cache with -XX:ReservedCodeCacheSize=
# This output file may be truncated or incomplete.
#
#  Out of Memory Error (allocation.cpp:390), pid=7880, tid=0x0000000000000edc
#
# JRE version: Java(TM) SE Runtime Environment (8.0_92-b14) (build 1.8.0_92-b14)
# Java VM: Java HotSpot(TM) 64-Bit Server VM (25.92-b14 mixed mode windows-amd64 compressed oops)
# Failed to write core dump. Minidumps are not enabled by default on client versions of Windows
#

---------------  T H R E A D  ---------------

Current thread (0x0000000015437000):  JavaThread "C2 CompilerThread1" daemon [_thread_in_native, id=3804, stack(0x0000000016b30000,0x0000000016c30000)]

Stack: [0x0000000016b30000,0x0000000016c30000]
[error occurred during error reporting (printing stack bounds), id 0xc0000005]

Native frames: (J=compiled Java code, j=interpreted, Vv=VM code, C=native code)


Current CompileTask:
C2:    909 1235       4       com.android.dx.ssa.SCCP::simulateStmt (481 bytes)


---------------  P R O C E S S  ---------------

Java Threads: ( => current thread )
  0x0000000016ecf800 JavaThread "pool-2-thread-4" [_thread_blocked, id=6780, stack(0x0000000017730000,0x0000000017830000)]
  0x0000000016ece800 JavaThread "pool-2-thread-3" [_thread_blocked, id=7416, stack(0x0000000017630000,0x0000000017730000)]
  0x0000000016ef3800 JavaThread "pool-2-thread-2" [_thread_blocked, id=7456, stack(0x0000000017530000,0x0000000017630000)]
  0x0000000016ef2800 JavaThread "pool-3-thread-1" [_thread_blocked, id=7196, stack(0x0000000017430000,0x0000000017530000)]
  0x0000000016efa000 JavaThread "pool-2-thread-1" [_thread_blocked, id=8168, stack(0x0000000017330000,0x0000000017430000)]
  0x0000000016c38000 JavaThread "Service Thread" daemon [_thread_blocked, id=5688, stack(0x0000000017130000,0x0000000017230000)]
  0x000000001543c000 JavaThread "C1 CompilerThread2" daemon [_thread_in_native, id=6500, stack(0x0000000017030000,0x0000000017130000)]
=>0x0000000015437000 JavaThread "C2 CompilerThread1" daemon [_thread_in_native, id=3804, stack(0x0000000016b30000,0x0000000016c30000)]
  0x00000000153de000 JavaThread "C2 CompilerThread0" daemon [_thread_in_native, id=8000, stack(0x0000000016a30000,0x0000000016b30000)]
  0x00000000153dc000 JavaThread "Attach Listener" daemon [_thread_blocked, id=7404, stack(0x0000000016930000,0x0000000016a30000)]
  0x00000000153da800 JavaThread "Signal Dispatcher" daemon [_thread_blocked, id=7984, stack(0x0000000016830000,0x0000000016930000)]
  0x0000000002d0a800 JavaThread "Finalizer" daemon [_thread_blocked, id=8120, stack(0x0000000016650000,0x0000000016750000)]
  0x00000000153a9000 JavaThread "Reference Handler" daemon [_thread_blocked, id=7544, stack(0x0000000016550000,0x0000000016650000)]
  0x0000000002c12800 JavaThread "main" [_thread_in_vm, id=7184, stack(0x0000000002ad0000,0x0000000002bd0000)]

Other Threads:
  0x00000000153a7800 VMThread [stack: 0x0000000016450000,0x0000000016550000] [id=6944]
  0x0000000016c53800 WatcherThread [stack: 0x0000000017230000,0x0000000017330000] [id=7688]

VM state:not at safepoint (normal execution)

VM Mutex/Monitor currently owned by a thread: None

Heap:
 PSYoungGen      total 38400K, used 12886K [0x00000000eab00000, 0x00000000ef600000, 0x0000000100000000)
  eden space 33280K, 23% used [0x00000000eab00000,0x00000000eb29aff8,0x00000000ecb80000)
  from space 5120K, 99% used [0x00000000ecb80000,0x00000000ed07aab8,0x00000000ed080000)
  to   space 5120K, 0% used [0x00000000ef100000,0x00000000ef100000,0x00000000ef600000)
 ParOldGen       total 87552K, used 1203K [0x00000000c0000000, 0x00000000c5580000, 0x00000000eab00000)
  object space 87552K, 1% used [0x00000000c0000000,0x00000000c012cc28,0x00000000c5580000)
 Metaspace       used 6034K, capacity 6962K, committed 7040K, reserved 1056768K
  class space    used 599K, capacity 618K, committed 640K, reserved 1048576K

Card table byte_map: [0x00000000120d0000,0x00000000122e0000] byte_map_base: 0x0000000011ad0000

Marking Bits: (ParMarkBitMap*) 0x00000000686b64f0
 Begin Bits: [0x0000000012840000, 0x0000000013840000)
 End Bits:   [0x0000000013840000, 0x0000000014840000)

Polling page: 0x00000000012d0000

CodeCache: size=245760Kb used=4890Kb max_used=4890Kb free=240869Kb
 bounds [0x0000000002d10000, 0x00000000031e0000, 0x0000000011d10000]
 total_blobs=1507 nmethods=1239 adapters=181
 compilation: enabled

Compilation events (10 events):
Event: 0.903 Thread 0x00000000153de000 nmethod 1238 0x00000000031bd250 code [0x00000000031bd3a0, 0x00000000031bd4b8]
Event: 0.903 Thread 0x00000000153de000 1255   !   4       com.android.dx.cf.code.BytecodeArray::parseInstruction (2764 bytes)
Event: 0.905 Thread 0x000000001543c000 nmethod 1245 0x00000000031cf390 code [0x00000000031cfb40, 0x00000000031d40c8]
Event: 0.905 Thread 0x000000001543c000 1256   !   3       com.android.dx.cf.direct.AttributeListParser::parse (323 bytes)
Event: 0.906 Thread 0x000000001543c000 nmethod 1256 0x00000000031d7290 code [0x00000000031d77e0, 0x00000000031daf28]
Event: 0.906 Thread 0x000000001543c000 1246       3       com.android.dx.cf.iface.StdAttributeList::set (7 bytes)
Event: 0.907 Thread 0x000000001543c000 nmethod 1246 0x00000000031ce410 code [0x00000000031ce5e0, 0x00000000031cedc8]
Event: 0.907 Thread 0x000000001543c000 1259       3       java.util.HashMap::<init> (8 bytes)
Event: 0.907 Thread 0x000000001543c000 nmethod 1259 0x00000000031ce050 code [0x00000000031ce1e0, 0x00000000031ce368]
Event: 0.907 Thread 0x000000001543c000 1236       3       com.android.dx.cf.code.Simulator$SimVisitor::visitNoArgs (2136 bytes)

GC Heap History (2 events):
Event: 0.653 GC heap before
{Heap before GC invocations=1 (full 0):
 PSYoungGen      total 38400K, used 33280K [0x00000000eab00000, 0x00000000ed580000, 0x0000000100000000)
  eden space 33280K, 100% used [0x00000000eab00000,0x00000000ecb80000,0x00000000ecb80000)
  from space 5120K, 0% used [0x00000000ed080000,0x00000000ed080000,0x00000000ed580000)
  to   space 5120K, 0% used [0x00000000ecb80000,0x00000000ecb80000,0x00000000ed080000)
 ParOldGen       total 87552K, used 0K [0x00000000c0000000, 0x00000000c5580000, 0x00000000eab00000)
  object space 87552K, 0% used [0x00000000c0000000,0x00000000c0000000,0x00000000c5580000)
 Metaspace       used 5932K, capacity 6834K, committed 7040K, reserved 1056768K
  class space    used 599K, capacity 618K, committed 640K, reserved 1048576K
Event: 0.868 GC heap after
Heap after GC invocations=1 (full 0):
 PSYoungGen      total 38400K, used 5098K [0x00000000eab00000, 0x00000000ef600000, 0x0000000100000000)
  eden space 33280K, 0% used [0x00000000eab00000,0x00000000eab00000,0x00000000ecb80000)
  from space 5120K, 99% used [0x00000000ecb80000,0x00000000ed07aab8,0x00000000ed080000)
  to   space 5120K, 0% used [0x00000000ef100000,0x00000000ef100000,0x00000000ef600000)
 ParOldGen       total 87552K, used 1203K [0x00000000c0000000, 0x00000000c5580000, 0x00000000eab00000)
  object space 87552K, 1% used [0x00000000c0000000,0x00000000c012cc28,0x00000000c5580000)
 Metaspace       used 5932K, capacity 6834K, committed 7040K, reserved 1056768K
  class space    used 599K, capacity 618K, committed 640K, reserved 1048576K
}

Deoptimization events (2 events):
Event: 0.351 Thread 0x0000000016efa000 Uncommon trap: reason=unstable_if action=reinterpret pc=0x0000000002f36eac method=java.util.HashMap.getNode(ILjava/lang/Object;)Ljava/util/HashMap$Node; @ 62
Event: 0.505 Thread 0x0000000016ece800 Uncommon trap: reason=unstable_if action=reinterpret pc=0x0000000002f8f074 method=java.util.BitSet.ensureCapacity(I)V @ 6

Internal exceptions (2 events):
Event: 0.052 Thread 0x0000000002c12800 Exception <a 'java/lang/NoSuchMethodError': Method sun.misc.Unsafe.defineClass(Ljava/lang/String;[BII)Ljava/lang/Class; name or signature does not match> (0x00000000eab07cc0) thrown at [D:\re\workspace\8-2-build-windows-amd64-cygwin\jdk8u92\6642\hotspot\srwˆœšõ»ª?
Event: 0.052 Thread 0x0000000002c12800 Exception <a 'java/lang/NoSuchMethodError': Method sun.misc.Unsafe.prefetchRead(Ljava/lang/Object;J)V name or signature does not match> (0x00000000eab07fa8) thrown at [D:\re\workspace\8-2-build-windows-amd64-cygwin\jdk8u92\6642\hotspot\src\share\vm\prims\j

Events (10 events):
Event: 0.473 Executing VM operation: ForceSafepoint done
Event: 0.482 loading class com/android/dx/rop/code/LocalItem
Event: 0.482 loading class com/android/dx/rop/code/LocalItem done
Event: 0.497 loading class java/util/DualPivotQuicksort
Event: 0.497 loading class java/util/DualPivotQuicksort done
Event: 0.505 Thread 0x0000000016ece800 Uncommon trap: trap_request=0xffffff65 fr.pc=0x0000000002f8f074
Event: 0.505 Thread 0x0000000016ece800 DEOPT PACKING pc=0x0000000002f8f074 sp=0x000000001772ee40
Event: 0.505 Thread 0x0000000016ece800 DEOPT UNPACKING pc=0x0000000002d5582a sp=0x000000001772ed28 mode 2
Event: 0.652 Executing VM operation: ParallelGCFailedAllocation
Event: 0.868 Executing VM operation: ParallelGCFailedAllocation done


Dynamic libraries:
0x00007ff725170000 - 0x00007ff7251a7000 	C:\Program Files\Java\jdk1.8.0_92\bin\java.exe
0x00007ffef9f10000 - 0x00007ffefa0ba000 	C:\Windows\SYSTEM32\ntdll.dll
0x00007ffef9b80000 - 0x00007ffef9cba000 	C:\Windows\system32\KERNEL32.DLL
0x00007ffef74a0000 - 0x00007ffef75af000 	C:\Windows\system32\KERNELBASE.dll
0x00007ffef5eb0000 - 0x00007ffef5f38000 	C:\Windows\system32\apphelp.dll
0x00007ffed1e60000 - 0x00007ffed1eaf000 	C:\Windows\AppPatch\AppPatch64\AcGenral.DLL
0x00007ffef9cc0000 - 0x00007ffef9d67000 	C:\Windows\system32\msvcrt.dll
0x00007ffef70c0000 - 0x00007ffef70eb000 	C:\Windows\SYSTEM32\SspiCli.dll
0x00007ffef9320000 - 0x00007ffef9371000 	C:\Windows\system32\SHLWAPI.dll
0x00007ffef9380000 - 0x00007ffef94f1000 	C:\Windows\system32\USER32.dll
0x00007ffef7790000 - 0x00007ffef7908000 	C:\Windows\system32\ole32.dll
0x00007ffef7c70000 - 0x00007ffef9087000 	C:\Windows\system32\SHELL32.dll
0x00007ffef68f0000 - 0x00007ffef690e000 	C:\Windows\SYSTEM32\USERENV.dll
0x00007ffef9090000 - 0x00007ffef9135000 	C:\Windows\system32\ADVAPI32.dll
0x00007ffef22f0000 - 0x00007ffef230b000 	C:\Windows\SYSTEM32\MPR.dll
0x00007ffef79d0000 - 0x00007ffef7b06000 	C:\Windows\system32\RPCRT4.dll
0x00007ffef7c10000 - 0x00007ffef7c67000 	C:\Windows\SYSTEM32\sechost.dll
0x00007ffef9140000 - 0x00007ffef9316000 	C:\Windows\SYSTEM32\combase.dll
0x00007ffef9560000 - 0x00007ffef96a5000 	C:\Windows\system32\GDI32.dll
0x00007ffef7280000 - 0x00007ffef7294000 	C:\Windows\SYSTEM32\profapi.dll
0x00007ffef58e0000 - 0x00007ffef597f000 	C:\Windows\SYSTEM32\SHCORE.dll
0x00007ffef9b40000 - 0x00007ffef9b74000 	C:\Windows\system32\IMM32.DLL
0x00007ffef96b0000 - 0x00007ffef97e9000 	C:\Windows\system32\MSCTF.dll
0x00007ffef4fd0000 - 0x00007ffef522a000 	C:\Windows\WinSxS\amd64_microsoft.windows.common-controls_6595b64144ccf1df_6.0.9600.17031_none_6242a4b3ecbb55a1\COMCTL32.dll
0x0000000067850000 - 0x0000000067922000 	C:\Program Files\Java\jdk1.8.0_92\jre\bin\msvcr100.dll
0x0000000067ea0000 - 0x0000000068736000 	C:\Program Files\Java\jdk1.8.0_92\jre\bin\server\jvm.dll
0x00007ffef0d00000 - 0x00007ffef0d09000 	C:\Windows\SYSTEM32\WSOCK32.dll
0x00007ffeeedc0000 - 0x00007ffeeeddf000 	C:\Windows\SYSTEM32\WINMM.dll
0x00007ffef4f90000 - 0x00007ffef4f9a000 	C:\Windows\SYSTEM32\VERSION.dll
0x00007ffef7b10000 - 0x00007ffef7b17000 	C:\Windows\system32\PSAPI.DLL
0x00007ffef9500000 - 0x00007ffef9558000 	C:\Windows\system32\WS2_32.dll
0x00007ffee99a0000 - 0x00007ffee99ca000 	C:\Windows\SYSTEM32\WINMMBASE.dll
0x00007ffef9b30000 - 0x00007ffef9b39000 	C:\Windows\system32\NSI.dll
0x00007ffef7350000 - 0x00007ffef739a000 	C:\Windows\SYSTEM32\cfgmgr32.dll
0x00007ffef6100000 - 0x00007ffef6126000 	C:\Windows\SYSTEM32\DEVOBJ.dll
0x0000000069210000 - 0x000000006921f000 	C:\Program Files\Java\jdk1.8.0_92\jre\bin\verify.dll
0x00000000691e0000 - 0x0000000069209000 	C:\Program Files\Java\jdk1.8.0_92\jre\bin\java.dll
0x0000000069190000 - 0x00000000691a6000 	C:\Program Files\Java\jdk1.8.0_92\jre\bin\zip.dll

VM Arguments:
jvm_args: -Djava.awt.headless=true -Xmx1024M -Dfile.encoding=windows-1252 -Duser.country=US -Duser.language=en -Duser.variant 
java_command: com.android.dx.command.Main --dex --force-jumbo --num-threads=4 --multi-dex --output C:\Zooket\app\build\intermediates\transforms\dex\debug\folders\1000\10\com.google.android.gms-play-services-base-9.0.1_8b41b6951d9f43c0271f6d28e18e2937165f03b4 C:\Zooket\app\build\intermediates\exploded-aar\com.google.android.gms\play-services-base\9.0.1\jars\classes.jar
java_class_path (initial): C:\android-sdk-windows\build-tools\24.0.3\lib\dx.jar
Launcher Type: SUN_STANDARD

Environment Variables:
PATH=C:\ProgramData\Oracle\Java\javapath;C:\Windows\system32;C:\Windows;C:\Windows\System32\Wbem;C:\Windows\System32\WindowsPowerShell\v1.0\;C:\Program Files (x86)\NVIDIA Corporation\PhysX\Common;C:\Program Files (x86)\Windows Kits\8.1\Windows Performance Toolkit\;C:\Program Files\Microsoft SQL Server\110\Tools\Binn\;C:\Program Files\Microsoft SQL Server\110\DTS\Binn\;C:\Program Files (x86)\Microsoft SQL Server\110\Tools\Binn\;C:\Program Files (x86)\Microsoft SQL Server\110\Tools\Binn\ManagementStudio\;C:\Program Files (x86)\Microsoft Visual Studio 10.0\Common7\IDE\PrivateAssemblies\;C:\Program Files (x86)\Microsoft SQL Server\110\DTS\Binn\;C:\Program Files (x86)\GtkSharp\2.12\bin;C:\Program Files (x86)\QuickTime\QTSystem\
USERNAME=Smo
OS=Windows_NT
PROCESSOR_IDENTIFIER=Intel64 Family 6 Model 94 Stepping 3, GenuineIntel



---------------  S Y S T E M  ---------------

OS: Windows 8.1 , 64 bit Build 9600 (6.3.9600.17056)

CPU:total 4 (4 cores per cpu, 1 threads per core) family 6 model 94 stepping 3, cmov, cx8, fxsr, mmx, sse, sse2, sse3, ssse3, sse4.1, sse4.2, popcnt, avx, avx2, aes, clmul, erms, 3dnowpref, lzcnt, tsc, tscinvbit, bmi1, bmi2, adx

Memory: 4k page, physical 8266404k(2055732k free), swap 8266404k(5132k free)

vm_info: Java HotSpot(TM) 64-Bit Server VM (25.92-b14) for windows-amd64 JRE (1.8.0_92-b14), built on Mar 31 2016 21:03:04 by "java_re" with MS VC++ 10.0 (VS2010)

time: Thu May 11 11:26:58 2017
elapsed time: 0 seconds (0d 0h 0m 0s)

