#
# There is insufficient memory for the Java Runtime Environment to continue.
# Native memory allocation (malloc) failed to allocate 32784 bytes for Chunk::new
# Possible reasons:
#   The system is out of physical RAM or swap space
#   In 32 bit mode, the process size limit was hit
# Possible solutions:
#   Reduce memory load on the system
#   Increase physical memory or swap space
#   Check if swap backing store is full
#   Use 64 bit Java on a 64 bit OS
#   Decrease Java heap size (-Xmx/-Xms)
#   Decrease number of Java threads
#   Decrease Java thread stack sizes (-Xss)
#   Set larger code cache with -XX:ReservedCodeCacheSize=
# This output file may be truncated or incomplete.
#
#  Out of Memory Error (allocation.cpp:390), pid=9164, tid=0x0000000000000590
#
# JRE version: Java(TM) SE Runtime Environment (8.0_92-b14) (build 1.8.0_92-b14)
# Java VM: Java HotSpot(TM) 64-Bit Server VM (25.92-b14 mixed mode windows-amd64 compressed oops)
# Failed to write core dump. Minidumps are not enabled by default on client versions of Windows
#

---------------  T H R E A D  ---------------

Current thread (0x000000001531e000):  JavaThread "C2 CompilerThread0" daemon [_thread_in_native, id=1424, stack(0x0000000016970000,0x0000000016a70000)]

Stack: [0x0000000016970000,0x0000000016a70000]
[error occurred during error reporting (printing stack bounds), id 0xc0000005]

Native frames: (J=compiled Java code, j=interpreted, Vv=VM code, C=native code)


Current CompileTask:
C2:   1307 1368       4       com.android.dx.ssa.SCCP::simulateBranch (666 bytes)


---------------  P R O C E S S  ---------------

Java Threads: ( => current thread )
  0x0000000016e2d000 JavaThread "pool-1-thread-4" [_thread_blocked, id=7488, stack(0x0000000017670000,0x0000000017770000)]
  0x0000000016e2c000 JavaThread "pool-1-thread-3" [_thread_in_Java, id=8464, stack(0x0000000017570000,0x0000000017670000)]
  0x0000000016e16800 JavaThread "pool-1-thread-2" [_thread_blocked, id=5672, stack(0x0000000017470000,0x0000000017570000)]
  0x0000000016e16000 JavaThread "pool-2-thread-1" [_thread_blocked, id=2820, stack(0x0000000017370000,0x0000000017470000)]
  0x0000000016dc2800 JavaThread "pool-1-thread-1" [_thread_blocked, id=3368, stack(0x0000000017270000,0x0000000017370000)]
  0x0000000016b76800 JavaThread "Service Thread" daemon [_thread_blocked, id=6836, stack(0x0000000017070000,0x0000000017170000)]
  0x0000000016b71000 JavaThread "C1 CompilerThread2" daemon [_thread_blocked, id=8764, stack(0x0000000016f70000,0x0000000017070000)]
  0x0000000015377800 JavaThread "C2 CompilerThread1" daemon [_thread_in_native, id=5580, stack(0x0000000016a70000,0x0000000016b70000)]
=>0x000000001531e000 JavaThread "C2 CompilerThread0" daemon [_thread_in_native, id=1424, stack(0x0000000016970000,0x0000000016a70000)]
  0x000000001531c000 JavaThread "Attach Listener" daemon [_thread_blocked, id=9940, stack(0x0000000016870000,0x0000000016970000)]
  0x000000001531b000 JavaThread "Signal Dispatcher" daemon [_thread_blocked, id=9220, stack(0x0000000016770000,0x0000000016870000)]
  0x000000001530a800 JavaThread "Finalizer" daemon [_thread_blocked, id=4004, stack(0x0000000016590000,0x0000000016690000)]
  0x0000000002c40800 JavaThread "Reference Handler" daemon [_thread_blocked, id=7564, stack(0x0000000016490000,0x0000000016590000)]
  0x0000000002b52800 JavaThread "main" [_thread_blocked, id=8876, stack(0x0000000002a50000,0x0000000002b50000)]

Other Threads:
  0x00000000152e8800 VMThread [stack: 0x0000000016390000,0x0000000016490000] [id=4380]
  0x0000000016b92800 WatcherThread [stack: 0x0000000017170000,0x0000000017270000] [id=3580]

VM state:not at safepoint (normal execution)

VM Mutex/Monitor currently owned by a thread: None

Heap:
 PSYoungGen      total 38400K, used 32839K [0x00000000eab00000, 0x00000000ef600000, 0x0000000100000000)
  eden space 33280K, 83% used [0x00000000eab00000,0x00000000ec615be8,0x00000000ecb80000)
  from space 5120K, 99% used [0x00000000ecb80000,0x00000000ed07c378,0x00000000ed080000)
  to   space 5120K, 0% used [0x00000000ef100000,0x00000000ef100000,0x00000000ef600000)
 ParOldGen       total 87552K, used 441K [0x00000000c0000000, 0x00000000c5580000, 0x00000000eab00000)
  object space 87552K, 0% used [0x00000000c0000000,0x00000000c006e730,0x00000000c5580000)
 Metaspace       used 6155K, capacity 7026K, committed 7296K, reserved 1056768K
  class space    used 601K, capacity 618K, committed 640K, reserved 1048576K

Card table byte_map: [0x0000000012010000,0x0000000012220000] byte_map_base: 0x0000000011a10000

Marking Bits: (ParMarkBitMap*) 0x00000000630f64f0
 Begin Bits: [0x0000000012780000, 0x0000000013780000)
 End Bits:   [0x0000000013780000, 0x0000000014780000)

Polling page: 0x0000000002960000

CodeCache: size=245760Kb used=5697Kb max_used=5697Kb free=240062Kb
 bounds [0x0000000002c50000, 0x00000000031f0000, 0x0000000011c50000]
 total_blobs=1729 nmethods=1461 adapters=181
 compilation: enabled

Compilation events (10 events):
Event: 1.256 Thread 0x0000000016b71000 1467       3       java.util.concurrent.locks.ReentrantLock$FairSync::tryAcquire (74 bytes)
Event: 1.256 Thread 0x0000000016b71000 nmethod 1467 0x00000000031e1810 code [0x00000000031e19c0, 0x00000000031e21f8]
Event: 1.258 Thread 0x0000000016b71000 1469       3       com.android.dx.rop.code.Rops::pickIf (154 bytes)
Event: 1.258 Thread 0x0000000016b71000 nmethod 1469 0x00000000031e2390 code [0x00000000031e2620, 0x00000000031e3798]
Event: 1.261 Thread 0x0000000016b71000 1470       3       java.util.concurrent.ThreadPoolExecutor::workerCountOf (5 bytes)
Event: 1.261 Thread 0x0000000016b71000 nmethod 1470 0x00000000031e3f90 code [0x00000000031e40e0, 0x00000000031e4210]
Event: 1.262 Thread 0x0000000016b71000 1471       3       java.lang.String::lastIndexOf (151 bytes)
Event: 1.262 Thread 0x0000000016b71000 nmethod 1471 0x00000000031e4290 code [0x00000000031e4440, 0x00000000031e4990]
Event: 1.262 Thread 0x0000000016b71000 1472       1       com.android.dx.cf.direct.DirectClassFile$DcfTypeList::size (5 bytes)
Event: 1.262 Thread 0x0000000016b71000 nmethod 1472 0x00000000031e4e10 code [0x00000000031e4f60, 0x00000000031e5070]

GC Heap History (2 events):
Event: 0.866 GC heap before
{Heap before GC invocations=1 (full 0):
 PSYoungGen      total 38400K, used 33280K [0x00000000eab00000, 0x00000000ed580000, 0x0000000100000000)
  eden space 33280K, 100% used [0x00000000eab00000,0x00000000ecb80000,0x00000000ecb80000)
  from space 5120K, 0% used [0x00000000ed080000,0x00000000ed080000,0x00000000ed580000)
  to   space 5120K, 0% used [0x00000000ecb80000,0x00000000ecb80000,0x00000000ed080000)
 ParOldGen       total 87552K, used 0K [0x00000000c0000000, 0x00000000c5580000, 0x00000000eab00000)
  object space 87552K, 0% used [0x00000000c0000000,0x00000000c0000000,0x00000000c5580000)
 Metaspace       used 5929K, capacity 6834K, committed 7040K, reserved 1056768K
  class space    used 601K, capacity 618K, committed 640K, reserved 1048576K
Event: 1.000 GC heap after
Heap after GC invocations=1 (full 0):
 PSYoungGen      total 38400K, used 5104K [0x00000000eab00000, 0x00000000ef600000, 0x0000000100000000)
  eden space 33280K, 0% used [0x00000000eab00000,0x00000000eab00000,0x00000000ecb80000)
  from space 5120K, 99% used [0x00000000ecb80000,0x00000000ed07c378,0x00000000ed080000)
  to   space 5120K, 0% used [0x00000000ef100000,0x00000000ef100000,0x00000000ef600000)
 ParOldGen       total 87552K, used 441K [0x00000000c0000000, 0x00000000c5580000, 0x00000000eab00000)
  object space 87552K, 0% used [0x00000000c0000000,0x00000000c006e730,0x00000000c5580000)
 Metaspace       used 5929K, capacity 6834K, committed 7040K, reserved 1056768K
  class space    used 601K, capacity 618K, committed 640K, reserved 1048576K
}

Deoptimization events (3 events):
Event: 0.510 Thread 0x0000000016dc2800 Uncommon trap: reason=unstable_if action=reinterpret pc=0x0000000002e5dae0 method=java.util.HashMap.getNode(ILjava/lang/Object;)Ljava/util/HashMap$Node; @ 129
Event: 1.175 Thread 0x0000000016e16800 Uncommon trap: reason=unstable_if action=reinterpret pc=0x0000000002e7fea8 method=java.util.HashMap.getNode(ILjava/lang/Object;)Ljava/util/HashMap$Node; @ 84
Event: 1.175 Thread 0x0000000016e16800 Uncommon trap: reason=unstable_if action=reinterpret pc=0x0000000002eb8c90 method=java.util.HashMap.getNode(ILjava/lang/Object;)Ljava/util/HashMap$Node; @ 84

Internal exceptions (2 events):
Event: 0.052 Thread 0x0000000002b52800 Exception <a 'java/lang/NoSuchMethodError': Method sun.misc.Unsafe.defineClass(Ljava/lang/String;[BII)Ljava/lang/Class; name or signature does not match> (0x00000000eab07cc0) thrown at [D:\re\workspace\8-2-build-windows-amd64-cygwin\jdk8u92\6642\hotspot\srH Œ›jª?
Event: 0.052 Thread 0x0000000002b52800 Exception <a 'java/lang/NoSuchMethodError': Method sun.misc.Unsafe.prefetchRead(Ljava/lang/Object;J)V name or signature does not match> (0x00000000eab07fa8) thrown at [D:\re\workspace\8-2-build-windows-amd64-cygwin\jdk8u92\6642\hotspot\src\share\vm\prims\j

Events (10 events):
Event: 0.702 Executing VM operation: ForceSafepoint
Event: 0.743 Executing VM operation: ForceSafepoint done
Event: 0.866 Executing VM operation: ParallelGCFailedAllocation
Event: 1.000 Executing VM operation: ParallelGCFailedAllocation done
Event: 1.175 Thread 0x0000000016e16800 Uncommon trap: trap_request=0xffffff65 fr.pc=0x0000000002e7fea8
Event: 1.175 Thread 0x0000000016e16800 DEOPT PACKING pc=0x0000000002e7fea8 sp=0x000000001756e450
Event: 1.175 Thread 0x0000000016e16800 DEOPT UNPACKING pc=0x0000000002c9582a sp=0x000000001756e380 mode 2
Event: 1.175 Thread 0x0000000016e16800 Uncommon trap: trap_request=0xffffff65 fr.pc=0x0000000002eb8c90
Event: 1.175 Thread 0x0000000016e16800 DEOPT PACKING pc=0x0000000002eb8c90 sp=0x000000001756e3e0
Event: 1.175 Thread 0x0000000016e16800 DEOPT UNPACKING pc=0x0000000002c9582a sp=0x000000001756e380 mode 2


Dynamic libraries:
0x00007ff7caf40000 - 0x00007ff7caf77000 	C:\Program Files\Java\jdk1.8.0_92\bin\java.exe
0x00007fffb8b40000 - 0x00007fffb8cea000 	C:\Windows\SYSTEM32\ntdll.dll
0x00007fffb8550000 - 0x00007fffb868a000 	C:\Windows\system32\KERNEL32.DLL
0x00007fffb5f80000 - 0x00007fffb608f000 	C:\Windows\system32\KERNELBASE.dll
0x00007fffb4ae0000 - 0x00007fffb4b68000 	C:\Windows\system32\apphelp.dll
0x00007fffa31b0000 - 0x00007fffa31ff000 	C:\Windows\AppPatch\AppPatch64\AcGenral.DLL
0x00007fffb6510000 - 0x00007fffb65b7000 	C:\Windows\system32\msvcrt.dll
0x00007fffb5cf0000 - 0x00007fffb5d1b000 	C:\Windows\SYSTEM32\SspiCli.dll
0x00007fffb6fa0000 - 0x00007fffb6ff1000 	C:\Windows\system32\SHLWAPI.dll
0x00007fffb6aa0000 - 0x00007fffb6c11000 	C:\Windows\system32\USER32.dll
0x00007fffb6e10000 - 0x00007fffb6f88000 	C:\Windows\system32\ole32.dll
0x00007fffb7110000 - 0x00007fffb8527000 	C:\Windows\system32\SHELL32.dll
0x00007fffb5520000 - 0x00007fffb553e000 	C:\Windows\SYSTEM32\USERENV.dll
0x00007fffb65c0000 - 0x00007fffb6665000 	C:\Windows\system32\ADVAPI32.dll
0x00007fffb12f0000 - 0x00007fffb130b000 	C:\Windows\SYSTEM32\MPR.dll
0x00007fffb8760000 - 0x00007fffb8896000 	C:\Windows\system32\RPCRT4.dll
0x00007fffb8690000 - 0x00007fffb86e7000 	C:\Windows\SYSTEM32\sechost.dll
0x00007fffb6670000 - 0x00007fffb6846000 	C:\Windows\SYSTEM32\combase.dll
0x00007fffb6950000 - 0x00007fffb6a95000 	C:\Windows\system32\GDI32.dll
0x00007fffb5eb0000 - 0x00007fffb5ec4000 	C:\Windows\SYSTEM32\profapi.dll
0x00007fffb4510000 - 0x00007fffb45af000 	C:\Windows\SYSTEM32\SHCORE.dll
0x00007fffb6c20000 - 0x00007fffb6c54000 	C:\Windows\system32\IMM32.DLL
0x00007fffb63c0000 - 0x00007fffb64f9000 	C:\Windows\system32\MSCTF.dll
0x00007fffb3c90000 - 0x00007fffb3eea000 	C:\Windows\WinSxS\amd64_microsoft.windows.common-controls_6595b64144ccf1df_6.0.9600.17031_none_6242a4b3ecbb55a1\COMCTL32.dll
0x00000000621d0000 - 0x00000000622a2000 	C:\Program Files\Java\jdk1.8.0_92\jre\bin\msvcr100.dll
0x00000000628e0000 - 0x0000000063176000 	C:\Program Files\Java\jdk1.8.0_92\jre\bin\server\jvm.dll
0x00007fffb1b10000 - 0x00007fffb1b19000 	C:\Windows\SYSTEM32\WSOCK32.dll
0x00007ffface60000 - 0x00007ffface7f000 	C:\Windows\SYSTEM32\WINMM.dll
0x00007fffb3bc0000 - 0x00007fffb3bca000 	C:\Windows\SYSTEM32\VERSION.dll
0x00007fffb8750000 - 0x00007fffb8757000 	C:\Windows\system32\PSAPI.DLL
0x00007fffb7000000 - 0x00007fffb7058000 	C:\Windows\system32\WS2_32.dll
0x00007fffaa9e0000 - 0x00007fffaaa0a000 	C:\Windows\SYSTEM32\WINMMBASE.dll
0x00007fffb6f90000 - 0x00007fffb6f99000 	C:\Windows\system32\NSI.dll
0x00007fffb6370000 - 0x00007fffb63ba000 	C:\Windows\SYSTEM32\cfgmgr32.dll
0x00007fffb4d30000 - 0x00007fffb4d56000 	C:\Windows\SYSTEM32\DEVOBJ.dll
0x0000000063470000 - 0x000000006347f000 	C:\Program Files\Java\jdk1.8.0_92\jre\bin\verify.dll
0x0000000063440000 - 0x0000000063469000 	C:\Program Files\Java\jdk1.8.0_92\jre\bin\java.dll
0x0000000063420000 - 0x0000000063436000 	C:\Program Files\Java\jdk1.8.0_92\jre\bin\zip.dll

VM Arguments:
jvm_args: -Djava.awt.headless=true -Xmx1024M -Dfile.encoding=windows-1252 -Duser.country=US -Duser.language=en -Duser.variant 
java_command: com.android.dx.command.Main --dex --force-jumbo --num-threads=4 --output C:\Zooket\app\build\intermediates\pre-dexed\debug\com.google.android.gms-play-services-basement-9.0.1_477e9a30e4e02ad2872ef2839c8bbdb72acbdd1c.jar C:\Zooket\app\build\intermediates\exploded-aar\com.google.android.gms\play-services-basement\9.0.1\jars\classes.jar
java_class_path (initial): C:\android-sdk-windows\build-tools\24.0.3\lib\dx.jar
Launcher Type: SUN_STANDARD

Environment Variables:
PATH=C:\ProgramData\Oracle\Java\javapath;C:\Windows\system32;C:\Windows;C:\Windows\System32\Wbem;C:\Windows\System32\WindowsPowerShell\v1.0\;C:\Program Files (x86)\NVIDIA Corporation\PhysX\Common;C:\Program Files (x86)\Windows Kits\8.1\Windows Performance Toolkit\;C:\Program Files\Microsoft SQL Server\110\Tools\Binn\;C:\Program Files\Microsoft SQL Server\110\DTS\Binn\;C:\Program Files (x86)\Microsoft SQL Server\110\Tools\Binn\;C:\Program Files (x86)\Microsoft SQL Server\110\Tools\Binn\ManagementStudio\;C:\Program Files (x86)\Microsoft Visual Studio 10.0\Common7\IDE\PrivateAssemblies\;C:\Program Files (x86)\Microsoft SQL Server\110\DTS\Binn\;C:\Program Files (x86)\GtkSharp\2.12\bin;C:\Program Files (x86)\QuickTime\QTSystem\
USERNAME=Smo
OS=Windows_NT
PROCESSOR_IDENTIFIER=Intel64 Family 6 Model 94 Stepping 3, GenuineIntel



---------------  S Y S T E M  ---------------

OS: Windows 8.1 , 64 bit Build 9600 (6.3.9600.17056)

CPU:total 4 (4 cores per cpu, 1 threads per core) family 6 model 94 stepping 3, cmov, cx8, fxsr, mmx, sse, sse2, sse3, ssse3, sse4.1, sse4.2, popcnt, avx, avx2, aes, clmul, erms, 3dnowpref, lzcnt, tsc, tscinvbit, bmi1, bmi2, adx

Memory: 4k page, physical 8266404k(1239996k free), swap 8266404k(5156k free)

vm_info: Java HotSpot(TM) 64-Bit Server VM (25.92-b14) for windows-amd64 JRE (1.8.0_92-b14), built on Mar 31 2016 21:03:04 by "java_re" with MS VC++ 10.0 (VS2010)

time: Mon May 22 00:06:25 2017
elapsed time: 1 seconds (0d 0h 0m 1s)

