#
# There is insufficient memory for the Java Runtime Environment to continue.
# Native memory allocation (malloc) failed to allocate 359856 bytes for Chunk::new
# Possible reasons:
#   The system is out of physical RAM or swap space
#   In 32 bit mode, the process size limit was hit
# Possible solutions:
#   Reduce memory load on the system
#   Increase physical memory or swap space
#   Check if swap backing store is full
#   Use 64 bit Java on a 64 bit OS
#   Decrease Java heap size (-Xmx/-Xms)
#   Decrease number of Java threads
#   Decrease Java thread stack sizes (-Xss)
#   Set larger code cache with -XX:ReservedCodeCacheSize=
# This output file may be truncated or incomplete.
#
#  Out of Memory Error (allocation.cpp:390), pid=7644, tid=0x0000000000000ec4
#
# JRE version: Java(TM) SE Runtime Environment (8.0_92-b14) (build 1.8.0_92-b14)
# Java VM: Java HotSpot(TM) 64-Bit Server VM (25.92-b14 mixed mode windows-amd64 compressed oops)
# Failed to write core dump. Minidumps are not enabled by default on client versions of Windows
#

---------------  T H R E A D  ---------------

Current thread (0x0000000014f0e000):  JavaThread "C2 CompilerThread0" daemon [_thread_in_native, id=3780, stack(0x0000000016560000,0x0000000016660000)]

Stack: [0x0000000016560000,0x0000000016660000]
[error occurred during error reporting (printing stack bounds), id 0xc0000005]

Native frames: (J=compiled Java code, j=interpreted, Vv=VM code, C=native code)


Current CompileTask:
C2:   9968 2072 %     4       com.android.dx.ssa.SsaConverter::edgeSplitSuccessors @ 45 (98 bytes)


---------------  P R O C E S S  ---------------

Java Threads: ( => current thread )
  0x0000000016ac1800 JavaThread "pool-1-thread-4" [_thread_in_Java, id=4668, stack(0x0000000017a60000,0x0000000017b60000)]
  0x00000000169d9000 JavaThread "pool-1-thread-3" [_thread_in_Java, id=5144, stack(0x0000000017960000,0x0000000017a60000)]
  0x00000000169d8800 JavaThread "pool-1-thread-2" [_thread_blocked, id=6448, stack(0x0000000017860000,0x0000000017960000)]
  0x0000000016adf800 JavaThread "pool-2-thread-1" [_thread_blocked, id=5496, stack(0x0000000017760000,0x0000000017860000)]
  0x0000000016ad6800 JavaThread "pool-1-thread-1" [_thread_in_Java, id=7436, stack(0x0000000017660000,0x0000000017760000)]
  0x0000000016766800 JavaThread "Service Thread" daemon [_thread_blocked, id=6304, stack(0x0000000016c60000,0x0000000016d60000)]
  0x0000000016761000 JavaThread "C1 CompilerThread2" daemon [_thread_blocked, id=6296, stack(0x0000000016b60000,0x0000000016c60000)]
  0x0000000014f67800 JavaThread "C2 CompilerThread1" daemon [_thread_in_native, id=4592, stack(0x0000000016660000,0x0000000016760000)]
=>0x0000000014f0e000 JavaThread "C2 CompilerThread0" daemon [_thread_in_native, id=3780, stack(0x0000000016560000,0x0000000016660000)]
  0x0000000014f0c000 JavaThread "Attach Listener" daemon [_thread_blocked, id=5080, stack(0x0000000016460000,0x0000000016560000)]
  0x0000000014f0b000 JavaThread "Signal Dispatcher" daemon [_thread_blocked, id=7812, stack(0x0000000016360000,0x0000000016460000)]
  0x0000000014efa800 JavaThread "Finalizer" daemon [_thread_blocked, id=932, stack(0x0000000016180000,0x0000000016280000)]
  0x0000000002830800 JavaThread "Reference Handler" daemon [_thread_blocked, id=4660, stack(0x0000000016080000,0x0000000016180000)]
  0x0000000002742800 JavaThread "main" [_thread_in_vm, id=7648, stack(0x0000000002640000,0x0000000002740000)]

Other Threads:
  0x0000000014ed8800 VMThread [stack: 0x0000000015f80000,0x0000000016080000] [id=5140]
  0x0000000016781800 WatcherThread [stack: 0x0000000016d60000,0x0000000016e60000] [id=3756]

VM state:not at safepoint (normal execution)

VM Mutex/Monitor currently owned by a thread: None

Heap:
 PSYoungGen      total 232960K, used 107018K [0x00000000eab00000, 0x0000000100000000, 0x0000000100000000)
  eden space 116736K, 91% used [0x00000000eab00000,0x00000000f1382bd0,0x00000000f1d00000)
  from space 116224K, 0% used [0x00000000f1d00000,0x00000000f1d00000,0x00000000f8e80000)
  to   space 116224K, 0% used [0x00000000f8e80000,0x00000000f8e80000,0x0000000100000000)
 ParOldGen       total 369152K, used 192913K [0x00000000c0000000, 0x00000000d6880000, 0x00000000eab00000)
  object space 369152K, 52% used [0x00000000c0000000,0x00000000cbc647d0,0x00000000d6880000)
 Metaspace       used 6458K, capacity 7192K, committed 7424K, reserved 1056768K
  class space    used 623K, capacity 656K, committed 768K, reserved 1048576K

Card table byte_map: [0x0000000011c00000,0x0000000011e10000] byte_map_base: 0x0000000011600000

Marking Bits: (ParMarkBitMap*) 0x00000000582664f0
 Begin Bits: [0x0000000012370000, 0x0000000013370000)
 End Bits:   [0x0000000013370000, 0x0000000014370000)

Polling page: 0x0000000000dc0000

CodeCache: size=245760Kb used=8638Kb max_used=8670Kb free=237121Kb
 bounds [0x0000000002840000, 0x00000000030c0000, 0x0000000011840000]
 total_blobs=2285 nmethods=2016 adapters=181
 compilation: enabled

Compilation events (10 events):
Event: 9.926 Thread 0x0000000016761000 2081       2       java.util.concurrent.FutureTask::set (36 bytes)
Event: 9.926 Thread 0x0000000016761000 nmethod 2081 0x0000000003066250 code [0x00000000030663c0, 0x00000000030665a8]
Event: 9.934 Thread 0x0000000016761000 2084       2       com.android.dx.ssa.SsaRenamer$BlockRenamer::visitNonMoveInsn (14 bytes)
Event: 9.934 Thread 0x0000000016761000 nmethod 2084 0x0000000003065e50 code [0x0000000003065fc0, 0x0000000003066178]
Event: 9.935 Thread 0x0000000016761000 2085       2       com.android.dx.rop.code.Rops::opIfNe (17 bytes)
Event: 9.935 Thread 0x0000000016761000 nmethod 2085 0x0000000003065ad0 code [0x0000000003065c40, 0x0000000003065dc8]
Event: 9.939 Thread 0x0000000016761000 2086       2       com.android.dx.rop.code.Rops::opPutStatic (97 bytes)
Event: 9.939 Thread 0x0000000016761000 nmethod 2086 0x00000000030a6390 code [0x00000000030a6560, 0x00000000030a6ad8]
Event: 9.950 Thread 0x0000000014f0e000 nmethod 2047% 0x00000000030aeb90 code [0x00000000030af220, 0x00000000030b40c0]
Event: 9.950 Thread 0x0000000014f0e000 2072 %     4       com.android.dx.ssa.SsaConverter::edgeSplitSuccessors @ 45 (98 bytes)

GC Heap History (10 events):
Event: 6.319 GC heap before
{Heap before GC invocations=12 (full 2):
 PSYoungGen      total 207872K, used 172875K [0x00000000eab00000, 0x00000000ff900000, 0x0000000100000000)
  eden space 109568K, 100% used [0x00000000eab00000,0x00000000f1600000,0x00000000f1600000)
  from space 98304K, 64% used [0x00000000f1600000,0x00000000f53d2c50,0x00000000f7600000)
  to   space 102400K, 0% used [0x00000000f9500000,0x00000000f9500000,0x00000000ff900000)
 ParOldGen       total 300032K, used 165674K [0x00000000c0000000, 0x00000000d2500000, 0x00000000eab00000)
  object space 300032K, 55% used [0x00000000c0000000,0x00000000ca1caab0,0x00000000d2500000)
 Metaspace       used 6402K, capacity 7192K, committed 7424K, reserved 1056768K
  class space    used 623K, capacity 656K, committed 768K, reserved 1048576K
Event: 6.386 GC heap after
Heap after GC invocations=12 (full 2):
 PSYoungGen      total 230400K, used 77487K [0x00000000eab00000, 0x0000000100000000, 0x0000000100000000)
  eden space 128000K, 0% used [0x00000000eab00000,0x00000000eab00000,0x00000000f2800000)
  from space 102400K, 75% used [0x00000000f9500000,0x00000000fe0abca8,0x00000000ff900000)
  to   space 110592K, 0% used [0x00000000f2800000,0x00000000f2800000,0x00000000f9400000)
 ParOldGen       total 300032K, used 165674K [0x00000000c0000000, 0x00000000d2500000, 0x00000000eab00000)
  object space 300032K, 55% used [0x00000000c0000000,0x00000000ca1caab0,0x00000000d2500000)
 Metaspace       used 6402K, capacity 7192K, committed 7424K, reserved 1056768K
  class space    used 623K, capacity 656K, committed 768K, reserved 1048576K
}
Event: 6.833 GC heap before
{Heap before GC invocations=13 (full 2):
 PSYoungGen      total 230400K, used 205487K [0x00000000eab00000, 0x0000000100000000, 0x0000000100000000)
  eden space 128000K, 100% used [0x00000000eab00000,0x00000000f2800000,0x00000000f2800000)
  from space 102400K, 75% used [0x00000000f9500000,0x00000000fe0abca8,0x00000000ff900000)
  to   space 110592K, 0% used [0x00000000f2800000,0x00000000f2800000,0x00000000f9400000)
 ParOldGen       total 300032K, used 165674K [0x00000000c0000000, 0x00000000d2500000, 0x00000000eab00000)
  object space 300032K, 55% used [0x00000000c0000000,0x00000000ca1caab0,0x00000000d2500000)
 Metaspace       used 6420K, capacity 7192K, committed 7424K, reserved 1056768K
  class space    used 623K, capacity 656K, committed 768K, reserved 1048576K
Event: 7.315 GC heap after
Heap after GC invocations=13 (full 2):
 PSYoungGen      total 238592K, used 110572K [0x00000000eab00000, 0x0000000100000000, 0x0000000100000000)
  eden space 128000K, 0% used [0x00000000eab00000,0x00000000eab00000,0x00000000f2800000)
  from space 110592K, 99% used [0x00000000f2800000,0x00000000f93fb360,0x00000000f9400000)
  to   space 110592K, 0% used [0x00000000f9400000,0x00000000f9400000,0x0000000100000000)
 ParOldGen       total 300032K, used 174070K [0x00000000c0000000, 0x00000000d2500000, 0x00000000eab00000)
  object space 300032K, 58% used [0x00000000c0000000,0x00000000ca9fd9c0,0x00000000d2500000)
 Metaspace       used 6420K, capacity 7192K, committed 7424K, reserved 1056768K
  class space    used 623K, capacity 656K, committed 768K, reserved 1048576K
}
Event: 8.165 GC heap before
{Heap before GC invocations=14 (full 2):
 PSYoungGen      total 238592K, used 238572K [0x00000000eab00000, 0x0000000100000000, 0x0000000100000000)
  eden space 128000K, 100% used [0x00000000eab00000,0x00000000f2800000,0x00000000f2800000)
  from space 110592K, 99% used [0x00000000f2800000,0x00000000f93fb360,0x00000000f9400000)
  to   space 110592K, 0% used [0x00000000f9400000,0x00000000f9400000,0x0000000100000000)
 ParOldGen       total 300032K, used 174070K [0x00000000c0000000, 0x00000000d2500000, 0x00000000eab00000)
  object space 300032K, 58% used [0x00000000c0000000,0x00000000ca9fd9c0,0x00000000d2500000)
 Metaspace       used 6451K, capacity 7192K, committed 7424K, reserved 1056768K
  class space    used 623K, capacity 656K, committed 768K, reserved 1048576K
Event: 8.937 GC heap after
Heap after GC invocations=14 (full 2):
 PSYoungGen      total 227328K, used 110574K [0x00000000eab00000, 0x0000000100000000, 0x0000000100000000)
  eden space 116736K, 0% used [0x00000000eab00000,0x00000000eab00000,0x00000000f1d00000)
  from space 110592K, 99% used [0x00000000f9400000,0x00000000ffffbae8,0x0000000100000000)
  to   space 116224K, 0% used [0x00000000f1d00000,0x00000000f1d00000,0x00000000f8e80000)
 ParOldGen       total 300032K, used 237938K [0x00000000c0000000, 0x00000000d2500000, 0x00000000eab00000)
  object space 300032K, 79% used [0x00000000c0000000,0x00000000ce85cb48,0x00000000d2500000)
 Metaspace       used 6451K, capacity 7192K, committed 7424K, reserved 1056768K
  class space    used 623K, capacity 656K, committed 768K, reserved 1048576K
}
Event: 9.212 GC heap before
{Heap before GC invocations=15 (full 2):
 PSYoungGen      total 227328K, used 227310K [0x00000000eab00000, 0x0000000100000000, 0x0000000100000000)
  eden space 116736K, 100% used [0x00000000eab00000,0x00000000f1d00000,0x00000000f1d00000)
  from space 110592K, 99% used [0x00000000f9400000,0x00000000ffffbae8,0x0000000100000000)
  to   space 116224K, 0% used [0x00000000f1d00000,0x00000000f1d00000,0x00000000f8e80000)
 ParOldGen       total 300032K, used 237938K [0x00000000c0000000, 0x00000000d2500000, 0x00000000eab00000)
  object space 300032K, 79% used [0x00000000c0000000,0x00000000ce85cb48,0x00000000d2500000)
 Metaspace       used 6455K, capacity 7192K, committed 7424K, reserved 1056768K
  class space    used 623K, capacity 656K, committed 768K, reserved 1048576K
Event: 9.319 GC heap after
Heap after GC invocations=15 (full 2):
 PSYoungGen      total 232960K, used 116216K [0x00000000eab00000, 0x0000000100000000, 0x0000000100000000)
  eden space 116736K, 0% used [0x00000000eab00000,0x00000000eab00000,0x00000000f1d00000)
  from space 116224K, 99% used [0x00000000f1d00000,0x00000000f8e7e290,0x00000000f8e80000)
  to   space 116224K, 0% used [0x00000000f8e80000,0x00000000f8e80000,0x0000000100000000)
 ParOldGen       total 300032K, used 290003K [0x00000000c0000000, 0x00000000d2500000, 0x00000000eab00000)
  object space 300032K, 96% used [0x00000000c0000000,0x00000000d1b34c40,0x00000000d2500000)
 Metaspace       used 6455K, capacity 7192K, committed 7424K, reserved 1056768K
  class space    used 623K, capacity 656K, committed 768K, reserved 1048576K
}
Event: 9.319 GC heap before
{Heap before GC invocations=16 (full 3):
 PSYoungGen      total 232960K, used 116216K [0x00000000eab00000, 0x0000000100000000, 0x0000000100000000)
  eden space 116736K, 0% used [0x00000000eab00000,0x00000000eab00000,0x00000000f1d00000)
  from space 116224K, 99% used [0x00000000f1d00000,0x00000000f8e7e290,0x00000000f8e80000)
  to   space 116224K, 0% used [0x00000000f8e80000,0x00000000f8e80000,0x0000000100000000)
 ParOldGen       total 300032K, used 290003K [0x00000000c0000000, 0x00000000d2500000, 0x00000000eab00000)
  object space 300032K, 96% used [0x00000000c0000000,0x00000000d1b34c40,0x00000000d2500000)
 Metaspace       used 6455K, capacity 7192K, committed 7424K, reserved 1056768K
  class space    used 623K, capacity 656K, committed 768K, reserved 1048576K
Event: 9.818 GC heap after
Heap after GC invocations=16 (full 3):
 PSYoungGen      total 232960K, used 0K [0x00000000eab00000, 0x0000000100000000, 0x0000000100000000)
  eden space 116736K, 0% used [0x00000000eab00000,0x00000000eab00000,0x00000000f1d00000)
  from space 116224K, 0% used [0x00000000f1d00000,0x00000000f1d00000,0x00000000f8e80000)
  to   space 116224K, 0% used [0x00000000f8e80000,0x00000000f8e80000,0x0000000100000000)
 ParOldGen       total 369152K, used 192913K [0x00000000c0000000, 0x00000000d6880000, 0x00000000eab00000)
  object space 369152K, 52% used [0x00000000c0000000,0x00000000cbc647d0,0x00000000d6880000)
 Metaspace       used 6455K, capacity 7192K, committed 7424K, reserved 1056768K
  class space    used 623K, capacity 656K, committed 768K, reserved 1048576K
}

Deoptimization events (10 events):
Event: 6.023 Thread 0x00000000169d9000 Uncommon trap: reason=unstable_if action=reinterpret pc=0x0000000002c1f440 method=com.android.dx.ssa.SetFactory.makeLivenessSet(I)Lcom/android/dx/util/IntSet; @ 4
Event: 6.023 Thread 0x00000000169d9000 Uncommon trap: reason=unstable_if action=reinterpret pc=0x0000000002c30aec method=com.android.dx.ssa.SetFactory.makeLivenessSet(I)Lcom/android/dx/util/IntSet; @ 4
Event: 6.025 Thread 0x00000000169d9000 Uncommon trap: reason=class_check action=maybe_recompile pc=0x0000000002ea62dc method=com.android.dx.ssa.back.InterferenceGraph.add(II)V @ 19
Event: 6.025 Thread 0x00000000169d9000 Uncommon trap: reason=class_check action=maybe_recompile pc=0x0000000002ea62dc method=com.android.dx.ssa.back.InterferenceGraph.add(II)V @ 19
Event: 6.025 Thread 0x00000000169d9000 Uncommon trap: reason=class_check action=maybe_recompile pc=0x0000000002ea62dc method=com.android.dx.ssa.back.InterferenceGraph.add(II)V @ 19
Event: 6.025 Thread 0x00000000169d9000 Uncommon trap: reason=class_check action=maybe_recompile pc=0x0000000002ea62dc method=com.android.dx.ssa.back.InterferenceGraph.add(II)V @ 19
Event: 6.646 Thread 0x0000000002742800 Uncommon trap: reason=unstable_if action=reinterpret pc=0x0000000002efc838 method=com.android.dx.cf.code.Merger.mergeType(Lcom/android/dx/rop/type/TypeBearer;Lcom/android/dx/rop/type/TypeBearer;)Lcom/android/dx/rop/type/TypeBearer; @ 52
Event: 6.659 Thread 0x0000000002742800 Uncommon trap: reason=unstable_if action=reinterpret pc=0x0000000002e1dac8 method=com.android.dx.cf.code.ByteCatchList.listFor(I)Lcom/android/dx/cf/code/ByteCatchList; @ 47
Event: 7.778 Thread 0x0000000002742800 Uncommon trap: reason=unstable_if action=reinterpret pc=0x0000000002fd60f8 method=com.android.dx.ssa.SCCP.simulateStmt(Lcom/android/dx/ssa/SsaInsn;)V @ 59
Event: 9.934 Thread 0x0000000002742800 Uncommon trap: reason=unstable_if action=reinterpret pc=0x0000000002ff2c1c method=java.util.HashMap.putVal(ILjava/lang/Object;Ljava/lang/Object;ZZ)Ljava/lang/Object; @ 109

Internal exceptions (6 events):
Event: 1.653 Thread 0x0000000002742800 Exception <a 'java/lang/NoSuchMethodError': Method sun.misc.Unsafe.defineClass(Ljava/lang/String;[BII)Ljava/lang/Class; name or signature does not match> (0x00000000eab07cc0) thrown at [D:\re\workspace\8-2-build-windows-amd64-cygwin\jdk8u92\6642\hotspot\srÕçfet˙?
Event: 1.653 Thread 0x0000000002742800 Exception <a 'java/lang/NoSuchMethodError': Method sun.misc.Unsafe.prefetchRead(Ljava/lang/Object;J)V name or signature does not match> (0x00000000eab07fa8) thrown at [D:\re\workspace\8-2-build-windows-amd64-cygwin\jdk8u92\6642\hotspot\src\share\vm\prims\j¥Xös◊ì@
Event: 2.447 Thread 0x0000000016ad6800 Implicit null exception at 0x0000000002b35c62 to 0x0000000002b35d5a
Event: 3.078 Thread 0x00000000169d8800 Exception <a 'java/lang/ArrayIndexOutOfBoundsException': 18> (0x00000000ec8ead60) thrown at [D:\re\workspace\8-2-build-windows-amd64-cygwin\jdk8u92\6642\hotspot\src\share\vm\interpreter\interpreterRuntime.cpp, line 366]
Event: 3.078 Thread 0x00000000169d8800 Exception <a 'java/lang/ArrayIndexOutOfBoundsException'> (0x00000000ec8ec8e0) thrown at [D:\re\workspace\8-2-build-windows-amd64-cygwin\jdk8u92\6642\hotspot\src\share\vm\runtime\sharedRuntime.cpp, line 605]
Event: 3.079 Thread 0x00000000169d8800 Exception <a 'java/lang/ArrayIndexOutOfBoundsException'> (0x00000000ec8edbc8) thrown at [D:\re\workspace\8-2-build-windows-amd64-cygwin\jdk8u92\6642\hotspot\src\share\vm\runtime\sharedRuntime.cpp, line 605]

Events (10 events):
Event: 9.866 Thread 0x00000000169d8800 DEOPT UNPACKING pc=0x000000000288787f sp=0x000000001795e550 mode 0
Event: 9.884 Thread 0x00000000169d9000 DEOPT PACKING pc=0x0000000002d131bd sp=0x0000000017a5e760
Event: 9.884 Thread 0x00000000169d9000 DEOPT UNPACKING pc=0x000000000288787f sp=0x0000000017a5e4f0 mode 0
Event: 9.934 Thread 0x0000000002742800 Uncommon trap: trap_request=0xffffff65 fr.pc=0x0000000002ff2c1c
Event: 9.934 Thread 0x0000000002742800 DEOPT PACKING pc=0x0000000002ff2c1c sp=0x000000000273e450
Event: 9.934 Thread 0x0000000002742800 DEOPT UNPACKING pc=0x000000000288582a sp=0x000000000273e118 mode 2
Event: 9.938 Thread 0x0000000002742800 DEOPT PACKING pc=0x0000000002d131bd sp=0x000000000273e6c0
Event: 9.938 Thread 0x0000000002742800 DEOPT UNPACKING pc=0x000000000288787f sp=0x000000000273e450 mode 0
Event: 9.941 Thread 0x0000000002742800 DEOPT PACKING pc=0x0000000002cf7992 sp=0x000000000273e4c0
Event: 9.941 Thread 0x0000000002742800 DEOPT UNPACKING pc=0x000000000288787f sp=0x000000000273e300 mode 0


Dynamic libraries:
0x00007ff6efb20000 - 0x00007ff6efb57000 	C:\Program Files\Java\jdk1.8.0_92\bin\java.exe
0x00007ffd45f40000 - 0x00007ffd460ea000 	C:\Windows\SYSTEM32\ntdll.dll
0x00007ffd43cb0000 - 0x00007ffd43dea000 	C:\Windows\system32\KERNEL32.DLL
0x00007ffd43380000 - 0x00007ffd4348f000 	C:\Windows\system32\KERNELBASE.dll
0x00007ffd41ee0000 - 0x00007ffd41f68000 	C:\Windows\system32\apphelp.dll
0x00007ffd37e70000 - 0x00007ffd37ebf000 	C:\Windows\AppPatch\AppPatch64\AcGenral.DLL
0x00007ffd441d0000 - 0x00007ffd44277000 	C:\Windows\system32\msvcrt.dll
0x00007ffd430f0000 - 0x00007ffd4311b000 	C:\Windows\SYSTEM32\SspiCli.dll
0x00007ffd44280000 - 0x00007ffd442d1000 	C:\Windows\system32\SHLWAPI.dll
0x00007ffd45b50000 - 0x00007ffd45cc1000 	C:\Windows\system32\USER32.dll
0x00007ffd43a70000 - 0x00007ffd43be8000 	C:\Windows\system32\ole32.dll
0x00007ffd444e0000 - 0x00007ffd458f7000 	C:\Windows\system32\SHELL32.dll
0x00007ffd42920000 - 0x00007ffd4293e000 	C:\Windows\SYSTEM32\USERENV.dll
0x00007ffd442e0000 - 0x00007ffd44385000 	C:\Windows\system32\ADVAPI32.dll
0x00007ffd3e8c0000 - 0x00007ffd3e8db000 	C:\Windows\SYSTEM32\MPR.dll
0x00007ffd45d90000 - 0x00007ffd45ec6000 	C:\Windows\system32\RPCRT4.dll
0x00007ffd43fd0000 - 0x00007ffd44027000 	C:\Windows\SYSTEM32\sechost.dll
0x00007ffd43df0000 - 0x00007ffd43fc6000 	C:\Windows\SYSTEM32\combase.dll
0x00007ffd43900000 - 0x00007ffd43a45000 	C:\Windows\system32\GDI32.dll
0x00007ffd432b0000 - 0x00007ffd432c4000 	C:\Windows\SYSTEM32\profapi.dll
0x00007ffd41910000 - 0x00007ffd419af000 	C:\Windows\SYSTEM32\SHCORE.dll
0x00007ffd444a0000 - 0x00007ffd444d4000 	C:\Windows\system32\IMM32.DLL
0x00007ffd437c0000 - 0x00007ffd438f9000 	C:\Windows\system32\MSCTF.dll
0x00007ffd40f80000 - 0x00007ffd411da000 	C:\Windows\WinSxS\amd64_microsoft.windows.common-controls_6595b64144ccf1df_6.0.9600.17031_none_6242a4b3ecbb55a1\COMCTL32.dll
0x00000000575d0000 - 0x00000000576a2000 	C:\Program Files\Java\jdk1.8.0_92\jre\bin\msvcr100.dll
0x0000000057a50000 - 0x00000000582e6000 	C:\Program Files\Java\jdk1.8.0_92\jre\bin\server\jvm.dll
0x00007ffd30e40000 - 0x00007ffd30e49000 	C:\Windows\SYSTEM32\WSOCK32.dll
0x00007ffd393b0000 - 0x00007ffd393cf000 	C:\Windows\SYSTEM32\WINMM.dll
0x00007ffd40ee0000 - 0x00007ffd40eea000 	C:\Windows\SYSTEM32\VERSION.dll
0x00007ffd45ae0000 - 0x00007ffd45ae7000 	C:\Windows\system32\PSAPI.DLL
0x00007ffd45ee0000 - 0x00007ffd45f38000 	C:\Windows\system32\WS2_32.dll
0x00007ffd37ae0000 - 0x00007ffd37b0a000 	C:\Windows\SYSTEM32\WINMMBASE.dll
0x00007ffd45ed0000 - 0x00007ffd45ed9000 	C:\Windows\system32\NSI.dll
0x00007ffd43770000 - 0x00007ffd437ba000 	C:\Windows\SYSTEM32\cfgmgr32.dll
0x00007ffd42130000 - 0x00007ffd42156000 	C:\Windows\SYSTEM32\DEVOBJ.dll
0x0000000058f10000 - 0x0000000058f1f000 	C:\Program Files\Java\jdk1.8.0_92\jre\bin\verify.dll
0x0000000057a20000 - 0x0000000057a49000 	C:\Program Files\Java\jdk1.8.0_92\jre\bin\java.dll
0x0000000057a00000 - 0x0000000057a16000 	C:\Program Files\Java\jdk1.8.0_92\jre\bin\zip.dll

VM Arguments:
jvm_args: -Djava.awt.headless=true -Xmx1024M -Dfile.encoding=windows-1252 -Duser.country=US -Duser.language=en -Duser.variant 
java_command: com.android.dx.command.Main --dex --force-jumbo --num-threads=4 --output C:\Zooket\app\build\intermediates\pre-dexed\debug\com.google.android.gms-play-services-ads-9.0.1_a213d0cf920b8fe9c76e548f5c02fedff6d4ca15.jar C:\Zooket\app\build\intermediates\exploded-aar\com.google.android.gms\play-services-ads\9.0.1\jars\classes.jar
java_class_path (initial): C:\android-sdk-windows\build-tools\24.0.3\lib\dx.jar
Launcher Type: SUN_STANDARD

Environment Variables:
PATH=C:\ProgramData\Oracle\Java\javapath;C:\Windows\system32;C:\Windows;C:\Windows\System32\Wbem;C:\Windows\System32\WindowsPowerShell\v1.0\;C:\Program Files (x86)\NVIDIA Corporation\PhysX\Common;C:\Program Files (x86)\Windows Kits\8.1\Windows Performance Toolkit\;C:\Program Files\Microsoft SQL Server\110\Tools\Binn\;C:\Program Files\Microsoft SQL Server\110\DTS\Binn\;C:\Program Files (x86)\Microsoft SQL Server\110\Tools\Binn\;C:\Program Files (x86)\Microsoft SQL Server\110\Tools\Binn\ManagementStudio\;C:\Program Files (x86)\Microsoft Visual Studio 10.0\Common7\IDE\PrivateAssemblies\;C:\Program Files (x86)\Microsoft SQL Server\110\DTS\Binn\;C:\Program Files (x86)\GtkSharp\2.12\bin;C:\Program Files (x86)\QuickTime\QTSystem\
USERNAME=Smo
OS=Windows_NT
PROCESSOR_IDENTIFIER=Intel64 Family 6 Model 94 Stepping 3, GenuineIntel



---------------  S Y S T E M  ---------------

OS: Windows 8.1 , 64 bit Build 9600 (6.3.9600.17056)

CPU:total 4 (4 cores per cpu, 1 threads per core) family 6 model 94 stepping 3, cmov, cx8, fxsr, mmx, sse, sse2, sse3, ssse3, sse4.1, sse4.2, popcnt, avx, avx2, aes, clmul, erms, 3dnowpref, lzcnt, tsc, tscinvbit, bmi1, bmi2, adx

Memory: 4k page, physical 8266404k(1249696k free), swap 8266404k(5184k free)

vm_info: Java HotSpot(TM) 64-Bit Server VM (25.92-b14) for windows-amd64 JRE (1.8.0_92-b14), built on Mar 31 2016 21:03:04 by "java_re" with MS VC++ 10.0 (VS2010)

time: Wed May 17 10:02:05 2017
elapsed time: 9 seconds (0d 0h 0m 9s)

