#
# There is insufficient memory for the Java Runtime Environment to continue.
# Native memory allocation (malloc) failed to allocate 650096 bytes for Chunk::new
# Possible reasons:
#   The system is out of physical RAM or swap space
#   In 32 bit mode, the process size limit was hit
# Possible solutions:
#   Reduce memory load on the system
#   Increase physical memory or swap space
#   Check if swap backing store is full
#   Use 64 bit Java on a 64 bit OS
#   Decrease Java heap size (-Xmx/-Xms)
#   Decrease number of Java threads
#   Decrease Java thread stack sizes (-Xss)
#   Set larger code cache with -XX:ReservedCodeCacheSize=
# This output file may be truncated or incomplete.
#
#  Out of Memory Error (allocation.cpp:390), pid=4440, tid=0x0000000000002228
#
# JRE version: Java(TM) SE Runtime Environment (8.0_92-b14) (build 1.8.0_92-b14)
# Java VM: Java HotSpot(TM) 64-Bit Server VM (25.92-b14 mixed mode windows-amd64 compressed oops)
# Failed to write core dump. Minidumps are not enabled by default on client versions of Windows
#

---------------  T H R E A D  ---------------

Current thread (0x0000000014b5e000):  JavaThread "C2 CompilerThread0" daemon [_thread_in_native, id=8744, stack(0x00000000160e0000,0x00000000161e0000)]

Stack: [0x00000000160e0000,0x00000000161e0000]
[error occurred during error reporting (printing stack bounds), id 0xc0000005]

Native frames: (J=compiled Java code, j=interpreted, Vv=VM code, C=native code)


Current CompileTask:
C2:   3465 1495       4       com.android.dx.ssa.SsaRenamer$BlockRenamer::process (191 bytes)


---------------  P R O C E S S  ---------------

Java Threads: ( => current thread )
  0x000000001653b800 JavaThread "pool-1-thread-4" [_thread_blocked, id=836, stack(0x0000000016de0000,0x0000000016ee0000)]
  0x000000001653b000 JavaThread "pool-1-thread-3" [_thread_blocked, id=4404, stack(0x0000000016ce0000,0x0000000016de0000)]
  0x000000001653a000 JavaThread "pool-1-thread-2" [_thread_in_Java, id=8680, stack(0x0000000016be0000,0x0000000016ce0000)]
  0x0000000016536800 JavaThread "pool-2-thread-1" [_thread_blocked, id=7692, stack(0x0000000016ae0000,0x0000000016be0000)]
  0x000000001652f800 JavaThread "pool-1-thread-1" [_thread_in_Java, id=1088, stack(0x00000000169e0000,0x0000000016ae0000)]
  0x00000000162e6800 JavaThread "Service Thread" daemon [_thread_blocked, id=8372, stack(0x00000000167e0000,0x00000000168e0000)]
  0x00000000162e1000 JavaThread "C1 CompilerThread2" daemon [_thread_blocked, id=5100, stack(0x00000000166e0000,0x00000000167e0000)]
  0x0000000014bb7000 JavaThread "C2 CompilerThread1" daemon [_thread_in_native, id=8368, stack(0x00000000161e0000,0x00000000162e0000)]
=>0x0000000014b5e000 JavaThread "C2 CompilerThread0" daemon [_thread_in_native, id=8744, stack(0x00000000160e0000,0x00000000161e0000)]
  0x0000000014b5c000 JavaThread "Attach Listener" daemon [_thread_blocked, id=3048, stack(0x0000000015fe0000,0x00000000160e0000)]
  0x0000000014b5a800 JavaThread "Signal Dispatcher" daemon [_thread_blocked, id=8096, stack(0x0000000015ee0000,0x0000000015fe0000)]
  0x0000000014b4a800 JavaThread "Finalizer" daemon [_thread_blocked, id=3584, stack(0x0000000015dc0000,0x0000000015ec0000)]
  0x0000000002480800 JavaThread "Reference Handler" daemon [_thread_blocked, id=5972, stack(0x0000000015cc0000,0x0000000015dc0000)]
  0x0000000002392800 JavaThread "main" [_thread_in_Java, id=1804, stack(0x0000000002190000,0x0000000002290000)]

Other Threads:
  0x0000000014b28800 VMThread [stack: 0x0000000015bc0000,0x0000000015cc0000] [id=3248]
  0x0000000016309800 WatcherThread [stack: 0x00000000168e0000,0x00000000169e0000] [id=6980]

VM state:not at safepoint (normal execution)

VM Mutex/Monitor currently owned by a thread: None

Heap:
 PSYoungGen      total 71680K, used 42988K [0x00000000eab00000, 0x00000000ef600000, 0x0000000100000000)
  eden space 66560K, 56% used [0x00000000eab00000,0x00000000ecffd610,0x00000000eec00000)
  from space 5120K, 99% used [0x00000000ef100000,0x00000000ef5fdca8,0x00000000ef600000)
  to   space 5120K, 0% used [0x00000000eec00000,0x00000000eec00000,0x00000000ef100000)
 ParOldGen       total 87552K, used 4697K [0x00000000c0000000, 0x00000000c5580000, 0x00000000eab00000)
  object space 87552K, 5% used [0x00000000c0000000,0x00000000c04966c0,0x00000000c5580000)
 Metaspace       used 6302K, capacity 7154K, committed 7296K, reserved 1056768K
  class space    used 603K, capacity 618K, committed 640K, reserved 1048576K

Card table byte_map: [0x0000000011850000,0x0000000011a60000] byte_map_base: 0x0000000011250000

Marking Bits: (ParMarkBitMap*) 0x00000000582664f0
 Begin Bits: [0x0000000011fc0000, 0x0000000012fc0000)
 End Bits:   [0x0000000012fc0000, 0x0000000013fc0000)

Polling page: 0x00000000009f0000

CodeCache: size=245760Kb used=6673Kb max_used=6701Kb free=239086Kb
 bounds [0x0000000002490000, 0x0000000002b20000, 0x0000000011490000]
 total_blobs=1963 nmethods=1693 adapters=182
 compilation: enabled

Compilation events (10 events):
Event: 3.402 Thread 0x00000000162e1000 1713       2       com.android.dx.cf.code.ExecutionStack::makeInitialized (51 bytes)
Event: 3.403 Thread 0x00000000162e1000 nmethod 1713 0x0000000002b0c510 code [0x0000000002b0c6a0, 0x0000000002b0ca38]
Event: 3.404 Thread 0x00000000162e1000 1714       2       java.util.Collections$UnmodifiableCollection::size (10 bytes)
Event: 3.404 Thread 0x00000000162e1000 nmethod 1714 0x0000000002b0ccd0 code [0x0000000002b0ce40, 0x0000000002b0cfc8]
Event: 3.409 Thread 0x0000000014b5e000 nmethod 1468 0x0000000002b14b50 code [0x0000000002b14f00, 0x0000000002b197e0]
Event: 3.409 Thread 0x0000000014b5e000 1655       4       com.android.dx.rop.type.Type::equals (31 bytes)
Event: 3.410 Thread 0x0000000014b5e000 nmethod 1655 0x0000000002b11690 code [0x0000000002b117e0, 0x0000000002b11958]
Event: 3.410 Thread 0x0000000014b5e000 1644       4       java.util.TreeMap::getEntry (84 bytes)
Event: 3.411 Thread 0x0000000014b5e000 nmethod 1644 0x0000000002b11290 code [0x0000000002b113e0, 0x0000000002b11538]
Event: 3.411 Thread 0x0000000014b5e000 1495       4       com.android.dx.ssa.SsaRenamer$BlockRenamer::process (191 bytes)

GC Heap History (4 events):
Event: 1.909 GC heap before
{Heap before GC invocations=1 (full 0):
 PSYoungGen      total 38400K, used 33280K [0x00000000eab00000, 0x00000000ed580000, 0x0000000100000000)
  eden space 33280K, 100% used [0x00000000eab00000,0x00000000ecb80000,0x00000000ecb80000)
  from space 5120K, 0% used [0x00000000ed080000,0x00000000ed080000,0x00000000ed580000)
  to   space 5120K, 0% used [0x00000000ecb80000,0x00000000ecb80000,0x00000000ed080000)
 ParOldGen       total 87552K, used 0K [0x00000000c0000000, 0x00000000c5580000, 0x00000000eab00000)
  object space 87552K, 0% used [0x00000000c0000000,0x00000000c0000000,0x00000000c5580000)
 Metaspace       used 5857K, capacity 6770K, committed 7040K, reserved 1056768K
  class space    used 597K, capacity 618K, committed 640K, reserved 1048576K
Event: 2.374 GC heap after
Heap after GC invocations=1 (full 0):
 PSYoungGen      total 38400K, used 5107K [0x00000000eab00000, 0x00000000ef600000, 0x0000000100000000)
  eden space 33280K, 0% used [0x00000000eab00000,0x00000000eab00000,0x00000000ecb80000)
  from space 5120K, 99% used [0x00000000ecb80000,0x00000000ed07ce98,0x00000000ed080000)
  to   space 5120K, 0% used [0x00000000ef100000,0x00000000ef100000,0x00000000ef600000)
 ParOldGen       total 87552K, used 978K [0x00000000c0000000, 0x00000000c5580000, 0x00000000eab00000)
  object space 87552K, 1% used [0x00000000c0000000,0x00000000c00f4898,0x00000000c5580000)
 Metaspace       used 5857K, capacity 6770K, committed 7040K, reserved 1056768K
  class space    used 597K, capacity 618K, committed 640K, reserved 1048576K
}
Event: 3.222 GC heap before
{Heap before GC invocations=2 (full 0):
 PSYoungGen      total 38400K, used 38387K [0x00000000eab00000, 0x00000000ef600000, 0x0000000100000000)
  eden space 33280K, 100% used [0x00000000eab00000,0x00000000ecb80000,0x00000000ecb80000)
  from space 5120K, 99% used [0x00000000ecb80000,0x00000000ed07ce98,0x00000000ed080000)
  to   space 5120K, 0% used [0x00000000ef100000,0x00000000ef100000,0x00000000ef600000)
 ParOldGen       total 87552K, used 978K [0x00000000c0000000, 0x00000000c5580000, 0x00000000eab00000)
  object space 87552K, 1% used [0x00000000c0000000,0x00000000c00f4898,0x00000000c5580000)
 Metaspace       used 6228K, capacity 7090K, committed 7296K, reserved 1056768K
  class space    used 603K, capacity 618K, committed 640K, reserved 1048576K
Event: 3.306 GC heap after
Heap after GC invocations=2 (full 0):
 PSYoungGen      total 71680K, used 5111K [0x00000000eab00000, 0x00000000ef600000, 0x0000000100000000)
  eden space 66560K, 0% used [0x00000000eab00000,0x00000000eab00000,0x00000000eec00000)
  from space 5120K, 99% used [0x00000000ef100000,0x00000000ef5fdca8,0x00000000ef600000)
  to   space 5120K, 0% used [0x00000000eec00000,0x00000000eec00000,0x00000000ef100000)
 ParOldGen       total 87552K, used 4697K [0x00000000c0000000, 0x00000000c5580000, 0x00000000eab00000)
  object space 87552K, 5% used [0x00000000c0000000,0x00000000c04966c0,0x00000000c5580000)
 Metaspace       used 6228K, capacity 7090K, committed 7296K, reserved 1056768K
  class space    used 603K, capacity 618K, committed 640K, reserved 1048576K
}

Deoptimization events (9 events):
Event: 0.370 Thread 0x0000000002392800 Uncommon trap: reason=unstable_if action=reinterpret pc=0x00000000025de314 method=java.lang.String.compareTo(Ljava/lang/String;)I @ 38
Event: 1.266 Thread 0x0000000002392800 Uncommon trap: reason=unstable_if action=reinterpret pc=0x000000000269bce4 method=java.util.HashMap.getNode(ILjava/lang/Object;)Ljava/util/HashMap$Node; @ 129
Event: 1.463 Thread 0x000000001653b000 Uncommon trap: reason=unstable_if action=reinterpret pc=0x00000000027793dc method=com.android.dx.rop.cst.Constant.compareTo(Lcom/android/dx/rop/cst/Constant;)I @ 12
Event: 1.908 Thread 0x000000001653b000 Uncommon trap: reason=null_check action=make_not_entrant pc=0x000000000278b1a8 method=com.android.dx.rop.type.Type.equals(Ljava/lang/Object;)Z @ 8
Event: 3.142 Thread 0x000000001653a000 Uncommon trap: reason=unstable_if action=reinterpret pc=0x000000000299dab4 method=com.android.dx.ssa.SCCP.simulateStmt(Lcom/android/dx/ssa/SsaInsn;)V @ 53
Event: 3.344 Thread 0x000000001653a000 Uncommon trap: reason=unstable_if action=reinterpret pc=0x000000000278c120 method=com.android.dx.rop.code.RegisterSpecSet.<init>(I)V @ 2
Event: 3.354 Thread 0x000000001652f800 Uncommon trap: reason=unstable_if action=reinterpret pc=0x0000000002aac35c method=com.android.dx.ssa.SCCP.simulateBranch(Lcom/android/dx/ssa/SsaInsn;)V @ 64
Event: 3.354 Thread 0x000000001652f800 Uncommon trap: reason=unloaded action=reinterpret pc=0x0000000002a0a88c method=com.android.dx.ssa.LiteralOpUpgrader$1.visitNonMoveInsn(Lcom/android/dx/ssa/NormalSsaInsn;)V @ 72
Event: 3.355 Thread 0x000000001652f800 Uncommon trap: reason=unstable_if action=reinterpret pc=0x00000000028ab05c method=com.android.dx.ssa.SsaMethod.updateOneDefinition(Lcom/android/dx/ssa/SsaInsn;Lcom/android/dx/rop/code/RegisterSpec;)V @ 4

Internal exceptions (3 events):
Event: 0.054 Thread 0x0000000002392800 Exception <a 'java/lang/NoSuchMethodError': Method sun.misc.Unsafe.defineClass(Ljava/lang/String;[BII)Ljava/lang/Class; name or signature does not match> (0x00000000eab07cc0) thrown at [D:\re\workspace\8-2-build-windows-amd64-cygwin\jdk8u92\6642\hotspot\sr§Ä;+2Ä«?
Event: 0.054 Thread 0x0000000002392800 Exception <a 'java/lang/NoSuchMethodError': Method sun.misc.Unsafe.prefetchRead(Ljava/lang/Object;J)V name or signature does not match> (0x00000000eab07fa8) thrown at [D:\re\workspace\8-2-build-windows-amd64-cygwin\jdk8u92\6642\hotspot\src\share\vm\prims\j•&î¦.‡þ?
Event: 1.908 Thread 0x000000001653b000 Implicit null exception at 0x000000000278b0a2 to 0x000000000278b19a

Events (10 events):
Event: 3.354 Thread 0x000000001652f800 DEOPT PACKING pc=0x0000000002aac35c sp=0x0000000016adec80
Event: 3.354 Thread 0x000000001652f800 DEOPT UNPACKING pc=0x00000000024d582a sp=0x0000000016adec50 mode 2
Event: 3.354 Thread 0x000000001652f800 Uncommon trap: trap_request=0x0000004e fr.pc=0x0000000002a0a88c
Event: 3.354 loading class com/android/dx/rop/code/RegOps
Event: 3.354 loading class com/android/dx/rop/code/RegOps done
Event: 3.354 Thread 0x000000001652f800 DEOPT PACKING pc=0x0000000002a0a88c sp=0x0000000016adee30
Event: 3.354 Thread 0x000000001652f800 DEOPT UNPACKING pc=0x00000000024d582a sp=0x0000000016adedf8 mode 2
Event: 3.355 Thread 0x000000001652f800 Uncommon trap: trap_request=0xffffff65 fr.pc=0x00000000028ab05c
Event: 3.355 Thread 0x000000001652f800 DEOPT PACKING pc=0x00000000028ab05c sp=0x0000000016adec70
Event: 3.355 Thread 0x000000001652f800 DEOPT UNPACKING pc=0x00000000024d582a sp=0x0000000016adec18 mode 2


Dynamic libraries:
0x00007ff6efb20000 - 0x00007ff6efb57000 	C:\Program Files\Java\jdk1.8.0_92\bin\java.exe
0x00007ffd45f40000 - 0x00007ffd460ea000 	C:\Windows\SYSTEM32\ntdll.dll
0x00007ffd43cb0000 - 0x00007ffd43dea000 	C:\Windows\system32\KERNEL32.DLL
0x00007ffd43380000 - 0x00007ffd4348f000 	C:\Windows\system32\KERNELBASE.dll
0x00007ffd41ee0000 - 0x00007ffd41f68000 	C:\Windows\system32\apphelp.dll
0x00007ffd1ae00000 - 0x00007ffd1ae4f000 	C:\Windows\AppPatch\AppPatch64\AcGenral.DLL
0x00007ffd441d0000 - 0x00007ffd44277000 	C:\Windows\system32\msvcrt.dll
0x00007ffd430f0000 - 0x00007ffd4311b000 	C:\Windows\SYSTEM32\SspiCli.dll
0x00007ffd44280000 - 0x00007ffd442d1000 	C:\Windows\system32\SHLWAPI.dll
0x00007ffd45b50000 - 0x00007ffd45cc1000 	C:\Windows\system32\USER32.dll
0x00007ffd43a70000 - 0x00007ffd43be8000 	C:\Windows\system32\ole32.dll
0x00007ffd444e0000 - 0x00007ffd458f7000 	C:\Windows\system32\SHELL32.dll
0x00007ffd42920000 - 0x00007ffd4293e000 	C:\Windows\SYSTEM32\USERENV.dll
0x00007ffd442e0000 - 0x00007ffd44385000 	C:\Windows\system32\ADVAPI32.dll
0x00007ffd3e8c0000 - 0x00007ffd3e8db000 	C:\Windows\SYSTEM32\MPR.dll
0x00007ffd45d90000 - 0x00007ffd45ec6000 	C:\Windows\system32\RPCRT4.dll
0x00007ffd43fd0000 - 0x00007ffd44027000 	C:\Windows\SYSTEM32\sechost.dll
0x00007ffd43df0000 - 0x00007ffd43fc6000 	C:\Windows\SYSTEM32\combase.dll
0x00007ffd43900000 - 0x00007ffd43a45000 	C:\Windows\system32\GDI32.dll
0x00007ffd432b0000 - 0x00007ffd432c4000 	C:\Windows\SYSTEM32\profapi.dll
0x00007ffd41910000 - 0x00007ffd419af000 	C:\Windows\SYSTEM32\SHCORE.dll
0x00007ffd444a0000 - 0x00007ffd444d4000 	C:\Windows\system32\IMM32.DLL
0x00007ffd437c0000 - 0x00007ffd438f9000 	C:\Windows\system32\MSCTF.dll
0x00007ffd40f80000 - 0x00007ffd411da000 	C:\Windows\WinSxS\amd64_microsoft.windows.common-controls_6595b64144ccf1df_6.0.9600.17031_none_6242a4b3ecbb55a1\COMCTL32.dll
0x00000000575d0000 - 0x00000000576a2000 	C:\Program Files\Java\jdk1.8.0_92\jre\bin\msvcr100.dll
0x0000000057a50000 - 0x00000000582e6000 	C:\Program Files\Java\jdk1.8.0_92\jre\bin\server\jvm.dll
0x00007ffd30e40000 - 0x00007ffd30e49000 	C:\Windows\SYSTEM32\WSOCK32.dll
0x00007ffd393b0000 - 0x00007ffd393cf000 	C:\Windows\SYSTEM32\WINMM.dll
0x00007ffd40ee0000 - 0x00007ffd40eea000 	C:\Windows\SYSTEM32\VERSION.dll
0x00007ffd45ae0000 - 0x00007ffd45ae7000 	C:\Windows\system32\PSAPI.DLL
0x00007ffd45ee0000 - 0x00007ffd45f38000 	C:\Windows\system32\WS2_32.dll
0x00007ffd37ae0000 - 0x00007ffd37b0a000 	C:\Windows\SYSTEM32\WINMMBASE.dll
0x00007ffd45ed0000 - 0x00007ffd45ed9000 	C:\Windows\system32\NSI.dll
0x00007ffd43770000 - 0x00007ffd437ba000 	C:\Windows\SYSTEM32\cfgmgr32.dll
0x00007ffd42130000 - 0x00007ffd42156000 	C:\Windows\SYSTEM32\DEVOBJ.dll
0x0000000058f10000 - 0x0000000058f1f000 	C:\Program Files\Java\jdk1.8.0_92\jre\bin\verify.dll
0x0000000057a20000 - 0x0000000057a49000 	C:\Program Files\Java\jdk1.8.0_92\jre\bin\java.dll
0x0000000057a00000 - 0x0000000057a16000 	C:\Program Files\Java\jdk1.8.0_92\jre\bin\zip.dll

VM Arguments:
jvm_args: -Djava.awt.headless=true -Xmx1024M -Dfile.encoding=windows-1252 -Duser.country=US -Duser.language=en -Duser.variant 
java_command: com.android.dx.command.Main --dex --force-jumbo --num-threads=4 --output C:\Zooket\app\build\intermediates\pre-dexed\debug\internal_impl-23.4.0_191df91ce83363c6e957f0add757b9f9490bd4ee.jar C:\Zooket\app\build\intermediates\exploded-aar\com.android.support\support-v4\23.4.0\jars\libs\internal_impl-23.4.0.jar
java_class_path (initial): C:\android-sdk-windows\build-tools\24.0.3\lib\dx.jar
Launcher Type: SUN_STANDARD

Environment Variables:
PATH=C:\ProgramData\Oracle\Java\javapath;C:\Windows\system32;C:\Windows;C:\Windows\System32\Wbem;C:\Windows\System32\WindowsPowerShell\v1.0\;C:\Program Files (x86)\NVIDIA Corporation\PhysX\Common;C:\Program Files (x86)\Windows Kits\8.1\Windows Performance Toolkit\;C:\Program Files\Microsoft SQL Server\110\Tools\Binn\;C:\Program Files\Microsoft SQL Server\110\DTS\Binn\;C:\Program Files (x86)\Microsoft SQL Server\110\Tools\Binn\;C:\Program Files (x86)\Microsoft SQL Server\110\Tools\Binn\ManagementStudio\;C:\Program Files (x86)\Microsoft Visual Studio 10.0\Common7\IDE\PrivateAssemblies\;C:\Program Files (x86)\Microsoft SQL Server\110\DTS\Binn\;C:\Program Files (x86)\GtkSharp\2.12\bin;C:\Program Files (x86)\QuickTime\QTSystem\
USERNAME=Smo
OS=Windows_NT
PROCESSOR_IDENTIFIER=Intel64 Family 6 Model 94 Stepping 3, GenuineIntel



---------------  S Y S T E M  ---------------

OS: Windows 8.1 , 64 bit Build 9600 (6.3.9600.17056)

CPU:total 4 (4 cores per cpu, 1 threads per core) family 6 model 94 stepping 3, cmov, cx8, fxsr, mmx, sse, sse2, sse3, ssse3, sse4.1, sse4.2, popcnt, avx, avx2, aes, clmul, erms, 3dnowpref, lzcnt, tsc, tscinvbit, bmi1, bmi2, adx

Memory: 4k page, physical 8266404k(1486908k free), swap 8266404k(5308k free)

vm_info: Java HotSpot(TM) 64-Bit Server VM (25.92-b14) for windows-amd64 JRE (1.8.0_92-b14), built on Mar 31 2016 21:03:04 by "java_re" with MS VC++ 10.0 (VS2010)

time: Wed May 17 16:21:33 2017
elapsed time: 3 seconds (0d 0h 0m 3s)

