#
# There is insufficient memory for the Java Runtime Environment to continue.
# Native memory allocation (malloc) failed to allocate 640336 bytes for Chunk::new
# Possible reasons:
#   The system is out of physical RAM or swap space
#   In 32 bit mode, the process size limit was hit
# Possible solutions:
#   Reduce memory load on the system
#   Increase physical memory or swap space
#   Check if swap backing store is full
#   Use 64 bit Java on a 64 bit OS
#   Decrease Java heap size (-Xmx/-Xms)
#   Decrease number of Java threads
#   Decrease Java thread stack sizes (-Xss)
#   Set larger code cache with -XX:ReservedCodeCacheSize=
# This output file may be truncated or incomplete.
#
#  Out of Memory Error (allocation.cpp:390), pid=3188, tid=0x000000000000174c
#
# JRE version: Java(TM) SE Runtime Environment (8.0_92-b14) (build 1.8.0_92-b14)
# Java VM: Java HotSpot(TM) 64-Bit Server VM (25.92-b14 mixed mode windows-amd64 compressed oops)
# Failed to write core dump. Minidumps are not enabled by default on client versions of Windows
#

---------------  T H R E A D  ---------------

Current thread (0x0000000014c1e000):  JavaThread "C2 CompilerThread0" daemon [_thread_in_native, id=5964, stack(0x0000000016170000,0x0000000016270000)]

Stack: [0x0000000016170000,0x0000000016270000]
[error occurred during error reporting (printing stack bounds), id 0xc0000005]

Native frames: (J=compiled Java code, j=interpreted, Vv=VM code, C=native code)


Current CompileTask:
C2:   5496 2092       4       com.android.dx.ssa.SsaConverter::placePhiFunctions (394 bytes)


---------------  P R O C E S S  ---------------

Java Threads: ( => current thread )
  0x00000000165e0800 JavaThread "pool-1-thread-4" [_thread_in_Java, id=412, stack(0x0000000016e70000,0x0000000016f70000)]
  0x00000000165de000 JavaThread "pool-1-thread-3" [_thread_in_Java, id=8920, stack(0x0000000016d70000,0x0000000016e70000)]
  0x00000000165dd800 JavaThread "pool-1-thread-2" [_thread_in_Java, id=376, stack(0x0000000016c70000,0x0000000016d70000)]
  0x00000000165bb800 JavaThread "pool-2-thread-1" [_thread_blocked, id=1592, stack(0x0000000016b70000,0x0000000016c70000)]
  0x00000000165ba800 JavaThread "pool-1-thread-1" [_thread_in_Java, id=6016, stack(0x0000000016a70000,0x0000000016b70000)]
  0x0000000016376800 JavaThread "Service Thread" daemon [_thread_blocked, id=4772, stack(0x0000000016870000,0x0000000016970000)]
  0x0000000016371000 JavaThread "C1 CompilerThread2" daemon [_thread_blocked, id=788, stack(0x0000000016770000,0x0000000016870000)]
  0x0000000014c77800 JavaThread "C2 CompilerThread1" daemon [_thread_in_native, id=5412, stack(0x0000000016270000,0x0000000016370000)]
=>0x0000000014c1e000 JavaThread "C2 CompilerThread0" daemon [_thread_in_native, id=5964, stack(0x0000000016170000,0x0000000016270000)]
  0x0000000014c1c000 JavaThread "Attach Listener" daemon [_thread_blocked, id=8508, stack(0x0000000016070000,0x0000000016170000)]
  0x0000000014c1b000 JavaThread "Signal Dispatcher" daemon [_thread_blocked, id=4864, stack(0x0000000015f70000,0x0000000016070000)]
  0x0000000014c0a800 JavaThread "Finalizer" daemon [_thread_blocked, id=9192, stack(0x0000000015e70000,0x0000000015f70000)]
  0x0000000002540800 JavaThread "Reference Handler" daemon [_thread_blocked, id=4392, stack(0x0000000015d70000,0x0000000015e70000)]
  0x0000000002452800 JavaThread "main" [_thread_in_Java, id=7656, stack(0x0000000002250000,0x0000000002350000)]

Other Threads:
  0x0000000014be8800 VMThread [stack: 0x0000000015c70000,0x0000000015d70000] [id=7756]
  0x0000000016379800 WatcherThread [stack: 0x0000000016970000,0x0000000016a70000] [id=5328]

VM state:not at safepoint (normal execution)

VM Mutex/Monitor currently owned by a thread: None

Heap:
 PSYoungGen      total 241664K, used 163402K [0x00000000eab00000, 0x0000000100000000, 0x0000000100000000)
  eden space 187392K, 58% used [0x00000000eab00000,0x00000000f15959f8,0x00000000f6200000)
  from space 54272K, 99% used [0x00000000fcb00000,0x00000000ffffcea8,0x0000000100000000)
  to   space 80896K, 0% used [0x00000000f6200000,0x00000000f6200000,0x00000000fb100000)
 ParOldGen       total 137216K, used 71217K [0x00000000c0000000, 0x00000000c8600000, 0x00000000eab00000)
  object space 137216K, 51% used [0x00000000c0000000,0x00000000c458c480,0x00000000c8600000)
 Metaspace       used 6475K, capacity 7192K, committed 7424K, reserved 1056768K
  class space    used 623K, capacity 656K, committed 768K, reserved 1048576K

Card table byte_map: [0x0000000011910000,0x0000000011b20000] byte_map_base: 0x0000000011310000

Marking Bits: (ParMarkBitMap*) 0x0000000064b864f0
 Begin Bits: [0x0000000012080000, 0x0000000013080000)
 End Bits:   [0x0000000013080000, 0x0000000014080000)

Polling page: 0x0000000000a90000

CodeCache: size=245760Kb used=8037Kb max_used=8037Kb free=237722Kb
 bounds [0x0000000002550000, 0x0000000002d40000, 0x0000000011550000]
 total_blobs=2231 nmethods=1962 adapters=181
 compilation: enabled

Compilation events (10 events):
Event: 5.481 Thread 0x0000000016371000 2110       2       java.util.HashMap$TreeNode::getTreeNode (22 bytes)
Event: 5.481 Thread 0x0000000016371000 nmethod 2110 0x0000000002d14210 code [0x0000000002d14380, 0x0000000002d14568]
Event: 5.481 Thread 0x0000000016371000 2111 %     3       java.lang.String::lastIndexOf @ 62 (151 bytes)
Event: 5.482 Thread 0x0000000016371000 nmethod 2111% 0x0000000002d13550 code [0x0000000002d13700, 0x0000000002d13d30]
Event: 5.484 Thread 0x0000000016371000 2113       2       com.android.dx.rop.code.Rops::opAdd (29 bytes)
Event: 5.484 Thread 0x0000000016371000 nmethod 2113 0x0000000002d13190 code [0x0000000002d13300, 0x0000000002d134a8]
Event: 5.486 Thread 0x0000000016371000 2114       2       java.util.Date::normalize (110 bytes)
Event: 5.487 Thread 0x0000000016371000 nmethod 2114 0x0000000002d24c10 code [0x0000000002d24e00, 0x0000000002d25478]
Event: 5.488 Thread 0x0000000016371000 2115       1       com.android.dx.cf.code.ByteOps::opInfo (6 bytes)
Event: 5.488 Thread 0x0000000016371000 nmethod 2115 0x0000000002d12e50 code [0x0000000002d12fa0, 0x0000000002d130b0]

GC Heap History (10 events):
Event: 1.864 GC heap before
{Heap before GC invocations=3 (full 0):
 PSYoungGen      total 71680K, used 71658K [0x00000000eab00000, 0x00000000ef600000, 0x0000000100000000)
  eden space 66560K, 100% used [0x00000000eab00000,0x00000000eec00000,0x00000000eec00000)
  from space 5120K, 99% used [0x00000000ef100000,0x00000000ef5faad8,0x00000000ef600000)
  to   space 5120K, 0% used [0x00000000eec00000,0x00000000eec00000,0x00000000ef100000)
 ParOldGen       total 87552K, used 4229K [0x00000000c0000000, 0x00000000c5580000, 0x00000000eab00000)
  object space 87552K, 4% used [0x00000000c0000000,0x00000000c0421588,0x00000000c5580000)
 Metaspace       used 6256K, capacity 7090K, committed 7296K, reserved 1056768K
  class space    used 601K, capacity 618K, committed 640K, reserved 1048576K
Event: 1.960 GC heap after
Heap after GC invocations=3 (full 0):
 PSYoungGen      total 71680K, used 5104K [0x00000000eab00000, 0x00000000f3700000, 0x0000000100000000)
  eden space 66560K, 0% used [0x00000000eab00000,0x00000000eab00000,0x00000000eec00000)
  from space 5120K, 99% used [0x00000000eec00000,0x00000000ef0fc038,0x00000000ef100000)
  to   space 5120K, 0% used [0x00000000f3200000,0x00000000f3200000,0x00000000f3700000)
 ParOldGen       total 87552K, used 12939K [0x00000000c0000000, 0x00000000c5580000, 0x00000000eab00000)
  object space 87552K, 14% used [0x00000000c0000000,0x00000000c0ca2dc0,0x00000000c5580000)
 Metaspace       used 6256K, capacity 7090K, committed 7296K, reserved 1056768K
  class space    used 601K, capacity 618K, committed 640K, reserved 1048576K
}
Event: 3.878 GC heap before
{Heap before GC invocations=4 (full 0):
 PSYoungGen      total 71680K, used 71664K [0x00000000eab00000, 0x00000000f3700000, 0x0000000100000000)
  eden space 66560K, 100% used [0x00000000eab00000,0x00000000eec00000,0x00000000eec00000)
  from space 5120K, 99% used [0x00000000eec00000,0x00000000ef0fc038,0x00000000ef100000)
  to   space 5120K, 0% used [0x00000000f3200000,0x00000000f3200000,0x00000000f3700000)
 ParOldGen       total 87552K, used 12939K [0x00000000c0000000, 0x00000000c5580000, 0x00000000eab00000)
  object space 87552K, 14% used [0x00000000c0000000,0x00000000c0ca2dc0,0x00000000c5580000)
 Metaspace       used 6394K, capacity 7192K, committed 7424K, reserved 1056768K
  class space    used 622K, capacity 656K, committed 768K, reserved 1048576K
Event: 4.225 GC heap after
Heap after GC invocations=4 (full 0):
 PSYoungGen      total 138240K, used 5119K [0x00000000eab00000, 0x00000000f3700000, 0x0000000100000000)
  eden space 133120K, 0% used [0x00000000eab00000,0x00000000eab00000,0x00000000f2d00000)
  from space 5120K, 99% used [0x00000000f3200000,0x00000000f36ffcb8,0x00000000f3700000)
  to   space 5120K, 0% used [0x00000000f2d00000,0x00000000f2d00000,0x00000000f3200000)
 ParOldGen       total 87552K, used 33366K [0x00000000c0000000, 0x00000000c5580000, 0x00000000eab00000)
  object space 87552K, 38% used [0x00000000c0000000,0x00000000c20959a8,0x00000000c5580000)
 Metaspace       used 6394K, capacity 7192K, committed 7424K, reserved 1056768K
  class space    used 622K, capacity 656K, committed 768K, reserved 1048576K
}
Event: 4.732 GC heap before
{Heap before GC invocations=5 (full 0):
 PSYoungGen      total 138240K, used 138239K [0x00000000eab00000, 0x00000000f3700000, 0x0000000100000000)
  eden space 133120K, 100% used [0x00000000eab00000,0x00000000f2d00000,0x00000000f2d00000)
  from space 5120K, 99% used [0x00000000f3200000,0x00000000f36ffcb8,0x00000000f3700000)
  to   space 5120K, 0% used [0x00000000f2d00000,0x00000000f2d00000,0x00000000f3200000)
 ParOldGen       total 87552K, used 33366K [0x00000000c0000000, 0x00000000c5580000, 0x00000000eab00000)
  object space 87552K, 38% used [0x00000000c0000000,0x00000000c20959a8,0x00000000c5580000)
 Metaspace       used 6405K, capacity 7192K, committed 7424K, reserved 1056768K
  class space    used 623K, capacity 656K, committed 768K, reserved 1048576K
Event: 4.782 GC heap after
Heap after GC invocations=5 (full 0):
 PSYoungGen      total 138240K, used 5099K [0x00000000eab00000, 0x0000000100000000, 0x0000000100000000)
  eden space 133120K, 0% used [0x00000000eab00000,0x00000000eab00000,0x00000000f2d00000)
  from space 5120K, 99% used [0x00000000f2d00000,0x00000000f31fad38,0x00000000f3200000)
  to   space 54272K, 0% used [0x00000000fcb00000,0x00000000fcb00000,0x0000000100000000)
 ParOldGen       total 87552K, used 85716K [0x00000000c0000000, 0x00000000c5580000, 0x00000000eab00000)
  object space 87552K, 97% used [0x00000000c0000000,0x00000000c53b53c8,0x00000000c5580000)
 Metaspace       used 6405K, capacity 7192K, committed 7424K, reserved 1056768K
  class space    used 623K, capacity 656K, committed 768K, reserved 1048576K
}
Event: 4.782 GC heap before
{Heap before GC invocations=6 (full 1):
 PSYoungGen      total 138240K, used 5099K [0x00000000eab00000, 0x0000000100000000, 0x0000000100000000)
  eden space 133120K, 0% used [0x00000000eab00000,0x00000000eab00000,0x00000000f2d00000)
  from space 5120K, 99% used [0x00000000f2d00000,0x00000000f31fad38,0x00000000f3200000)
  to   space 54272K, 0% used [0x00000000fcb00000,0x00000000fcb00000,0x0000000100000000)
 ParOldGen       total 87552K, used 85716K [0x00000000c0000000, 0x00000000c5580000, 0x00000000eab00000)
  object space 87552K, 97% used [0x00000000c0000000,0x00000000c53b53c8,0x00000000c5580000)
 Metaspace       used 6405K, capacity 7192K, committed 7424K, reserved 1056768K
  class space    used 623K, capacity 656K, committed 768K, reserved 1048576K
Event: 4.929 GC heap after
Heap after GC invocations=6 (full 1):
 PSYoungGen      total 138240K, used 0K [0x00000000eab00000, 0x0000000100000000, 0x0000000100000000)
  eden space 133120K, 0% used [0x00000000eab00000,0x00000000eab00000,0x00000000f2d00000)
  from space 5120K, 0% used [0x00000000f2d00000,0x00000000f2d00000,0x00000000f3200000)
  to   space 54272K, 0% used [0x00000000fcb00000,0x00000000fcb00000,0x0000000100000000)
 ParOldGen       total 137216K, used 46534K [0x00000000c0000000, 0x00000000c8600000, 0x00000000eab00000)
  object space 137216K, 33% used [0x00000000c0000000,0x00000000c2d71b08,0x00000000c8600000)
 Metaspace       used 6405K, capacity 7192K, committed 7424K, reserved 1056768K
  class space    used 623K, capacity 656K, committed 768K, reserved 1048576K
}
Event: 5.395 GC heap before
{Heap before GC invocations=7 (full 1):
 PSYoungGen      total 138240K, used 133120K [0x00000000eab00000, 0x0000000100000000, 0x0000000100000000)
  eden space 133120K, 100% used [0x00000000eab00000,0x00000000f2d00000,0x00000000f2d00000)
  from space 5120K, 0% used [0x00000000f2d00000,0x00000000f2d00000,0x00000000f3200000)
  to   space 54272K, 0% used [0x00000000fcb00000,0x00000000fcb00000,0x0000000100000000)
 ParOldGen       total 137216K, used 46534K [0x00000000c0000000, 0x00000000c8600000, 0x00000000eab00000)
  object space 137216K, 33% used [0x00000000c0000000,0x00000000c2d71b08,0x00000000c8600000)
 Metaspace       used 6471K, capacity 7192K, committed 7424K, reserved 1056768K
  class space    used 623K, capacity 656K, committed 768K, reserved 1048576K
Event: 5.450 GC heap after
Heap after GC invocations=7 (full 1):
 PSYoungGen      total 241664K, used 54259K [0x00000000eab00000, 0x0000000100000000, 0x0000000100000000)
  eden space 187392K, 0% used [0x00000000eab00000,0x00000000eab00000,0x00000000f6200000)
  from space 54272K, 99% used [0x00000000fcb00000,0x00000000ffffcea8,0x0000000100000000)
  to   space 80896K, 0% used [0x00000000f6200000,0x00000000f6200000,0x00000000fb100000)
 ParOldGen       total 137216K, used 71217K [0x00000000c0000000, 0x00000000c8600000, 0x00000000eab00000)
  object space 137216K, 51% used [0x00000000c0000000,0x00000000c458c480,0x00000000c8600000)
 Metaspace       used 6471K, capacity 7192K, committed 7424K, reserved 1056768K
  class space    used 623K, capacity 656K, committed 768K, reserved 1048576K
}

Deoptimization events (10 events):
Event: 4.555 Thread 0x0000000002452800 Uncommon trap: reason=class_check action=maybe_recompile pc=0x000000000287ba20 method=com.android.dx.ssa.back.InterferenceGraph.add(II)V @ 19
Event: 4.555 Thread 0x0000000002452800 Uncommon trap: reason=class_check action=maybe_recompile pc=0x000000000287ba20 method=com.android.dx.ssa.back.InterferenceGraph.add(II)V @ 19
Event: 4.555 Thread 0x0000000002452800 Uncommon trap: reason=class_check action=maybe_recompile pc=0x000000000287ba20 method=com.android.dx.ssa.back.InterferenceGraph.add(II)V @ 19
Event: 4.954 Thread 0x0000000002452800 Uncommon trap: reason=unstable_if action=reinterpret pc=0x0000000002c23b30 method=com.android.dx.cf.code.Merger.mergeType(Lcom/android/dx/rop/type/TypeBearer;Lcom/android/dx/rop/type/TypeBearer;)Lcom/android/dx/rop/type/TypeBearer; @ 52
Event: 4.954 Thread 0x0000000002452800 Uncommon trap: reason=unstable_if action=reinterpret pc=0x0000000002b55f6c method=com.android.dx.cf.code.Merger.mergeType(Lcom/android/dx/rop/type/TypeBearer;Lcom/android/dx/rop/type/TypeBearer;)Lcom/android/dx/rop/type/TypeBearer; @ 133
Event: 5.069 Thread 0x0000000002452800 Uncommon trap: reason=bimorphic action=maybe_recompile pc=0x0000000002bb02d8 method=com.android.dx.cf.code.BytecodeArray.parseInstruction(ILcom/android/dx/cf/code/BytecodeArray$Visitor;)I @ 1357
Event: 5.069 Thread 0x0000000002452800 Uncommon trap: reason=bimorphic action=maybe_recompile pc=0x0000000002bb02d8 method=com.android.dx.cf.code.BytecodeArray.parseInstruction(ILcom/android/dx/cf/code/BytecodeArray$Visitor;)I @ 1357
Event: 5.457 Thread 0x0000000002452800 Uncommon trap: reason=unstable_if action=reinterpret pc=0x0000000002c71f70 method=com.android.dx.ssa.DeadCodeRemover.pruneDeadInstructions()V @ 49
Event: 5.481 Thread 0x0000000002452800 Uncommon trap: reason=bimorphic action=maybe_recompile pc=0x0000000002baf26c method=com.android.dx.cf.code.BytecodeArray.parseInstruction(ILcom/android/dx/cf/code/BytecodeArray$Visitor;)I @ 1501
Event: 5.481 Thread 0x0000000002452800 Uncommon trap: reason=bimorphic action=maybe_recompile pc=0x0000000002baf26c method=com.android.dx.cf.code.BytecodeArray.parseInstruction(ILcom/android/dx/cf/code/BytecodeArray$Visitor;)I @ 1501

Internal exceptions (5 events):
Event: 0.780 Thread 0x0000000002452800 Exception <a 'java/lang/NoSuchMethodError': Method sun.misc.Unsafe.defineClass(Ljava/lang/String;[BII)Ljava/lang/Class; name or signature does not match> (0x00000000eab07cc0) thrown at [D:\re\workspace\8-2-build-windows-amd64-cygwin\jdk8u92\6642\hotspot\srã_&DıË?
Event: 0.780 Thread 0x0000000002452800 Exception <a 'java/lang/NoSuchMethodError': Method sun.misc.Unsafe.prefetchRead(Ljava/lang/Object;J)V name or signature does not match> (0x00000000eab07fa8) thrown at [D:\re\workspace\8-2-build-windows-amd64-cygwin\jdk8u92\6642\hotspot\src\share\vm\prims\jø:ç÷Ú(
Event: 2.020 Thread 0x00000000165dd800 Exception <a 'java/lang/ArrayIndexOutOfBoundsException': 18> (0x00000000ec6d3d20) thrown at [D:\re\workspace\8-2-build-windows-amd64-cygwin\jdk8u92\6642\hotspot\src\share\vm\interpreter\interpreterRuntime.cpp, line 366]
Event: 2.020 Thread 0x00000000165dd800 Exception <a 'java/lang/ArrayIndexOutOfBoundsException'> (0x00000000ec6d58a0) thrown at [D:\re\workspace\8-2-build-windows-amd64-cygwin\jdk8u92\6642\hotspot\src\share\vm\runtime\sharedRuntime.cpp, line 605]
Event: 2.021 Thread 0x00000000165dd800 Exception <a 'java/lang/ArrayIndexOutOfBoundsException'> (0x00000000ec6d6b88) thrown at [D:\re\workspace\8-2-build-windows-amd64-cygwin\jdk8u92\6642\hotspot\src\share\vm\runtime\sharedRuntime.cpp, line 605]

Events (10 events):
Event: 5.464 Thread 0x00000000165e0800 DEOPT PACKING pc=0x00000000029ce796 sp=0x0000000016f6e840
Event: 5.464 Thread 0x00000000165e0800 DEOPT UNPACKING pc=0x000000000259787f sp=0x0000000016f6e5a8 mode 0
Event: 5.477 Thread 0x0000000002452800 DEOPT PACKING pc=0x0000000002cc2230 sp=0x000000000234e5e0
Event: 5.477 Thread 0x0000000002452800 DEOPT UNPACKING pc=0x000000000259787f sp=0x000000000234e410 mode 0
Event: 5.481 Thread 0x0000000002452800 Uncommon trap: trap_request=0xffffffc6 fr.pc=0x0000000002baf26c
Event: 5.481 Thread 0x0000000002452800 DEOPT PACKING pc=0x0000000002baf26c sp=0x000000000234e3a0
Event: 5.481 Thread 0x0000000002452800 DEOPT UNPACKING pc=0x000000000259582a sp=0x000000000234e360 mode 2
Event: 5.481 Thread 0x0000000002452800 Uncommon trap: trap_request=0xffffffc6 fr.pc=0x0000000002baf26c
Event: 5.481 Thread 0x0000000002452800 DEOPT PACKING pc=0x0000000002baf26c sp=0x000000000234e240
Event: 5.481 Thread 0x0000000002452800 DEOPT UNPACKING pc=0x000000000259582a sp=0x000000000234e200 mode 2


Dynamic libraries:
0x00007ff6479c0000 - 0x00007ff6479f7000 	C:\Program Files\Java\jdk1.8.0_92\bin\java.exe
0x00007ff9234b0000 - 0x00007ff92365a000 	C:\Windows\SYSTEM32\ntdll.dll
0x00007ff9231f0000 - 0x00007ff92332a000 	C:\Windows\system32\KERNEL32.DLL
0x00007ff920b70000 - 0x00007ff920c7f000 	C:\Windows\system32\KERNELBASE.dll
0x00007ff91f450000 - 0x00007ff91f4d8000 	C:\Windows\system32\apphelp.dll
0x00007ff8f6f90000 - 0x00007ff8f6fdf000 	C:\Windows\AppPatch\AppPatch64\AcGenral.DLL
0x00007ff922f70000 - 0x00007ff923017000 	C:\Windows\system32\msvcrt.dll
0x00007ff920660000 - 0x00007ff92068b000 	C:\Windows\SYSTEM32\SspiCli.dll
0x00007ff920d30000 - 0x00007ff920d81000 	C:\Windows\system32\SHLWAPI.dll
0x00007ff923330000 - 0x00007ff9234a1000 	C:\Windows\system32\USER32.dll
0x00007ff922950000 - 0x00007ff922ac8000 	C:\Windows\system32\ole32.dll
0x00007ff921530000 - 0x00007ff922947000 	C:\Windows\system32\SHELL32.dll
0x00007ff91fe90000 - 0x00007ff91feae000 	C:\Windows\SYSTEM32\USERENV.dll
0x00007ff923020000 - 0x00007ff9230c5000 	C:\Windows\system32\ADVAPI32.dll
0x00007ff91b780000 - 0x00007ff91b79b000 	C:\Windows\SYSTEM32\MPR.dll
0x00007ff922d50000 - 0x00007ff922e86000 	C:\Windows\system32\RPCRT4.dll
0x00007ff9212c0000 - 0x00007ff921317000 	C:\Windows\SYSTEM32\sechost.dll
0x00007ff9210e0000 - 0x00007ff9212b6000 	C:\Windows\SYSTEM32\combase.dll
0x00007ff920f80000 - 0x00007ff9210c5000 	C:\Windows\system32\GDI32.dll
0x00007ff920820000 - 0x00007ff920834000 	C:\Windows\SYSTEM32\profapi.dll
0x00007ff91ee80000 - 0x00007ff91ef1f000 	C:\Windows\SYSTEM32\SHCORE.dll
0x00007ff922b70000 - 0x00007ff922ba4000 	C:\Windows\system32\IMM32.DLL
0x00007ff9213f0000 - 0x00007ff921529000 	C:\Windows\system32\MSCTF.dll
0x00007ff91e5b0000 - 0x00007ff91e80a000 	C:\Windows\WinSxS\amd64_microsoft.windows.common-controls_6595b64144ccf1df_6.0.9600.17031_none_6242a4b3ecbb55a1\COMCTL32.dll
0x0000000063cc0000 - 0x0000000063d92000 	C:\Program Files\Java\jdk1.8.0_92\jre\bin\msvcr100.dll
0x0000000064370000 - 0x0000000064c06000 	C:\Program Files\Java\jdk1.8.0_92\jre\bin\server\jvm.dll
0x00007ff91a390000 - 0x00007ff91a399000 	C:\Windows\SYSTEM32\WSOCK32.dll
0x00007ff9173c0000 - 0x00007ff9173df000 	C:\Windows\SYSTEM32\WINMM.dll
0x00007ff91e4e0000 - 0x00007ff91e4ea000 	C:\Windows\SYSTEM32\VERSION.dll
0x00007ff9210d0000 - 0x00007ff9210d7000 	C:\Windows\system32\PSAPI.DLL
0x00007ff923190000 - 0x00007ff9231e8000 	C:\Windows\system32\WS2_32.dll
0x00007ff917390000 - 0x00007ff9173ba000 	C:\Windows\SYSTEM32\WINMMBASE.dll
0x00007ff922e90000 - 0x00007ff922e99000 	C:\Windows\system32\NSI.dll
0x00007ff920b20000 - 0x00007ff920b6a000 	C:\Windows\SYSTEM32\cfgmgr32.dll
0x00007ff91f6a0000 - 0x00007ff91f6c6000 	C:\Windows\SYSTEM32\DEVOBJ.dll
0x0000000064ca0000 - 0x0000000064caf000 	C:\Program Files\Java\jdk1.8.0_92\jre\bin\verify.dll
0x0000000064c70000 - 0x0000000064c99000 	C:\Program Files\Java\jdk1.8.0_92\jre\bin\java.dll
0x0000000064c50000 - 0x0000000064c66000 	C:\Program Files\Java\jdk1.8.0_92\jre\bin\zip.dll

VM Arguments:
jvm_args: -Djava.awt.headless=true -Xmx1024M -Dfile.encoding=windows-1252 -Duser.country=US -Duser.language=en -Duser.variant 
java_command: com.android.dx.command.Main --dex --force-jumbo --num-threads=4 --output C:\Zooket\app\build\intermediates\pre-dexed\debug\com.google.android.gms-play-services-ads-9.0.1_a213d0cf920b8fe9c76e548f5c02fedff6d4ca15.jar C:\Zooket\app\build\intermediates\exploded-aar\com.google.android.gms\play-services-ads\9.0.1\jars\classes.jar
java_class_path (initial): C:\android-sdk-windows\build-tools\24.0.3\lib\dx.jar
Launcher Type: SUN_STANDARD

Environment Variables:
PATH=C:\ProgramData\Oracle\Java\javapath;C:\Windows\system32;C:\Windows;C:\Windows\System32\Wbem;C:\Windows\System32\WindowsPowerShell\v1.0\;C:\Program Files (x86)\NVIDIA Corporation\PhysX\Common;C:\Program Files (x86)\Windows Kits\8.1\Windows Performance Toolkit\;C:\Program Files\Microsoft SQL Server\110\Tools\Binn\;C:\Program Files\Microsoft SQL Server\110\DTS\Binn\;C:\Program Files (x86)\Microsoft SQL Server\110\Tools\Binn\;C:\Program Files (x86)\Microsoft SQL Server\110\Tools\Binn\ManagementStudio\;C:\Program Files (x86)\Microsoft Visual Studio 10.0\Common7\IDE\PrivateAssemblies\;C:\Program Files (x86)\Microsoft SQL Server\110\DTS\Binn\;C:\Program Files (x86)\GtkSharp\2.12\bin;C:\Program Files (x86)\QuickTime\QTSystem\
USERNAME=Smo
OS=Windows_NT
PROCESSOR_IDENTIFIER=Intel64 Family 6 Model 94 Stepping 3, GenuineIntel



---------------  S Y S T E M  ---------------

OS: Windows 8.1 , 64 bit Build 9600 (6.3.9600.17056)

CPU:total 4 (4 cores per cpu, 1 threads per core) family 6 model 94 stepping 3, cmov, cx8, fxsr, mmx, sse, sse2, sse3, ssse3, sse4.1, sse4.2, popcnt, avx, avx2, aes, clmul, erms, 3dnowpref, lzcnt, tsc, tscinvbit, bmi1, bmi2, adx

Memory: 4k page, physical 8266404k(1964008k free), swap 8266404k(5588k free)

vm_info: Java HotSpot(TM) 64-Bit Server VM (25.92-b14) for windows-amd64 JRE (1.8.0_92-b14), built on Mar 31 2016 21:03:04 by "java_re" with MS VC++ 10.0 (VS2010)

time: Mon May 15 13:05:50 2017
elapsed time: 5 seconds (0d 0h 0m 5s)

