#
# There is insufficient memory for the Java Runtime Environment to continue.
# Native memory allocation (malloc) failed to allocate 131088 bytes for Chunk::new
# Possible reasons:
#   The system is out of physical RAM or swap space
#   In 32 bit mode, the process size limit was hit
# Possible solutions:
#   Reduce memory load on the system
#   Increase physical memory or swap space
#   Check if swap backing store is full
#   Use 64 bit Java on a 64 bit OS
#   Decrease Java heap size (-Xmx/-Xms)
#   Decrease number of Java threads
#   Decrease Java thread stack sizes (-Xss)
#   Set larger code cache with -XX:ReservedCodeCacheSize=
# This output file may be truncated or incomplete.
#
#  Out of Memory Error (allocation.cpp:390), pid=7868, tid=0x0000000000000a94
#
# JRE version: Java(TM) SE Runtime Environment (8.0_92-b14) (build 1.8.0_92-b14)
# Java VM: Java HotSpot(TM) 64-Bit Server VM (25.92-b14 mixed mode windows-amd64 compressed oops)
# Failed to write core dump. Minidumps are not enabled by default on client versions of Windows
#

---------------  T H R E A D  ---------------

Current thread (0x000000001473e000):  JavaThread "C2 CompilerThread0" daemon [_thread_in_native, id=2708, stack(0x0000000015c90000,0x0000000015d90000)]

Stack: [0x0000000015c90000,0x0000000015d90000]
[error occurred during error reporting (printing stack bounds), id 0xc0000005]

Native frames: (J=compiled Java code, j=interpreted, Vv=VM code, C=native code)


Current CompileTask:
C2:   1752 1783       4       com.android.dx.rop.code.LocalVariableExtractor::processBlock (327 bytes)


---------------  P R O C E S S  ---------------

Java Threads: ( => current thread )
  0x0000000016188800 JavaThread "pool-1-thread-4" [_thread_in_Java, id=4484, stack(0x0000000016990000,0x0000000016a90000)]
  0x000000001617f800 JavaThread "pool-1-thread-3" [_thread_in_Java, id=7156, stack(0x0000000016890000,0x0000000016990000)]
  0x000000001617e800 JavaThread "pool-1-thread-2" [_thread_in_Java, id=7936, stack(0x0000000016790000,0x0000000016890000)]
  0x0000000016101000 JavaThread "pool-2-thread-1" [_thread_blocked, id=7856, stack(0x0000000016690000,0x0000000016790000)]
  0x0000000016100000 JavaThread "pool-1-thread-1" [_thread_in_Java, id=684, stack(0x0000000016590000,0x0000000016690000)]
  0x0000000015e96800 JavaThread "Service Thread" daemon [_thread_blocked, id=2548, stack(0x0000000016390000,0x0000000016490000)]
  0x0000000015e91000 JavaThread "C1 CompilerThread2" daemon [_thread_blocked, id=232, stack(0x0000000016290000,0x0000000016390000)]
  0x0000000014797000 JavaThread "C2 CompilerThread1" daemon [_thread_in_native, id=2816, stack(0x0000000015d90000,0x0000000015e90000)]
=>0x000000001473e000 JavaThread "C2 CompilerThread0" daemon [_thread_in_native, id=2708, stack(0x0000000015c90000,0x0000000015d90000)]
  0x000000001473c000 JavaThread "Attach Listener" daemon [_thread_blocked, id=724, stack(0x0000000015b90000,0x0000000015c90000)]
  0x000000001473a800 JavaThread "Signal Dispatcher" daemon [_thread_blocked, id=7624, stack(0x0000000015a90000,0x0000000015b90000)]
  0x000000001472a800 JavaThread "Finalizer" daemon [_thread_blocked, id=5740, stack(0x0000000015990000,0x0000000015a90000)]
  0x0000000002060800 JavaThread "Reference Handler" daemon [_thread_blocked, id=4520, stack(0x0000000015890000,0x0000000015990000)]
  0x0000000001f72800 JavaThread "main" [_thread_in_vm, id=3388, stack(0x0000000001e70000,0x0000000001f70000)]

Other Threads:
  0x0000000014708800 VMThread [stack: 0x0000000015790000,0x0000000015890000] [id=5164]
  0x0000000015eab000 WatcherThread [stack: 0x0000000016490000,0x0000000016590000] [id=7636]

VM state:not at safepoint (normal execution)

VM Mutex/Monitor currently owned by a thread: None

Heap:
 PSYoungGen      total 71680K, used 58314K [0x00000000eab00000, 0x00000000ef600000, 0x0000000100000000)
  eden space 66560K, 79% used [0x00000000eab00000,0x00000000edef9ce0,0x00000000eec00000)
  from space 5120K, 99% used [0x00000000eec00000,0x00000000ef0f8dd0,0x00000000ef100000)
  to   space 5120K, 0% used [0x00000000ef100000,0x00000000ef100000,0x00000000ef600000)
 ParOldGen       total 87552K, used 14910K [0x00000000c0000000, 0x00000000c5580000, 0x00000000eab00000)
  object space 87552K, 17% used [0x00000000c0000000,0x00000000c0e8f8e0,0x00000000c5580000)
 Metaspace       used 6414K, capacity 7192K, committed 7424K, reserved 1056768K
  class space    used 624K, capacity 656K, committed 768K, reserved 1048576K

Card table byte_map: [0x0000000011430000,0x0000000011640000] byte_map_base: 0x0000000010e30000

Marking Bits: (ParMarkBitMap*) 0x0000000072dd64f0
 Begin Bits: [0x0000000011ba0000, 0x0000000012ba0000)
 End Bits:   [0x0000000012ba0000, 0x0000000013ba0000)

Polling page: 0x00000000004c0000

CodeCache: size=245760Kb used=7058Kb max_used=7066Kb free=238701Kb
 bounds [0x0000000002070000, 0x0000000002760000, 0x0000000011070000]
 total_blobs=2023 nmethods=1753 adapters=182
 compilation: enabled

Compilation events (10 events):
Event: 1.674 Thread 0x0000000015e91000 1782       2       com.android.dx.cf.code.Ropper$CatchInfo::getSetup (53 bytes)
Event: 1.675 Thread 0x0000000015e91000 nmethod 1782 0x000000000273fb50 code [0x000000000273fce0, 0x0000000002740028]
Event: 1.676 Thread 0x000000001473e000 nmethod 1725 0x000000000275b5d0 code [0x000000000275b740, 0x000000000275bcb8]
Event: 1.676 Thread 0x000000001473e000 1783       4       com.android.dx.rop.code.LocalVariableExtractor::processBlock (327 bytes)
Event: 1.682 Thread 0x0000000015e91000 1787       2       com.android.dx.ssa.back.IdenticalBlockCombiner::replaceSucc (83 bytes)
Event: 1.682 Thread 0x0000000015e91000 nmethod 1787 0x000000000273d510 code [0x000000000273d6c0, 0x000000000273da18]
Event: 1.684 Thread 0x0000000015e91000 1788       2       com.android.dx.dex.file.AnnotationItem::<init> (41 bytes)
Event: 1.684 Thread 0x0000000015e91000 nmethod 1788 0x000000000273f410 code [0x000000000273f5a0, 0x000000000273f8b8]
Event: 1.684 Thread 0x0000000015e91000 1789       1       com.android.dx.rop.cst.CstType::getType (4 bytes)
Event: 1.684 Thread 0x0000000015e91000 nmethod 1789 0x0000000002732dd0 code [0x0000000002732f20, 0x0000000002733030]

GC Heap History (6 events):
Event: 0.727 GC heap before
{Heap before GC invocations=1 (full 0):
 PSYoungGen      total 38400K, used 33280K [0x00000000eab00000, 0x00000000ed580000, 0x0000000100000000)
  eden space 33280K, 100% used [0x00000000eab00000,0x00000000ecb80000,0x00000000ecb80000)
  from space 5120K, 0% used [0x00000000ed080000,0x00000000ed080000,0x00000000ed580000)
  to   space 5120K, 0% used [0x00000000ecb80000,0x00000000ecb80000,0x00000000ed080000)
 ParOldGen       total 87552K, used 0K [0x00000000c0000000, 0x00000000c5580000, 0x00000000eab00000)
  object space 87552K, 0% used [0x00000000c0000000,0x00000000c0000000,0x00000000c5580000)
 Metaspace       used 6023K, capacity 6898K, committed 7040K, reserved 1056768K
  class space    used 603K, capacity 618K, committed 640K, reserved 1048576K
Event: 0.737 GC heap after
Heap after GC invocations=1 (full 0):
 PSYoungGen      total 38400K, used 5093K [0x00000000eab00000, 0x00000000ef600000, 0x0000000100000000)
  eden space 33280K, 0% used [0x00000000eab00000,0x00000000eab00000,0x00000000ecb80000)
  from space 5120K, 99% used [0x00000000ecb80000,0x00000000ed079630,0x00000000ed080000)
  to   space 5120K, 0% used [0x00000000ef100000,0x00000000ef100000,0x00000000ef600000)
 ParOldGen       total 87552K, used 937K [0x00000000c0000000, 0x00000000c5580000, 0x00000000eab00000)
  object space 87552K, 1% used [0x00000000c0000000,0x00000000c00ea6a8,0x00000000c5580000)
 Metaspace       used 6023K, capacity 6898K, committed 7040K, reserved 1056768K
  class space    used 603K, capacity 618K, committed 640K, reserved 1048576K
}
Event: 1.017 GC heap before
{Heap before GC invocations=2 (full 0):
 PSYoungGen      total 38400K, used 38373K [0x00000000eab00000, 0x00000000ef600000, 0x0000000100000000)
  eden space 33280K, 100% used [0x00000000eab00000,0x00000000ecb80000,0x00000000ecb80000)
  from space 5120K, 99% used [0x00000000ecb80000,0x00000000ed079630,0x00000000ed080000)
  to   space 5120K, 0% used [0x00000000ef100000,0x00000000ef100000,0x00000000ef600000)
 ParOldGen       total 87552K, used 937K [0x00000000c0000000, 0x00000000c5580000, 0x00000000eab00000)
  object space 87552K, 1% used [0x00000000c0000000,0x00000000c00ea6a8,0x00000000c5580000)
 Metaspace       used 6189K, capacity 7090K, committed 7296K, reserved 1056768K
  class space    used 604K, capacity 618K, committed 640K, reserved 1048576K
Event: 1.026 GC heap after
Heap after GC invocations=2 (full 0):
 PSYoungGen      total 71680K, used 5105K [0x00000000eab00000, 0x00000000ef600000, 0x0000000100000000)
  eden space 66560K, 0% used [0x00000000eab00000,0x00000000eab00000,0x00000000eec00000)
  from space 5120K, 99% used [0x00000000ef100000,0x00000000ef5fc4c0,0x00000000ef600000)
  to   space 5120K, 0% used [0x00000000eec00000,0x00000000eec00000,0x00000000ef100000)
 ParOldGen       total 87552K, used 5426K [0x00000000c0000000, 0x00000000c5580000, 0x00000000eab00000)
  object space 87552K, 6% used [0x00000000c0000000,0x00000000c054cab0,0x00000000c5580000)
 Metaspace       used 6189K, capacity 7090K, committed 7296K, reserved 1056768K
  class space    used 604K, capacity 618K, committed 640K, reserved 1048576K
}
Event: 1.378 GC heap before
{Heap before GC invocations=3 (full 0):
 PSYoungGen      total 71680K, used 71665K [0x00000000eab00000, 0x00000000ef600000, 0x0000000100000000)
  eden space 66560K, 100% used [0x00000000eab00000,0x00000000eec00000,0x00000000eec00000)
  from space 5120K, 99% used [0x00000000ef100000,0x00000000ef5fc4c0,0x00000000ef600000)
  to   space 5120K, 0% used [0x00000000eec00000,0x00000000eec00000,0x00000000ef100000)
 ParOldGen       total 87552K, used 5426K [0x00000000c0000000, 0x00000000c5580000, 0x00000000eab00000)
  object space 87552K, 6% used [0x00000000c0000000,0x00000000c054cab0,0x00000000c5580000)
 Metaspace       used 6297K, capacity 7154K, committed 7296K, reserved 1056768K
  class space    used 604K, capacity 618K, committed 640K, reserved 1048576K
Event: 1.517 GC heap after
Heap after GC invocations=3 (full 0):
 PSYoungGen      total 71680K, used 5091K [0x00000000eab00000, 0x00000000ef600000, 0x0000000100000000)
  eden space 66560K, 0% used [0x00000000eab00000,0x00000000eab00000,0x00000000eec00000)
  from space 5120K, 99% used [0x00000000eec00000,0x00000000ef0f8dd0,0x00000000ef100000)
  to   space 5120K, 0% used [0x00000000ef100000,0x00000000ef100000,0x00000000ef600000)
 ParOldGen       total 87552K, used 14910K [0x00000000c0000000, 0x00000000c5580000, 0x00000000eab00000)
  object space 87552K, 17% used [0x00000000c0000000,0x00000000c0e8f8e0,0x00000000c5580000)
 Metaspace       used 6297K, capacity 7154K, committed 7296K, reserved 1056768K
  class space    used 604K, capacity 618K, committed 640K, reserved 1048576K
}

Deoptimization events (10 events):
Event: 1.051 Thread 0x0000000001f72800 Uncommon trap: reason=unstable_if action=reinterpret pc=0x00000000025f5f94 method=com.android.dx.ssa.SCCP.simulateStmt(Lcom/android/dx/ssa/SsaInsn;)V @ 53
Event: 1.061 Thread 0x0000000016188800 Uncommon trap: reason=bimorphic action=maybe_recompile pc=0x000000000253c934 method=java.util.HashMap.putVal(ILjava/lang/Object;Ljava/lang/Object;ZZ)Ljava/lang/Object; @ 203
Event: 1.107 Thread 0x0000000016188800 Uncommon trap: reason=unstable_if action=reinterpret pc=0x00000000024be63c method=com.android.dx.util.IntList.binarysearch(I)I @ 105
Event: 1.201 Thread 0x000000001617e800 Uncommon trap: reason=unstable_if action=reinterpret pc=0x00000000023bd0dc method=com.android.dx.ssa.SsaMethod.updateOneDefinition(Lcom/android/dx/ssa/SsaInsn;Lcom/android/dx/rop/code/RegisterSpec;)V @ 4
Event: 1.610 Thread 0x000000001617e800 Uncommon trap: reason=unstable_if action=reinterpret pc=0x000000000264eef4 method=com.android.dx.ssa.LocalVariableExtractor.processBlock(I)V @ 251
Event: 1.613 Thread 0x0000000001f72800 Uncommon trap: reason=unloaded action=reinterpret pc=0x0000000002701db4 method=com.android.dx.cf.cst.ConstantPoolParser.parse0(ILjava/util/BitSet;)Lcom/android/dx/rop/cst/Constant; @ 198
Event: 1.648 Thread 0x000000001617f800 Uncommon trap: reason=bimorphic action=maybe_recompile pc=0x000000000253c934 method=java.util.HashMap.putVal(ILjava/lang/Object;Ljava/lang/Object;ZZ)Ljava/lang/Object; @ 203
Event: 1.648 Thread 0x000000001617f800 Uncommon trap: reason=bimorphic action=maybe_recompile pc=0x000000000253c934 method=java.util.HashMap.putVal(ILjava/lang/Object;Ljava/lang/Object;ZZ)Ljava/lang/Object; @ 203
Event: 1.649 Thread 0x000000001617f800 Uncommon trap: reason=unstable_if action=reinterpret pc=0x000000000238362c method=java.util.HashMap.putVal(ILjava/lang/Object;Ljava/lang/Object;ZZ)Ljava/lang/Object; @ 162
Event: 1.657 Thread 0x000000001617f800 Uncommon trap: reason=unstable_if action=reinterpret pc=0x000000000227f210 method=java.util.HashMap.getNode(ILjava/lang/Object;)Ljava/util/HashMap$Node; @ 84

Internal exceptions (5 events):
Event: 0.076 Thread 0x0000000001f72800 Exception <a 'java/lang/NoSuchMethodError': Method sun.misc.Unsafe.defineClass(Ljava/lang/String;[BII)Ljava/lang/Class; name or signature does not match> (0x00000000eab07cc0) thrown at [D:\re\workspace\8-2-build-windows-amd64-cygwin\jdk8u92\6642\hotspot\srf>NY³?
Event: 0.076 Thread 0x0000000001f72800 Exception <a 'java/lang/NoSuchMethodError': Method sun.misc.Unsafe.prefetchRead(Ljava/lang/Object;J)V name or signature does not match> (0x00000000eab07fa8) thrown at [D:\re\workspace\8-2-build-windows-amd64-cygwin\jdk8u92\6642\hotspot\src\share\vm\prims\jÚãØÚiú?
Event: 1.651 Thread 0x000000001617f800 Exception <a 'java/lang/ArrayIndexOutOfBoundsException': 18> (0x00000000ecfaece8) thrown at [D:\re\workspace\8-2-build-windows-amd64-cygwin\jdk8u92\6642\hotspot\src\share\vm\interpreter\interpreterRuntime.cpp, line 366]
Event: 1.651 Thread 0x000000001617f800 Exception <a 'java/lang/ArrayIndexOutOfBoundsException'> (0x00000000ecfb0868) thrown at [D:\re\workspace\8-2-build-windows-amd64-cygwin\jdk8u92\6642\hotspot\src\share\vm\runtime\sharedRuntime.cpp, line 605]
Event: 1.652 Thread 0x000000001617f800 Exception <a 'java/lang/ArrayIndexOutOfBoundsException'> (0x00000000ecfb1b50) thrown at [D:\re\workspace\8-2-build-windows-amd64-cygwin\jdk8u92\6642\hotspot\src\share\vm\runtime\sharedRuntime.cpp, line 605]

Events (10 events):
Event: 1.652 loading class sun/reflect/generics/reflectiveObjects/ParameterizedTypeImpl done
Event: 1.652 loading class java/lang/reflect/TypeVariable
Event: 1.652 loading class java/lang/reflect/TypeVariable done
Event: 1.652 loading class sun/reflect/generics/reflectiveObjects/TypeVariableImpl
Event: 1.652 loading class sun/reflect/generics/reflectiveObjects/LazyReflectiveObjectGenerator
Event: 1.652 loading class sun/reflect/generics/reflectiveObjects/LazyReflectiveObjectGenerator done
Event: 1.652 loading class sun/reflect/generics/reflectiveObjects/TypeVariableImpl done
Event: 1.657 Thread 0x000000001617f800 Uncommon trap: trap_request=0xffffff65 fr.pc=0x000000000227f210
Event: 1.657 Thread 0x000000001617f800 DEOPT PACKING pc=0x000000000227f210 sp=0x000000001698e8a0
Event: 1.657 Thread 0x000000001617f800 DEOPT UNPACKING pc=0x00000000020b582a sp=0x000000001698e818 mode 2


Dynamic libraries:
0x00007ff643cc0000 - 0x00007ff643cf7000 	C:\Program Files\Java\jdk1.8.0_92\bin\java.exe
0x00007fff95070000 - 0x00007fff9521a000 	C:\Windows\SYSTEM32\ntdll.dll
0x00007fff92d30000 - 0x00007fff92e6a000 	C:\Windows\system32\KERNEL32.DLL
0x00007fff92560000 - 0x00007fff9266f000 	C:\Windows\system32\KERNELBASE.dll
0x00007fff91010000 - 0x00007fff91098000 	C:\Windows\system32\apphelp.dll
0x00007fff72830000 - 0x00007fff7287f000 	C:\Windows\AppPatch\AppPatch64\AcGenral.DLL
0x00007fff92e70000 - 0x00007fff92f17000 	C:\Windows\system32\msvcrt.dll
0x00007fff92220000 - 0x00007fff9224b000 	C:\Windows\SYSTEM32\SspiCli.dll
0x00007fff931f0000 - 0x00007fff93241000 	C:\Windows\system32\SHLWAPI.dll
0x00007fff92a40000 - 0x00007fff92bb1000 	C:\Windows\system32\USER32.dll
0x00007fff93740000 - 0x00007fff938b8000 	C:\Windows\system32\ole32.dll
0x00007fff93a70000 - 0x00007fff94e87000 	C:\Windows\system32\SHELL32.dll
0x00007fff91a50000 - 0x00007fff91a6e000 	C:\Windows\SYSTEM32\USERENV.dll
0x00007fff93120000 - 0x00007fff931c5000 	C:\Windows\system32\ADVAPI32.dll
0x00007fff8d830000 - 0x00007fff8d84b000 	C:\Windows\SYSTEM32\MPR.dll
0x00007fff93250000 - 0x00007fff93386000 	C:\Windows\system32\RPCRT4.dll
0x00007fff930c0000 - 0x00007fff93117000 	C:\Windows\SYSTEM32\sechost.dll
0x00007fff93390000 - 0x00007fff93566000 	C:\Windows\SYSTEM32\combase.dll
0x00007fff938c0000 - 0x00007fff93a05000 	C:\Windows\system32\GDI32.dll
0x00007fff923e0000 - 0x00007fff923f4000 	C:\Windows\SYSTEM32\profapi.dll
0x00007fff90850000 - 0x00007fff908ef000 	C:\Windows\SYSTEM32\SHCORE.dll
0x00007fff929a0000 - 0x00007fff929d4000 	C:\Windows\system32\IMM32.DLL
0x00007fff92bc0000 - 0x00007fff92cf9000 	C:\Windows\system32\MSCTF.dll
0x00007fff900b0000 - 0x00007fff9030a000 	C:\Windows\WinSxS\amd64_microsoft.windows.common-controls_6595b64144ccf1df_6.0.9600.17031_none_6242a4b3ecbb55a1\COMCTL32.dll
0x00000000721c0000 - 0x0000000072292000 	C:\Program Files\Java\jdk1.8.0_92\jre\bin\msvcr100.dll
0x00000000725c0000 - 0x0000000072e56000 	C:\Program Files\Java\jdk1.8.0_92\jre\bin\server\jvm.dll
0x00007fff8be90000 - 0x00007fff8be99000 	C:\Windows\SYSTEM32\WSOCK32.dll
0x00007fff89000000 - 0x00007fff8901f000 	C:\Windows\SYSTEM32\WINMM.dll
0x00007fff8fff0000 - 0x00007fff8fffa000 	C:\Windows\SYSTEM32\VERSION.dll
0x00007fff92d00000 - 0x00007fff92d07000 	C:\Windows\system32\PSAPI.DLL
0x00007fff936e0000 - 0x00007fff93738000 	C:\Windows\system32\WS2_32.dll
0x00007fff86ca0000 - 0x00007fff86cca000 	C:\Windows\SYSTEM32\WINMMBASE.dll
0x00007fff931d0000 - 0x00007fff931d9000 	C:\Windows\system32\NSI.dll
0x00007fff92670000 - 0x00007fff926ba000 	C:\Windows\SYSTEM32\cfgmgr32.dll
0x00007fff91270000 - 0x00007fff91296000 	C:\Windows\SYSTEM32\DEVOBJ.dll
0x0000000073150000 - 0x000000007315f000 	C:\Program Files\Java\jdk1.8.0_92\jre\bin\verify.dll
0x0000000073120000 - 0x0000000073149000 	C:\Program Files\Java\jdk1.8.0_92\jre\bin\java.dll
0x0000000073100000 - 0x0000000073116000 	C:\Program Files\Java\jdk1.8.0_92\jre\bin\zip.dll

VM Arguments:
jvm_args: -Djava.awt.headless=true -Xmx1024M -Dfile.encoding=windows-1252 -Duser.country=US -Duser.language=en -Duser.variant 
java_command: com.android.dx.command.Main --dex --force-jumbo --num-threads=4 --output C:\Zooket\app\build\intermediates\pre-dexed\debug\com.android.support-appcompat-v7-23.4.0_fda78873d11546ce0404252f8f37bf8df30f60cc.jar C:\Zooket\app\build\intermediates\exploded-aar\com.android.support\appcompat-v7\23.4.0\jars\classes.jar
java_class_path (initial): C:\android-sdk-windows\build-tools\24.0.3\lib\dx.jar
Launcher Type: SUN_STANDARD

Environment Variables:
PATH=C:\ProgramData\Oracle\Java\javapath;C:\Windows\system32;C:\Windows;C:\Windows\System32\Wbem;C:\Windows\System32\WindowsPowerShell\v1.0\;C:\Program Files (x86)\NVIDIA Corporation\PhysX\Common;C:\Program Files (x86)\Windows Kits\8.1\Windows Performance Toolkit\;C:\Program Files\Microsoft SQL Server\110\Tools\Binn\;C:\Program Files\Microsoft SQL Server\110\DTS\Binn\;C:\Program Files (x86)\Microsoft SQL Server\110\Tools\Binn\;C:\Program Files (x86)\Microsoft SQL Server\110\Tools\Binn\ManagementStudio\;C:\Program Files (x86)\Microsoft Visual Studio 10.0\Common7\IDE\PrivateAssemblies\;C:\Program Files (x86)\Microsoft SQL Server\110\DTS\Binn\;C:\Program Files (x86)\GtkSharp\2.12\bin;C:\Program Files (x86)\QuickTime\QTSystem\
USERNAME=Smo
OS=Windows_NT
PROCESSOR_IDENTIFIER=Intel64 Family 6 Model 94 Stepping 3, GenuineIntel



---------------  S Y S T E M  ---------------

OS: Windows 8.1 , 64 bit Build 9600 (6.3.9600.17056)

CPU:total 4 (4 cores per cpu, 1 threads per core) family 6 model 94 stepping 3, cmov, cx8, fxsr, mmx, sse, sse2, sse3, ssse3, sse4.1, sse4.2, popcnt, avx, avx2, aes, clmul, erms, 3dnowpref, lzcnt, tsc, tscinvbit, bmi1, bmi2, adx

Memory: 4k page, physical 8266404k(1177936k free), swap 8266404k(12240k free)

vm_info: Java HotSpot(TM) 64-Bit Server VM (25.92-b14) for windows-amd64 JRE (1.8.0_92-b14), built on Mar 31 2016 21:03:04 by "java_re" with MS VC++ 10.0 (VS2010)

time: Tue May 23 10:34:59 2017
elapsed time: 1 seconds (0d 0h 0m 1s)

