#
# There is insufficient memory for the Java Runtime Environment to continue.
# Native memory allocation (malloc) failed to allocate 32744 bytes for ChunkPool::allocate
# Possible reasons:
#   The system is out of physical RAM or swap space
#   In 32 bit mode, the process size limit was hit
# Possible solutions:
#   Reduce memory load on the system
#   Increase physical memory or swap space
#   Check if swap backing store is full
#   Use 64 bit Java on a 64 bit OS
#   Decrease Java heap size (-Xmx/-Xms)
#   Decrease number of Java threads
#   Decrease Java thread stack sizes (-Xss)
#   Set larger code cache with -XX:ReservedCodeCacheSize=
# This output file may be truncated or incomplete.
#
#  Out of Memory Error (allocation.cpp:273), pid=7344, tid=0x0000000000001a7c
#
# JRE version: Java(TM) SE Runtime Environment (8.0_92-b14) (build 1.8.0_92-b14)
# Java VM: Java HotSpot(TM) 64-Bit Server VM (25.92-b14 mixed mode windows-amd64 compressed oops)
# Failed to write core dump. Minidumps are not enabled by default on client versions of Windows
#

---------------  T H R E A D  ---------------

Current thread (0x0000000015057800):  JavaThread "C2 CompilerThread1" daemon [_thread_in_native, id=6780, stack(0x0000000016740000,0x0000000016840000)]

Stack: [0x0000000016740000,0x0000000016840000]
[error occurred during error reporting (printing stack bounds), id 0xc0000005]

Native frames: (J=compiled Java code, j=interpreted, Vv=VM code, C=native code)


Current CompileTask:
C2:   2662 1076       4       com.android.dx.rop.cst.CstBaseMethodRef::compareTo0 (29 bytes)


---------------  P R O C E S S  ---------------

Java Threads: ( => current thread )
  0x0000000016846800 JavaThread "Service Thread" daemon [_thread_blocked, id=6164, stack(0x0000000016d40000,0x0000000016e40000)]
  0x0000000016841000 JavaThread "C1 CompilerThread2" daemon [_thread_blocked, id=8948, stack(0x0000000016c40000,0x0000000016d40000)]
=>0x0000000015057800 JavaThread "C2 CompilerThread1" daemon [_thread_in_native, id=6780, stack(0x0000000016740000,0x0000000016840000)]
  0x0000000014ffe000 JavaThread "C2 CompilerThread0" daemon [_thread_in_native, id=7372, stack(0x0000000016640000,0x0000000016740000)]
  0x0000000014ffc000 JavaThread "Attach Listener" daemon [_thread_blocked, id=7092, stack(0x0000000016540000,0x0000000016640000)]
  0x0000000014ffb000 JavaThread "Signal Dispatcher" daemon [_thread_blocked, id=8052, stack(0x0000000016440000,0x0000000016540000)]
  0x0000000014fea800 JavaThread "Finalizer" daemon [_thread_blocked, id=8740, stack(0x0000000016260000,0x0000000016360000)]
  0x0000000002920800 JavaThread "Reference Handler" daemon [_thread_blocked, id=8260, stack(0x0000000016160000,0x0000000016260000)]
  0x0000000002832800 JavaThread "main" [_thread_in_Java, id=6776, stack(0x00000000026b0000,0x00000000027b0000)]

Other Threads:
  0x0000000014fc8800 VMThread [stack: 0x0000000016060000,0x0000000016160000] [id=7520]
  0x000000001685a000 WatcherThread [stack: 0x0000000016e40000,0x0000000016f40000] [id=9172]

VM state:not at safepoint (normal execution)

VM Mutex/Monitor currently owned by a thread: None

Heap:
 PSYoungGen      total 38400K, used 24669K [0x00000000eab00000, 0x00000000ed580000, 0x0000000100000000)
  eden space 33280K, 74% used [0x00000000eab00000,0x00000000ec317570,0x00000000ecb80000)
  from space 5120K, 0% used [0x00000000ed080000,0x00000000ed080000,0x00000000ed580000)
  to   space 5120K, 0% used [0x00000000ecb80000,0x00000000ecb80000,0x00000000ed080000)
 ParOldGen       total 87552K, used 0K [0x00000000c0000000, 0x00000000c5580000, 0x00000000eab00000)
  object space 87552K, 0% used [0x00000000c0000000,0x00000000c0000000,0x00000000c5580000)
 Metaspace       used 5874K, capacity 6840K, committed 7040K, reserved 1056768K
  class space    used 599K, capacity 624K, committed 640K, reserved 1048576K

Card table byte_map: [0x0000000011cf0000,0x0000000011f00000] byte_map_base: 0x00000000116f0000

Marking Bits: (ParMarkBitMap*) 0x000000005fe464f0
 Begin Bits: [0x0000000012460000, 0x0000000013460000)
 End Bits:   [0x0000000013460000, 0x0000000014460000)

Polling page: 0x0000000001010000

CodeCache: size=245760Kb used=4258Kb max_used=4258Kb free=241501Kb
 bounds [0x0000000002930000, 0x0000000002d60000, 0x0000000011930000]
 total_blobs=1344 nmethods=1076 adapters=181
 compilation: enabled

Compilation events (10 events):
Event: 2.660 Thread 0x0000000016841000 nmethod 1073 0x0000000002d5aad0 code [0x0000000002d5ad60, 0x0000000002d5c2d8]
Event: 2.660 Thread 0x0000000016841000 1074       3       com.android.dx.rop.cst.CstMemberRef::hashCode (19 bytes)
Event: 2.660 Thread 0x0000000016841000 nmethod 1074 0x0000000002d54590 code [0x0000000002d54740, 0x0000000002d54f68]
Event: 2.660 Thread 0x0000000016841000 1075       3       com.android.dx.rop.cst.CstNat::hashCode (19 bytes)
Event: 2.660 Thread 0x0000000016841000 nmethod 1075 0x0000000002d57450 code [0x0000000002d575e0, 0x0000000002d57a98]
Event: 2.660 Thread 0x0000000016841000 1077       3       java.util.HashMap$KeyIterator::next (8 bytes)
Event: 2.661 Thread 0x0000000016841000 nmethod 1077 0x0000000002d57010 code [0x0000000002d57180, 0x0000000002d57388]
Event: 2.661 Thread 0x0000000016841000 1078       3       java.lang.Float::isNaN (12 bytes)
Event: 2.661 Thread 0x0000000016841000 nmethod 1078 0x0000000002d56c90 code [0x0000000002d56de0, 0x0000000002d56f90]
Event: 2.661 Thread 0x0000000016841000 1081       3       java.util.TreeMap::put (247 bytes)

GC Heap History (0 events):
No events

Deoptimization events (10 events):
Event: 2.473 Thread 0x0000000016ada800 Uncommon trap: reason=class_check action=maybe_recompile pc=0x0000000002bb2b8c method=com.android.dx.ssa.NormalSsaInsn.accept(Lcom/android/dx/ssa/SsaInsn$Visitor;)V @ 9
Event: 2.487 Thread 0x00000000169c6000 Uncommon trap: reason=class_check action=maybe_recompile pc=0x0000000002bb2b8c method=com.android.dx.ssa.NormalSsaInsn.accept(Lcom/android/dx/ssa/SsaInsn$Visitor;)V @ 9
Event: 2.487 Thread 0x00000000169c6000 Uncommon trap: reason=class_check action=maybe_recompile pc=0x0000000002bb2b8c method=com.android.dx.ssa.NormalSsaInsn.accept(Lcom/android/dx/ssa/SsaInsn$Visitor;)V @ 9
Event: 2.549 Thread 0x0000000016ada800 Uncommon trap: reason=class_check action=maybe_recompile pc=0x0000000002bb2b8c method=com.android.dx.ssa.NormalSsaInsn.accept(Lcom/android/dx/ssa/SsaInsn$Visitor;)V @ 9
Event: 2.644 Thread 0x0000000016ada800 Uncommon trap: reason=unstable_if action=reinterpret pc=0x0000000002caa128 method=com.android.dx.util.IntList.binarysearch(I)I @ 105
Event: 2.655 Thread 0x0000000002832800 Uncommon trap: reason=class_check action=maybe_recompile pc=0x0000000002d1a488 method=java.util.Arrays.hashCode([Ljava/lang/Object;)I @ 43
Event: 2.655 Thread 0x0000000002832800 Uncommon trap: reason=class_check action=maybe_recompile pc=0x0000000002d1a488 method=java.util.Arrays.hashCode([Ljava/lang/Object;)I @ 43
Event: 2.656 Thread 0x0000000002832800 Uncommon trap: reason=class_check action=maybe_recompile pc=0x0000000002d1a488 method=java.util.Arrays.hashCode([Ljava/lang/Object;)I @ 43
Event: 2.656 Thread 0x0000000002832800 Uncommon trap: reason=class_check action=maybe_recompile pc=0x0000000002d1a488 method=java.util.Arrays.hashCode([Ljava/lang/Object;)I @ 43
Event: 2.656 Thread 0x0000000002832800 Uncommon trap: reason=class_check action=maybe_recompile pc=0x0000000002d16ef4 method=java.util.Arrays.hashCode([Ljava/lang/Object;)I @ 43

Internal exceptions (2 events):
Event: 1.742 Thread 0x0000000002832800 Exception <a 'java/lang/NoSuchMethodError': Method sun.misc.Unsafe.defineClass(Ljava/lang/String;[BII)Ljava/lang/Class; name or signature does not match> (0x00000000eab07cc0) thrown at [D:\re\workspace\8-2-build-windows-amd64-cygwin\jdk8u92\6642\hotspot\sreÛîÙ‚ßû?
Event: 1.742 Thread 0x0000000002832800 Exception <a 'java/lang/NoSuchMethodError': Method sun.misc.Unsafe.prefetchRead(Ljava/lang/Object;J)V name or signature does not match> (0x00000000eab07fa8) thrown at [D:\re\workspace\8-2-build-windows-amd64-cygwin\jdk8u92\6642\hotspot\src\share\vm\prims\j

Events (10 events):
Event: 2.656 Thread 0x0000000002832800 DEOPT PACKING pc=0x0000000002d1a488 sp=0x00000000027aeb60
Event: 2.656 Thread 0x0000000002832800 DEOPT UNPACKING pc=0x000000000297582a sp=0x00000000027aea90 mode 2
Event: 2.656 Thread 0x0000000002832800 Uncommon trap: trap_request=0xffffffde fr.pc=0x0000000002d1a488
Event: 2.656 Thread 0x0000000002832800 DEOPT PACKING pc=0x0000000002d1a488 sp=0x00000000027aeb10
Event: 2.656 Thread 0x0000000002832800 DEOPT UNPACKING pc=0x000000000297582a sp=0x00000000027aea40 mode 2
Event: 2.656 Thread 0x0000000002832800 Uncommon trap: trap_request=0xffffffde fr.pc=0x0000000002d16ef4
Event: 2.656 Thread 0x0000000002832800 DEOPT PACKING pc=0x0000000002d16ef4 sp=0x00000000027aeb00
Event: 2.656 Thread 0x0000000002832800 DEOPT UNPACKING pc=0x000000000297582a sp=0x00000000027aea88 mode 2
Event: 2.657 loading class com/android/dx/dex/file/CatchStructs
Event: 2.657 loading class com/android/dx/dex/file/CatchStructs done


Dynamic libraries:
0x00007ff6d53b0000 - 0x00007ff6d53e7000 	C:\Program Files\Java\jdk1.8.0_92\bin\java.exe
0x00007ffbdc880000 - 0x00007ffbdca2a000 	C:\Windows\SYSTEM32\ntdll.dll
0x00007ffbda4d0000 - 0x00007ffbda60a000 	C:\Windows\system32\KERNEL32.DLL
0x00007ffbd9cc0000 - 0x00007ffbd9dcf000 	C:\Windows\system32\KERNELBASE.dll
0x00007ffbd8820000 - 0x00007ffbd88a8000 	C:\Windows\system32\apphelp.dll
0x00007ffbb25a0000 - 0x00007ffbb25ef000 	C:\Windows\AppPatch\AppPatch64\AcGenral.DLL
0x00007ffbda6c0000 - 0x00007ffbda767000 	C:\Windows\system32\msvcrt.dll
0x00007ffbd9a30000 - 0x00007ffbd9a5b000 	C:\Windows\SYSTEM32\SspiCli.dll
0x00007ffbdbea0000 - 0x00007ffbdbef1000 	C:\Windows\system32\SHLWAPI.dll
0x00007ffbdc300000 - 0x00007ffbdc471000 	C:\Windows\system32\USER32.dll
0x00007ffbdc610000 - 0x00007ffbdc788000 	C:\Windows\system32\ole32.dll
0x00007ffbdaa20000 - 0x00007ffbdbe37000 	C:\Windows\system32\SHELL32.dll
0x00007ffbd9260000 - 0x00007ffbd927e000 	C:\Windows\SYSTEM32\USERENV.dll
0x00007ffbdc7d0000 - 0x00007ffbdc875000 	C:\Windows\system32\ADVAPI32.dll
0x00007ffbd5040000 - 0x00007ffbd505b000 	C:\Windows\SYSTEM32\MPR.dll
0x00007ffbda100000 - 0x00007ffbda236000 	C:\Windows\system32\RPCRT4.dll
0x00007ffbdc100000 - 0x00007ffbdc157000 	C:\Windows\SYSTEM32\sechost.dll
0x00007ffbda840000 - 0x00007ffbdaa16000 	C:\Windows\SYSTEM32\combase.dll
0x00007ffbda240000 - 0x00007ffbda385000 	C:\Windows\system32\GDI32.dll
0x00007ffbd9bf0000 - 0x00007ffbd9c04000 	C:\Windows\SYSTEM32\profapi.dll
0x00007ffbd80b0000 - 0x00007ffbd814f000 	C:\Windows\SYSTEM32\SHCORE.dll
0x00007ffbdc790000 - 0x00007ffbdc7c4000 	C:\Windows\system32\IMM32.DLL
0x00007ffbda390000 - 0x00007ffbda4c9000 	C:\Windows\system32\MSCTF.dll
0x00007ffbd78f0000 - 0x00007ffbd7b4a000 	C:\Windows\WinSxS\amd64_microsoft.windows.common-controls_6595b64144ccf1df_6.0.9600.17031_none_6242a4b3ecbb55a1\COMCTL32.dll
0x000000005ef50000 - 0x000000005f022000 	C:\Program Files\Java\jdk1.8.0_92\jre\bin\msvcr100.dll
0x000000005f630000 - 0x000000005fec6000 	C:\Program Files\Java\jdk1.8.0_92\jre\bin\server\jvm.dll
0x00007ffbd49e0000 - 0x00007ffbd49e9000 	C:\Windows\SYSTEM32\WSOCK32.dll
0x00007ffbd2510000 - 0x00007ffbd252f000 	C:\Windows\SYSTEM32\WINMM.dll
0x00007ffbd7800000 - 0x00007ffbd780a000 	C:\Windows\SYSTEM32\VERSION.dll
0x00007ffbda830000 - 0x00007ffbda837000 	C:\Windows\system32\PSAPI.DLL
0x00007ffbdbe40000 - 0x00007ffbdbe98000 	C:\Windows\system32\WS2_32.dll
0x00007ffbce1f0000 - 0x00007ffbce21a000 	C:\Windows\SYSTEM32\WINMMBASE.dll
0x00007ffbdbf10000 - 0x00007ffbdbf19000 	C:\Windows\system32\NSI.dll
0x00007ffbda0b0000 - 0x00007ffbda0fa000 	C:\Windows\SYSTEM32\cfgmgr32.dll
0x00007ffbd8a80000 - 0x00007ffbd8aa6000 	C:\Windows\SYSTEM32\DEVOBJ.dll
0x0000000060660000 - 0x000000006066f000 	C:\Program Files\Java\jdk1.8.0_92\jre\bin\verify.dll
0x0000000060630000 - 0x0000000060659000 	C:\Program Files\Java\jdk1.8.0_92\jre\bin\java.dll
0x000000005f610000 - 0x000000005f626000 	C:\Program Files\Java\jdk1.8.0_92\jre\bin\zip.dll

VM Arguments:
jvm_args: -Djava.awt.headless=true -Xmx1024M -Dfile.encoding=windows-1252 -Duser.country=US -Duser.language=en -Duser.variant 
java_command: com.android.dx.command.Main --dex --force-jumbo --num-threads=4 --output C:\Zooket\app\build\intermediates\pre-dexed\debug\com.google.android.gms-play-services-iid-9.0.1_16a7600e58e31e3d7ea7e6c15e8480578a99d2b7.jar C:\Zooket\app\build\intermediates\exploded-aar\com.google.android.gms\play-services-iid\9.0.1\jars\classes.jar
java_class_path (initial): C:\android-sdk-windows\build-tools\24.0.3\lib\dx.jar
Launcher Type: SUN_STANDARD

Environment Variables:
PATH=C:\ProgramData\Oracle\Java\javapath;C:\Windows\system32;C:\Windows;C:\Windows\System32\Wbem;C:\Windows\System32\WindowsPowerShell\v1.0\;C:\Program Files (x86)\NVIDIA Corporation\PhysX\Common;C:\Program Files (x86)\Windows Kits\8.1\Windows Performance Toolkit\;C:\Program Files\Microsoft SQL Server\110\Tools\Binn\;C:\Program Files\Microsoft SQL Server\110\DTS\Binn\;C:\Program Files (x86)\Microsoft SQL Server\110\Tools\Binn\;C:\Program Files (x86)\Microsoft SQL Server\110\Tools\Binn\ManagementStudio\;C:\Program Files (x86)\Microsoft Visual Studio 10.0\Common7\IDE\PrivateAssemblies\;C:\Program Files (x86)\Microsoft SQL Server\110\DTS\Binn\;C:\Program Files (x86)\GtkSharp\2.12\bin;C:\Program Files (x86)\QuickTime\QTSystem\
USERNAME=Smo
OS=Windows_NT
PROCESSOR_IDENTIFIER=Intel64 Family 6 Model 94 Stepping 3, GenuineIntel



---------------  S Y S T E M  ---------------

OS: Windows 8.1 , 64 bit Build 9600 (6.3.9600.17056)

CPU:total 4 (4 cores per cpu, 1 threads per core) family 6 model 94 stepping 3, cmov, cx8, fxsr, mmx, sse, sse2, sse3, ssse3, sse4.1, sse4.2, popcnt, avx, avx2, aes, clmul, erms, 3dnowpref, lzcnt, tsc, tscinvbit, bmi1, bmi2, adx

Memory: 4k page, physical 8266404k(1218556k free), swap 8266404k(5108k free)

vm_info: Java HotSpot(TM) 64-Bit Server VM (25.92-b14) for windows-amd64 JRE (1.8.0_92-b14), built on Mar 31 2016 21:03:04 by "java_re" with MS VC++ 10.0 (VS2010)

time: Tue May 23 16:43:04 2017
elapsed time: 2 seconds (0d 0h 0m 2s)

