#
# A fatal error has been detected by the Java Runtime Environment:
#
#  EXCEPTION_STACK_OVERFLOW (0xc00000fd) at pc=0x0000000062af2a37, pid=4368, tid=0x00000000000026f0
#
# JRE version: Java(TM) SE Runtime Environment (8.0_92-b14) (build 1.8.0_92-b14)
# Java VM: Java HotSpot(TM) 64-Bit Server VM (25.92-b14 mixed mode windows-amd64 compressed oops)
# Problematic frame:
# V  [jvm.dll+0x212a37]
#
# Failed to write core dump. Minidumps are not enabled by default on client versions of Windows
#
# If you would like to submit a bug report, please visit:
#   http://bugreport.java.com/bugreport/crash.jsp
#

---------------  T H R E A D  ---------------

Current thread (0x0000000014bba000):  JavaThread "Finalizer" daemon [_thread_in_vm, id=9968, stack(0x0000000015e30000,0x0000000015f30000)]

siginfo: ExceptionCode=0xc00000fd, ExceptionInformation=0x0000000000000001 0x0000000015f2b0e0 

Registers:
RAX=0x0000000015f2b0e0, RBX=0x0000000000000005, RCX=0x0000000000004000, RDX=0x0000000000000006
RSP=0x0000000015f2f0e0, RBP=0x0000000000000000, RSI=0x0000000015f2f0e0, RDI=0x0000000000000005
R8 =0x0000000000000006, R9 =0x0000000014b95540, R10=0x0000000014324e48, R11=0x0000000015e3a160
R12=0x0000000014b95540, R13=0x0000000014bba000, R14=0x0000000015f2f1a8, R15=0x0000000014324e48
RIP=0x0000000062af2a37, EFLAGS=0x0000000000010202

Top of Stack: (sp=0x0000000015f2f0e0)
0x0000000015f2f0e0:   0000000002000002 0000000062224e7e
0x0000000015f2f0f0:   0000000014bba000 0000000014b95540
0x0000000015f2f100:   00000000ffffffff 0000000062af3967
0x0000000015f2f110:   0000000015f2f210 0000000014324e48
0x0000000015f2f120:   0000000014bba000 000000006299fd93
0x0000000015f2f130:   0000000015f2f170 0000000014bba000
0x0000000015f2f140:   0000000015f2f200 0000000014bba000
0x0000000015f2f150:   0000000014324e48 0000000014bba000
0x0000000015f2f160:   00000000024f3200 0000000014bba000
0x0000000015f2f170:   0000000014324e48 0000000014bba000
0x0000000015f2f180:   000000001425d400 0000000014bba000
0x0000000015f2f190:   0000000000000001 0000000014324e48
0x0000000015f2f1a0:   0000000014bba000 00000000024d4ee0
0x0000000015f2f1b0:   0000000014bba000 00000000629a127d
0x0000000015f2f1c0:   0000000015f2f4c8 00000001000069a0
0x0000000015f2f1d0:   000000010001d0c0 0000000000000000 

Instructions: (pc=0x0000000062af2a37)
0x0000000062af2a17:   48 89 6c 24 30 33 ed 66 90 e8 cb 38 08 00 ff c3
0x0000000062af2a27:   48 63 c8 48 8b c6 48 0f af cf 48 ff c7 48 2b c1
0x0000000062af2a37:   89 28 48 63 c3 48 3b 05 7d dc 58 00 7e db 48 8b
0x0000000062af2a47:   6c 24 30 48 8b 5c 24 38 48 8b 74 24 40 48 83 c4 


Register to memory mapping:

RAX=0x0000000015f2b0e0 is pointing into the stack for thread: 0x0000000014bba000
RBX=0x0000000000000005 is an unknown value
RCX=0x0000000000004000 is an unknown value
RDX=0x0000000000000006 is an unknown value
RSP=0x0000000015f2f0e0 is pointing into the stack for thread: 0x0000000014bba000
RBP=0x0000000000000000 is an unknown value
RSI=0x0000000015f2f0e0 is pointing into the stack for thread: 0x0000000014bba000
RDI=0x0000000000000005 is an unknown value
R8 =0x0000000000000006 is an unknown value
R9 =0x0000000014b95540 is an unknown value
R10={method} {0x0000000014324e50} 'run' '()V' in 'java/lang/ref/Finalizer$FinalizerThread'
R11=0x0000000015e3a160 is pointing into the stack for thread: 0x0000000014bba000
R12=0x0000000014b95540 is an unknown value
R13=0x0000000014bba000 is a thread
R14=0x0000000015f2f1a8 is pointing into the stack for thread: 0x0000000014bba000
R15={method} {0x0000000014324e50} 'run' '()V' in 'java/lang/ref/Finalizer$FinalizerThread'


Stack: [0x0000000015e30000,0x0000000015f30000],  sp=0x0000000015f2f0e0,  free space=1020k
Native frames: (J=compiled Java code, j=interpreted, Vv=VM code, C=native code)


---------------  P R O C E S S  ---------------

Java Threads: ( => current thread )
  0x0000000016d47800 JavaThread "Service Thread" daemon [_thread_new, id=148, stack(0x0000000000000000,0x0000000000000000)]
  0x0000000016d41000 JavaThread "C1 CompilerThread2" daemon [_thread_blocked, id=8408, stack(0x0000000017140000,0x0000000017240000)]
  0x0000000014bd0800 JavaThread "C2 CompilerThread1" daemon [_thread_blocked, id=1984, stack(0x0000000016c40000,0x0000000016d40000)]
  0x0000000014bcd000 JavaThread "C2 CompilerThread0" daemon [_thread_blocked, id=9776, stack(0x0000000016340000,0x0000000016440000)]
  0x0000000014bcb000 JavaThread "Attach Listener" daemon [_thread_blocked, id=6660, stack(0x0000000016240000,0x0000000016340000)]
  0x0000000014bca000 JavaThread "Signal Dispatcher" daemon [_thread_blocked, id=7992, stack(0x0000000016140000,0x0000000016240000)]
=>0x0000000014bba000 JavaThread "Finalizer" daemon [_thread_in_vm, id=9968, stack(0x0000000015e30000,0x0000000015f30000)]
  0x0000000014b99000 JavaThread "Reference Handler" daemon [_thread_blocked, id=6480, stack(0x0000000015d30000,0x0000000015e30000)]
  0x00000000023e0800 JavaThread "main" [_thread_in_vm, id=8396, stack(0x00000000022a0000,0x00000000023a0000)]

Other Threads:
  0x0000000014b97800 VMThread [stack: 0x0000000015c30000,0x0000000015d30000] [id=1152]

VM state:not at safepoint (normal execution)

VM Mutex/Monitor currently owned by a thread: None

Heap:
 PSYoungGen      total 38400K, used 1331K [0x00000000eab00000, 0x00000000ed580000, 0x0000000100000000)
  eden space 33280K, 4% used [0x00000000eab00000,0x00000000eac4cce8,0x00000000ecb80000)
  from space 5120K, 0% used [0x00000000ed080000,0x00000000ed080000,0x00000000ed580000)
  to   space 5120K, 0% used [0x00000000ecb80000,0x00000000ecb80000,0x00000000ed080000)
 ParOldGen       total 87552K, used 0K [0x00000000c0000000, 0x00000000c5580000, 0x00000000eab00000)
  object space 87552K, 0% used [0x00000000c0000000,0x00000000c0000000,0x00000000c5580000)
 Metaspace       used 2305K, capacity 4480K, committed 4480K, reserved 1056768K
  class space    used 254K, capacity 384K, committed 384K, reserved 1048576K

Card table byte_map: [0x00000000118a0000,0x0000000011ab0000] byte_map_base: 0x00000000112a0000

Marking Bits: (ParMarkBitMap*) 0x00000000630f64f0
 Begin Bits: [0x0000000012010000, 0x0000000013010000)
 End Bits:   [0x0000000013010000, 0x0000000014010000)

Polling page: 0x00000000023a0000

CodeCache: size=245760Kb used=1081Kb max_used=1081Kb free=244678Kb
 bounds [0x00000000024e0000, 0x0000000002750000, 0x00000000114e0000]
 total_blobs=238 nmethods=15 adapters=137
 compilation: enabled

Compilation events (0 events):
No events

GC Heap History (0 events):
No events

Deoptimization events (0 events):
No events

Internal exceptions (2 events):
Event: 0.086 Thread 0x00000000023e0800 Exception <a 'java/lang/NoSuchMethodError': Method sun.misc.Unsafe.defineClass(Ljava/lang/String;[BII)Ljava/lang/Class; name or signature does not match> (0x00000000eab07cc0) thrown at [D:\re\workspace\8-2-build-windows-amd64-cygwin\jdk8u92\6642\hotspot\sr?v-O:¶?
Event: 0.086 Thread 0x00000000023e0800 Exception <a 'java/lang/NoSuchMethodError': Method sun.misc.Unsafe.prefetchRead(Ljava/lang/Object;J)V name or signature does not match> (0x00000000eab07fa8) thrown at [D:\re\workspace\8-2-build-windows-amd64-cygwin\jdk8u92\6642\hotspot\src\share\vm\prims\j

Events (10 events):
Event: 0.087 loading class java/util/HashMap$Node done
Event: 0.087 loading class sun/misc/VM
Event: 0.087 loading class sun/misc/VM done
Event: 0.087 loading class java/util/Hashtable$Entry
Event: 0.087 loading class java/util/Hashtable$Entry done
Event: 0.087 loading class java/lang/Math
Event: 0.087 loading class java/lang/Math done
Event: 0.088 loading class java/lang/ref/Finalizer$FinalizerThread
Event: 0.088 loading class java/lang/ref/Finalizer$FinalizerThread done
Event: 0.088 Thread 0x0000000014bba000 Thread added: 0x0000000014bba000


Dynamic libraries:
0x00007ff7caf40000 - 0x00007ff7caf77000 	C:\Program Files\Java\jdk1.8.0_92\bin\java.exe
0x00007fffb8b40000 - 0x00007fffb8cea000 	C:\Windows\SYSTEM32\ntdll.dll
0x00007fffb8550000 - 0x00007fffb868a000 	C:\Windows\system32\KERNEL32.DLL
0x00007fffb5f80000 - 0x00007fffb608f000 	C:\Windows\system32\KERNELBASE.dll
0x00007fffb4ae0000 - 0x00007fffb4b68000 	C:\Windows\system32\apphelp.dll
0x00007fffa31b0000 - 0x00007fffa31ff000 	C:\Windows\AppPatch\AppPatch64\AcGenral.DLL
0x00007fffb6510000 - 0x00007fffb65b7000 	C:\Windows\system32\msvcrt.dll
0x00007fffb5cf0000 - 0x00007fffb5d1b000 	C:\Windows\SYSTEM32\SspiCli.dll
0x00007fffb6fa0000 - 0x00007fffb6ff1000 	C:\Windows\system32\SHLWAPI.dll
0x00007fffb6aa0000 - 0x00007fffb6c11000 	C:\Windows\system32\USER32.dll
0x00007fffb6e10000 - 0x00007fffb6f88000 	C:\Windows\system32\ole32.dll
0x00007fffb7110000 - 0x00007fffb8527000 	C:\Windows\system32\SHELL32.dll
0x00007fffb5520000 - 0x00007fffb553e000 	C:\Windows\SYSTEM32\USERENV.dll
0x00007fffb65c0000 - 0x00007fffb6665000 	C:\Windows\system32\ADVAPI32.dll
0x00007fffb12f0000 - 0x00007fffb130b000 	C:\Windows\SYSTEM32\MPR.dll
0x00007fffb8760000 - 0x00007fffb8896000 	C:\Windows\system32\RPCRT4.dll
0x00007fffb8690000 - 0x00007fffb86e7000 	C:\Windows\SYSTEM32\sechost.dll
0x00007fffb6670000 - 0x00007fffb6846000 	C:\Windows\SYSTEM32\combase.dll
0x00007fffb6950000 - 0x00007fffb6a95000 	C:\Windows\system32\GDI32.dll
0x00007fffb5eb0000 - 0x00007fffb5ec4000 	C:\Windows\SYSTEM32\profapi.dll
0x00007fffb4510000 - 0x00007fffb45af000 	C:\Windows\SYSTEM32\SHCORE.dll
0x00007fffb6c20000 - 0x00007fffb6c54000 	C:\Windows\system32\IMM32.DLL
0x00007fffb63c0000 - 0x00007fffb64f9000 	C:\Windows\system32\MSCTF.dll
0x00007fffb3c90000 - 0x00007fffb3eea000 	C:\Windows\WinSxS\amd64_microsoft.windows.common-controls_6595b64144ccf1df_6.0.9600.17031_none_6242a4b3ecbb55a1\COMCTL32.dll
0x00000000621d0000 - 0x00000000622a2000 	C:\Program Files\Java\jdk1.8.0_92\jre\bin\msvcr100.dll
0x00000000628e0000 - 0x0000000063176000 	C:\Program Files\Java\jdk1.8.0_92\jre\bin\server\jvm.dll
0x00007fffb1b10000 - 0x00007fffb1b19000 	C:\Windows\SYSTEM32\WSOCK32.dll
0x00007ffface60000 - 0x00007ffface7f000 	C:\Windows\SYSTEM32\WINMM.dll
0x00007fffb3bc0000 - 0x00007fffb3bca000 	C:\Windows\SYSTEM32\VERSION.dll
0x00007fffb8750000 - 0x00007fffb8757000 	C:\Windows\system32\PSAPI.DLL
0x00007fffb7000000 - 0x00007fffb7058000 	C:\Windows\system32\WS2_32.dll
0x00007fffaa9e0000 - 0x00007fffaaa0a000 	C:\Windows\SYSTEM32\WINMMBASE.dll
0x00007fffb6f90000 - 0x00007fffb6f99000 	C:\Windows\system32\NSI.dll
0x00007fffb6370000 - 0x00007fffb63ba000 	C:\Windows\SYSTEM32\cfgmgr32.dll
0x00007fffb4d30000 - 0x00007fffb4d56000 	C:\Windows\SYSTEM32\DEVOBJ.dll
0x0000000063470000 - 0x000000006347f000 	C:\Program Files\Java\jdk1.8.0_92\jre\bin\verify.dll
0x0000000063440000 - 0x0000000063469000 	C:\Program Files\Java\jdk1.8.0_92\jre\bin\java.dll
0x0000000063420000 - 0x0000000063436000 	C:\Program Files\Java\jdk1.8.0_92\jre\bin\zip.dll
0x00007fffaf620000 - 0x00007fffaf7a8000 	C:\Windows\SYSTEM32\dbghelp.dll

VM Arguments:
jvm_args: -Djava.awt.headless=true -Xmx1024M -Dfile.encoding=windows-1252 -Duser.country=US -Duser.language=en -Duser.variant 
java_command: com.android.dx.command.Main --dex --force-jumbo --num-threads=4 --output C:\Zooket\app\build\intermediates\pre-dexed\debug\instant-run-bootstrap_43443e368cdc32831de3e8636ce05d6fffea3b20.jar C:\Zooket\app\build\intermediates\incremental-classes\debug\instant-run-bootstrap.jar
java_class_path (initial): C:\android-sdk-windows\build-tools\24.0.3\lib\dx.jar
Launcher Type: SUN_STANDARD

Environment Variables:
PATH=C:\ProgramData\Oracle\Java\javapath;C:\Windows\system32;C:\Windows;C:\Windows\System32\Wbem;C:\Windows\System32\WindowsPowerShell\v1.0\;C:\Program Files (x86)\NVIDIA Corporation\PhysX\Common;C:\Program Files (x86)\Windows Kits\8.1\Windows Performance Toolkit\;C:\Program Files\Microsoft SQL Server\110\Tools\Binn\;C:\Program Files\Microsoft SQL Server\110\DTS\Binn\;C:\Program Files (x86)\Microsoft SQL Server\110\Tools\Binn\;C:\Program Files (x86)\Microsoft SQL Server\110\Tools\Binn\ManagementStudio\;C:\Program Files (x86)\Microsoft Visual Studio 10.0\Common7\IDE\PrivateAssemblies\;C:\Program Files (x86)\Microsoft SQL Server\110\DTS\Binn\;C:\Program Files (x86)\GtkSharp\2.12\bin;C:\Program Files (x86)\QuickTime\QTSystem\
USERNAME=Smo
OS=Windows_NT
PROCESSOR_IDENTIFIER=Intel64 Family 6 Model 94 Stepping 3, GenuineIntel



---------------  S Y S T E M  ---------------

OS: Windows 8.1 , 64 bit Build 9600 (6.3.9600.17056)

CPU:total 4 (4 cores per cpu, 1 threads per core) family 6 model 94 stepping 3, cmov, cx8, fxsr, mmx, sse, sse2, sse3, ssse3, sse4.1, sse4.2, popcnt, avx, avx2, aes, clmul, erms, 3dnowpref, lzcnt, tsc, tscinvbit, bmi1, bmi2, adx

Memory: 4k page, physical 8266404k(1416532k free), swap 8266404k(392812k free)

vm_info: Java HotSpot(TM) 64-Bit Server VM (25.92-b14) for windows-amd64 JRE (1.8.0_92-b14), built on Mar 31 2016 21:03:04 by "java_re" with MS VC++ 10.0 (VS2010)

time: Mon May 22 00:07:34 2017
elapsed time: 0 seconds (0d 0h 0m 0s)

