#
# There is insufficient memory for the Java Runtime Environment to continue.
# Native memory allocation (malloc) failed to allocate 65552 bytes for Chunk::new
# Possible reasons:
#   The system is out of physical RAM or swap space
#   In 32 bit mode, the process size limit was hit
# Possible solutions:
#   Reduce memory load on the system
#   Increase physical memory or swap space
#   Check if swap backing store is full
#   Use 64 bit Java on a 64 bit OS
#   Decrease Java heap size (-Xmx/-Xms)
#   Decrease number of Java threads
#   Decrease Java thread stack sizes (-Xss)
#   Set larger code cache with -XX:ReservedCodeCacheSize=
# This output file may be truncated or incomplete.
#
#  Out of Memory Error (allocation.cpp:390), pid=6608, tid=0x0000000000002118
#
# JRE version: Java(TM) SE Runtime Environment (8.0_92-b14) (build 1.8.0_92-b14)
# Java VM: Java HotSpot(TM) 64-Bit Server VM (25.92-b14 mixed mode windows-amd64 compressed oops)
# Failed to write core dump. Minidumps are not enabled by default on client versions of Windows
#

---------------  T H R E A D  ---------------

Current thread (0x00000000149d6800):  JavaThread "C2 CompilerThread1" daemon [_thread_in_native, id=8472, stack(0x00000000160b0000,0x00000000161b0000)]

Stack: [0x00000000160b0000,0x00000000161b0000]
[error occurred during error reporting (printing stack bounds), id 0xc0000005]

Native frames: (J=compiled Java code, j=interpreted, Vv=VM code, C=native code)


Current CompileTask:
C2:   4488 1318       4       com.android.dx.rop.code.LocalVariableExtractor::processBlock (327 bytes)


---------------  P R O C E S S  ---------------

Java Threads: ( => current thread )
  0x00000000164fc000 JavaThread "pool-1-thread-4" [_thread_blocked, id=8892, stack(0x0000000016cb0000,0x0000000016db0000)]
  0x00000000164fb000 JavaThread "pool-1-thread-3" [_thread_in_Java, id=9044, stack(0x0000000016bb0000,0x0000000016cb0000)]
  0x00000000164fa800 JavaThread "pool-1-thread-2" [_thread_blocked, id=9200, stack(0x0000000016ab0000,0x0000000016bb0000)]
  0x00000000164c0800 JavaThread "pool-2-thread-1" [_thread_blocked, id=3076, stack(0x00000000169b0000,0x0000000016ab0000)]
  0x00000000164bf800 JavaThread "pool-1-thread-1" [_thread_in_vm, id=3928, stack(0x00000000168b0000,0x00000000169b0000)]
  0x00000000161b5800 JavaThread "Service Thread" daemon [_thread_blocked, id=8800, stack(0x00000000166b0000,0x00000000167b0000)]
  0x00000000161b0800 JavaThread "C1 CompilerThread2" daemon [_thread_blocked, id=6268, stack(0x00000000165b0000,0x00000000166b0000)]
=>0x00000000149d6800 JavaThread "C2 CompilerThread1" daemon [_thread_in_native, id=8472, stack(0x00000000160b0000,0x00000000161b0000)]
  0x000000001497d000 JavaThread "C2 CompilerThread0" daemon [_thread_in_native, id=1964, stack(0x0000000015fb0000,0x00000000160b0000)]
  0x000000001497b000 JavaThread "Attach Listener" daemon [_thread_blocked, id=3512, stack(0x0000000015eb0000,0x0000000015fb0000)]
  0x000000001497a000 JavaThread "Signal Dispatcher" daemon [_thread_blocked, id=9160, stack(0x0000000015db0000,0x0000000015eb0000)]
  0x00000000022aa800 JavaThread "Finalizer" daemon [_thread_blocked, id=8960, stack(0x0000000015bd0000,0x0000000015cd0000)]
  0x0000000014949000 JavaThread "Reference Handler" daemon [_thread_blocked, id=9128, stack(0x0000000015ad0000,0x0000000015bd0000)]
  0x00000000021b2800 JavaThread "main" [_thread_blocked, id=8536, stack(0x00000000020b0000,0x00000000021b0000)]

Other Threads:
  0x0000000014947800 VMThread [stack: 0x00000000159d0000,0x0000000015ad0000] [id=3804]
  0x00000000161d1800 WatcherThread [stack: 0x00000000167b0000,0x00000000168b0000] [id=8100]

VM state:not at safepoint (normal execution)

VM Mutex/Monitor currently owned by a thread: None

Heap:
 PSYoungGen      total 38400K, used 30950K [0x00000000eab00000, 0x00000000ef600000, 0x0000000100000000)
  eden space 33280K, 77% used [0x00000000eab00000,0x00000000ec4403d8,0x00000000ecb80000)
  from space 5120K, 99% used [0x00000000ecb80000,0x00000000ed079708,0x00000000ed080000)
  to   space 5120K, 0% used [0x00000000ef100000,0x00000000ef100000,0x00000000ef600000)
 ParOldGen       total 87552K, used 241K [0x00000000c0000000, 0x00000000c5580000, 0x00000000eab00000)
  object space 87552K, 0% used [0x00000000c0000000,0x00000000c003c458,0x00000000c5580000)
 Metaspace       used 6101K, capacity 6962K, committed 7040K, reserved 1056768K
  class space    used 603K, capacity 618K, committed 640K, reserved 1048576K

Card table byte_map: [0x0000000011670000,0x0000000011880000] byte_map_base: 0x0000000011070000

Marking Bits: (ParMarkBitMap*) 0x00000000542664f0
 Begin Bits: [0x0000000011de0000, 0x0000000012de0000)
 End Bits:   [0x0000000012de0000, 0x0000000013de0000)

Polling page: 0x0000000001fc0000

CodeCache: size=245760Kb used=5497Kb max_used=5497Kb free=240262Kb
 bounds [0x00000000022b0000, 0x0000000002820000, 0x00000000112b0000]
 total_blobs=1616 nmethods=1347 adapters=182
 compilation: enabled

Compilation events (10 events):
Event: 4.474 Thread 0x00000000161b0800 nmethod 1336 0x00000000027fe550 code [0x00000000027fe6c0, 0x00000000027fe9b0]
Event: 4.474 Thread 0x00000000161b0800 1337       3       com.android.dx.rop.code.LocalItem::<init> (15 bytes)
Event: 4.474 Thread 0x00000000161b0800 nmethod 1337 0x00000000027fead0 code [0x00000000027fec20, 0x00000000027fedf0]
Event: 4.478 Thread 0x00000000161b0800 1338       3       com.android.dx.cf.code.OneLocalsArray::getMaxLocals (6 bytes)
Event: 4.478 Thread 0x00000000161b0800 nmethod 1338 0x00000000027fee90 code [0x00000000027fefe0, 0x00000000027ff130]
Event: 4.479 Thread 0x00000000161b0800 1339       3       com.android.dx.ssa.SCCP::replaceConstants (209 bytes)
Event: 4.480 Thread 0x00000000161b0800 nmethod 1339 0x00000000027ff1d0 code [0x00000000027ff4e0, 0x0000000002801038]
Event: 4.480 Thread 0x00000000161b0800 1340       3       java.util.HashMap$HashIterator::hasNext (13 bytes)
Event: 4.480 Thread 0x00000000161b0800 nmethod 1340 0x0000000002801f50 code [0x00000000028020a0, 0x0000000002802250]
Event: 4.480 Thread 0x00000000161b0800 1341       3       com.android.dx.ssa.back.SsaToRop::removePhiFunctions (83 bytes)

GC Heap History (2 events):
Event: 3.316 GC heap before
{Heap before GC invocations=1 (full 0):
 PSYoungGen      total 38400K, used 33280K [0x00000000eab00000, 0x00000000ed580000, 0x0000000100000000)
  eden space 33280K, 100% used [0x00000000eab00000,0x00000000ecb80000,0x00000000ecb80000)
  from space 5120K, 0% used [0x00000000ed080000,0x00000000ed080000,0x00000000ed580000)
  to   space 5120K, 0% used [0x00000000ecb80000,0x00000000ecb80000,0x00000000ed080000)
 ParOldGen       total 87552K, used 0K [0x00000000c0000000, 0x00000000c5580000, 0x00000000eab00000)
  object space 87552K, 0% used [0x00000000c0000000,0x00000000c0000000,0x00000000c5580000)
 Metaspace       used 5903K, capacity 6832K, committed 7040K, reserved 1056768K
  class space    used 602K, capacity 616K, committed 640K, reserved 1048576K
Event: 3.602 GC heap after
Heap after GC invocations=1 (full 0):
 PSYoungGen      total 38400K, used 5093K [0x00000000eab00000, 0x00000000ef600000, 0x0000000100000000)
  eden space 33280K, 0% used [0x00000000eab00000,0x00000000eab00000,0x00000000ecb80000)
  from space 5120K, 99% used [0x00000000ecb80000,0x00000000ed079708,0x00000000ed080000)
  to   space 5120K, 0% used [0x00000000ef100000,0x00000000ef100000,0x00000000ef600000)
 ParOldGen       total 87552K, used 241K [0x00000000c0000000, 0x00000000c5580000, 0x00000000eab00000)
  object space 87552K, 0% used [0x00000000c0000000,0x00000000c003c458,0x00000000c5580000)
 Metaspace       used 5903K, capacity 6832K, committed 7040K, reserved 1056768K
  class space    used 602K, capacity 616K, committed 640K, reserved 1048576K
}

Deoptimization events (10 events):
Event: 3.609 Thread 0x00000000164fc000 Uncommon trap: reason=class_check action=maybe_recompile pc=0x0000000002548728 method=com.android.dx.rop.type.Type.equals(Ljava/lang/Object;)Z @ 8
Event: 3.610 Thread 0x00000000164fc000 Uncommon trap: reason=class_check action=maybe_recompile pc=0x0000000002548728 method=com.android.dx.rop.type.Type.equals(Ljava/lang/Object;)Z @ 8
Event: 3.613 Thread 0x00000000164fc000 Uncommon trap: reason=class_check action=maybe_recompile pc=0x000000000250cd60 method=com.android.dx.rop.type.Type.equals(Ljava/lang/Object;)Z @ 8
Event: 4.144 Thread 0x00000000164fb000 Uncommon trap: reason=unstable_if action=reinterpret pc=0x000000000269193c method=com.android.dx.util.IntList.binarysearch(I)I @ 105
Event: 4.153 Thread 0x00000000164fb000 Uncommon trap: reason=unstable_if action=reinterpret pc=0x00000000024f7fdc method=com.android.dx.rop.cst.Constant.compareTo(Lcom/android/dx/rop/cst/Constant;)I @ 12
Event: 4.280 Thread 0x00000000164fa800 Uncommon trap: reason=bimorphic action=maybe_recompile pc=0x000000000274bbf0 method=com.android.dx.cf.code.BytecodeArray.parseInstruction(ILcom/android/dx/cf/code/BytecodeArray$Visitor;)I @ 955
Event: 4.280 Thread 0x00000000164fa800 Uncommon trap: reason=bimorphic action=maybe_recompile pc=0x000000000274ba70 method=com.android.dx.cf.code.BytecodeArray.parseInstruction(ILcom/android/dx/cf/code/BytecodeArray$Visitor;)I @ 907
Event: 4.280 Thread 0x00000000164fa800 Uncommon trap: reason=bimorphic action=maybe_recompile pc=0x000000000274c140 method=com.android.dx.cf.code.BytecodeArray.parseInstruction(ILcom/android/dx/cf/code/BytecodeArray$Visitor;)I @ 1224
Event: 4.280 Thread 0x00000000164fa800 Uncommon trap: reason=bimorphic action=maybe_recompile pc=0x000000000274baf0 method=com.android.dx.cf.code.BytecodeArray.parseInstruction(ILcom/android/dx/cf/code/BytecodeArray$Visitor;)I @ 923
Event: 4.280 Thread 0x00000000164fa800 Uncommon trap: reason=bimorphic action=maybe_recompile pc=0x000000000274c140 method=com.android.dx.cf.code.BytecodeArray.parseInstruction(ILcom/android/dx/cf/code/BytecodeArray$Visitor;)I @ 1224

Internal exceptions (2 events):
Event: 0.026 Thread 0x00000000021b2800 Exception <a 'java/lang/NoSuchMethodError': Method sun.misc.Unsafe.defineClass(Ljava/lang/String;[BII)Ljava/lang/Class; name or signature does not match> (0x00000000eab07cc0) thrown at [D:\re\workspace\8-2-build-windows-amd64-cygwin\jdk8u92\6642\hotspot\sræLÐúŽ_š?
Event: 0.026 Thread 0x00000000021b2800 Exception <a 'java/lang/NoSuchMethodError': Method sun.misc.Unsafe.prefetchRead(Ljava/lang/Object;J)V name or signature does not match> (0x00000000eab07fa8) thrown at [D:\re\workspace\8-2-build-windows-amd64-cygwin\jdk8u92\6642\hotspot\src\share\vm\prims\j

Events (10 events):
Event: 4.280 Thread 0x00000000164fa800 DEOPT UNPACKING pc=0x00000000022f582a sp=0x0000000016bae628 mode 2
Event: 4.280 Thread 0x00000000164fa800 Uncommon trap: trap_request=0xffffffc6 fr.pc=0x000000000274c140
Event: 4.280 Thread 0x00000000164fa800 DEOPT PACKING pc=0x000000000274c140 sp=0x0000000016bae6a0
Event: 4.280 Thread 0x00000000164fa800 DEOPT UNPACKING pc=0x00000000022f582a sp=0x0000000016bae628 mode 2
Event: 4.280 Thread 0x00000000164fa800 Uncommon trap: trap_request=0xffffffc6 fr.pc=0x000000000274baf0
Event: 4.280 Thread 0x00000000164fa800 DEOPT PACKING pc=0x000000000274baf0 sp=0x0000000016bae6a0
Event: 4.280 Thread 0x00000000164fa800 DEOPT UNPACKING pc=0x00000000022f582a sp=0x0000000016bae628 mode 2
Event: 4.280 Thread 0x00000000164fa800 Uncommon trap: trap_request=0xffffffc6 fr.pc=0x000000000274c140
Event: 4.280 Thread 0x00000000164fa800 DEOPT PACKING pc=0x000000000274c140 sp=0x0000000016bae6a0
Event: 4.280 Thread 0x00000000164fa800 DEOPT UNPACKING pc=0x00000000022f582a sp=0x0000000016bae628 mode 2


Dynamic libraries:
0x00007ff77dd40000 - 0x00007ff77dd77000 	C:\Program Files\Java\jdk1.8.0_92\bin\java.exe
0x00007ff95e280000 - 0x00007ff95e42a000 	C:\Windows\SYSTEM32\ntdll.dll
0x00007ff95d9d0000 - 0x00007ff95db0a000 	C:\Windows\system32\KERNEL32.DLL
0x00007ff95b9f0000 - 0x00007ff95baff000 	C:\Windows\system32\KERNELBASE.dll
0x00007ff95a220000 - 0x00007ff95a2a8000 	C:\Windows\system32\apphelp.dll
0x00007ff93af80000 - 0x00007ff93afcf000 	C:\Windows\AppPatch\AppPatch64\AcGenral.DLL
0x00007ff95bb10000 - 0x00007ff95bbb7000 	C:\Windows\system32\msvcrt.dll
0x00007ff95b430000 - 0x00007ff95b45b000 	C:\Windows\SYSTEM32\SspiCli.dll
0x00007ff95dd10000 - 0x00007ff95dd61000 	C:\Windows\system32\SHLWAPI.dll
0x00007ff95d460000 - 0x00007ff95d5d1000 	C:\Windows\system32\USER32.dll
0x00007ff95df50000 - 0x00007ff95e0c8000 	C:\Windows\system32\ole32.dll
0x00007ff95bbc0000 - 0x00007ff95cfd7000 	C:\Windows\system32\SHELL32.dll
0x00007ff95ac60000 - 0x00007ff95ac7e000 	C:\Windows\SYSTEM32\USERENV.dll
0x00007ff95db10000 - 0x00007ff95dbb5000 	C:\Windows\system32\ADVAPI32.dll
0x00007ff956ad0000 - 0x00007ff956aeb000 	C:\Windows\SYSTEM32\MPR.dll
0x00007ff95d5e0000 - 0x00007ff95d716000 	C:\Windows\system32\RPCRT4.dll
0x00007ff95e0d0000 - 0x00007ff95e127000 	C:\Windows\SYSTEM32\sechost.dll
0x00007ff95d090000 - 0x00007ff95d266000 	C:\Windows\SYSTEM32\combase.dll
0x00007ff95e130000 - 0x00007ff95e275000 	C:\Windows\system32\GDI32.dll
0x00007ff95b5f0000 - 0x00007ff95b604000 	C:\Windows\SYSTEM32\profapi.dll
0x00007ff959c50000 - 0x00007ff959cef000 	C:\Windows\SYSTEM32\SHCORE.dll
0x00007ff95dd70000 - 0x00007ff95dda4000 	C:\Windows\system32\IMM32.DLL
0x00007ff95d320000 - 0x00007ff95d459000 	C:\Windows\system32\MSCTF.dll
0x00007ff959340000 - 0x00007ff95959a000 	C:\Windows\WinSxS\amd64_microsoft.windows.common-controls_6595b64144ccf1df_6.0.9600.17031_none_6242a4b3ecbb55a1\COMCTL32.dll
0x0000000053650000 - 0x0000000053722000 	C:\Program Files\Java\jdk1.8.0_92\jre\bin\msvcr100.dll
0x0000000053a50000 - 0x00000000542e6000 	C:\Program Files\Java\jdk1.8.0_92\jre\bin\server\jvm.dll
0x00007ff951bb0000 - 0x00007ff951bb9000 	C:\Windows\SYSTEM32\WSOCK32.dll
0x00007ff952430000 - 0x00007ff95244f000 	C:\Windows\SYSTEM32\WINMM.dll
0x00007ff959300000 - 0x00007ff95930a000 	C:\Windows\SYSTEM32\VERSION.dll
0x00007ff95bb00000 - 0x00007ff95bb07000 	C:\Windows\system32\PSAPI.DLL
0x00007ff95d910000 - 0x00007ff95d968000 	C:\Windows\system32\WS2_32.dll
0x00007ff9523f0000 - 0x00007ff95241a000 	C:\Windows\SYSTEM32\WINMMBASE.dll
0x00007ff95d720000 - 0x00007ff95d729000 	C:\Windows\system32\NSI.dll
0x00007ff95b7c0000 - 0x00007ff95b80a000 	C:\Windows\SYSTEM32\cfgmgr32.dll
0x00007ff95a470000 - 0x00007ff95a496000 	C:\Windows\SYSTEM32\DEVOBJ.dll
0x00000000545e0000 - 0x00000000545ef000 	C:\Program Files\Java\jdk1.8.0_92\jre\bin\verify.dll
0x00000000545b0000 - 0x00000000545d9000 	C:\Program Files\Java\jdk1.8.0_92\jre\bin\java.dll
0x0000000054590000 - 0x00000000545a6000 	C:\Program Files\Java\jdk1.8.0_92\jre\bin\zip.dll

VM Arguments:
jvm_args: -Djava.awt.headless=true -Xmx1024M -Dfile.encoding=windows-1252 -Duser.country=US -Duser.language=en -Duser.variant 
java_command: com.android.dx.command.Main --dex --force-jumbo --num-threads=4 --output C:\Zooket\app\build\intermediates\pre-dexed\debug\com.android.support-support-v4-23.4.0_f734d97fa04a2e05a1116d02dcc997e4eda30f5a.jar C:\Zooket\app\build\intermediates\exploded-aar\com.android.support\support-v4\23.4.0\jars\classes.jar
java_class_path (initial): C:\android-sdk-windows\build-tools\24.0.3\lib\dx.jar
Launcher Type: SUN_STANDARD

Environment Variables:
PATH=C:\ProgramData\Oracle\Java\javapath;C:\Windows\system32;C:\Windows;C:\Windows\System32\Wbem;C:\Windows\System32\WindowsPowerShell\v1.0\;C:\Program Files (x86)\NVIDIA Corporation\PhysX\Common;C:\Program Files (x86)\Windows Kits\8.1\Windows Performance Toolkit\;C:\Program Files\Microsoft SQL Server\110\Tools\Binn\;C:\Program Files\Microsoft SQL Server\110\DTS\Binn\;C:\Program Files (x86)\Microsoft SQL Server\110\Tools\Binn\;C:\Program Files (x86)\Microsoft SQL Server\110\Tools\Binn\ManagementStudio\;C:\Program Files (x86)\Microsoft Visual Studio 10.0\Common7\IDE\PrivateAssemblies\;C:\Program Files (x86)\Microsoft SQL Server\110\DTS\Binn\;C:\Program Files (x86)\GtkSharp\2.12\bin;C:\Program Files (x86)\QuickTime\QTSystem\
USERNAME=Smo
OS=Windows_NT
PROCESSOR_IDENTIFIER=Intel64 Family 6 Model 94 Stepping 3, GenuineIntel



---------------  S Y S T E M  ---------------

OS: Windows 8.1 , 64 bit Build 9600 (6.3.9600.17056)

CPU:total 4 (4 cores per cpu, 1 threads per core) family 6 model 94 stepping 3, cmov, cx8, fxsr, mmx, sse, sse2, sse3, ssse3, sse4.1, sse4.2, popcnt, avx, avx2, aes, clmul, erms, 3dnowpref, lzcnt, tsc, tscinvbit, bmi1, bmi2, adx

Memory: 4k page, physical 8266404k(1168592k free), swap 8266404k(9252k free)

vm_info: Java HotSpot(TM) 64-Bit Server VM (25.92-b14) for windows-amd64 JRE (1.8.0_92-b14), built on Mar 31 2016 21:03:04 by "java_re" with MS VC++ 10.0 (VS2010)

time: Mon May 08 11:52:20 2017
elapsed time: 4 seconds (0d 0h 0m 4s)

