#
# There is insufficient memory for the Java Runtime Environment to continue.
# Native memory allocation (malloc) failed to allocate 781696 bytes for Chunk::new
# Possible reasons:
#   The system is out of physical RAM or swap space
#   In 32 bit mode, the process size limit was hit
# Possible solutions:
#   Reduce memory load on the system
#   Increase physical memory or swap space
#   Check if swap backing store is full
#   Use 64 bit Java on a 64 bit OS
#   Decrease Java heap size (-Xmx/-Xms)
#   Decrease number of Java threads
#   Decrease Java thread stack sizes (-Xss)
#   Set larger code cache with -XX:ReservedCodeCacheSize=
# This output file may be truncated or incomplete.
#
#  Out of Memory Error (allocation.cpp:390), pid=7128, tid=0x0000000000001388
#
# JRE version: Java(TM) SE Runtime Environment (8.0_92-b14) (build 1.8.0_92-b14)
# Java VM: Java HotSpot(TM) 64-Bit Server VM (25.92-b14 mixed mode windows-amd64 compressed oops)
# Failed to write core dump. Minidumps are not enabled by default on client versions of Windows
#

---------------  T H R E A D  ---------------

Current thread (0x0000000014ade000):  JavaThread "C2 CompilerThread0" daemon [_thread_in_native, id=5000, stack(0x0000000016120000,0x0000000016220000)]

Stack: [0x0000000016120000,0x0000000016220000]
[error occurred during error reporting (printing stack bounds), id 0xc0000005]

Native frames: (J=compiled Java code, j=interpreted, Vv=VM code, C=native code)


Current CompileTask:
C2:   1796 1299       4       com.android.dx.ssa.SCCP::simulateBranch (666 bytes)


---------------  P R O C E S S  ---------------

Java Threads: ( => current thread )
  0x0000000016586000 JavaThread "pool-1-thread-4" [_thread_blocked, id=6216, stack(0x0000000016e20000,0x0000000016f20000)]
  0x0000000016648800 JavaThread "pool-1-thread-3" [_thread_in_Java, id=7648, stack(0x0000000016d20000,0x0000000016e20000)]
  0x0000000016647800 JavaThread "pool-1-thread-2" [_thread_in_Java, id=7236, stack(0x0000000016c20000,0x0000000016d20000)]
  0x0000000016645000 JavaThread "pool-2-thread-1" [_thread_blocked, id=7428, stack(0x0000000016b20000,0x0000000016c20000)]
  0x0000000016642800 JavaThread "pool-1-thread-1" [_thread_blocked, id=1976, stack(0x0000000016a20000,0x0000000016b20000)]
  0x0000000016326800 JavaThread "Service Thread" daemon [_thread_blocked, id=8288, stack(0x0000000016820000,0x0000000016920000)]
  0x0000000016321000 JavaThread "C1 CompilerThread2" daemon [_thread_blocked, id=4024, stack(0x0000000016720000,0x0000000016820000)]
  0x0000000014b37800 JavaThread "C2 CompilerThread1" daemon [_thread_in_native, id=7332, stack(0x0000000016220000,0x0000000016320000)]
=>0x0000000014ade000 JavaThread "C2 CompilerThread0" daemon [_thread_in_native, id=5000, stack(0x0000000016120000,0x0000000016220000)]
  0x0000000014adc000 JavaThread "Attach Listener" daemon [_thread_blocked, id=6244, stack(0x0000000016020000,0x0000000016120000)]
  0x0000000014adb000 JavaThread "Signal Dispatcher" daemon [_thread_blocked, id=7688, stack(0x0000000015f20000,0x0000000016020000)]
  0x0000000014aca800 JavaThread "Finalizer" daemon [_thread_blocked, id=7328, stack(0x0000000015d40000,0x0000000015e40000)]
  0x0000000002400800 JavaThread "Reference Handler" daemon [_thread_blocked, id=7608, stack(0x0000000015c40000,0x0000000015d40000)]
  0x0000000002312800 JavaThread "main" [_thread_in_vm, id=4316, stack(0x0000000002160000,0x0000000002260000)]

Other Threads:
  0x0000000014aa8800 VMThread [stack: 0x0000000015b40000,0x0000000015c40000] [id=8020]
  0x0000000016342000 WatcherThread [stack: 0x0000000016920000,0x0000000016a20000] [id=7576]

VM state:not at safepoint (normal execution)

VM Mutex/Monitor currently owned by a thread: None

Heap:
 PSYoungGen      total 38400K, used 34172K [0x00000000eab00000, 0x00000000ef600000, 0x0000000100000000)
  eden space 33280K, 87% used [0x00000000eab00000,0x00000000ec7656a8,0x00000000ecb80000)
  from space 5120K, 99% used [0x00000000ecb80000,0x00000000ed079c98,0x00000000ed080000)
  to   space 5120K, 0% used [0x00000000ef100000,0x00000000ef100000,0x00000000ef600000)
 ParOldGen       total 87552K, used 1550K [0x00000000c0000000, 0x00000000c5580000, 0x00000000eab00000)
  object space 87552K, 1% used [0x00000000c0000000,0x00000000c0183800,0x00000000c5580000)
 Metaspace       used 6267K, capacity 7064K, committed 7424K, reserved 1056768K
  class space    used 620K, capacity 656K, committed 768K, reserved 1048576K

Card table byte_map: [0x00000000117d0000,0x00000000119e0000] byte_map_base: 0x00000000111d0000

Marking Bits: (ParMarkBitMap*) 0x0000000064b864f0
 Begin Bits: [0x0000000011f40000, 0x0000000012f40000)
 End Bits:   [0x0000000012f40000, 0x0000000013f40000)

Polling page: 0x0000000000900000

CodeCache: size=245760Kb used=6213Kb max_used=6213Kb free=239546Kb
 bounds [0x0000000002410000, 0x0000000002a30000, 0x0000000011410000]
 total_blobs=1803 nmethods=1533 adapters=182
 compilation: enabled

Compilation events (10 events):
Event: 1.792 Thread 0x0000000016321000 1551       2       java.util.TimSort::sort (229 bytes)
Event: 1.793 Thread 0x0000000016321000 nmethod 1551 0x0000000002a1fbd0 code [0x0000000002a1fda0, 0x0000000002a20258]
Event: 1.793 Thread 0x0000000016321000 1552       2       com.android.dx.cf.code.ConcreteMethod::<init> (262 bytes)
Event: 1.794 Thread 0x0000000016321000 nmethod 1552 0x0000000002a20710 code [0x0000000002a20960, 0x0000000002a211f8]
Event: 1.794 Thread 0x0000000016321000 1553       2       com.android.dx.cf.code.Ropper::<init> (213 bytes)
Event: 1.795 Thread 0x0000000016321000 nmethod 1553 0x0000000002a21b10 code [0x0000000002a21d60, 0x0000000002a229d8]
Event: 1.795 Thread 0x0000000016321000 1554       2       com.android.dx.cf.code.BasicBlocker::<init> (79 bytes)
Event: 1.795 Thread 0x0000000016321000 nmethod 1554 0x0000000002a23350 code [0x0000000002a234e0, 0x0000000002a23a28]
Event: 1.795 Thread 0x0000000016321000 1555   !   2       com.android.dx.cf.code.BasicBlocker::doit (156 bytes)
Event: 1.795 Thread 0x0000000016321000 nmethod 1555 0x0000000002a23c90 code [0x0000000002a23e60, 0x0000000002a24518]

GC Heap History (2 events):
Event: 1.148 GC heap before
{Heap before GC invocations=1 (full 0):
 PSYoungGen      total 38400K, used 33280K [0x00000000eab00000, 0x00000000ed580000, 0x0000000100000000)
  eden space 33280K, 100% used [0x00000000eab00000,0x00000000ecb80000,0x00000000ecb80000)
  from space 5120K, 0% used [0x00000000ed080000,0x00000000ed080000,0x00000000ed580000)
  to   space 5120K, 0% used [0x00000000ecb80000,0x00000000ecb80000,0x00000000ed080000)
 ParOldGen       total 87552K, used 0K [0x00000000c0000000, 0x00000000c5580000, 0x00000000eab00000)
  object space 87552K, 0% used [0x00000000c0000000,0x00000000c0000000,0x00000000c5580000)
 Metaspace       used 5947K, capacity 6834K, committed 7040K, reserved 1056768K
  class space    used 598K, capacity 618K, committed 640K, reserved 1048576K
Event: 1.205 GC heap after
Heap after GC invocations=1 (full 0):
 PSYoungGen      total 38400K, used 5095K [0x00000000eab00000, 0x00000000ef600000, 0x0000000100000000)
  eden space 33280K, 0% used [0x00000000eab00000,0x00000000eab00000,0x00000000ecb80000)
  from space 5120K, 99% used [0x00000000ecb80000,0x00000000ed079c98,0x00000000ed080000)
  to   space 5120K, 0% used [0x00000000ef100000,0x00000000ef100000,0x00000000ef600000)
 ParOldGen       total 87552K, used 1550K [0x00000000c0000000, 0x00000000c5580000, 0x00000000eab00000)
  object space 87552K, 1% used [0x00000000c0000000,0x00000000c0183800,0x00000000c5580000)
 Metaspace       used 5947K, capacity 6834K, committed 7040K, reserved 1056768K
  class space    used 598K, capacity 618K, committed 640K, reserved 1048576K
}

Deoptimization events (10 events):
Event: 1.033 Thread 0x0000000016642800 Uncommon trap: reason=unstable_if action=reinterpret pc=0x000000000271519c method=com.android.dx.rop.cst.Constant.compareTo(Lcom/android/dx/rop/cst/Constant;)I @ 12
Event: 1.033 Thread 0x0000000016642800 Uncommon trap: reason=bimorphic action=maybe_recompile pc=0x00000000026db6e4 method=java.util.HashMap.getNode(ILjava/lang/Object;)Ljava/util/HashMap$Node; @ 126
Event: 1.033 Thread 0x0000000016642800 Uncommon trap: reason=bimorphic action=maybe_recompile pc=0x00000000026db6e4 method=java.util.HashMap.getNode(ILjava/lang/Object;)Ljava/util/HashMap$Node; @ 126
Event: 1.108 Thread 0x0000000002312800 Uncommon trap: reason=null_check action=make_not_entrant pc=0x00000000027263fc method=com.android.dx.ssa.SsaRenamer.getLocalForNewReg(I)Lcom/android/dx/rop/code/LocalItem; @ 19
Event: 1.268 Thread 0x0000000016647800 Uncommon trap: reason=bimorphic action=maybe_recompile pc=0x00000000026db6e4 method=java.util.HashMap.getNode(ILjava/lang/Object;)Ljava/util/HashMap$Node; @ 126
Event: 1.268 Thread 0x0000000016647800 Uncommon trap: reason=class_check action=maybe_recompile pc=0x0000000002835db0 method=java.util.HashMap.putVal(ILjava/lang/Object;Ljava/lang/Object;ZZ)Ljava/lang/Object; @ 203
Event: 1.306 Thread 0x0000000016586000 Uncommon trap: reason=bimorphic action=maybe_recompile pc=0x00000000026db6e4 method=java.util.HashMap.getNode(ILjava/lang/Object;)Ljava/util/HashMap$Node; @ 126
Event: 1.692 Thread 0x0000000016647800 Uncommon trap: reason=unstable_if action=reinterpret pc=0x00000000028da278 method=com.android.dx.ssa.SCCP.simulateStmt(Lcom/android/dx/ssa/SsaInsn;)V @ 59
Event: 1.694 Thread 0x0000000016647800 Uncommon trap: reason=unstable_if action=reinterpret pc=0x0000000002721f90 method=java.util.HashMap.putVal(ILjava/lang/Object;Ljava/lang/Object;ZZ)Ljava/lang/Object; @ 162
Event: 1.696 Thread 0x0000000016647800 Uncommon trap: reason=unstable_if action=reinterpret pc=0x000000000292fa64 method=java.util.HashMap.getNode(ILjava/lang/Object;)Ljava/util/HashMap$Node; @ 84

Internal exceptions (7 events):
Event: 0.031 Thread 0x0000000002312800 Exception <a 'java/lang/NoSuchMethodError': Method sun.misc.Unsafe.defineClass(Ljava/lang/String;[BII)Ljava/lang/Class; name or signature does not match> (0x00000000eab07cc0) thrown at [D:\re\workspace\8-2-build-windows-amd64-cygwin\jdk8u92\6642\hotspot\sr‰ =ºG·Ÿ?
Event: 0.031 Thread 0x0000000002312800 Exception <a 'java/lang/NoSuchMethodError': Method sun.misc.Unsafe.prefetchRead(Ljava/lang/Object;J)V name or signature does not match> (0x00000000eab07fa8) thrown at [D:\re\workspace\8-2-build-windows-amd64-cygwin\jdk8u92\6642\hotspot\src\share\vm\prims\j´6^Ö´sî?
Event: 0.952 Thread 0x0000000016586000 Implicit null exception at 0x0000000002717cae to 0x00000000027195e5
Event: 1.108 Thread 0x0000000002312800 Implicit null exception at 0x00000000027249f2 to 0x00000000027263b5
Event: 1.695 Thread 0x0000000016647800 Exception <a 'java/lang/ArrayIndexOutOfBoundsException': 18> (0x00000000ebc24218) thrown at [D:\re\workspace\8-2-build-windows-amd64-cygwin\jdk8u92\6642\hotspot\src\share\vm\interpreter\interpreterRuntime.cpp, line 366]
Event: 1.695 Thread 0x0000000016647800 Exception <a 'java/lang/ArrayIndexOutOfBoundsException'> (0x00000000ebc25d98) thrown at [D:\re\workspace\8-2-build-windows-amd64-cygwin\jdk8u92\6642\hotspot\src\share\vm\runtime\sharedRuntime.cpp, line 605]
Event: 1.695 Thread 0x0000000016647800 Exception <a 'java/lang/ArrayIndexOutOfBoundsException'> (0x00000000ebc27080) thrown at [D:\re\workspace\8-2-build-windows-amd64-cygwin\jdk8u92\6642\hotspot\src\share\vm\runtime\sharedRuntime.cpp, line 605]

Events (10 events):
Event: 1.696 loading class sun/reflect/generics/reflectiveObjects/LazyReflectiveObjectGenerator
Event: 1.696 loading class sun/reflect/generics/reflectiveObjects/LazyReflectiveObjectGenerator done
Event: 1.696 loading class sun/reflect/generics/reflectiveObjects/TypeVariableImpl done
Event: 1.696 Thread 0x0000000016647800 Uncommon trap: trap_request=0xffffff65 fr.pc=0x000000000292fa64
Event: 1.696 Thread 0x0000000016647800 DEOPT PACKING pc=0x000000000292fa64 sp=0x0000000016d1eb30
Event: 1.696 Thread 0x0000000016647800 DEOPT UNPACKING pc=0x000000000245582a sp=0x0000000016d1eab8 mode 2
Event: 1.731 loading class com/android/dx/cf/code/SwitchList
Event: 1.731 loading class com/android/dx/cf/code/SwitchList done
Event: 1.749 loading class com/android/dx/cf/code/BytecodeArray$ConstantParserVisitor
Event: 1.749 loading class com/android/dx/cf/code/BytecodeArray$ConstantParserVisitor done


Dynamic libraries:
0x00007ff6479c0000 - 0x00007ff6479f7000 	C:\Program Files\Java\jdk1.8.0_92\bin\java.exe
0x00007ff9234b0000 - 0x00007ff92365a000 	C:\Windows\SYSTEM32\ntdll.dll
0x00007ff9231f0000 - 0x00007ff92332a000 	C:\Windows\system32\KERNEL32.DLL
0x00007ff920b70000 - 0x00007ff920c7f000 	C:\Windows\system32\KERNELBASE.dll
0x00007ff91f450000 - 0x00007ff91f4d8000 	C:\Windows\system32\apphelp.dll
0x00007ff8f6fb0000 - 0x00007ff8f6fff000 	C:\Windows\AppPatch\AppPatch64\AcGenral.DLL
0x00007ff922f70000 - 0x00007ff923017000 	C:\Windows\system32\msvcrt.dll
0x00007ff920660000 - 0x00007ff92068b000 	C:\Windows\SYSTEM32\SspiCli.dll
0x00007ff920d30000 - 0x00007ff920d81000 	C:\Windows\system32\SHLWAPI.dll
0x00007ff923330000 - 0x00007ff9234a1000 	C:\Windows\system32\USER32.dll
0x00007ff922950000 - 0x00007ff922ac8000 	C:\Windows\system32\ole32.dll
0x00007ff921530000 - 0x00007ff922947000 	C:\Windows\system32\SHELL32.dll
0x00007ff91fe90000 - 0x00007ff91feae000 	C:\Windows\SYSTEM32\USERENV.dll
0x00007ff923020000 - 0x00007ff9230c5000 	C:\Windows\system32\ADVAPI32.dll
0x00007ff91b780000 - 0x00007ff91b79b000 	C:\Windows\SYSTEM32\MPR.dll
0x00007ff922d50000 - 0x00007ff922e86000 	C:\Windows\system32\RPCRT4.dll
0x00007ff9212c0000 - 0x00007ff921317000 	C:\Windows\SYSTEM32\sechost.dll
0x00007ff9210e0000 - 0x00007ff9212b6000 	C:\Windows\SYSTEM32\combase.dll
0x00007ff920f80000 - 0x00007ff9210c5000 	C:\Windows\system32\GDI32.dll
0x00007ff920820000 - 0x00007ff920834000 	C:\Windows\SYSTEM32\profapi.dll
0x00007ff91ee80000 - 0x00007ff91ef1f000 	C:\Windows\SYSTEM32\SHCORE.dll
0x00007ff922b70000 - 0x00007ff922ba4000 	C:\Windows\system32\IMM32.DLL
0x00007ff9213f0000 - 0x00007ff921529000 	C:\Windows\system32\MSCTF.dll
0x00007ff91e5b0000 - 0x00007ff91e80a000 	C:\Windows\WinSxS\amd64_microsoft.windows.common-controls_6595b64144ccf1df_6.0.9600.17031_none_6242a4b3ecbb55a1\COMCTL32.dll
0x0000000063cc0000 - 0x0000000063d92000 	C:\Program Files\Java\jdk1.8.0_92\jre\bin\msvcr100.dll
0x0000000064370000 - 0x0000000064c06000 	C:\Program Files\Java\jdk1.8.0_92\jre\bin\server\jvm.dll
0x00007ff91a380000 - 0x00007ff91a389000 	C:\Windows\SYSTEM32\WSOCK32.dll
0x00007ff9173c0000 - 0x00007ff9173df000 	C:\Windows\SYSTEM32\WINMM.dll
0x00007ff91e4e0000 - 0x00007ff91e4ea000 	C:\Windows\SYSTEM32\VERSION.dll
0x00007ff9210d0000 - 0x00007ff9210d7000 	C:\Windows\system32\PSAPI.DLL
0x00007ff923190000 - 0x00007ff9231e8000 	C:\Windows\system32\WS2_32.dll
0x00007ff917390000 - 0x00007ff9173ba000 	C:\Windows\SYSTEM32\WINMMBASE.dll
0x00007ff922e90000 - 0x00007ff922e99000 	C:\Windows\system32\NSI.dll
0x00007ff920b20000 - 0x00007ff920b6a000 	C:\Windows\SYSTEM32\cfgmgr32.dll
0x00007ff91f6a0000 - 0x00007ff91f6c6000 	C:\Windows\SYSTEM32\DEVOBJ.dll
0x0000000064ca0000 - 0x0000000064caf000 	C:\Program Files\Java\jdk1.8.0_92\jre\bin\verify.dll
0x0000000064c70000 - 0x0000000064c99000 	C:\Program Files\Java\jdk1.8.0_92\jre\bin\java.dll
0x0000000064c50000 - 0x0000000064c66000 	C:\Program Files\Java\jdk1.8.0_92\jre\bin\zip.dll

VM Arguments:
jvm_args: -Djava.awt.headless=true -Xmx1024M -Dfile.encoding=windows-1252 -Duser.country=US -Duser.language=en -Duser.variant 
java_command: com.android.dx.command.Main --dex --force-jumbo --num-threads=4 --output C:\Zooket\app\build\intermediates\pre-dexed\debug\okhttp-3.5.0_e91d8159a3d7db8ced802dc3bb030e67d837299d.jar C:\Users\Smo\.gradle\caches\modules-2\files-2.1\com.squareup.okhttp3\okhttp\3.5.0\4b0bb6bfbecbdd42b97ff400af342bfe7f32bc83\okhttp-3.5.0.jar
java_class_path (initial): C:\android-sdk-windows\build-tools\24.0.3\lib\dx.jar
Launcher Type: SUN_STANDARD

Environment Variables:
PATH=C:\ProgramData\Oracle\Java\javapath;C:\Windows\system32;C:\Windows;C:\Windows\System32\Wbem;C:\Windows\System32\WindowsPowerShell\v1.0\;C:\Program Files (x86)\NVIDIA Corporation\PhysX\Common;C:\Program Files (x86)\Windows Kits\8.1\Windows Performance Toolkit\;C:\Program Files\Microsoft SQL Server\110\Tools\Binn\;C:\Program Files\Microsoft SQL Server\110\DTS\Binn\;C:\Program Files (x86)\Microsoft SQL Server\110\Tools\Binn\;C:\Program Files (x86)\Microsoft SQL Server\110\Tools\Binn\ManagementStudio\;C:\Program Files (x86)\Microsoft Visual Studio 10.0\Common7\IDE\PrivateAssemblies\;C:\Program Files (x86)\Microsoft SQL Server\110\DTS\Binn\;C:\Program Files (x86)\GtkSharp\2.12\bin;C:\Program Files (x86)\QuickTime\QTSystem\
USERNAME=Smo
OS=Windows_NT
PROCESSOR_IDENTIFIER=Intel64 Family 6 Model 94 Stepping 3, GenuineIntel



---------------  S Y S T E M  ---------------

OS: Windows 8.1 , 64 bit Build 9600 (6.3.9600.17056)

CPU:total 4 (4 cores per cpu, 1 threads per core) family 6 model 94 stepping 3, cmov, cx8, fxsr, mmx, sse, sse2, sse3, ssse3, sse4.1, sse4.2, popcnt, avx, avx2, aes, clmul, erms, 3dnowpref, lzcnt, tsc, tscinvbit, bmi1, bmi2, adx

Memory: 4k page, physical 8266404k(1461380k free), swap 8266404k(8848k free)

vm_info: Java HotSpot(TM) 64-Bit Server VM (25.92-b14) for windows-amd64 JRE (1.8.0_92-b14), built on Mar 31 2016 21:03:04 by "java_re" with MS VC++ 10.0 (VS2010)

time: Mon May 15 12:33:54 2017
elapsed time: 1 seconds (0d 0h 0m 1s)

