#
# A fatal error has been detected by the Java Runtime Environment:
#
#  EXCEPTION_ACCESS_VIOLATION (0xc0000005) at pc=0x000000005ed72a37, pid=6020, tid=0x0000000000001270
#
# JRE version: Java(TM) SE Runtime Environment (8.0_92-b14) (build 1.8.0_92-b14)
# Java VM: Java HotSpot(TM) 64-Bit Server VM (25.92-b14 mixed mode windows-amd64 compressed oops)
# Problematic frame:
# V  [jvm.dll+0x212a37]
#
# Failed to write core dump. Minidumps are not enabled by default on client versions of Windows
#
# If you would like to submit a bug report, please visit:
#   http://bugreport.java.com/bugreport/crash.jsp
#

---------------  T H R E A D  ---------------

Current thread (0x00000000145a8800):  JavaThread "Signal Dispatcher" daemon [_thread_in_vm, id=4720, stack(0x00000000159f0000,0x0000000015af0000)]

siginfo: ExceptionCode=0xc0000005, writing address 0x0000000015ae9220

Registers:
RAX=0x0000000015ae9220, RBX=0x0000000000000007, RCX=0x0000000000006000, RDX=0x0000000000000006
RSP=0x0000000015aef220, RBP=0x0000000000000000, RSI=0x0000000015aef220, RDI=0x0000000000000007
R8 =0x0000000000000006, R9 =0x0000000014565e30, R10=0x0000000013c2d4d0, R11=0x00000000159fa150
R12=0x0000000014565e30, R13=0x00000000145a8800, R14=0x0000000015aef2e8, R15=0x0000000013c2d4d0
RIP=0x000000005ed72a37, EFLAGS=0x0000000000010202

Top of Stack: (sp=0x0000000015aef220)
0x0000000015aef220:   0000000000548360 00000000002a7ef4
0x0000000015aef230:   00000000145a8800 0000000014565e30
0x0000000015aef240:   00000000ffffffff 000000005ed73967
0x0000000015aef250:   0000000015aef350 0000000013c2d4d0
0x0000000015aef260:   00000000145a8800 000000005ec1fd93
0x0000000015aef270:   0000000015aef2b0 00000000145a8800
0x0000000015aef280:   0000000015aef340 00000000145a8800
0x0000000015aef290:   0000000013c2d4d0 00000000145a8800
0x0000000015aef2a0:   0000000001ee3200 00000000145a8800
0x0000000015aef2b0:   0000000013c2d4d0 00000000145a8800
0x0000000015aef2c0:   0000000013c2d4d0 00000000145a8800
0x0000000015aef2d0:   0000000000000001 0000000013c2d4d0
0x0000000015aef2e0:   00000000145a8800 00000000145a9780
0x0000000015aef2f0:   00000000145a8800 000000005ec2127d
0x0000000015aef300:   0000000015aef650 00000001000069a0
0x0000000015aef310:   00000001000069a0 0000000000000000 

Instructions: (pc=0x000000005ed72a37)
0x000000005ed72a17:   48 89 6c 24 30 33 ed 66 90 e8 cb 38 08 00 ff c3
0x000000005ed72a27:   48 63 c8 48 8b c6 48 0f af cf 48 ff c7 48 2b c1
0x000000005ed72a37:   89 28 48 63 c3 48 3b 05 7d dc 58 00 7e db 48 8b
0x000000005ed72a47:   6c 24 30 48 8b 5c 24 38 48 8b 74 24 40 48 83 c4 


Register to memory mapping:

RAX=0x0000000015ae9220 is pointing into the stack for thread: 0x00000000145a8800
RBX=0x0000000000000007 is an unknown value
RCX=0x0000000000006000 is an unknown value
RDX=0x0000000000000006 is an unknown value
RSP=0x0000000015aef220 is pointing into the stack for thread: 0x00000000145a8800
RBP=0x0000000000000000 is an unknown value
RSI=0x0000000015aef220 is pointing into the stack for thread: 0x00000000145a8800
RDI=0x0000000000000007 is an unknown value
R8 =0x0000000000000006 is an unknown value
R9 =0x0000000014565e30 is an unknown value
R10={method} {0x0000000013c2d4d8} 'exit' '()V' in 'java/lang/Thread'
R11=0x00000000159fa150 is pointing into the stack for thread: 0x00000000145a8800
R12=0x0000000014565e30 is an unknown value
R13=0x00000000145a8800 is a thread
R14=0x0000000015aef2e8 is pointing into the stack for thread: 0x00000000145a8800
R15={method} {0x0000000013c2d4d8} 'exit' '()V' in 'java/lang/Thread'


Stack: [0x00000000159f0000,0x0000000015af0000],  sp=0x0000000015aef220,  free space=1020k
Native frames: (J=compiled Java code, j=interpreted, Vv=VM code, C=native code)


---------------  P R O C E S S  ---------------

Java Threads: ( => current thread )
  0x00000000145fd800 JavaThread "Service Thread" daemon [_thread_blocked, id=9380, stack(0x00000000162f0000,0x00000000163f0000)]
  0x00000000145f8000 JavaThread "C1 CompilerThread2" daemon [_thread_blocked, id=8880, stack(0x00000000161f0000,0x00000000162f0000)]
  0x00000000145a6800 JavaThread "C2 CompilerThread1" daemon [_thread_blocked, id=4772, stack(0x0000000015cf0000,0x0000000015df0000)]
  0x00000000145ab800 JavaThread "C2 CompilerThread0" daemon [_thread_blocked, id=2096, stack(0x0000000015bf0000,0x0000000015cf0000)]
  0x00000000145aa000 JavaThread "Attach Listener" daemon [_thread_blocked, id=8280, stack(0x0000000015af0000,0x0000000015bf0000)]
=>0x00000000145a8800 JavaThread "Signal Dispatcher" daemon [_thread_in_vm, id=4720, stack(0x00000000159f0000,0x0000000015af0000)]
  0x000000001458a800 JavaThread "Finalizer" daemon [_thread_blocked, id=8196, stack(0x0000000015810000,0x0000000015910000)]
  0x0000000014568800 JavaThread "Reference Handler" daemon [_thread_blocked, id=6708, stack(0x0000000015710000,0x0000000015810000)]

Other Threads:
  0x0000000014568000 VMThread [stack: 0x0000000015610000,0x0000000015710000] [id=3676]

VM state:synchronizing (normal execution)

VM Mutex/Monitor currently owned by a thread:  ([mutex/lock_event])
[0x000000000047c450] Threads_lock - owner thread: 0x0000000014568000
[0x000000000047c4d0] Heap_lock - owner thread: 0x0000000001dd2800

Heap:
 PSYoungGen      total 38400K, used 1997K [0x00000000eab00000, 0x00000000ed580000, 0x0000000100000000)
  eden space 33280K, 6% used [0x00000000eab00000,0x00000000eacf34c0,0x00000000ecb80000)
  from space 5120K, 0% used [0x00000000ed080000,0x00000000ed080000,0x00000000ed580000)
  to   space 5120K, 0% used [0x00000000ecb80000,0x00000000ecb80000,0x00000000ed080000)
 ParOldGen       total 87552K, used 0K [0x00000000c0000000, 0x00000000c5580000, 0x00000000eab00000)
  object space 87552K, 0% used [0x00000000c0000000,0x00000000c0000000,0x00000000c5580000)
 Metaspace       used 2512K, capacity 4480K, committed 4480K, reserved 1056768K
  class space    used 278K, capacity 384K, committed 384K, reserved 1048576K

Card table byte_map: [0x0000000011290000,0x00000000114a0000] byte_map_base: 0x0000000010c90000

Marking Bits: (ParMarkBitMap*) 0x000000005f3764f0
 Begin Bits: [0x0000000011a00000, 0x0000000012a00000)
 End Bits:   [0x0000000012a00000, 0x0000000013a00000)

Polling page: 0x0000000000480000

CodeCache: size=245760Kb used=1108Kb max_used=1109Kb free=244651Kb
 bounds [0x0000000001ed0000, 0x0000000002140000, 0x0000000010ed0000]
 total_blobs=260 nmethods=33 adapters=141
 compilation: enabled

Compilation events (10 events):
Event: 0.071 Thread 0x00000000145f8000   29       1       java.nio.Buffer::limit (5 bytes)
Event: 0.071 Thread 0x00000000145f8000 nmethod 29 0x0000000001fe3f90 code [0x0000000001fe40e0, 0x0000000001fe41f0]
Event: 0.071 Thread 0x00000000145f8000   30       3       java.lang.AbstractStringBuilder::<init> (12 bytes)
Event: 0.072 Thread 0x00000000145f8000 nmethod 30 0x0000000001fe3b10 code [0x0000000001fe3c80, 0x0000000001fe3ed0]
Event: 0.072 Thread 0x00000000145f8000   31       3       java.util.Arrays::copyOf (19 bytes)
Event: 0.072 Thread 0x00000000145f8000 nmethod 31 0x0000000001fe3550 code [0x0000000001fe36c0, 0x0000000001fe39e8]
Event: 0.072 Thread 0x00000000145f8000   32       3       java.lang.AbstractStringBuilder::expandCapacity (50 bytes)
Event: 0.072 Thread 0x00000000145f8000 nmethod 32 0x0000000001fe2c90 code [0x0000000001fe2e20, 0x0000000001fe3378]
Event: 0.072 Thread 0x00000000145f8000   33       3       java.nio.ByteBuffer::arrayOffset (35 bytes)
Event: 0.072 Thread 0x00000000145f8000 nmethod 33 0x0000000001fe2750 code [0x0000000001fe28e0, 0x0000000001fe2b98]

GC Heap History (0 events):
No events

Deoptimization events (0 events):
No events

Internal exceptions (6 events):
Event: 0.029 Thread 0x0000000001dd2800 Exception <a 'java/lang/NoSuchMethodError': Method sun.misc.Unsafe.defineClass(Ljava/lang/String;[BII)Ljava/lang/Class; name or signature does not match> (0x00000000eab07cc0) thrown at [D:\re\workspace\8-2-build-windows-amd64-cygwin\jdk8u92\6642\hotspot\srs÷<©hž?
Event: 0.029 Thread 0x0000000001dd2800 Exception <a 'java/lang/NoSuchMethodError': Method sun.misc.Unsafe.prefetchRead(Ljava/lang/Object;J)V name or signature does not match> (0x00000000eab07fa8) thrown at [D:\re\workspace\8-2-build-windows-amd64-cygwin\jdk8u92\6642\hotspot\src\share\vm\prims\j˜ò–åÎ±?
Event: 0.070 Thread 0x0000000001dd2800 Exception <a 'java/lang/OutOfMemoryError'> (0x00000000eab682a0) thrown at [D:\re\workspace\8-2-build-windows-amd64-cygwin\jdk8u92\6642\hotspot\src\share\vm\prims\jni.cpp, line 735]
Event: 0.070 Thread 0x0000000001dd2800 Exception <a 'java/lang/OutOfMemoryError'> (0x00000000eab682a0) thrown at [D:\re\workspace\8-2-build-windows-amd64-cygwin\jdk8u92\6642\hotspot\src\share\vm\prims\jvm.cpp, line 1390]
Event: 0.070 Thread 0x0000000001dd2800 Exception <a 'java/lang/OutOfMemoryError'> (0x00000000eab682a0) thrown at [D:\re\workspace\8-2-build-windows-amd64-cygwin\jdk8u92\6642\hotspot\src\share\vm\prims\jvm.cpp, line 1390]
Event: 0.070 Thread 0x0000000001dd2800 Exception <a 'java/lang/OutOfMemoryError'> (0x00000000eab682a0) thrown at [D:\re\workspace\8-2-build-windows-amd64-cygwin\jdk8u92\6642\hotspot\src\share\vm\prims\jvm.cpp, line 1390]

Events (10 events):
Event: 0.070 loading class java/util/IdentityHashMap
Event: 0.070 loading class java/util/IdentityHashMap done
Event: 0.070 loading class java/util/IdentityHashMap$KeySet
Event: 0.070 loading class java/util/IdentityHashMap$KeySet done
Event: 0.072 Thread 0x0000000001dd2800 Thread exited: 0x0000000001dd2800
Event: 0.072 Thread 0x0000000001dd2800 Thread added: 0x0000000001dd2800
Event: 0.072 loading class java/lang/Shutdown
Event: 0.072 loading class java/lang/Shutdown done
Event: 0.072 loading class java/lang/Shutdown$Lock
Event: 0.072 loading class java/lang/Shutdown$Lock done


Dynamic libraries:
0x00007ff784500000 - 0x00007ff784537000 	C:\Program Files\Java\jdk1.8.0_92\bin\java.exe
0x00007ffbfef50000 - 0x00007ffbff0fa000 	C:\Windows\SYSTEM32\ntdll.dll
0x00007ffbfcfd0000 - 0x00007ffbfd10a000 	C:\Windows\system32\KERNEL32.DLL
0x00007ffbfc670000 - 0x00007ffbfc77f000 	C:\Windows\system32\KERNELBASE.dll
0x00007ffbfaef0000 - 0x00007ffbfaf78000 	C:\Windows\system32\apphelp.dll
0x00007ffbe0910000 - 0x00007ffbe095f000 	C:\Windows\AppPatch\AppPatch64\AcGenral.DLL
0x00007ffbfd110000 - 0x00007ffbfd1b7000 	C:\Windows\system32\msvcrt.dll
0x00007ffbfc100000 - 0x00007ffbfc12b000 	C:\Windows\SYSTEM32\SspiCli.dll
0x00007ffbfc7d0000 - 0x00007ffbfc821000 	C:\Windows\system32\SHLWAPI.dll
0x00007ffbfcce0000 - 0x00007ffbfce51000 	C:\Windows\system32\USER32.dll
0x00007ffbfe9d0000 - 0x00007ffbfeb48000 	C:\Windows\system32\ole32.dll
0x00007ffbfd1d0000 - 0x00007ffbfe5e7000 	C:\Windows\system32\SHELL32.dll
0x00007ffbfb930000 - 0x00007ffbfb94e000 	C:\Windows\SYSTEM32\USERENV.dll
0x00007ffbfcb20000 - 0x00007ffbfcbc5000 	C:\Windows\system32\ADVAPI32.dll
0x00007ffbf7330000 - 0x00007ffbf734b000 	C:\Windows\SYSTEM32\MPR.dll
0x00007ffbfeba0000 - 0x00007ffbfecd6000 	C:\Windows\system32\RPCRT4.dll
0x00007ffbfcc80000 - 0x00007ffbfccd7000 	C:\Windows\SYSTEM32\sechost.dll
0x00007ffbfed70000 - 0x00007ffbfef46000 	C:\Windows\SYSTEM32\combase.dll
0x00007ffbfc890000 - 0x00007ffbfc9d5000 	C:\Windows\system32\GDI32.dll
0x00007ffbfc2c0000 - 0x00007ffbfc2d4000 	C:\Windows\SYSTEM32\profapi.dll
0x00007ffbfa920000 - 0x00007ffbfa9bf000 	C:\Windows\SYSTEM32\SHCORE.dll
0x00007ffbfeb50000 - 0x00007ffbfeb84000 	C:\Windows\system32\IMM32.DLL
0x00007ffbfc9e0000 - 0x00007ffbfcb19000 	C:\Windows\system32\MSCTF.dll
0x00007ffbfa0a0000 - 0x00007ffbfa2fa000 	C:\Windows\WinSxS\amd64_microsoft.windows.common-controls_6595b64144ccf1df_6.0.9600.17031_none_6242a4b3ecbb55a1\COMCTL32.dll
0x000000005e6d0000 - 0x000000005e7a2000 	C:\Program Files\Java\jdk1.8.0_92\jre\bin\msvcr100.dll
0x000000005eb60000 - 0x000000005f3f6000 	C:\Program Files\Java\jdk1.8.0_92\jre\bin\server\jvm.dll
0x00007ffbe9090000 - 0x00007ffbe9099000 	C:\Windows\SYSTEM32\WSOCK32.dll
0x00007ffbeeae0000 - 0x00007ffbeeaff000 	C:\Windows\SYSTEM32\WINMM.dll
0x00007ffbf9fd0000 - 0x00007ffbf9fda000 	C:\Windows\SYSTEM32\VERSION.dll
0x00007ffbfd1c0000 - 0x00007ffbfd1c7000 	C:\Windows\system32\PSAPI.DLL
0x00007ffbfe5f0000 - 0x00007ffbfe648000 	C:\Windows\system32\WS2_32.dll
0x00007ffbee9f0000 - 0x00007ffbeea1a000 	C:\Windows\SYSTEM32\WINMMBASE.dll
0x00007ffbfeb90000 - 0x00007ffbfeb99000 	C:\Windows\system32\NSI.dll
0x00007ffbfc780000 - 0x00007ffbfc7ca000 	C:\Windows\SYSTEM32\cfgmgr32.dll
0x00007ffbfb140000 - 0x00007ffbfb166000 	C:\Windows\SYSTEM32\DEVOBJ.dll
0x000000005eb50000 - 0x000000005eb5f000 	C:\Program Files\Java\jdk1.8.0_92\jre\bin\verify.dll
0x000000005eb20000 - 0x000000005eb49000 	C:\Program Files\Java\jdk1.8.0_92\jre\bin\java.dll
0x000000005eb00000 - 0x000000005eb16000 	C:\Program Files\Java\jdk1.8.0_92\jre\bin\zip.dll
0x00007ffbf52f0000 - 0x00007ffbf5478000 	C:\Windows\SYSTEM32\dbghelp.dll

VM Arguments:
jvm_args: -Djava.awt.headless=true -Xmx1024M -Dfile.encoding=windows-1252 -Duser.country=US -Duser.language=en -Duser.variant 
java_command: com.android.dx.command.Main --dex --force-jumbo --num-threads=4 --output C:\Zooket\app\build\intermediates\pre-dexed\debug\gson-2.3.1_c6af6dd6c1e3d279ec9ad25416316f6ca0b33db0.jar C:\Users\Smo\.gradle\caches\modules-2\files-2.1\com.google.code.gson\gson\2.3.1\ecb6e1f8e4b0e84c4b886c2f14a1500caf309757\gson-2.3.1.jar
java_class_path (initial): C:\android-sdk-windows\build-tools\24.0.3\lib\dx.jar
Launcher Type: SUN_STANDARD

Environment Variables:
PATH=C:\ProgramData\Oracle\Java\javapath;C:\Windows\system32;C:\Windows;C:\Windows\System32\Wbem;C:\Windows\System32\WindowsPowerShell\v1.0\;C:\Program Files (x86)\NVIDIA Corporation\PhysX\Common;C:\Program Files (x86)\Windows Kits\8.1\Windows Performance Toolkit\;C:\Program Files\Microsoft SQL Server\110\Tools\Binn\;C:\Program Files\Microsoft SQL Server\110\DTS\Binn\;C:\Program Files (x86)\Microsoft SQL Server\110\Tools\Binn\;C:\Program Files (x86)\Microsoft SQL Server\110\Tools\Binn\ManagementStudio\;C:\Program Files (x86)\Microsoft Visual Studio 10.0\Common7\IDE\PrivateAssemblies\;C:\Program Files (x86)\Microsoft SQL Server\110\DTS\Binn\;C:\Program Files (x86)\GtkSharp\2.12\bin;C:\Program Files (x86)\QuickTime\QTSystem\
USERNAME=Smo
OS=Windows_NT
PROCESSOR_IDENTIFIER=Intel64 Family 6 Model 94 Stepping 3, GenuineIntel



---------------  S Y S T E M  ---------------

OS: Windows 8.1 , 64 bit Build 9600 (6.3.9600.17056)

CPU:total 4 (4 cores per cpu, 1 threads per core) family 6 model 94 stepping 3, cmov, cx8, fxsr, mmx, sse, sse2, sse3, ssse3, sse4.1, sse4.2, popcnt, avx, avx2, aes, clmul, erms, 3dnowpref, lzcnt, tsc, tscinvbit, bmi1, bmi2, adx

Memory: 4k page, physical 8266404k(1233432k free), swap 8266404k(26012k free)

vm_info: Java HotSpot(TM) 64-Bit Server VM (25.92-b14) for windows-amd64 JRE (1.8.0_92-b14), built on Mar 31 2016 21:03:04 by "java_re" with MS VC++ 10.0 (VS2010)

time: Thu May 11 18:20:58 2017
elapsed time: 0 seconds (0d 0h 0m 0s)

