#
# There is insufficient memory for the Java Runtime Environment to continue.
# Native memory allocation (malloc) failed to allocate 145616 bytes for Chunk::new
# Possible reasons:
#   The system is out of physical RAM or swap space
#   In 32 bit mode, the process size limit was hit
# Possible solutions:
#   Reduce memory load on the system
#   Increase physical memory or swap space
#   Check if swap backing store is full
#   Use 64 bit Java on a 64 bit OS
#   Decrease Java heap size (-Xmx/-Xms)
#   Decrease number of Java threads
#   Decrease Java thread stack sizes (-Xss)
#   Set larger code cache with -XX:ReservedCodeCacheSize=
# This output file may be truncated or incomplete.
#
#  Out of Memory Error (allocation.cpp:390), pid=4064, tid=0x0000000000001518
#
# JRE version: Java(TM) SE Runtime Environment (8.0_92-b14) (build 1.8.0_92-b14)
# Java VM: Java HotSpot(TM) 64-Bit Server VM (25.92-b14 mixed mode windows-amd64 compressed oops)
# Failed to write core dump. Minidumps are not enabled by default on client versions of Windows
#

---------------  T H R E A D  ---------------

Current thread (0x00000000150f7000):  JavaThread "C2 CompilerThread1" daemon [_thread_in_native, id=5400, stack(0x00000000166f0000,0x00000000167f0000)]

Stack: [0x00000000166f0000,0x00000000167f0000]
[error occurred during error reporting (printing stack bounds), id 0xc0000005]

Native frames: (J=compiled Java code, j=interpreted, Vv=VM code, C=native code)


Current CompileTask:
C2:   2844 1488       4       com.android.dx.ssa.SCCP::simulateStmt (481 bytes)


---------------  P R O C E S S  ---------------

Java Threads: ( => current thread )
  0x0000000016b8f000 JavaThread "pool-1-thread-4" [_thread_blocked, id=7464, stack(0x00000000172f0000,0x00000000173f0000)]
  0x0000000016b8e800 JavaThread "pool-1-thread-3" [_thread_blocked, id=4260, stack(0x00000000171f0000,0x00000000172f0000)]
  0x0000000016b89800 JavaThread "pool-1-thread-2" [_thread_blocked, id=6676, stack(0x00000000170f0000,0x00000000171f0000)]
  0x0000000016b48800 JavaThread "pool-2-thread-1" [_thread_blocked, id=7744, stack(0x0000000016ff0000,0x00000000170f0000)]
  0x0000000016b47800 JavaThread "pool-1-thread-1" [_thread_blocked, id=7724, stack(0x0000000016ef0000,0x0000000016ff0000)]
  0x00000000168f6800 JavaThread "Service Thread" daemon [_thread_blocked, id=7960, stack(0x0000000016cf0000,0x0000000016df0000)]
  0x00000000150fc000 JavaThread "C1 CompilerThread2" daemon [_thread_blocked, id=6848, stack(0x00000000167f0000,0x00000000168f0000)]
=>0x00000000150f7000 JavaThread "C2 CompilerThread1" daemon [_thread_in_native, id=5400, stack(0x00000000166f0000,0x00000000167f0000)]
  0x000000001509e000 JavaThread "C2 CompilerThread0" daemon [_thread_in_native, id=2336, stack(0x00000000165f0000,0x00000000166f0000)]
  0x000000001509c000 JavaThread "Attach Listener" daemon [_thread_blocked, id=3272, stack(0x00000000164f0000,0x00000000165f0000)]
  0x000000001509a800 JavaThread "Signal Dispatcher" daemon [_thread_blocked, id=7864, stack(0x00000000163f0000,0x00000000164f0000)]
  0x000000001508a800 JavaThread "Finalizer" daemon [_thread_blocked, id=6132, stack(0x00000000162f0000,0x00000000163f0000)]
  0x00000000029c0800 JavaThread "Reference Handler" daemon [_thread_blocked, id=7640, stack(0x00000000161f0000,0x00000000162f0000)]
  0x00000000028d2800 JavaThread "main" [_thread_in_vm, id=7688, stack(0x00000000027d0000,0x00000000028d0000)]

Other Threads:
  0x0000000015068800 VMThread [stack: 0x00000000160f0000,0x00000000161f0000] [id=8156]
  0x0000000016911800 WatcherThread [stack: 0x0000000016df0000,0x0000000016ef0000] [id=6456]

VM state:not at safepoint (normal execution)

VM Mutex/Monitor currently owned by a thread: None

Heap:
 PSYoungGen      total 38400K, used 35740K [0x00000000eab00000, 0x00000000ed580000, 0x0000000100000000)
  eden space 33280K, 92% used [0x00000000eab00000,0x00000000ec8ee170,0x00000000ecb80000)
  from space 5120K, 99% used [0x00000000ecb80000,0x00000000ed079248,0x00000000ed080000)
  to   space 5120K, 0% used [0x00000000ed080000,0x00000000ed080000,0x00000000ed580000)
 ParOldGen       total 87552K, used 1393K [0x00000000c0000000, 0x00000000c5580000, 0x00000000eab00000)
  object space 87552K, 1% used [0x00000000c0000000,0x00000000c015c728,0x00000000c5580000)
 Metaspace       used 6187K, capacity 7026K, committed 7296K, reserved 1056768K
  class space    used 601K, capacity 618K, committed 640K, reserved 1048576K

Card table byte_map: [0x0000000011d90000,0x0000000011fa0000] byte_map_base: 0x0000000011790000

Marking Bits: (ParMarkBitMap*) 0x0000000072dd64f0
 Begin Bits: [0x0000000012500000, 0x0000000013500000)
 End Bits:   [0x0000000013500000, 0x0000000014500000)

Polling page: 0x0000000000db0000

CodeCache: size=245760Kb used=6110Kb max_used=6110Kb free=239649Kb
 bounds [0x00000000029d0000, 0x0000000002fd0000, 0x00000000119d0000]
 total_blobs=1799 nmethods=1530 adapters=182
 compilation: enabled

Compilation events (10 events):
Event: 2.824 Thread 0x00000000150fc000 1551       3       com.android.dx.cf.direct.DirectClassFile::parseToEndIfNecessary (12 bytes)
Event: 2.824 Thread 0x00000000150fc000 nmethod 1551 0x0000000002fc8a50 code [0x0000000002fc8bc0, 0x0000000002fc8d88]
Event: 2.825 Thread 0x00000000150fc000 1552       3       java.util.concurrent.locks.LockSupport::setBlocker (12 bytes)
Event: 2.825 Thread 0x00000000150fc000 nmethod 1552 0x0000000002fc8e10 code [0x0000000002fc8f60, 0x0000000002fc90b0]
Event: 2.825 Thread 0x00000000150fc000 1554       3       com.android.dx.rop.annotation.Annotation::getNameValuePairs (11 bytes)
Event: 2.825 Thread 0x00000000150fc000 nmethod 1554 0x0000000002fc94d0 code [0x0000000002fc9680, 0x0000000002fc9ca8]
Event: 2.826 Thread 0x00000000150fc000 1555       3       com.android.dx.dex.file.AnnotationItem::<init> (41 bytes)
Event: 2.826 Thread 0x00000000150fc000 nmethod 1555 0x0000000002fca010 code [0x0000000002fca1c0, 0x0000000002fca7d8]
Event: 2.827 Thread 0x00000000150fc000 1556       3       com.android.dx.rop.annotation.Annotations::add (75 bytes)
Event: 2.827 Thread 0x00000000150fc000 nmethod 1556 0x0000000002fcaa10 code [0x0000000002fcac80, 0x0000000002fcbba8]

GC Heap History (2 events):
Event: 1.613 GC heap before
{Heap before GC invocations=1 (full 0):
 PSYoungGen      total 38400K, used 33280K [0x00000000eab00000, 0x00000000ed580000, 0x0000000100000000)
  eden space 33280K, 100% used [0x00000000eab00000,0x00000000ecb80000,0x00000000ecb80000)
  from space 5120K, 0% used [0x00000000ed080000,0x00000000ed080000,0x00000000ed580000)
  to   space 5120K, 0% used [0x00000000ecb80000,0x00000000ecb80000,0x00000000ed080000)
 ParOldGen       total 87552K, used 0K [0x00000000c0000000, 0x00000000c5580000, 0x00000000eab00000)
  object space 87552K, 0% used [0x00000000c0000000,0x00000000c0000000,0x00000000c5580000)
 Metaspace       used 5964K, capacity 6898K, committed 7040K, reserved 1056768K
  class space    used 601K, capacity 618K, committed 640K, reserved 1048576K
Event: 1.863 GC heap after
Heap after GC invocations=1 (full 0):
 PSYoungGen      total 38400K, used 5092K [0x00000000eab00000, 0x00000000ed580000, 0x0000000100000000)
  eden space 33280K, 0% used [0x00000000eab00000,0x00000000eab00000,0x00000000ecb80000)
  from space 5120K, 99% used [0x00000000ecb80000,0x00000000ed079248,0x00000000ed080000)
  to   space 5120K, 0% used [0x00000000ed080000,0x00000000ed080000,0x00000000ed580000)
 ParOldGen       total 87552K, used 1393K [0x00000000c0000000, 0x00000000c5580000, 0x00000000eab00000)
  object space 87552K, 1% used [0x00000000c0000000,0x00000000c015c728,0x00000000c5580000)
 Metaspace       used 5964K, capacity 6898K, committed 7040K, reserved 1056768K
  class space    used 601K, capacity 618K, committed 640K, reserved 1048576K
}

Deoptimization events (10 events):
Event: 1.302 Thread 0x00000000028d2800 Uncommon trap: reason=class_check action=maybe_recompile pc=0x0000000002c21988 method=com.android.dx.ssa.NormalSsaInsn.accept(Lcom/android/dx/ssa/SsaInsn$Visitor;)V @ 9
Event: 1.302 Thread 0x00000000028d2800 Uncommon trap: reason=class_check action=maybe_recompile pc=0x0000000002c21988 method=com.android.dx.ssa.NormalSsaInsn.accept(Lcom/android/dx/ssa/SsaInsn$Visitor;)V @ 9
Event: 1.302 Thread 0x00000000028d2800 Uncommon trap: reason=class_check action=maybe_recompile pc=0x0000000002c21988 method=com.android.dx.ssa.NormalSsaInsn.accept(Lcom/android/dx/ssa/SsaInsn$Visitor;)V @ 9
Event: 1.302 Thread 0x00000000028d2800 Uncommon trap: reason=class_check action=maybe_recompile pc=0x0000000002c21988 method=com.android.dx.ssa.NormalSsaInsn.accept(Lcom/android/dx/ssa/SsaInsn$Visitor;)V @ 9
Event: 1.341 Thread 0x00000000028d2800 Uncommon trap: reason=unstable_if action=reinterpret pc=0x0000000002d80c84 method=com.android.dx.ssa.SsaRenamer$BlockRenamer.addMapping(ILcom/android/dx/rop/code/RegisterSpec;)V @ 120
Event: 1.379 Thread 0x00000000028d2800 Uncommon trap: reason=unstable_if action=reinterpret pc=0x0000000002dea644 method=java.lang.String.<init>([CII)V @ 18
Event: 2.000 Thread 0x00000000028d2800 Uncommon trap: reason=bimorphic action=maybe_recompile pc=0x0000000002eb52c4 method=com.android.dx.cf.code.Merger.mergeType(Lcom/android/dx/rop/type/TypeBearer;Lcom/android/dx/rop/type/TypeBearer;)Lcom/android/dx/rop/type/TypeBearer; @ 28
Event: 2.000 Thread 0x00000000028d2800 Uncommon trap: reason=bimorphic action=maybe_recompile pc=0x0000000002eb52c4 method=com.android.dx.cf.code.Merger.mergeType(Lcom/android/dx/rop/type/TypeBearer;Lcom/android/dx/rop/type/TypeBearer;)Lcom/android/dx/rop/type/TypeBearer; @ 28
Event: 2.052 Thread 0x0000000016b8f000 Uncommon trap: reason=bimorphic action=maybe_recompile pc=0x0000000002eb52c4 method=com.android.dx.cf.code.Merger.mergeType(Lcom/android/dx/rop/type/TypeBearer;Lcom/android/dx/rop/type/TypeBearer;)Lcom/android/dx/rop/type/TypeBearer; @ 28
Event: 2.131 Thread 0x0000000016b8f000 Uncommon trap: reason=bimorphic action=maybe_recompile pc=0x0000000002eb52c4 method=com.android.dx.cf.code.Merger.mergeType(Lcom/android/dx/rop/type/TypeBearer;Lcom/android/dx/rop/type/TypeBearer;)Lcom/android/dx/rop/type/TypeBearer; @ 28

Internal exceptions (3 events):
Event: 0.098 Thread 0x00000000028d2800 Exception <a 'java/lang/NoSuchMethodError': Method sun.misc.Unsafe.defineClass(Ljava/lang/String;[BII)Ljava/lang/Class; name or signature does not match> (0x00000000eab07cc0) thrown at [D:\re\workspace\8-2-build-windows-amd64-cygwin\jdk8u92\6642\hotspot\sr1ù˝ÀÙ-π?
Event: 0.098 Thread 0x00000000028d2800 Exception <a 'java/lang/NoSuchMethodError': Method sun.misc.Unsafe.prefetchRead(Ljava/lang/Object;J)V name or signature does not match> (0x00000000eab07fa8) thrown at [D:\re\workspace\8-2-build-windows-amd64-cygwin\jdk8u92\6642\hotspot\src\share\vm\prims\jæGgÂ·F?
Event: 1.017 Thread 0x00000000028d2800 Implicit null exception at 0x0000000002c31bbb to 0x0000000002c33639

Events (10 events):
Event: 2.052 Thread 0x0000000016b8f000 Uncommon trap: trap_request=0xffffffc6 fr.pc=0x0000000002eb52c4
Event: 2.052 Thread 0x0000000016b8f000 DEOPT PACKING pc=0x0000000002eb52c4 sp=0x00000000173eeb50
Event: 2.052 Thread 0x0000000016b8f000 DEOPT UNPACKING pc=0x0000000002a1582a sp=0x00000000173eeae0 mode 2
Event: 2.131 Thread 0x0000000016b8f000 Uncommon trap: trap_request=0xffffffc6 fr.pc=0x0000000002eb52c4
Event: 2.131 Thread 0x0000000016b8f000 DEOPT PACKING pc=0x0000000002eb52c4 sp=0x00000000173eeb50
Event: 2.131 Thread 0x0000000016b8f000 DEOPT UNPACKING pc=0x0000000002a1582a sp=0x00000000173eeae0 mode 2
Event: 2.137 Thread 0x0000000016b89800 DEOPT PACKING pc=0x0000000002d83449 sp=0x00000000171eebc0
Event: 2.137 Thread 0x0000000016b89800 DEOPT UNPACKING pc=0x0000000002a1787f sp=0x00000000171ee988 mode 0
Event: 2.823 loading class com/android/dx/cf/attrib/AttAnnotationDefault
Event: 2.823 loading class com/android/dx/cf/attrib/AttAnnotationDefault done


Dynamic libraries:
0x00007ff643cc0000 - 0x00007ff643cf7000 	C:\Program Files\Java\jdk1.8.0_92\bin\java.exe
0x00007fff95070000 - 0x00007fff9521a000 	C:\Windows\SYSTEM32\ntdll.dll
0x00007fff92d30000 - 0x00007fff92e6a000 	C:\Windows\system32\KERNEL32.DLL
0x00007fff92560000 - 0x00007fff9266f000 	C:\Windows\system32\KERNELBASE.dll
0x00007fff91010000 - 0x00007fff91098000 	C:\Windows\system32\apphelp.dll
0x00007fff72830000 - 0x00007fff7287f000 	C:\Windows\AppPatch\AppPatch64\AcGenral.DLL
0x00007fff92e70000 - 0x00007fff92f17000 	C:\Windows\system32\msvcrt.dll
0x00007fff92220000 - 0x00007fff9224b000 	C:\Windows\SYSTEM32\SspiCli.dll
0x00007fff931f0000 - 0x00007fff93241000 	C:\Windows\system32\SHLWAPI.dll
0x00007fff92a40000 - 0x00007fff92bb1000 	C:\Windows\system32\USER32.dll
0x00007fff93740000 - 0x00007fff938b8000 	C:\Windows\system32\ole32.dll
0x00007fff93a70000 - 0x00007fff94e87000 	C:\Windows\system32\SHELL32.dll
0x00007fff91a50000 - 0x00007fff91a6e000 	C:\Windows\SYSTEM32\USERENV.dll
0x00007fff93120000 - 0x00007fff931c5000 	C:\Windows\system32\ADVAPI32.dll
0x00007fff8d830000 - 0x00007fff8d84b000 	C:\Windows\SYSTEM32\MPR.dll
0x00007fff93250000 - 0x00007fff93386000 	C:\Windows\system32\RPCRT4.dll
0x00007fff930c0000 - 0x00007fff93117000 	C:\Windows\SYSTEM32\sechost.dll
0x00007fff93390000 - 0x00007fff93566000 	C:\Windows\SYSTEM32\combase.dll
0x00007fff938c0000 - 0x00007fff93a05000 	C:\Windows\system32\GDI32.dll
0x00007fff923e0000 - 0x00007fff923f4000 	C:\Windows\SYSTEM32\profapi.dll
0x00007fff90850000 - 0x00007fff908ef000 	C:\Windows\SYSTEM32\SHCORE.dll
0x00007fff929a0000 - 0x00007fff929d4000 	C:\Windows\system32\IMM32.DLL
0x00007fff92bc0000 - 0x00007fff92cf9000 	C:\Windows\system32\MSCTF.dll
0x00007fff900b0000 - 0x00007fff9030a000 	C:\Windows\WinSxS\amd64_microsoft.windows.common-controls_6595b64144ccf1df_6.0.9600.17031_none_6242a4b3ecbb55a1\COMCTL32.dll
0x00000000721c0000 - 0x0000000072292000 	C:\Program Files\Java\jdk1.8.0_92\jre\bin\msvcr100.dll
0x00000000725c0000 - 0x0000000072e56000 	C:\Program Files\Java\jdk1.8.0_92\jre\bin\server\jvm.dll
0x00007fff8be90000 - 0x00007fff8be99000 	C:\Windows\SYSTEM32\WSOCK32.dll
0x00007fff89000000 - 0x00007fff8901f000 	C:\Windows\SYSTEM32\WINMM.dll
0x00007fff8fff0000 - 0x00007fff8fffa000 	C:\Windows\SYSTEM32\VERSION.dll
0x00007fff92d00000 - 0x00007fff92d07000 	C:\Windows\system32\PSAPI.DLL
0x00007fff936e0000 - 0x00007fff93738000 	C:\Windows\system32\WS2_32.dll
0x00007fff86ca0000 - 0x00007fff86cca000 	C:\Windows\SYSTEM32\WINMMBASE.dll
0x00007fff931d0000 - 0x00007fff931d9000 	C:\Windows\system32\NSI.dll
0x00007fff92670000 - 0x00007fff926ba000 	C:\Windows\SYSTEM32\cfgmgr32.dll
0x00007fff91270000 - 0x00007fff91296000 	C:\Windows\SYSTEM32\DEVOBJ.dll
0x0000000073150000 - 0x000000007315f000 	C:\Program Files\Java\jdk1.8.0_92\jre\bin\verify.dll
0x0000000073120000 - 0x0000000073149000 	C:\Program Files\Java\jdk1.8.0_92\jre\bin\java.dll
0x0000000073100000 - 0x0000000073116000 	C:\Program Files\Java\jdk1.8.0_92\jre\bin\zip.dll

VM Arguments:
jvm_args: -Djava.awt.headless=true -Xmx1024M -Dfile.encoding=windows-1252 -Duser.country=US -Duser.language=en -Duser.variant 
java_command: com.android.dx.command.Main --dex --force-jumbo --num-threads=4 --output C:\Zooket\app\build\intermediates\pre-dexed\debug\retrofit-1.9.0_dc2ce17711a3a8d27121abdd9de1a517d4e36132.jar C:\Users\Smo\.gradle\caches\modules-2\files-2.1\com.squareup.retrofit\retrofit\1.9.0\a681c044244d9fc375198588297a39ba78028423\retrofit-1.9.0.jar
java_class_path (initial): C:\android-sdk-windows\build-tools\24.0.3\lib\dx.jar
Launcher Type: SUN_STANDARD

Environment Variables:
PATH=C:\ProgramData\Oracle\Java\javapath;C:\Windows\system32;C:\Windows;C:\Windows\System32\Wbem;C:\Windows\System32\WindowsPowerShell\v1.0\;C:\Program Files (x86)\NVIDIA Corporation\PhysX\Common;C:\Program Files (x86)\Windows Kits\8.1\Windows Performance Toolkit\;C:\Program Files\Microsoft SQL Server\110\Tools\Binn\;C:\Program Files\Microsoft SQL Server\110\DTS\Binn\;C:\Program Files (x86)\Microsoft SQL Server\110\Tools\Binn\;C:\Program Files (x86)\Microsoft SQL Server\110\Tools\Binn\ManagementStudio\;C:\Program Files (x86)\Microsoft Visual Studio 10.0\Common7\IDE\PrivateAssemblies\;C:\Program Files (x86)\Microsoft SQL Server\110\DTS\Binn\;C:\Program Files (x86)\GtkSharp\2.12\bin;C:\Program Files (x86)\QuickTime\QTSystem\
USERNAME=Smo
OS=Windows_NT
PROCESSOR_IDENTIFIER=Intel64 Family 6 Model 94 Stepping 3, GenuineIntel



---------------  S Y S T E M  ---------------

OS: Windows 8.1 , 64 bit Build 9600 (6.3.9600.17056)

CPU:total 4 (4 cores per cpu, 1 threads per core) family 6 model 94 stepping 3, cmov, cx8, fxsr, mmx, sse, sse2, sse3, ssse3, sse4.1, sse4.2, popcnt, avx, avx2, aes, clmul, erms, 3dnowpref, lzcnt, tsc, tscinvbit, bmi1, bmi2, adx

Memory: 4k page, physical 8266404k(998524k free), swap 8266404k(5736k free)

vm_info: Java HotSpot(TM) 64-Bit Server VM (25.92-b14) for windows-amd64 JRE (1.8.0_92-b14), built on Mar 31 2016 21:03:04 by "java_re" with MS VC++ 10.0 (VS2010)

time: Tue May 23 12:27:10 2017
elapsed time: 2 seconds (0d 0h 0m 2s)

