#
# There is insufficient memory for the Java Runtime Environment to continue.
# Native memory allocation (malloc) failed to allocate 290096 bytes for Chunk::new
# Possible reasons:
#   The system is out of physical RAM or swap space
#   In 32 bit mode, the process size limit was hit
# Possible solutions:
#   Reduce memory load on the system
#   Increase physical memory or swap space
#   Check if swap backing store is full
#   Use 64 bit Java on a 64 bit OS
#   Decrease Java heap size (-Xmx/-Xms)
#   Decrease number of Java threads
#   Decrease Java thread stack sizes (-Xss)
#   Set larger code cache with -XX:ReservedCodeCacheSize=
# This output file may be truncated or incomplete.
#
#  Out of Memory Error (allocation.cpp:390), pid=268, tid=0x0000000000001cf8
#
# JRE version: Java(TM) SE Runtime Environment (8.0_92-b14) (build 1.8.0_92-b14)
# Java VM: Java HotSpot(TM) 64-Bit Server VM (25.92-b14 mixed mode windows-amd64 compressed oops)
# Failed to write core dump. Minidumps are not enabled by default on client versions of Windows
#

---------------  T H R E A D  ---------------

Current thread (0x0000000014b2e000):  JavaThread "C2 CompilerThread0" daemon [_thread_in_native, id=7416, stack(0x0000000016160000,0x0000000016260000)]

Stack: [0x0000000016160000,0x0000000016260000]
[error occurred during error reporting (printing stack bounds), id 0xc0000005]

Native frames: (J=compiled Java code, j=interpreted, Vv=VM code, C=native code)


Current CompileTask:
C2:   1615 1003       4       com.android.dx.ssa.back.LivenessAnalyzer::handleTailRecursion (94 bytes)


---------------  P R O C E S S  ---------------

Java Threads: ( => current thread )
  0x0000000016669800 JavaThread "pool-1-thread-4" [_thread_in_vm, id=1112, stack(0x0000000017660000,0x0000000017760000)]
  0x0000000016668800 JavaThread "pool-1-thread-3" [_thread_in_Java, id=6164, stack(0x0000000017560000,0x0000000017660000)]
  0x0000000016668000 JavaThread "pool-1-thread-2" [_thread_in_Java, id=7780, stack(0x0000000017460000,0x0000000017560000)]
  0x00000000165a9800 JavaThread "pool-2-thread-1" [_thread_blocked, id=7564, stack(0x0000000017360000,0x0000000017460000)]
  0x00000000165a8800 JavaThread "pool-1-thread-1" [_thread_blocked, id=5484, stack(0x0000000017260000,0x0000000017360000)]
  0x0000000016366800 JavaThread "Service Thread" daemon [_thread_blocked, id=6592, stack(0x0000000016860000,0x0000000016960000)]
  0x0000000016361000 JavaThread "C1 CompilerThread2" daemon [_thread_in_native, id=8008, stack(0x0000000016760000,0x0000000016860000)]
  0x0000000014b87000 JavaThread "C2 CompilerThread1" daemon [_thread_in_native, id=3472, stack(0x0000000016260000,0x0000000016360000)]
=>0x0000000014b2e000 JavaThread "C2 CompilerThread0" daemon [_thread_in_native, id=7416, stack(0x0000000016160000,0x0000000016260000)]
  0x0000000014b2c000 JavaThread "Attach Listener" daemon [_thread_blocked, id=7096, stack(0x0000000016060000,0x0000000016160000)]
  0x0000000014b2a800 JavaThread "Signal Dispatcher" daemon [_thread_blocked, id=6604, stack(0x0000000015f60000,0x0000000016060000)]
  0x0000000014b1a800 JavaThread "Finalizer" daemon [_thread_blocked, id=96, stack(0x0000000015d80000,0x0000000015e80000)]
  0x0000000002450800 JavaThread "Reference Handler" daemon [_thread_blocked, id=7712, stack(0x0000000015c80000,0x0000000015d80000)]
  0x0000000002362800 JavaThread "main" [_thread_in_Java, id=7448, stack(0x00000000021b0000,0x00000000022b0000)]

Other Threads:
  0x0000000014af8800 VMThread [stack: 0x0000000015b80000,0x0000000015c80000] [id=7640]
  0x000000001637a800 WatcherThread [stack: 0x0000000016960000,0x0000000016a60000] [id=3492]

VM state:not at safepoint (normal execution)

VM Mutex/Monitor currently owned by a thread: None

Heap:
 PSYoungGen      total 38400K, used 29360K [0x00000000eab00000, 0x00000000ed580000, 0x0000000100000000)
  eden space 33280K, 88% used [0x00000000eab00000,0x00000000ec7ac088,0x00000000ecb80000)
  from space 5120K, 0% used [0x00000000ed080000,0x00000000ed080000,0x00000000ed580000)
  to   space 5120K, 0% used [0x00000000ecb80000,0x00000000ecb80000,0x00000000ed080000)
 ParOldGen       total 87552K, used 0K [0x00000000c0000000, 0x00000000c5580000, 0x00000000eab00000)
  object space 87552K, 0% used [0x00000000c0000000,0x00000000c0000000,0x00000000c5580000)
 Metaspace       used 5945K, capacity 6834K, committed 7040K, reserved 1056768K
  class space    used 603K, capacity 618K, committed 640K, reserved 1048576K

Card table byte_map: [0x0000000011820000,0x0000000011a30000] byte_map_base: 0x0000000011220000

Marking Bits: (ParMarkBitMap*) 0x00000000686b64f0
 Begin Bits: [0x0000000011f90000, 0x0000000012f90000)
 End Bits:   [0x0000000012f90000, 0x0000000013f90000)

Polling page: 0x0000000000a30000

CodeCache: size=245760Kb used=4178Kb max_used=4178Kb free=241581Kb
 bounds [0x0000000002460000, 0x0000000002880000, 0x0000000011460000]
 total_blobs=1339 nmethods=1070 adapters=182
 compilation: enabled

Compilation events (10 events):
Event: 1.613 Thread 0x0000000016361000 nmethod 1071 0x0000000002870d50 code [0x0000000002870ea0, 0x0000000002871030]
Event: 1.613 Thread 0x0000000016361000 1064       3       com.android.dx.cf.code.Merger::mergeType (142 bytes)
Event: 1.614 Thread 0x0000000016361000 nmethod 1064 0x00000000028710d0 code [0x0000000002871380, 0x0000000002872828]
Event: 1.614 Thread 0x0000000016361000 1074       3       com.android.dx.dex.code.RopTranslator::access$000 (5 bytes)
Event: 1.614 Thread 0x0000000016361000 nmethod 1074 0x0000000002872f10 code [0x0000000002873080, 0x00000000028732e8]
Event: 1.614 Thread 0x0000000016361000 1075       3       com.android.dx.dex.code.RopTranslator::getRegs (9 bytes)
Event: 1.614 Thread 0x0000000016361000 nmethod 1075 0x00000000028733d0 code [0x0000000002873540, 0x0000000002873748]
Event: 1.614 Thread 0x0000000016361000 1079       3       com.android.dx.rop.code.Rops::opMove (77 bytes)
Event: 1.615 Thread 0x0000000016361000 nmethod 1079 0x0000000002873810 code [0x0000000002873a40, 0x0000000002874638]
Event: 1.615 Thread 0x0000000016361000 1081       3       java.util.HashMap::resize (359 bytes)

GC Heap History (0 events):
No events

Deoptimization events (4 events):
Event: 0.910 Thread 0x0000000002362800 Uncommon trap: reason=unstable_if action=reinterpret pc=0x00000000025bc654 method=java.lang.String.compareTo(Ljava/lang/String;)I @ 38
Event: 1.404 Thread 0x0000000016669800 Uncommon trap: reason=unstable_if action=reinterpret pc=0x000000000275be84 method=com.android.dx.rop.code.RegisterSpec.equals(ILcom/android/dx/rop/type/TypeBearer;Lcom/android/dx/rop/code/LocalItem;)Z @ 42
Event: 1.595 Thread 0x0000000016668000 Uncommon trap: reason=unstable_if action=reinterpret pc=0x000000000279a1ec method=com.android.dx.rop.code.RegisterSpecSet.put(Lcom/android/dx/rop/code/RegisterSpec;)V @ 77
Event: 1.601 Thread 0x0000000016668000 Uncommon trap: reason=unstable_if action=reinterpret pc=0x00000000027ec968 method=com.android.dx.rop.code.RegisterSpecSet.put(Lcom/android/dx/rop/code/RegisterSpec;)V @ 77

Internal exceptions (2 events):
Event: 0.257 Thread 0x0000000002362800 Exception <a 'java/lang/NoSuchMethodError': Method sun.misc.Unsafe.defineClass(Ljava/lang/String;[BII)Ljava/lang/Class; name or signature does not match> (0x00000000eab07cc0) thrown at [D:\re\workspace\8-2-build-windows-amd64-cygwin\jdk8u92\6642\hotspot\srﬁ”ﬁAo–?
Event: 0.257 Thread 0x0000000002362800 Exception <a 'java/lang/NoSuchMethodError': Method sun.misc.Unsafe.prefetchRead(Ljava/lang/Object;J)V name or signature does not match> (0x00000000eab07fa8) thrown at [D:\re\workspace\8-2-build-windows-amd64-cygwin\jdk8u92\6642\hotspot\src\share\vm\prims\j

Events (10 events):
Event: 1.404 Thread 0x0000000016669800 DEOPT PACKING pc=0x000000000275be84 sp=0x000000001775e810
Event: 1.404 Thread 0x0000000016669800 DEOPT UNPACKING pc=0x00000000024a582a sp=0x000000001775e798 mode 2
Event: 1.595 Thread 0x0000000016668000 Uncommon trap: trap_request=0xffffff65 fr.pc=0x000000000279a1ec
Event: 1.595 Thread 0x0000000016668000 DEOPT PACKING pc=0x000000000279a1ec sp=0x000000001755ecc0
Event: 1.595 Thread 0x0000000016668000 DEOPT UNPACKING pc=0x00000000024a582a sp=0x000000001755ec48 mode 2
Event: 1.601 Thread 0x0000000016668000 Uncommon trap: trap_request=0xffffff65 fr.pc=0x00000000027ec968
Event: 1.601 Thread 0x0000000016668000 DEOPT PACKING pc=0x00000000027ec968 sp=0x000000001755ecb0
Event: 1.601 Thread 0x0000000016668000 DEOPT UNPACKING pc=0x00000000024a582a sp=0x000000001755ebd0 mode 2
Event: 1.604 loading class com/android/dx/dex/file/FieldAnnotationStruct
Event: 1.604 loading class com/android/dx/dex/file/FieldAnnotationStruct done


Dynamic libraries:
0x00007ff725170000 - 0x00007ff7251a7000 	C:\Program Files\Java\jdk1.8.0_92\bin\java.exe
0x00007ffef9f10000 - 0x00007ffefa0ba000 	C:\Windows\SYSTEM32\ntdll.dll
0x00007ffef9b80000 - 0x00007ffef9cba000 	C:\Windows\system32\KERNEL32.DLL
0x00007ffef74a0000 - 0x00007ffef75af000 	C:\Windows\system32\KERNELBASE.dll
0x00007ffef5eb0000 - 0x00007ffef5f38000 	C:\Windows\system32\apphelp.dll
0x00007ffed0010000 - 0x00007ffed005f000 	C:\Windows\AppPatch\AppPatch64\AcGenral.DLL
0x00007ffef9cc0000 - 0x00007ffef9d67000 	C:\Windows\system32\msvcrt.dll
0x00007ffef70c0000 - 0x00007ffef70eb000 	C:\Windows\SYSTEM32\SspiCli.dll
0x00007ffef9320000 - 0x00007ffef9371000 	C:\Windows\system32\SHLWAPI.dll
0x00007ffef9380000 - 0x00007ffef94f1000 	C:\Windows\system32\USER32.dll
0x00007ffef7790000 - 0x00007ffef7908000 	C:\Windows\system32\ole32.dll
0x00007ffef7c70000 - 0x00007ffef9087000 	C:\Windows\system32\SHELL32.dll
0x00007ffef68f0000 - 0x00007ffef690e000 	C:\Windows\SYSTEM32\USERENV.dll
0x00007ffef9090000 - 0x00007ffef9135000 	C:\Windows\system32\ADVAPI32.dll
0x00007ffef22f0000 - 0x00007ffef230b000 	C:\Windows\SYSTEM32\MPR.dll
0x00007ffef79d0000 - 0x00007ffef7b06000 	C:\Windows\system32\RPCRT4.dll
0x00007ffef7c10000 - 0x00007ffef7c67000 	C:\Windows\SYSTEM32\sechost.dll
0x00007ffef9140000 - 0x00007ffef9316000 	C:\Windows\SYSTEM32\combase.dll
0x00007ffef9560000 - 0x00007ffef96a5000 	C:\Windows\system32\GDI32.dll
0x00007ffef7280000 - 0x00007ffef7294000 	C:\Windows\SYSTEM32\profapi.dll
0x00007ffef58e0000 - 0x00007ffef597f000 	C:\Windows\SYSTEM32\SHCORE.dll
0x00007ffef9b40000 - 0x00007ffef9b74000 	C:\Windows\system32\IMM32.DLL
0x00007ffef96b0000 - 0x00007ffef97e9000 	C:\Windows\system32\MSCTF.dll
0x00007ffef4fd0000 - 0x00007ffef522a000 	C:\Windows\WinSxS\amd64_microsoft.windows.common-controls_6595b64144ccf1df_6.0.9600.17031_none_6242a4b3ecbb55a1\COMCTL32.dll
0x0000000067850000 - 0x0000000067922000 	C:\Program Files\Java\jdk1.8.0_92\jre\bin\msvcr100.dll
0x0000000067ea0000 - 0x0000000068736000 	C:\Program Files\Java\jdk1.8.0_92\jre\bin\server\jvm.dll
0x00007ffeeee10000 - 0x00007ffeeee19000 	C:\Windows\SYSTEM32\WSOCK32.dll
0x00007ffeeedc0000 - 0x00007ffeeeddf000 	C:\Windows\SYSTEM32\WINMM.dll
0x00007ffef4f90000 - 0x00007ffef4f9a000 	C:\Windows\SYSTEM32\VERSION.dll
0x00007ffef7b10000 - 0x00007ffef7b17000 	C:\Windows\system32\PSAPI.DLL
0x00007ffef9500000 - 0x00007ffef9558000 	C:\Windows\system32\WS2_32.dll
0x00007ffee99a0000 - 0x00007ffee99ca000 	C:\Windows\SYSTEM32\WINMMBASE.dll
0x00007ffef9b30000 - 0x00007ffef9b39000 	C:\Windows\system32\NSI.dll
0x00007ffef7350000 - 0x00007ffef739a000 	C:\Windows\SYSTEM32\cfgmgr32.dll
0x00007ffef6100000 - 0x00007ffef6126000 	C:\Windows\SYSTEM32\DEVOBJ.dll
0x0000000069210000 - 0x000000006921f000 	C:\Program Files\Java\jdk1.8.0_92\jre\bin\verify.dll
0x00000000691e0000 - 0x0000000069209000 	C:\Program Files\Java\jdk1.8.0_92\jre\bin\java.dll
0x0000000069190000 - 0x00000000691a6000 	C:\Program Files\Java\jdk1.8.0_92\jre\bin\zip.dll

VM Arguments:
jvm_args: -Djava.awt.headless=true -Xmx1024M -Dfile.encoding=windows-1252 -Duser.country=US -Duser.language=en -Duser.variant 
java_command: com.android.dx.command.Main --dex --force-jumbo --num-threads=4 --output C:\Zooket\app\build\intermediates\pre-dexed\debug\com.android.support-appcompat-v7-23.4.0_fda78873d11546ce0404252f8f37bf8df30f60cc.jar C:\Zooket\app\build\intermediates\exploded-aar\com.android.support\appcompat-v7\23.4.0\jars\classes.jar
java_class_path (initial): C:\android-sdk-windows\build-tools\24.0.3\lib\dx.jar
Launcher Type: SUN_STANDARD

Environment Variables:
PATH=C:\ProgramData\Oracle\Java\javapath;C:\Windows\system32;C:\Windows;C:\Windows\System32\Wbem;C:\Windows\System32\WindowsPowerShell\v1.0\;C:\Program Files (x86)\NVIDIA Corporation\PhysX\Common;C:\Program Files (x86)\Windows Kits\8.1\Windows Performance Toolkit\;C:\Program Files\Microsoft SQL Server\110\Tools\Binn\;C:\Program Files\Microsoft SQL Server\110\DTS\Binn\;C:\Program Files (x86)\Microsoft SQL Server\110\Tools\Binn\;C:\Program Files (x86)\Microsoft SQL Server\110\Tools\Binn\ManagementStudio\;C:\Program Files (x86)\Microsoft Visual Studio 10.0\Common7\IDE\PrivateAssemblies\;C:\Program Files (x86)\Microsoft SQL Server\110\DTS\Binn\;C:\Program Files (x86)\GtkSharp\2.12\bin;C:\Program Files (x86)\QuickTime\QTSystem\
USERNAME=Smo
OS=Windows_NT
PROCESSOR_IDENTIFIER=Intel64 Family 6 Model 94 Stepping 3, GenuineIntel



---------------  S Y S T E M  ---------------

OS: Windows 8.1 , 64 bit Build 9600 (6.3.9600.17056)

CPU:total 4 (4 cores per cpu, 1 threads per core) family 6 model 94 stepping 3, cmov, cx8, fxsr, mmx, sse, sse2, sse3, ssse3, sse4.1, sse4.2, popcnt, avx, avx2, aes, clmul, erms, 3dnowpref, lzcnt, tsc, tscinvbit, bmi1, bmi2, adx

Memory: 4k page, physical 8266404k(1371208k free), swap 8266404k(5296k free)

vm_info: Java HotSpot(TM) 64-Bit Server VM (25.92-b14) for windows-amd64 JRE (1.8.0_92-b14), built on Mar 31 2016 21:03:04 by "java_re" with MS VC++ 10.0 (VS2010)

time: Thu May 11 09:48:41 2017
elapsed time: 1 seconds (0d 0h 0m 1s)

