#
# There is insufficient memory for the Java Runtime Environment to continue.
# Native memory allocation (malloc) failed to allocate 442656 bytes for Chunk::new
# Possible reasons:
#   The system is out of physical RAM or swap space
#   In 32 bit mode, the process size limit was hit
# Possible solutions:
#   Reduce memory load on the system
#   Increase physical memory or swap space
#   Check if swap backing store is full
#   Use 64 bit Java on a 64 bit OS
#   Decrease Java heap size (-Xmx/-Xms)
#   Decrease number of Java threads
#   Decrease Java thread stack sizes (-Xss)
#   Set larger code cache with -XX:ReservedCodeCacheSize=
# This output file may be truncated or incomplete.
#
#  Out of Memory Error (allocation.cpp:390), pid=10152, tid=0x0000000000002394
#
# JRE version: Java(TM) SE Runtime Environment (8.0_92-b14) (build 1.8.0_92-b14)
# Java VM: Java HotSpot(TM) 64-Bit Server VM (25.92-b14 mixed mode windows-amd64 compressed oops)
# Failed to write core dump. Minidumps are not enabled by default on client versions of Windows
#

---------------  T H R E A D  ---------------

Current thread (0x00000000148f7000):  JavaThread "C2 CompilerThread1" daemon [_thread_in_native, id=9108, stack(0x0000000015fd0000,0x00000000160d0000)]

Stack: [0x0000000015fd0000,0x00000000160d0000]
[error occurred during error reporting (printing stack bounds), id 0xc0000005]

Native frames: (J=compiled Java code, j=interpreted, Vv=VM code, C=native code)


Current CompileTask:
C2:    684 1098       4       com.android.dx.ssa.SCCP::simulateStmt (481 bytes)


---------------  P R O C E S S  ---------------

Java Threads: ( => current thread )
  0x0000000016341000 JavaThread "pool-1-thread-4" [_thread_blocked, id=9596, stack(0x0000000016bd0000,0x0000000016cd0000)]
  0x000000001633d000 JavaThread "pool-1-thread-3" [_thread_blocked, id=9604, stack(0x0000000016ad0000,0x0000000016bd0000)]
  0x000000001633c000 JavaThread "pool-1-thread-2" [_thread_blocked, id=6220, stack(0x00000000169d0000,0x0000000016ad0000)]
  0x0000000016323800 JavaThread "pool-2-thread-1" [_thread_blocked, id=1420, stack(0x00000000168d0000,0x00000000169d0000)]
  0x000000001631c000 JavaThread "pool-1-thread-1" [_thread_in_vm, id=9920, stack(0x00000000167d0000,0x00000000168d0000)]
  0x00000000160d6000 JavaThread "Service Thread" daemon [_thread_blocked, id=9236, stack(0x00000000165d0000,0x00000000166d0000)]
  0x00000000160d1000 JavaThread "C1 CompilerThread2" daemon [_thread_blocked, id=5380, stack(0x00000000164d0000,0x00000000165d0000)]
=>0x00000000148f7000 JavaThread "C2 CompilerThread1" daemon [_thread_in_native, id=9108, stack(0x0000000015fd0000,0x00000000160d0000)]
  0x000000001489e000 JavaThread "C2 CompilerThread0" daemon [_thread_in_vm, id=8964, stack(0x0000000015ed0000,0x0000000015fd0000)]
  0x000000001489c000 JavaThread "Attach Listener" daemon [_thread_blocked, id=6996, stack(0x0000000015dd0000,0x0000000015ed0000)]
  0x000000001489a800 JavaThread "Signal Dispatcher" daemon [_thread_blocked, id=8488, stack(0x0000000015cd0000,0x0000000015dd0000)]
  0x000000001488a800 JavaThread "Finalizer" daemon [_thread_blocked, id=9464, stack(0x0000000015af0000,0x0000000015bf0000)]
  0x0000000002120800 JavaThread "Reference Handler" daemon [_thread_blocked, id=8292, stack(0x00000000159f0000,0x0000000015af0000)]
  0x0000000002032800 JavaThread "main" [_thread_blocked, id=992, stack(0x0000000001f10000,0x0000000002010000)]

Other Threads:
  0x0000000014868800 VMThread [stack: 0x00000000158f0000,0x00000000159f0000] [id=7808]
  0x00000000160d9800 WatcherThread [stack: 0x00000000166d0000,0x00000000167d0000] [id=1908]

VM state:not at safepoint (normal execution)

VM Mutex/Monitor currently owned by a thread: None

Heap:
 PSYoungGen      total 38400K, used 31338K [0x00000000eab00000, 0x00000000ed580000, 0x0000000100000000)
  eden space 33280K, 94% used [0x00000000eab00000,0x00000000ec99aaf0,0x00000000ecb80000)
  from space 5120K, 0% used [0x00000000ed080000,0x00000000ed080000,0x00000000ed580000)
  to   space 5120K, 0% used [0x00000000ecb80000,0x00000000ecb80000,0x00000000ed080000)
 ParOldGen       total 87552K, used 0K [0x00000000c0000000, 0x00000000c5580000, 0x00000000eab00000)
  object space 87552K, 0% used [0x00000000c0000000,0x00000000c0000000,0x00000000c5580000)
 Metaspace       used 5911K, capacity 6834K, committed 7040K, reserved 1056768K
  class space    used 598K, capacity 618K, committed 640K, reserved 1048576K

Card table byte_map: [0x0000000011590000,0x00000000117a0000] byte_map_base: 0x0000000010f90000

Marking Bits: (ParMarkBitMap*) 0x000000006bf164f0
 Begin Bits: [0x0000000011d00000, 0x0000000012d00000)
 End Bits:   [0x0000000012d00000, 0x0000000013d00000)

Polling page: 0x00000000007a0000

CodeCache: size=245760Kb used=4455Kb max_used=4467Kb free=241304Kb
 bounds [0x00000000021d0000, 0x0000000002640000, 0x00000000111d0000]
 total_blobs=1375 nmethods=1106 adapters=182
 compilation: enabled

Compilation events (10 events):
Event: 0.666 Thread 0x000000001489e000 nmethod 1104 0x000000000261e450 code [0x000000000261e5a0, 0x000000000261e738]
Event: 0.668 Thread 0x000000001489e000 1105       4       com.android.dx.ssa.SsaMethod$2::addToUses (48 bytes)
Event: 0.678 Thread 0x000000001489e000 nmethod 1105 0x0000000002629350 code [0x0000000002629500, 0x0000000002629f18]
Event: 0.678 Thread 0x000000001489e000 1111       4       com.android.dx.util.IntList::binarysearch (124 bytes)
Event: 0.680 Thread 0x000000001489e000 nmethod 1111 0x0000000002628ed0 code [0x0000000002629020, 0x00000000026291d8]
Event: 0.680 Thread 0x000000001489e000 1121       4       java.util.ArrayList::<init> (67 bytes)
Event: 0.682 Thread 0x000000001489e000 nmethod 1121 0x000000000260b950 code [0x000000000260baa0, 0x000000000260bd58]
Event: 0.682 Thread 0x000000001489e000 1107   !   4       com.android.dx.ssa.BasicRegisterMapper::map (44 bytes)
Event: 0.683 Thread 0x000000001489e000 nmethod 1107 0x000000000262ead0 code [0x000000000262ec20, 0x000000000262ed68]
Event: 0.683 Thread 0x000000001489e000 1123       4       java.util.ArrayList::toArray (12 bytes)

GC Heap History (0 events):
No events

Deoptimization events (6 events):
Event: 0.331 Thread 0x0000000002032800 Uncommon trap: reason=unstable_if action=reinterpret pc=0x00000000023dbbe4 method=java.util.HashMap.getNode(ILjava/lang/Object;)Ljava/util/HashMap$Node; @ 129
Event: 0.368 Thread 0x000000001631c000 Uncommon trap: reason=unstable_if action=reinterpret pc=0x00000000024396b4 method=java.util.BitSet.ensureCapacity(I)V @ 6
Event: 0.368 Thread 0x000000001631c000 Uncommon trap: reason=unstable_if action=reinterpret pc=0x000000000244e6f0 method=java.util.BitSet.ensureCapacity(I)V @ 6
Event: 0.369 Thread 0x000000001631c000 Uncommon trap: reason=unstable_if action=reinterpret pc=0x00000000024280f0 method=java.util.BitSet.nextSetBit(I)I @ 87
Event: 0.484 Thread 0x000000001633c000 Uncommon trap: reason=bimorphic action=maybe_recompile pc=0x0000000002459488 method=java.util.HashMap.getNode(ILjava/lang/Object;)Ljava/util/HashMap$Node; @ 126
Event: 0.497 Thread 0x0000000002032800 Uncommon trap: reason=null_check action=make_not_entrant pc=0x0000000002533f40 method=com.android.dx.ssa.SsaRenamer.getLocalForNewReg(I)Lcom/android/dx/rop/code/LocalItem; @ 19

Internal exceptions (3 events):
Event: 0.031 Thread 0x0000000002032800 Exception <a 'java/lang/NoSuchMethodError': Method sun.misc.Unsafe.defineClass(Ljava/lang/String;[BII)Ljava/lang/Class; name or signature does not match> (0x00000000eab07cc0) thrown at [D:\re\workspace\8-2-build-windows-amd64-cygwin\jdk8u92\6642\hotspot\srÓ.¶†ü?
Event: 0.031 Thread 0x0000000002032800 Exception <a 'java/lang/NoSuchMethodError': Method sun.misc.Unsafe.prefetchRead(Ljava/lang/Object;J)V name or signature does not match> (0x00000000eab07fa8) thrown at [D:\re\workspace\8-2-build-windows-amd64-cygwin\jdk8u92\6642\hotspot\src\share\vm\prims\j∂ù˚˘˘Àﬂ?
Event: 0.497 Thread 0x0000000002032800 Implicit null exception at 0x00000000025325f6 to 0x0000000002533ef5

Events (10 events):
Event: 0.532 Thread 0x0000000002032800 DEOPT PACKING pc=0x000000000252737a sp=0x000000000200e2d0
Event: 0.532 Thread 0x0000000002032800 DEOPT UNPACKING pc=0x000000000221787f sp=0x000000000200e038 mode 0
Event: 0.533 Thread 0x0000000002032800 DEOPT PACKING pc=0x000000000252737a sp=0x000000000200e2d0
Event: 0.533 Thread 0x0000000002032800 DEOPT UNPACKING pc=0x000000000221787f sp=0x000000000200e038 mode 0
Event: 0.533 Thread 0x0000000002032800 DEOPT PACKING pc=0x000000000252737a sp=0x000000000200e2d0
Event: 0.533 Thread 0x0000000002032800 DEOPT UNPACKING pc=0x000000000221787f sp=0x000000000200e038 mode 0
Event: 0.667 Executing VM operation: ForceSafepoint
Event: 0.668 Executing VM operation: ForceSafepoint done
Event: 0.683 Thread 0x000000001631c000 DEOPT PACKING pc=0x00000000024bcf35 sp=0x00000000168ce420
Event: 0.683 Thread 0x000000001631c000 DEOPT UNPACKING pc=0x000000000221787f sp=0x00000000168ce200 mode 0


Dynamic libraries:
0x00007ff7d3560000 - 0x00007ff7d3597000 	C:\Program Files\Java\jdk1.8.0_92\bin\java.exe
0x00007ff89b3d0000 - 0x00007ff89b57a000 	C:\Windows\SYSTEM32\ntdll.dll
0x00007ff898d00000 - 0x00007ff898e3a000 	C:\Windows\system32\KERNEL32.DLL
0x00007ff898af0000 - 0x00007ff898bff000 	C:\Windows\system32\KERNELBASE.dll
0x00007ff897370000 - 0x00007ff8973f8000 	C:\Windows\system32\apphelp.dll
0x00007ff875f50000 - 0x00007ff875f9f000 	C:\Windows\AppPatch\AppPatch64\AcGenral.DLL
0x00007ff899020000 - 0x00007ff8990c7000 	C:\Windows\system32\msvcrt.dll
0x00007ff898580000 - 0x00007ff8985ab000 	C:\Windows\SYSTEM32\SspiCli.dll
0x00007ff89a7a0000 - 0x00007ff89a7f1000 	C:\Windows\system32\SHLWAPI.dll
0x00007ff89a9e0000 - 0x00007ff89ab51000 	C:\Windows\system32\USER32.dll
0x00007ff898ea0000 - 0x00007ff899018000 	C:\Windows\system32\ole32.dll
0x00007ff899380000 - 0x00007ff89a797000 	C:\Windows\system32\SHELL32.dll
0x00007ff897db0000 - 0x00007ff897dce000 	C:\Windows\SYSTEM32\USERENV.dll
0x00007ff89b200000 - 0x00007ff89b2a5000 	C:\Windows\system32\ADVAPI32.dll
0x00007ff893600000 - 0x00007ff89361b000 	C:\Windows\SYSTEM32\MPR.dll
0x00007ff89ad40000 - 0x00007ff89ae76000 	C:\Windows\system32\RPCRT4.dll
0x00007ff898e40000 - 0x00007ff898e97000 	C:\Windows\SYSTEM32\sechost.dll
0x00007ff8990d0000 - 0x00007ff8992a6000 	C:\Windows\SYSTEM32\combase.dll
0x00007ff89ae90000 - 0x00007ff89afd5000 	C:\Windows\system32\GDI32.dll
0x00007ff898740000 - 0x00007ff898754000 	C:\Windows\SYSTEM32\profapi.dll
0x00007ff896da0000 - 0x00007ff896e3f000 	C:\Windows\SYSTEM32\SHCORE.dll
0x00007ff89a9a0000 - 0x00007ff89a9d4000 	C:\Windows\system32\IMM32.DLL
0x00007ff89b0c0000 - 0x00007ff89b1f9000 	C:\Windows\system32\MSCTF.dll
0x00007ff896520000 - 0x00007ff89677a000 	C:\Windows\WinSxS\amd64_microsoft.windows.common-controls_6595b64144ccf1df_6.0.9600.17031_none_6242a4b3ecbb55a1\COMCTL32.dll
0x000000006b320000 - 0x000000006b3f2000 	C:\Program Files\Java\jdk1.8.0_92\jre\bin\msvcr100.dll
0x000000006b700000 - 0x000000006bf96000 	C:\Program Files\Java\jdk1.8.0_92\jre\bin\server\jvm.dll
0x00007ff88b560000 - 0x00007ff88b569000 	C:\Windows\SYSTEM32\WSOCK32.dll
0x00007ff88ab60000 - 0x00007ff88ab7f000 	C:\Windows\SYSTEM32\WINMM.dll
0x00007ff896450000 - 0x00007ff89645a000 	C:\Windows\SYSTEM32\VERSION.dll
0x00007ff89ae80000 - 0x00007ff89ae87000 	C:\Windows\system32\PSAPI.DLL
0x00007ff8992b0000 - 0x00007ff899308000 	C:\Windows\system32\WS2_32.dll
0x00007ff88aac0000 - 0x00007ff88aaea000 	C:\Windows\SYSTEM32\WINMMBASE.dll
0x00007ff89b000000 - 0x00007ff89b009000 	C:\Windows\system32\NSI.dll
0x00007ff898c00000 - 0x00007ff898c4a000 	C:\Windows\SYSTEM32\cfgmgr32.dll
0x00007ff8975c0000 - 0x00007ff8975e6000 	C:\Windows\SYSTEM32\DEVOBJ.dll
0x000000006e490000 - 0x000000006e49f000 	C:\Program Files\Java\jdk1.8.0_92\jre\bin\verify.dll
0x000000006c680000 - 0x000000006c6a9000 	C:\Program Files\Java\jdk1.8.0_92\jre\bin\java.dll
0x000000006c660000 - 0x000000006c676000 	C:\Program Files\Java\jdk1.8.0_92\jre\bin\zip.dll

VM Arguments:
jvm_args: -Djava.awt.headless=true -Xmx1024M -Dfile.encoding=windows-1252 -Duser.country=US -Duser.language=en -Duser.variant 
java_command: com.android.dx.command.Main --dex --force-jumbo --num-threads=4 --output C:\Zooket\app\build\intermediates\pre-dexed\debug\okhttp-2.4.0_787f9e023d436507c0c01ed8a5465d0311a90b76.jar C:\Users\Smo\.gradle\caches\modules-2\files-2.1\com.squareup.okhttp\okhttp\2.4.0\40340c0748190fe897baf7bffbc1b282734294e5\okhttp-2.4.0.jar
java_class_path (initial): C:\android-sdk-windows\build-tools\24.0.3\lib\dx.jar
Launcher Type: SUN_STANDARD

Environment Variables:
PATH=C:\ProgramData\Oracle\Java\javapath;C:\Windows\system32;C:\Windows;C:\Windows\System32\Wbem;C:\Windows\System32\WindowsPowerShell\v1.0\;C:\Program Files (x86)\NVIDIA Corporation\PhysX\Common;C:\Program Files (x86)\Windows Kits\8.1\Windows Performance Toolkit\;C:\Program Files\Microsoft SQL Server\110\Tools\Binn\;C:\Program Files\Microsoft SQL Server\110\DTS\Binn\;C:\Program Files (x86)\Microsoft SQL Server\110\Tools\Binn\;C:\Program Files (x86)\Microsoft SQL Server\110\Tools\Binn\ManagementStudio\;C:\Program Files (x86)\Microsoft Visual Studio 10.0\Common7\IDE\PrivateAssemblies\;C:\Program Files (x86)\Microsoft SQL Server\110\DTS\Binn\;C:\Program Files (x86)\GtkSharp\2.12\bin;C:\Program Files (x86)\QuickTime\QTSystem\
USERNAME=Smo
OS=Windows_NT
PROCESSOR_IDENTIFIER=Intel64 Family 6 Model 94 Stepping 3, GenuineIntel



---------------  S Y S T E M  ---------------

OS: Windows 8.1 , 64 bit Build 9600 (6.3.9600.17056)

CPU:total 4 (4 cores per cpu, 1 threads per core) family 6 model 94 stepping 3, cmov, cx8, fxsr, mmx, sse, sse2, sse3, ssse3, sse4.1, sse4.2, popcnt, avx, avx2, aes, clmul, erms, 3dnowpref, lzcnt, tsc, tscinvbit, bmi1, bmi2, adx

Memory: 4k page, physical 8266404k(1637336k free), swap 8266404k(5156k free)

vm_info: Java HotSpot(TM) 64-Bit Server VM (25.92-b14) for windows-amd64 JRE (1.8.0_92-b14), built on Mar 31 2016 21:03:04 by "java_re" with MS VC++ 10.0 (VS2010)

time: Thu May 11 22:15:32 2017
elapsed time: 0 seconds (0d 0h 0m 0s)

