#
# There is insufficient memory for the Java Runtime Environment to continue.
# Native memory allocation (malloc) failed to allocate 635936 bytes for Chunk::new
# Possible reasons:
#   The system is out of physical RAM or swap space
#   In 32 bit mode, the process size limit was hit
# Possible solutions:
#   Reduce memory load on the system
#   Increase physical memory or swap space
#   Check if swap backing store is full
#   Use 64 bit Java on a 64 bit OS
#   Decrease Java heap size (-Xmx/-Xms)
#   Decrease number of Java threads
#   Decrease Java thread stack sizes (-Xss)
#   Set larger code cache with -XX:ReservedCodeCacheSize=
# This output file may be truncated or incomplete.
#
#  Out of Memory Error (allocation.cpp:390), pid=4260, tid=0x0000000000001a08
#
# JRE version: Java(TM) SE Runtime Environment (8.0_92-b14) (build 1.8.0_92-b14)
# Java VM: Java HotSpot(TM) 64-Bit Server VM (25.92-b14 mixed mode windows-amd64 compressed oops)
# Failed to write core dump. Minidumps are not enabled by default on client versions of Windows
#

---------------  T H R E A D  ---------------

Current thread (0x000000001526e800):  JavaThread "C2 CompilerThread0" daemon [_thread_in_native, id=6664, stack(0x00000000168a0000,0x00000000169a0000)]

Stack: [0x00000000168a0000,0x00000000169a0000]
[error occurred during error reporting (printing stack bounds), id 0xc0000005]

Native frames: (J=compiled Java code, j=interpreted, Vv=VM code, C=native code)


Current CompileTask:
C2:   7207 1666   !   4       com.android.dx.cf.code.BytecodeArray::parseInstruction (2764 bytes)


---------------  P R O C E S S  ---------------

Java Threads: ( => current thread )
  0x0000000016d06000 JavaThread "pool-1-thread-4" [_thread_blocked, id=7832, stack(0x00000000175a0000,0x00000000176a0000)]
  0x0000000016d02800 JavaThread "pool-1-thread-3" [_thread_in_Java, id=8432, stack(0x00000000174a0000,0x00000000175a0000)]
  0x0000000016d01800 JavaThread "pool-1-thread-2" [_thread_in_vm, id=8056, stack(0x00000000173a0000,0x00000000174a0000)]
  0x0000000016d18800 JavaThread "pool-2-thread-1" [_thread_blocked, id=2276, stack(0x00000000172a0000,0x00000000173a0000)]
  0x0000000016d4b000 JavaThread "pool-1-thread-1" [_thread_blocked, id=8480, stack(0x00000000171a0000,0x00000000172a0000)]
  0x0000000016aa6800 JavaThread "Service Thread" daemon [_thread_blocked, id=8364, stack(0x0000000016fa0000,0x00000000170a0000)]
  0x0000000016aa1000 JavaThread "C1 CompilerThread2" daemon [_thread_blocked, id=9048, stack(0x0000000016ea0000,0x0000000016fa0000)]
  0x00000000152c7800 JavaThread "C2 CompilerThread1" daemon [_thread_in_native, id=5944, stack(0x00000000169a0000,0x0000000016aa0000)]
=>0x000000001526e800 JavaThread "C2 CompilerThread0" daemon [_thread_in_native, id=6664, stack(0x00000000168a0000,0x00000000169a0000)]
  0x000000001526d000 JavaThread "Attach Listener" daemon [_thread_blocked, id=6360, stack(0x00000000167a0000,0x00000000168a0000)]
  0x000000001526b000 JavaThread "Signal Dispatcher" daemon [_thread_blocked, id=4020, stack(0x00000000166a0000,0x00000000167a0000)]
  0x000000001525a000 JavaThread "Finalizer" daemon [_thread_blocked, id=4740, stack(0x00000000164c0000,0x00000000165c0000)]
  0x0000000002b92000 JavaThread "Reference Handler" daemon [_thread_blocked, id=8696, stack(0x00000000163c0000,0x00000000164c0000)]
  0x0000000002aa2800 JavaThread "main" [_thread_blocked, id=8804, stack(0x00000000028c0000,0x00000000029c0000)]

Other Threads:
  0x0000000015238800 VMThread [stack: 0x00000000162c0000,0x00000000163c0000] [id=252]
  0x0000000016ac5000 WatcherThread [stack: 0x00000000170a0000,0x00000000171a0000] [id=8620]

VM state:not at safepoint (normal execution)

VM Mutex/Monitor currently owned by a thread: None

Heap:
 PSYoungGen      total 71680K, used 42783K [0x00000000eab00000, 0x00000000ef600000, 0x0000000100000000)
  eden space 66560K, 56% used [0x00000000eab00000,0x00000000ecfca348,0x00000000eec00000)
  from space 5120K, 99% used [0x00000000ef100000,0x00000000ef5fd938,0x00000000ef600000)
  to   space 5120K, 0% used [0x00000000eec00000,0x00000000eec00000,0x00000000ef100000)
 ParOldGen       total 87552K, used 5518K [0x00000000c0000000, 0x00000000c5580000, 0x00000000eab00000)
  object space 87552K, 6% used [0x00000000c0000000,0x00000000c0563868,0x00000000c5580000)
 Metaspace       used 6243K, capacity 7090K, committed 7296K, reserved 1056768K
  class space    used 603K, capacity 618K, committed 640K, reserved 1048576K

Card table byte_map: [0x0000000011f60000,0x0000000012170000] byte_map_base: 0x0000000011960000

Marking Bits: (ParMarkBitMap*) 0x000000005ba964f0
 Begin Bits: [0x00000000126d0000, 0x00000000136d0000)
 End Bits:   [0x00000000136d0000, 0x00000000146d0000)

Polling page: 0x0000000001130000

CodeCache: size=245760Kb used=7350Kb max_used=7350Kb free=238409Kb
 bounds [0x0000000002ba0000, 0x00000000032e0000, 0x0000000011ba0000]
 total_blobs=1943 nmethods=1674 adapters=182
 compilation: enabled

Compilation events (10 events):
Event: 7.183 Thread 0x0000000016aa1000 1689       2       com.android.dx.rop.annotation.Annotations::<init> (16 bytes)
Event: 7.184 Thread 0x0000000016aa1000 nmethod 1689 0x00000000032cf190 code [0x00000000032cf2e0, 0x00000000032cf4b0]
Event: 7.188 Thread 0x0000000016aa1000 1690       2       com.android.dx.ssa.SCCP::simulateStmt (481 bytes)
Event: 7.189 Thread 0x0000000016aa1000 nmethod 1690 0x00000000032cf550 code [0x00000000032cf7c0, 0x00000000032d0098]
Event: 7.195 Thread 0x0000000016aa1000 1691       1       com.android.dx.rop.cst.TypedConstant::getFrameType (2 bytes)
Event: 7.195 Thread 0x0000000016aa1000 nmethod 1691 0x00000000032d0ed0 code [0x00000000032d1020, 0x00000000032d1130]
Event: 7.198 Thread 0x0000000016aa1000 1693       1       com.android.dx.dex.file.OffsettedItem::getAlignment (5 bytes)
Event: 7.198 Thread 0x0000000016aa1000 nmethod 1693 0x00000000032d1190 code [0x00000000032d12e0, 0x00000000032d13f0]
Event: 7.199 Thread 0x0000000016aa1000 1694       2       com.android.dx.dex.file.AnnotationSetItem::<init> (83 bytes)
Event: 7.200 Thread 0x0000000016aa1000 nmethod 1694 0x00000000032d1450 code [0x00000000032d1640, 0x00000000032d1e28]

GC Heap History (4 events):
Event: 4.103 GC heap before
{Heap before GC invocations=1 (full 0):
 PSYoungGen      total 38400K, used 33280K [0x00000000eab00000, 0x00000000ed580000, 0x0000000100000000)
  eden space 33280K, 100% used [0x00000000eab00000,0x00000000ecb80000,0x00000000ecb80000)
  from space 5120K, 0% used [0x00000000ed080000,0x00000000ed080000,0x00000000ed580000)
  to   space 5120K, 0% used [0x00000000ecb80000,0x00000000ecb80000,0x00000000ed080000)
 ParOldGen       total 87552K, used 0K [0x00000000c0000000, 0x00000000c5580000, 0x00000000eab00000)
  object space 87552K, 0% used [0x00000000c0000000,0x00000000c0000000,0x00000000c5580000)
 Metaspace       used 6024K, capacity 6960K, committed 7040K, reserved 1056768K
  class space    used 602K, capacity 616K, committed 640K, reserved 1048576K
Event: 4.652 GC heap after
Heap after GC invocations=1 (full 0):
 PSYoungGen      total 38400K, used 5107K [0x00000000eab00000, 0x00000000ef600000, 0x0000000100000000)
  eden space 33280K, 0% used [0x00000000eab00000,0x00000000eab00000,0x00000000ecb80000)
  from space 5120K, 99% used [0x00000000ecb80000,0x00000000ed07ce98,0x00000000ed080000)
  to   space 5120K, 0% used [0x00000000ef100000,0x00000000ef100000,0x00000000ef600000)
 ParOldGen       total 87552K, used 1214K [0x00000000c0000000, 0x00000000c5580000, 0x00000000eab00000)
  object space 87552K, 1% used [0x00000000c0000000,0x00000000c012f980,0x00000000c5580000)
 Metaspace       used 6024K, capacity 6960K, committed 7040K, reserved 1056768K
  class space    used 602K, capacity 616K, committed 640K, reserved 1048576K
}
Event: 5.728 GC heap before
{Heap before GC invocations=2 (full 0):
 PSYoungGen      total 38400K, used 38387K [0x00000000eab00000, 0x00000000ef600000, 0x0000000100000000)
  eden space 33280K, 100% used [0x00000000eab00000,0x00000000ecb80000,0x00000000ecb80000)
  from space 5120K, 99% used [0x00000000ecb80000,0x00000000ed07ce98,0x00000000ed080000)
  to   space 5120K, 0% used [0x00000000ef100000,0x00000000ef100000,0x00000000ef600000)
 ParOldGen       total 87552K, used 1214K [0x00000000c0000000, 0x00000000c5580000, 0x00000000eab00000)
  object space 87552K, 1% used [0x00000000c0000000,0x00000000c012f980,0x00000000c5580000)
 Metaspace       used 6208K, capacity 7090K, committed 7296K, reserved 1056768K
  class space    used 603K, capacity 618K, committed 640K, reserved 1048576K
Event: 6.125 GC heap after
Heap after GC invocations=2 (full 0):
 PSYoungGen      total 71680K, used 5110K [0x00000000eab00000, 0x00000000ef600000, 0x0000000100000000)
  eden space 66560K, 0% used [0x00000000eab00000,0x00000000eab00000,0x00000000eec00000)
  from space 5120K, 99% used [0x00000000ef100000,0x00000000ef5fd938,0x00000000ef600000)
  to   space 5120K, 0% used [0x00000000eec00000,0x00000000eec00000,0x00000000ef100000)
 ParOldGen       total 87552K, used 5518K [0x00000000c0000000, 0x00000000c5580000, 0x00000000eab00000)
  object space 87552K, 6% used [0x00000000c0000000,0x00000000c0563868,0x00000000c5580000)
 Metaspace       used 6208K, capacity 7090K, committed 7296K, reserved 1056768K
  class space    used 603K, capacity 618K, committed 640K, reserved 1048576K
}

Deoptimization events (10 events):
Event: 6.131 Thread 0x0000000016d4b000 Uncommon trap: reason=bimorphic action=maybe_recompile pc=0x0000000003121cd8 method=com.android.dx.ssa.LiteralOpUpgrader.tryReplacingWithConstant(Lcom/android/dx/ssa/NormalSsaInsn;)Z @ 52
Event: 6.190 Thread 0x0000000016d4b000 Uncommon trap: reason=bimorphic action=maybe_recompile pc=0x0000000003121cd8 method=com.android.dx.ssa.LiteralOpUpgrader.tryReplacingWithConstant(Lcom/android/dx/ssa/NormalSsaInsn;)Z @ 52
Event: 6.190 Thread 0x0000000016d4b000 Uncommon trap: reason=bimorphic action=maybe_recompile pc=0x0000000003121cd8 method=com.android.dx.ssa.LiteralOpUpgrader.tryReplacingWithConstant(Lcom/android/dx/ssa/NormalSsaInsn;)Z @ 52
Event: 6.190 Thread 0x0000000016d4b000 Uncommon trap: reason=bimorphic action=maybe_recompile pc=0x0000000003121cd8 method=com.android.dx.ssa.LiteralOpUpgrader.tryReplacingWithConstant(Lcom/android/dx/ssa/NormalSsaInsn;)Z @ 52
Event: 7.085 Thread 0x0000000016d01800 Uncommon trap: reason=bimorphic action=maybe_recompile pc=0x000000000312b604 method=com.android.dx.ssa.LiteralOpUpgrader.tryReplacingWithConstant(Lcom/android/dx/ssa/NormalSsaInsn;)Z @ 52
Event: 7.105 Thread 0x0000000016d01800 Uncommon trap: reason=unstable_if action=reinterpret pc=0x000000000323aa54 method=com.android.dx.rop.cst.CstNat.equals(Ljava/lang/Object;)Z @ 25
Event: 7.128 Thread 0x0000000016d01800 Uncommon trap: reason=unstable_if action=reinterpret pc=0x000000000327baa0 method=com.android.dx.ssa.InterferenceRegisterMapper.interferes(III)Z @ 35
Event: 7.130 Thread 0x0000000016d01800 Uncommon trap: reason=bimorphic action=maybe_recompile pc=0x000000000323e180 method=com.android.dx.cf.code.BytecodeArray.parseInstruction(ILcom/android/dx/cf/code/BytecodeArray$Visitor;)I @ 955
Event: 7.130 Thread 0x0000000016d01800 Uncommon trap: reason=bimorphic action=maybe_recompile pc=0x000000000323e180 method=com.android.dx.cf.code.BytecodeArray.parseInstruction(ILcom/android/dx/cf/code/BytecodeArray$Visitor;)I @ 955
Event: 7.187 Thread 0x0000000016d06000 Uncommon trap: reason=unstable_if action=reinterpret pc=0x0000000003139830 method=com.android.dx.ssa.SCCP.simulateStmt(Lcom/android/dx/ssa/SsaInsn;)V @ 59

Internal exceptions (3 events):
Event: 0.032 Thread 0x0000000002aa2800 Exception <a 'java/lang/NoSuchMethodError': Method sun.misc.Unsafe.defineClass(Ljava/lang/String;[BII)Ljava/lang/Class; name or signature does not match> (0x00000000eab07cc0) thrown at [D:\re\workspace\8-2-build-windows-amd64-cygwin\jdk8u92\6642\hotspot\sr—è˜0£ ?
Event: 0.032 Thread 0x0000000002aa2800 Exception <a 'java/lang/NoSuchMethodError': Method sun.misc.Unsafe.prefetchRead(Ljava/lang/Object;J)V name or signature does not match> (0x00000000eab07fa8) thrown at [D:\re\workspace\8-2-build-windows-amd64-cygwin\jdk8u92\6642\hotspot\src\share\vm\prims\j;7&›¥‰@
Event: 4.884 Thread 0x0000000016d02800 Implicit null exception at 0x0000000002e6e576 to 0x0000000002e6fdfd

Events (10 events):
Event: 7.128 Thread 0x0000000016d01800 DEOPT UNPACKING pc=0x0000000002be582a sp=0x000000001749ea08 mode 2
Event: 7.130 Thread 0x0000000016d01800 Uncommon trap: trap_request=0xffffffc6 fr.pc=0x000000000323e180
Event: 7.130 Thread 0x0000000016d01800 DEOPT PACKING pc=0x000000000323e180 sp=0x000000001749e920
Event: 7.130 Thread 0x0000000016d01800 DEOPT UNPACKING pc=0x0000000002be582a sp=0x000000001749e8c8 mode 2
Event: 7.130 Thread 0x0000000016d01800 Uncommon trap: trap_request=0xffffffc6 fr.pc=0x000000000323e180
Event: 7.130 Thread 0x0000000016d01800 DEOPT PACKING pc=0x000000000323e180 sp=0x000000001749e770
Event: 7.130 Thread 0x0000000016d01800 DEOPT UNPACKING pc=0x0000000002be582a sp=0x000000001749e718 mode 2
Event: 7.187 Thread 0x0000000016d06000 Uncommon trap: trap_request=0xffffff65 fr.pc=0x0000000003139830
Event: 7.187 Thread 0x0000000016d06000 DEOPT PACKING pc=0x0000000003139830 sp=0x000000001769e630
Event: 7.187 Thread 0x0000000016d06000 DEOPT UNPACKING pc=0x0000000002be582a sp=0x000000001769e618 mode 2


Dynamic libraries:
0x00007ff750d50000 - 0x00007ff750d87000 	C:\Program Files\Java\jdk1.8.0_92\bin\java.exe
0x00007ffe5f900000 - 0x00007ffe5faaa000 	C:\Windows\SYSTEM32\ntdll.dll
0x00007ffe5dc80000 - 0x00007ffe5ddba000 	C:\Windows\system32\KERNEL32.DLL
0x00007ffe5cd40000 - 0x00007ffe5ce4f000 	C:\Windows\system32\KERNELBASE.dll
0x00007ffe5b8a0000 - 0x00007ffe5b928000 	C:\Windows\system32\apphelp.dll
0x00007ffe396d0000 - 0x00007ffe3971f000 	C:\Windows\AppPatch\AppPatch64\AcGenral.DLL
0x00007ffe5f6a0000 - 0x00007ffe5f747000 	C:\Windows\system32\msvcrt.dll
0x00007ffe5cab0000 - 0x00007ffe5cadb000 	C:\Windows\SYSTEM32\SspiCli.dll
0x00007ffe5d750000 - 0x00007ffe5d7a1000 	C:\Windows\system32\SHLWAPI.dll
0x00007ffe5d390000 - 0x00007ffe5d501000 	C:\Windows\system32\USER32.dll
0x00007ffe5e040000 - 0x00007ffe5e1b8000 	C:\Windows\system32\ole32.dll
0x00007ffe5e280000 - 0x00007ffe5f697000 	C:\Windows\system32\SHELL32.dll
0x00007ffe5c2e0000 - 0x00007ffe5c2fe000 	C:\Windows\SYSTEM32\USERENV.dll
0x00007ffe5f820000 - 0x00007ffe5f8c5000 	C:\Windows\system32\ADVAPI32.dll
0x00007ffe57ba0000 - 0x00007ffe57bbb000 	C:\Windows\SYSTEM32\MPR.dll
0x00007ffe5ddc0000 - 0x00007ffe5def6000 	C:\Windows\system32\RPCRT4.dll
0x00007ffe5d330000 - 0x00007ffe5d387000 	C:\Windows\SYSTEM32\sechost.dll
0x00007ffe5d510000 - 0x00007ffe5d6e6000 	C:\Windows\SYSTEM32\combase.dll
0x00007ffe5d180000 - 0x00007ffe5d2c5000 	C:\Windows\system32\GDI32.dll
0x00007ffe5cc70000 - 0x00007ffe5cc84000 	C:\Windows\SYSTEM32\profapi.dll
0x00007ffe5b2d0000 - 0x00007ffe5b36f000 	C:\Windows\SYSTEM32\SHCORE.dll
0x00007ffe5df00000 - 0x00007ffe5df34000 	C:\Windows\system32\IMM32.DLL
0x00007ffe5db40000 - 0x00007ffe5dc79000 	C:\Windows\system32\MSCTF.dll
0x00007ffe5a9c0000 - 0x00007ffe5ac1a000 	C:\Windows\WinSxS\amd64_microsoft.windows.common-controls_6595b64144ccf1df_6.0.9600.17031_none_6242a4b3ecbb55a1\COMCTL32.dll
0x000000005ad70000 - 0x000000005ae42000 	C:\Program Files\Java\jdk1.8.0_92\jre\bin\msvcr100.dll
0x000000005b280000 - 0x000000005bb16000 	C:\Program Files\Java\jdk1.8.0_92\jre\bin\server\jvm.dll
0x00007ffe49a60000 - 0x00007ffe49a69000 	C:\Windows\SYSTEM32\WSOCK32.dll
0x00007ffe4f380000 - 0x00007ffe4f39f000 	C:\Windows\SYSTEM32\WINMM.dll
0x00007ffe5a980000 - 0x00007ffe5a98a000 	C:\Windows\SYSTEM32\VERSION.dll
0x00007ffe5f8f0000 - 0x00007ffe5f8f7000 	C:\Windows\system32\PSAPI.DLL
0x00007ffe5d6f0000 - 0x00007ffe5d748000 	C:\Windows\system32\WS2_32.dll
0x00007ffe4f350000 - 0x00007ffe4f37a000 	C:\Windows\SYSTEM32\WINMMBASE.dll
0x00007ffe5e270000 - 0x00007ffe5e279000 	C:\Windows\system32\NSI.dll
0x00007ffe5cf00000 - 0x00007ffe5cf4a000 	C:\Windows\SYSTEM32\cfgmgr32.dll
0x00007ffe5baf0000 - 0x00007ffe5bb16000 	C:\Windows\SYSTEM32\DEVOBJ.dll
0x000000005c860000 - 0x000000005c86f000 	C:\Program Files\Java\jdk1.8.0_92\jre\bin\verify.dll
0x000000005c830000 - 0x000000005c859000 	C:\Program Files\Java\jdk1.8.0_92\jre\bin\java.dll
0x000000005c810000 - 0x000000005c826000 	C:\Program Files\Java\jdk1.8.0_92\jre\bin\zip.dll

VM Arguments:
jvm_args: -Djava.awt.headless=true -Xmx1024M -Dfile.encoding=windows-1252 -Duser.country=US -Duser.language=en -Duser.variant 
java_command: com.android.dx.command.Main --dex --force-jumbo --num-threads=4 --output C:\Zooket\app\build\intermediates\pre-dexed\debug\com.android.support-design-23.4.0_55f6bf198495ed160302d6fdc73c65d7af5889f1.jar C:\Zooket\app\build\intermediates\exploded-aar\com.android.support\design\23.4.0\jars\classes.jar
java_class_path (initial): C:\android-sdk-windows\build-tools\24.0.3\lib\dx.jar
Launcher Type: SUN_STANDARD

Environment Variables:
PATH=C:\ProgramData\Oracle\Java\javapath;C:\Windows\system32;C:\Windows;C:\Windows\System32\Wbem;C:\Windows\System32\WindowsPowerShell\v1.0\;C:\Program Files (x86)\NVIDIA Corporation\PhysX\Common;C:\Program Files (x86)\Windows Kits\8.1\Windows Performance Toolkit\;C:\Program Files\Microsoft SQL Server\110\Tools\Binn\;C:\Program Files\Microsoft SQL Server\110\DTS\Binn\;C:\Program Files (x86)\Microsoft SQL Server\110\Tools\Binn\;C:\Program Files (x86)\Microsoft SQL Server\110\Tools\Binn\ManagementStudio\;C:\Program Files (x86)\Microsoft Visual Studio 10.0\Common7\IDE\PrivateAssemblies\;C:\Program Files (x86)\Microsoft SQL Server\110\DTS\Binn\;C:\Program Files (x86)\GtkSharp\2.12\bin;C:\Program Files (x86)\QuickTime\QTSystem\
USERNAME=Smo
OS=Windows_NT
PROCESSOR_IDENTIFIER=Intel64 Family 6 Model 94 Stepping 3, GenuineIntel



---------------  S Y S T E M  ---------------

OS: Windows 8.1 , 64 bit Build 9600 (6.3.9600.17056)

CPU:total 4 (4 cores per cpu, 1 threads per core) family 6 model 94 stepping 3, cmov, cx8, fxsr, mmx, sse, sse2, sse3, ssse3, sse4.1, sse4.2, popcnt, avx, avx2, aes, clmul, erms, 3dnowpref, lzcnt, tsc, tscinvbit, bmi1, bmi2, adx

Memory: 4k page, physical 8266404k(1290644k free), swap 8266404k(5152k free)

vm_info: Java HotSpot(TM) 64-Bit Server VM (25.92-b14) for windows-amd64 JRE (1.8.0_92-b14), built on Mar 31 2016 21:03:04 by "java_re" with MS VC++ 10.0 (VS2010)

time: Wed May 10 23:17:08 2017
elapsed time: 7 seconds (0d 0h 0m 7s)

