#
# There is insufficient memory for the Java Runtime Environment to continue.
# Native memory allocation (malloc) failed to allocate 90416 bytes for Chunk::new
# Possible reasons:
#   The system is out of physical RAM or swap space
#   In 32 bit mode, the process size limit was hit
# Possible solutions:
#   Reduce memory load on the system
#   Increase physical memory or swap space
#   Check if swap backing store is full
#   Use 64 bit Java on a 64 bit OS
#   Decrease Java heap size (-Xmx/-Xms)
#   Decrease number of Java threads
#   Decrease Java thread stack sizes (-Xss)
#   Set larger code cache with -XX:ReservedCodeCacheSize=
# This output file may be truncated or incomplete.
#
#  Out of Memory Error (allocation.cpp:390), pid=7520, tid=0x0000000000001514
#
# JRE version: Java(TM) SE Runtime Environment (8.0_92-b14) (build 1.8.0_92-b14)
# Java VM: Java HotSpot(TM) 64-Bit Server VM (25.92-b14 mixed mode windows-amd64 compressed oops)
# Failed to write core dump. Minidumps are not enabled by default on client versions of Windows
#

---------------  T H R E A D  ---------------

Current thread (0x0000000014b3e000):  JavaThread "C2 CompilerThread0" daemon [_thread_in_native, id=5396, stack(0x00000000161b0000,0x00000000162b0000)]

Stack: [0x00000000161b0000,0x00000000162b0000]
[error occurred during error reporting (printing stack bounds), id 0xc0000005]

Native frames: (J=compiled Java code, j=interpreted, Vv=VM code, C=native code)


Current CompileTask:
C2:   1986 1253       4       com.android.dx.rop.code.RopMethod::labelToPredecessors (54 bytes)


---------------  P R O C E S S  ---------------

Java Threads: ( => current thread )
  0x0000000016611000 JavaThread "pool-1-thread-4" [_thread_in_Java, id=7224, stack(0x0000000016eb0000,0x0000000016fb0000)]
  0x0000000016610800 JavaThread "pool-1-thread-3" [_thread_in_Java, id=7772, stack(0x0000000016db0000,0x0000000016eb0000)]
  0x0000000016617000 JavaThread "pool-1-thread-2" [_thread_in_Java, id=5512, stack(0x0000000016cb0000,0x0000000016db0000)]
  0x0000000016635800 JavaThread "pool-2-thread-1" [_thread_blocked, id=1516, stack(0x0000000016bb0000,0x0000000016cb0000)]
  0x0000000016634800 JavaThread "pool-1-thread-1" [_thread_blocked, id=7192, stack(0x0000000016ab0000,0x0000000016bb0000)]
  0x00000000163b6800 JavaThread "Service Thread" daemon [_thread_blocked, id=4632, stack(0x00000000168b0000,0x00000000169b0000)]
  0x00000000163b1000 JavaThread "C1 CompilerThread2" daemon [_thread_blocked, id=1804, stack(0x00000000167b0000,0x00000000168b0000)]
  0x0000000014b97800 JavaThread "C2 CompilerThread1" daemon [_thread_blocked, id=7584, stack(0x00000000162b0000,0x00000000163b0000)]
=>0x0000000014b3e000 JavaThread "C2 CompilerThread0" daemon [_thread_in_native, id=5396, stack(0x00000000161b0000,0x00000000162b0000)]
  0x0000000014b3c000 JavaThread "Attach Listener" daemon [_thread_blocked, id=7720, stack(0x00000000160b0000,0x00000000161b0000)]
  0x0000000014b3b000 JavaThread "Signal Dispatcher" daemon [_thread_blocked, id=7308, stack(0x0000000015fb0000,0x00000000160b0000)]
  0x0000000014b2a800 JavaThread "Finalizer" daemon [_thread_blocked, id=5532, stack(0x0000000015db0000,0x0000000015eb0000)]
  0x0000000002440800 JavaThread "Reference Handler" daemon [_thread_blocked, id=6652, stack(0x0000000015cb0000,0x0000000015db0000)]
  0x0000000002352800 JavaThread "main" [_thread_in_vm, id=7184, stack(0x0000000002230000,0x0000000002330000)]

Other Threads:
  0x0000000014b08800 VMThread [stack: 0x0000000015bb0000,0x0000000015cb0000] [id=1904]
  0x00000000163c1800 WatcherThread [stack: 0x00000000169b0000,0x0000000016ab0000] [id=7472]

VM state:not at safepoint (normal execution)

VM Mutex/Monitor currently owned by a thread: None

Heap:
 PSYoungGen      total 38400K, used 18666K [0x00000000eab00000, 0x00000000ef600000, 0x0000000100000000)
  eden space 33280K, 40% used [0x00000000eab00000,0x00000000eb83fd90,0x00000000ecb80000)
  from space 5120K, 99% used [0x00000000ecb80000,0x00000000ed07aad8,0x00000000ed080000)
  to   space 5120K, 0% used [0x00000000ef100000,0x00000000ef100000,0x00000000ef600000)
 ParOldGen       total 87552K, used 2324K [0x00000000c0000000, 0x00000000c5580000, 0x00000000eab00000)
  object space 87552K, 2% used [0x00000000c0000000,0x00000000c02453e8,0x00000000c5580000)
 Metaspace       used 6038K, capacity 6962K, committed 7040K, reserved 1056768K
  class space    used 600K, capacity 618K, committed 640K, reserved 1048576K

Card table byte_map: [0x0000000011810000,0x0000000011a20000] byte_map_base: 0x0000000011210000

Marking Bits: (ParMarkBitMap*) 0x00000000686b64f0
 Begin Bits: [0x0000000011f80000, 0x0000000012f80000)
 End Bits:   [0x0000000012f80000, 0x0000000013f80000)

Polling page: 0x0000000000ad0000

CodeCache: size=245760Kb used=5035Kb max_used=5035Kb free=240724Kb
 bounds [0x0000000002450000, 0x0000000002940000, 0x0000000011450000]
 total_blobs=1515 nmethods=1244 adapters=182
 compilation: disabled (not enough contiguous free space left)

Compilation events (10 events):
Event: 1.977 Thread 0x00000000163b1000 nmethod 1254 0x000000000293c550 code [0x000000000293c7c0, 0x000000000293d988]
Event: 1.977 Thread 0x00000000163b1000 1248       3       com.android.dx.ssa.back.LivenessAnalyzer::constructInterferenceGraph (47 bytes)
Event: 1.977 Thread 0x00000000163b1000 nmethod 1248 0x0000000002939b50 code [0x0000000002939d00, 0x000000000293a138]
Event: 1.977 Thread 0x00000000163b1000 1249       3       com.android.dx.ssa.back.FirstFitLocalCombiningAllocator::handleUnassociatedParameters (60 bytes)
Event: 1.977 Thread 0x00000000163b1000 nmethod 1249 0x0000000002939090 code [0x0000000002939240, 0x00000000029398d8]
Event: 1.977 Thread 0x00000000163b1000 1250       3       java.util.HashMap::<init> (98 bytes)
Event: 1.978 Thread 0x00000000163b1000 nmethod 1250 0x000000000293e390 code [0x000000000293e620, 0x000000000293f808]
Event: 1.978 Thread 0x00000000163b1000 1251       3       com.android.dx.rop.cst.CstMethodRef::<init> (7 bytes)
Event: 1.979 Thread 0x00000000163b1000 

Event: 1.979 Thread 0x0000000014b97800 


GC Heap History (2 events):
Event: 1.766 GC heap before
{Heap before GC invocations=1 (full 0):
 PSYoungGen      total 38400K, used 33280K [0x00000000eab00000, 0x00000000ed580000, 0x0000000100000000)
  eden space 33280K, 100% used [0x00000000eab00000,0x00000000ecb80000,0x00000000ecb80000)
  from space 5120K, 0% used [0x00000000ed080000,0x00000000ed080000,0x00000000ed580000)
  to   space 5120K, 0% used [0x00000000ecb80000,0x00000000ecb80000,0x00000000ed080000)
 ParOldGen       total 87552K, used 0K [0x00000000c0000000, 0x00000000c5580000, 0x00000000eab00000)
  object space 87552K, 0% used [0x00000000c0000000,0x00000000c0000000,0x00000000c5580000)
 Metaspace       used 5972K, capacity 6898K, committed 7040K, reserved 1056768K
  class space    used 600K, capacity 618K, committed 640K, reserved 1048576K
Event: 1.892 GC heap after
Heap after GC invocations=1 (full 0):
 PSYoungGen      total 38400K, used 5098K [0x00000000eab00000, 0x00000000ef600000, 0x0000000100000000)
  eden space 33280K, 0% used [0x00000000eab00000,0x00000000eab00000,0x00000000ecb80000)
  from space 5120K, 99% used [0x00000000ecb80000,0x00000000ed07aad8,0x00000000ed080000)
  to   space 5120K, 0% used [0x00000000ef100000,0x00000000ef100000,0x00000000ef600000)
 ParOldGen       total 87552K, used 2324K [0x00000000c0000000, 0x00000000c5580000, 0x00000000eab00000)
  object space 87552K, 2% used [0x00000000c0000000,0x00000000c02453e8,0x00000000c5580000)
 Metaspace       used 5972K, capacity 6898K, committed 7040K, reserved 1056768K
  class space    used 600K, capacity 618K, committed 640K, reserved 1048576K
}

Deoptimization events (10 events):
Event: 1.540 Thread 0x0000000016634800 Uncommon trap: reason=class_check action=maybe_recompile pc=0x000000000268eb30 method=com.android.dx.ssa.NormalSsaInsn.accept(Lcom/android/dx/ssa/SsaInsn$Visitor;)V @ 9
Event: 1.545 Thread 0x0000000016634800 Uncommon trap: reason=class_check action=maybe_recompile pc=0x000000000268eb30 method=com.android.dx.ssa.NormalSsaInsn.accept(Lcom/android/dx/ssa/SsaInsn$Visitor;)V @ 9
Event: 1.557 Thread 0x0000000016634800 Uncommon trap: reason=class_check action=maybe_recompile pc=0x000000000268eb30 method=com.android.dx.ssa.NormalSsaInsn.accept(Lcom/android/dx/ssa/SsaInsn$Visitor;)V @ 9
Event: 1.560 Thread 0x0000000016634800 Uncommon trap: reason=class_check action=maybe_recompile pc=0x000000000268eb30 method=com.android.dx.ssa.NormalSsaInsn.accept(Lcom/android/dx/ssa/SsaInsn$Visitor;)V @ 9
Event: 1.904 Thread 0x0000000016611000 Uncommon trap: reason=class_check action=maybe_recompile pc=0x00000000028da7e0 method=com.android.dx.cf.code.BytecodeArray.parseInstruction(ILcom/android/dx/cf/code/BytecodeArray$Visitor;)I @ 891
Event: 1.906 Thread 0x0000000016611000 Uncommon trap: reason=class_check action=maybe_recompile pc=0x00000000028da7e0 method=com.android.dx.cf.code.BytecodeArray.parseInstruction(ILcom/android/dx/cf/code/BytecodeArray$Visitor;)I @ 891
Event: 1.958 Thread 0x0000000016617000 Uncommon trap: reason=class_check action=maybe_recompile pc=0x00000000028da7e0 method=com.android.dx.cf.code.BytecodeArray.parseInstruction(ILcom/android/dx/cf/code/BytecodeArray$Visitor;)I @ 891
Event: 1.958 Thread 0x0000000016617000 Uncommon trap: reason=class_check action=maybe_recompile pc=0x00000000028d797c method=com.android.dx.cf.code.BytecodeArray.parseInstruction(ILcom/android/dx/cf/code/BytecodeArray$Visitor;)I @ 2151
Event: 1.959 Thread 0x0000000016617000 Uncommon trap: reason=class_check action=maybe_recompile pc=0x00000000028d875c method=com.android.dx.cf.code.BytecodeArray.parseInstruction(ILcom/android/dx/cf/code/BytecodeArray$Visitor;)I @ 1161
Event: 1.959 Thread 0x0000000016617000 Uncommon trap: reason=class_check action=maybe_recompile pc=0x00000000028d875c method=com.android.dx.cf.code.BytecodeArray.parseInstruction(ILcom/android/dx/cf/code/BytecodeArray$Visitor;)I @ 1161

Internal exceptions (3 events):
Event: 0.047 Thread 0x0000000002352800 Exception <a 'java/lang/NoSuchMethodError': Method sun.misc.Unsafe.defineClass(Ljava/lang/String;[BII)Ljava/lang/Class; name or signature does not match> (0x00000000eab07cc0) thrown at [D:\re\workspace\8-2-build-windows-amd64-cygwin\jdk8u92\6642\hotspot\sr1ùg®?
Event: 0.047 Thread 0x0000000002352800 Exception <a 'java/lang/NoSuchMethodError': Method sun.misc.Unsafe.prefetchRead(Ljava/lang/Object;J)V name or signature does not match> (0x00000000eab07fa8) thrown at [D:\re\workspace\8-2-build-windows-amd64-cygwin\jdk8u92\6642\hotspot\src\share\vm\prims\jı:'lv¯?
Event: 1.529 Thread 0x0000000016634800 Implicit null exception at 0x000000000274fef7 to 0x00000000027518f5

Events (10 events):
Event: 1.958 Thread 0x0000000016617000 DEOPT UNPACKING pc=0x000000000249582a sp=0x0000000016dae710 mode 2
Event: 1.958 Thread 0x0000000016617000 Uncommon trap: trap_request=0xffffffde fr.pc=0x00000000028d797c
Event: 1.958 Thread 0x0000000016617000 DEOPT PACKING pc=0x00000000028d797c sp=0x0000000016dae7a0
Event: 1.958 Thread 0x0000000016617000 DEOPT UNPACKING pc=0x000000000249582a sp=0x0000000016dae718 mode 2
Event: 1.959 Thread 0x0000000016617000 Uncommon trap: trap_request=0xffffffde fr.pc=0x00000000028d875c
Event: 1.959 Thread 0x0000000016617000 DEOPT PACKING pc=0x00000000028d875c sp=0x0000000016dae7a0
Event: 1.959 Thread 0x0000000016617000 DEOPT UNPACKING pc=0x000000000249582a sp=0x0000000016dae710 mode 2
Event: 1.959 Thread 0x0000000016617000 Uncommon trap: trap_request=0xffffffde fr.pc=0x00000000028d875c
Event: 1.959 Thread 0x0000000016617000 DEOPT PACKING pc=0x00000000028d875c sp=0x0000000016dae7a0
Event: 1.959 Thread 0x0000000016617000 DEOPT UNPACKING pc=0x000000000249582a sp=0x0000000016dae710 mode 2


Dynamic libraries:
0x00007ff725170000 - 0x00007ff7251a7000 	C:\Program Files\Java\jdk1.8.0_92\bin\java.exe
0x00007ffef9f10000 - 0x00007ffefa0ba000 	C:\Windows\SYSTEM32\ntdll.dll
0x00007ffef9b80000 - 0x00007ffef9cba000 	C:\Windows\system32\KERNEL32.DLL
0x00007ffef74a0000 - 0x00007ffef75af000 	C:\Windows\system32\KERNELBASE.dll
0x00007ffef5eb0000 - 0x00007ffef5f38000 	C:\Windows\system32\apphelp.dll
0x00007ffed0010000 - 0x00007ffed005f000 	C:\Windows\AppPatch\AppPatch64\AcGenral.DLL
0x00007ffef9cc0000 - 0x00007ffef9d67000 	C:\Windows\system32\msvcrt.dll
0x00007ffef70c0000 - 0x00007ffef70eb000 	C:\Windows\SYSTEM32\SspiCli.dll
0x00007ffef9320000 - 0x00007ffef9371000 	C:\Windows\system32\SHLWAPI.dll
0x00007ffef9380000 - 0x00007ffef94f1000 	C:\Windows\system32\USER32.dll
0x00007ffef7790000 - 0x00007ffef7908000 	C:\Windows\system32\ole32.dll
0x00007ffef7c70000 - 0x00007ffef9087000 	C:\Windows\system32\SHELL32.dll
0x00007ffef68f0000 - 0x00007ffef690e000 	C:\Windows\SYSTEM32\USERENV.dll
0x00007ffef9090000 - 0x00007ffef9135000 	C:\Windows\system32\ADVAPI32.dll
0x00007ffef22f0000 - 0x00007ffef230b000 	C:\Windows\SYSTEM32\MPR.dll
0x00007ffef79d0000 - 0x00007ffef7b06000 	C:\Windows\system32\RPCRT4.dll
0x00007ffef7c10000 - 0x00007ffef7c67000 	C:\Windows\SYSTEM32\sechost.dll
0x00007ffef9140000 - 0x00007ffef9316000 	C:\Windows\SYSTEM32\combase.dll
0x00007ffef9560000 - 0x00007ffef96a5000 	C:\Windows\system32\GDI32.dll
0x00007ffef7280000 - 0x00007ffef7294000 	C:\Windows\SYSTEM32\profapi.dll
0x00007ffef58e0000 - 0x00007ffef597f000 	C:\Windows\SYSTEM32\SHCORE.dll
0x00007ffef9b40000 - 0x00007ffef9b74000 	C:\Windows\system32\IMM32.DLL
0x00007ffef96b0000 - 0x00007ffef97e9000 	C:\Windows\system32\MSCTF.dll
0x00007ffef4fd0000 - 0x00007ffef522a000 	C:\Windows\WinSxS\amd64_microsoft.windows.common-controls_6595b64144ccf1df_6.0.9600.17031_none_6242a4b3ecbb55a1\COMCTL32.dll
0x0000000067850000 - 0x0000000067922000 	C:\Program Files\Java\jdk1.8.0_92\jre\bin\msvcr100.dll
0x0000000067ea0000 - 0x0000000068736000 	C:\Program Files\Java\jdk1.8.0_92\jre\bin\server\jvm.dll
0x00007ffeeee10000 - 0x00007ffeeee19000 	C:\Windows\SYSTEM32\WSOCK32.dll
0x00007ffeeedc0000 - 0x00007ffeeeddf000 	C:\Windows\SYSTEM32\WINMM.dll
0x00007ffef4f90000 - 0x00007ffef4f9a000 	C:\Windows\SYSTEM32\VERSION.dll
0x00007ffef7b10000 - 0x00007ffef7b17000 	C:\Windows\system32\PSAPI.DLL
0x00007ffef9500000 - 0x00007ffef9558000 	C:\Windows\system32\WS2_32.dll
0x00007ffee99a0000 - 0x00007ffee99ca000 	C:\Windows\SYSTEM32\WINMMBASE.dll
0x00007ffef9b30000 - 0x00007ffef9b39000 	C:\Windows\system32\NSI.dll
0x00007ffef7350000 - 0x00007ffef739a000 	C:\Windows\SYSTEM32\cfgmgr32.dll
0x00007ffef6100000 - 0x00007ffef6126000 	C:\Windows\SYSTEM32\DEVOBJ.dll
0x0000000069210000 - 0x000000006921f000 	C:\Program Files\Java\jdk1.8.0_92\jre\bin\verify.dll
0x00000000691e0000 - 0x0000000069209000 	C:\Program Files\Java\jdk1.8.0_92\jre\bin\java.dll
0x0000000069190000 - 0x00000000691a6000 	C:\Program Files\Java\jdk1.8.0_92\jre\bin\zip.dll

VM Arguments:
jvm_args: -Djava.awt.headless=true -Xmx1024M -Dfile.encoding=windows-1252 -Duser.country=US -Duser.language=en -Duser.variant 
java_command: com.android.dx.command.Main --dex --force-jumbo --num-threads=4 --output C:\Zooket\app\build\intermediates\pre-dexed\debug\retrofit-1.9.0_dc2ce17711a3a8d27121abdd9de1a517d4e36132.jar C:\Users\Smo\.gradle\caches\modules-2\files-2.1\com.squareup.retrofit\retrofit\1.9.0\a681c044244d9fc375198588297a39ba78028423\retrofit-1.9.0.jar
java_class_path (initial): C:\android-sdk-windows\build-tools\24.0.3\lib\dx.jar
Launcher Type: SUN_STANDARD

Environment Variables:
PATH=C:\ProgramData\Oracle\Java\javapath;C:\Windows\system32;C:\Windows;C:\Windows\System32\Wbem;C:\Windows\System32\WindowsPowerShell\v1.0\;C:\Program Files (x86)\NVIDIA Corporation\PhysX\Common;C:\Program Files (x86)\Windows Kits\8.1\Windows Performance Toolkit\;C:\Program Files\Microsoft SQL Server\110\Tools\Binn\;C:\Program Files\Microsoft SQL Server\110\DTS\Binn\;C:\Program Files (x86)\Microsoft SQL Server\110\Tools\Binn\;C:\Program Files (x86)\Microsoft SQL Server\110\Tools\Binn\ManagementStudio\;C:\Program Files (x86)\Microsoft Visual Studio 10.0\Common7\IDE\PrivateAssemblies\;C:\Program Files (x86)\Microsoft SQL Server\110\DTS\Binn\;C:\Program Files (x86)\GtkSharp\2.12\bin;C:\Program Files (x86)\QuickTime\QTSystem\
USERNAME=Smo
OS=Windows_NT
PROCESSOR_IDENTIFIER=Intel64 Family 6 Model 94 Stepping 3, GenuineIntel



---------------  S Y S T E M  ---------------

OS: Windows 8.1 , 64 bit Build 9600 (6.3.9600.17056)

CPU:total 4 (4 cores per cpu, 1 threads per core) family 6 model 94 stepping 3, cmov, cx8, fxsr, mmx, sse, sse2, sse3, ssse3, sse4.1, sse4.2, popcnt, avx, avx2, aes, clmul, erms, 3dnowpref, lzcnt, tsc, tscinvbit, bmi1, bmi2, adx

Memory: 4k page, physical 8266404k(1372696k free), swap 8266404k(5116k free)

vm_info: Java HotSpot(TM) 64-Bit Server VM (25.92-b14) for windows-amd64 JRE (1.8.0_92-b14), built on Mar 31 2016 21:03:04 by "java_re" with MS VC++ 10.0 (VS2010)

time: Thu May 11 09:48:44 2017
elapsed time: 1 seconds (0d 0h 0m 1s)

