#
# There is insufficient memory for the Java Runtime Environment to continue.
# Native memory allocation (malloc) failed to allocate 412176 bytes for Chunk::new
# Possible reasons:
#   The system is out of physical RAM or swap space
#   In 32 bit mode, the process size limit was hit
# Possible solutions:
#   Reduce memory load on the system
#   Increase physical memory or swap space
#   Check if swap backing store is full
#   Use 64 bit Java on a 64 bit OS
#   Decrease Java heap size (-Xmx/-Xms)
#   Decrease number of Java threads
#   Decrease Java thread stack sizes (-Xss)
#   Set larger code cache with -XX:ReservedCodeCacheSize=
# This output file may be truncated or incomplete.
#
#  Out of Memory Error (allocation.cpp:390), pid=7324, tid=0x0000000000001334
#
# JRE version: Java(TM) SE Runtime Environment (8.0_92-b14) (build 1.8.0_92-b14)
# Java VM: Java HotSpot(TM) 64-Bit Server VM (25.92-b14 mixed mode windows-amd64 compressed oops)
# Failed to write core dump. Minidumps are not enabled by default on client versions of Windows
#

---------------  T H R E A D  ---------------

Current thread (0x000000001537e000):  JavaThread "C2 CompilerThread0" daemon [_thread_in_native, id=4916, stack(0x00000000169f0000,0x0000000016af0000)]

Stack: [0x00000000169f0000,0x0000000016af0000]
[error occurred during error reporting (printing stack bounds), id 0xc0000005]

Native frames: (J=compiled Java code, j=interpreted, Vv=VM code, C=native code)


Current CompileTask:
C2:  13977 2316 % !   4       com.android.dx.cf.code.Ropper::doit @ 21 (126 bytes)


---------------  P R O C E S S  ---------------

Java Threads: ( => current thread )
  0x0000000016e92800 JavaThread "pool-1-thread-4" [_thread_blocked, id=1048, stack(0x00000000176f0000,0x00000000177f0000)]
  0x0000000016e4c000 JavaThread "pool-1-thread-3" [_thread_blocked, id=6860, stack(0x00000000175f0000,0x00000000176f0000)]
  0x0000000016e4b000 JavaThread "pool-1-thread-2" [_thread_blocked, id=4324, stack(0x00000000174f0000,0x00000000175f0000)]
  0x0000000016e41000 JavaThread "pool-2-thread-1" [_thread_blocked, id=6756, stack(0x00000000173f0000,0x00000000174f0000)]
  0x0000000016e40000 JavaThread "pool-1-thread-1" [_thread_in_vm, id=4472, stack(0x00000000172f0000,0x00000000173f0000)]
  0x00000000153db800 JavaThread "Service Thread" daemon [_thread_blocked, id=1488, stack(0x00000000170f0000,0x00000000171f0000)]
  0x0000000016c00800 JavaThread "C1 CompilerThread2" daemon [_thread_blocked, id=4464, stack(0x0000000016ff0000,0x00000000170f0000)]
  0x0000000015381800 JavaThread "C2 CompilerThread1" daemon [_thread_in_native, id=944, stack(0x0000000016af0000,0x0000000016bf0000)]
=>0x000000001537e000 JavaThread "C2 CompilerThread0" daemon [_thread_in_native, id=4916, stack(0x00000000169f0000,0x0000000016af0000)]
  0x000000001537c000 JavaThread "Attach Listener" daemon [_thread_blocked, id=7668, stack(0x00000000168f0000,0x00000000169f0000)]
  0x000000001537b000 JavaThread "Signal Dispatcher" daemon [_thread_blocked, id=4616, stack(0x00000000167f0000,0x00000000168f0000)]
  0x000000001536a800 JavaThread "Finalizer" daemon [_thread_blocked, id=4172, stack(0x00000000165f0000,0x00000000166f0000)]
  0x0000000002ca0800 JavaThread "Reference Handler" daemon [_thread_blocked, id=7368, stack(0x00000000164f0000,0x00000000165f0000)]
  0x0000000002bb2800 JavaThread "main" [_thread_in_Java, id=8120, stack(0x0000000002a80000,0x0000000002b80000)]

Other Threads:
  0x0000000015348800 VMThread [stack: 0x00000000163f0000,0x00000000164f0000] [id=5140]
  0x00000000153de800 WatcherThread [stack: 0x00000000171f0000,0x00000000172f0000] [id=7812]

VM state:not at safepoint (normal execution)

VM Mutex/Monitor currently owned by a thread: None

Heap:
 PSYoungGen      total 232960K, used 51289K [0x00000000eab00000, 0x0000000100000000, 0x0000000100000000)
  eden space 116736K, 43% used [0x00000000eab00000,0x00000000edd166f0,0x00000000f1d00000)
  from space 116224K, 0% used [0x00000000f8e80000,0x00000000f8e80000,0x0000000100000000)
  to   space 116224K, 0% used [0x00000000f1d00000,0x00000000f1d00000,0x00000000f8e80000)
 ParOldGen       total 256512K, used 149414K [0x00000000c0000000, 0x00000000cfa80000, 0x00000000eab00000)
  object space 256512K, 58% used [0x00000000c0000000,0x00000000c91e99c8,0x00000000cfa80000)
 Metaspace       used 6527K, capacity 7256K, committed 7424K, reserved 1056768K
  class space    used 624K, capacity 656K, committed 768K, reserved 1048576K

Card table byte_map: [0x0000000012070000,0x0000000012280000] byte_map_base: 0x0000000011a70000

Marking Bits: (ParMarkBitMap*) 0x00000000582664f0
 Begin Bits: [0x00000000127e0000, 0x00000000137e0000)
 End Bits:   [0x00000000137e0000, 0x00000000147e0000)

Polling page: 0x0000000001310000

CodeCache: size=245760Kb used=9749Kb max_used=9764Kb free=236010Kb
 bounds [0x0000000002cb0000, 0x0000000003650000, 0x0000000011cb0000]
 total_blobs=2436 nmethods=2167 adapters=181
 compilation: enabled

Compilation events (10 events):
Event: 13.903 Thread 0x000000001537e000 nmethod 2311 0x0000000003601ed0 code [0x0000000003602020, 0x00000000036020c8]
Event: 13.903 Thread 0x000000001537e000 2312       4       com.android.dx.rop.cst.CstType::equals (29 bytes)
Event: 13.903 Thread 0x000000001537e000 nmethod 2312 0x00000000036043d0 code [0x0000000003604500, 0x0000000003604598]
Event: 13.904 Thread 0x000000001537e000 2313       4       com.android.dx.ssa.SsaMethod$1::visitPhiInsn (17 bytes)
Event: 13.904 Thread 0x000000001537e000 nmethod 2313 0x000000000361fcd0 code [0x000000000361fe20, 0x000000000361ff18]
Event: 13.905 Thread 0x0000000016c00800 2314       3       com.android.dx.ssa.back.IdenticalBlockCombiner::combineBlocks (102 bytes)
Event: 13.905 Thread 0x0000000016c00800 nmethod 2314 0x0000000003620750 code [0x0000000003620920, 0x00000000036211d8]
Event: 13.906 Thread 0x000000001537e000 2315       4       com.android.dx.ssa.SsaMethod::makeNewGotoBlock (52 bytes)
Event: 13.923 Thread 0x000000001537e000 nmethod 2315 0x0000000003641d10 code [0x0000000003641f00, 0x0000000003642dd8]
Event: 13.924 Thread 0x000000001537e000 2316 % !   4       com.android.dx.cf.code.Ropper::doit @ 21 (126 bytes)

GC Heap History (10 events):
Event: 8.261 GC heap before
{Heap before GC invocations=12 (full 2):
 PSYoungGen      total 232960K, used 177150K [0x00000000eab00000, 0x0000000100000000, 0x0000000100000000)
  eden space 116736K, 100% used [0x00000000eab00000,0x00000000f1d00000,0x00000000f1d00000)
  from space 116224K, 51% used [0x00000000f1d00000,0x00000000f57ffb88,0x00000000f8e80000)
  to   space 116224K, 0% used [0x00000000f8e80000,0x00000000f8e80000,0x0000000100000000)
 ParOldGen       total 256512K, used 109605K [0x00000000c0000000, 0x00000000cfa80000, 0x00000000eab00000)
  object space 256512K, 42% used [0x00000000c0000000,0x00000000c6b09490,0x00000000cfa80000)
 Metaspace       used 6462K, capacity 7192K, committed 7424K, reserved 1056768K
  class space    used 624K, capacity 656K, committed 768K, reserved 1048576K
Event: 8.328 GC heap after
Heap after GC invocations=12 (full 2):
 PSYoungGen      total 232960K, used 116218K [0x00000000eab00000, 0x0000000100000000, 0x0000000100000000)
  eden space 116736K, 0% used [0x00000000eab00000,0x00000000eab00000,0x00000000f1d00000)
  from space 116224K, 99% used [0x00000000f8e80000,0x00000000ffffeb50,0x0000000100000000)
  to   space 116224K, 0% used [0x00000000f1d00000,0x00000000f1d00000,0x00000000f8e80000)
 ParOldGen       total 256512K, used 116974K [0x00000000c0000000, 0x00000000cfa80000, 0x00000000eab00000)
  object space 256512K, 45% used [0x00000000c0000000,0x00000000c723bb18,0x00000000cfa80000)
 Metaspace       used 6462K, capacity 7192K, committed 7424K, reserved 1056768K
  class space    used 624K, capacity 656K, committed 768K, reserved 1048576K
}
Event: 8.455 GC heap before
{Heap before GC invocations=13 (full 2):
 PSYoungGen      total 232960K, used 232954K [0x00000000eab00000, 0x0000000100000000, 0x0000000100000000)
  eden space 116736K, 100% used [0x00000000eab00000,0x00000000f1d00000,0x00000000f1d00000)
  from space 116224K, 99% used [0x00000000f8e80000,0x00000000ffffeb50,0x0000000100000000)
  to   space 116224K, 0% used [0x00000000f1d00000,0x00000000f1d00000,0x00000000f8e80000)
 ParOldGen       total 256512K, used 116974K [0x00000000c0000000, 0x00000000cfa80000, 0x00000000eab00000)
  object space 256512K, 45% used [0x00000000c0000000,0x00000000c723bb18,0x00000000cfa80000)
 Metaspace       used 6491K, capacity 7192K, committed 7424K, reserved 1056768K
  class space    used 624K, capacity 656K, committed 768K, reserved 1048576K
Event: 8.523 GC heap after
Heap after GC invocations=13 (full 2):
 PSYoungGen      total 232960K, used 116194K [0x00000000eab00000, 0x0000000100000000, 0x0000000100000000)
  eden space 116736K, 0% used [0x00000000eab00000,0x00000000eab00000,0x00000000f1d00000)
  from space 116224K, 99% used [0x00000000f1d00000,0x00000000f8e78b20,0x00000000f8e80000)
  to   space 116224K, 0% used [0x00000000f8e80000,0x00000000f8e80000,0x0000000100000000)
 ParOldGen       total 256512K, used 164328K [0x00000000c0000000, 0x00000000cfa80000, 0x00000000eab00000)
  object space 256512K, 64% used [0x00000000c0000000,0x00000000ca07a2d8,0x00000000cfa80000)
 Metaspace       used 6491K, capacity 7192K, committed 7424K, reserved 1056768K
  class space    used 624K, capacity 656K, committed 768K, reserved 1048576K
}
Event: 8.792 GC heap before
{Heap before GC invocations=14 (full 2):
 PSYoungGen      total 232960K, used 232930K [0x00000000eab00000, 0x0000000100000000, 0x0000000100000000)
  eden space 116736K, 100% used [0x00000000eab00000,0x00000000f1d00000,0x00000000f1d00000)
  from space 116224K, 99% used [0x00000000f1d00000,0x00000000f8e78b20,0x00000000f8e80000)
  to   space 116224K, 0% used [0x00000000f8e80000,0x00000000f8e80000,0x0000000100000000)
 ParOldGen       total 256512K, used 164328K [0x00000000c0000000, 0x00000000cfa80000, 0x00000000eab00000)
  object space 256512K, 64% used [0x00000000c0000000,0x00000000ca07a2d8,0x00000000cfa80000)
 Metaspace       used 6506K, capacity 7192K, committed 7424K, reserved 1056768K
  class space    used 624K, capacity 656K, committed 768K, reserved 1048576K
Event: 8.892 GC heap after
Heap after GC invocations=14 (full 2):
 PSYoungGen      total 232960K, used 56629K [0x00000000eab00000, 0x0000000100000000, 0x0000000100000000)
  eden space 116736K, 0% used [0x00000000eab00000,0x00000000eab00000,0x00000000f1d00000)
  from space 116224K, 48% used [0x00000000f8e80000,0x00000000fc5cd4b8,0x0000000100000000)
  to   space 116224K, 0% used [0x00000000f1d00000,0x00000000f1d00000,0x00000000f8e80000)
 ParOldGen       total 256512K, used 245863K [0x00000000c0000000, 0x00000000cfa80000, 0x00000000eab00000)
  object space 256512K, 95% used [0x00000000c0000000,0x00000000cf019d38,0x00000000cfa80000)
 Metaspace       used 6506K, capacity 7192K, committed 7424K, reserved 1056768K
  class space    used 624K, capacity 656K, committed 768K, reserved 1048576K
}
Event: 8.892 GC heap before
{Heap before GC invocations=15 (full 3):
 PSYoungGen      total 232960K, used 56629K [0x00000000eab00000, 0x0000000100000000, 0x0000000100000000)
  eden space 116736K, 0% used [0x00000000eab00000,0x00000000eab00000,0x00000000f1d00000)
  from space 116224K, 48% used [0x00000000f8e80000,0x00000000fc5cd4b8,0x0000000100000000)
  to   space 116224K, 0% used [0x00000000f1d00000,0x00000000f1d00000,0x00000000f8e80000)
 ParOldGen       total 256512K, used 245863K [0x00000000c0000000, 0x00000000cfa80000, 0x00000000eab00000)
  object space 256512K, 95% used [0x00000000c0000000,0x00000000cf019d38,0x00000000cfa80000)
 Metaspace       used 6506K, capacity 7192K, committed 7424K, reserved 1056768K
  class space    used 624K, capacity 656K, committed 768K, reserved 1048576K
Event: 10.151 GC heap after
Heap after GC invocations=15 (full 3):
 PSYoungGen      total 232960K, used 0K [0x00000000eab00000, 0x0000000100000000, 0x0000000100000000)
  eden space 116736K, 0% used [0x00000000eab00000,0x00000000eab00000,0x00000000f1d00000)
  from space 116224K, 0% used [0x00000000f8e80000,0x00000000f8e80000,0x0000000100000000)
  to   space 116224K, 0% used [0x00000000f1d00000,0x00000000f1d00000,0x00000000f8e80000)
 ParOldGen       total 256512K, used 240153K [0x00000000c0000000, 0x00000000cfa80000, 0x00000000eab00000)
  object space 256512K, 93% used [0x00000000c0000000,0x00000000cea864d0,0x00000000cfa80000)
 Metaspace       used 6506K, capacity 7192K, committed 7424K, reserved 1056768K
  class space    used 624K, capacity 656K, committed 768K, reserved 1048576K
}
Event: 11.000 GC heap before
{Heap before GC invocations=16 (full 4):
 PSYoungGen      total 232960K, used 116736K [0x00000000eab00000, 0x0000000100000000, 0x0000000100000000)
  eden space 116736K, 100% used [0x00000000eab00000,0x00000000f1d00000,0x00000000f1d00000)
  from space 116224K, 0% used [0x00000000f8e80000,0x00000000f8e80000,0x0000000100000000)
  to   space 116224K, 0% used [0x00000000f1d00000,0x00000000f1d00000,0x00000000f8e80000)
 ParOldGen       total 256512K, used 240153K [0x00000000c0000000, 0x00000000cfa80000, 0x00000000eab00000)
  object space 256512K, 93% used [0x00000000c0000000,0x00000000cea864d0,0x00000000cfa80000)
 Metaspace       used 6513K, capacity 7192K, committed 7424K, reserved 1056768K
  class space    used 624K, capacity 656K, committed 768K, reserved 1048576K
Event: 12.931 GC heap after
Heap after GC invocations=16 (full 4):
 PSYoungGen      total 232960K, used 0K [0x00000000eab00000, 0x0000000100000000, 0x0000000100000000)
  eden space 116736K, 0% used [0x00000000eab00000,0x00000000eab00000,0x00000000f1d00000)
  from space 116224K, 0% used [0x00000000f8e80000,0x00000000f8e80000,0x0000000100000000)
  to   space 116224K, 0% used [0x00000000f1d00000,0x00000000f1d00000,0x00000000f8e80000)
 ParOldGen       total 256512K, used 149414K [0x00000000c0000000, 0x00000000cfa80000, 0x00000000eab00000)
  object space 256512K, 58% used [0x00000000c0000000,0x00000000c91e99c8,0x00000000cfa80000)
 Metaspace       used 6513K, capacity 7192K, committed 7424K, reserved 1056768K
  class space    used 624K, capacity 656K, committed 768K, reserved 1048576K
}

Deoptimization events (10 events):
Event: 4.199 Thread 0x0000000016e40000 Uncommon trap: reason=class_check action=maybe_recompile pc=0x00000000032c4668 method=com.android.dx.ssa.back.InterferenceGraph.add(II)V @ 19
Event: 4.199 Thread 0x0000000016e40000 Uncommon trap: reason=class_check action=maybe_recompile pc=0x00000000032c4668 method=com.android.dx.ssa.back.InterferenceGraph.add(II)V @ 19
Event: 4.199 Thread 0x0000000016e40000 Uncommon trap: reason=class_check action=maybe_recompile pc=0x00000000032c4668 method=com.android.dx.ssa.back.InterferenceGraph.add(II)V @ 19
Event: 6.623 Thread 0x0000000002bb2800 Uncommon trap: reason=unstable_if action=reinterpret pc=0x00000000033ac3b8 method=com.android.dx.cf.code.Merger.mergeType(Lcom/android/dx/rop/type/TypeBearer;Lcom/android/dx/rop/type/TypeBearer;)Lcom/android/dx/rop/type/TypeBearer; @ 52
Event: 7.948 Thread 0x0000000002bb2800 Uncommon trap: reason=unstable_if action=reinterpret pc=0x00000000033ca970 method=com.android.dx.ssa.DeadCodeRemover.pruneDeadInstructions()V @ 49
Event: 8.221 Thread 0x0000000002bb2800 Uncommon trap: reason=unstable_if action=reinterpret pc=0x0000000003444c4c method=java.lang.Integer.valueOf(I)Ljava/lang/Integer; @ 10
Event: 8.525 Thread 0x0000000002bb2800 Uncommon trap: reason=unstable_if action=reinterpret pc=0x00000000034859f4 method=com.android.dx.ssa.Dominators.run()V @ 346
Event: 13.173 Thread 0x0000000002bb2800 Uncommon trap: reason=unstable_if action=reinterpret pc=0x000000000332ef14 method=com.android.dx.ssa.back.IdenticalBlockCombiner.replaceSucc(Lcom/android/dx/rop/code/BasicBlock;II)V @ 30
Event: 13.585 Thread 0x0000000002bb2800 Uncommon trap: reason=unstable_if action=reinterpret pc=0x00000000032a1994 method=com.android.dx.ssa.MoveParamCombiner$1.visitNonMoveInsn(Lcom/android/dx/ssa/NormalSsaInsn;)V @ 27
Event: 13.607 Thread 0x0000000002bb2800 Uncommon trap: reason=class_check action=maybe_recompile pc=0x00000000035e3c50 method=com.android.dx.cf.code.BytecodeArray.parseInstruction(ILcom/android/dx/cf/code/BytecodeArray$Visitor;)I @ 1099

Internal exceptions (6 events):
Event: 0.029 Thread 0x0000000002bb2800 Exception <a 'java/lang/NoSuchMethodError': Method sun.misc.Unsafe.defineClass(Ljava/lang/String;[BII)Ljava/lang/Class; name or signature does not match> (0x00000000eab07cc0) thrown at [D:\re\workspace\8-2-build-windows-amd64-cygwin\jdk8u92\6642\hotspot\sr$ÄSÚ}ù?
Event: 0.029 Thread 0x0000000002bb2800 Exception <a 'java/lang/NoSuchMethodError': Method sun.misc.Unsafe.prefetchRead(Ljava/lang/Object;J)V name or signature does not match> (0x00000000eab07fa8) thrown at [D:\re\workspace\8-2-build-windows-amd64-cygwin\jdk8u92\6642\hotspot\src\share\vm\prims\j-©{ ú¨?
Event: 1.042 Thread 0x0000000016e4b000 Implicit null exception at 0x0000000002fe6622 to 0x0000000002fe671a
Event: 1.901 Thread 0x0000000016e4c000 Exception <a 'java/lang/ArrayIndexOutOfBoundsException': 18> (0x00000000ec4e32b0) thrown at [D:\re\workspace\8-2-build-windows-amd64-cygwin\jdk8u92\6642\hotspot\src\share\vm\interpreter\interpreterRuntime.cpp, line 366]
Event: 1.902 Thread 0x0000000016e4c000 Exception <a 'java/lang/ArrayIndexOutOfBoundsException': 145> (0x00000000ec4e4e30) thrown at [D:\re\workspace\8-2-build-windows-amd64-cygwin\jdk8u92\6642\hotspot\src\share\vm\interpreter\interpreterRuntime.cpp, line 366]
Event: 1.902 Thread 0x0000000016e4c000 Exception <a 'java/lang/ArrayIndexOutOfBoundsException'> (0x00000000ec4e6118) thrown at [D:\re\workspace\8-2-build-windows-amd64-cygwin\jdk8u92\6642\hotspot\src\share\vm\runtime\sharedRuntime.cpp, line 605]

Events (10 events):
Event: 13.585 Thread 0x0000000016e40000 DEOPT UNPACKING pc=0x0000000002cf787f sp=0x00000000173ee8b8 mode 0
Event: 13.607 Thread 0x0000000002bb2800 Uncommon trap: trap_request=0xffffffde fr.pc=0x00000000035e3c50
Event: 13.607 Thread 0x0000000002bb2800 DEOPT PACKING pc=0x00000000035e3c50 sp=0x0000000002b7e110
Event: 13.607 Thread 0x0000000002bb2800 DEOPT UNPACKING pc=0x0000000002cf582a sp=0x0000000002b7e080 mode 2
Event: 13.612 Thread 0x0000000002bb2800 DEOPT PACKING pc=0x00000000035163b2 sp=0x0000000002b7e120
Event: 13.612 Thread 0x0000000002bb2800 DEOPT UNPACKING pc=0x0000000002cf787f sp=0x0000000002b7df60 mode 0
Event: 13.614 Thread 0x0000000002bb2800 DEOPT PACKING pc=0x0000000003191a2d sp=0x0000000002b7e390
Event: 13.614 Thread 0x0000000002bb2800 DEOPT UNPACKING pc=0x0000000002cf787f sp=0x0000000002b7e0f8 mode 0
Event: 13.894 Thread 0x0000000016e40000 DEOPT PACKING pc=0x00000000031b1f90 sp=0x00000000173eea20
Event: 13.894 Thread 0x0000000016e40000 DEOPT UNPACKING pc=0x0000000002cf787f sp=0x00000000173ee768 mode 0


Dynamic libraries:
0x00007ff6efb20000 - 0x00007ff6efb57000 	C:\Program Files\Java\jdk1.8.0_92\bin\java.exe
0x00007ffd45f40000 - 0x00007ffd460ea000 	C:\Windows\SYSTEM32\ntdll.dll
0x00007ffd43cb0000 - 0x00007ffd43dea000 	C:\Windows\system32\KERNEL32.DLL
0x00007ffd43380000 - 0x00007ffd4348f000 	C:\Windows\system32\KERNELBASE.dll
0x00007ffd41ee0000 - 0x00007ffd41f68000 	C:\Windows\system32\apphelp.dll
0x00007ffd37e70000 - 0x00007ffd37ebf000 	C:\Windows\AppPatch\AppPatch64\AcGenral.DLL
0x00007ffd441d0000 - 0x00007ffd44277000 	C:\Windows\system32\msvcrt.dll
0x00007ffd430f0000 - 0x00007ffd4311b000 	C:\Windows\SYSTEM32\SspiCli.dll
0x00007ffd44280000 - 0x00007ffd442d1000 	C:\Windows\system32\SHLWAPI.dll
0x00007ffd45b50000 - 0x00007ffd45cc1000 	C:\Windows\system32\USER32.dll
0x00007ffd43a70000 - 0x00007ffd43be8000 	C:\Windows\system32\ole32.dll
0x00007ffd444e0000 - 0x00007ffd458f7000 	C:\Windows\system32\SHELL32.dll
0x00007ffd42920000 - 0x00007ffd4293e000 	C:\Windows\SYSTEM32\USERENV.dll
0x00007ffd442e0000 - 0x00007ffd44385000 	C:\Windows\system32\ADVAPI32.dll
0x00007ffd3e8c0000 - 0x00007ffd3e8db000 	C:\Windows\SYSTEM32\MPR.dll
0x00007ffd45d90000 - 0x00007ffd45ec6000 	C:\Windows\system32\RPCRT4.dll
0x00007ffd43fd0000 - 0x00007ffd44027000 	C:\Windows\SYSTEM32\sechost.dll
0x00007ffd43df0000 - 0x00007ffd43fc6000 	C:\Windows\SYSTEM32\combase.dll
0x00007ffd43900000 - 0x00007ffd43a45000 	C:\Windows\system32\GDI32.dll
0x00007ffd432b0000 - 0x00007ffd432c4000 	C:\Windows\SYSTEM32\profapi.dll
0x00007ffd41910000 - 0x00007ffd419af000 	C:\Windows\SYSTEM32\SHCORE.dll
0x00007ffd444a0000 - 0x00007ffd444d4000 	C:\Windows\system32\IMM32.DLL
0x00007ffd437c0000 - 0x00007ffd438f9000 	C:\Windows\system32\MSCTF.dll
0x00007ffd40f80000 - 0x00007ffd411da000 	C:\Windows\WinSxS\amd64_microsoft.windows.common-controls_6595b64144ccf1df_6.0.9600.17031_none_6242a4b3ecbb55a1\COMCTL32.dll
0x00000000575d0000 - 0x00000000576a2000 	C:\Program Files\Java\jdk1.8.0_92\jre\bin\msvcr100.dll
0x0000000057a50000 - 0x00000000582e6000 	C:\Program Files\Java\jdk1.8.0_92\jre\bin\server\jvm.dll
0x00007ffd30e40000 - 0x00007ffd30e49000 	C:\Windows\SYSTEM32\WSOCK32.dll
0x00007ffd393b0000 - 0x00007ffd393cf000 	C:\Windows\SYSTEM32\WINMM.dll
0x00007ffd40ee0000 - 0x00007ffd40eea000 	C:\Windows\SYSTEM32\VERSION.dll
0x00007ffd45ae0000 - 0x00007ffd45ae7000 	C:\Windows\system32\PSAPI.DLL
0x00007ffd45ee0000 - 0x00007ffd45f38000 	C:\Windows\system32\WS2_32.dll
0x00007ffd37ae0000 - 0x00007ffd37b0a000 	C:\Windows\SYSTEM32\WINMMBASE.dll
0x00007ffd45ed0000 - 0x00007ffd45ed9000 	C:\Windows\system32\NSI.dll
0x00007ffd43770000 - 0x00007ffd437ba000 	C:\Windows\SYSTEM32\cfgmgr32.dll
0x00007ffd42130000 - 0x00007ffd42156000 	C:\Windows\SYSTEM32\DEVOBJ.dll
0x0000000058f10000 - 0x0000000058f1f000 	C:\Program Files\Java\jdk1.8.0_92\jre\bin\verify.dll
0x0000000057a20000 - 0x0000000057a49000 	C:\Program Files\Java\jdk1.8.0_92\jre\bin\java.dll
0x0000000057a00000 - 0x0000000057a16000 	C:\Program Files\Java\jdk1.8.0_92\jre\bin\zip.dll

VM Arguments:
jvm_args: -Djava.awt.headless=true -Xmx1024M -Dfile.encoding=windows-1252 -Duser.country=US -Duser.language=en -Duser.variant 
java_command: com.android.dx.command.Main --dex --force-jumbo --num-threads=4 --output C:\Zooket\app\build\intermediates\pre-dexed\debug\com.google.android.gms-play-services-ads-9.0.1_a213d0cf920b8fe9c76e548f5c02fedff6d4ca15.jar C:\Zooket\app\build\intermediates\exploded-aar\com.google.android.gms\play-services-ads\9.0.1\jars\classes.jar
java_class_path (initial): C:\android-sdk-windows\build-tools\24.0.3\lib\dx.jar
Launcher Type: SUN_STANDARD

Environment Variables:
PATH=C:\ProgramData\Oracle\Java\javapath;C:\Windows\system32;C:\Windows;C:\Windows\System32\Wbem;C:\Windows\System32\WindowsPowerShell\v1.0\;C:\Program Files (x86)\NVIDIA Corporation\PhysX\Common;C:\Program Files (x86)\Windows Kits\8.1\Windows Performance Toolkit\;C:\Program Files\Microsoft SQL Server\110\Tools\Binn\;C:\Program Files\Microsoft SQL Server\110\DTS\Binn\;C:\Program Files (x86)\Microsoft SQL Server\110\Tools\Binn\;C:\Program Files (x86)\Microsoft SQL Server\110\Tools\Binn\ManagementStudio\;C:\Program Files (x86)\Microsoft Visual Studio 10.0\Common7\IDE\PrivateAssemblies\;C:\Program Files (x86)\Microsoft SQL Server\110\DTS\Binn\;C:\Program Files (x86)\GtkSharp\2.12\bin;C:\Program Files (x86)\QuickTime\QTSystem\
USERNAME=Smo
OS=Windows_NT
PROCESSOR_IDENTIFIER=Intel64 Family 6 Model 94 Stepping 3, GenuineIntel



---------------  S Y S T E M  ---------------

OS: Windows 8.1 , 64 bit Build 9600 (6.3.9600.17056)

CPU:total 4 (4 cores per cpu, 1 threads per core) family 6 model 94 stepping 3, cmov, cx8, fxsr, mmx, sse, sse2, sse3, ssse3, sse4.1, sse4.2, popcnt, avx, avx2, aes, clmul, erms, 3dnowpref, lzcnt, tsc, tscinvbit, bmi1, bmi2, adx

Memory: 4k page, physical 8266404k(1110404k free), swap 8266404k(5440k free)

vm_info: Java HotSpot(TM) 64-Bit Server VM (25.92-b14) for windows-amd64 JRE (1.8.0_92-b14), built on Mar 31 2016 21:03:04 by "java_re" with MS VC++ 10.0 (VS2010)

time: Wed May 17 10:03:46 2017
elapsed time: 13 seconds (0d 0h 0m 13s)

