#
# A fatal error has been detected by the Java Runtime Environment:
#
#  EXCEPTION_STACK_OVERFLOW (0xc00000fd) at pc=0x000000005a592a37, pid=7972, tid=0x0000000000001da8
#
# JRE version: Java(TM) SE Runtime Environment (8.0_92-b14) (build 1.8.0_92-b14)
# Java VM: Java HotSpot(TM) 64-Bit Server VM (25.92-b14 mixed mode windows-amd64 compressed oops)
# Problematic frame:
# V  [jvm.dll+0x212a37]
#
# Failed to write core dump. Minidumps are not enabled by default on client versions of Windows
#
# If you would like to submit a bug report, please visit:
#   http://bugreport.java.com/bugreport/crash.jsp
#

---------------  T H R E A D  ---------------

Current thread (0x000000000208a800):  JavaThread "Finalizer" daemon [_thread_in_vm, id=7592, stack(0x00000000159b0000,0x0000000015ab0000)]

siginfo: ExceptionCode=0xc00000fd, ExceptionInformation=0x0000000000000001 0x0000000015aa96f0 

Registers:
RAX=0x0000000015aa96f0, RBX=0x0000000000000007, RCX=0x0000000000006000, RDX=0x0000000000000006
RSP=0x0000000015aaf6f0, RBP=0x0000000000000000, RSI=0x0000000015aaf6f0, RDI=0x0000000000000007
R8 =0x0000000000000006, R9 =0x0000000014725750, R10=0x0000000013eb4ec8, R11=0x00000000159ba160
R12=0x0000000014725750, R13=0x000000000208a800, R14=0x0000000015aaf7b8, R15=0x0000000013eb4ec8
RIP=0x000000005a592a37, EFLAGS=0x0000000000010206

Top of Stack: (sp=0x0000000015aaf6f0)
0x0000000015aaf6f0:   0000000002000002 0000000059b24e7e
0x0000000015aaf700:   000000000208a800 0000000014725750
0x0000000015aaf710:   00000000ffffffff 000000005a593967
0x0000000015aaf720:   0000000015aaf820 0000000013eb4ec8
0x0000000015aaf730:   000000000208a800 000000005a43fd93
0x0000000015aaf740:   0000000015aaf780 000000000208a800
0x0000000015aaf750:   0000000015aaf810 000000000208a800
0x0000000015aaf760:   0000000013eb4ec8 000000000208a800
0x0000000015aaf770:   00000000020a3200 000000000208a800
0x0000000015aaf780:   0000000013eb4ec8 000000000208a800
0x0000000015aaf790:   0000000013ded400 000000000208a800
0x0000000015aaf7a0:   0000000000000001 0000000013eb4ec8
0x0000000015aaf7b0:   000000000208a800 000000001474aa20
0x0000000015aaf7c0:   000000000208a800 000000005a44127d
0x0000000015aaf7d0:   0000000015aafad8 00000001000069a0
0x0000000015aaf7e0:   000000010001d0c0 0000000000000000 

Instructions: (pc=0x000000005a592a37)
0x000000005a592a17:   48 89 6c 24 30 33 ed 66 90 e8 cb 38 08 00 ff c3
0x000000005a592a27:   48 63 c8 48 8b c6 48 0f af cf 48 ff c7 48 2b c1
0x000000005a592a37:   89 28 48 63 c3 48 3b 05 7d dc 58 00 7e db 48 8b
0x000000005a592a47:   6c 24 30 48 8b 5c 24 38 48 8b 74 24 40 48 83 c4 


Register to memory mapping:

RAX=0x0000000015aa96f0 is pointing into the stack for thread: 0x000000000208a800
RBX=0x0000000000000007 is an unknown value
RCX=0x0000000000006000 is an unknown value
RDX=0x0000000000000006 is an unknown value
RSP=0x0000000015aaf6f0 is pointing into the stack for thread: 0x000000000208a800
RBP=0x0000000000000000 is an unknown value
RSI=0x0000000015aaf6f0 is pointing into the stack for thread: 0x000000000208a800
RDI=0x0000000000000007 is an unknown value
R8 =0x0000000000000006 is an unknown value
R9 =0x0000000014725750 is an unknown value
R10={method} {0x0000000013eb4ed0} 'run' '()V' in 'java/lang/ref/Finalizer$FinalizerThread'
R11=0x00000000159ba160 is pointing into the stack for thread: 0x000000000208a800
R12=0x0000000014725750 is an unknown value
R13=0x000000000208a800 is a thread
R14=0x0000000015aaf7b8 is pointing into the stack for thread: 0x000000000208a800
R15={method} {0x0000000013eb4ed0} 'run' '()V' in 'java/lang/ref/Finalizer$FinalizerThread'


Stack: [0x00000000159b0000,0x0000000015ab0000],  sp=0x0000000015aaf6f0,  free space=1021k
Native frames: (J=compiled Java code, j=interpreted, Vv=VM code, C=native code)


---------------  P R O C E S S  ---------------

Java Threads: ( => current thread )
  0x00000000147bc800 JavaThread "Service Thread" daemon [_thread_blocked, id=5676, stack(0x0000000016890000,0x0000000016990000)]
  0x0000000015f98800 JavaThread "C1 CompilerThread2" daemon [_thread_blocked, id=9532, stack(0x0000000016790000,0x0000000016890000)]
  0x00000000147af800 JavaThread "C2 CompilerThread1" daemon [_thread_blocked, id=4328, stack(0x0000000015e90000,0x0000000015f90000)]
  0x000000001475d000 JavaThread "C2 CompilerThread0" daemon [_thread_in_vm, id=1568, stack(0x0000000015d90000,0x0000000015e90000)]
  0x000000001475b000 JavaThread "Attach Listener" daemon [_thread_blocked, id=6904, stack(0x0000000015c90000,0x0000000015d90000)]
  0x000000001475a000 JavaThread "Signal Dispatcher" daemon [_thread_blocked, id=2216, stack(0x0000000015b90000,0x0000000015c90000)]
=>0x000000000208a800 JavaThread "Finalizer" daemon [_thread_in_vm, id=7592, stack(0x00000000159b0000,0x0000000015ab0000)]
  0x0000000014729000 JavaThread "Reference Handler" daemon [_thread_blocked, id=9200, stack(0x00000000158b0000,0x00000000159b0000)]
  0x0000000001f90800 JavaThread "main" [_thread_blocked, id=6876, stack(0x0000000001e40000,0x0000000001f40000)]

Other Threads:
  0x0000000014727800 VMThread [stack: 0x00000000157b0000,0x00000000158b0000] [id=9472]
  0x0000000015ff3000 WatcherThread [stack: 0x0000000016990000,0x0000000016a90000] [id=9552]

VM state:synchronizing (normal execution)

VM Mutex/Monitor currently owned by a thread:  ([mutex/lock_event])
[0x0000000001f8c850] Threads_lock - owner thread: 0x0000000014727800
[0x0000000001f8d8e0] Compile_lock - owner thread: 0x0000000001f90800

Heap:
 PSYoungGen      total 38400K, used 4005K [0x00000000eab00000, 0x00000000ed580000, 0x0000000100000000)
  eden space 33280K, 12% used [0x00000000eab00000,0x00000000eaee9480,0x00000000ecb80000)
  from space 5120K, 0% used [0x00000000ed080000,0x00000000ed080000,0x00000000ed580000)
  to   space 5120K, 0% used [0x00000000ecb80000,0x00000000ecb80000,0x00000000ed080000)
 ParOldGen       total 87552K, used 0K [0x00000000c0000000, 0x00000000c5580000, 0x00000000eab00000)
  object space 87552K, 0% used [0x00000000c0000000,0x00000000c0000000,0x00000000c5580000)
 Metaspace       used 3809K, capacity 5008K, committed 5120K, reserved 1056768K
  class space    used 428K, capacity 456K, committed 512K, reserved 1048576K

Card table byte_map: [0x0000000011450000,0x0000000011660000] byte_map_base: 0x0000000010e50000

Marking Bits: (ParMarkBitMap*) 0x000000005ab964f0
 Begin Bits: [0x0000000011bc0000, 0x0000000012bc0000)
 End Bits:   [0x0000000012bc0000, 0x0000000013bc0000)

Polling page: 0x0000000000480000

CodeCache: size=245760Kb used=1371Kb max_used=1371Kb free=244389Kb
 bounds [0x0000000002090000, 0x0000000002300000, 0x0000000011090000]
 total_blobs=400 nmethods=152 adapters=166
 compilation: enabled

Compilation events (0 events):
No events

GC Heap History (0 events):
No events

Deoptimization events (0 events):
No events

Internal exceptions (2 events):
Event: 0.250 Thread 0x0000000001f90800 Exception <a 'java/lang/NoSuchMethodError': Method sun.misc.Unsafe.defineClass(Ljava/lang/String;[BII)Ljava/lang/Class; name or signature does not match> (0x00000000eab07cc0) thrown at [D:\re\workspace\8-2-build-windows-amd64-cygwin\jdk8u92\6642\hotspot\sr@…¥¦Ð?
Event: 0.250 Thread 0x0000000001f90800 Exception <a 'java/lang/NoSuchMethodError': Method sun.misc.Unsafe.prefetchRead(Ljava/lang/Object;J)V name or signature does not match> (0x00000000eab07fa8) thrown at [D:\re\workspace\8-2-build-windows-amd64-cygwin\jdk8u92\6642\hotspot\src\share\vm\prims\j

Events (10 events):
Event: 0.251 loading class java/util/HashMap$Node done
Event: 0.251 loading class sun/misc/VM
Event: 0.251 loading class sun/misc/VM done
Event: 0.251 loading class java/util/Hashtable$Entry
Event: 0.251 loading class java/util/Hashtable$Entry done
Event: 0.251 loading class java/lang/Math
Event: 0.251 loading class java/lang/Math done
Event: 0.251 loading class java/lang/ref/Finalizer$FinalizerThread
Event: 0.251 loading class java/lang/ref/Finalizer$FinalizerThread done
Event: 0.252 Thread 0x000000000208a800 Thread added: 0x000000000208a800


Dynamic libraries:
0x00007ff61f2f0000 - 0x00007ff61f327000 	C:\Program Files\Java\jdk1.8.0_92\bin\java.exe
0x00007ffa9ddd0000 - 0x00007ffa9df7a000 	C:\Windows\SYSTEM32\ntdll.dll
0x00007ffa9d870000 - 0x00007ffa9d9aa000 	C:\Windows\system32\KERNEL32.DLL
0x00007ffa9b260000 - 0x00007ffa9b36f000 	C:\Windows\system32\KERNELBASE.dll
0x00007ffa99d70000 - 0x00007ffa99df8000 	C:\Windows\system32\apphelp.dll
0x00007ffa72e10000 - 0x00007ffa72e5f000 	C:\Windows\AppPatch\AppPatch64\AcGenral.DLL
0x00007ffa9d250000 - 0x00007ffa9d2f7000 	C:\Windows\system32\msvcrt.dll
0x00007ffa9af80000 - 0x00007ffa9afab000 	C:\Windows\SYSTEM32\SspiCli.dll
0x00007ffa9d520000 - 0x00007ffa9d571000 	C:\Windows\system32\SHLWAPI.dll
0x00007ffa9d300000 - 0x00007ffa9d471000 	C:\Windows\system32\USER32.dll
0x00007ffa9d9b0000 - 0x00007ffa9db28000 	C:\Windows\system32\ole32.dll
0x00007ffa9bc30000 - 0x00007ffa9d047000 	C:\Windows\system32\SHELL32.dll
0x00007ffa9a7b0000 - 0x00007ffa9a7ce000 	C:\Windows\SYSTEM32\USERENV.dll
0x00007ffa9d5c0000 - 0x00007ffa9d665000 	C:\Windows\system32\ADVAPI32.dll
0x00007ffa96070000 - 0x00007ffa9608b000 	C:\Windows\SYSTEM32\MPR.dll
0x00007ffa9db40000 - 0x00007ffa9dc76000 	C:\Windows\system32\RPCRT4.dll
0x00007ffa9d1f0000 - 0x00007ffa9d247000 	C:\Windows\SYSTEM32\sechost.dll
0x00007ffa9b660000 - 0x00007ffa9b836000 	C:\Windows\SYSTEM32\combase.dll
0x00007ffa9dc80000 - 0x00007ffa9ddc5000 	C:\Windows\system32\GDI32.dll
0x00007ffa9b140000 - 0x00007ffa9b154000 	C:\Windows\SYSTEM32\profapi.dll
0x00007ffa997a0000 - 0x00007ffa9983f000 	C:\Windows\SYSTEM32\SHCORE.dll
0x00007ffa9d580000 - 0x00007ffa9d5b4000 	C:\Windows\system32\IMM32.DLL
0x00007ffa9d670000 - 0x00007ffa9d7a9000 	C:\Windows\system32\MSCTF.dll
0x00007ffa98e90000 - 0x00007ffa990ea000 	C:\Windows\WinSxS\amd64_microsoft.windows.common-controls_6595b64144ccf1df_6.0.9600.17031_none_6242a4b3ecbb55a1\COMCTL32.dll
0x0000000059ad0000 - 0x0000000059ba2000 	C:\Program Files\Java\jdk1.8.0_92\jre\bin\msvcr100.dll
0x000000005a380000 - 0x000000005ac16000 	C:\Program Files\Java\jdk1.8.0_92\jre\bin\server\jvm.dll
0x00007ffa8e650000 - 0x00007ffa8e659000 	C:\Windows\SYSTEM32\WSOCK32.dll
0x00007ffa8aa90000 - 0x00007ffa8aaaf000 	C:\Windows\SYSTEM32\WINMM.dll
0x00007ffa98e50000 - 0x00007ffa98e5a000 	C:\Windows\SYSTEM32\VERSION.dll
0x00007ffa9b650000 - 0x00007ffa9b657000 	C:\Windows\system32\PSAPI.DLL
0x00007ffa9d060000 - 0x00007ffa9d0b8000 	C:\Windows\system32\WS2_32.dll
0x00007ffa8aa60000 - 0x00007ffa8aa8a000 	C:\Windows\SYSTEM32\WINMMBASE.dll
0x00007ffa9bc20000 - 0x00007ffa9bc29000 	C:\Windows\system32\NSI.dll
0x00007ffa9b600000 - 0x00007ffa9b64a000 	C:\Windows\SYSTEM32\cfgmgr32.dll
0x00007ffa99fc0000 - 0x00007ffa99fe6000 	C:\Windows\SYSTEM32\DEVOBJ.dll
0x000000005a370000 - 0x000000005a37f000 	C:\Program Files\Java\jdk1.8.0_92\jre\bin\verify.dll
0x000000005a340000 - 0x000000005a369000 	C:\Program Files\Java\jdk1.8.0_92\jre\bin\java.dll
0x000000005a320000 - 0x000000005a336000 	C:\Program Files\Java\jdk1.8.0_92\jre\bin\zip.dll
0x00007ffa948c0000 - 0x00007ffa94a48000 	C:\Windows\SYSTEM32\dbghelp.dll

VM Arguments:
jvm_args: -Djava.awt.headless=true -Xmx1024M -Dfile.encoding=windows-1252 -Duser.country=US -Duser.language=en -Duser.variant 
java_command: com.android.dx.command.Main --dex --force-jumbo --num-threads=4 --multi-dex --output C:\Zooket\app\build\intermediates\transforms\dex\debug\folders\1000\10\instant-run_4b35f881d5fb4de1bebcf2485b24bc4c60fc3c97 C:\Zooket\app\build\intermediates\incremental-runtime-classes\debug\instant-run.jar
java_class_path (initial): C:\android-sdk-windows\build-tools\24.0.3\lib\dx.jar
Launcher Type: SUN_STANDARD

Environment Variables:
PATH=C:\ProgramData\Oracle\Java\javapath;C:\Windows\system32;C:\Windows;C:\Windows\System32\Wbem;C:\Windows\System32\WindowsPowerShell\v1.0\;C:\Program Files (x86)\NVIDIA Corporation\PhysX\Common;C:\Program Files (x86)\Windows Kits\8.1\Windows Performance Toolkit\;C:\Program Files\Microsoft SQL Server\110\Tools\Binn\;C:\Program Files\Microsoft SQL Server\110\DTS\Binn\;C:\Program Files (x86)\Microsoft SQL Server\110\Tools\Binn\;C:\Program Files (x86)\Microsoft SQL Server\110\Tools\Binn\ManagementStudio\;C:\Program Files (x86)\Microsoft Visual Studio 10.0\Common7\IDE\PrivateAssemblies\;C:\Program Files (x86)\Microsoft SQL Server\110\DTS\Binn\;C:\Program Files (x86)\GtkSharp\2.12\bin;C:\Program Files (x86)\QuickTime\QTSystem\
USERNAME=Smo
OS=Windows_NT
PROCESSOR_IDENTIFIER=Intel64 Family 6 Model 94 Stepping 3, GenuineIntel



---------------  S Y S T E M  ---------------

OS: Windows 8.1 , 64 bit Build 9600 (6.3.9600.17056)

CPU:total 4 (4 cores per cpu, 1 threads per core) family 6 model 94 stepping 3, cmov, cx8, fxsr, mmx, sse, sse2, sse3, ssse3, sse4.1, sse4.2, popcnt, avx, avx2, aes, clmul, erms, 3dnowpref, lzcnt, tsc, tscinvbit, bmi1, bmi2, adx

Memory: 4k page, physical 8266404k(1029140k free), swap 8266404k(185772k free)

vm_info: Java HotSpot(TM) 64-Bit Server VM (25.92-b14) for windows-amd64 JRE (1.8.0_92-b14), built on Mar 31 2016 21:03:04 by "java_re" with MS VC++ 10.0 (VS2010)

time: Sat May 13 19:56:18 2017
elapsed time: 0 seconds (0d 0h 0m 0s)

