#
# There is insufficient memory for the Java Runtime Environment to continue.
# Native memory allocation (malloc) failed to allocate 572448 bytes for Chunk::new
# Possible reasons:
#   The system is out of physical RAM or swap space
#   In 32 bit mode, the process size limit was hit
# Possible solutions:
#   Reduce memory load on the system
#   Increase physical memory or swap space
#   Check if swap backing store is full
#   Use 64 bit Java on a 64 bit OS
#   Decrease Java heap size (-Xmx/-Xms)
#   Decrease number of Java threads
#   Decrease Java thread stack sizes (-Xss)
#   Set larger code cache with -XX:ReservedCodeCacheSize=
# This output file may be truncated or incomplete.
#
#  Out of Memory Error (allocation.cpp:390), pid=8332, tid=0x00000000000024d8
#
# JRE version: Java(TM) SE Runtime Environment (8.0_92-b14) (build 1.8.0_92-b14)
# Java VM: Java HotSpot(TM) 64-Bit Server VM (25.92-b14 mixed mode windows-amd64 compressed oops)
# Failed to write core dump. Minidumps are not enabled by default on client versions of Windows
#

---------------  T H R E A D  ---------------

Current thread (0x0000000014827000):  JavaThread "C2 CompilerThread1" daemon [_thread_in_native, id=9432, stack(0x0000000015e40000,0x0000000015f40000)]

Stack: [0x0000000015e40000,0x0000000015f40000]
[error occurred during error reporting (printing stack bounds), id 0xc0000005]

Native frames: (J=compiled Java code, j=interpreted, Vv=VM code, C=native code)


Current CompileTask:
C2:   8030 2280   !   4       com.android.dx.cf.code.BytecodeArray::parseInstruction (2764 bytes)


---------------  P R O C E S S  ---------------

Java Threads: ( => current thread )
  0x00000000162ab800 JavaThread "pool-1-thread-4" [_thread_blocked, id=8928, stack(0x0000000016a40000,0x0000000016b40000)]
  0x00000000162aa800 JavaThread "pool-1-thread-3" [_thread_blocked, id=7884, stack(0x0000000016940000,0x0000000016a40000)]
  0x0000000016322000 JavaThread "pool-1-thread-2" [_thread_blocked, id=3028, stack(0x0000000016840000,0x0000000016940000)]
  0x0000000016320800 JavaThread "pool-2-thread-1" [_thread_blocked, id=5016, stack(0x0000000016740000,0x0000000016840000)]
  0x000000001631d800 JavaThread "pool-1-thread-1" [_thread_blocked, id=8032, stack(0x0000000016640000,0x0000000016740000)]
  0x0000000016046800 JavaThread "Service Thread" daemon [_thread_blocked, id=10212, stack(0x0000000016440000,0x0000000016540000)]
  0x000000001482c000 JavaThread "C1 CompilerThread2" daemon [_thread_blocked, id=9056, stack(0x0000000015f40000,0x0000000016040000)]
=>0x0000000014827000 JavaThread "C2 CompilerThread1" daemon [_thread_in_native, id=9432, stack(0x0000000015e40000,0x0000000015f40000)]
  0x00000000147ce000 JavaThread "C2 CompilerThread0" daemon [_thread_in_native, id=8476, stack(0x0000000015d40000,0x0000000015e40000)]
  0x00000000147cc000 JavaThread "Attach Listener" daemon [_thread_blocked, id=7072, stack(0x0000000015c40000,0x0000000015d40000)]
  0x00000000147ca800 JavaThread "Signal Dispatcher" daemon [_thread_blocked, id=6792, stack(0x0000000015b40000,0x0000000015c40000)]
  0x00000000020fa800 JavaThread "Finalizer" daemon [_thread_blocked, id=4180, stack(0x0000000015a40000,0x0000000015b40000)]
  0x0000000014799000 JavaThread "Reference Handler" daemon [_thread_blocked, id=7220, stack(0x0000000015940000,0x0000000015a40000)]
  0x0000000002002800 JavaThread "main" [_thread_blocked, id=6180, stack(0x0000000001f00000,0x0000000002000000)]

Other Threads:
  0x0000000014797800 VMThread [stack: 0x0000000015840000,0x0000000015940000] [id=4736]
  0x0000000016061800 WatcherThread [stack: 0x0000000016540000,0x0000000016640000] [id=9828]

VM state:at safepoint (normal execution)

VM Mutex/Monitor currently owned by a thread:  ([mutex/lock_event])
[0x0000000001dfcdd0] Threads_lock - owner thread: 0x0000000014797800
[0x0000000001dfc2d0] Heap_lock - owner thread: 0x00000000162ab800

Heap:
 PSYoungGen      total 109056K, used 98359K [0x00000000eab00000, 0x00000000f6500000, 0x0000000100000000)
  eden space 36864K, 100% used [0x00000000eab00000,0x00000000ecf00000,0x00000000ecf00000)
  from space 72192K, 85% used [0x00000000ecf00000,0x00000000f0b0df38,0x00000000f1580000)
  to   space 62976K, 47% used [0x00000000f1580000,0x00000000f3273da8,0x00000000f5300000)
 ParOldGen       total 277504K, used 223983K [0x00000000c0000000, 0x00000000d0f00000, 0x00000000eab00000)
  object space 277504K, 80% used [0x00000000c0000000,0x00000000cdabbf50,0x00000000d0f00000)
 Metaspace       used 6523K, capacity 7256K, committed 7424K, reserved 1056768K
  class space    used 625K, capacity 656K, committed 768K, reserved 1048576K

Card table byte_map: [0x00000000114c0000,0x00000000116d0000] byte_map_base: 0x0000000010ec0000

Marking Bits: (ParMarkBitMap*) 0x000000005f3764f0
 Begin Bits: [0x0000000011c30000, 0x0000000012c30000)
 End Bits:   [0x0000000012c30000, 0x0000000013c30000)

Polling page: 0x0000000000590000

CodeCache: size=245760Kb used=9279Kb max_used=9342Kb free=236480Kb
 bounds [0x0000000002100000, 0x0000000002a40000, 0x0000000011100000]
 total_blobs=2409 nmethods=2140 adapters=181
 compilation: enabled

Compilation events (10 events):
Event: 7.817 Thread 0x000000001482c000 2290       3       com.android.dx.rop.type.StdTypeList::withFirst (53 bytes)
Event: 7.818 Thread 0x000000001482c000 nmethod 2290 0x0000000002a071d0 code [0x0000000002a07440, 0x0000000002a08538]
Event: 7.827 Thread 0x000000001482c000 2291 %     3       com.android.dx.ssa.back.SsaToRop::moveParametersToHighRegisters @ 34 (88 bytes)
Event: 7.828 Thread 0x000000001482c000 nmethod 2291% 0x0000000002a1d910 code [0x0000000002a1dae0, 0x0000000002a1e4b8]
Event: 7.828 Thread 0x000000001482c000 2292       3       com.android.dx.ssa.back.SsaToRop::moveParametersToHighRegisters (88 bytes)
Event: 7.828 Thread 0x000000001482c000 nmethod 2292 0x0000000002a06350 code [0x0000000002a06520, 0x0000000002a06df8]
Event: 7.908 Thread 0x000000001482c000 2293       1       java.lang.ref.Finalizer::access$000 (4 bytes)
Event: 7.908 Thread 0x000000001482c000 nmethod 2293 0x0000000002a1e850 code [0x0000000002a1e9a0, 0x0000000002a1ea90]
Event: 7.918 Thread 0x0000000014827000 nmethod 2274% 0x0000000002a25910 code [0x0000000002a26000, 0x0000000002a2b498]
Event: 7.918 Thread 0x0000000014827000 2280   !   4       com.android.dx.cf.code.BytecodeArray::parseInstruction (2764 bytes)

GC Heap History (10 events):
Event: 7.538 GC heap after
Heap after GC invocations=43 (full 6):
 PSYoungGen      total 109056K, used 7283K [0x00000000eab00000, 0x00000000f6500000, 0x0000000100000000)
  eden space 36864K, 0% used [0x00000000eab00000,0x00000000eab00000,0x00000000ecf00000)
  from space 72192K, 10% used [0x00000000ecf00000,0x00000000ed61cd50,0x00000000f1580000)
  to   space 62976K, 0% used [0x00000000f1580000,0x00000000f1580000,0x00000000f5300000)
 ParOldGen       total 277504K, used 223983K [0x00000000c0000000, 0x00000000d0f00000, 0x00000000eab00000)
  object space 277504K, 80% used [0x00000000c0000000,0x00000000cdabbf50,0x00000000d0f00000)
 Metaspace       used 6512K, capacity 7256K, committed 7424K, reserved 1056768K
  class space    used 623K, capacity 656K, committed 768K, reserved 1048576K
}
Event: 7.620 GC heap before
{Heap before GC invocations=44 (full 6):
 PSYoungGen      total 109056K, used 44147K [0x00000000eab00000, 0x00000000f6500000, 0x0000000100000000)
  eden space 36864K, 100% used [0x00000000eab00000,0x00000000ecf00000,0x00000000ecf00000)
  from space 72192K, 10% used [0x00000000ecf00000,0x00000000ed61cd50,0x00000000f1580000)
  to   space 62976K, 0% used [0x00000000f1580000,0x00000000f1580000,0x00000000f5300000)
 ParOldGen       total 277504K, used 223983K [0x00000000c0000000, 0x00000000d0f00000, 0x00000000eab00000)
  object space 277504K, 80% used [0x00000000c0000000,0x00000000cdabbf50,0x00000000d0f00000)
 Metaspace       used 6512K, capacity 7256K, committed 7424K, reserved 1056768K
  class space    used 623K, capacity 656K, committed 768K, reserved 1048576K
Event: 7.648 GC heap after
Heap after GC invocations=44 (full 6):
 PSYoungGen      total 99840K, used 17964K [0x00000000eab00000, 0x00000000f6500000, 0x0000000100000000)
  eden space 36864K, 0% used [0x00000000eab00000,0x00000000eab00000,0x00000000ecf00000)
  from space 62976K, 28% used [0x00000000f1580000,0x00000000f270b158,0x00000000f5300000)
  to   space 72192K, 0% used [0x00000000ecf00000,0x00000000ecf00000,0x00000000f1580000)
 ParOldGen       total 277504K, used 223983K [0x00000000c0000000, 0x00000000d0f00000, 0x00000000eab00000)
  object space 277504K, 80% used [0x00000000c0000000,0x00000000cdabbf50,0x00000000d0f00000)
 Metaspace       used 6512K, capacity 7256K, committed 7424K, reserved 1056768K
  class space    used 623K, capacity 656K, committed 768K, reserved 1048576K
}
Event: 7.738 GC heap before
{Heap before GC invocations=45 (full 6):
 PSYoungGen      total 99840K, used 54828K [0x00000000eab00000, 0x00000000f6500000, 0x0000000100000000)
  eden space 36864K, 100% used [0x00000000eab00000,0x00000000ecf00000,0x00000000ecf00000)
  from space 62976K, 28% used [0x00000000f1580000,0x00000000f270b158,0x00000000f5300000)
  to   space 72192K, 0% used [0x00000000ecf00000,0x00000000ecf00000,0x00000000f1580000)
 ParOldGen       total 277504K, used 223983K [0x00000000c0000000, 0x00000000d0f00000, 0x00000000eab00000)
  object space 277504K, 80% used [0x00000000c0000000,0x00000000cdabbf50,0x00000000d0f00000)
 Metaspace       used 6516K, capacity 7256K, committed 7424K, reserved 1056768K
  class space    used 623K, capacity 656K, committed 768K, reserved 1048576K
Event: 7.760 GC heap after
Heap after GC invocations=45 (full 6):
 PSYoungGen      total 109056K, used 28907K [0x00000000eab00000, 0x00000000f6500000, 0x0000000100000000)
  eden space 36864K, 0% used [0x00000000eab00000,0x00000000eab00000,0x00000000ecf00000)
  from space 72192K, 40% used [0x00000000ecf00000,0x00000000eeb3aca8,0x00000000f1580000)
  to   space 62976K, 0% used [0x00000000f1580000,0x00000000f1580000,0x00000000f5300000)
 ParOldGen       total 277504K, used 223983K [0x00000000c0000000, 0x00000000d0f00000, 0x00000000eab00000)
  object space 277504K, 80% used [0x00000000c0000000,0x00000000cdabbf50,0x00000000d0f00000)
 Metaspace       used 6516K, capacity 7256K, committed 7424K, reserved 1056768K
  class space    used 623K, capacity 656K, committed 768K, reserved 1048576K
}
Event: 7.856 GC heap before
{Heap before GC invocations=46 (full 6):
 PSYoungGen      total 109056K, used 65771K [0x00000000eab00000, 0x00000000f6500000, 0x0000000100000000)
  eden space 36864K, 100% used [0x00000000eab00000,0x00000000ecf00000,0x00000000ecf00000)
  from space 72192K, 40% used [0x00000000ecf00000,0x00000000eeb3aca8,0x00000000f1580000)
  to   space 62976K, 0% used [0x00000000f1580000,0x00000000f1580000,0x00000000f5300000)
 ParOldGen       total 277504K, used 223983K [0x00000000c0000000, 0x00000000d0f00000, 0x00000000eab00000)
  object space 277504K, 80% used [0x00000000c0000000,0x00000000cdabbf50,0x00000000d0f00000)
 Metaspace       used 6517K, capacity 7256K, committed 7424K, reserved 1056768K
  class space    used 623K, capacity 656K, committed 768K, reserved 1048576K
Event: 7.908 GC heap after
Heap after GC invocations=46 (full 6):
 PSYoungGen      total 99840K, used 39565K [0x00000000eab00000, 0x00000000f6500000, 0x0000000100000000)
  eden space 36864K, 0% used [0x00000000eab00000,0x00000000eab00000,0x00000000ecf00000)
  from space 62976K, 62% used [0x00000000f1580000,0x00000000f3c23638,0x00000000f5300000)
  to   space 72192K, 0% used [0x00000000ecf00000,0x00000000ecf00000,0x00000000f1580000)
 ParOldGen       total 277504K, used 223983K [0x00000000c0000000, 0x00000000d0f00000, 0x00000000eab00000)
  object space 277504K, 80% used [0x00000000c0000000,0x00000000cdabbf50,0x00000000d0f00000)
 Metaspace       used 6517K, capacity 7256K, committed 7424K, reserved 1056768K
  class space    used 623K, capacity 656K, committed 768K, reserved 1048576K
}
Event: 7.937 GC heap before
{Heap before GC invocations=47 (full 6):
 PSYoungGen      total 99840K, used 76429K [0x00000000eab00000, 0x00000000f6500000, 0x0000000100000000)
  eden space 36864K, 100% used [0x00000000eab00000,0x00000000ecf00000,0x00000000ecf00000)
  from space 62976K, 62% used [0x00000000f1580000,0x00000000f3c23638,0x00000000f5300000)
  to   space 72192K, 0% used [0x00000000ecf00000,0x00000000ecf00000,0x00000000f1580000)
 ParOldGen       total 277504K, used 223983K [0x00000000c0000000, 0x00000000d0f00000, 0x00000000eab00000)
  object space 277504K, 80% used [0x00000000c0000000,0x00000000cdabbf50,0x00000000d0f00000)
 Metaspace       used 6517K, capacity 7256K, committed 7424K, reserved 1056768K
  class space    used 623K, capacity 656K, committed 768K, reserved 1048576K
Event: 7.973 GC heap after
Heap after GC invocations=47 (full 6):
 PSYoungGen      total 109056K, used 61495K [0x00000000eab00000, 0x00000000f6500000, 0x0000000100000000)
  eden space 36864K, 0% used [0x00000000eab00000,0x00000000eab00000,0x00000000ecf00000)
  from space 72192K, 85% used [0x00000000ecf00000,0x00000000f0b0df38,0x00000000f1580000)
  to   space 62976K, 0% used [0x00000000f1580000,0x00000000f1580000,0x00000000f5300000)
 ParOldGen       total 277504K, used 223983K [0x00000000c0000000, 0x00000000d0f00000, 0x00000000eab00000)
  object space 277504K, 80% used [0x00000000c0000000,0x00000000cdabbf50,0x00000000d0f00000)
 Metaspace       used 6517K, capacity 7256K, committed 7424K, reserved 1056768K
  class space    used 623K, capacity 656K, committed 768K, reserved 1048576K
}
Event: 7.993 GC heap before
{Heap before GC invocations=48 (full 6):
 PSYoungGen      total 109056K, used 98359K [0x00000000eab00000, 0x00000000f6500000, 0x0000000100000000)
  eden space 36864K, 100% used [0x00000000eab00000,0x00000000ecf00000,0x00000000ecf00000)
  from space 72192K, 85% used [0x00000000ecf00000,0x00000000f0b0df38,0x00000000f1580000)
  to   space 62976K, 0% used [0x00000000f1580000,0x00000000f1580000,0x00000000f5300000)
 ParOldGen       total 277504K, used 223983K [0x00000000c0000000, 0x00000000d0f00000, 0x00000000eab00000)
  object space 277504K, 80% used [0x00000000c0000000,0x00000000cdabbf50,0x00000000d0f00000)
 Metaspace       used 6523K, capacity 7256K, committed 7424K, reserved 1056768K
  class space    used 625K, capacity 656K, committed 768K, reserved 1048576K

Deoptimization events (10 events):
Event: 2.014 Thread 0x000000001631d800 Uncommon trap: reason=unstable_if action=reinterpret pc=0x000000000260b5a4 method=java.util.HashMap.getNode(ILjava/lang/Object;)Ljava/util/HashMap$Node; @ 84
Event: 2.871 Thread 0x0000000002002800 Uncommon trap: reason=unstable_if action=reinterpret pc=0x00000000024a9b94 method=com.android.dx.ssa.SetFactory.makeLivenessSet(I)Lcom/android/dx/util/IntSet; @ 4
Event: 3.244 Thread 0x0000000002002800 Uncommon trap: reason=unstable_if action=reinterpret pc=0x00000000026c5888 method=com.android.dx.ssa.SCCP.simulateStmt(Lcom/android/dx/ssa/SsaInsn;)V @ 59
Event: 3.261 Thread 0x0000000002002800 Uncommon trap: reason=unstable_if action=reinterpret pc=0x000000000270feb4 method=com.android.dx.cf.code.Merger.mergeType(Lcom/android/dx/rop/type/TypeBearer;Lcom/android/dx/rop/type/TypeBearer;)Lcom/android/dx/rop/type/TypeBearer; @ 52
Event: 4.391 Thread 0x0000000002002800 Uncommon trap: reason=bimorphic action=maybe_recompile pc=0x00000000028c8910 method=com.android.dx.cf.code.BytecodeArray.parseInstruction(ILcom/android/dx/cf/code/BytecodeArray$Visitor;)I @ 1501
Event: 4.391 Thread 0x0000000002002800 Uncommon trap: reason=bimorphic action=maybe_recompile pc=0x00000000028c8910 method=com.android.dx.cf.code.BytecodeArray.parseInstruction(ILcom/android/dx/cf/code/BytecodeArray$Visitor;)I @ 1501
Event: 5.615 Thread 0x0000000002002800 Uncommon trap: reason=unstable_if action=reinterpret pc=0x0000000002958e1c method=com.android.dx.ssa.back.IdenticalBlockCombiner.replaceSucc(Lcom/android/dx/rop/code/BasicBlock;II)V @ 30
Event: 5.862 Thread 0x0000000002002800 Uncommon trap: reason=unstable_if action=reinterpret pc=0x0000000002977694 method=com.android.dx.ssa.MoveParamCombiner$1.visitNonMoveInsn(Lcom/android/dx/ssa/NormalSsaInsn;)V @ 27
Event: 7.729 Thread 0x0000000002002800 Uncommon trap: reason=bimorphic action=maybe_recompile pc=0x00000000028c8910 method=com.android.dx.cf.code.BytecodeArray.parseInstruction(ILcom/android/dx/cf/code/BytecodeArray$Visitor;)I @ 1501
Event: 7.729 Thread 0x0000000002002800 Uncommon trap: reason=bimorphic action=maybe_recompile pc=0x00000000028c8910 method=com.android.dx.cf.code.BytecodeArray.parseInstruction(ILcom/android/dx/cf/code/BytecodeArray$Visitor;)I @ 1501

Internal exceptions (5 events):
Event: 0.206 Thread 0x0000000002002800 Exception <a 'java/lang/NoSuchMethodError': Method sun.misc.Unsafe.defineClass(Ljava/lang/String;[BII)Ljava/lang/Class; name or signature does not match> (0x00000000eab07cc0) thrown at [D:\re\workspace\8-2-build-windows-amd64-cygwin\jdk8u92\6642\hotspot\sr¶Ý©Ô5]Ê?
Event: 0.206 Thread 0x0000000002002800 Exception <a 'java/lang/NoSuchMethodError': Method sun.misc.Unsafe.prefetchRead(Ljava/lang/Object;J)V name or signature does not match> (0x00000000eab07fa8) thrown at [D:\re\workspace\8-2-build-windows-amd64-cygwin\jdk8u92\6642\hotspot\src\share\vm\prims\j)±û¬c
Event: 2.009 Thread 0x000000001631d800 Exception <a 'java/lang/ArrayIndexOutOfBoundsException': 18> (0x00000000ec52eb20) thrown at [D:\re\workspace\8-2-build-windows-amd64-cygwin\jdk8u92\6642\hotspot\src\share\vm\interpreter\interpreterRuntime.cpp, line 366]
Event: 2.011 Thread 0x000000001631d800 Exception <a 'java/lang/ArrayIndexOutOfBoundsException'> (0x00000000ec5306a0) thrown at [D:\re\workspace\8-2-build-windows-amd64-cygwin\jdk8u92\6642\hotspot\src\share\vm\runtime\sharedRuntime.cpp, line 605]
Event: 2.011 Thread 0x000000001631d800 Exception <a 'java/lang/ArrayIndexOutOfBoundsException'> (0x00000000ec531988) thrown at [D:\re\workspace\8-2-build-windows-amd64-cygwin\jdk8u92\6642\hotspot\src\share\vm\runtime\sharedRuntime.cpp, line 605]

Events (10 events):
Event: 7.922 Thread 0x00000000162aa800 DEOPT UNPACKING pc=0x000000000214787f sp=0x0000000016a3e6a0 mode 0
Event: 7.924 Thread 0x00000000162aa800 DEOPT PACKING pc=0x000000000265ccbc sp=0x0000000016a3ea70
Event: 7.924 Thread 0x00000000162aa800 DEOPT UNPACKING pc=0x000000000214787f sp=0x0000000016a3e7f0 mode 0
Event: 7.937 Executing VM operation: ParallelGCFailedAllocation
Event: 7.973 Executing VM operation: ParallelGCFailedAllocation done
Event: 7.975 loading class java/util/HashMap$KeySet
Event: 7.975 loading class java/util/HashMap$KeySet done
Event: 7.975 loading class java/util/HashMap$KeyIterator
Event: 7.975 loading class java/util/HashMap$KeyIterator done
Event: 7.993 Executing VM operation: ParallelGCFailedAllocation


Dynamic libraries:
0x00007ff784500000 - 0x00007ff784537000 	C:\Program Files\Java\jdk1.8.0_92\bin\java.exe
0x00007ffbfef50000 - 0x00007ffbff0fa000 	C:\Windows\SYSTEM32\ntdll.dll
0x00007ffbfcfd0000 - 0x00007ffbfd10a000 	C:\Windows\system32\KERNEL32.DLL
0x00007ffbfc670000 - 0x00007ffbfc77f000 	C:\Windows\system32\KERNELBASE.dll
0x00007ffbfaef0000 - 0x00007ffbfaf78000 	C:\Windows\system32\apphelp.dll
0x00007ffbe0910000 - 0x00007ffbe095f000 	C:\Windows\AppPatch\AppPatch64\AcGenral.DLL
0x00007ffbfd110000 - 0x00007ffbfd1b7000 	C:\Windows\system32\msvcrt.dll
0x00007ffbfc100000 - 0x00007ffbfc12b000 	C:\Windows\SYSTEM32\SspiCli.dll
0x00007ffbfc7d0000 - 0x00007ffbfc821000 	C:\Windows\system32\SHLWAPI.dll
0x00007ffbfcce0000 - 0x00007ffbfce51000 	C:\Windows\system32\USER32.dll
0x00007ffbfe9d0000 - 0x00007ffbfeb48000 	C:\Windows\system32\ole32.dll
0x00007ffbfd1d0000 - 0x00007ffbfe5e7000 	C:\Windows\system32\SHELL32.dll
0x00007ffbfb930000 - 0x00007ffbfb94e000 	C:\Windows\SYSTEM32\USERENV.dll
0x00007ffbfcb20000 - 0x00007ffbfcbc5000 	C:\Windows\system32\ADVAPI32.dll
0x00007ffbf7330000 - 0x00007ffbf734b000 	C:\Windows\SYSTEM32\MPR.dll
0x00007ffbfeba0000 - 0x00007ffbfecd6000 	C:\Windows\system32\RPCRT4.dll
0x00007ffbfcc80000 - 0x00007ffbfccd7000 	C:\Windows\SYSTEM32\sechost.dll
0x00007ffbfed70000 - 0x00007ffbfef46000 	C:\Windows\SYSTEM32\combase.dll
0x00007ffbfc890000 - 0x00007ffbfc9d5000 	C:\Windows\system32\GDI32.dll
0x00007ffbfc2c0000 - 0x00007ffbfc2d4000 	C:\Windows\SYSTEM32\profapi.dll
0x00007ffbfa920000 - 0x00007ffbfa9bf000 	C:\Windows\SYSTEM32\SHCORE.dll
0x00007ffbfeb50000 - 0x00007ffbfeb84000 	C:\Windows\system32\IMM32.DLL
0x00007ffbfc9e0000 - 0x00007ffbfcb19000 	C:\Windows\system32\MSCTF.dll
0x00007ffbfa0a0000 - 0x00007ffbfa2fa000 	C:\Windows\WinSxS\amd64_microsoft.windows.common-controls_6595b64144ccf1df_6.0.9600.17031_none_6242a4b3ecbb55a1\COMCTL32.dll
0x000000005e6d0000 - 0x000000005e7a2000 	C:\Program Files\Java\jdk1.8.0_92\jre\bin\msvcr100.dll
0x000000005eb60000 - 0x000000005f3f6000 	C:\Program Files\Java\jdk1.8.0_92\jre\bin\server\jvm.dll
0x00007ffbe9090000 - 0x00007ffbe9099000 	C:\Windows\SYSTEM32\WSOCK32.dll
0x00007ffbeeae0000 - 0x00007ffbeeaff000 	C:\Windows\SYSTEM32\WINMM.dll
0x00007ffbf9fd0000 - 0x00007ffbf9fda000 	C:\Windows\SYSTEM32\VERSION.dll
0x00007ffbfd1c0000 - 0x00007ffbfd1c7000 	C:\Windows\system32\PSAPI.DLL
0x00007ffbfe5f0000 - 0x00007ffbfe648000 	C:\Windows\system32\WS2_32.dll
0x00007ffbee9f0000 - 0x00007ffbeea1a000 	C:\Windows\SYSTEM32\WINMMBASE.dll
0x00007ffbfeb90000 - 0x00007ffbfeb99000 	C:\Windows\system32\NSI.dll
0x00007ffbfc780000 - 0x00007ffbfc7ca000 	C:\Windows\SYSTEM32\cfgmgr32.dll
0x00007ffbfb140000 - 0x00007ffbfb166000 	C:\Windows\SYSTEM32\DEVOBJ.dll
0x000000005eb50000 - 0x000000005eb5f000 	C:\Program Files\Java\jdk1.8.0_92\jre\bin\verify.dll
0x000000005eb20000 - 0x000000005eb49000 	C:\Program Files\Java\jdk1.8.0_92\jre\bin\java.dll
0x000000005eb00000 - 0x000000005eb16000 	C:\Program Files\Java\jdk1.8.0_92\jre\bin\zip.dll

VM Arguments:
jvm_args: -Djava.awt.headless=true -Xmx1024M -Dfile.encoding=windows-1252 -Duser.country=US -Duser.language=en -Duser.variant 
java_command: com.android.dx.command.Main --dex --force-jumbo --num-threads=4 --output C:\Zooket\app\build\intermediates\pre-dexed\debug\com.google.android.gms-play-services-ads-9.0.1_a213d0cf920b8fe9c76e548f5c02fedff6d4ca15.jar C:\Zooket\app\build\intermediates\exploded-aar\com.google.android.gms\play-services-ads\9.0.1\jars\classes.jar
java_class_path (initial): C:\android-sdk-windows\build-tools\24.0.3\lib\dx.jar
Launcher Type: SUN_STANDARD

Environment Variables:
PATH=C:\ProgramData\Oracle\Java\javapath;C:\Windows\system32;C:\Windows;C:\Windows\System32\Wbem;C:\Windows\System32\WindowsPowerShell\v1.0\;C:\Program Files (x86)\NVIDIA Corporation\PhysX\Common;C:\Program Files (x86)\Windows Kits\8.1\Windows Performance Toolkit\;C:\Program Files\Microsoft SQL Server\110\Tools\Binn\;C:\Program Files\Microsoft SQL Server\110\DTS\Binn\;C:\Program Files (x86)\Microsoft SQL Server\110\Tools\Binn\;C:\Program Files (x86)\Microsoft SQL Server\110\Tools\Binn\ManagementStudio\;C:\Program Files (x86)\Microsoft Visual Studio 10.0\Common7\IDE\PrivateAssemblies\;C:\Program Files (x86)\Microsoft SQL Server\110\DTS\Binn\;C:\Program Files (x86)\GtkSharp\2.12\bin;C:\Program Files (x86)\QuickTime\QTSystem\
USERNAME=Smo
OS=Windows_NT
PROCESSOR_IDENTIFIER=Intel64 Family 6 Model 94 Stepping 3, GenuineIntel



---------------  S Y S T E M  ---------------

OS: Windows 8.1 , 64 bit Build 9600 (6.3.9600.17056)

CPU:total 4 (4 cores per cpu, 1 threads per core) family 6 model 94 stepping 3, cmov, cx8, fxsr, mmx, sse, sse2, sse3, ssse3, sse4.1, sse4.2, popcnt, avx, avx2, aes, clmul, erms, 3dnowpref, lzcnt, tsc, tscinvbit, bmi1, bmi2, adx

Memory: 4k page, physical 8266404k(890828k free), swap 8266404k(5148k free)

vm_info: Java HotSpot(TM) 64-Bit Server VM (25.92-b14) for windows-amd64 JRE (1.8.0_92-b14), built on Mar 31 2016 21:03:04 by "java_re" with MS VC++ 10.0 (VS2010)

time: Thu May 11 18:03:41 2017
elapsed time: 8 seconds (0d 0h 0m 8s)

