#
# There is insufficient memory for the Java Runtime Environment to continue.
# Native memory allocation (malloc) failed to allocate 131088 bytes for Chunk::new
# Possible reasons:
#   The system is out of physical RAM or swap space
#   In 32 bit mode, the process size limit was hit
# Possible solutions:
#   Reduce memory load on the system
#   Increase physical memory or swap space
#   Check if swap backing store is full
#   Use 64 bit Java on a 64 bit OS
#   Decrease Java heap size (-Xmx/-Xms)
#   Decrease number of Java threads
#   Decrease Java thread stack sizes (-Xss)
#   Set larger code cache with -XX:ReservedCodeCacheSize=
# This output file may be truncated or incomplete.
#
#  Out of Memory Error (allocation.cpp:390), pid=6572, tid=0x00000000000018d4
#
# JRE version: Java(TM) SE Runtime Environment (8.0_92-b14) (build 1.8.0_92-b14)
# Java VM: Java HotSpot(TM) 64-Bit Server VM (25.92-b14 mixed mode windows-amd64 compressed oops)
# Failed to write core dump. Minidumps are not enabled by default on client versions of Windows
#

---------------  T H R E A D  ---------------

Current thread (0x0000000014df7000):  JavaThread "C2 CompilerThread1" daemon [_thread_in_native, id=6356, stack(0x00000000164f0000,0x00000000165f0000)]

Stack: [0x00000000164f0000,0x00000000165f0000]
[error occurred during error reporting (printing stack bounds), id 0xc0000005]

Native frames: (J=compiled Java code, j=interpreted, Vv=VM code, C=native code)


Current CompileTask:
C2:   6153 2027 %     4       com.android.dx.ssa.ConstCollector::getConstsSortedByCountUse @ 27 (386 bytes)


---------------  P R O C E S S  ---------------

Java Threads: ( => current thread )
  0x0000000016889800 JavaThread "pool-1-thread-4" [_thread_blocked, id=5676, stack(0x00000000170f0000,0x00000000171f0000)]
  0x0000000016888800 JavaThread "pool-1-thread-3" [_thread_in_Java, id=10008, stack(0x0000000016ff0000,0x00000000170f0000)]
  0x0000000016887800 JavaThread "pool-1-thread-2" [_thread_in_Java, id=6596, stack(0x0000000016ef0000,0x0000000016ff0000)]
  0x00000000168b5000 JavaThread "pool-2-thread-1" [_thread_blocked, id=5948, stack(0x0000000016df0000,0x0000000016ef0000)]
  0x00000000168af800 JavaThread "pool-1-thread-1" [_thread_in_Java, id=8612, stack(0x0000000016cf0000,0x0000000016df0000)]
  0x00000000165f6800 JavaThread "Service Thread" daemon [_thread_blocked, id=8000, stack(0x0000000016af0000,0x0000000016bf0000)]
  0x00000000165f1000 JavaThread "C1 CompilerThread2" daemon [_thread_blocked, id=8712, stack(0x00000000169f0000,0x0000000016af0000)]
=>0x0000000014df7000 JavaThread "C2 CompilerThread1" daemon [_thread_in_native, id=6356, stack(0x00000000164f0000,0x00000000165f0000)]
  0x0000000014d9e000 JavaThread "C2 CompilerThread0" daemon [_thread_blocked, id=4312, stack(0x00000000163f0000,0x00000000164f0000)]
  0x0000000014d9c000 JavaThread "Attach Listener" daemon [_thread_blocked, id=9512, stack(0x00000000162f0000,0x00000000163f0000)]
  0x0000000014d9a800 JavaThread "Signal Dispatcher" daemon [_thread_blocked, id=9644, stack(0x00000000161f0000,0x00000000162f0000)]
  0x0000000014d8a800 JavaThread "Finalizer" daemon [_thread_blocked, id=6616, stack(0x0000000016010000,0x0000000016110000)]
  0x00000000026c0800 JavaThread "Reference Handler" daemon [_thread_blocked, id=9576, stack(0x0000000015f10000,0x0000000016010000)]
  0x00000000025d2800 JavaThread "main" [_thread_in_native, id=7656, stack(0x0000000002400000,0x0000000002500000)]

Other Threads:
  0x0000000014d68800 VMThread [stack: 0x0000000015e10000,0x0000000015f10000] [id=9276]
  0x0000000016609800 WatcherThread [stack: 0x0000000016bf0000,0x0000000016cf0000] [id=6004]

VM state:not at safepoint (normal execution)

VM Mutex/Monitor currently owned by a thread: None

Heap:
 PSYoungGen      total 138240K, used 94580K [0x00000000eab00000, 0x0000000100000000, 0x0000000100000000)
  eden space 133120K, 71% used [0x00000000eab00000,0x00000000f075d0c8,0x00000000f2d00000)
  from space 5120K, 0% used [0x00000000f2d00000,0x00000000f2d00000,0x00000000f3200000)
  to   space 72192K, 0% used [0x00000000fb980000,0x00000000fb980000,0x0000000100000000)
 ParOldGen       total 112128K, used 111630K [0x00000000c0000000, 0x00000000c6d80000, 0x00000000eab00000)
  object space 112128K, 99% used [0x00000000c0000000,0x00000000c6d038d0,0x00000000c6d80000)
 Metaspace       used 6477K, capacity 7192K, committed 7424K, reserved 1056768K
  class space    used 623K, capacity 656K, committed 768K, reserved 1048576K

Card table byte_map: [0x0000000011a90000,0x0000000011ca0000] byte_map_base: 0x0000000011490000

Marking Bits: (ParMarkBitMap*) 0x00000000630f64f0
 Begin Bits: [0x0000000012200000, 0x0000000013200000)
 End Bits:   [0x0000000013200000, 0x0000000014200000)

Polling page: 0x0000000000b50000

CodeCache: size=245760Kb used=8822Kb max_used=8822Kb free=236937Kb
 bounds [0x00000000026d0000, 0x0000000002f80000, 0x00000000116d0000]
 total_blobs=2261 nmethods=1990 adapters=181
 compilation: enabled

Compilation events (10 events):
Event: 5.886 Thread 0x00000000165f1000 nmethod 2079 0x0000000002f67d10 code [0x0000000002f68000, 0x0000000002f68f88]
Event: 5.887 Thread 0x00000000165f1000 2080       2       com.android.dx.cf.iface.StdField::getConstantValue (28 bytes)
Event: 5.887 Thread 0x00000000165f1000 nmethod 2080 0x0000000002f6a510 code [0x0000000002f6a680, 0x0000000002f6a888]
Event: 5.887 Thread 0x00000000165f1000 2081       2       com.android.dx.dex.file.ClassDefItem::addStaticField (10 bytes)
Event: 5.887 Thread 0x00000000165f1000 nmethod 2081 0x0000000002f6a9d0 code [0x0000000002f6ab40, 0x0000000002f6aca8]
Event: 5.887 Thread 0x00000000165f1000 2082       2       com.android.dx.dex.file.EncodedField::hashCode (8 bytes)
Event: 5.888 Thread 0x00000000165f1000 nmethod 2082 0x0000000002f6ad90 code [0x0000000002f6af20, 0x0000000002f6b148]
Event: 5.889 Thread 0x00000000165f1000 2085       2       java.util.HashMap$TreeNode::getTreeNode (22 bytes)
Event: 5.889 Thread 0x00000000165f1000 nmethod 2085 0x0000000002f6b490 code [0x0000000002f6b600, 0x0000000002f6b7e8]
Event: 6.151 Thread 0x00000000165f1000 2089   !   2       com.android.dx.cf.direct.DirectClassFile$DcfTypeList::<init> (137 bytes)

GC Heap History (10 events):
Event: 3.097 GC heap before
{Heap before GC invocations=6 (full 1):
 PSYoungGen      total 138240K, used 5118K [0x00000000eab00000, 0x0000000100000000, 0x0000000100000000)
  eden space 133120K, 0% used [0x00000000eab00000,0x00000000eab00000,0x00000000f2d00000)
  from space 5120K, 99% used [0x00000000f2d00000,0x00000000f31ff888,0x00000000f3200000)
  to   space 72192K, 0% used [0x00000000fb980000,0x00000000fb980000,0x0000000100000000)
 ParOldGen       total 112128K, used 111680K [0x00000000c0000000, 0x00000000c6d80000, 0x00000000eab00000)
  object space 112128K, 99% used [0x00000000c0000000,0x00000000c6d10140,0x00000000c6d80000)
 Metaspace       used 6446K, capacity 7192K, committed 7424K, reserved 1056768K
  class space    used 622K, capacity 656K, committed 768K, reserved 1048576K
Event: 3.493 GC heap after
Heap after GC invocations=6 (full 1):
 PSYoungGen      total 138240K, used 0K [0x00000000eab00000, 0x0000000100000000, 0x0000000100000000)
  eden space 133120K, 0% used [0x00000000eab00000,0x00000000eab00000,0x00000000f2d00000)
  from space 5120K, 0% used [0x00000000f2d00000,0x00000000f2d00000,0x00000000f3200000)
  to   space 72192K, 0% used [0x00000000fb980000,0x00000000fb980000,0x0000000100000000)
 ParOldGen       total 112128K, used 103334K [0x00000000c0000000, 0x00000000c6d80000, 0x00000000eab00000)
  object space 112128K, 92% used [0x00000000c0000000,0x00000000c64e9820,0x00000000c6d80000)
 Metaspace       used 6446K, capacity 7192K, committed 7424K, reserved 1056768K
  class space    used 622K, capacity 656K, committed 768K, reserved 1048576K
}
Event: 3.708 GC heap before
{Heap before GC invocations=7 (full 2):
 PSYoungGen      total 138240K, used 133120K [0x00000000eab00000, 0x0000000100000000, 0x0000000100000000)
  eden space 133120K, 100% used [0x00000000eab00000,0x00000000f2d00000,0x00000000f2d00000)
  from space 5120K, 0% used [0x00000000f2d00000,0x00000000f2d00000,0x00000000f3200000)
  to   space 72192K, 0% used [0x00000000fb980000,0x00000000fb980000,0x0000000100000000)
 ParOldGen       total 112128K, used 103334K [0x00000000c0000000, 0x00000000c6d80000, 0x00000000eab00000)
  object space 112128K, 92% used [0x00000000c0000000,0x00000000c64e9820,0x00000000c6d80000)
 Metaspace       used 6462K, capacity 7192K, committed 7424K, reserved 1056768K
  class space    used 623K, capacity 656K, committed 768K, reserved 1048576K
Event: 3.912 GC heap after
Heap after GC invocations=7 (full 2):
 PSYoungGen      total 138240K, used 51266K [0x00000000eab00000, 0x0000000100000000, 0x0000000100000000)
  eden space 133120K, 38% used [0x00000000eab00000,0x00000000edd108e0,0x00000000f2d00000)
  from space 5120K, 0% used [0x00000000f2d00000,0x00000000f2d00000,0x00000000f3200000)
  to   space 72192K, 0% used [0x00000000fb980000,0x00000000fb980000,0x0000000100000000)
 ParOldGen       total 112128K, used 111642K [0x00000000c0000000, 0x00000000c6d80000, 0x00000000eab00000)
  object space 112128K, 99% used [0x00000000c0000000,0x00000000c6d068d8,0x00000000c6d80000)
 Metaspace       used 6462K, capacity 7192K, committed 7424K, reserved 1056768K
  class space    used 623K, capacity 656K, committed 768K, reserved 1048576K
}
Event: 3.983 GC heap before
{Heap before GC invocations=8 (full 3):
 PSYoungGen      total 138240K, used 133120K [0x00000000eab00000, 0x0000000100000000, 0x0000000100000000)
  eden space 133120K, 100% used [0x00000000eab00000,0x00000000f2d00000,0x00000000f2d00000)
  from space 5120K, 0% used [0x00000000f2d00000,0x00000000f2d00000,0x00000000f3200000)
  to   space 72192K, 0% used [0x00000000fb980000,0x00000000fb980000,0x0000000100000000)
 ParOldGen       total 112128K, used 111642K [0x00000000c0000000, 0x00000000c6d80000, 0x00000000eab00000)
  object space 112128K, 99% used [0x00000000c0000000,0x00000000c6d068d8,0x00000000c6d80000)
 Metaspace       used 6464K, capacity 7192K, committed 7424K, reserved 1056768K
  class space    used 623K, capacity 656K, committed 768K, reserved 1048576K
Event: 4.440 GC heap after
Heap after GC invocations=8 (full 3):
 PSYoungGen      total 138240K, used 78316K [0x00000000eab00000, 0x0000000100000000, 0x0000000100000000)
  eden space 133120K, 58% used [0x00000000eab00000,0x00000000ef77b3f8,0x00000000f2d00000)
  from space 5120K, 0% used [0x00000000f2d00000,0x00000000f2d00000,0x00000000f3200000)
  to   space 72192K, 0% used [0x00000000fb980000,0x00000000fb980000,0x0000000100000000)
 ParOldGen       total 112128K, used 111713K [0x00000000c0000000, 0x00000000c6d80000, 0x00000000eab00000)
  object space 112128K, 99% used [0x00000000c0000000,0x00000000c6d18520,0x00000000c6d80000)
 Metaspace       used 6464K, capacity 7192K, committed 7424K, reserved 1056768K
  class space    used 623K, capacity 656K, committed 768K, reserved 1048576K
}
Event: 5.255 GC heap before
{Heap before GC invocations=9 (full 4):
 PSYoungGen      total 138240K, used 133120K [0x00000000eab00000, 0x0000000100000000, 0x0000000100000000)
  eden space 133120K, 100% used [0x00000000eab00000,0x00000000f2d00000,0x00000000f2d00000)
  from space 5120K, 0% used [0x00000000f2d00000,0x00000000f2d00000,0x00000000f3200000)
  to   space 72192K, 0% used [0x00000000fb980000,0x00000000fb980000,0x0000000100000000)
 ParOldGen       total 112128K, used 111713K [0x00000000c0000000, 0x00000000c6d80000, 0x00000000eab00000)
  object space 112128K, 99% used [0x00000000c0000000,0x00000000c6d18520,0x00000000c6d80000)
 Metaspace       used 6471K, capacity 7192K, committed 7424K, reserved 1056768K
  class space    used 623K, capacity 656K, committed 768K, reserved 1048576K
Event: 5.756 GC heap after
Heap after GC invocations=9 (full 4):
 PSYoungGen      total 138240K, used 83180K [0x00000000eab00000, 0x0000000100000000, 0x0000000100000000)
  eden space 133120K, 62% used [0x00000000eab00000,0x00000000efc3b1f8,0x00000000f2d00000)
  from space 5120K, 0% used [0x00000000f2d00000,0x00000000f2d00000,0x00000000f3200000)
  to   space 72192K, 0% used [0x00000000fb980000,0x00000000fb980000,0x0000000100000000)
 ParOldGen       total 112128K, used 111630K [0x00000000c0000000, 0x00000000c6d80000, 0x00000000eab00000)
  object space 112128K, 99% used [0x00000000c0000000,0x00000000c6d03ab0,0x00000000c6d80000)
 Metaspace       used 6471K, capacity 7192K, committed 7424K, reserved 1056768K
  class space    used 623K, capacity 656K, committed 768K, reserved 1048576K
}
Event: 5.898 GC heap before
{Heap before GC invocations=10 (full 5):
 PSYoungGen      total 138240K, used 133120K [0x00000000eab00000, 0x0000000100000000, 0x0000000100000000)
  eden space 133120K, 100% used [0x00000000eab00000,0x00000000f2d00000,0x00000000f2d00000)
  from space 5120K, 0% used [0x00000000f2d00000,0x00000000f2d00000,0x00000000f3200000)
  to   space 72192K, 0% used [0x00000000fb980000,0x00000000fb980000,0x0000000100000000)
 ParOldGen       total 112128K, used 111630K [0x00000000c0000000, 0x00000000c6d80000, 0x00000000eab00000)
  object space 112128K, 99% used [0x00000000c0000000,0x00000000c6d03ab0,0x00000000c6d80000)
 Metaspace       used 6476K, capacity 7192K, committed 7424K, reserved 1056768K
  class space    used 623K, capacity 656K, committed 768K, reserved 1048576K
Event: 6.149 GC heap after
Heap after GC invocations=10 (full 5):
 PSYoungGen      total 138240K, used 90746K [0x00000000eab00000, 0x0000000100000000, 0x0000000100000000)
  eden space 133120K, 68% used [0x00000000eab00000,0x00000000f039eaf0,0x00000000f2d00000)
  from space 5120K, 0% used [0x00000000f2d00000,0x00000000f2d00000,0x00000000f3200000)
  to   space 72192K, 0% used [0x00000000fb980000,0x00000000fb980000,0x0000000100000000)
 ParOldGen       total 112128K, used 111630K [0x00000000c0000000, 0x00000000c6d80000, 0x00000000eab00000)
  object space 112128K, 99% used [0x00000000c0000000,0x00000000c6d038d0,0x00000000c6d80000)
 Metaspace       used 6476K, capacity 7192K, committed 7424K, reserved 1056768K
  class space    used 623K, capacity 656K, committed 768K, reserved 1048576K
}

Deoptimization events (10 events):
Event: 3.936 Thread 0x0000000016887800 Uncommon trap: reason=class_check action=maybe_recompile pc=0x0000000002eb4988 method=com.android.dx.ssa.SsaConverter.placePhiFunctions(Lcom/android/dx/ssa/SsaMethod;Lcom/android/dx/ssa/LocalVariableInfo;I)V @ 257
Event: 4.447 Thread 0x0000000016888800 Uncommon trap: reason=class_check action=maybe_recompile pc=0x0000000002eb4988 method=com.android.dx.ssa.SsaConverter.placePhiFunctions(Lcom/android/dx/ssa/SsaMethod;Lcom/android/dx/ssa/LocalVariableInfo;I)V @ 257
Event: 4.483 Thread 0x0000000016889800 Uncommon trap: reason=class_check action=maybe_recompile pc=0x0000000002eb4988 method=com.android.dx.ssa.SsaConverter.placePhiFunctions(Lcom/android/dx/ssa/SsaMethod;Lcom/android/dx/ssa/LocalVariableInfo;I)V @ 257
Event: 4.491 Thread 0x00000000025d2800 Uncommon trap: reason=unstable_if action=reinterpret pc=0x0000000002e63370 method=com.android.dx.ssa.DeadCodeRemover.pruneDeadInstructions()V @ 49
Event: 4.498 Thread 0x00000000025d2800 Uncommon trap: reason=speculate_class_check action=maybe_recompile pc=0x0000000002dc81c4 method=com.android.dx.rop.cst.TypedConstant.getBasicType()I @ 1
Event: 5.218 Thread 0x0000000016887800 Uncommon trap: reason=unstable_if action=reinterpret pc=0x0000000002abb2e8 method=com.android.dx.ssa.SetFactory.makeLivenessSet(I)Lcom/android/dx/util/IntSet; @ 4
Event: 5.222 Thread 0x0000000016887800 Uncommon trap: reason=class_check action=maybe_recompile pc=0x0000000002ac70dc method=com.android.dx.ssa.back.InterferenceGraph.add(II)V @ 19
Event: 5.222 Thread 0x0000000016887800 Uncommon trap: reason=class_check action=maybe_recompile pc=0x0000000002ac70dc method=com.android.dx.ssa.back.InterferenceGraph.add(II)V @ 19
Event: 5.222 Thread 0x0000000016887800 Uncommon trap: reason=class_check action=maybe_recompile pc=0x0000000002ac70dc method=com.android.dx.ssa.back.InterferenceGraph.add(II)V @ 19
Event: 5.222 Thread 0x0000000016887800 Uncommon trap: reason=class_check action=maybe_recompile pc=0x0000000002ac70dc method=com.android.dx.ssa.back.InterferenceGraph.add(II)V @ 19

Internal exceptions (6 events):
Event: 0.169 Thread 0x00000000025d2800 Exception <a 'java/lang/NoSuchMethodError': Method sun.misc.Unsafe.defineClass(Ljava/lang/String;[BII)Ljava/lang/Class; name or signature does not match> (0x00000000eab07cc0) thrown at [D:\re\workspace\8-2-build-windows-amd64-cygwin\jdk8u92\6642\hotspot\sr”(ºñ≈?
Event: 0.169 Thread 0x00000000025d2800 Exception <a 'java/lang/NoSuchMethodError': Method sun.misc.Unsafe.prefetchRead(Ljava/lang/Object;J)V name or signature does not match> (0x00000000eab07fa8) thrown at [D:\re\workspace\8-2-build-windows-amd64-cygwin\jdk8u92\6642\hotspot\src\share\vm\prims\jo¥Mc·Ò?
Event: 1.118 Thread 0x0000000016887800 Implicit null exception at 0x00000000029d4f22 to 0x00000000029d501a
Event: 2.034 Thread 0x0000000016887800 Exception <a 'java/lang/ArrayIndexOutOfBoundsException': 18> (0x00000000ec3cdab0) thrown at [D:\re\workspace\8-2-build-windows-amd64-cygwin\jdk8u92\6642\hotspot\src\share\vm\interpreter\interpreterRuntime.cpp, line 366]
Event: 2.034 Thread 0x0000000016887800 Exception <a 'java/lang/ArrayIndexOutOfBoundsException': 145> (0x00000000ec3cf630) thrown at [D:\re\workspace\8-2-build-windows-amd64-cygwin\jdk8u92\6642\hotspot\src\share\vm\interpreter\interpreterRuntime.cpp, line 366]
Event: 2.034 Thread 0x0000000016887800 Exception <a 'java/lang/ArrayIndexOutOfBoundsException'> (0x00000000ec3d0918) thrown at [D:\re\workspace\8-2-build-windows-amd64-cygwin\jdk8u92\6642\hotspot\src\share\vm\runtime\sharedRuntime.cpp, line 605]

Events (10 events):
Event: 5.772 Thread 0x0000000016887800 DEOPT PACKING pc=0x0000000002ab94ac sp=0x0000000016fee9f0
Event: 5.772 Thread 0x0000000016887800 DEOPT UNPACKING pc=0x000000000271787f sp=0x0000000016fee770 mode 0
Event: 5.779 Thread 0x0000000016887800 DEOPT PACKING pc=0x0000000002ab94ac sp=0x0000000016fee940
Event: 5.779 Thread 0x0000000016887800 DEOPT UNPACKING pc=0x000000000271787f sp=0x0000000016fee6c0 mode 0
Event: 5.783 Thread 0x0000000016887800 DEOPT PACKING pc=0x0000000002ab0fdf sp=0x0000000016fee940
Event: 5.783 Thread 0x0000000016887800 DEOPT UNPACKING pc=0x000000000271787f sp=0x0000000016fee750 mode 0
Event: 5.879 Thread 0x00000000025d2800 DEOPT PACKING pc=0x0000000002ab0fdf sp=0x00000000024fdde0
Event: 5.879 Thread 0x00000000025d2800 DEOPT UNPACKING pc=0x000000000271787f sp=0x00000000024fdbf0 mode 0
Event: 5.896 Executing VM operation: ParallelGCFailedAllocation
Event: 6.149 Executing VM operation: ParallelGCFailedAllocation done


Dynamic libraries:
0x00007ff7caf40000 - 0x00007ff7caf77000 	C:\Program Files\Java\jdk1.8.0_92\bin\java.exe
0x00007fffb8b40000 - 0x00007fffb8cea000 	C:\Windows\SYSTEM32\ntdll.dll
0x00007fffb8550000 - 0x00007fffb868a000 	C:\Windows\system32\KERNEL32.DLL
0x00007fffb5f80000 - 0x00007fffb608f000 	C:\Windows\system32\KERNELBASE.dll
0x00007fffb4ae0000 - 0x00007fffb4b68000 	C:\Windows\system32\apphelp.dll
0x00007fffa3610000 - 0x00007fffa365f000 	C:\Windows\AppPatch\AppPatch64\AcGenral.DLL
0x00007fffb6510000 - 0x00007fffb65b7000 	C:\Windows\system32\msvcrt.dll
0x00007fffb5cf0000 - 0x00007fffb5d1b000 	C:\Windows\SYSTEM32\SspiCli.dll
0x00007fffb6fa0000 - 0x00007fffb6ff1000 	C:\Windows\system32\SHLWAPI.dll
0x00007fffb6aa0000 - 0x00007fffb6c11000 	C:\Windows\system32\USER32.dll
0x00007fffb6e10000 - 0x00007fffb6f88000 	C:\Windows\system32\ole32.dll
0x00007fffb7110000 - 0x00007fffb8527000 	C:\Windows\system32\SHELL32.dll
0x00007fffb5520000 - 0x00007fffb553e000 	C:\Windows\SYSTEM32\USERENV.dll
0x00007fffb65c0000 - 0x00007fffb6665000 	C:\Windows\system32\ADVAPI32.dll
0x00007fffb12f0000 - 0x00007fffb130b000 	C:\Windows\SYSTEM32\MPR.dll
0x00007fffb8760000 - 0x00007fffb8896000 	C:\Windows\system32\RPCRT4.dll
0x00007fffb8690000 - 0x00007fffb86e7000 	C:\Windows\SYSTEM32\sechost.dll
0x00007fffb6670000 - 0x00007fffb6846000 	C:\Windows\SYSTEM32\combase.dll
0x00007fffb6950000 - 0x00007fffb6a95000 	C:\Windows\system32\GDI32.dll
0x00007fffb5eb0000 - 0x00007fffb5ec4000 	C:\Windows\SYSTEM32\profapi.dll
0x00007fffb4510000 - 0x00007fffb45af000 	C:\Windows\SYSTEM32\SHCORE.dll
0x00007fffb6c20000 - 0x00007fffb6c54000 	C:\Windows\system32\IMM32.DLL
0x00007fffb63c0000 - 0x00007fffb64f9000 	C:\Windows\system32\MSCTF.dll
0x00007fffb3c90000 - 0x00007fffb3eea000 	C:\Windows\WinSxS\amd64_microsoft.windows.common-controls_6595b64144ccf1df_6.0.9600.17031_none_6242a4b3ecbb55a1\COMCTL32.dll
0x00000000621d0000 - 0x00000000622a2000 	C:\Program Files\Java\jdk1.8.0_92\jre\bin\msvcr100.dll
0x00000000628e0000 - 0x0000000063176000 	C:\Program Files\Java\jdk1.8.0_92\jre\bin\server\jvm.dll
0x00007fffb1b10000 - 0x00007fffb1b19000 	C:\Windows\SYSTEM32\WSOCK32.dll
0x00007ffface60000 - 0x00007ffface7f000 	C:\Windows\SYSTEM32\WINMM.dll
0x00007fffb3bc0000 - 0x00007fffb3bca000 	C:\Windows\SYSTEM32\VERSION.dll
0x00007fffb8750000 - 0x00007fffb8757000 	C:\Windows\system32\PSAPI.DLL
0x00007fffb7000000 - 0x00007fffb7058000 	C:\Windows\system32\WS2_32.dll
0x00007fffaa9e0000 - 0x00007fffaaa0a000 	C:\Windows\SYSTEM32\WINMMBASE.dll
0x00007fffb6f90000 - 0x00007fffb6f99000 	C:\Windows\system32\NSI.dll
0x00007fffb6370000 - 0x00007fffb63ba000 	C:\Windows\SYSTEM32\cfgmgr32.dll
0x00007fffb4d30000 - 0x00007fffb4d56000 	C:\Windows\SYSTEM32\DEVOBJ.dll
0x0000000063470000 - 0x000000006347f000 	C:\Program Files\Java\jdk1.8.0_92\jre\bin\verify.dll
0x0000000063440000 - 0x0000000063469000 	C:\Program Files\Java\jdk1.8.0_92\jre\bin\java.dll
0x0000000063420000 - 0x0000000063436000 	C:\Program Files\Java\jdk1.8.0_92\jre\bin\zip.dll

VM Arguments:
jvm_args: -Djava.awt.headless=true -Xmx1024M -Dfile.encoding=windows-1252 -Duser.country=US -Duser.language=en -Duser.variant 
java_command: com.android.dx.command.Main --dex --force-jumbo --num-threads=4 --output C:\Zooket\app\build\intermediates\pre-dexed\debug\com.google.android.gms-play-services-ads-9.0.1_a213d0cf920b8fe9c76e548f5c02fedff6d4ca15.jar C:\Zooket\app\build\intermediates\exploded-aar\com.google.android.gms\play-services-ads\9.0.1\jars\classes.jar
java_class_path (initial): C:\android-sdk-windows\build-tools\24.0.3\lib\dx.jar
Launcher Type: SUN_STANDARD

Environment Variables:
PATH=C:\ProgramData\Oracle\Java\javapath;C:\Windows\system32;C:\Windows;C:\Windows\System32\Wbem;C:\Windows\System32\WindowsPowerShell\v1.0\;C:\Program Files (x86)\NVIDIA Corporation\PhysX\Common;C:\Program Files (x86)\Windows Kits\8.1\Windows Performance Toolkit\;C:\Program Files\Microsoft SQL Server\110\Tools\Binn\;C:\Program Files\Microsoft SQL Server\110\DTS\Binn\;C:\Program Files (x86)\Microsoft SQL Server\110\Tools\Binn\;C:\Program Files (x86)\Microsoft SQL Server\110\Tools\Binn\ManagementStudio\;C:\Program Files (x86)\Microsoft Visual Studio 10.0\Common7\IDE\PrivateAssemblies\;C:\Program Files (x86)\Microsoft SQL Server\110\DTS\Binn\;C:\Program Files (x86)\GtkSharp\2.12\bin;C:\Program Files (x86)\QuickTime\QTSystem\
USERNAME=Smo
OS=Windows_NT
PROCESSOR_IDENTIFIER=Intel64 Family 6 Model 94 Stepping 3, GenuineIntel



---------------  S Y S T E M  ---------------

OS: Windows 8.1 , 64 bit Build 9600 (6.3.9600.17056)

CPU:total 4 (4 cores per cpu, 1 threads per core) family 6 model 94 stepping 3, cmov, cx8, fxsr, mmx, sse, sse2, sse3, ssse3, sse4.1, sse4.2, popcnt, avx, avx2, aes, clmul, erms, 3dnowpref, lzcnt, tsc, tscinvbit, bmi1, bmi2, adx

Memory: 4k page, physical 8266404k(1342628k free), swap 8266404k(5188k free)

vm_info: Java HotSpot(TM) 64-Bit Server VM (25.92-b14) for windows-amd64 JRE (1.8.0_92-b14), built on Mar 31 2016 21:03:04 by "java_re" with MS VC++ 10.0 (VS2010)

time: Mon May 22 00:18:57 2017
elapsed time: 6 seconds (0d 0h 0m 6s)

