#
# There is insufficient memory for the Java Runtime Environment to continue.
# Native memory allocation (malloc) failed to allocate 32744 bytes for ChunkPool::allocate
# Possible reasons:
#   The system is out of physical RAM or swap space
#   In 32 bit mode, the process size limit was hit
# Possible solutions:
#   Reduce memory load on the system
#   Increase physical memory or swap space
#   Check if swap backing store is full
#   Use 64 bit Java on a 64 bit OS
#   Decrease Java heap size (-Xmx/-Xms)
#   Decrease number of Java threads
#   Decrease Java thread stack sizes (-Xss)
#   Set larger code cache with -XX:ReservedCodeCacheSize=
# This output file may be truncated or incomplete.
#
#  Out of Memory Error (allocation.cpp:273), pid=10108, tid=0x0000000000001b00
#
# JRE version: Java(TM) SE Runtime Environment (8.0_92-b14) (build 1.8.0_92-b14)
# Java VM: Java HotSpot(TM) 64-Bit Server VM (25.92-b14 mixed mode windows-amd64 compressed oops)
# Failed to write core dump. Minidumps are not enabled by default on client versions of Windows
#

---------------  T H R E A D  ---------------

Current thread (0x0000000014f2e000):  JavaThread "C2 CompilerThread0" daemon [_thread_in_native, id=6912, stack(0x0000000016580000,0x0000000016680000)]

Stack: [0x0000000016580000,0x0000000016680000]
[error occurred during error reporting (printing stack bounds), id 0xc0000005]

Native frames: (J=compiled Java code, j=interpreted, Vv=VM code, C=native code)


Current CompileTask:
C2:   1757 1194   !   4       com.android.dx.cf.code.BytecodeArray::parseInstruction (2764 bytes)


---------------  P R O C E S S  ---------------

Java Threads: ( => current thread )
  0x0000000016b06000 JavaThread "pool-1-thread-4" [_thread_blocked, id=5732, stack(0x0000000017280000,0x0000000017380000)]
  0x0000000016b05800 JavaThread "pool-1-thread-3" [_thread_in_Java, id=3156, stack(0x0000000017180000,0x0000000017280000)]
  0x0000000016b04000 JavaThread "pool-1-thread-2" [_thread_blocked, id=6888, stack(0x0000000017080000,0x0000000017180000)]
  0x0000000016b6c000 JavaThread "pool-2-thread-1" [_thread_blocked, id=3584, stack(0x0000000016f80000,0x0000000017080000)]
  0x0000000016b69800 JavaThread "pool-1-thread-1" [_thread_in_Java, id=7480, stack(0x0000000016e80000,0x0000000016f80000)]
  0x0000000016884800 JavaThread "Service Thread" daemon [_thread_blocked, id=7004, stack(0x0000000016c80000,0x0000000016d80000)]
  0x0000000014f8c000 JavaThread "C1 CompilerThread2" daemon [_thread_in_native, id=332, stack(0x0000000016780000,0x0000000016880000)]
  0x0000000014f87800 JavaThread "C2 CompilerThread1" daemon [_thread_in_native, id=6904, stack(0x0000000016680000,0x0000000016780000)]
=>0x0000000014f2e000 JavaThread "C2 CompilerThread0" daemon [_thread_in_native, id=6912, stack(0x0000000016580000,0x0000000016680000)]
  0x0000000014f2c000 JavaThread "Attach Listener" daemon [_thread_blocked, id=8896, stack(0x0000000016480000,0x0000000016580000)]
  0x0000000014f2b000 JavaThread "Signal Dispatcher" daemon [_thread_blocked, id=8736, stack(0x0000000016380000,0x0000000016480000)]
  0x0000000014f1a800 JavaThread "Finalizer" daemon [_thread_blocked, id=3120, stack(0x00000000161a0000,0x00000000162a0000)]
  0x0000000002850800 JavaThread "Reference Handler" daemon [_thread_blocked, id=5040, stack(0x00000000160a0000,0x00000000161a0000)]
  0x0000000002762800 JavaThread "main" [_thread_blocked, id=2872, stack(0x0000000002660000,0x0000000002760000)]

Other Threads:
  0x0000000014ef8800 VMThread [stack: 0x0000000015fa0000,0x00000000160a0000] [id=1212]
  0x0000000016886800 WatcherThread [stack: 0x0000000016d80000,0x0000000016e80000] [id=2716]

VM state:not at safepoint (normal execution)

VM Mutex/Monitor currently owned by a thread: None

Heap:
 PSYoungGen      total 38400K, used 13700K [0x00000000eab00000, 0x00000000ed580000, 0x0000000100000000)
  eden space 33280K, 25% used [0x00000000eab00000,0x00000000eb366570,0x00000000ecb80000)
  from space 5120K, 99% used [0x00000000ecb80000,0x00000000ed07aad8,0x00000000ed080000)
  to   space 5120K, 0% used [0x00000000ed080000,0x00000000ed080000,0x00000000ed580000)
 ParOldGen       total 87552K, used 2244K [0x00000000c0000000, 0x00000000c5580000, 0x00000000eab00000)
  object space 87552K, 2% used [0x00000000c0000000,0x00000000c0231020,0x00000000c5580000)
 Metaspace       used 5975K, capacity 6898K, committed 7040K, reserved 1056768K
  class space    used 600K, capacity 618K, committed 640K, reserved 1048576K

Card table byte_map: [0x0000000011c20000,0x0000000011e30000] byte_map_base: 0x0000000011620000

Marking Bits: (ParMarkBitMap*) 0x00000000630f64f0
 Begin Bits: [0x0000000012390000, 0x0000000013390000)
 End Bits:   [0x0000000013390000, 0x0000000014390000)

Polling page: 0x0000000000e90000

CodeCache: size=245760Kb used=4643Kb max_used=4643Kb free=241117Kb
 bounds [0x0000000002860000, 0x0000000002cf0000, 0x0000000011860000]
 total_blobs=1459 nmethods=1190 adapters=182
 compilation: enabled

Compilation events (10 events):
Event: 1.756 Thread 0x0000000014f8c000 nmethod 1211 0x0000000002cdfc90 code [0x0000000002cdfe00, 0x0000000002ce0228]
Event: 1.756 Thread 0x0000000014f8c000 1197       3       java.lang.Character::forDigit (42 bytes)
Event: 1.756 Thread 0x0000000014f8c000 nmethod 1197 0x0000000002cdf790 code [0x0000000002cdf900, 0x0000000002cdfbb0]
Event: 1.756 Thread 0x0000000014f8c000 1180       3       com.android.dx.ssa.SsaMethod$1::visitPhiInsn (17 bytes)
Event: 1.756 Thread 0x0000000014f8c000 nmethod 1180 0x0000000002ceb510 code [0x0000000002ceb680, 0x0000000002ceba70]
Event: 1.756 Thread 0x0000000014f8c000 1190       3       java.util.RegularEnumSet::contains (57 bytes)
Event: 1.757 Thread 0x0000000014f8c000 nmethod 1190 0x0000000002cebc10 code [0x0000000002cebda0, 0x0000000002cec348]
Event: 1.757 Thread 0x0000000014f8c000 1207       3       com.android.dx.rop.code.Insn::canThrow (8 bytes)
Event: 1.757 Thread 0x0000000014f8c000 nmethod 1207 0x0000000002cec490 code [0x0000000002cec600, 0x0000000002cec968]
Event: 1.757 Thread 0x0000000014f8c000 1203       3       com.android.dx.util.ByteArray::getByte0 (12 bytes)

GC Heap History (2 events):
Event: 1.718 GC heap before
{Heap before GC invocations=1 (full 0):
 PSYoungGen      total 38400K, used 33280K [0x00000000eab00000, 0x00000000ed580000, 0x0000000100000000)
  eden space 33280K, 100% used [0x00000000eab00000,0x00000000ecb80000,0x00000000ecb80000)
  from space 5120K, 0% used [0x00000000ed080000,0x00000000ed080000,0x00000000ed580000)
  to   space 5120K, 0% used [0x00000000ecb80000,0x00000000ecb80000,0x00000000ed080000)
 ParOldGen       total 87552K, used 0K [0x00000000c0000000, 0x00000000c5580000, 0x00000000eab00000)
  object space 87552K, 0% used [0x00000000c0000000,0x00000000c0000000,0x00000000c5580000)
 Metaspace       used 5924K, capacity 6834K, committed 7040K, reserved 1056768K
  class space    used 600K, capacity 618K, committed 640K, reserved 1048576K
Event: 1.724 GC heap after
Heap after GC invocations=1 (full 0):
 PSYoungGen      total 38400K, used 5098K [0x00000000eab00000, 0x00000000ed580000, 0x0000000100000000)
  eden space 33280K, 0% used [0x00000000eab00000,0x00000000eab00000,0x00000000ecb80000)
  from space 5120K, 99% used [0x00000000ecb80000,0x00000000ed07aad8,0x00000000ed080000)
  to   space 5120K, 0% used [0x00000000ed080000,0x00000000ed080000,0x00000000ed580000)
 ParOldGen       total 87552K, used 2244K [0x00000000c0000000, 0x00000000c5580000, 0x00000000eab00000)
  object space 87552K, 2% used [0x00000000c0000000,0x00000000c0231020,0x00000000c5580000)
 Metaspace       used 5924K, capacity 6834K, committed 7040K, reserved 1056768K
  class space    used 600K, capacity 618K, committed 640K, reserved 1048576K
}

Deoptimization events (5 events):
Event: 1.065 Thread 0x0000000016b04000 Uncommon trap: reason=unstable_if action=reinterpret pc=0x0000000002a75c64 method=java.util.HashMap.getNode(ILjava/lang/Object;)Ljava/util/HashMap$Node; @ 129
Event: 1.478 Thread 0x0000000016b06000 Uncommon trap: reason=bimorphic action=maybe_recompile pc=0x0000000002b32368 method=java.util.HashMap.getNode(ILjava/lang/Object;)Ljava/util/HashMap$Node; @ 126
Event: 1.535 Thread 0x0000000016b69800 Uncommon trap: reason=unstable_if action=reinterpret pc=0x0000000002b75780 method=com.android.dx.rop.code.RegisterSpec.equals(ILcom/android/dx/rop/type/TypeBearer;Lcom/android/dx/rop/code/LocalItem;)Z @ 42
Event: 1.552 Thread 0x0000000016b69800 Uncommon trap: reason=null_check action=make_not_entrant pc=0x0000000002b940d4 method=com.android.dx.ssa.SsaRenamer.getLocalForNewReg(I)Lcom/android/dx/rop/code/LocalItem; @ 19
Event: 1.754 Thread 0x0000000016b05800 Uncommon trap: reason=unstable_if action=reinterpret pc=0x0000000002b5b05c method=com.android.dx.rop.cst.Constant.compareTo(Lcom/android/dx/rop/cst/Constant;)I @ 12

Internal exceptions (3 events):
Event: 0.124 Thread 0x0000000002762800 Exception <a 'java/lang/NoSuchMethodError': Method sun.misc.Unsafe.defineClass(Ljava/lang/String;[BII)Ljava/lang/Class; name or signature does not match> (0x00000000eab07cc0) thrown at [D:\re\workspace\8-2-build-windows-amd64-cygwin\jdk8u92\6642\hotspot\sr]<Šˆª¿?
Event: 0.124 Thread 0x0000000002762800 Exception <a 'java/lang/NoSuchMethodError': Method sun.misc.Unsafe.prefetchRead(Ljava/lang/Object;J)V name or signature does not match> (0x00000000eab07fa8) thrown at [D:\re\workspace\8-2-build-windows-amd64-cygwin\jdk8u92\6642\hotspot\src\share\vm\prims\jAÜ<•5Óø?
Event: 1.552 Thread 0x0000000016b69800 Implicit null exception at 0x0000000002b926f2 to 0x0000000002b9408d

Events (10 events):
Event: 1.724 Executing VM operation: ParallelGCFailedAllocation done
Event: 1.736 Thread 0x0000000016b04000 DEOPT PACKING pc=0x0000000002ba0350 sp=0x000000001717e840
Event: 1.736 Thread 0x0000000016b04000 DEOPT UNPACKING pc=0x00000000028a787f sp=0x000000001717e5d8 mode 0
Event: 1.746 Thread 0x0000000002762800 DEOPT PACKING pc=0x0000000002b9e13a sp=0x000000000275e250
Event: 1.746 Thread 0x0000000002762800 DEOPT UNPACKING pc=0x00000000028a787f sp=0x000000000275dfb8 mode 0
Event: 1.751 Thread 0x0000000016b06000 DEOPT PACKING pc=0x0000000002ba0350 sp=0x000000001737ec80
Event: 1.751 Thread 0x0000000016b06000 DEOPT UNPACKING pc=0x00000000028a787f sp=0x000000001737ea18 mode 0
Event: 1.754 Thread 0x0000000016b05800 Uncommon trap: trap_request=0xffffff65 fr.pc=0x0000000002b5b05c
Event: 1.754 Thread 0x0000000016b05800 DEOPT PACKING pc=0x0000000002b5b05c sp=0x000000001727eab0
Event: 1.754 Thread 0x0000000016b05800 DEOPT UNPACKING pc=0x00000000028a582a sp=0x000000001727ea50 mode 2


Dynamic libraries:
0x00007ff7caf40000 - 0x00007ff7caf77000 	C:\Program Files\Java\jdk1.8.0_92\bin\java.exe
0x00007fffb8b40000 - 0x00007fffb8cea000 	C:\Windows\SYSTEM32\ntdll.dll
0x00007fffb8550000 - 0x00007fffb868a000 	C:\Windows\system32\KERNEL32.DLL
0x00007fffb5f80000 - 0x00007fffb608f000 	C:\Windows\system32\KERNELBASE.dll
0x00007fffb4ae0000 - 0x00007fffb4b68000 	C:\Windows\system32\apphelp.dll
0x00007fffa31b0000 - 0x00007fffa31ff000 	C:\Windows\AppPatch\AppPatch64\AcGenral.DLL
0x00007fffb6510000 - 0x00007fffb65b7000 	C:\Windows\system32\msvcrt.dll
0x00007fffb5cf0000 - 0x00007fffb5d1b000 	C:\Windows\SYSTEM32\SspiCli.dll
0x00007fffb6fa0000 - 0x00007fffb6ff1000 	C:\Windows\system32\SHLWAPI.dll
0x00007fffb6aa0000 - 0x00007fffb6c11000 	C:\Windows\system32\USER32.dll
0x00007fffb6e10000 - 0x00007fffb6f88000 	C:\Windows\system32\ole32.dll
0x00007fffb7110000 - 0x00007fffb8527000 	C:\Windows\system32\SHELL32.dll
0x00007fffb5520000 - 0x00007fffb553e000 	C:\Windows\SYSTEM32\USERENV.dll
0x00007fffb65c0000 - 0x00007fffb6665000 	C:\Windows\system32\ADVAPI32.dll
0x00007fffb12f0000 - 0x00007fffb130b000 	C:\Windows\SYSTEM32\MPR.dll
0x00007fffb8760000 - 0x00007fffb8896000 	C:\Windows\system32\RPCRT4.dll
0x00007fffb8690000 - 0x00007fffb86e7000 	C:\Windows\SYSTEM32\sechost.dll
0x00007fffb6670000 - 0x00007fffb6846000 	C:\Windows\SYSTEM32\combase.dll
0x00007fffb6950000 - 0x00007fffb6a95000 	C:\Windows\system32\GDI32.dll
0x00007fffb5eb0000 - 0x00007fffb5ec4000 	C:\Windows\SYSTEM32\profapi.dll
0x00007fffb4510000 - 0x00007fffb45af000 	C:\Windows\SYSTEM32\SHCORE.dll
0x00007fffb6c20000 - 0x00007fffb6c54000 	C:\Windows\system32\IMM32.DLL
0x00007fffb63c0000 - 0x00007fffb64f9000 	C:\Windows\system32\MSCTF.dll
0x00007fffb3c90000 - 0x00007fffb3eea000 	C:\Windows\WinSxS\amd64_microsoft.windows.common-controls_6595b64144ccf1df_6.0.9600.17031_none_6242a4b3ecbb55a1\COMCTL32.dll
0x00000000621d0000 - 0x00000000622a2000 	C:\Program Files\Java\jdk1.8.0_92\jre\bin\msvcr100.dll
0x00000000628e0000 - 0x0000000063176000 	C:\Program Files\Java\jdk1.8.0_92\jre\bin\server\jvm.dll
0x00007fffb1b10000 - 0x00007fffb1b19000 	C:\Windows\SYSTEM32\WSOCK32.dll
0x00007ffface60000 - 0x00007ffface7f000 	C:\Windows\SYSTEM32\WINMM.dll
0x00007fffb3bc0000 - 0x00007fffb3bca000 	C:\Windows\SYSTEM32\VERSION.dll
0x00007fffb8750000 - 0x00007fffb8757000 	C:\Windows\system32\PSAPI.DLL
0x00007fffb7000000 - 0x00007fffb7058000 	C:\Windows\system32\WS2_32.dll
0x00007fffaa9e0000 - 0x00007fffaaa0a000 	C:\Windows\SYSTEM32\WINMMBASE.dll
0x00007fffb6f90000 - 0x00007fffb6f99000 	C:\Windows\system32\NSI.dll
0x00007fffb6370000 - 0x00007fffb63ba000 	C:\Windows\SYSTEM32\cfgmgr32.dll
0x00007fffb4d30000 - 0x00007fffb4d56000 	C:\Windows\SYSTEM32\DEVOBJ.dll
0x0000000063470000 - 0x000000006347f000 	C:\Program Files\Java\jdk1.8.0_92\jre\bin\verify.dll
0x0000000063440000 - 0x0000000063469000 	C:\Program Files\Java\jdk1.8.0_92\jre\bin\java.dll
0x0000000063420000 - 0x0000000063436000 	C:\Program Files\Java\jdk1.8.0_92\jre\bin\zip.dll

VM Arguments:
jvm_args: -Djava.awt.headless=true -Xmx1024M -Dfile.encoding=windows-1252 -Duser.country=US -Duser.language=en -Duser.variant 
java_command: com.android.dx.command.Main --dex --force-jumbo --num-threads=4 --output C:\Zooket\app\build\intermediates\pre-dexed\debug\okhttp-2.4.0_787f9e023d436507c0c01ed8a5465d0311a90b76.jar C:\Users\Smo\.gradle\caches\modules-2\files-2.1\com.squareup.okhttp\okhttp\2.4.0\40340c0748190fe897baf7bffbc1b282734294e5\okhttp-2.4.0.jar
java_class_path (initial): C:\android-sdk-windows\build-tools\24.0.3\lib\dx.jar
Launcher Type: SUN_STANDARD

Environment Variables:
PATH=C:\ProgramData\Oracle\Java\javapath;C:\Windows\system32;C:\Windows;C:\Windows\System32\Wbem;C:\Windows\System32\WindowsPowerShell\v1.0\;C:\Program Files (x86)\NVIDIA Corporation\PhysX\Common;C:\Program Files (x86)\Windows Kits\8.1\Windows Performance Toolkit\;C:\Program Files\Microsoft SQL Server\110\Tools\Binn\;C:\Program Files\Microsoft SQL Server\110\DTS\Binn\;C:\Program Files (x86)\Microsoft SQL Server\110\Tools\Binn\;C:\Program Files (x86)\Microsoft SQL Server\110\Tools\Binn\ManagementStudio\;C:\Program Files (x86)\Microsoft Visual Studio 10.0\Common7\IDE\PrivateAssemblies\;C:\Program Files (x86)\Microsoft SQL Server\110\DTS\Binn\;C:\Program Files (x86)\GtkSharp\2.12\bin;C:\Program Files (x86)\QuickTime\QTSystem\
USERNAME=Smo
OS=Windows_NT
PROCESSOR_IDENTIFIER=Intel64 Family 6 Model 94 Stepping 3, GenuineIntel



---------------  S Y S T E M  ---------------

OS: Windows 8.1 , 64 bit Build 9600 (6.3.9600.17056)

CPU:total 4 (4 cores per cpu, 1 threads per core) family 6 model 94 stepping 3, cmov, cx8, fxsr, mmx, sse, sse2, sse3, ssse3, sse4.1, sse4.2, popcnt, avx, avx2, aes, clmul, erms, 3dnowpref, lzcnt, tsc, tscinvbit, bmi1, bmi2, adx

Memory: 4k page, physical 8266404k(1317796k free), swap 8266404k(4952k free)

vm_info: Java HotSpot(TM) 64-Bit Server VM (25.92-b14) for windows-amd64 JRE (1.8.0_92-b14), built on Mar 31 2016 21:03:04 by "java_re" with MS VC++ 10.0 (VS2010)

time: Mon May 22 00:07:28 2017
elapsed time: 1 seconds (0d 0h 0m 1s)

