#
# There is insufficient memory for the Java Runtime Environment to continue.
# Native memory allocation (malloc) failed to allocate 32744 bytes for ChunkPool::allocate
# Possible reasons:
#   The system is out of physical RAM or swap space
#   In 32 bit mode, the process size limit was hit
# Possible solutions:
#   Reduce memory load on the system
#   Increase physical memory or swap space
#   Check if swap backing store is full
#   Use 64 bit Java on a 64 bit OS
#   Decrease Java heap size (-Xmx/-Xms)
#   Decrease number of Java threads
#   Decrease Java thread stack sizes (-Xss)
#   Set larger code cache with -XX:ReservedCodeCacheSize=
# This output file may be truncated or incomplete.
#
#  Out of Memory Error (allocation.cpp:273), pid=6176, tid=0x00000000000014e0
#
# JRE version: Java(TM) SE Runtime Environment (8.0_92-b14) (build 1.8.0_92-b14)
# Java VM: Java HotSpot(TM) 64-Bit Server VM (25.92-b14 mixed mode windows-amd64 compressed oops)
# Failed to write core dump. Minidumps are not enabled by default on client versions of Windows
#

---------------  T H R E A D  ---------------

Current thread (0x00000000152ce000):  JavaThread "C2 CompilerThread1" daemon [_thread_in_native, id=5344, stack(0x0000000016a00000,0x0000000016b00000)]

Stack: [0x0000000016a00000,0x0000000016b00000]
[error occurred during error reporting (printing stack bounds), id 0xc0000005]

Native frames: (J=compiled Java code, j=interpreted, Vv=VM code, C=native code)


Current CompileTask:
C2:   2672 1758       4       com.android.dx.cf.code.Simulator$SimVisitor::visitConstant (332 bytes)


---------------  P R O C E S S  ---------------

Java Threads: ( => current thread )
  0x000000001532d800 JavaThread "Service Thread" daemon [_thread_blocked, id=6944, stack(0x0000000017000000,0x0000000017100000)]
  0x00000000152d3000 JavaThread "C1 CompilerThread2" daemon [_thread_in_native, id=7716, stack(0x0000000016b00000,0x0000000016c00000)]
=>0x00000000152ce000 JavaThread "C2 CompilerThread1" daemon [_thread_in_native, id=5344, stack(0x0000000016a00000,0x0000000016b00000)]
  0x00000000152da000 JavaThread "C2 CompilerThread0" daemon [_thread_in_native, id=7192, stack(0x0000000016900000,0x0000000016a00000)]
  0x00000000152d8000 JavaThread "Attach Listener" daemon [_thread_blocked, id=672, stack(0x0000000016800000,0x0000000016900000)]
  0x00000000152d6800 JavaThread "Signal Dispatcher" daemon [_thread_blocked, id=4500, stack(0x0000000016700000,0x0000000016800000)]
  0x0000000002bfa800 JavaThread "Finalizer" daemon [_thread_blocked, id=2116, stack(0x0000000016520000,0x0000000016620000)]
  0x0000000015299000 JavaThread "Reference Handler" daemon [_thread_blocked, id=9060, stack(0x0000000016420000,0x0000000016520000)]
  0x0000000002b02800 JavaThread "main" [_thread_in_Java, id=7264, stack(0x00000000029f0000,0x0000000002af0000)]

Other Threads:
  0x0000000015297800 VMThread [stack: 0x0000000016320000,0x0000000016420000] [id=4616]
  0x0000000016c43000 WatcherThread [stack: 0x0000000017100000,0x0000000017200000] [id=6404]

VM state:not at safepoint (normal execution)

VM Mutex/Monitor currently owned by a thread: None

Heap:
 PSYoungGen      total 71680K, used 26476K [0x00000000eab00000, 0x00000000ef600000, 0x0000000100000000)
  eden space 66560K, 32% used [0x00000000eab00000,0x00000000ebfe1a78,0x00000000eec00000)
  from space 5120K, 99% used [0x00000000eec00000,0x00000000ef0f98b0,0x00000000ef100000)
  to   space 5120K, 0% used [0x00000000ef100000,0x00000000ef100000,0x00000000ef600000)
 ParOldGen       total 87552K, used 15780K [0x00000000c0000000, 0x00000000c5580000, 0x00000000eab00000)
  object space 87552K, 18% used [0x00000000c0000000,0x00000000c0f69060,0x00000000c5580000)
 Metaspace       used 6579K, capacity 7384K, committed 7680K, reserved 1056768K
  class space    used 619K, capacity 656K, committed 768K, reserved 1048576K

Card table byte_map: [0x0000000011fc0000,0x00000000121d0000] byte_map_base: 0x00000000119c0000

Marking Bits: (ParMarkBitMap*) 0x0000000064b864f0
 Begin Bits: [0x0000000012730000, 0x0000000013730000)
 End Bits:   [0x0000000013730000, 0x0000000014730000)

Polling page: 0x0000000001030000

CodeCache: size=245760Kb used=7380Kb max_used=7380Kb free=238379Kb
 bounds [0x0000000002c00000, 0x0000000003340000, 0x0000000011c00000]
 total_blobs=2214 nmethods=1945 adapters=181
 compilation: enabled

Compilation events (10 events):
Event: 2.639 Thread 0x00000000152d3000 nmethod 2019 0x00000000033316d0 code [0x0000000003331820, 0x0000000003331930]
Event: 2.639 Thread 0x00000000152d3000 2020       1       com.android.dx.dex.code.form.Form10t::codeSize (2 bytes)
Event: 2.639 Thread 0x00000000152d3000 nmethod 2020 0x0000000003331990 code [0x0000000003331ae0, 0x0000000003331bf0]
Event: 2.639 Thread 0x00000000152d3000 2029       1       com.android.dx.dex.code.form.Form12x::codeSize (2 bytes)
Event: 2.639 Thread 0x00000000152d3000 nmethod 2029 0x0000000003331c50 code [0x0000000003331da0, 0x0000000003331eb0]
Event: 2.669 Thread 0x00000000152d3000 2031 %     3       com.android.dx.dex.code.LocalList::make @ 16 (102 bytes)
Event: 2.670 Thread 0x00000000152d3000 nmethod 2031% 0x0000000003331f10 code [0x0000000003332160, 0x0000000003333218]
Event: 2.670 Thread 0x00000000152d3000 2032       3       com.android.dx.dex.code.LocalList$MakeState::snapshot (110 bytes)
Event: 2.670 Thread 0x00000000152d3000 nmethod 2032 0x00000000033338d0 code [0x0000000003333b80, 0x0000000003334e38]
Event: 2.670 Thread 0x00000000152d3000 2033 %     3       com.android.dx.dex.code.PositionList::make @ 73 (224 bytes)

GC Heap History (6 events):
Event: 0.776 GC heap before
{Heap before GC invocations=1 (full 0):
 PSYoungGen      total 38400K, used 33280K [0x00000000eab00000, 0x00000000ed580000, 0x0000000100000000)
  eden space 33280K, 100% used [0x00000000eab00000,0x00000000ecb80000,0x00000000ecb80000)
  from space 5120K, 0% used [0x00000000ed080000,0x00000000ed080000,0x00000000ed580000)
  to   space 5120K, 0% used [0x00000000ecb80000,0x00000000ecb80000,0x00000000ed080000)
 ParOldGen       total 87552K, used 0K [0x00000000c0000000, 0x00000000c5580000, 0x00000000eab00000)
  object space 87552K, 0% used [0x00000000c0000000,0x00000000c0000000,0x00000000c5580000)
 Metaspace       used 5912K, capacity 6834K, committed 7040K, reserved 1056768K
  class space    used 600K, capacity 618K, committed 640K, reserved 1048576K
Event: 0.799 GC heap after
Heap after GC invocations=1 (full 0):
 PSYoungGen      total 38400K, used 5107K [0x00000000eab00000, 0x00000000ef600000, 0x0000000100000000)
  eden space 33280K, 0% used [0x00000000eab00000,0x00000000eab00000,0x00000000ecb80000)
  from space 5120K, 99% used [0x00000000ecb80000,0x00000000ed07ce98,0x00000000ed080000)
  to   space 5120K, 0% used [0x00000000ef100000,0x00000000ef100000,0x00000000ef600000)
 ParOldGen       total 87552K, used 1230K [0x00000000c0000000, 0x00000000c5580000, 0x00000000eab00000)
  object space 87552K, 1% used [0x00000000c0000000,0x00000000c01338c8,0x00000000c5580000)
 Metaspace       used 5912K, capacity 6834K, committed 7040K, reserved 1056768K
  class space    used 600K, capacity 618K, committed 640K, reserved 1048576K
}
Event: 1.211 GC heap before
{Heap before GC invocations=2 (full 0):
 PSYoungGen      total 38400K, used 38387K [0x00000000eab00000, 0x00000000ef600000, 0x0000000100000000)
  eden space 33280K, 100% used [0x00000000eab00000,0x00000000ecb80000,0x00000000ecb80000)
  from space 5120K, 99% used [0x00000000ecb80000,0x00000000ed07ce98,0x00000000ed080000)
  to   space 5120K, 0% used [0x00000000ef100000,0x00000000ef100000,0x00000000ef600000)
 ParOldGen       total 87552K, used 1230K [0x00000000c0000000, 0x00000000c5580000, 0x00000000eab00000)
  object space 87552K, 1% used [0x00000000c0000000,0x00000000c01338c8,0x00000000c5580000)
 Metaspace       used 6159K, capacity 7026K, committed 7296K, reserved 1056768K
  class space    used 601K, capacity 618K, committed 640K, reserved 1048576K
Event: 1.333 GC heap after
Heap after GC invocations=2 (full 0):
 PSYoungGen      total 71680K, used 5095K [0x00000000eab00000, 0x00000000ef600000, 0x0000000100000000)
  eden space 66560K, 0% used [0x00000000eab00000,0x00000000eab00000,0x00000000eec00000)
  from space 5120K, 99% used [0x00000000ef100000,0x00000000ef5f9c78,0x00000000ef600000)
  to   space 5120K, 0% used [0x00000000eec00000,0x00000000eec00000,0x00000000ef100000)
 ParOldGen       total 87552K, used 5545K [0x00000000c0000000, 0x00000000c5580000, 0x00000000eab00000)
  object space 87552K, 6% used [0x00000000c0000000,0x00000000c056a570,0x00000000c5580000)
 Metaspace       used 6159K, capacity 7026K, committed 7296K, reserved 1056768K
  class space    used 601K, capacity 618K, committed 640K, reserved 1048576K
}
Event: 2.084 GC heap before
{Heap before GC invocations=3 (full 0):
 PSYoungGen      total 71680K, used 71655K [0x00000000eab00000, 0x00000000ef600000, 0x0000000100000000)
  eden space 66560K, 100% used [0x00000000eab00000,0x00000000eec00000,0x00000000eec00000)
  from space 5120K, 99% used [0x00000000ef100000,0x00000000ef5f9c78,0x00000000ef600000)
  to   space 5120K, 0% used [0x00000000eec00000,0x00000000eec00000,0x00000000ef100000)
 ParOldGen       total 87552K, used 5545K [0x00000000c0000000, 0x00000000c5580000, 0x00000000eab00000)
  object space 87552K, 6% used [0x00000000c0000000,0x00000000c056a570,0x00000000c5580000)
 Metaspace       used 6283K, capacity 7090K, committed 7296K, reserved 1056768K
  class space    used 601K, capacity 618K, committed 640K, reserved 1048576K
Event: 2.116 GC heap after
Heap after GC invocations=3 (full 0):
 PSYoungGen      total 71680K, used 5094K [0x00000000eab00000, 0x00000000ef600000, 0x0000000100000000)
  eden space 66560K, 0% used [0x00000000eab00000,0x00000000eab00000,0x00000000eec00000)
  from space 5120K, 99% used [0x00000000eec00000,0x00000000ef0f98b0,0x00000000ef100000)
  to   space 5120K, 0% used [0x00000000ef100000,0x00000000ef100000,0x00000000ef600000)
 ParOldGen       total 87552K, used 15780K [0x00000000c0000000, 0x00000000c5580000, 0x00000000eab00000)
  object space 87552K, 18% used [0x00000000c0000000,0x00000000c0f69060,0x00000000c5580000)
 Metaspace       used 6283K, capacity 7090K, committed 7296K, reserved 1056768K
  class space    used 601K, capacity 618K, committed 640K, reserved 1048576K
}

Deoptimization events (10 events):
Event: 2.491 Thread 0x0000000002b02800 Uncommon trap: reason=bimorphic action=maybe_recompile pc=0x0000000002e86dec method=java.util.HashMap.getNode(ILjava/lang/Object;)Ljava/util/HashMap$Node; @ 126
Event: 2.491 Thread 0x0000000002b02800 Uncommon trap: reason=bimorphic action=maybe_recompile pc=0x0000000002e86dec method=java.util.HashMap.getNode(ILjava/lang/Object;)Ljava/util/HashMap$Node; @ 126
Event: 2.492 Thread 0x0000000002b02800 Uncommon trap: reason=bimorphic action=maybe_recompile pc=0x0000000002eec944 method=java.util.HashMap.getNode(ILjava/lang/Object;)Ljava/util/HashMap$Node; @ 126
Event: 2.494 Thread 0x0000000002b02800 Uncommon trap: reason=class_check action=maybe_recompile pc=0x0000000003242cbc method=java.util.HashMap.putVal(ILjava/lang/Object;Ljava/lang/Object;ZZ)Ljava/lang/Object; @ 203
Event: 2.495 Thread 0x0000000002b02800 Uncommon trap: reason=class_check action=maybe_recompile pc=0x0000000003242cbc method=java.util.HashMap.putVal(ILjava/lang/Object;Ljava/lang/Object;ZZ)Ljava/lang/Object; @ 203
Event: 2.495 Thread 0x0000000002b02800 Uncommon trap: reason=class_check action=maybe_recompile pc=0x0000000003242cbc method=java.util.HashMap.putVal(ILjava/lang/Object;Ljava/lang/Object;ZZ)Ljava/lang/Object; @ 203
Event: 2.616 Thread 0x0000000002b02800 Uncommon trap: reason=speculate_class_check action=maybe_recompile pc=0x0000000002f7e5a8 method=com.android.dx.util.FixedSizeList.equals(Ljava/lang/Object;)Z @ 25
Event: 2.616 Thread 0x0000000002b02800 Uncommon trap: reason=speculate_class_check action=maybe_recompile pc=0x0000000002f7e5a8 method=com.android.dx.util.FixedSizeList.equals(Ljava/lang/Object;)Z @ 25
Event: 2.616 Thread 0x0000000002b02800 Uncommon trap: reason=speculate_class_check action=maybe_recompile pc=0x0000000002f7e5a8 method=com.android.dx.util.FixedSizeList.equals(Ljava/lang/Object;)Z @ 25
Event: 2.616 Thread 0x0000000002b02800 Uncommon trap: reason=speculate_class_check action=maybe_recompile pc=0x0000000002f7e5a8 method=com.android.dx.util.FixedSizeList.equals(Ljava/lang/Object;)Z @ 25

Internal exceptions (2 events):
Event: 0.030 Thread 0x0000000002b02800 Exception <a 'java/lang/NoSuchMethodError': Method sun.misc.Unsafe.defineClass(Ljava/lang/String;[BII)Ljava/lang/Class; name or signature does not match> (0x00000000eab07cc0) thrown at [D:\re\workspace\8-2-build-windows-amd64-cygwin\jdk8u92\6642\hotspot\srþKIž?
Event: 0.030 Thread 0x0000000002b02800 Exception <a 'java/lang/NoSuchMethodError': Method sun.misc.Unsafe.prefetchRead(Ljava/lang/Object;J)V name or signature does not match> (0x00000000eab07fa8) thrown at [D:\re\workspace\8-2-build-windows-amd64-cygwin\jdk8u92\6642\hotspot\src\share\vm\prims\j

Events (10 events):
Event: 2.616 Thread 0x0000000002b02800 DEOPT UNPACKING pc=0x0000000002c4582a sp=0x0000000002aeec10 mode 2
Event: 2.616 Thread 0x0000000002b02800 Uncommon trap: trap_request=0xffffff76 fr.pc=0x0000000002f7e5a8
Event: 2.616 Thread 0x0000000002b02800 DEOPT PACKING pc=0x0000000002f7e5a8 sp=0x0000000002aeec50
Event: 2.616 Thread 0x0000000002b02800 DEOPT UNPACKING pc=0x0000000002c4582a sp=0x0000000002aeec10 mode 2
Event: 2.616 loading class com/android/dx/dex/code/CatchTable$Entry
Event: 2.616 loading class com/android/dx/dex/code/CatchTable$Entry done
Event: 2.616 loading class com/android/dx/util/ByteArrayAnnotatedOutput
Event: 2.616 loading class com/android/dx/util/ByteArrayAnnotatedOutput done
Event: 2.623 loading class com/android/dx/rop/code/RegisterSpecList$Expander
Event: 2.623 loading class com/android/dx/rop/code/RegisterSpecList$Expander done


Dynamic libraries:
0x00007ff6479c0000 - 0x00007ff6479f7000 	C:\Program Files\Java\jdk1.8.0_92\bin\java.exe
0x00007ff9234b0000 - 0x00007ff92365a000 	C:\Windows\SYSTEM32\ntdll.dll
0x00007ff9231f0000 - 0x00007ff92332a000 	C:\Windows\system32\KERNEL32.DLL
0x00007ff920b70000 - 0x00007ff920c7f000 	C:\Windows\system32\KERNELBASE.dll
0x00007ff91f450000 - 0x00007ff91f4d8000 	C:\Windows\system32\apphelp.dll
0x00007ff8f6fb0000 - 0x00007ff8f6fff000 	C:\Windows\AppPatch\AppPatch64\AcGenral.DLL
0x00007ff922f70000 - 0x00007ff923017000 	C:\Windows\system32\msvcrt.dll
0x00007ff920660000 - 0x00007ff92068b000 	C:\Windows\SYSTEM32\SspiCli.dll
0x00007ff920d30000 - 0x00007ff920d81000 	C:\Windows\system32\SHLWAPI.dll
0x00007ff923330000 - 0x00007ff9234a1000 	C:\Windows\system32\USER32.dll
0x00007ff922950000 - 0x00007ff922ac8000 	C:\Windows\system32\ole32.dll
0x00007ff921530000 - 0x00007ff922947000 	C:\Windows\system32\SHELL32.dll
0x00007ff91fe90000 - 0x00007ff91feae000 	C:\Windows\SYSTEM32\USERENV.dll
0x00007ff923020000 - 0x00007ff9230c5000 	C:\Windows\system32\ADVAPI32.dll
0x00007ff91b780000 - 0x00007ff91b79b000 	C:\Windows\SYSTEM32\MPR.dll
0x00007ff922d50000 - 0x00007ff922e86000 	C:\Windows\system32\RPCRT4.dll
0x00007ff9212c0000 - 0x00007ff921317000 	C:\Windows\SYSTEM32\sechost.dll
0x00007ff9210e0000 - 0x00007ff9212b6000 	C:\Windows\SYSTEM32\combase.dll
0x00007ff920f80000 - 0x00007ff9210c5000 	C:\Windows\system32\GDI32.dll
0x00007ff920820000 - 0x00007ff920834000 	C:\Windows\SYSTEM32\profapi.dll
0x00007ff91ee80000 - 0x00007ff91ef1f000 	C:\Windows\SYSTEM32\SHCORE.dll
0x00007ff922b70000 - 0x00007ff922ba4000 	C:\Windows\system32\IMM32.DLL
0x00007ff9213f0000 - 0x00007ff921529000 	C:\Windows\system32\MSCTF.dll
0x00007ff91e5b0000 - 0x00007ff91e80a000 	C:\Windows\WinSxS\amd64_microsoft.windows.common-controls_6595b64144ccf1df_6.0.9600.17031_none_6242a4b3ecbb55a1\COMCTL32.dll
0x0000000063cc0000 - 0x0000000063d92000 	C:\Program Files\Java\jdk1.8.0_92\jre\bin\msvcr100.dll
0x0000000064370000 - 0x0000000064c06000 	C:\Program Files\Java\jdk1.8.0_92\jre\bin\server\jvm.dll
0x00007ff91a380000 - 0x00007ff91a389000 	C:\Windows\SYSTEM32\WSOCK32.dll
0x00007ff9173c0000 - 0x00007ff9173df000 	C:\Windows\SYSTEM32\WINMM.dll
0x00007ff91e4e0000 - 0x00007ff91e4ea000 	C:\Windows\SYSTEM32\VERSION.dll
0x00007ff9210d0000 - 0x00007ff9210d7000 	C:\Windows\system32\PSAPI.DLL
0x00007ff923190000 - 0x00007ff9231e8000 	C:\Windows\system32\WS2_32.dll
0x00007ff917390000 - 0x00007ff9173ba000 	C:\Windows\SYSTEM32\WINMMBASE.dll
0x00007ff922e90000 - 0x00007ff922e99000 	C:\Windows\system32\NSI.dll
0x00007ff920b20000 - 0x00007ff920b6a000 	C:\Windows\SYSTEM32\cfgmgr32.dll
0x00007ff91f6a0000 - 0x00007ff91f6c6000 	C:\Windows\SYSTEM32\DEVOBJ.dll
0x0000000064ca0000 - 0x0000000064caf000 	C:\Program Files\Java\jdk1.8.0_92\jre\bin\verify.dll
0x0000000064c70000 - 0x0000000064c99000 	C:\Program Files\Java\jdk1.8.0_92\jre\bin\java.dll
0x0000000064c50000 - 0x0000000064c66000 	C:\Program Files\Java\jdk1.8.0_92\jre\bin\zip.dll

VM Arguments:
jvm_args: -Djava.awt.headless=true -Xmx1024M -Dfile.encoding=windows-1252 -Duser.country=US -Duser.language=en -Duser.variant 
java_command: com.android.dx.command.Main --dex --force-jumbo --num-threads=4 --output C:\Zooket\app\build\intermediates\pre-dexed\debug\com.google.android.gms-play-services-base-9.0.1_8b41b6951d9f43c0271f6d28e18e2937165f03b4.jar C:\Zooket\app\build\intermediates\exploded-aar\com.google.android.gms\play-services-base\9.0.1\jars\classes.jar
java_class_path (initial): C:\android-sdk-windows\build-tools\24.0.3\lib\dx.jar
Launcher Type: SUN_STANDARD

Environment Variables:
PATH=C:\ProgramData\Oracle\Java\javapath;C:\Windows\system32;C:\Windows;C:\Windows\System32\Wbem;C:\Windows\System32\WindowsPowerShell\v1.0\;C:\Program Files (x86)\NVIDIA Corporation\PhysX\Common;C:\Program Files (x86)\Windows Kits\8.1\Windows Performance Toolkit\;C:\Program Files\Microsoft SQL Server\110\Tools\Binn\;C:\Program Files\Microsoft SQL Server\110\DTS\Binn\;C:\Program Files (x86)\Microsoft SQL Server\110\Tools\Binn\;C:\Program Files (x86)\Microsoft SQL Server\110\Tools\Binn\ManagementStudio\;C:\Program Files (x86)\Microsoft Visual Studio 10.0\Common7\IDE\PrivateAssemblies\;C:\Program Files (x86)\Microsoft SQL Server\110\DTS\Binn\;C:\Program Files (x86)\GtkSharp\2.12\bin;C:\Program Files (x86)\QuickTime\QTSystem\
USERNAME=Smo
OS=Windows_NT
PROCESSOR_IDENTIFIER=Intel64 Family 6 Model 94 Stepping 3, GenuineIntel



---------------  S Y S T E M  ---------------

OS: Windows 8.1 , 64 bit Build 9600 (6.3.9600.17056)

CPU:total 4 (4 cores per cpu, 1 threads per core) family 6 model 94 stepping 3, cmov, cx8, fxsr, mmx, sse, sse2, sse3, ssse3, sse4.1, sse4.2, popcnt, avx, avx2, aes, clmul, erms, 3dnowpref, lzcnt, tsc, tscinvbit, bmi1, bmi2, adx

Memory: 4k page, physical 8266404k(1397696k free), swap 8266404k(5060k free)

vm_info: Java HotSpot(TM) 64-Bit Server VM (25.92-b14) for windows-amd64 JRE (1.8.0_92-b14), built on Mar 31 2016 21:03:04 by "java_re" with MS VC++ 10.0 (VS2010)

time: Mon May 15 12:34:16 2017
elapsed time: 2 seconds (0d 0h 0m 2s)

