#
# There is insufficient memory for the Java Runtime Environment to continue.
# Native memory allocation (malloc) failed to allocate 40432 bytes for Chunk::new
# Possible reasons:
#   The system is out of physical RAM or swap space
#   In 32 bit mode, the process size limit was hit
# Possible solutions:
#   Reduce memory load on the system
#   Increase physical memory or swap space
#   Check if swap backing store is full
#   Use 64 bit Java on a 64 bit OS
#   Decrease Java heap size (-Xmx/-Xms)
#   Decrease number of Java threads
#   Decrease Java thread stack sizes (-Xss)
#   Set larger code cache with -XX:ReservedCodeCacheSize=
# This output file may be truncated or incomplete.
#
#  Out of Memory Error (allocation.cpp:390), pid=3968, tid=0x0000000000001298
#
# JRE version: Java(TM) SE Runtime Environment (8.0_92-b14) (build 1.8.0_92-b14)
# Java VM: Java HotSpot(TM) 64-Bit Server VM (25.92-b14 mixed mode windows-amd64 compressed oops)
# Failed to write core dump. Minidumps are not enabled by default on client versions of Windows
#

---------------  T H R E A D  ---------------

Current thread (0x0000000016bc1000):  JavaThread "C1 CompilerThread2" daemon [_thread_in_native, id=4760, stack(0x0000000016fc0000,0x00000000170c0000)]

Stack: [0x0000000016fc0000,0x00000000170c0000]
[error occurred during error reporting (printing stack bounds), id 0xc0000005]

Native frames: (J=compiled Java code, j=interpreted, Vv=VM code, C=native code)


Current CompileTask:
C1:   2773  666   !   3       com.android.dx.cf.code.BytecodeArray::parseInstruction (2764 bytes)


---------------  P R O C E S S  ---------------

Java Threads: ( => current thread )
  0x0000000016ed1800 JavaThread "pool-1-thread-4" [_thread_in_Java, id=4240, stack(0x0000000017ec0000,0x0000000017fc0000)]
  0x0000000016ed0800 JavaThread "pool-1-thread-3" [_thread_in_vm, id=2836, stack(0x0000000017dc0000,0x0000000017ec0000)]
  0x0000000016e5f800 JavaThread "pool-1-thread-2" [_thread_in_Java, id=5704, stack(0x0000000017cc0000,0x0000000017dc0000)]
  0x0000000016e5e800 JavaThread "pool-2-thread-1" [_thread_blocked, id=7380, stack(0x0000000017bc0000,0x0000000017cc0000)]
  0x0000000016e5c000 JavaThread "pool-1-thread-1" [_thread_in_Java, id=5340, stack(0x0000000017ac0000,0x0000000017bc0000)]
  0x0000000016bc6800 JavaThread "Service Thread" daemon [_thread_blocked, id=4624, stack(0x00000000170c0000,0x00000000171c0000)]
=>0x0000000016bc1000 JavaThread "C1 CompilerThread2" daemon [_thread_in_native, id=4760, stack(0x0000000016fc0000,0x00000000170c0000)]
  0x00000000153e7800 JavaThread "C2 CompilerThread1" daemon [_thread_in_native, id=4840, stack(0x0000000016ac0000,0x0000000016bc0000)]
  0x000000001538e000 JavaThread "C2 CompilerThread0" daemon [_thread_in_native, id=7508, stack(0x00000000169c0000,0x0000000016ac0000)]
  0x000000001538c000 JavaThread "Attach Listener" daemon [_thread_blocked, id=5716, stack(0x00000000168c0000,0x00000000169c0000)]
  0x000000001538b000 JavaThread "Signal Dispatcher" daemon [_thread_blocked, id=1452, stack(0x00000000167c0000,0x00000000168c0000)]
  0x000000001537a800 JavaThread "Finalizer" daemon [_thread_blocked, id=7880, stack(0x00000000165e0000,0x00000000166e0000)]
  0x0000000002cb0800 JavaThread "Reference Handler" daemon [_thread_blocked, id=2620, stack(0x00000000164e0000,0x00000000165e0000)]
  0x0000000002bc2800 JavaThread "main" [_thread_in_vm, id=5696, stack(0x0000000002ac0000,0x0000000002bc0000)]

Other Threads:
  0x0000000015358800 VMThread [stack: 0x00000000163e0000,0x00000000164e0000] [id=7320]
  0x0000000016be1800 WatcherThread [stack: 0x00000000171c0000,0x00000000172c0000] [id=6368]

VM state:not at safepoint (normal execution)

VM Mutex/Monitor currently owned by a thread: None

Heap:
 PSYoungGen      total 38400K, used 17328K [0x00000000eab00000, 0x00000000ed580000, 0x0000000100000000)
  eden space 33280K, 52% used [0x00000000eab00000,0x00000000ebbec280,0x00000000ecb80000)
  from space 5120K, 0% used [0x00000000ed080000,0x00000000ed080000,0x00000000ed580000)
  to   space 5120K, 0% used [0x00000000ecb80000,0x00000000ecb80000,0x00000000ed080000)
 ParOldGen       total 87552K, used 0K [0x00000000c0000000, 0x00000000c5580000, 0x00000000eab00000)
  object space 87552K, 0% used [0x00000000c0000000,0x00000000c0000000,0x00000000c5580000)
 Metaspace       used 5632K, capacity 6642K, committed 6784K, reserved 1056768K
  class space    used 598K, capacity 618K, committed 640K, reserved 1048576K

Card table byte_map: [0x0000000012080000,0x0000000012290000] byte_map_base: 0x0000000011a80000

Marking Bits: (ParMarkBitMap*) 0x00000000686b64f0
 Begin Bits: [0x00000000127f0000, 0x00000000137f0000)
 End Bits:   [0x00000000137f0000, 0x00000000147f0000)

Polling page: 0x00000000012c0000

CodeCache: size=245760Kb used=2536Kb max_used=2536Kb free=243223Kb
 bounds [0x0000000002cc0000, 0x0000000002f40000, 0x0000000011cc0000]
 total_blobs=934 nmethods=664 adapters=181
 compilation: enabled

Compilation events (10 events):
Event: 2.768 Thread 0x0000000016bc1000 nmethod 626 0x0000000002f34190 code [0x0000000002f34320, 0x0000000002f348c8]
Event: 2.768 Thread 0x0000000016bc1000  666   !   3       com.android.dx.cf.code.BytecodeArray::parseInstruction (2764 bytes)
Event: 2.768 Thread 0x00000000153e7800 nmethod 668 0x0000000002f385d0 code [0x0000000002f38720, 0x0000000002f38818]
Event: 2.768 Thread 0x00000000153e7800  671       4       com.android.dx.util.BitIntSet::ensureCapacity (51 bytes)
Event: 2.770 Thread 0x00000000153e7800 nmethod 671 0x0000000002f38190 code [0x0000000002f382e0, 0x0000000002f38498]
Event: 2.770 Thread 0x00000000153e7800  660       4       com.android.dx.ssa.NormalSsaInsn::isNormalMoveInsn (20 bytes)
Event: 2.770 Thread 0x00000000153e7800 nmethod 660 0x0000000002f325d0 code [0x0000000002f32700, 0x0000000002f32798]
Event: 2.770 Thread 0x00000000153e7800  680       4       com.android.dx.rop.code.RegisterSpec::hashCodeOf (30 bytes)
Event: 2.771 Thread 0x000000001538e000 nmethod 654 0x0000000002f3c2d0 code [0x0000000002f3c4e0, 0x0000000002f3ce30]
Event: 2.771 Thread 0x000000001538e000  684       4       java.util.ArrayList::remove (69 bytes)

GC Heap History (0 events):
No events

Deoptimization events (1 events):
Event: 2.736 Thread 0x0000000016e5c000 Uncommon trap: reason=unstable_if action=reinterpret pc=0x0000000002ee5430 method=java.util.HashMap.getNode(ILjava/lang/Object;)Ljava/util/HashMap$Node; @ 129

Internal exceptions (2 events):
Event: 0.686 Thread 0x0000000002bc2800 Exception <a 'java/lang/NoSuchMethodError': Method sun.misc.Unsafe.defineClass(Ljava/lang/String;[BII)Ljava/lang/Class; name or signature does not match> (0x00000000eab07cc0) thrown at [D:\re\workspace\8-2-build-windows-amd64-cygwin\jdk8u92\6642\hotspot\sr[‹BXöå?
Event: 0.686 Thread 0x0000000002bc2800 Exception <a 'java/lang/NoSuchMethodError': Method sun.misc.Unsafe.prefetchRead(Ljava/lang/Object;J)V name or signature does not match> (0x00000000eab07fa8) thrown at [D:\re\workspace\8-2-build-windows-amd64-cygwin\jdk8u92\6642\hotspot\src\share\vm\prims\j

Events (10 events):
Event: 2.736 Thread 0x0000000016e5c000 DEOPT PACKING pc=0x0000000002ee5430 sp=0x0000000017bbe980
Event: 2.736 Thread 0x0000000016e5c000 DEOPT UNPACKING pc=0x0000000002d0582a sp=0x0000000017bbe908 mode 2
Event: 2.749 loading class com/android/dx/cf/code/Ropper$ExceptionHandlerSetup
Event: 2.749 loading class com/android/dx/cf/code/Ropper$ExceptionHandlerSetup done
Event: 2.750 loading class java/util/HashMap$Values
Event: 2.750 loading class java/util/HashMap$Values done
Event: 2.750 loading class java/util/HashMap$ValueIterator
Event: 2.750 loading class java/util/HashMap$ValueIterator done
Event: 2.770 loading class com/android/dx/rop/code/LocalItem
Event: 2.770 loading class com/android/dx/rop/code/LocalItem done


Dynamic libraries:
0x00007ff725170000 - 0x00007ff7251a7000 	C:\Program Files\Java\jdk1.8.0_92\bin\java.exe
0x00007ffef9f10000 - 0x00007ffefa0ba000 	C:\Windows\SYSTEM32\ntdll.dll
0x00007ffef9b80000 - 0x00007ffef9cba000 	C:\Windows\system32\KERNEL32.DLL
0x00007ffef74a0000 - 0x00007ffef75af000 	C:\Windows\system32\KERNELBASE.dll
0x00007ffef5eb0000 - 0x00007ffef5f38000 	C:\Windows\system32\apphelp.dll
0x00007ffed0010000 - 0x00007ffed005f000 	C:\Windows\AppPatch\AppPatch64\AcGenral.DLL
0x00007ffef9cc0000 - 0x00007ffef9d67000 	C:\Windows\system32\msvcrt.dll
0x00007ffef70c0000 - 0x00007ffef70eb000 	C:\Windows\SYSTEM32\SspiCli.dll
0x00007ffef9320000 - 0x00007ffef9371000 	C:\Windows\system32\SHLWAPI.dll
0x00007ffef9380000 - 0x00007ffef94f1000 	C:\Windows\system32\USER32.dll
0x00007ffef7790000 - 0x00007ffef7908000 	C:\Windows\system32\ole32.dll
0x00007ffef7c70000 - 0x00007ffef9087000 	C:\Windows\system32\SHELL32.dll
0x00007ffef68f0000 - 0x00007ffef690e000 	C:\Windows\SYSTEM32\USERENV.dll
0x00007ffef9090000 - 0x00007ffef9135000 	C:\Windows\system32\ADVAPI32.dll
0x00007ffef22f0000 - 0x00007ffef230b000 	C:\Windows\SYSTEM32\MPR.dll
0x00007ffef79d0000 - 0x00007ffef7b06000 	C:\Windows\system32\RPCRT4.dll
0x00007ffef7c10000 - 0x00007ffef7c67000 	C:\Windows\SYSTEM32\sechost.dll
0x00007ffef9140000 - 0x00007ffef9316000 	C:\Windows\SYSTEM32\combase.dll
0x00007ffef9560000 - 0x00007ffef96a5000 	C:\Windows\system32\GDI32.dll
0x00007ffef7280000 - 0x00007ffef7294000 	C:\Windows\SYSTEM32\profapi.dll
0x00007ffef58e0000 - 0x00007ffef597f000 	C:\Windows\SYSTEM32\SHCORE.dll
0x00007ffef9b40000 - 0x00007ffef9b74000 	C:\Windows\system32\IMM32.DLL
0x00007ffef96b0000 - 0x00007ffef97e9000 	C:\Windows\system32\MSCTF.dll
0x00007ffef4fd0000 - 0x00007ffef522a000 	C:\Windows\WinSxS\amd64_microsoft.windows.common-controls_6595b64144ccf1df_6.0.9600.17031_none_6242a4b3ecbb55a1\COMCTL32.dll
0x0000000067850000 - 0x0000000067922000 	C:\Program Files\Java\jdk1.8.0_92\jre\bin\msvcr100.dll
0x0000000067ea0000 - 0x0000000068736000 	C:\Program Files\Java\jdk1.8.0_92\jre\bin\server\jvm.dll
0x00007ffeeee10000 - 0x00007ffeeee19000 	C:\Windows\SYSTEM32\WSOCK32.dll
0x00007ffeeedc0000 - 0x00007ffeeeddf000 	C:\Windows\SYSTEM32\WINMM.dll
0x00007ffef4f90000 - 0x00007ffef4f9a000 	C:\Windows\SYSTEM32\VERSION.dll
0x00007ffef7b10000 - 0x00007ffef7b17000 	C:\Windows\system32\PSAPI.DLL
0x00007ffef9500000 - 0x00007ffef9558000 	C:\Windows\system32\WS2_32.dll
0x00007ffee99a0000 - 0x00007ffee99ca000 	C:\Windows\SYSTEM32\WINMMBASE.dll
0x00007ffef9b30000 - 0x00007ffef9b39000 	C:\Windows\system32\NSI.dll
0x00007ffef7350000 - 0x00007ffef739a000 	C:\Windows\SYSTEM32\cfgmgr32.dll
0x00007ffef6100000 - 0x00007ffef6126000 	C:\Windows\SYSTEM32\DEVOBJ.dll
0x0000000069210000 - 0x000000006921f000 	C:\Program Files\Java\jdk1.8.0_92\jre\bin\verify.dll
0x00000000691e0000 - 0x0000000069209000 	C:\Program Files\Java\jdk1.8.0_92\jre\bin\java.dll
0x0000000069190000 - 0x00000000691a6000 	C:\Program Files\Java\jdk1.8.0_92\jre\bin\zip.dll

VM Arguments:
jvm_args: -Djava.awt.headless=true -Xmx1024M -Dfile.encoding=windows-1252 -Duser.country=US -Duser.language=en -Duser.variant 
java_command: com.android.dx.command.Main --dex --force-jumbo --num-threads=4 --output C:\Zooket\app\build\intermediates\pre-dexed\debug\com.google.android.gms-play-services-base-9.0.1_8b41b6951d9f43c0271f6d28e18e2937165f03b4.jar C:\Zooket\app\build\intermediates\exploded-aar\com.google.android.gms\play-services-base\9.0.1\jars\classes.jar
java_class_path (initial): C:\android-sdk-windows\build-tools\24.0.3\lib\dx.jar
Launcher Type: SUN_STANDARD

Environment Variables:
PATH=C:\ProgramData\Oracle\Java\javapath;C:\Windows\system32;C:\Windows;C:\Windows\System32\Wbem;C:\Windows\System32\WindowsPowerShell\v1.0\;C:\Program Files (x86)\NVIDIA Corporation\PhysX\Common;C:\Program Files (x86)\Windows Kits\8.1\Windows Performance Toolkit\;C:\Program Files\Microsoft SQL Server\110\Tools\Binn\;C:\Program Files\Microsoft SQL Server\110\DTS\Binn\;C:\Program Files (x86)\Microsoft SQL Server\110\Tools\Binn\;C:\Program Files (x86)\Microsoft SQL Server\110\Tools\Binn\ManagementStudio\;C:\Program Files (x86)\Microsoft Visual Studio 10.0\Common7\IDE\PrivateAssemblies\;C:\Program Files (x86)\Microsoft SQL Server\110\DTS\Binn\;C:\Program Files (x86)\GtkSharp\2.12\bin;C:\Program Files (x86)\QuickTime\QTSystem\
USERNAME=Smo
OS=Windows_NT
PROCESSOR_IDENTIFIER=Intel64 Family 6 Model 94 Stepping 3, GenuineIntel



---------------  S Y S T E M  ---------------

OS: Windows 8.1 , 64 bit Build 9600 (6.3.9600.17056)

CPU:total 4 (4 cores per cpu, 1 threads per core) family 6 model 94 stepping 3, cmov, cx8, fxsr, mmx, sse, sse2, sse3, ssse3, sse4.1, sse4.2, popcnt, avx, avx2, aes, clmul, erms, 3dnowpref, lzcnt, tsc, tscinvbit, bmi1, bmi2, adx

Memory: 4k page, physical 8266404k(1356352k free), swap 8266404k(5136k free)

vm_info: Java HotSpot(TM) 64-Bit Server VM (25.92-b14) for windows-amd64 JRE (1.8.0_92-b14), built on Mar 31 2016 21:03:04 by "java_re" with MS VC++ 10.0 (VS2010)

time: Thu May 11 09:42:19 2017
elapsed time: 2 seconds (0d 0h 0m 2s)

