#
# There is insufficient memory for the Java Runtime Environment to continue.
# Native memory allocation (malloc) failed to allocate 65552 bytes for Chunk::new
# Possible reasons:
#   The system is out of physical RAM or swap space
#   In 32 bit mode, the process size limit was hit
# Possible solutions:
#   Reduce memory load on the system
#   Increase physical memory or swap space
#   Check if swap backing store is full
#   Use 64 bit Java on a 64 bit OS
#   Decrease Java heap size (-Xmx/-Xms)
#   Decrease number of Java threads
#   Decrease Java thread stack sizes (-Xss)
#   Set larger code cache with -XX:ReservedCodeCacheSize=
# This output file may be truncated or incomplete.
#
#  Out of Memory Error (allocation.cpp:390), pid=7792, tid=0x0000000000001604
#
# JRE version: Java(TM) SE Runtime Environment (8.0_92-b14) (build 1.8.0_92-b14)
# Java VM: Java HotSpot(TM) 64-Bit Server VM (25.92-b14 mixed mode windows-amd64 compressed oops)
# Failed to write core dump. Minidumps are not enabled by default on client versions of Windows
#

---------------  T H R E A D  ---------------

Current thread (0x000000001526e000):  JavaThread "C2 CompilerThread0" daemon [_thread_in_native, id=5636, stack(0x00000000168b0000,0x00000000169b0000)]

Stack: [0x00000000168b0000,0x00000000169b0000]
[error occurred during error reporting (printing stack bounds), id 0xc0000005]

Native frames: (J=compiled Java code, j=interpreted, Vv=VM code, C=native code)


Current CompileTask:
C2:   1656 1549       4       com.android.dx.ssa.SCCP::simulatePhi (169 bytes)


---------------  P R O C E S S  ---------------

Java Threads: ( => current thread )
  0x0000000016e7c000 JavaThread "pool-1-thread-4" [_thread_blocked, id=8820, stack(0x00000000175b0000,0x00000000176b0000)]
  0x0000000016e7b800 JavaThread "pool-1-thread-3" [_thread_blocked, id=7400, stack(0x00000000174b0000,0x00000000175b0000)]
  0x0000000016e7a800 JavaThread "pool-1-thread-2" [_thread_blocked, id=6016, stack(0x00000000173b0000,0x00000000174b0000)]
  0x0000000016e78000 JavaThread "pool-2-thread-1" [_thread_blocked, id=1680, stack(0x00000000172b0000,0x00000000173b0000)]
  0x0000000016e75800 JavaThread "pool-1-thread-1" [_thread_blocked, id=10700, stack(0x00000000171b0000,0x00000000172b0000)]
  0x0000000016bce000 JavaThread "Service Thread" daemon [_thread_blocked, id=8460, stack(0x0000000016fb0000,0x00000000170b0000)]
  0x00000000152c3800 JavaThread "C1 CompilerThread2" daemon [_thread_blocked, id=6276, stack(0x0000000016ab0000,0x0000000016bb0000)]
  0x00000000152bf000 JavaThread "C2 CompilerThread1" daemon [_thread_in_native, id=8536, stack(0x00000000169b0000,0x0000000016ab0000)]
=>0x000000001526e000 JavaThread "C2 CompilerThread0" daemon [_thread_in_native, id=5636, stack(0x00000000168b0000,0x00000000169b0000)]
  0x000000001526c000 JavaThread "Attach Listener" daemon [_thread_blocked, id=8652, stack(0x00000000167b0000,0x00000000168b0000)]
  0x000000001526b000 JavaThread "Signal Dispatcher" daemon [_thread_blocked, id=2456, stack(0x00000000166b0000,0x00000000167b0000)]
  0x000000001525a800 JavaThread "Finalizer" daemon [_thread_blocked, id=6024, stack(0x00000000164d0000,0x00000000165d0000)]
  0x0000000002ab1000 JavaThread "Reference Handler" daemon [_thread_blocked, id=7252, stack(0x00000000163d0000,0x00000000164d0000)]
  0x00000000029c2800 JavaThread "main" [_thread_blocked, id=9024, stack(0x0000000002820000,0x0000000002920000)]

Other Threads:
  0x0000000015238000 VMThread [stack: 0x00000000162d0000,0x00000000163d0000] [id=804]
  0x0000000016bd5800 WatcherThread [stack: 0x00000000170b0000,0x00000000171b0000] [id=496]

VM state:not at safepoint (normal execution)

VM Mutex/Monitor currently owned by a thread: None

Heap:
 PSYoungGen      total 71680K, used 11342K [0x00000000eab00000, 0x00000000ef600000, 0x0000000100000000)
  eden space 66560K, 9% used [0x00000000eab00000,0x00000000eb1157a8,0x00000000eec00000)
  from space 5120K, 99% used [0x00000000ef100000,0x00000000ef5fe320,0x00000000ef600000)
  to   space 5120K, 0% used [0x00000000eec00000,0x00000000eec00000,0x00000000ef100000)
 ParOldGen       total 87552K, used 5853K [0x00000000c0000000, 0x00000000c5580000, 0x00000000eab00000)
  object space 87552K, 6% used [0x00000000c0000000,0x00000000c05b7718,0x00000000c5580000)
 Metaspace       used 6197K, capacity 7090K, committed 7296K, reserved 1056768K
  class space    used 602K, capacity 618K, committed 640K, reserved 1048576K

Card table byte_map: [0x0000000011f60000,0x0000000012170000] byte_map_base: 0x0000000011960000

Marking Bits: (ParMarkBitMap*) 0x00000000542664f0
 Begin Bits: [0x00000000126d0000, 0x00000000136d0000)
 End Bits:   [0x00000000136d0000, 0x00000000146d0000)

Polling page: 0x0000000001070000

CodeCache: size=245760Kb used=6245Kb max_used=6263Kb free=239514Kb
 bounds [0x0000000002ba0000, 0x00000000031d0000, 0x0000000011ba0000]
 total_blobs=1812 nmethods=1543 adapters=182
 compilation: enabled

Compilation events (10 events):
Event: 1.537 Thread 0x00000000152c3800 1557       2       com.android.dx.cf.code.BytecodeArray::<init> (43 bytes)
Event: 1.538 Thread 0x00000000152c3800 nmethod 1557 0x00000000031b06d0 code [0x00000000031b0860, 0x00000000031b0b38]
Event: 1.538 Thread 0x00000000152c3800 1558   !   2       com.android.dx.cf.attrib.AttCode::<init> (144 bytes)
Event: 1.538 Thread 0x00000000152c3800 nmethod 1558 0x00000000031b0c90 code [0x00000000031b0e80, 0x00000000031b1588]
Event: 1.538 Thread 0x00000000152c3800 1559       2       com.android.dx.cf.attrib.RawAttribute::<init> (17 bytes)
Event: 1.538 Thread 0x00000000152c3800 nmethod 1559 0x00000000031b1b50 code [0x00000000031b1ce0, 0x00000000031b2048]
Event: 1.620 Thread 0x000000001526e000 nmethod 1484 0x00000000031b8d50 code [0x00000000031b91e0, 0x00000000031bcf00]
Event: 1.621 Thread 0x000000001526e000 1537       4       com.android.dx.ssa.SsaMethod::computeReachability (131 bytes)
Event: 1.642 Thread 0x000000001526e000 nmethod 1537 0x00000000031b31d0 code [0x00000000031b3380, 0x00000000031b4198]
Event: 1.642 Thread 0x000000001526e000 1549       4       com.android.dx.ssa.SCCP::simulatePhi (169 bytes)

GC Heap History (4 events):
Event: 0.840 GC heap before
{Heap before GC invocations=1 (full 0):
 PSYoungGen      total 38400K, used 33280K [0x00000000eab00000, 0x00000000ed580000, 0x0000000100000000)
  eden space 33280K, 100% used [0x00000000eab00000,0x00000000ecb80000,0x00000000ecb80000)
  from space 5120K, 0% used [0x00000000ed080000,0x00000000ed080000,0x00000000ed580000)
  to   space 5120K, 0% used [0x00000000ecb80000,0x00000000ecb80000,0x00000000ed080000)
 ParOldGen       total 87552K, used 0K [0x00000000c0000000, 0x00000000c5580000, 0x00000000eab00000)
  object space 87552K, 0% used [0x00000000c0000000,0x00000000c0000000,0x00000000c5580000)
 Metaspace       used 5989K, capacity 6896K, committed 7040K, reserved 1056768K
  class space    used 599K, capacity 616K, committed 640K, reserved 1048576K
Event: 0.943 GC heap after
Heap after GC invocations=1 (full 0):
 PSYoungGen      total 38400K, used 5114K [0x00000000eab00000, 0x00000000ef600000, 0x0000000100000000)
  eden space 33280K, 0% used [0x00000000eab00000,0x00000000eab00000,0x00000000ecb80000)
  from space 5120K, 99% used [0x00000000ecb80000,0x00000000ed07eaa8,0x00000000ed080000)
  to   space 5120K, 0% used [0x00000000ef100000,0x00000000ef100000,0x00000000ef600000)
 ParOldGen       total 87552K, used 1481K [0x00000000c0000000, 0x00000000c5580000, 0x00000000eab00000)
  object space 87552K, 1% used [0x00000000c0000000,0x00000000c0172468,0x00000000c5580000)
 Metaspace       used 5989K, capacity 6896K, committed 7040K, reserved 1056768K
  class space    used 599K, capacity 616K, committed 640K, reserved 1048576K
}
Event: 1.486 GC heap before
{Heap before GC invocations=2 (full 0):
 PSYoungGen      total 38400K, used 38394K [0x00000000eab00000, 0x00000000ef600000, 0x0000000100000000)
  eden space 33280K, 100% used [0x00000000eab00000,0x00000000ecb80000,0x00000000ecb80000)
  from space 5120K, 99% used [0x00000000ecb80000,0x00000000ed07eaa8,0x00000000ed080000)
  to   space 5120K, 0% used [0x00000000ef100000,0x00000000ef100000,0x00000000ef600000)
 ParOldGen       total 87552K, used 1481K [0x00000000c0000000, 0x00000000c5580000, 0x00000000eab00000)
  object space 87552K, 1% used [0x00000000c0000000,0x00000000c0172468,0x00000000c5580000)
 Metaspace       used 6186K, capacity 7090K, committed 7296K, reserved 1056768K
  class space    used 602K, capacity 618K, committed 640K, reserved 1048576K
Event: 1.503 GC heap after
Heap after GC invocations=2 (full 0):
 PSYoungGen      total 71680K, used 5112K [0x00000000eab00000, 0x00000000ef600000, 0x0000000100000000)
  eden space 66560K, 0% used [0x00000000eab00000,0x00000000eab00000,0x00000000eec00000)
  from space 5120K, 99% used [0x00000000ef100000,0x00000000ef5fe320,0x00000000ef600000)
  to   space 5120K, 0% used [0x00000000eec00000,0x00000000eec00000,0x00000000ef100000)
 ParOldGen       total 87552K, used 5853K [0x00000000c0000000, 0x00000000c5580000, 0x00000000eab00000)
  object space 87552K, 6% used [0x00000000c0000000,0x00000000c05b7718,0x00000000c5580000)
 Metaspace       used 6186K, capacity 7090K, committed 7296K, reserved 1056768K
  class space    used 602K, capacity 618K, committed 640K, reserved 1048576K
}

Deoptimization events (7 events):
Event: 0.268 Thread 0x0000000016e7b800 Uncommon trap: reason=unstable_if action=reinterpret pc=0x0000000002dd61f4 method=java.util.HashMap.getNode(ILjava/lang/Object;)Ljava/util/HashMap$Node; @ 62
Event: 0.313 Thread 0x00000000029c2800 Uncommon trap: reason=unstable_if action=reinterpret pc=0x0000000002dc9da8 method=java.util.HashMap.getNode(ILjava/lang/Object;)Ljava/util/HashMap$Node; @ 62
Event: 0.391 Thread 0x0000000016e7b800 Uncommon trap: reason=null_check action=make_not_entrant pc=0x0000000002e9b500 method=com.android.dx.ssa.SsaRenamer.getLocalForNewReg(I)Lcom/android/dx/rop/code/LocalItem; @ 19
Event: 0.525 Thread 0x0000000016e7a800 Uncommon trap: reason=unstable_if action=reinterpret pc=0x0000000002f9e104 method=com.android.dx.ssa.SsaRenamer$BlockRenamer.addMapping(ILcom/android/dx/rop/code/RegisterSpec;)V @ 120
Event: 1.342 Thread 0x00000000029c2800 Uncommon trap: reason=unstable_if action=reinterpret pc=0x0000000002f9af9c method=com.android.dx.ssa.SsaMethod.updateOneDefinition(Lcom/android/dx/ssa/SsaInsn;Lcom/android/dx/rop/code/RegisterSpec;)V @ 4
Event: 1.393 Thread 0x0000000016e75800 Uncommon trap: reason=unstable_if action=reinterpret pc=0x000000000311c27c method=java.util.HashMap.putVal(ILjava/lang/Object;Ljava/lang/Object;ZZ)Ljava/lang/Object; @ 94
Event: 1.422 Thread 0x0000000016e7a800 Uncommon trap: reason=unstable_if action=reinterpret pc=0x0000000002eeeba0 method=com.android.dx.rop.code.RegisterSpecSet.<init>(I)V @ 2

Internal exceptions (3 events):
Event: 0.030 Thread 0x00000000029c2800 Exception <a 'java/lang/NoSuchMethodError': Method sun.misc.Unsafe.defineClass(Ljava/lang/String;[BII)Ljava/lang/Class; name or signature does not match> (0x00000000eab07cc0) thrown at [D:\re\workspace\8-2-build-windows-amd64-cygwin\jdk8u92\6642\hotspot\sr
û’ø×ž?
Event: 0.030 Thread 0x00000000029c2800 Exception <a 'java/lang/NoSuchMethodError': Method sun.misc.Unsafe.prefetchRead(Ljava/lang/Object;J)V name or signature does not match> (0x00000000eab07fa8) thrown at [D:\re\workspace\8-2-build-windows-amd64-cygwin\jdk8u92\6642\hotspot\src\share\vm\prims\jéjÛÍ_Ù?
Event: 0.391 Thread 0x0000000016e7b800 Implicit null exception at 0x0000000002e994d0 to 0x0000000002e9b4bd

Events (10 events):
Event: 1.399 loading class com/android/dx/rop/code/RegOps done
Event: 1.415 Thread 0x0000000016e7a800 DEOPT PACKING pc=0x0000000002f72ec9 sp=0x00000000174aea40
Event: 1.415 Thread 0x0000000016e7a800 DEOPT UNPACKING pc=0x0000000002be787f sp=0x00000000174ae808 mode 0
Event: 1.422 Thread 0x0000000016e7a800 Uncommon trap: trap_request=0xffffff65 fr.pc=0x0000000002eeeba0
Event: 1.422 Thread 0x0000000016e7a800 DEOPT PACKING pc=0x0000000002eeeba0 sp=0x00000000174aec60
Event: 1.422 Thread 0x0000000016e7a800 DEOPT UNPACKING pc=0x0000000002be582a sp=0x00000000174aeb90 mode 2
Event: 1.447 Executing VM operation: ParallelGCFailedAllocation
Event: 1.503 Executing VM operation: ParallelGCFailedAllocation done
Event: 1.519 Thread 0x0000000016e7b800 DEOPT PACKING pc=0x0000000002f73184 sp=0x00000000175aec20
Event: 1.519 Thread 0x0000000016e7b800 DEOPT UNPACKING pc=0x0000000002be787f sp=0x00000000175ae9e8 mode 0


Dynamic libraries:
0x00007ff77dd40000 - 0x00007ff77dd77000 	C:\Program Files\Java\jdk1.8.0_92\bin\java.exe
0x00007ff95e280000 - 0x00007ff95e42a000 	C:\Windows\SYSTEM32\ntdll.dll
0x00007ff95d9d0000 - 0x00007ff95db0a000 	C:\Windows\system32\KERNEL32.DLL
0x00007ff95b9f0000 - 0x00007ff95baff000 	C:\Windows\system32\KERNELBASE.dll
0x00007ff95a220000 - 0x00007ff95a2a8000 	C:\Windows\system32\apphelp.dll
0x00007ff95db10000 - 0x00007ff95dbb5000 	C:\Windows\system32\ADVAPI32.dll
0x00007ff95d460000 - 0x00007ff95d5d1000 	C:\Windows\system32\USER32.dll
0x00007ff959340000 - 0x00007ff95959a000 	C:\Windows\WinSxS\amd64_microsoft.windows.common-controls_6595b64144ccf1df_6.0.9600.17031_none_6242a4b3ecbb55a1\COMCTL32.dll
0x00007ff95bb10000 - 0x00007ff95bbb7000 	C:\Windows\system32\msvcrt.dll
0x00007ff95e0d0000 - 0x00007ff95e127000 	C:\Windows\SYSTEM32\sechost.dll
0x00007ff95d5e0000 - 0x00007ff95d716000 	C:\Windows\system32\RPCRT4.dll
0x00007ff95e130000 - 0x00007ff95e275000 	C:\Windows\system32\GDI32.dll
0x00007ff95dd70000 - 0x00007ff95dda4000 	C:\Windows\system32\IMM32.DLL
0x00007ff95d320000 - 0x00007ff95d459000 	C:\Windows\system32\MSCTF.dll
0x00000000533b0000 - 0x0000000053482000 	C:\Program Files\Java\jdk1.8.0_92\jre\bin\msvcr100.dll
0x0000000053a50000 - 0x00000000542e6000 	C:\Program Files\Java\jdk1.8.0_92\jre\bin\server\jvm.dll
0x00007ff955260000 - 0x00007ff955269000 	C:\Windows\SYSTEM32\WSOCK32.dll
0x00007ff952430000 - 0x00007ff95244f000 	C:\Windows\SYSTEM32\WINMM.dll
0x00007ff959300000 - 0x00007ff95930a000 	C:\Windows\SYSTEM32\VERSION.dll
0x00007ff95bb00000 - 0x00007ff95bb07000 	C:\Windows\system32\PSAPI.DLL
0x00007ff95d910000 - 0x00007ff95d968000 	C:\Windows\system32\WS2_32.dll
0x00007ff9523f0000 - 0x00007ff95241a000 	C:\Windows\SYSTEM32\WINMMBASE.dll
0x00007ff95d720000 - 0x00007ff95d729000 	C:\Windows\system32\NSI.dll
0x00007ff95b7c0000 - 0x00007ff95b80a000 	C:\Windows\SYSTEM32\cfgmgr32.dll
0x00007ff95a470000 - 0x00007ff95a496000 	C:\Windows\SYSTEM32\DEVOBJ.dll
0x00000000545e0000 - 0x00000000545ef000 	C:\Program Files\Java\jdk1.8.0_92\jre\bin\verify.dll
0x00000000545b0000 - 0x00000000545d9000 	C:\Program Files\Java\jdk1.8.0_92\jre\bin\java.dll
0x0000000054590000 - 0x00000000545a6000 	C:\Program Files\Java\jdk1.8.0_92\jre\bin\zip.dll
0x00007ff95bbc0000 - 0x00007ff95cfd7000 	C:\Windows\system32\SHELL32.dll
0x00007ff95d090000 - 0x00007ff95d266000 	C:\Windows\SYSTEM32\combase.dll
0x00007ff95dd10000 - 0x00007ff95dd61000 	C:\Windows\system32\SHLWAPI.dll
0x00007ff959c50000 - 0x00007ff959cef000 	C:\Windows\SYSTEM32\SHCORE.dll
0x00007ff95b5f0000 - 0x00007ff95b604000 	C:\Windows\SYSTEM32\profapi.dll

VM Arguments:
jvm_args: -Djava.awt.headless=true -Xmx1024M -Dfile.encoding=windows-1252 -Duser.country=US -Duser.language=en -Duser.variant 
java_command: com.android.dx.command.Main --dex --force-jumbo --num-threads=4 --output C:\Zooket\app\build\intermediates\pre-dexed\debug\realm-android-0.83.0_6a6e1fc7f09537e0fb10508dd108f83d31c7814c.jar C:\Users\Smo\.gradle\caches\modules-2\files-2.1\io.realm\realm-android\0.83.0\fcc995aa3a075352049ed77afb34c61559a73931\realm-android-0.83.0.jar
java_class_path (initial): C:\android-sdk-windows\build-tools\24.0.3\lib\dx.jar
Launcher Type: SUN_STANDARD

Environment Variables:
PATH=C:\ProgramData\Oracle\Java\javapath;C:\Windows\system32;C:\Windows;C:\Windows\System32\Wbem;C:\Windows\System32\WindowsPowerShell\v1.0\;C:\Program Files (x86)\NVIDIA Corporation\PhysX\Common;C:\Program Files (x86)\Windows Kits\8.1\Windows Performance Toolkit\;C:\Program Files\Microsoft SQL Server\110\Tools\Binn\;C:\Program Files\Microsoft SQL Server\110\DTS\Binn\;C:\Program Files (x86)\Microsoft SQL Server\110\Tools\Binn\;C:\Program Files (x86)\Microsoft SQL Server\110\Tools\Binn\ManagementStudio\;C:\Program Files (x86)\Microsoft Visual Studio 10.0\Common7\IDE\PrivateAssemblies\;C:\Program Files (x86)\Microsoft SQL Server\110\DTS\Binn\;C:\Program Files (x86)\GtkSharp\2.12\bin;C:\Program Files (x86)\QuickTime\QTSystem\
USERNAME=Smo
OS=Windows_NT
PROCESSOR_IDENTIFIER=Intel64 Family 6 Model 94 Stepping 3, GenuineIntel



---------------  S Y S T E M  ---------------

OS: Windows 8.1 , 64 bit Build 9600 (6.3.9600.17056)

CPU:total 4 (4 cores per cpu, 1 threads per core) family 6 model 94 stepping 3, cmov, cx8, fxsr, mmx, sse, sse2, sse3, ssse3, sse4.1, sse4.2, popcnt, avx, avx2, aes, clmul, erms, 3dnowpref, lzcnt, tsc, tscinvbit, bmi1, bmi2, adx

Memory: 4k page, physical 8266404k(1223240k free), swap 8266404k(5308k free)

vm_info: Java HotSpot(TM) 64-Bit Server VM (25.92-b14) for windows-amd64 JRE (1.8.0_92-b14), built on Mar 31 2016 21:03:04 by "java_re" with MS VC++ 10.0 (VS2010)

time: Mon May 08 21:20:56 2017
elapsed time: 1 seconds (0d 0h 0m 1s)

