#
# There is insufficient memory for the Java Runtime Environment to continue.
# Native memory allocation (malloc) failed to allocate 495136 bytes for Chunk::new
# Possible reasons:
#   The system is out of physical RAM or swap space
#   In 32 bit mode, the process size limit was hit
# Possible solutions:
#   Reduce memory load on the system
#   Increase physical memory or swap space
#   Check if swap backing store is full
#   Use 64 bit Java on a 64 bit OS
#   Decrease Java heap size (-Xmx/-Xms)
#   Decrease number of Java threads
#   Decrease Java thread stack sizes (-Xss)
#   Set larger code cache with -XX:ReservedCodeCacheSize=
# This output file may be truncated or incomplete.
#
#  Out of Memory Error (allocation.cpp:390), pid=3772, tid=0x0000000000001998
#
# JRE version: Java(TM) SE Runtime Environment (8.0_92-b14) (build 1.8.0_92-b14)
# Java VM: Java HotSpot(TM) 64-Bit Server VM (25.92-b14 mixed mode windows-amd64 compressed oops)
# Failed to write core dump. Minidumps are not enabled by default on client versions of Windows
#

---------------  T H R E A D  ---------------

Current thread (0x000000001500e000):  JavaThread "C2 CompilerThread0" daemon [_thread_in_native, id=6552, stack(0x0000000016570000,0x0000000016670000)]

Stack: [0x0000000016570000,0x0000000016670000]
[error occurred during error reporting (printing stack bounds), id 0xc0000005]

Native frames: (J=compiled Java code, j=interpreted, Vv=VM code, C=native code)


Current CompileTask:
C2:   1134 1514       4       com.android.dx.ssa.SCCP::simulateBranch (666 bytes)


---------------  P R O C E S S  ---------------

Java Threads: ( => current thread )
  0x0000000016ae3800 JavaThread "pool-1-thread-4" [_thread_in_Java, id=1232, stack(0x0000000017270000,0x0000000017370000)]
  0x0000000016adf800 JavaThread "pool-1-thread-3" [_thread_blocked, id=3068, stack(0x0000000017170000,0x0000000017270000)]
  0x0000000016adc800 JavaThread "pool-1-thread-2" [_thread_in_Java, id=9020, stack(0x0000000017070000,0x0000000017170000)]
  0x0000000016ad9000 JavaThread "pool-2-thread-1" [_thread_blocked, id=1068, stack(0x0000000016f70000,0x0000000017070000)]
  0x0000000016abc000 JavaThread "pool-1-thread-1" [_thread_blocked, id=7532, stack(0x0000000016e70000,0x0000000016f70000)]
  0x0000000016876800 JavaThread "Service Thread" daemon [_thread_blocked, id=4908, stack(0x0000000016c70000,0x0000000016d70000)]
  0x000000001506c000 JavaThread "C1 CompilerThread2" daemon [_thread_blocked, id=1076, stack(0x0000000016770000,0x0000000016870000)]
  0x0000000015067000 JavaThread "C2 CompilerThread1" daemon [_thread_in_native, id=7112, stack(0x0000000016670000,0x0000000016770000)]
=>0x000000001500e000 JavaThread "C2 CompilerThread0" daemon [_thread_in_native, id=6552, stack(0x0000000016570000,0x0000000016670000)]
  0x000000001500c000 JavaThread "Attach Listener" daemon [_thread_blocked, id=9968, stack(0x0000000016470000,0x0000000016570000)]
  0x000000001500a800 JavaThread "Signal Dispatcher" daemon [_thread_blocked, id=10200, stack(0x0000000016370000,0x0000000016470000)]
  0x0000000014ffa800 JavaThread "Finalizer" daemon [_thread_blocked, id=7972, stack(0x0000000016270000,0x0000000016370000)]
  0x0000000002930800 JavaThread "Reference Handler" daemon [_thread_blocked, id=1600, stack(0x0000000016170000,0x0000000016270000)]
  0x0000000002842800 JavaThread "main" [_thread_in_Java, id=7012, stack(0x0000000002740000,0x0000000002840000)]

Other Threads:
  0x0000000014fd8800 VMThread [stack: 0x0000000016070000,0x0000000016170000] [id=7500]
  0x000000001687a000 WatcherThread [stack: 0x0000000016d70000,0x0000000016e70000] [id=8524]

VM state:not at safepoint (normal execution)

VM Mutex/Monitor currently owned by a thread: None

Heap:
 PSYoungGen      total 38400K, used 18085K [0x00000000eab00000, 0x00000000ef600000, 0x0000000100000000)
  eden space 33280K, 39% used [0x00000000eab00000,0x00000000eb7aeb08,0x00000000ecb80000)
  from space 5120K, 99% used [0x00000000ed080000,0x00000000ed57aaa0,0x00000000ed580000)
  to   space 5120K, 0% used [0x00000000ecb80000,0x00000000ecb80000,0x00000000ed080000)
 ParOldGen       total 87552K, used 7599K [0x00000000c0000000, 0x00000000c5580000, 0x00000000eab00000)
  object space 87552K, 8% used [0x00000000c0000000,0x00000000c076bee0,0x00000000c5580000)
 Metaspace       used 6274K, capacity 7128K, committed 7424K, reserved 1056768K
  class space    used 622K, capacity 656K, committed 768K, reserved 1048576K

Card table byte_map: [0x0000000011d00000,0x0000000011f10000] byte_map_base: 0x0000000011700000

Marking Bits: (ParMarkBitMap*) 0x0000000073fc64f0
 Begin Bits: [0x0000000012470000, 0x0000000013470000)
 End Bits:   [0x0000000013470000, 0x0000000014470000)

Polling page: 0x0000000000d80000

CodeCache: size=245760Kb used=5916Kb max_used=5928Kb free=239843Kb
 bounds [0x0000000002940000, 0x0000000002f20000, 0x0000000011940000]
 total_blobs=1777 nmethods=1508 adapters=182
 compilation: enabled

Compilation events (10 events):
Event: 1.101 Thread 0x0000000015067000 nmethod 1186 0x0000000002f04c90 code [0x0000000002f051e0, 0x0000000002f08420]
Event: 1.101 Thread 0x0000000015067000 1505   !   4       com.android.dx.rop.code.BasicBlock::<init> (273 bytes)
Event: 1.107 Thread 0x0000000015067000 nmethod 1505 0x0000000002f0e4d0 code [0x0000000002f0e640, 0x0000000002f0ec98]
Event: 1.107 Thread 0x0000000015067000 1529 %     4       com.android.dx.ssa.SsaMethod::computeReachability @ 52 (131 bytes)
Event: 1.121 Thread 0x0000000015067000 nmethod 1529% 0x0000000002f0f410 code [0x0000000002f0f5a0, 0x0000000002f0fff8]
Event: 1.121 Thread 0x0000000015067000 1509       4       java.util.ArrayList$SubList::<init> (46 bytes)
Event: 1.121 Thread 0x0000000015067000 nmethod 1509 0x0000000002ed98d0 code [0x0000000002ed9a00, 0x0000000002ed9a98]
Event: 1.121 Thread 0x0000000015067000 1510       4       java.util.ArrayList::subListRangeCheck (110 bytes)
Event: 1.121 Thread 0x0000000015067000 nmethod 1510 0x0000000002edacd0 code [0x0000000002edae00, 0x0000000002edae98]
Event: 1.121 Thread 0x0000000015067000 1513       4       com.android.dx.rop.code.RopMethod::labelToPredecessors (54 bytes)

GC Heap History (4 events):
Event: 0.793 GC heap before
{Heap before GC invocations=1 (full 0):
 PSYoungGen      total 38400K, used 33280K [0x00000000eab00000, 0x00000000ed580000, 0x0000000100000000)
  eden space 33280K, 100% used [0x00000000eab00000,0x00000000ecb80000,0x00000000ecb80000)
  from space 5120K, 0% used [0x00000000ed080000,0x00000000ed080000,0x00000000ed580000)
  to   space 5120K, 0% used [0x00000000ecb80000,0x00000000ecb80000,0x00000000ed080000)
 ParOldGen       total 87552K, used 0K [0x00000000c0000000, 0x00000000c5580000, 0x00000000eab00000)
  object space 87552K, 0% used [0x00000000c0000000,0x00000000c0000000,0x00000000c5580000)
 Metaspace       used 5973K, capacity 6898K, committed 7040K, reserved 1056768K
  class space    used 600K, capacity 618K, committed 640K, reserved 1048576K
Event: 0.800 GC heap after
Heap after GC invocations=1 (full 0):
 PSYoungGen      total 38400K, used 5114K [0x00000000eab00000, 0x00000000ed580000, 0x0000000100000000)
  eden space 33280K, 0% used [0x00000000eab00000,0x00000000eab00000,0x00000000ecb80000)
  from space 5120K, 99% used [0x00000000ecb80000,0x00000000ed07ea90,0x00000000ed080000)
  to   space 5120K, 0% used [0x00000000ed080000,0x00000000ed080000,0x00000000ed580000)
 ParOldGen       total 87552K, used 1738K [0x00000000c0000000, 0x00000000c5580000, 0x00000000eab00000)
  object space 87552K, 1% used [0x00000000c0000000,0x00000000c01b2838,0x00000000c5580000)
 Metaspace       used 5973K, capacity 6898K, committed 7040K, reserved 1056768K
  class space    used 600K, capacity 618K, committed 640K, reserved 1048576K
}
Event: 1.083 GC heap before
{Heap before GC invocations=2 (full 0):
 PSYoungGen      total 38400K, used 38394K [0x00000000eab00000, 0x00000000ed580000, 0x0000000100000000)
  eden space 33280K, 100% used [0x00000000eab00000,0x00000000ecb80000,0x00000000ecb80000)
  from space 5120K, 99% used [0x00000000ecb80000,0x00000000ed07ea90,0x00000000ed080000)
  to   space 5120K, 0% used [0x00000000ed080000,0x00000000ed080000,0x00000000ed580000)
 ParOldGen       total 87552K, used 1738K [0x00000000c0000000, 0x00000000c5580000, 0x00000000eab00000)
  object space 87552K, 1% used [0x00000000c0000000,0x00000000c01b2838,0x00000000c5580000)
 Metaspace       used 6174K, capacity 7026K, committed 7296K, reserved 1056768K
  class space    used 600K, capacity 618K, committed 640K, reserved 1048576K
Event: 1.097 GC heap after
Heap after GC invocations=2 (full 0):
 PSYoungGen      total 38400K, used 5098K [0x00000000eab00000, 0x00000000ef600000, 0x0000000100000000)
  eden space 33280K, 0% used [0x00000000eab00000,0x00000000eab00000,0x00000000ecb80000)
  from space 5120K, 99% used [0x00000000ed080000,0x00000000ed57aaa0,0x00000000ed580000)
  to   space 5120K, 0% used [0x00000000ecb80000,0x00000000ecb80000,0x00000000ed080000)
 ParOldGen       total 87552K, used 7599K [0x00000000c0000000, 0x00000000c5580000, 0x00000000eab00000)
  object space 87552K, 8% used [0x00000000c0000000,0x00000000c076bee0,0x00000000c5580000)
 Metaspace       used 6174K, capacity 7026K, committed 7296K, reserved 1056768K
  class space    used 600K, capacity 618K, committed 640K, reserved 1048576K
}

Deoptimization events (10 events):
Event: 0.788 Thread 0x0000000016adf800 Uncommon trap: reason=unstable_if action=reinterpret pc=0x0000000002c7dc1c method=com.android.dx.rop.cst.Constant.compareTo(Lcom/android/dx/rop/cst/Constant;)I @ 12
Event: 0.877 Thread 0x0000000016adc800 Uncommon trap: reason=bimorphic action=maybe_recompile pc=0x0000000002bc3124 method=java.util.HashMap.getNode(ILjava/lang/Object;)Ljava/util/HashMap$Node; @ 126
Event: 1.108 Thread 0x0000000016ae3800 Uncommon trap: reason=bimorphic action=maybe_recompile pc=0x0000000002ee6de8 method=com.android.dx.cf.code.BytecodeArray.parseInstruction(ILcom/android/dx/cf/code/BytecodeArray$Visitor;)I @ 1130
Event: 1.108 Thread 0x0000000016ae3800 Uncommon trap: reason=bimorphic action=maybe_recompile pc=0x0000000002ee69c8 method=com.android.dx.cf.code.BytecodeArray.parseInstruction(ILcom/android/dx/cf/code/BytecodeArray$Visitor;)I @ 907
Event: 1.108 Thread 0x0000000016ae3800 Uncommon trap: reason=bimorphic action=maybe_recompile pc=0x0000000002ee6de8 method=com.android.dx.cf.code.BytecodeArray.parseInstruction(ILcom/android/dx/cf/code/BytecodeArray$Visitor;)I @ 1130
Event: 1.108 Thread 0x0000000016ae3800 Uncommon trap: reason=bimorphic action=maybe_recompile pc=0x0000000002ee6a58 method=com.android.dx.cf.code.BytecodeArray.parseInstruction(ILcom/android/dx/cf/code/BytecodeArray$Visitor;)I @ 923
Event: 1.108 Thread 0x0000000016ae3800 Uncommon trap: reason=bimorphic action=maybe_recompile pc=0x0000000002ee6de8 method=com.android.dx.cf.code.BytecodeArray.parseInstruction(ILcom/android/dx/cf/code/BytecodeArray$Visitor;)I @ 1130
Event: 1.124 Thread 0x0000000016ae3800 Uncommon trap: reason=unstable_if action=reinterpret pc=0x0000000002c7bbec method=java.util.HashMap.putVal(ILjava/lang/Object;Ljava/lang/Object;ZZ)Ljava/lang/Object; @ 162
Event: 1.126 Thread 0x0000000016ae3800 Uncommon trap: reason=unstable_if action=reinterpret pc=0x0000000002bc3104 method=java.util.HashMap.getNode(ILjava/lang/Object;)Ljava/util/HashMap$Node; @ 84
Event: 1.130 Thread 0x0000000002842800 Uncommon trap: reason=unloaded action=reinterpret pc=0x0000000002e16b80 method=com.android.dx.cf.cst.ConstantPoolParser.parse0(ILjava/util/BitSet;)Lcom/android/dx/rop/cst/Constant; @ 176

Internal exceptions (7 events):
Event: 0.122 Thread 0x0000000002842800 Exception <a 'java/lang/NoSuchMethodError': Method sun.misc.Unsafe.defineClass(Ljava/lang/String;[BII)Ljava/lang/Class; name or signature does not match> (0x00000000eab07cc0) thrown at [D:\re\workspace\8-2-build-windows-amd64-cygwin\jdk8u92\6642\hotspot\srk∞!~≠Pø?
Event: 0.122 Thread 0x0000000002842800 Exception <a 'java/lang/NoSuchMethodError': Method sun.misc.Unsafe.prefetchRead(Ljava/lang/Object;J)V name or signature does not match> (0x00000000eab07fa8) thrown at [D:\re\workspace\8-2-build-windows-amd64-cygwin\jdk8u92\6642\hotspot\src\share\vm\prims\jü¥ú/ñg„?
Event: 0.606 Thread 0x0000000002842800 Implicit null exception at 0x0000000002c157ea to 0x0000000002c17745
Event: 0.710 Thread 0x0000000016adc800 Implicit null exception at 0x0000000002d12622 to 0x0000000002d1271a
Event: 1.125 Thread 0x0000000016ae3800 Exception <a 'java/lang/ArrayIndexOutOfBoundsException': 18> (0x00000000eb3caed0) thrown at [D:\re\workspace\8-2-build-windows-amd64-cygwin\jdk8u92\6642\hotspot\src\share\vm\interpreter\interpreterRuntime.cpp, line 366]
Event: 1.125 Thread 0x0000000016ae3800 Exception <a 'java/lang/ArrayIndexOutOfBoundsException': 145> (0x00000000eb3cca50) thrown at [D:\re\workspace\8-2-build-windows-amd64-cygwin\jdk8u92\6642\hotspot\src\share\vm\interpreter\interpreterRuntime.cpp, line 366]
Event: 1.125 Thread 0x0000000016ae3800 Exception <a 'java/lang/ArrayIndexOutOfBoundsException': 40> (0x00000000eb3cdd38) thrown at [D:\re\workspace\8-2-build-windows-amd64-cygwin\jdk8u92\6642\hotspot\src\share\vm\interpreter\interpreterRuntime.cpp, line 366]

Events (10 events):
Event: 1.125 loading class sun/reflect/generics/reflectiveObjects/TypeVariableImpl
Event: 1.125 loading class sun/reflect/generics/reflectiveObjects/LazyReflectiveObjectGenerator
Event: 1.125 loading class sun/reflect/generics/reflectiveObjects/LazyReflectiveObjectGenerator done
Event: 1.125 loading class sun/reflect/generics/reflectiveObjects/TypeVariableImpl done
Event: 1.126 Thread 0x0000000016ae3800 Uncommon trap: trap_request=0xffffff65 fr.pc=0x0000000002bc3104
Event: 1.126 Thread 0x0000000016ae3800 DEOPT PACKING pc=0x0000000002bc3104 sp=0x000000001736e9b0
Event: 1.126 Thread 0x0000000016ae3800 DEOPT UNPACKING pc=0x000000000298582a sp=0x000000001736e938 mode 2
Event: 1.130 Thread 0x0000000002842800 Uncommon trap: trap_request=0x000000cf fr.pc=0x0000000002e16b80
Event: 1.130 Thread 0x0000000002842800 DEOPT PACKING pc=0x0000000002e16b80 sp=0x000000000283e6f0
Event: 1.130 Thread 0x0000000002842800 DEOPT UNPACKING pc=0x000000000298582a sp=0x000000000283e6c0 mode 2


Dynamic libraries:
0x00007ff721820000 - 0x00007ff721857000 	C:\Program Files\Java\jdk1.8.0_92\bin\java.exe
0x00007fff6ded0000 - 0x00007fff6e07a000 	C:\Windows\SYSTEM32\ntdll.dll
0x00007fff6c140000 - 0x00007fff6c27a000 	C:\Windows\system32\KERNEL32.DLL
0x00007fff6b360000 - 0x00007fff6b46f000 	C:\Windows\system32\KERNELBASE.dll
0x00007fff69e70000 - 0x00007fff69ef8000 	C:\Windows\system32\apphelp.dll
0x00007fff4c570000 - 0x00007fff4c5bf000 	C:\Windows\AppPatch\AppPatch64\AcGenral.DLL
0x00007fff6c090000 - 0x00007fff6c137000 	C:\Windows\system32\msvcrt.dll
0x00007fff6b080000 - 0x00007fff6b0ab000 	C:\Windows\SYSTEM32\SspiCli.dll
0x00007fff6bd90000 - 0x00007fff6bde1000 	C:\Windows\system32\SHLWAPI.dll
0x00007fff6bb90000 - 0x00007fff6bd01000 	C:\Windows\system32\USER32.dll
0x00007fff6c570000 - 0x00007fff6c6e8000 	C:\Windows\system32\ole32.dll
0x00007fff6c760000 - 0x00007fff6db77000 	C:\Windows\system32\SHELL32.dll
0x00007fff6a8b0000 - 0x00007fff6a8ce000 	C:\Windows\SYSTEM32\USERENV.dll
0x00007fff6c4c0000 - 0x00007fff6c565000 	C:\Windows\system32\ADVAPI32.dll
0x00007fff665b0000 - 0x00007fff665cb000 	C:\Windows\SYSTEM32\MPR.dll
0x00007fff6ba50000 - 0x00007fff6bb86000 	C:\Windows\system32\RPCRT4.dll
0x00007fff6bd30000 - 0x00007fff6bd87000 	C:\Windows\SYSTEM32\sechost.dll
0x00007fff6c2e0000 - 0x00007fff6c4b6000 	C:\Windows\SYSTEM32\combase.dll
0x00007fff6bdf0000 - 0x00007fff6bf35000 	C:\Windows\system32\GDI32.dll
0x00007fff6b240000 - 0x00007fff6b254000 	C:\Windows\SYSTEM32\profapi.dll
0x00007fff698a0000 - 0x00007fff6993f000 	C:\Windows\SYSTEM32\SHCORE.dll
0x00007fff6dce0000 - 0x00007fff6dd14000 	C:\Windows\system32\IMM32.DLL
0x00007fff6bf40000 - 0x00007fff6c079000 	C:\Windows\system32\MSCTF.dll
0x00007fff68eb0000 - 0x00007fff6910a000 	C:\Windows\WinSxS\amd64_microsoft.windows.common-controls_6595b64144ccf1df_6.0.9600.17031_none_6242a4b3ecbb55a1\COMCTL32.dll
0x0000000073320000 - 0x00000000733f2000 	C:\Program Files\Java\jdk1.8.0_92\jre\bin\msvcr100.dll
0x00000000737b0000 - 0x0000000074046000 	C:\Program Files\Java\jdk1.8.0_92\jre\bin\server\jvm.dll
0x00007fff62d00000 - 0x00007fff62d09000 	C:\Windows\SYSTEM32\WSOCK32.dll
0x00007fff62420000 - 0x00007fff6243f000 	C:\Windows\SYSTEM32\WINMM.dll
0x00007fff68e70000 - 0x00007fff68e7a000 	C:\Windows\SYSTEM32\VERSION.dll
0x00007fff6c6f0000 - 0x00007fff6c6f7000 	C:\Windows\system32\PSAPI.DLL
0x00007fff6b9f0000 - 0x00007fff6ba48000 	C:\Windows\system32\WS2_32.dll
0x00007fff62190000 - 0x00007fff621ba000 	C:\Windows\SYSTEM32\WINMMBASE.dll
0x00007fff6dd20000 - 0x00007fff6dd29000 	C:\Windows\system32\NSI.dll
0x00007fff6b310000 - 0x00007fff6b35a000 	C:\Windows\SYSTEM32\cfgmgr32.dll
0x00007fff6a0c0000 - 0x00007fff6a0e6000 	C:\Windows\SYSTEM32\DEVOBJ.dll
0x00000000737a0000 - 0x00000000737af000 	C:\Program Files\Java\jdk1.8.0_92\jre\bin\verify.dll
0x0000000073770000 - 0x0000000073799000 	C:\Program Files\Java\jdk1.8.0_92\jre\bin\java.dll
0x0000000073750000 - 0x0000000073766000 	C:\Program Files\Java\jdk1.8.0_92\jre\bin\zip.dll

VM Arguments:
jvm_args: -Djava.awt.headless=true -Xmx1024M -Dfile.encoding=windows-1252 -Duser.country=US -Duser.language=en -Duser.variant 
java_command: com.android.dx.command.Main --dex --num-threads=4 --output C:\Zooket\app\build\intermediates\pre-dexed\debug\okhttp-2.4.0_787f9e023d436507c0c01ed8a5465d0311a90b76.jar C:\Users\Smo\.gradle\caches\modules-2\files-2.1\com.squareup.okhttp\okhttp\2.4.0\40340c0748190fe897baf7bffbc1b282734294e5\okhttp-2.4.0.jar
java_class_path (initial): C:\android-sdk-windows\build-tools\24.0.3\lib\dx.jar
Launcher Type: SUN_STANDARD

Environment Variables:
PATH=C:\ProgramData\Oracle\Java\javapath;C:\Windows\system32;C:\Windows;C:\Windows\System32\Wbem;C:\Windows\System32\WindowsPowerShell\v1.0\;C:\Program Files (x86)\NVIDIA Corporation\PhysX\Common;C:\Program Files (x86)\Windows Kits\8.1\Windows Performance Toolkit\;C:\Program Files\Microsoft SQL Server\110\Tools\Binn\;C:\Program Files\Microsoft SQL Server\110\DTS\Binn\;C:\Program Files (x86)\Microsoft SQL Server\110\Tools\Binn\;C:\Program Files (x86)\Microsoft SQL Server\110\Tools\Binn\ManagementStudio\;C:\Program Files (x86)\Microsoft Visual Studio 10.0\Common7\IDE\PrivateAssemblies\;C:\Program Files (x86)\Microsoft SQL Server\110\DTS\Binn\;C:\Program Files (x86)\GtkSharp\2.12\bin;C:\Program Files (x86)\QuickTime\QTSystem\
USERNAME=Smo
OS=Windows_NT
PROCESSOR_IDENTIFIER=Intel64 Family 6 Model 94 Stepping 3, GenuineIntel



---------------  S Y S T E M  ---------------

OS: Windows 8.1 , 64 bit Build 9600 (6.3.9600.17056)

CPU:total 4 (4 cores per cpu, 1 threads per core) family 6 model 94 stepping 3, cmov, cx8, fxsr, mmx, sse, sse2, sse3, ssse3, sse4.1, sse4.2, popcnt, avx, avx2, aes, clmul, erms, 3dnowpref, lzcnt, tsc, tscinvbit, bmi1, bmi2, adx

Memory: 4k page, physical 8266404k(1442988k free), swap 8266404k(5472k free)

vm_info: Java HotSpot(TM) 64-Bit Server VM (25.92-b14) for windows-amd64 JRE (1.8.0_92-b14), built on Mar 31 2016 21:03:04 by "java_re" with MS VC++ 10.0 (VS2010)

time: Tue Jun 06 21:12:09 2017
elapsed time: 1 seconds (0d 0h 0m 1s)

