#
# There is insufficient memory for the Java Runtime Environment to continue.
# Native memory allocation (malloc) failed to allocate 32784 bytes for Chunk::new
# Possible reasons:
#   The system is out of physical RAM or swap space
#   In 32 bit mode, the process size limit was hit
# Possible solutions:
#   Reduce memory load on the system
#   Increase physical memory or swap space
#   Check if swap backing store is full
#   Use 64 bit Java on a 64 bit OS
#   Decrease Java heap size (-Xmx/-Xms)
#   Decrease number of Java threads
#   Decrease Java thread stack sizes (-Xss)
#   Set larger code cache with -XX:ReservedCodeCacheSize=
# This output file may be truncated or incomplete.
#
#  Out of Memory Error (allocation.cpp:390), pid=8756, tid=0x000000000000224c
#
# JRE version: Java(TM) SE Runtime Environment (8.0_92-b14) (build 1.8.0_92-b14)
# Java VM: Java HotSpot(TM) 64-Bit Server VM (25.92-b14 mixed mode windows-amd64 compressed oops)
# Failed to write core dump. Minidumps are not enabled by default on client versions of Windows
#

---------------  T H R E A D  ---------------

Current thread (0x0000000014d8e000):  JavaThread "C2 CompilerThread0" daemon [_thread_in_native, id=8780, stack(0x00000000163d0000,0x00000000164d0000)]

Stack: [0x00000000163d0000,0x00000000164d0000]
[error occurred during error reporting (printing stack bounds), id 0xc0000005]

Native frames: (J=compiled Java code, j=interpreted, Vv=VM code, C=native code)


Current CompileTask:
C2:   4339 1697       4       com.android.dx.ssa.SCCP::simulateStmt (481 bytes)


---------------  P R O C E S S  ---------------

Java Threads: ( => current thread )
  0x0000000016834000 JavaThread "pool-1-thread-4" [_thread_blocked, id=4796, stack(0x00000000170d0000,0x00000000171d0000)]
  0x0000000016833800 JavaThread "pool-1-thread-3" [_thread_in_Java, id=8204, stack(0x0000000016fd0000,0x00000000170d0000)]
  0x0000000016832800 JavaThread "pool-1-thread-2" [_thread_in_Java, id=8820, stack(0x0000000016ed0000,0x0000000016fd0000)]
  0x0000000016821800 JavaThread "pool-2-thread-1" [_thread_blocked, id=2596, stack(0x0000000016dd0000,0x0000000016ed0000)]
  0x0000000016820800 JavaThread "pool-1-thread-1" [_thread_blocked, id=9324, stack(0x0000000016cd0000,0x0000000016dd0000)]
  0x00000000165d6800 JavaThread "Service Thread" daemon [_thread_blocked, id=9228, stack(0x0000000016ad0000,0x0000000016bd0000)]
  0x00000000165d1000 JavaThread "C1 CompilerThread2" daemon [_thread_blocked, id=9204, stack(0x00000000169d0000,0x0000000016ad0000)]
  0x0000000014de7000 JavaThread "C2 CompilerThread1" daemon [_thread_in_native, id=8164, stack(0x00000000164d0000,0x00000000165d0000)]
=>0x0000000014d8e000 JavaThread "C2 CompilerThread0" daemon [_thread_in_native, id=8780, stack(0x00000000163d0000,0x00000000164d0000)]
  0x0000000014d8c000 JavaThread "Attach Listener" daemon [_thread_blocked, id=2800, stack(0x00000000162d0000,0x00000000163d0000)]
  0x0000000014d8a800 JavaThread "Signal Dispatcher" daemon [_thread_blocked, id=8624, stack(0x00000000161d0000,0x00000000162d0000)]
  0x0000000014d7a800 JavaThread "Finalizer" daemon [_thread_blocked, id=8024, stack(0x0000000015ff0000,0x00000000160f0000)]
  0x00000000026b0800 JavaThread "Reference Handler" daemon [_thread_blocked, id=480, stack(0x0000000015ef0000,0x0000000015ff0000)]
  0x00000000025c2800 JavaThread "main" [_thread_blocked, id=8040, stack(0x0000000002410000,0x0000000002510000)]

Other Threads:
  0x0000000014d58800 VMThread [stack: 0x0000000015df0000,0x0000000015ef0000] [id=8228]
  0x00000000165f1800 WatcherThread [stack: 0x0000000016bd0000,0x0000000016cd0000] [id=7932]

VM state:not at safepoint (normal execution)

VM Mutex/Monitor currently owned by a thread: None

Heap:
 PSYoungGen      total 71680K, used 28117K [0x00000000eab00000, 0x00000000ef600000, 0x0000000100000000)
  eden space 66560K, 34% used [0x00000000eab00000,0x00000000ec176cc8,0x00000000eec00000)
  from space 5120K, 99% used [0x00000000ef100000,0x00000000ef5feac8,0x00000000ef600000)
  to   space 5120K, 0% used [0x00000000eec00000,0x00000000eec00000,0x00000000ef100000)
 ParOldGen       total 87552K, used 4886K [0x00000000c0000000, 0x00000000c5580000, 0x00000000eab00000)
  object space 87552K, 5% used [0x00000000c0000000,0x00000000c04c5b38,0x00000000c5580000)
 Metaspace       used 6288K, capacity 7090K, committed 7296K, reserved 1056768K
  class space    used 603K, capacity 618K, committed 640K, reserved 1048576K

Card table byte_map: [0x0000000011a80000,0x0000000011c90000] byte_map_base: 0x0000000011480000

Marking Bits: (ParMarkBitMap*) 0x0000000076f664f0
 Begin Bits: [0x00000000121f0000, 0x00000000131f0000)
 End Bits:   [0x00000000131f0000, 0x00000000141f0000)

Polling page: 0x0000000000ba0000

CodeCache: size=245760Kb used=7025Kb max_used=7025Kb free=238734Kb
 bounds [0x00000000026c0000, 0x0000000002db0000, 0x00000000116c0000]
 total_blobs=1978 nmethods=1708 adapters=182
 compilation: enabled

Compilation events (10 events):
Event: 4.319 Thread 0x00000000165d1000 1714       3       com.android.dx.dex.code.OutputCollector::getFinisher (26 bytes)
Event: 4.319 Thread 0x00000000165d1000 nmethod 1714 0x0000000002d9e750 code [0x0000000002d9e8e0, 0x0000000002d9eb78]
Event: 4.319 Thread 0x00000000165d1000 1716       3       com.android.dx.dex.code.DalvCode::<init> (68 bytes)
Event: 4.319 Thread 0x00000000165d1000 nmethod 1716 0x0000000002d9ec90 code [0x0000000002d9ee20, 0x0000000002d9f238]
Event: 4.321 Thread 0x00000000165d1000 1718       3       com.android.dx.dex.file.ClassDefItem::addVirtualMethod (9 bytes)
Event: 4.321 Thread 0x00000000165d1000 nmethod 1718 0x0000000002d9f3d0 code [0x0000000002d9f580, 0x0000000002d9fc38]
Event: 4.322 Thread 0x00000000165d1000 1719       3       java.util.concurrent.locks.ReentrantLock$NonfairSync::lock (25 bytes)
Event: 4.322 Thread 0x00000000165d1000 nmethod 1719 0x0000000002da0010 code [0x0000000002da01e0, 0x0000000002da0a18]
Event: 4.323 Thread 0x00000000165d1000 1720       3       java.util.concurrent.locks.AbstractQueuedSynchronizer::parkAndCheckInterrupt (8 bytes)
Event: 4.323 Thread 0x00000000165d1000 nmethod 1720 0x0000000002da0c90 code [0x0000000002da0e20, 0x0000000002da1298]

GC Heap History (4 events):
Event: 3.559 GC heap before
{Heap before GC invocations=1 (full 0):
 PSYoungGen      total 38400K, used 33280K [0x00000000eab00000, 0x00000000ed580000, 0x0000000100000000)
  eden space 33280K, 100% used [0x00000000eab00000,0x00000000ecb80000,0x00000000ecb80000)
  from space 5120K, 0% used [0x00000000ed080000,0x00000000ed080000,0x00000000ed580000)
  to   space 5120K, 0% used [0x00000000ecb80000,0x00000000ecb80000,0x00000000ed080000)
 ParOldGen       total 87552K, used 0K [0x00000000c0000000, 0x00000000c5580000, 0x00000000eab00000)
  object space 87552K, 0% used [0x00000000c0000000,0x00000000c0000000,0x00000000c5580000)
 Metaspace       used 6016K, capacity 6898K, committed 7040K, reserved 1056768K
  class space    used 597K, capacity 618K, committed 640K, reserved 1048576K
Event: 3.702 GC heap after
Heap after GC invocations=1 (full 0):
 PSYoungGen      total 38400K, used 5108K [0x00000000eab00000, 0x00000000ef600000, 0x0000000100000000)
  eden space 33280K, 0% used [0x00000000eab00000,0x00000000eab00000,0x00000000ecb80000)
  from space 5120K, 99% used [0x00000000ecb80000,0x00000000ed07d290,0x00000000ed080000)
  to   space 5120K, 0% used [0x00000000ef100000,0x00000000ef100000,0x00000000ef600000)
 ParOldGen       total 87552K, used 921K [0x00000000c0000000, 0x00000000c5580000, 0x00000000eab00000)
  object space 87552K, 1% used [0x00000000c0000000,0x00000000c00e6710,0x00000000c5580000)
 Metaspace       used 6016K, capacity 6898K, committed 7040K, reserved 1056768K
  class space    used 597K, capacity 618K, committed 640K, reserved 1048576K
}
Event: 4.035 GC heap before
{Heap before GC invocations=2 (full 0):
 PSYoungGen      total 38400K, used 38388K [0x00000000eab00000, 0x00000000ef600000, 0x0000000100000000)
  eden space 33280K, 100% used [0x00000000eab00000,0x00000000ecb80000,0x00000000ecb80000)
  from space 5120K, 99% used [0x00000000ecb80000,0x00000000ed07d290,0x00000000ed080000)
  to   space 5120K, 0% used [0x00000000ef100000,0x00000000ef100000,0x00000000ef600000)
 ParOldGen       total 87552K, used 921K [0x00000000c0000000, 0x00000000c5580000, 0x00000000eab00000)
  object space 87552K, 1% used [0x00000000c0000000,0x00000000c00e6710,0x00000000c5580000)
 Metaspace       used 6256K, capacity 7090K, committed 7296K, reserved 1056768K
  class space    used 603K, capacity 618K, committed 640K, reserved 1048576K
Event: 4.220 GC heap after
Heap after GC invocations=2 (full 0):
 PSYoungGen      total 71680K, used 5114K [0x00000000eab00000, 0x00000000ef600000, 0x0000000100000000)
  eden space 66560K, 0% used [0x00000000eab00000,0x00000000eab00000,0x00000000eec00000)
  from space 5120K, 99% used [0x00000000ef100000,0x00000000ef5feac8,0x00000000ef600000)
  to   space 5120K, 0% used [0x00000000eec00000,0x00000000eec00000,0x00000000ef100000)
 ParOldGen       total 87552K, used 4886K [0x00000000c0000000, 0x00000000c5580000, 0x00000000eab00000)
  object space 87552K, 5% used [0x00000000c0000000,0x00000000c04c5b38,0x00000000c5580000)
 Metaspace       used 6256K, capacity 7090K, committed 7296K, reserved 1056768K
  class space    used 603K, capacity 618K, committed 640K, reserved 1048576K
}

Deoptimization events (10 events):
Event: 2.985 Thread 0x0000000016833800 Uncommon trap: reason=unstable_if action=reinterpret pc=0x0000000002a4a3bc method=com.android.dx.rop.code.LocalItem.hashCode()I @ 25
Event: 3.739 Thread 0x0000000016834000 Uncommon trap: reason=null_check action=make_not_entrant pc=0x0000000002a18860 method=com.android.dx.ssa.SsaRenamer.getLocalForNewReg(I)Lcom/android/dx/rop/code/LocalItem; @ 19
Event: 3.739 Thread 0x0000000016834000 Uncommon trap: reason=null_check action=make_not_entrant pc=0x0000000002a294f4 method=com.android.dx.ssa.SsaRenamer.getLocalForNewReg(I)Lcom/android/dx/rop/code/LocalItem; @ 19
Event: 3.922 Thread 0x0000000016820800 Uncommon trap: reason=unstable_if action=reinterpret pc=0x0000000002ba1cd8 method=com.android.dx.ssa.SCCP.simulateStmt(Lcom/android/dx/ssa/SsaInsn;)V @ 53
Event: 3.987 Thread 0x0000000016832800 Uncommon trap: reason=bimorphic action=maybe_recompile pc=0x0000000002cebfa4 method=com.android.dx.ssa.SCCP.simulatePhi(Lcom/android/dx/ssa/PhiInsn;)V @ 124
Event: 4.250 Thread 0x0000000016834000 Uncommon trap: reason=bimorphic action=maybe_recompile pc=0x0000000002cc7450 method=com.android.dx.rop.code.RegisterSpec.withSimpleType()Lcom/android/dx/rop/code/RegisterSpec; @ 21
Event: 4.288 Thread 0x0000000016833800 Uncommon trap: reason=unstable_if action=reinterpret pc=0x0000000002a9f0b4 method=com.android.dx.rop.code.RegisterSpecSet.<init>(I)V @ 2
Event: 4.298 Thread 0x0000000016833800 Uncommon trap: reason=unstable_if action=reinterpret pc=0x0000000002bece44 method=com.android.dx.ssa.SCCP.simulateBranch(Lcom/android/dx/ssa/SsaInsn;)V @ 64
Event: 4.298 Thread 0x0000000016833800 Uncommon trap: reason=unloaded action=reinterpret pc=0x0000000002c47964 method=com.android.dx.ssa.LiteralOpUpgrader$1.visitNonMoveInsn(Lcom/android/dx/ssa/NormalSsaInsn;)V @ 72
Event: 4.299 Thread 0x0000000016833800 Uncommon trap: reason=unstable_if action=reinterpret pc=0x0000000002b5011c method=com.android.dx.ssa.SsaMethod.updateOneDefinition(Lcom/android/dx/ssa/SsaInsn;Lcom/android/dx/rop/code/RegisterSpec;)V @ 4

Internal exceptions (4 events):
Event: 0.274 Thread 0x00000000025c2800 Exception <a 'java/lang/NoSuchMethodError': Method sun.misc.Unsafe.defineClass(Ljava/lang/String;[BII)Ljava/lang/Class; name or signature does not match> (0x00000000eab07cc0) thrown at [D:\re\workspace\8-2-build-windows-amd64-cygwin\jdk8u92\6642\hotspot\sr¿¼“t‹ŒÑ?
Event: 0.274 Thread 0x00000000025c2800 Exception <a 'java/lang/NoSuchMethodError': Method sun.misc.Unsafe.prefetchRead(Ljava/lang/Object;J)V name or signature does not match> (0x00000000eab07fa8) thrown at [D:\re\workspace\8-2-build-windows-amd64-cygwin\jdk8u92\6642\hotspot\src\share\vm\prims\j·"_®è@
Event: 3.739 Thread 0x0000000016834000 Implicit null exception at 0x0000000002a170b7 to 0x0000000002a18819
Event: 3.739 Thread 0x0000000016834000 Implicit null exception at 0x0000000002a28ae1 to 0x0000000002a294d1

Events (10 events):
Event: 4.298 Thread 0x0000000016833800 DEOPT PACKING pc=0x0000000002bece44 sp=0x00000000170ce6c0
Event: 4.298 Thread 0x0000000016833800 DEOPT UNPACKING pc=0x000000000270582a sp=0x00000000170ce670 mode 2
Event: 4.298 Thread 0x0000000016833800 Uncommon trap: trap_request=0x0000004e fr.pc=0x0000000002c47964
Event: 4.299 loading class com/android/dx/rop/code/RegOps
Event: 4.299 loading class com/android/dx/rop/code/RegOps done
Event: 4.299 Thread 0x0000000016833800 DEOPT PACKING pc=0x0000000002c47964 sp=0x00000000170ce7f0
Event: 4.299 Thread 0x0000000016833800 DEOPT UNPACKING pc=0x000000000270582a sp=0x00000000170ce7b8 mode 2
Event: 4.299 Thread 0x0000000016833800 Uncommon trap: trap_request=0xffffff65 fr.pc=0x0000000002b5011c
Event: 4.299 Thread 0x0000000016833800 DEOPT PACKING pc=0x0000000002b5011c sp=0x00000000170ce630
Event: 4.299 Thread 0x0000000016833800 DEOPT UNPACKING pc=0x000000000270582a sp=0x00000000170ce5d8 mode 2


Dynamic libraries:
0x00007ff6cbb10000 - 0x00007ff6cbb47000 	C:\Program Files\Java\jdk1.8.0_92\bin\java.exe
0x00007ffae65e0000 - 0x00007ffae678a000 	C:\Windows\SYSTEM32\ntdll.dll
0x00007ffae5b60000 - 0x00007ffae5c9a000 	C:\Windows\system32\KERNEL32.DLL
0x00007ffae3d50000 - 0x00007ffae3e5f000 	C:\Windows\system32\KERNELBASE.dll
0x00007ffae2580000 - 0x00007ffae2608000 	C:\Windows\system32\apphelp.dll
0x00007fface8f0000 - 0x00007fface93f000 	C:\Windows\AppPatch\AppPatch64\AcGenral.DLL
0x00007ffae5710000 - 0x00007ffae57b7000 	C:\Windows\system32\msvcrt.dll
0x00007ffae3790000 - 0x00007ffae37bb000 	C:\Windows\SYSTEM32\SspiCli.dll
0x00007ffae5e40000 - 0x00007ffae5e91000 	C:\Windows\system32\SHLWAPI.dll
0x00007ffae6460000 - 0x00007ffae65d1000 	C:\Windows\system32\USER32.dll
0x00007ffae5cc0000 - 0x00007ffae5e38000 	C:\Windows\system32\ole32.dll
0x00007ffae4010000 - 0x00007ffae5427000 	C:\Windows\system32\SHELL32.dll
0x00007ffae2fc0000 - 0x00007ffae2fde000 	C:\Windows\SYSTEM32\USERENV.dll
0x00007ffae5f20000 - 0x00007ffae5fc5000 	C:\Windows\system32\ADVAPI32.dll
0x00007ffade890000 - 0x00007ffade8ab000 	C:\Windows\SYSTEM32\MPR.dll
0x00007ffae6100000 - 0x00007ffae6236000 	C:\Windows\system32\RPCRT4.dll
0x00007ffae5430000 - 0x00007ffae5487000 	C:\Windows\SYSTEM32\sechost.dll
0x00007ffae5530000 - 0x00007ffae5706000 	C:\Windows\SYSTEM32\combase.dll
0x00007ffae3ec0000 - 0x00007ffae4005000 	C:\Windows\system32\GDI32.dll
0x00007ffae3950000 - 0x00007ffae3964000 	C:\Windows\SYSTEM32\profapi.dll
0x00007ffae1fb0000 - 0x00007ffae204f000 	C:\Windows\SYSTEM32\SHCORE.dll
0x00007ffae6240000 - 0x00007ffae6274000 	C:\Windows\system32\IMM32.DLL
0x00007ffae5880000 - 0x00007ffae59b9000 	C:\Windows\system32\MSCTF.dll
0x00007ffae1620000 - 0x00007ffae187a000 	C:\Windows\WinSxS\amd64_microsoft.windows.common-controls_6595b64144ccf1df_6.0.9600.17031_none_6242a4b3ecbb55a1\COMCTL32.dll
0x0000000076040000 - 0x0000000076112000 	C:\Program Files\Java\jdk1.8.0_92\jre\bin\msvcr100.dll
0x0000000076750000 - 0x0000000076fe6000 	C:\Program Files\Java\jdk1.8.0_92\jre\bin\server\jvm.dll
0x00007ffadb460000 - 0x00007ffadb469000 	C:\Windows\SYSTEM32\WSOCK32.dll
0x00007ffad84b0000 - 0x00007ffad84cf000 	C:\Windows\SYSTEM32\WINMM.dll
0x00007ffae1520000 - 0x00007ffae152a000 	C:\Windows\SYSTEM32\VERSION.dll
0x00007ffae6030000 - 0x00007ffae6037000 	C:\Windows\system32\PSAPI.DLL
0x00007ffae5fd0000 - 0x00007ffae6028000 	C:\Windows\system32\WS2_32.dll
0x00007ffad8480000 - 0x00007ffad84aa000 	C:\Windows\SYSTEM32\WINMMBASE.dll
0x00007ffae5cb0000 - 0x00007ffae5cb9000 	C:\Windows\system32\NSI.dll
0x00007ffae3a20000 - 0x00007ffae3a6a000 	C:\Windows\SYSTEM32\cfgmgr32.dll
0x00007ffae27d0000 - 0x00007ffae27f6000 	C:\Windows\SYSTEM32\DEVOBJ.dll
0x0000000050000000 - 0x000000005000f000 	C:\Program Files\Java\jdk1.8.0_92\jre\bin\verify.dll
0x0000000076720000 - 0x0000000076749000 	C:\Program Files\Java\jdk1.8.0_92\jre\bin\java.dll
0x0000000076700000 - 0x0000000076716000 	C:\Program Files\Java\jdk1.8.0_92\jre\bin\zip.dll

VM Arguments:
jvm_args: -Djava.awt.headless=true -Xmx1024M -Dfile.encoding=windows-1252 -Duser.country=US -Duser.language=en -Duser.variant 
java_command: com.android.dx.command.Main --dex --force-jumbo --num-threads=4 --output C:\Zooket\app\build\intermediates\pre-dexed\debug\internal_impl-23.4.0_191df91ce83363c6e957f0add757b9f9490bd4ee.jar C:\Zooket\app\build\intermediates\exploded-aar\com.android.support\support-v4\23.4.0\jars\libs\internal_impl-23.4.0.jar
java_class_path (initial): C:\android-sdk-windows\build-tools\24.0.3\lib\dx.jar
Launcher Type: SUN_STANDARD

Environment Variables:
PATH=C:\ProgramData\Oracle\Java\javapath;C:\Windows\system32;C:\Windows;C:\Windows\System32\Wbem;C:\Windows\System32\WindowsPowerShell\v1.0\;C:\Program Files (x86)\NVIDIA Corporation\PhysX\Common;C:\Program Files (x86)\Windows Kits\8.1\Windows Performance Toolkit\;C:\Program Files\Microsoft SQL Server\110\Tools\Binn\;C:\Program Files\Microsoft SQL Server\110\DTS\Binn\;C:\Program Files (x86)\Microsoft SQL Server\110\Tools\Binn\;C:\Program Files (x86)\Microsoft SQL Server\110\Tools\Binn\ManagementStudio\;C:\Program Files (x86)\Microsoft Visual Studio 10.0\Common7\IDE\PrivateAssemblies\;C:\Program Files (x86)\Microsoft SQL Server\110\DTS\Binn\;C:\Program Files (x86)\GtkSharp\2.12\bin;C:\Program Files (x86)\QuickTime\QTSystem\
USERNAME=Smo
OS=Windows_NT
PROCESSOR_IDENTIFIER=Intel64 Family 6 Model 94 Stepping 3, GenuineIntel



---------------  S Y S T E M  ---------------

OS: Windows 8.1 , 64 bit Build 9600 (6.3.9600.17056)

CPU:total 4 (4 cores per cpu, 1 threads per core) family 6 model 94 stepping 3, cmov, cx8, fxsr, mmx, sse, sse2, sse3, ssse3, sse4.1, sse4.2, popcnt, avx, avx2, aes, clmul, erms, 3dnowpref, lzcnt, tsc, tscinvbit, bmi1, bmi2, adx

Memory: 4k page, physical 8266404k(1462340k free), swap 8266404k(5232k free)

vm_info: Java HotSpot(TM) 64-Bit Server VM (25.92-b14) for windows-amd64 JRE (1.8.0_92-b14), built on Mar 31 2016 21:03:04 by "java_re" with MS VC++ 10.0 (VS2010)

time: Thu May 18 19:20:05 2017
elapsed time: 4 seconds (0d 0h 0m 4s)

