#
# There is insufficient memory for the Java Runtime Environment to continue.
# Native memory allocation (malloc) failed to allocate 1234144 bytes for Chunk::new
# Possible reasons:
#   The system is out of physical RAM or swap space
#   In 32 bit mode, the process size limit was hit
# Possible solutions:
#   Reduce memory load on the system
#   Increase physical memory or swap space
#   Check if swap backing store is full
#   Use 64 bit Java on a 64 bit OS
#   Decrease Java heap size (-Xmx/-Xms)
#   Decrease number of Java threads
#   Decrease Java thread stack sizes (-Xss)
#   Set larger code cache with -XX:ReservedCodeCacheSize=
# This output file may be truncated or incomplete.
#
#  Out of Memory Error (allocation.cpp:390), pid=6348, tid=0x000000000000141c
#
# JRE version: Java(TM) SE Runtime Environment (8.0_92-b14) (build 1.8.0_92-b14)
# Java VM: Java HotSpot(TM) 64-Bit Server VM (25.92-b14 mixed mode windows-amd64 compressed oops)
# Failed to write core dump. Minidumps are not enabled by default on client versions of Windows
#

---------------  T H R E A D  ---------------

Current thread (0x0000000014e8e000):  JavaThread "C2 CompilerThread0" daemon [_thread_in_native, id=5148, stack(0x00000000164d0000,0x00000000165d0000)]

Stack: [0x00000000164d0000,0x00000000165d0000]
[error occurred during error reporting (printing stack bounds), id 0xc0000005]

Native frames: (J=compiled Java code, j=interpreted, Vv=VM code, C=native code)


Current CompileTask:
C2:   3789 1376   !   4       com.android.dx.cf.code.Ropper::processBlock (1101 bytes)


---------------  P R O C E S S  ---------------

Java Threads: ( => current thread )
  0x00000000166d6800 JavaThread "Service Thread" daemon [_thread_blocked, id=4820, stack(0x0000000016bd0000,0x0000000016cd0000)]
  0x00000000166d1000 JavaThread "C1 CompilerThread2" daemon [_thread_blocked, id=284, stack(0x0000000016ad0000,0x0000000016bd0000)]
  0x0000000014ee7800 JavaThread "C2 CompilerThread1" daemon [_thread_in_native, id=2908, stack(0x00000000165d0000,0x00000000166d0000)]
=>0x0000000014e8e000 JavaThread "C2 CompilerThread0" daemon [_thread_in_native, id=5148, stack(0x00000000164d0000,0x00000000165d0000)]
  0x0000000014e8c000 JavaThread "Attach Listener" daemon [_thread_blocked, id=1488, stack(0x00000000163d0000,0x00000000164d0000)]
  0x0000000014e8b000 JavaThread "Signal Dispatcher" daemon [_thread_blocked, id=7588, stack(0x00000000162d0000,0x00000000163d0000)]
  0x0000000014e7a800 JavaThread "Finalizer" daemon [_thread_blocked, id=5160, stack(0x00000000160f0000,0x00000000161f0000)]
  0x00000000027b0800 JavaThread "Reference Handler" daemon [_thread_blocked, id=7956, stack(0x0000000015ff0000,0x00000000160f0000)]
  0x00000000026c2800 JavaThread "main" [_thread_in_Java, id=7252, stack(0x00000000024e0000,0x00000000025e0000)]

Other Threads:
  0x0000000014e58800 VMThread [stack: 0x0000000015ef0000,0x0000000015ff0000] [id=2892]
  0x00000000166da800 WatcherThread [stack: 0x0000000016cd0000,0x0000000016dd0000] [id=6376]

VM state:not at safepoint (normal execution)

VM Mutex/Monitor currently owned by a thread: None

Heap:
 PSYoungGen      total 38400K, used 28928K [0x00000000eab00000, 0x00000000ef600000, 0x0000000100000000)
  eden space 33280K, 71% used [0x00000000eab00000,0x00000000ec2442e8,0x00000000ecb80000)
  from space 5120K, 99% used [0x00000000ecb80000,0x00000000ed07c058,0x00000000ed080000)
  to   space 5120K, 0% used [0x00000000ef100000,0x00000000ef100000,0x00000000ef600000)
 ParOldGen       total 87552K, used 1689K [0x00000000c0000000, 0x00000000c5580000, 0x00000000eab00000)
  object space 87552K, 1% used [0x00000000c0000000,0x00000000c01a6590,0x00000000c5580000)
 Metaspace       used 6240K, capacity 7128K, committed 7424K, reserved 1056768K
  class space    used 618K, capacity 656K, committed 768K, reserved 1048576K

Card table byte_map: [0x0000000011b80000,0x0000000011d90000] byte_map_base: 0x0000000011580000

Marking Bits: (ParMarkBitMap*) 0x00000000582664f0
 Begin Bits: [0x00000000122f0000, 0x00000000132f0000)
 End Bits:   [0x00000000132f0000, 0x00000000142f0000)

Polling page: 0x0000000000c80000

CodeCache: size=245760Kb used=5916Kb max_used=5929Kb free=239843Kb
 bounds [0x00000000027c0000, 0x0000000002d90000, 0x00000000117c0000]
 total_blobs=1763 nmethods=1494 adapters=182
 compilation: enabled

Compilation events (10 events):
Event: 3.507 Thread 0x00000000166d1000 1509       2       com.android.dx.rop.code.RegisterSpecSet::getMaxSize (6 bytes)
Event: 3.507 Thread 0x00000000166d1000 nmethod 1509 0x0000000002d84150 code [0x0000000002d842a0, 0x0000000002d843f0]
Event: 3.507 Thread 0x00000000166d1000 1510       2       com.android.dx.rop.code.BasicBlock::canThrow (11 bytes)
Event: 3.507 Thread 0x00000000166d1000 nmethod 1510 0x0000000002d84490 code [0x0000000002d84600, 0x0000000002d84818]
Event: 3.520 Thread 0x0000000014ee7800 nmethod 1390 0x0000000002d89b90 code [0x0000000002d89e40, 0x0000000002d8c2e8]
Event: 3.520 Thread 0x0000000014ee7800 1427       4       java.util.HashMap::putVal (300 bytes)
Event: 3.527 Thread 0x0000000014ee7800 nmethod 1427 0x0000000002d85790 code [0x0000000002d85940, 0x0000000002d86138]
Event: 3.527 Thread 0x0000000014ee7800 1426       4       java.util.HashMap::put (13 bytes)
Event: 3.535 Thread 0x0000000014ee7800 nmethod 1426 0x0000000002d8ea90 code [0x0000000002d8ec40, 0x0000000002d8f438]
Event: 3.535 Thread 0x0000000014ee7800 1438       4       com.android.dx.dex.code.OutputFinisher::addConstants (93 bytes)

GC Heap History (2 events):
Event: 2.747 GC heap before
{Heap before GC invocations=1 (full 0):
 PSYoungGen      total 38400K, used 33280K [0x00000000eab00000, 0x00000000ed580000, 0x0000000100000000)
  eden space 33280K, 100% used [0x00000000eab00000,0x00000000ecb80000,0x00000000ecb80000)
  from space 5120K, 0% used [0x00000000ed080000,0x00000000ed080000,0x00000000ed580000)
  to   space 5120K, 0% used [0x00000000ecb80000,0x00000000ecb80000,0x00000000ed080000)
 ParOldGen       total 87552K, used 0K [0x00000000c0000000, 0x00000000c5580000, 0x00000000eab00000)
  object space 87552K, 0% used [0x00000000c0000000,0x00000000c0000000,0x00000000c5580000)
 Metaspace       used 5961K, capacity 6902K, committed 7040K, reserved 1056768K
  class space    used 601K, capacity 622K, committed 640K, reserved 1048576K
Event: 2.874 GC heap after
Heap after GC invocations=1 (full 0):
 PSYoungGen      total 38400K, used 5104K [0x00000000eab00000, 0x00000000ef600000, 0x0000000100000000)
  eden space 33280K, 0% used [0x00000000eab00000,0x00000000eab00000,0x00000000ecb80000)
  from space 5120K, 99% used [0x00000000ecb80000,0x00000000ed07c058,0x00000000ed080000)
  to   space 5120K, 0% used [0x00000000ef100000,0x00000000ef100000,0x00000000ef600000)
 ParOldGen       total 87552K, used 1689K [0x00000000c0000000, 0x00000000c5580000, 0x00000000eab00000)
  object space 87552K, 1% used [0x00000000c0000000,0x00000000c01a6590,0x00000000c5580000)
 Metaspace       used 5961K, capacity 6902K, committed 7040K, reserved 1056768K
  class space    used 601K, capacity 622K, committed 640K, reserved 1048576K
}

Deoptimization events (10 events):
Event: 3.467 Thread 0x00000000026c2800 Uncommon trap: reason=class_check action=maybe_recompile pc=0x0000000002d26e08 method=java.util.Arrays.hashCode([Ljava/lang/Object;)I @ 43
Event: 3.467 Thread 0x00000000026c2800 Uncommon trap: reason=class_check action=maybe_recompile pc=0x0000000002c026e8 method=java.util.Arrays.hashCode([Ljava/lang/Object;)I @ 43
Event: 3.504 Thread 0x00000000026c2800 Uncommon trap: reason=speculate_class_check action=maybe_recompile pc=0x0000000002b38f60 method=com.android.dx.util.FixedSizeList.equals(Ljava/lang/Object;)Z @ 25
Event: 3.504 Thread 0x00000000026c2800 Uncommon trap: reason=class_check action=maybe_recompile pc=0x0000000002b24cb0 method=java.util.Arrays.equals([Ljava/lang/Object;[Ljava/lang/Object;)Z @ 62
Event: 3.504 Thread 0x00000000026c2800 Uncommon trap: reason=speculate_class_check action=maybe_recompile pc=0x0000000002b38f60 method=com.android.dx.util.FixedSizeList.equals(Ljava/lang/Object;)Z @ 25
Event: 3.504 Thread 0x00000000026c2800 Uncommon trap: reason=class_check action=maybe_recompile pc=0x0000000002b24cb0 method=java.util.Arrays.equals([Ljava/lang/Object;[Ljava/lang/Object;)Z @ 62
Event: 3.504 Thread 0x00000000026c2800 Uncommon trap: reason=speculate_class_check action=maybe_recompile pc=0x0000000002b38f60 method=com.android.dx.util.FixedSizeList.equals(Ljava/lang/Object;)Z @ 25
Event: 3.504 Thread 0x00000000026c2800 Uncommon trap: reason=class_check action=maybe_recompile pc=0x0000000002b24cb0 method=java.util.Arrays.equals([Ljava/lang/Object;[Ljava/lang/Object;)Z @ 62
Event: 3.504 Thread 0x00000000026c2800 Uncommon trap: reason=speculate_class_check action=maybe_recompile pc=0x0000000002b38f60 method=com.android.dx.util.FixedSizeList.equals(Ljava/lang/Object;)Z @ 25
Event: 3.504 Thread 0x00000000026c2800 Uncommon trap: reason=class_check action=maybe_recompile pc=0x0000000002b24cb0 method=java.util.Arrays.equals([Ljava/lang/Object;[Ljava/lang/Object;)Z @ 62

Internal exceptions (4 events):
Event: 0.524 Thread 0x00000000026c2800 Exception <a 'java/lang/NoSuchMethodError': Method sun.misc.Unsafe.defineClass(Ljava/lang/String;[BII)Ljava/lang/Class; name or signature does not match> (0x00000000eab07cc0) thrown at [D:\re\workspace\8-2-build-windows-amd64-cygwin\jdk8u92\6642\hotspot\sril±õ­Çà?
Event: 0.524 Thread 0x00000000026c2800 Exception <a 'java/lang/NoSuchMethodError': Method sun.misc.Unsafe.prefetchRead(Ljava/lang/Object;J)V name or signature does not match> (0x00000000eab07fa8) thrown at [D:\re\workspace\8-2-build-windows-amd64-cygwin\jdk8u92\6642\hotspot\src\share\vm\prims\j¾iJ'påþ?
Event: 1.931 Thread 0x0000000016830000 Implicit null exception at 0x0000000002ade12a to 0x0000000002adffb5
Event: 2.904 Thread 0x0000000016836800 Implicit null exception at 0x0000000002b867e2 to 0x0000000002b868da

Events (10 events):
Event: 3.504 Thread 0x00000000026c2800 DEOPT UNPACKING pc=0x000000000280582a sp=0x00000000025de950 mode 2
Event: 3.504 Thread 0x00000000026c2800 Uncommon trap: trap_request=0xffffffde fr.pc=0x0000000002b24cb0
Event: 3.504 Thread 0x00000000026c2800 DEOPT PACKING pc=0x0000000002b24cb0 sp=0x00000000025de920
Event: 3.504 Thread 0x00000000026c2800 DEOPT UNPACKING pc=0x000000000280582a sp=0x00000000025de8c0 mode 2
Event: 3.504 loading class com/android/dx/dex/code/CatchTable$Entry
Event: 3.504 loading class com/android/dx/dex/code/CatchTable$Entry done
Event: 3.504 loading class com/android/dx/util/ByteArrayAnnotatedOutput
Event: 3.504 loading class com/android/dx/util/ByteArrayAnnotatedOutput done
Event: 3.507 loading class com/android/dx/rop/code/RegisterSpecList$Expander
Event: 3.507 loading class com/android/dx/rop/code/RegisterSpecList$Expander done


Dynamic libraries:
0x00007ff6efb20000 - 0x00007ff6efb57000 	C:\Program Files\Java\jdk1.8.0_92\bin\java.exe
0x00007ffd45f40000 - 0x00007ffd460ea000 	C:\Windows\SYSTEM32\ntdll.dll
0x00007ffd43cb0000 - 0x00007ffd43dea000 	C:\Windows\system32\KERNEL32.DLL
0x00007ffd43380000 - 0x00007ffd4348f000 	C:\Windows\system32\KERNELBASE.dll
0x00007ffd41ee0000 - 0x00007ffd41f68000 	C:\Windows\system32\apphelp.dll
0x00007ffd37e70000 - 0x00007ffd37ebf000 	C:\Windows\AppPatch\AppPatch64\AcGenral.DLL
0x00007ffd441d0000 - 0x00007ffd44277000 	C:\Windows\system32\msvcrt.dll
0x00007ffd430f0000 - 0x00007ffd4311b000 	C:\Windows\SYSTEM32\SspiCli.dll
0x00007ffd44280000 - 0x00007ffd442d1000 	C:\Windows\system32\SHLWAPI.dll
0x00007ffd45b50000 - 0x00007ffd45cc1000 	C:\Windows\system32\USER32.dll
0x00007ffd43a70000 - 0x00007ffd43be8000 	C:\Windows\system32\ole32.dll
0x00007ffd444e0000 - 0x00007ffd458f7000 	C:\Windows\system32\SHELL32.dll
0x00007ffd42920000 - 0x00007ffd4293e000 	C:\Windows\SYSTEM32\USERENV.dll
0x00007ffd442e0000 - 0x00007ffd44385000 	C:\Windows\system32\ADVAPI32.dll
0x00007ffd3e8c0000 - 0x00007ffd3e8db000 	C:\Windows\SYSTEM32\MPR.dll
0x00007ffd45d90000 - 0x00007ffd45ec6000 	C:\Windows\system32\RPCRT4.dll
0x00007ffd43fd0000 - 0x00007ffd44027000 	C:\Windows\SYSTEM32\sechost.dll
0x00007ffd43df0000 - 0x00007ffd43fc6000 	C:\Windows\SYSTEM32\combase.dll
0x00007ffd43900000 - 0x00007ffd43a45000 	C:\Windows\system32\GDI32.dll
0x00007ffd432b0000 - 0x00007ffd432c4000 	C:\Windows\SYSTEM32\profapi.dll
0x00007ffd41910000 - 0x00007ffd419af000 	C:\Windows\SYSTEM32\SHCORE.dll
0x00007ffd444a0000 - 0x00007ffd444d4000 	C:\Windows\system32\IMM32.DLL
0x00007ffd437c0000 - 0x00007ffd438f9000 	C:\Windows\system32\MSCTF.dll
0x00007ffd40f80000 - 0x00007ffd411da000 	C:\Windows\WinSxS\amd64_microsoft.windows.common-controls_6595b64144ccf1df_6.0.9600.17031_none_6242a4b3ecbb55a1\COMCTL32.dll
0x00000000575d0000 - 0x00000000576a2000 	C:\Program Files\Java\jdk1.8.0_92\jre\bin\msvcr100.dll
0x0000000057a50000 - 0x00000000582e6000 	C:\Program Files\Java\jdk1.8.0_92\jre\bin\server\jvm.dll
0x00007ffd30e40000 - 0x00007ffd30e49000 	C:\Windows\SYSTEM32\WSOCK32.dll
0x00007ffd393b0000 - 0x00007ffd393cf000 	C:\Windows\SYSTEM32\WINMM.dll
0x00007ffd40ee0000 - 0x00007ffd40eea000 	C:\Windows\SYSTEM32\VERSION.dll
0x00007ffd45ae0000 - 0x00007ffd45ae7000 	C:\Windows\system32\PSAPI.DLL
0x00007ffd45ee0000 - 0x00007ffd45f38000 	C:\Windows\system32\WS2_32.dll
0x00007ffd37ae0000 - 0x00007ffd37b0a000 	C:\Windows\SYSTEM32\WINMMBASE.dll
0x00007ffd45ed0000 - 0x00007ffd45ed9000 	C:\Windows\system32\NSI.dll
0x00007ffd43770000 - 0x00007ffd437ba000 	C:\Windows\SYSTEM32\cfgmgr32.dll
0x00007ffd42130000 - 0x00007ffd42156000 	C:\Windows\SYSTEM32\DEVOBJ.dll
0x0000000058f10000 - 0x0000000058f1f000 	C:\Program Files\Java\jdk1.8.0_92\jre\bin\verify.dll
0x0000000057a20000 - 0x0000000057a49000 	C:\Program Files\Java\jdk1.8.0_92\jre\bin\java.dll
0x0000000057a00000 - 0x0000000057a16000 	C:\Program Files\Java\jdk1.8.0_92\jre\bin\zip.dll

VM Arguments:
jvm_args: -Djava.awt.headless=true -Xmx1024M -Dfile.encoding=windows-1252 -Duser.country=US -Duser.language=en -Duser.variant 
java_command: com.android.dx.command.Main --dex --force-jumbo --num-threads=4 --output C:\Zooket\app\build\intermediates\pre-dexed\debug\com.theartofdev.edmodo-android-image-cropper-2.0.0_adea365d983ab459ab4ed730e112fdeb80b094e2.jar C:\Zooket\app\build\intermediates\exploded-aar\com.theartofdev.edmodo\android-image-cropper\2.0.0\jars\classes.jar
java_class_path (initial): C:\android-sdk-windows\build-tools\24.0.3\lib\dx.jar
Launcher Type: SUN_STANDARD

Environment Variables:
PATH=C:\ProgramData\Oracle\Java\javapath;C:\Windows\system32;C:\Windows;C:\Windows\System32\Wbem;C:\Windows\System32\WindowsPowerShell\v1.0\;C:\Program Files (x86)\NVIDIA Corporation\PhysX\Common;C:\Program Files (x86)\Windows Kits\8.1\Windows Performance Toolkit\;C:\Program Files\Microsoft SQL Server\110\Tools\Binn\;C:\Program Files\Microsoft SQL Server\110\DTS\Binn\;C:\Program Files (x86)\Microsoft SQL Server\110\Tools\Binn\;C:\Program Files (x86)\Microsoft SQL Server\110\Tools\Binn\ManagementStudio\;C:\Program Files (x86)\Microsoft Visual Studio 10.0\Common7\IDE\PrivateAssemblies\;C:\Program Files (x86)\Microsoft SQL Server\110\DTS\Binn\;C:\Program Files (x86)\GtkSharp\2.12\bin;C:\Program Files (x86)\QuickTime\QTSystem\
USERNAME=Smo
OS=Windows_NT
PROCESSOR_IDENTIFIER=Intel64 Family 6 Model 94 Stepping 3, GenuineIntel



---------------  S Y S T E M  ---------------

OS: Windows 8.1 , 64 bit Build 9600 (6.3.9600.17056)

CPU:total 4 (4 cores per cpu, 1 threads per core) family 6 model 94 stepping 3, cmov, cx8, fxsr, mmx, sse, sse2, sse3, ssse3, sse4.1, sse4.2, popcnt, avx, avx2, aes, clmul, erms, 3dnowpref, lzcnt, tsc, tscinvbit, bmi1, bmi2, adx

Memory: 4k page, physical 8266404k(1582788k free), swap 8266404k(5960k free)

vm_info: Java HotSpot(TM) 64-Bit Server VM (25.92-b14) for windows-amd64 JRE (1.8.0_92-b14), built on Mar 31 2016 21:03:04 by "java_re" with MS VC++ 10.0 (VS2010)

time: Wed May 17 10:05:40 2017
elapsed time: 3 seconds (0d 0h 0m 3s)

