#
# There is insufficient memory for the Java Runtime Environment to continue.
# Native memory allocation (malloc) failed to allocate 63296 bytes for Chunk::new
# Possible reasons:
#   The system is out of physical RAM or swap space
#   In 32 bit mode, the process size limit was hit
# Possible solutions:
#   Reduce memory load on the system
#   Increase physical memory or swap space
#   Check if swap backing store is full
#   Use 64 bit Java on a 64 bit OS
#   Decrease Java heap size (-Xmx/-Xms)
#   Decrease number of Java threads
#   Decrease Java thread stack sizes (-Xss)
#   Set larger code cache with -XX:ReservedCodeCacheSize=
# This output file may be truncated or incomplete.
#
#  Out of Memory Error (allocation.cpp:390), pid=5756, tid=0x0000000000001f70
#
# JRE version: Java(TM) SE Runtime Environment (8.0_92-b14) (build 1.8.0_92-b14)
# Java VM: Java HotSpot(TM) 64-Bit Server VM (25.92-b14 mixed mode windows-amd64 compressed oops)
# Failed to write core dump. Minidumps are not enabled by default on client versions of Windows
#

---------------  T H R E A D  ---------------

Current thread (0x0000000014f07800):  JavaThread "C2 CompilerThread1" daemon [_thread_in_native, id=8048, stack(0x0000000016500000,0x0000000016600000)]

Stack: [0x0000000016500000,0x0000000016600000]
[error occurred during error reporting (printing stack bounds), id 0xc0000005]

Native frames: (J=compiled Java code, j=interpreted, Vv=VM code, C=native code)


Current CompileTask:
C2:   1433 1187       4       com.android.dx.rop.code.RopMethod::labelToPredecessors (54 bytes)


---------------  P R O C E S S  ---------------

Java Threads: ( => current thread )
  0x00000000168b0800 JavaThread "pool-1-thread-4" [_thread_blocked, id=8932, stack(0x0000000017100000,0x0000000017200000)]
  0x00000000168af000 JavaThread "pool-1-thread-3" [_thread_blocked, id=7700, stack(0x0000000017000000,0x0000000017100000)]
  0x000000001684b800 JavaThread "pool-1-thread-2" [_thread_blocked, id=8552, stack(0x0000000016f00000,0x0000000017000000)]
  0x000000001684b000 JavaThread "pool-2-thread-1" [_thread_blocked, id=8228, stack(0x0000000016e00000,0x0000000016f00000)]
  0x000000001684f800 JavaThread "pool-1-thread-1" [_thread_in_Java, id=2732, stack(0x0000000016d00000,0x0000000016e00000)]
  0x0000000016606800 JavaThread "Service Thread" daemon [_thread_blocked, id=6700, stack(0x0000000016b00000,0x0000000016c00000)]
  0x0000000016601000 JavaThread "C1 CompilerThread2" daemon [_thread_in_native, id=9064, stack(0x0000000016a00000,0x0000000016b00000)]
=>0x0000000014f07800 JavaThread "C2 CompilerThread1" daemon [_thread_in_native, id=8048, stack(0x0000000016500000,0x0000000016600000)]
  0x0000000014eae000 JavaThread "C2 CompilerThread0" daemon [_thread_in_native, id=8128, stack(0x0000000016400000,0x0000000016500000)]
  0x0000000014eac000 JavaThread "Attach Listener" daemon [_thread_blocked, id=6460, stack(0x0000000016300000,0x0000000016400000)]
  0x0000000014eab000 JavaThread "Signal Dispatcher" daemon [_thread_blocked, id=3488, stack(0x0000000016200000,0x0000000016300000)]
  0x0000000014e9a800 JavaThread "Finalizer" daemon [_thread_blocked, id=8264, stack(0x0000000016100000,0x0000000016200000)]
  0x00000000027d0800 JavaThread "Reference Handler" daemon [_thread_blocked, id=2652, stack(0x0000000016000000,0x0000000016100000)]
  0x00000000026e2800 JavaThread "main" [_thread_blocked, id=3956, stack(0x00000000025e0000,0x00000000026e0000)]

Other Threads:
  0x0000000014e78800 VMThread [stack: 0x0000000015f00000,0x0000000016000000] [id=6340]
  0x000000001660a800 WatcherThread [stack: 0x0000000016c00000,0x0000000016d00000] [id=7468]

VM state:not at safepoint (normal execution)

VM Mutex/Monitor currently owned by a thread: None

Heap:
 PSYoungGen      total 38400K, used 11641K [0x00000000eab00000, 0x00000000ed580000, 0x0000000100000000)
  eden space 33280K, 19% used [0x00000000eab00000,0x00000000eb1639c8,0x00000000ecb80000)
  from space 5120K, 99% used [0x00000000ecb80000,0x00000000ed07aac8,0x00000000ed080000)
  to   space 5120K, 0% used [0x00000000ed080000,0x00000000ed080000,0x00000000ed580000)
 ParOldGen       total 87552K, used 1408K [0x00000000c0000000, 0x00000000c5580000, 0x00000000eab00000)
  object space 87552K, 1% used [0x00000000c0000000,0x00000000c01601d8,0x00000000c5580000)
 Metaspace       used 6005K, capacity 6898K, committed 7040K, reserved 1056768K
  class space    used 599K, capacity 618K, committed 640K, reserved 1048576K

Card table byte_map: [0x0000000011ba0000,0x0000000011db0000] byte_map_base: 0x00000000115a0000

Marking Bits: (ParMarkBitMap*) 0x0000000066a764f0
 Begin Bits: [0x0000000012310000, 0x0000000013310000)
 End Bits:   [0x0000000013310000, 0x0000000014310000)

Polling page: 0x0000000000bb0000

CodeCache: size=245760Kb used=4918Kb max_used=4918Kb free=240842Kb
 bounds [0x00000000027e0000, 0x0000000002cc0000, 0x00000000117e0000]
 total_blobs=1489 nmethods=1221 adapters=181
 compilation: enabled

Compilation events (10 events):
Event: 1.431 Thread 0x0000000016601000 nmethod 1217 0x0000000002ca74d0 code [0x0000000002ca7860, 0x0000000002ca9628]
Event: 1.431 Thread 0x0000000016601000 1218       3       com.android.dx.rop.type.Prototype::compareTo (120 bytes)
Event: 1.432 Thread 0x0000000016601000 nmethod 1218 0x0000000002caab50 code [0x0000000002caad60, 0x0000000002cabbf8]
Event: 1.432 Thread 0x0000000016601000 1220       3       com.android.dx.rop.type.StdTypeList::equalContents (56 bytes)
Event: 1.432 Thread 0x0000000016601000 nmethod 1220 0x0000000002cac310 code [0x0000000002cac4e0, 0x0000000002cacda8]
Event: 1.432 Thread 0x0000000016601000 1223       3       com.android.dx.ssa.SsaMethod::onSourceChanged (65 bytes)
Event: 1.432 Thread 0x0000000016601000 nmethod 1223 0x0000000002cad050 code [0x0000000002cad220, 0x0000000002cada98]
Event: 1.432 Thread 0x0000000016601000 1227       3       com.android.dx.ssa.BasicRegisterMapper::<init> (17 bytes)
Event: 1.433 Thread 0x0000000016601000 nmethod 1227 0x0000000002cadf90 code [0x0000000002cae100, 0x0000000002cae3c8]
Event: 1.433 Thread 0x0000000016601000 1226       3       com.android.dx.rop.cst.CstBaseMethodRef::<init> (31 bytes)

GC Heap History (2 events):
Event: 1.395 GC heap before
{Heap before GC invocations=1 (full 0):
 PSYoungGen      total 38400K, used 33280K [0x00000000eab00000, 0x00000000ed580000, 0x0000000100000000)
  eden space 33280K, 100% used [0x00000000eab00000,0x00000000ecb80000,0x00000000ecb80000)
  from space 5120K, 0% used [0x00000000ed080000,0x00000000ed080000,0x00000000ed580000)
  to   space 5120K, 0% used [0x00000000ecb80000,0x00000000ecb80000,0x00000000ed080000)
 ParOldGen       total 87552K, used 0K [0x00000000c0000000, 0x00000000c5580000, 0x00000000eab00000)
  object space 87552K, 0% used [0x00000000c0000000,0x00000000c0000000,0x00000000c5580000)
 Metaspace       used 5966K, capacity 6898K, committed 7040K, reserved 1056768K
  class space    used 599K, capacity 618K, committed 640K, reserved 1048576K
Event: 1.402 GC heap after
Heap after GC invocations=1 (full 0):
 PSYoungGen      total 38400K, used 5098K [0x00000000eab00000, 0x00000000ed580000, 0x0000000100000000)
  eden space 33280K, 0% used [0x00000000eab00000,0x00000000eab00000,0x00000000ecb80000)
  from space 5120K, 99% used [0x00000000ecb80000,0x00000000ed07aac8,0x00000000ed080000)
  to   space 5120K, 0% used [0x00000000ed080000,0x00000000ed080000,0x00000000ed580000)
 ParOldGen       total 87552K, used 1408K [0x00000000c0000000, 0x00000000c5580000, 0x00000000eab00000)
  object space 87552K, 1% used [0x00000000c0000000,0x00000000c01601d8,0x00000000c5580000)
 Metaspace       used 5966K, capacity 6898K, committed 7040K, reserved 1056768K
  class space    used 599K, capacity 618K, committed 640K, reserved 1048576K
}

Deoptimization events (6 events):
Event: 0.741 Thread 0x000000001684b800 Uncommon trap: reason=unstable_if action=reinterpret pc=0x00000000029d7f80 method=java.util.HashMap.getNode(ILjava/lang/Object;)Ljava/util/HashMap$Node; @ 129
Event: 0.874 Thread 0x000000001684b800 Uncommon trap: reason=class_check action=maybe_recompile pc=0x0000000002a70c6c method=com.android.dx.ssa.NormalSsaInsn.accept(Lcom/android/dx/ssa/SsaInsn$Visitor;)V @ 9
Event: 0.956 Thread 0x00000000026e2800 Uncommon trap: reason=unstable_if action=reinterpret pc=0x0000000002a79760 method=com.android.dx.rop.code.RegisterSpec.equals(ILcom/android/dx/rop/type/TypeBearer;Lcom/android/dx/rop/code/LocalItem;)Z @ 16
Event: 0.956 Thread 0x00000000026e2800 Uncommon trap: reason=unstable_if action=reinterpret pc=0x0000000002a8a540 method=com.android.dx.rop.code.RegisterSpec.equals(ILcom/android/dx/rop/type/TypeBearer;Lcom/android/dx/rop/code/LocalItem;)Z @ 16
Event: 1.127 Thread 0x00000000168af000 Uncommon trap: reason=unstable_if action=reinterpret pc=0x0000000002b0479c method=com.android.dx.rop.code.RegisterSpec.equals(ILcom/android/dx/rop/type/TypeBearer;Lcom/android/dx/rop/code/LocalItem;)Z @ 16
Event: 1.262 Thread 0x000000001684b800 Uncommon trap: reason=unstable_if action=reinterpret pc=0x0000000002babfbc method=com.android.dx.util.IntList.binarysearch(I)I @ 105

Internal exceptions (2 events):
Event: 0.100 Thread 0x00000000026e2800 Exception <a 'java/lang/NoSuchMethodError': Method sun.misc.Unsafe.defineClass(Ljava/lang/String;[BII)Ljava/lang/Class; name or signature does not match> (0x00000000eab07cc0) thrown at [D:\re\workspace\8-2-build-windows-amd64-cygwin\jdk8u92\6642\hotspot\srGUäçëπ?
Event: 0.100 Thread 0x00000000026e2800 Exception <a 'java/lang/NoSuchMethodError': Method sun.misc.Unsafe.prefetchRead(Ljava/lang/Object;J)V name or signature does not match> (0x00000000eab07fa8) thrown at [D:\re\workspace\8-2-build-windows-amd64-cygwin\jdk8u92\6642\hotspot\src\share\vm\prims\j

Events (10 events):
Event: 1.127 Thread 0x00000000168af000 Uncommon trap: trap_request=0xffffff65 fr.pc=0x0000000002b0479c
Event: 1.127 Thread 0x00000000168af000 DEOPT PACKING pc=0x0000000002b0479c sp=0x00000000170fecc0
Event: 1.127 Thread 0x00000000168af000 DEOPT UNPACKING pc=0x000000000282582a sp=0x00000000170fe910 mode 2
Event: 1.257 Executing VM operation: ForceSafepoint
Event: 1.257 Executing VM operation: ForceSafepoint done
Event: 1.262 Thread 0x000000001684b800 Uncommon trap: trap_request=0xffffff65 fr.pc=0x0000000002babfbc
Event: 1.262 Thread 0x000000001684b800 DEOPT PACKING pc=0x0000000002babfbc sp=0x0000000016ffe730
Event: 1.262 Thread 0x000000001684b800 DEOPT UNPACKING pc=0x000000000282582a sp=0x0000000016ffe6a8 mode 2
Event: 1.275 Executing VM operation: ParallelGCFailedAllocation
Event: 1.402 Executing VM operation: ParallelGCFailedAllocation done


Dynamic libraries:
0x00007ff60c670000 - 0x00007ff60c6a7000 	C:\Program Files\Java\jdk1.8.0_92\bin\java.exe
0x00007ffc93d00000 - 0x00007ffc93eaa000 	C:\Windows\SYSTEM32\ntdll.dll
0x00007ffc93510000 - 0x00007ffc9364a000 	C:\Windows\system32\KERNEL32.DLL
0x00007ffc91240000 - 0x00007ffc9134f000 	C:\Windows\system32\KERNELBASE.dll
0x00007ffc8fca0000 - 0x00007ffc8fd28000 	C:\Windows\system32\apphelp.dll
0x00007ffc8ccd0000 - 0x00007ffc8cd1f000 	C:\Windows\AppPatch\AppPatch64\AcGenral.DLL
0x00007ffc91a80000 - 0x00007ffc91b27000 	C:\Windows\system32\msvcrt.dll
0x00007ffc90eb0000 - 0x00007ffc90edb000 	C:\Windows\SYSTEM32\SspiCli.dll
0x00007ffc91a20000 - 0x00007ffc91a71000 	C:\Windows\system32\SHLWAPI.dll
0x00007ffc918a0000 - 0x00007ffc91a11000 	C:\Windows\system32\USER32.dll
0x00007ffc93380000 - 0x00007ffc934f8000 	C:\Windows\system32\ole32.dll
0x00007ffc91b30000 - 0x00007ffc92f47000 	C:\Windows\system32\SHELL32.dll
0x00007ffc906e0000 - 0x00007ffc906fe000 	C:\Windows\SYSTEM32\USERENV.dll
0x00007ffc932d0000 - 0x00007ffc93375000 	C:\Windows\system32\ADVAPI32.dll
0x00007ffc8bf40000 - 0x00007ffc8bf5b000 	C:\Windows\SYSTEM32\MPR.dll
0x00007ffc93190000 - 0x00007ffc932c6000 	C:\Windows\system32\RPCRT4.dll
0x00007ffc93c60000 - 0x00007ffc93cb7000 	C:\Windows\SYSTEM32\sechost.dll
0x00007ffc92f50000 - 0x00007ffc93126000 	C:\Windows\SYSTEM32\combase.dll
0x00007ffc93890000 - 0x00007ffc939d5000 	C:\Windows\system32\GDI32.dll
0x00007ffc91070000 - 0x00007ffc91084000 	C:\Windows\SYSTEM32\profapi.dll
0x00007ffc8f6d0000 - 0x00007ffc8f76f000 	C:\Windows\SYSTEM32\SHCORE.dll
0x00007ffc93cc0000 - 0x00007ffc93cf4000 	C:\Windows\system32\IMM32.DLL
0x00007ffc939e0000 - 0x00007ffc93b19000 	C:\Windows\system32\MSCTF.dll
0x00007ffc8edc0000 - 0x00007ffc8f01a000 	C:\Windows\WinSxS\amd64_microsoft.windows.common-controls_6595b64144ccf1df_6.0.9600.17031_none_6242a4b3ecbb55a1\COMCTL32.dll
0x0000000065e60000 - 0x0000000065f32000 	C:\Program Files\Java\jdk1.8.0_92\jre\bin\msvcr100.dll
0x0000000066260000 - 0x0000000066af6000 	C:\Program Files\Java\jdk1.8.0_92\jre\bin\server\jvm.dll
0x00007ffc8ce40000 - 0x00007ffc8ce49000 	C:\Windows\SYSTEM32\WSOCK32.dll
0x00007ffc88cb0000 - 0x00007ffc88ccf000 	C:\Windows\SYSTEM32\WINMM.dll
0x00007ffc8ed80000 - 0x00007ffc8ed8a000 	C:\Windows\SYSTEM32\VERSION.dll
0x00007ffc93b80000 - 0x00007ffc93b87000 	C:\Windows\system32\PSAPI.DLL
0x00007ffc93b20000 - 0x00007ffc93b78000 	C:\Windows\system32\WS2_32.dll
0x00007ffc858c0000 - 0x00007ffc858ea000 	C:\Windows\SYSTEM32\WINMMBASE.dll
0x00007ffc93500000 - 0x00007ffc93509000 	C:\Windows\system32\NSI.dll
0x00007ffc91350000 - 0x00007ffc9139a000 	C:\Windows\SYSTEM32\cfgmgr32.dll
0x00007ffc8fef0000 - 0x00007ffc8ff16000 	C:\Windows\SYSTEM32\DEVOBJ.dll
0x0000000066df0000 - 0x0000000066dff000 	C:\Program Files\Java\jdk1.8.0_92\jre\bin\verify.dll
0x0000000066dc0000 - 0x0000000066de9000 	C:\Program Files\Java\jdk1.8.0_92\jre\bin\java.dll
0x0000000066da0000 - 0x0000000066db6000 	C:\Program Files\Java\jdk1.8.0_92\jre\bin\zip.dll

VM Arguments:
jvm_args: -Djava.awt.headless=true -Xmx1024M -Dfile.encoding=windows-1252 -Duser.country=US -Duser.language=en -Duser.variant 
java_command: com.android.dx.command.Main --dex --force-jumbo --num-threads=4 --output C:\Zooket\app\build\intermediates\pre-dexed\debug\com.google.firebase-firebase-analytics-impl-9.0.1_1378b749e23c9dd88298ce1abf8710269d93a42e.jar C:\Zooket\app\build\intermediates\exploded-aar\com.google.firebase\firebase-analytics-impl\9.0.1\jars\classes.jar
java_class_path (initial): C:\android-sdk-windows\build-tools\24.0.3\lib\dx.jar
Launcher Type: SUN_STANDARD

Environment Variables:
PATH=C:\ProgramData\Oracle\Java\javapath;C:\Windows\system32;C:\Windows;C:\Windows\System32\Wbem;C:\Windows\System32\WindowsPowerShell\v1.0\;C:\Program Files (x86)\NVIDIA Corporation\PhysX\Common;C:\Program Files (x86)\Windows Kits\8.1\Windows Performance Toolkit\;C:\Program Files\Microsoft SQL Server\110\Tools\Binn\;C:\Program Files\Microsoft SQL Server\110\DTS\Binn\;C:\Program Files (x86)\Microsoft SQL Server\110\Tools\Binn\;C:\Program Files (x86)\Microsoft SQL Server\110\Tools\Binn\ManagementStudio\;C:\Program Files (x86)\Microsoft Visual Studio 10.0\Common7\IDE\PrivateAssemblies\;C:\Program Files (x86)\Microsoft SQL Server\110\DTS\Binn\;C:\Program Files (x86)\GtkSharp\2.12\bin;C:\Program Files (x86)\QuickTime\QTSystem\
USERNAME=Smo
OS=Windows_NT
PROCESSOR_IDENTIFIER=Intel64 Family 6 Model 94 Stepping 3, GenuineIntel



---------------  S Y S T E M  ---------------

OS: Windows 8.1 , 64 bit Build 9600 (6.3.9600.17056)

CPU:total 4 (4 cores per cpu, 1 threads per core) family 6 model 94 stepping 3, cmov, cx8, fxsr, mmx, sse, sse2, sse3, ssse3, sse4.1, sse4.2, popcnt, avx, avx2, aes, clmul, erms, 3dnowpref, lzcnt, tsc, tscinvbit, bmi1, bmi2, adx

Memory: 4k page, physical 8266404k(1689816k free), swap 8266404k(5196k free)

vm_info: Java HotSpot(TM) 64-Bit Server VM (25.92-b14) for windows-amd64 JRE (1.8.0_92-b14), built on Mar 31 2016 21:03:04 by "java_re" with MS VC++ 10.0 (VS2010)

time: Fri May 19 15:51:08 2017
elapsed time: 1 seconds (0d 0h 0m 1s)

