#
# There is insufficient memory for the Java Runtime Environment to continue.
# Native memory allocation (malloc) failed to allocate 1150176 bytes for Chunk::new
# Possible reasons:
#   The system is out of physical RAM or swap space
#   In 32 bit mode, the process size limit was hit
# Possible solutions:
#   Reduce memory load on the system
#   Increase physical memory or swap space
#   Check if swap backing store is full
#   Use 64 bit Java on a 64 bit OS
#   Decrease Java heap size (-Xmx/-Xms)
#   Decrease number of Java threads
#   Decrease Java thread stack sizes (-Xss)
#   Set larger code cache with -XX:ReservedCodeCacheSize=
# This output file may be truncated or incomplete.
#
#  Out of Memory Error (allocation.cpp:390), pid=6320, tid=0x0000000000001af8
#
# JRE version: Java(TM) SE Runtime Environment (8.0_92-b14) (build 1.8.0_92-b14)
# Java VM: Java HotSpot(TM) 64-Bit Server VM (25.92-b14 mixed mode windows-amd64 compressed oops)
# Failed to write core dump. Minidumps are not enabled by default on client versions of Windows
#

---------------  T H R E A D  ---------------

Current thread (0x0000000014638800):  JavaThread "C2 CompilerThread1" daemon [_thread_in_native, id=6904, stack(0x0000000015d10000,0x0000000015e10000)]

Stack: [0x0000000015d10000,0x0000000015e10000]
[error occurred during error reporting (printing stack bounds), id 0xc0000005]

Native frames: (J=compiled Java code, j=interpreted, Vv=VM code, C=native code)


Current CompileTask:
C2:   5207 1746 %     4       com.android.dx.ssa.SCCP::run @ 133 (298 bytes)


---------------  P R O C E S S  ---------------

Java Threads: ( => current thread )
  0x000000001609c000 JavaThread "pool-1-thread-4" [_thread_blocked, id=6840, stack(0x0000000016910000,0x0000000016a10000)]
  0x0000000016093000 JavaThread "pool-1-thread-3" [_thread_in_Java, id=2032, stack(0x0000000016810000,0x0000000016910000)]
  0x0000000015f40800 JavaThread "pool-1-thread-2" [_thread_in_Java, id=8712, stack(0x0000000016710000,0x0000000016810000)]
  0x0000000015f40000 JavaThread "pool-2-thread-1" [_thread_blocked, id=8884, stack(0x0000000016610000,0x0000000016710000)]
  0x0000000015f46000 JavaThread "pool-1-thread-1" [_thread_in_Java, id=8652, stack(0x0000000016510000,0x0000000016610000)]
  0x0000000015e16800 JavaThread "Service Thread" daemon [_thread_blocked, id=8512, stack(0x0000000016310000,0x0000000016410000)]
  0x0000000015e12000 JavaThread "C1 CompilerThread2" daemon [_thread_in_vm, id=8384, stack(0x0000000016210000,0x0000000016310000)]
=>0x0000000014638800 JavaThread "C2 CompilerThread1" daemon [_thread_in_native, id=6904, stack(0x0000000015d10000,0x0000000015e10000)]
  0x00000000145df000 JavaThread "C2 CompilerThread0" daemon [_thread_in_native, id=8416, stack(0x0000000015c10000,0x0000000015d10000)]
  0x00000000145dd000 JavaThread "Attach Listener" daemon [_thread_blocked, id=6680, stack(0x0000000015b10000,0x0000000015c10000)]
  0x00000000145dc000 JavaThread "Signal Dispatcher" daemon [_thread_blocked, id=8820, stack(0x0000000015a10000,0x0000000015b10000)]
  0x0000000001e3a800 JavaThread "Finalizer" daemon [_thread_blocked, id=7648, stack(0x0000000015830000,0x0000000015930000)]
  0x00000000145a9000 JavaThread "Reference Handler" daemon [_thread_blocked, id=9012, stack(0x0000000015730000,0x0000000015830000)]
  0x0000000001d40800 JavaThread "main" [_thread_blocked, id=9140, stack(0x0000000001ba0000,0x0000000001ca0000)]

Other Threads:
  0x00000000145a7800 VMThread [stack: 0x0000000015630000,0x0000000015730000] [id=7284]
  0x0000000015e31800 WatcherThread [stack: 0x0000000016410000,0x0000000016510000] [id=8320]

VM state:not at safepoint (normal execution)

VM Mutex/Monitor currently owned by a thread: None

Heap:
 PSYoungGen      total 138240K, used 14787K [0x00000000eab00000, 0x00000000f3700000, 0x0000000100000000)
  eden space 133120K, 11% used [0x00000000eab00000,0x00000000eb970f20,0x00000000f2d00000)
  from space 5120K, 0% used [0x00000000f3200000,0x00000000f3200000,0x00000000f3700000)
  to   space 5120K, 0% used [0x00000000f2d00000,0x00000000f2d00000,0x00000000f3200000)
 ParOldGen       total 145408K, used 53800K [0x00000000c0000000, 0x00000000c8e00000, 0x00000000eab00000)
  object space 145408K, 36% used [0x00000000c0000000,0x00000000c348a078,0x00000000c8e00000)
 Metaspace       used 6008K, capacity 7088K, committed 7296K, reserved 1056768K
  class space    used 590K, capacity 616K, committed 640K, reserved 1048576K

Card table byte_map: [0x00000000112d0000,0x00000000114e0000] byte_map_base: 0x0000000010cd0000

Marking Bits: (ParMarkBitMap*) 0x00000000715b64f0
 Begin Bits: [0x0000000011a40000, 0x0000000012a40000)
 End Bits:   [0x0000000012a40000, 0x0000000013a40000)

Polling page: 0x0000000000370000

CodeCache: size=245760Kb used=8046Kb max_used=8067Kb free=237713Kb
 bounds [0x0000000001f10000, 0x0000000002700000, 0x0000000010f10000]
 total_blobs=1988 nmethods=1726 adapters=175
 compilation: enabled

Compilation events (10 events):
Event: 5.185 Thread 0x0000000015e12000 1787 %     3       com.android.dx.ssa.SsaConverter::placePhiFunctions @ 131 (394 bytes)
Event: 5.187 Thread 0x0000000015e12000 nmethod 1787% 0x00000000026e1050 code [0x00000000026e15e0, 0x00000000026e4d18]
Event: 5.189 Thread 0x0000000015e12000 1791 %     3       com.android.dx.ssa.SsaMethod::forEachBlockDepthFirstDom @ 32 (128 bytes)
Event: 5.190 Thread 0x0000000015e12000 nmethod 1791% 0x00000000026e8550 code [0x00000000026e88a0, 0x00000000026eaa58]
Event: 5.192 Thread 0x0000000015e12000 1792       2       java.util.Arrays::sort (19 bytes)
Event: 5.192 Thread 0x0000000015e12000 nmethod 1792 0x00000000026b90d0 code [0x00000000026b9240, 0x00000000026b93f8]
Event: 5.201 Thread 0x00000000145df000 nmethod 1753% 0x00000000026f0ad0 code [0x00000000026f0e80, 0x00000000026f4350]
Event: 5.202 Thread 0x00000000145df000 1755       4       com.android.dx.ssa.DeadCodeRemover$NoSideEffectVisitor::visitNonMoveInsn (28 bytes)
Event: 5.205 Thread 0x00000000145df000 nmethod 1755 0x00000000026c2a10 code [0x00000000026c2b80, 0x00000000026c2e88]
Event: 5.205 Thread 0x00000000145df000 1771 %     4       com.android.dx.util.Bits::or @ 2 (24 bytes)

GC Heap History (10 events):
Event: 1.094 GC heap before
{Heap before GC invocations=1 (full 0):
 PSYoungGen      total 38400K, used 33280K [0x00000000eab00000, 0x00000000ed580000, 0x0000000100000000)
  eden space 33280K, 100% used [0x00000000eab00000,0x00000000ecb80000,0x00000000ecb80000)
  from space 5120K, 0% used [0x00000000ed080000,0x00000000ed080000,0x00000000ed580000)
  to   space 5120K, 0% used [0x00000000ecb80000,0x00000000ecb80000,0x00000000ed080000)
 ParOldGen       total 87552K, used 0K [0x00000000c0000000, 0x00000000c5580000, 0x00000000eab00000)
  object space 87552K, 0% used [0x00000000c0000000,0x00000000c0000000,0x00000000c5580000)
 Metaspace       used 5696K, capacity 6832K, committed 7040K, reserved 1056768K
  class space    used 576K, capacity 616K, committed 640K, reserved 1048576K
Event: 1.153 GC heap after
Heap after GC invocations=1 (full 0):
 PSYoungGen      total 38400K, used 5088K [0x00000000eab00000, 0x00000000ef600000, 0x0000000100000000)
  eden space 33280K, 0% used [0x00000000eab00000,0x00000000eab00000,0x00000000ecb80000)
  from space 5120K, 99% used [0x00000000ecb80000,0x00000000ed078038,0x00000000ed080000)
  to   space 5120K, 0% used [0x00000000ef100000,0x00000000ef100000,0x00000000ef600000)
 ParOldGen       total 87552K, used 1426K [0x00000000c0000000, 0x00000000c5580000, 0x00000000eab00000)
  object space 87552K, 1% used [0x00000000c0000000,0x00000000c0164920,0x00000000c5580000)
 Metaspace       used 5696K, capacity 6832K, committed 7040K, reserved 1056768K
  class space    used 576K, capacity 616K, committed 640K, reserved 1048576K
}
Event: 1.502 GC heap before
{Heap before GC invocations=2 (full 0):
 PSYoungGen      total 38400K, used 38368K [0x00000000eab00000, 0x00000000ef600000, 0x0000000100000000)
  eden space 33280K, 100% used [0x00000000eab00000,0x00000000ecb80000,0x00000000ecb80000)
  from space 5120K, 99% used [0x00000000ecb80000,0x00000000ed078038,0x00000000ed080000)
  to   space 5120K, 0% used [0x00000000ef100000,0x00000000ef100000,0x00000000ef600000)
 ParOldGen       total 87552K, used 1426K [0x00000000c0000000, 0x00000000c5580000, 0x00000000eab00000)
  object space 87552K, 1% used [0x00000000c0000000,0x00000000c0164920,0x00000000c5580000)
 Metaspace       used 5836K, capacity 6960K, committed 7040K, reserved 1056768K
  class space    used 576K, capacity 616K, committed 640K, reserved 1048576K
Event: 1.573 GC heap after
Heap after GC invocations=2 (full 0):
 PSYoungGen      total 71680K, used 5118K [0x00000000eab00000, 0x00000000ef600000, 0x0000000100000000)
  eden space 66560K, 0% used [0x00000000eab00000,0x00000000eab00000,0x00000000eec00000)
  from space 5120K, 99% used [0x00000000ef100000,0x00000000ef5ffbb0,0x00000000ef600000)
  to   space 5120K, 0% used [0x00000000eec00000,0x00000000eec00000,0x00000000ef100000)
 ParOldGen       total 87552K, used 6327K [0x00000000c0000000, 0x00000000c5580000, 0x00000000eab00000)
  object space 87552K, 7% used [0x00000000c0000000,0x00000000c062dfc0,0x00000000c5580000)
 Metaspace       used 5836K, capacity 6960K, committed 7040K, reserved 1056768K
  class space    used 576K, capacity 616K, committed 640K, reserved 1048576K
}
Event: 2.987 GC heap before
{Heap before GC invocations=3 (full 0):
 PSYoungGen      total 71680K, used 71678K [0x00000000eab00000, 0x00000000ef600000, 0x0000000100000000)
  eden space 66560K, 100% used [0x00000000eab00000,0x00000000eec00000,0x00000000eec00000)
  from space 5120K, 99% used [0x00000000ef100000,0x00000000ef5ffbb0,0x00000000ef600000)
  to   space 5120K, 0% used [0x00000000eec00000,0x00000000eec00000,0x00000000ef100000)
 ParOldGen       total 87552K, used 6327K [0x00000000c0000000, 0x00000000c5580000, 0x00000000eab00000)
  object space 87552K, 7% used [0x00000000c0000000,0x00000000c062dfc0,0x00000000c5580000)
 Metaspace       used 5990K, capacity 7088K, committed 7296K, reserved 1056768K
  class space    used 589K, capacity 616K, committed 640K, reserved 1048576K
Event: 3.055 GC heap after
Heap after GC invocations=3 (full 0):
 PSYoungGen      total 71680K, used 5099K [0x00000000eab00000, 0x00000000f3700000, 0x0000000100000000)
  eden space 66560K, 0% used [0x00000000eab00000,0x00000000eab00000,0x00000000eec00000)
  from space 5120K, 99% used [0x00000000eec00000,0x00000000ef0faff0,0x00000000ef100000)
  to   space 5120K, 0% used [0x00000000f3200000,0x00000000f3200000,0x00000000f3700000)
 ParOldGen       total 87552K, used 25643K [0x00000000c0000000, 0x00000000c5580000, 0x00000000eab00000)
  object space 87552K, 29% used [0x00000000c0000000,0x00000000c190aeb0,0x00000000c5580000)
 Metaspace       used 5990K, capacity 7088K, committed 7296K, reserved 1056768K
  class space    used 589K, capacity 616K, committed 640K, reserved 1048576K
}
Event: 3.865 GC heap before
{Heap before GC invocations=4 (full 0):
 PSYoungGen      total 71680K, used 71659K [0x00000000eab00000, 0x00000000f3700000, 0x0000000100000000)
  eden space 66560K, 100% used [0x00000000eab00000,0x00000000eec00000,0x00000000eec00000)
  from space 5120K, 99% used [0x00000000eec00000,0x00000000ef0faff0,0x00000000ef100000)
  to   space 5120K, 0% used [0x00000000f3200000,0x00000000f3200000,0x00000000f3700000)
 ParOldGen       total 87552K, used 25643K [0x00000000c0000000, 0x00000000c5580000, 0x00000000eab00000)
  object space 87552K, 29% used [0x00000000c0000000,0x00000000c190aeb0,0x00000000c5580000)
 Metaspace       used 6007K, capacity 7088K, committed 7296K, reserved 1056768K
  class space    used 590K, capacity 616K, committed 640K, reserved 1048576K
Event: 3.967 GC heap after
Heap after GC invocations=4 (full 0):
 PSYoungGen      total 138240K, used 5099K [0x00000000eab00000, 0x00000000f3700000, 0x0000000100000000)
  eden space 133120K, 0% used [0x00000000eab00000,0x00000000eab00000,0x00000000f2d00000)
  from space 5120K, 99% used [0x00000000f3200000,0x00000000f36faea8,0x00000000f3700000)
  to   space 5120K, 0% used [0x00000000f2d00000,0x00000000f2d00000,0x00000000f3200000)
 ParOldGen       total 87552K, used 54107K [0x00000000c0000000, 0x00000000c5580000, 0x00000000eab00000)
  object space 87552K, 61% used [0x00000000c0000000,0x00000000c34d6f38,0x00000000c5580000)
 Metaspace       used 6007K, capacity 7088K, committed 7296K, reserved 1056768K
  class space    used 590K, capacity 616K, committed 640K, reserved 1048576K
}
Event: 3.967 GC heap before
{Heap before GC invocations=5 (full 1):
 PSYoungGen      total 138240K, used 5099K [0x00000000eab00000, 0x00000000f3700000, 0x0000000100000000)
  eden space 133120K, 0% used [0x00000000eab00000,0x00000000eab00000,0x00000000f2d00000)
  from space 5120K, 99% used [0x00000000f3200000,0x00000000f36faea8,0x00000000f3700000)
  to   space 5120K, 0% used [0x00000000f2d00000,0x00000000f2d00000,0x00000000f3200000)
 ParOldGen       total 87552K, used 54107K [0x00000000c0000000, 0x00000000c5580000, 0x00000000eab00000)
  object space 87552K, 61% used [0x00000000c0000000,0x00000000c34d6f38,0x00000000c5580000)
 Metaspace       used 6007K, capacity 7088K, committed 7296K, reserved 1056768K
  class space    used 590K, capacity 616K, committed 640K, reserved 1048576K
Event: 5.174 GC heap after
Heap after GC invocations=5 (full 1):
 PSYoungGen      total 138240K, used 0K [0x00000000eab00000, 0x00000000f3700000, 0x0000000100000000)
  eden space 133120K, 0% used [0x00000000eab00000,0x00000000eab00000,0x00000000f2d00000)
  from space 5120K, 0% used [0x00000000f3200000,0x00000000f3200000,0x00000000f3700000)
  to   space 5120K, 0% used [0x00000000f2d00000,0x00000000f2d00000,0x00000000f3200000)
 ParOldGen       total 145408K, used 53800K [0x00000000c0000000, 0x00000000c8e00000, 0x00000000eab00000)
  object space 145408K, 36% used [0x00000000c0000000,0x00000000c348a078,0x00000000c8e00000)
 Metaspace       used 6007K, capacity 7088K, committed 7296K, reserved 1056768K
  class space    used 590K, capacity 616K, committed 640K, reserved 1048576K
}

Deoptimization events (10 events):
Event: 1.754 Thread 0x000000001609c000 Uncommon trap: reason=unstable_if action=reinterpret pc=0x00000000024bdeec method=com.android.dx.rop.cst.CstLiteral32.equals(Ljava/lang/Object;)Z @ 26
Event: 1.756 Thread 0x000000001609c000 Uncommon trap: reason=unstable_if action=reinterpret pc=0x000000000248a6e0 method=com.android.dx.rop.type.Prototype.compareTo(Lcom/android/dx/rop/type/Prototype;)I @ 91
Event: 1.765 Thread 0x0000000015f40800 Uncommon trap: reason=class_check action=maybe_recompile pc=0x000000000254adb0 method=com.android.dx.ssa.NormalSsaInsn.accept(Lcom/android/dx/ssa/SsaInsn$Visitor;)V @ 9
Event: 1.771 Thread 0x0000000015f40800 Uncommon trap: reason=unstable_if action=reinterpret pc=0x000000000222d45c method=com.android.dx.ssa.SsaMethod.updateOneDefinition(Lcom/android/dx/ssa/SsaInsn;Lcom/android/dx/rop/code/RegisterSpec;)V @ 4
Event: 1.771 Thread 0x0000000016093000 Uncommon trap: reason=null_check action=make_not_entrant pc=0x000000000254b640 method=com.android.dx.ssa.SsaRenamer.getLocalForNewReg(I)Lcom/android/dx/rop/code/LocalItem; @ 19
Event: 1.773 Thread 0x0000000015f40800 Uncommon trap: reason=class_check action=maybe_recompile pc=0x0000000002181f30 method=com.android.dx.ssa.NormalSsaInsn.accept(Lcom/android/dx/ssa/SsaInsn$Visitor;)V @ 9
Event: 1.791 Thread 0x0000000001d40800 Uncommon trap: reason=unstable_if action=reinterpret pc=0x0000000002302220 method=java.lang.String.<init>([CII)V @ 18
Event: 2.267 Thread 0x0000000015f40800 Uncommon trap: reason=unstable_if action=reinterpret pc=0x000000000256f098 method=com.android.dx.rop.code.DexTranslationAdvice.hasConstantOperation(Lcom/android/dx/rop/code/Rop;Lcom/android/dx/rop/code/RegisterSpec;Lcom/android/dx/rop/code/RegisterSpec;)Z ®ä.(@
Event: 2.270 Thread 0x0000000001d40800 Uncommon trap: reason=bimorphic action=maybe_recompile pc=0x000000000256406c method=java.util.HashMap.getNode(ILjava/lang/Object;)Ljava/util/HashMap$Node; @ 126
Event: 2.270 Thread 0x0000000001d40800 Uncommon trap: reason=bimorphic action=maybe_recompile pc=0x0000000002433154 method=java.util.HashMap.getNode(ILjava/lang/Object;)Ljava/util/HashMap$Node; @ 126

Internal exceptions (3 events):
Event: 0.059 Thread 0x0000000001d40800 Exception <a 'java/lang/NoSuchMethodError': Method sun.misc.Unsafe.defineClass(Ljava/lang/String;[BII)Ljava/lang/Class; name or signature does not match> (0x00000000eab07cc0) thrown at [D:\re\workspace\8-2-build-windows-amd64-cygwin\jdk8u92\6642\hotspot\srà¸±k¦f®?
Event: 0.059 Thread 0x0000000001d40800 Exception <a 'java/lang/NoSuchMethodError': Method sun.misc.Unsafe.prefetchRead(Ljava/lang/Object;J)V name or signature does not match> (0x00000000eab07fa8) thrown at [D:\re\workspace\8-2-build-windows-amd64-cygwin\jdk8u92\6642\hotspot\src\share\vm\prims\j FüÃUü?
Event: 1.771 Thread 0x0000000016093000 Implicit null exception at 0x0000000002549c61 to 0x000000000254b605

Events (10 events):
Event: 3.178 Thread 0x0000000015f40800 DEOPT PACKING pc=0x0000000002333ef5 sp=0x000000001680ec50
Event: 3.178 Thread 0x0000000015f40800 DEOPT UNPACKING pc=0x0000000001f5787f sp=0x000000001680e930 mode 0
Event: 3.187 Thread 0x0000000015f40800 DEOPT PACKING pc=0x00000000023da6fd sp=0x000000001680ece0
Event: 3.188 Thread 0x0000000015f40800 DEOPT UNPACKING pc=0x0000000001f5787f sp=0x000000001680ea20 mode 0
Event: 3.605 Thread 0x0000000001d40800 DEOPT PACKING pc=0x00000000024e3623 sp=0x0000000001c9dee0
Event: 3.605 Thread 0x0000000001d40800 DEOPT UNPACKING pc=0x0000000001f5787f sp=0x0000000001c9dc38 mode 0
Event: 3.612 Executing VM operation: ParallelGCFailedAllocation
Event: 5.174 Executing VM operation: ParallelGCFailedAllocation done
Event: 5.188 Thread 0x0000000015f40800 DEOPT PACKING pc=0x00000000023d1da5 sp=0x000000001680eca0
Event: 5.188 Thread 0x0000000015f40800 DEOPT UNPACKING pc=0x0000000001f5787f sp=0x000000001680ea90 mode 0


Dynamic libraries:
0x00007ff723a80000 - 0x00007ff723ab7000 	C:\Program Files\Java\jdk1.8.0_92\bin\java.exe
0x00007fff28fd0000 - 0x00007fff2917a000 	C:\Windows\SYSTEM32\ntdll.dll
0x00007fff276c0000 - 0x00007fff277fa000 	C:\Windows\system32\KERNEL32.DLL
0x00007fff26410000 - 0x00007fff2651f000 	C:\Windows\system32\KERNELBASE.dll
0x00007fff24f70000 - 0x00007fff24ff8000 	C:\Windows\system32\apphelp.dll
0x00007fff1e6e0000 - 0x00007fff1e72f000 	C:\Windows\AppPatch\AppPatch64\AcGenral.DLL
0x00007fff27460000 - 0x00007fff27507000 	C:\Windows\system32\msvcrt.dll
0x00007fff26180000 - 0x00007fff261ab000 	C:\Windows\SYSTEM32\SspiCli.dll
0x00007fff28f60000 - 0x00007fff28fb1000 	C:\Windows\system32\SHLWAPI.dll
0x00007fff26990000 - 0x00007fff26b01000 	C:\Windows\system32\USER32.dll
0x00007fff26fc0000 - 0x00007fff27138000 	C:\Windows\system32\ole32.dll
0x00007fff279e0000 - 0x00007fff28df7000 	C:\Windows\system32\SHELL32.dll
0x00007fff259b0000 - 0x00007fff259ce000 	C:\Windows\SYSTEM32\USERENV.dll
0x00007fff268d0000 - 0x00007fff26975000 	C:\Windows\system32\ADVAPI32.dll
0x00007fff213b0000 - 0x00007fff213cb000 	C:\Windows\SYSTEM32\MPR.dll
0x00007fff27800000 - 0x00007fff27936000 	C:\Windows\system32\RPCRT4.dll
0x00007fff27510000 - 0x00007fff27567000 	C:\Windows\SYSTEM32\sechost.dll
0x00007fff27280000 - 0x00007fff27456000 	C:\Windows\SYSTEM32\combase.dll
0x00007fff27570000 - 0x00007fff276b5000 	C:\Windows\system32\GDI32.dll
0x00007fff26340000 - 0x00007fff26354000 	C:\Windows\SYSTEM32\profapi.dll
0x00007fff249a0000 - 0x00007fff24a3f000 	C:\Windows\SYSTEM32\SHCORE.dll
0x00007fff27940000 - 0x00007fff27974000 	C:\Windows\system32\IMM32.DLL
0x00007fff27140000 - 0x00007fff27279000 	C:\Windows\system32\MSCTF.dll
0x00007fff231c0000 - 0x00007fff2341a000 	C:\Windows\WinSxS\amd64_microsoft.windows.common-controls_6595b64144ccf1df_6.0.9600.17031_none_6242a4b3ecbb55a1\COMCTL32.dll
0x0000000070710000 - 0x00000000707e2000 	C:\Program Files\Java\jdk1.8.0_92\jre\bin\msvcr100.dll
0x0000000070da0000 - 0x0000000071636000 	C:\Program Files\Java\jdk1.8.0_92\jre\bin\server\jvm.dll
0x00007fff1e760000 - 0x00007fff1e769000 	C:\Windows\SYSTEM32\WSOCK32.dll
0x00007fff1d030000 - 0x00007fff1d04f000 	C:\Windows\SYSTEM32\WINMM.dll
0x00007fff24260000 - 0x00007fff2426a000 	C:\Windows\SYSTEM32\VERSION.dll
0x00007fff26860000 - 0x00007fff26867000 	C:\Windows\system32\PSAPI.DLL
0x00007fff26da0000 - 0x00007fff26df8000 	C:\Windows\system32\WS2_32.dll
0x00007fff1d000000 - 0x00007fff1d02a000 	C:\Windows\SYSTEM32\WINMMBASE.dll
0x00007fff26980000 - 0x00007fff26989000 	C:\Windows\system32\NSI.dll
0x00007fff265d0000 - 0x00007fff2661a000 	C:\Windows\SYSTEM32\cfgmgr32.dll
0x00007fff251c0000 - 0x00007fff251e6000 	C:\Windows\SYSTEM32\DEVOBJ.dll
0x0000000071970000 - 0x000000007197f000 	C:\Program Files\Java\jdk1.8.0_92\jre\bin\verify.dll
0x0000000071940000 - 0x0000000071969000 	C:\Program Files\Java\jdk1.8.0_92\jre\bin\java.dll
0x0000000071920000 - 0x0000000071936000 	C:\Program Files\Java\jdk1.8.0_92\jre\bin\zip.dll

VM Arguments:
jvm_args: -Djava.awt.headless=true -Xmx1024M -Dfile.encoding=windows-1252 -Duser.country=US -Duser.language=en -Duser.variant 
java_command: com.android.dx.command.Main --dex --force-jumbo --num-threads=4 --output C:\Zooket\app\build\intermediates\pre-dexed\debug\main_d0fc38630bf5975ede5b074e90315549bcd3519c.jar C:\Zooket\app\build\intermediates\transforms\instantRun\debug\folders\1\5\main
java_class_path (initial): C:\android-sdk-windows\build-tools\24.0.3\lib\dx.jar
Launcher Type: SUN_STANDARD

Environment Variables:
PATH=C:\ProgramData\Oracle\Java\javapath;C:\Windows\system32;C:\Windows;C:\Windows\System32\Wbem;C:\Windows\System32\WindowsPowerShell\v1.0\;C:\Program Files (x86)\NVIDIA Corporation\PhysX\Common;C:\Program Files (x86)\Windows Kits\8.1\Windows Performance Toolkit\;C:\Program Files\Microsoft SQL Server\110\Tools\Binn\;C:\Program Files\Microsoft SQL Server\110\DTS\Binn\;C:\Program Files (x86)\Microsoft SQL Server\110\Tools\Binn\;C:\Program Files (x86)\Microsoft SQL Server\110\Tools\Binn\ManagementStudio\;C:\Program Files (x86)\Microsoft Visual Studio 10.0\Common7\IDE\PrivateAssemblies\;C:\Program Files (x86)\Microsoft SQL Server\110\DTS\Binn\;C:\Program Files (x86)\GtkSharp\2.12\bin;C:\Program Files (x86)\QuickTime\QTSystem\
USERNAME=Smo
OS=Windows_NT
PROCESSOR_IDENTIFIER=Intel64 Family 6 Model 94 Stepping 3, GenuineIntel



---------------  S Y S T E M  ---------------

OS: Windows 8.1 , 64 bit Build 9600 (6.3.9600.17056)

CPU:total 4 (4 cores per cpu, 1 threads per core) family 6 model 94 stepping 3, cmov, cx8, fxsr, mmx, sse, sse2, sse3, ssse3, sse4.1, sse4.2, popcnt, avx, avx2, aes, clmul, erms, 3dnowpref, lzcnt, tsc, tscinvbit, bmi1, bmi2, adx

Memory: 4k page, physical 8266404k(1243852k free), swap 8266404k(6068k free)

vm_info: Java HotSpot(TM) 64-Bit Server VM (25.92-b14) for windows-amd64 JRE (1.8.0_92-b14), built on Mar 31 2016 21:03:04 by "java_re" with MS VC++ 10.0 (VS2010)

time: Sun May 07 20:28:44 2017
elapsed time: 5 seconds (0d 0h 0m 5s)

