#
# There is insufficient memory for the Java Runtime Environment to continue.
# Native memory allocation (malloc) failed to allocate 32744 bytes for ChunkPool::allocate
# Possible reasons:
#   The system is out of physical RAM or swap space
#   In 32 bit mode, the process size limit was hit
# Possible solutions:
#   Reduce memory load on the system
#   Increase physical memory or swap space
#   Check if swap backing store is full
#   Use 64 bit Java on a 64 bit OS
#   Decrease Java heap size (-Xmx/-Xms)
#   Decrease number of Java threads
#   Decrease Java thread stack sizes (-Xss)
#   Set larger code cache with -XX:ReservedCodeCacheSize=
# This output file may be truncated or incomplete.
#
#  Out of Memory Error (allocation.cpp:273), pid=8576, tid=0x000000000000235c
#
# JRE version: Java(TM) SE Runtime Environment (8.0_92-b14) (build 1.8.0_92-b14)
# Java VM: Java HotSpot(TM) 64-Bit Server VM (25.92-b14 mixed mode windows-amd64 compressed oops)
# Failed to write core dump. Minidumps are not enabled by default on client versions of Windows
#

---------------  T H R E A D  ---------------

Current thread (0x0000000016371000):  JavaThread "C1 CompilerThread2" daemon [_thread_in_native, id=9052, stack(0x0000000016770000,0x0000000016870000)]

Stack: [0x0000000016770000,0x0000000016870000]
[error occurred during error reporting (printing stack bounds), id 0xc0000005]

Native frames: (J=compiled Java code, j=interpreted, Vv=VM code, C=native code)


Current CompileTask:
C1:    683  483   !   3       com.android.dx.cf.code.BytecodeArray::parseInstruction (2764 bytes)


---------------  P R O C E S S  ---------------

Java Threads: ( => current thread )
  0x0000000016517000 JavaThread "pool-1-thread-4" [_thread_in_Java, id=5548, stack(0x0000000016e70000,0x0000000016f70000)]
  0x0000000016514000 JavaThread "pool-1-thread-3" [_thread_in_Java, id=9876, stack(0x0000000016d70000,0x0000000016e70000)]
  0x000000001650e800 JavaThread "pool-1-thread-2" [_thread_in_Java, id=10024, stack(0x0000000016c70000,0x0000000016d70000)]
  0x000000001650c000 JavaThread "pool-2-thread-1" [_thread_blocked, id=8908, stack(0x0000000016b70000,0x0000000016c70000)]
  0x000000001650b800 JavaThread "pool-1-thread-1" [_thread_blocked, id=7908, stack(0x0000000016a70000,0x0000000016b70000)]
  0x0000000016375800 JavaThread "Service Thread" daemon [_thread_blocked, id=9912, stack(0x0000000016870000,0x0000000016970000)]
=>0x0000000016371000 JavaThread "C1 CompilerThread2" daemon [_thread_in_native, id=9052, stack(0x0000000016770000,0x0000000016870000)]
  0x0000000014b57800 JavaThread "C2 CompilerThread1" daemon [_thread_blocked, id=8752, stack(0x0000000016270000,0x0000000016370000)]
  0x0000000014afe000 JavaThread "C2 CompilerThread0" daemon [_thread_blocked, id=9696, stack(0x0000000016170000,0x0000000016270000)]
  0x0000000014afc000 JavaThread "Attach Listener" daemon [_thread_blocked, id=9208, stack(0x0000000016070000,0x0000000016170000)]
  0x0000000014afb000 JavaThread "Signal Dispatcher" daemon [_thread_blocked, id=9392, stack(0x0000000015f70000,0x0000000016070000)]
  0x000000000242a800 JavaThread "Finalizer" daemon [_thread_blocked, id=9124, stack(0x0000000015d90000,0x0000000015e90000)]
  0x0000000014ac9000 JavaThread "Reference Handler" daemon [_thread_blocked, id=7488, stack(0x0000000015c90000,0x0000000015d90000)]
  0x0000000002330800 JavaThread "main" [_thread_in_Java, id=8976, stack(0x0000000002130000,0x0000000002230000)]

Other Threads:
  0x0000000014ac7800 VMThread [stack: 0x0000000015b90000,0x0000000015c90000] [id=8104]
  0x000000001638a800 WatcherThread [stack: 0x0000000016970000,0x0000000016a70000] [id=6712]

VM state:not at safepoint (normal execution)

VM Mutex/Monitor currently owned by a thread: None

Heap:
 PSYoungGen      total 38400K, used 12665K [0x00000000eab00000, 0x00000000ed580000, 0x0000000100000000)
  eden space 33280K, 38% used [0x00000000eab00000,0x00000000eb75e450,0x00000000ecb80000)
  from space 5120K, 0% used [0x00000000ed080000,0x00000000ed080000,0x00000000ed580000)
  to   space 5120K, 0% used [0x00000000ecb80000,0x00000000ecb80000,0x00000000ed080000)
 ParOldGen       total 87552K, used 0K [0x00000000c0000000, 0x00000000c5580000, 0x00000000eab00000)
  object space 87552K, 0% used [0x00000000c0000000,0x00000000c0000000,0x00000000c5580000)
 Metaspace       used 5480K, capacity 6448K, committed 6528K, reserved 1056768K
  class space    used 595K, capacity 616K, committed 640K, reserved 1048576K

Card table byte_map: [0x00000000117f0000,0x0000000011a00000] byte_map_base: 0x00000000111f0000

Marking Bits: (ParMarkBitMap*) 0x0000000054e564f0
 Begin Bits: [0x0000000011f60000, 0x0000000012f60000)
 End Bits:   [0x0000000012f60000, 0x0000000013f60000)

Polling page: 0x00000000009b0000

CodeCache: size=245760Kb used=2073Kb max_used=2079Kb free=243686Kb
 bounds [0x0000000002430000, 0x00000000026a0000, 0x0000000011430000]
 total_blobs=750 nmethods=481 adapters=182
 compilation: enabled

Compilation events (10 events):
Event: 0.676 Thread 0x0000000016371000  478       3       com.android.dx.dex.code.OutputCollector::add (9 bytes)
Event: 0.677 Thread 0x0000000016371000 nmethod 478 0x0000000002637d50 code [0x0000000002637f00, 0x00000000026384f8]
Event: 0.677 Thread 0x0000000016371000  481       3       com.android.dx.util.Bits::clear (21 bytes)
Event: 0.677 Thread 0x0000000014afe000 nmethod 473 0x0000000002638890 code [0x0000000002638a00, 0x0000000002638dc8]
Event: 0.677 Thread 0x0000000016371000 nmethod 481 0x0000000002637990 code [0x0000000002637ae0, 0x0000000002637c50]
Event: 0.677 Thread 0x0000000016371000  479       3       com.android.dx.dex.code.OutputFinisher::add (15 bytes)
Event: 0.677 Thread 0x0000000016371000 nmethod 479 0x0000000002636ed0 code [0x0000000002637080, 0x0000000002637658]
Event: 0.677 Thread 0x0000000016371000  482       3       com.android.dx.cf.code.BasicBlocker::addWorkIfNecessary (32 bytes)
Event: 0.677 Thread 0x0000000016371000 nmethod 482 0x0000000002636650 code [0x00000000026367e0, 0x0000000002636bb0]
Event: 0.677 Thread 0x0000000016371000  483   !   3       com.android.dx.cf.code.BytecodeArray::parseInstruction (2764 bytes)

GC Heap History (0 events):
No events

Deoptimization events (1 events):
Event: 0.679 Thread 0x000000001650e800 Uncommon trap: reason=unstable_if action=reinterpret pc=0x0000000002638d1c method=java.util.HashMap.getNode(ILjava/lang/Object;)Ljava/util/HashMap$Node; @ 129

Internal exceptions (2 events):
Event: 0.029 Thread 0x0000000002330800 Exception <a 'java/lang/NoSuchMethodError': Method sun.misc.Unsafe.defineClass(Ljava/lang/String;[BII)Ljava/lang/Class; name or signature does not match> (0x00000000eab07cc0) thrown at [D:\re\workspace\8-2-build-windows-amd64-cygwin\jdk8u92\6642\hotspot\sr—*ò,ž?
Event: 0.029 Thread 0x0000000002330800 Exception <a 'java/lang/NoSuchMethodError': Method sun.misc.Unsafe.prefetchRead(Ljava/lang/Object;J)V name or signature does not match> (0x00000000eab07fa8) thrown at [D:\re\workspace\8-2-build-windows-amd64-cygwin\jdk8u92\6642\hotspot\src\share\vm\prims\j

Events (10 events):
Event: 0.651 loading class com/android/dx/dex/file/FieldAnnotationStruct done
Event: 0.665 loading class com/android/dx/ssa/PhiInsn$Operand
Event: 0.665 loading class com/android/dx/ssa/PhiInsn$Operand done
Event: 0.677 loading class com/android/dx/cf/code/BytecodeArray$ConstantParserVisitor
Event: 0.677 loading class com/android/dx/cf/code/BytecodeArray$ConstantParserVisitor done
Event: 0.679 Thread 0x000000001650e800 Uncommon trap: trap_request=0xffffff65 fr.pc=0x0000000002638d1c
Event: 0.679 Thread 0x000000001650e800 DEOPT PACKING pc=0x0000000002638d1c sp=0x0000000016d6ecb0
Event: 0.679 Thread 0x000000001650e800 DEOPT UNPACKING pc=0x000000000247582a sp=0x0000000016d6ec28 mode 2
Event: 0.679 loading class com/android/dx/ssa/back/FirstFitLocalCombiningAllocator$Multiset
Event: 0.679 loading class com/android/dx/ssa/back/FirstFitLocalCombiningAllocator$Multiset done


Dynamic libraries:
0x00007ff6c9c50000 - 0x00007ff6c9c87000 	C:\Program Files\Java\jdk1.8.0_92\bin\java.exe
0x00007ff8be510000 - 0x00007ff8be6ba000 	C:\Windows\SYSTEM32\ntdll.dll
0x00007ff8be090000 - 0x00007ff8be1ca000 	C:\Windows\system32\KERNEL32.DLL
0x00007ff8bbc80000 - 0x00007ff8bbd8f000 	C:\Windows\system32\KERNELBASE.dll
0x00007ff8ba4b0000 - 0x00007ff8ba538000 	C:\Windows\system32\apphelp.dll
0x00007ff88f850000 - 0x00007ff88f89f000 	C:\Windows\AppPatch\AppPatch64\AcGenral.DLL
0x00007ff8bdfe0000 - 0x00007ff8be087000 	C:\Windows\system32\msvcrt.dll
0x00007ff8bb6c0000 - 0x00007ff8bb6eb000 	C:\Windows\SYSTEM32\SspiCli.dll
0x00007ff8be4b0000 - 0x00007ff8be501000 	C:\Windows\system32\SHLWAPI.dll
0x00007ff8bc360000 - 0x00007ff8bc4d1000 	C:\Windows\system32\USER32.dll
0x00007ff8bc4e0000 - 0x00007ff8bc658000 	C:\Windows\system32\ole32.dll
0x00007ff8bc840000 - 0x00007ff8bdc57000 	C:\Windows\system32\SHELL32.dll
0x00007ff8baef0000 - 0x00007ff8baf0e000 	C:\Windows\SYSTEM32\USERENV.dll
0x00007ff8bbf30000 - 0x00007ff8bbfd5000 	C:\Windows\system32\ADVAPI32.dll
0x00007ff8b6cd0000 - 0x00007ff8b6ceb000 	C:\Windows\SYSTEM32\MPR.dll
0x00007ff8bbfe0000 - 0x00007ff8bc116000 	C:\Windows\system32\RPCRT4.dll
0x00007ff8bc660000 - 0x00007ff8bc6b7000 	C:\Windows\SYSTEM32\sechost.dll
0x00007ff8be2d0000 - 0x00007ff8be4a6000 	C:\Windows\SYSTEM32\combase.dll
0x00007ff8bc6c0000 - 0x00007ff8bc805000 	C:\Windows\system32\GDI32.dll
0x00007ff8bb880000 - 0x00007ff8bb894000 	C:\Windows\SYSTEM32\profapi.dll
0x00007ff8b9ee0000 - 0x00007ff8b9f7f000 	C:\Windows\SYSTEM32\SHCORE.dll
0x00007ff8be290000 - 0x00007ff8be2c4000 	C:\Windows\system32\IMM32.DLL
0x00007ff8bbdf0000 - 0x00007ff8bbf29000 	C:\Windows\system32\MSCTF.dll
0x00007ff8b95d0000 - 0x00007ff8b982a000 	C:\Windows\WinSxS\amd64_microsoft.windows.common-controls_6595b64144ccf1df_6.0.9600.17031_none_6242a4b3ecbb55a1\COMCTL32.dll
0x0000000053f20000 - 0x0000000053ff2000 	C:\Program Files\Java\jdk1.8.0_92\jre\bin\msvcr100.dll
0x0000000054640000 - 0x0000000054ed6000 	C:\Program Files\Java\jdk1.8.0_92\jre\bin\server\jvm.dll
0x00007ff8a5620000 - 0x00007ff8a5629000 	C:\Windows\SYSTEM32\WSOCK32.dll
0x00007ff8b0000000 - 0x00007ff8b001f000 	C:\Windows\SYSTEM32\WINMM.dll
0x00007ff8b9590000 - 0x00007ff8b959a000 	C:\Windows\SYSTEM32\VERSION.dll
0x00007ff8bc2b0000 - 0x00007ff8bc2b7000 	C:\Windows\system32\PSAPI.DLL
0x00007ff8bbd90000 - 0x00007ff8bbde8000 	C:\Windows\system32\WS2_32.dll
0x00007ff8affd0000 - 0x00007ff8afffa000 	C:\Windows\SYSTEM32\WINMMBASE.dll
0x00007ff8bc1d0000 - 0x00007ff8bc1d9000 	C:\Windows\system32\NSI.dll
0x00007ff8bbc30000 - 0x00007ff8bbc7a000 	C:\Windows\SYSTEM32\cfgmgr32.dll
0x00007ff8ba700000 - 0x00007ff8ba726000 	C:\Windows\SYSTEM32\DEVOBJ.dll
0x0000000054630000 - 0x000000005463f000 	C:\Program Files\Java\jdk1.8.0_92\jre\bin\verify.dll
0x0000000054600000 - 0x0000000054629000 	C:\Program Files\Java\jdk1.8.0_92\jre\bin\java.dll
0x00000000545e0000 - 0x00000000545f6000 	C:\Program Files\Java\jdk1.8.0_92\jre\bin\zip.dll

VM Arguments:
jvm_args: -Djava.awt.headless=true -Xmx1024M -Dfile.encoding=windows-1252 -Duser.country=US -Duser.language=en -Duser.variant 
java_command: com.android.dx.command.Main --dex --force-jumbo --num-threads=4 --output C:\Zooket\app\build\intermediates\pre-dexed\debug\instant-run_4b35f881d5fb4de1bebcf2485b24bc4c60fc3c97.jar C:\Zooket\app\build\intermediates\incremental-runtime-classes\debug\instant-run.jar
java_class_path (initial): C:\android-sdk-windows\build-tools\24.0.3\lib\dx.jar
Launcher Type: SUN_STANDARD

Environment Variables:
PATH=C:\ProgramData\Oracle\Java\javapath;C:\Windows\system32;C:\Windows;C:\Windows\System32\Wbem;C:\Windows\System32\WindowsPowerShell\v1.0\;C:\Program Files (x86)\NVIDIA Corporation\PhysX\Common;C:\Program Files (x86)\Windows Kits\8.1\Windows Performance Toolkit\;C:\Program Files\Microsoft SQL Server\110\Tools\Binn\;C:\Program Files\Microsoft SQL Server\110\DTS\Binn\;C:\Program Files (x86)\Microsoft SQL Server\110\Tools\Binn\;C:\Program Files (x86)\Microsoft SQL Server\110\Tools\Binn\ManagementStudio\;C:\Program Files (x86)\Microsoft Visual Studio 10.0\Common7\IDE\PrivateAssemblies\;C:\Program Files (x86)\Microsoft SQL Server\110\DTS\Binn\;C:\Program Files (x86)\GtkSharp\2.12\bin;C:\Program Files (x86)\QuickTime\QTSystem\
USERNAME=Smo
OS=Windows_NT
PROCESSOR_IDENTIFIER=Intel64 Family 6 Model 94 Stepping 3, GenuineIntel



---------------  S Y S T E M  ---------------

OS: Windows 8.1 , 64 bit Build 9600 (6.3.9600.17056)

CPU:total 4 (4 cores per cpu, 1 threads per core) family 6 model 94 stepping 3, cmov, cx8, fxsr, mmx, sse, sse2, sse3, ssse3, sse4.1, sse4.2, popcnt, avx, avx2, aes, clmul, erms, 3dnowpref, lzcnt, tsc, tscinvbit, bmi1, bmi2, adx

Memory: 4k page, physical 8266404k(1276532k free), swap 8266404k(5068k free)

vm_info: Java HotSpot(TM) 64-Bit Server VM (25.92-b14) for windows-amd64 JRE (1.8.0_92-b14), built on Mar 31 2016 21:03:04 by "java_re" with MS VC++ 10.0 (VS2010)

time: Mon May 22 18:45:18 2017
elapsed time: 0 seconds (0d 0h 0m 0s)

