#
# There is insufficient memory for the Java Runtime Environment to continue.
# Native memory allocation (malloc) failed to allocate 1034096 bytes for Chunk::new
# Possible reasons:
#   The system is out of physical RAM or swap space
#   In 32 bit mode, the process size limit was hit
# Possible solutions:
#   Reduce memory load on the system
#   Increase physical memory or swap space
#   Check if swap backing store is full
#   Use 64 bit Java on a 64 bit OS
#   Decrease Java heap size (-Xmx/-Xms)
#   Decrease number of Java threads
#   Decrease Java thread stack sizes (-Xss)
#   Set larger code cache with -XX:ReservedCodeCacheSize=
# This output file may be truncated or incomplete.
#
#  Out of Memory Error (allocation.cpp:390), pid=7416, tid=0x00000000000018c8
#
# JRE version: Java(TM) SE Runtime Environment (8.0_92-b14) (build 1.8.0_92-b14)
# Java VM: Java HotSpot(TM) 64-Bit Server VM (25.92-b14 mixed mode windows-amd64 compressed oops)
# Failed to write core dump. Minidumps are not enabled by default on client versions of Windows
#

---------------  T H R E A D  ---------------

Current thread (0x00000000145de000):  JavaThread "C2 CompilerThread0" daemon [_thread_in_native, id=6344, stack(0x0000000015c10000,0x0000000015d10000)]

Stack: [0x0000000015c10000,0x0000000015d10000]
[error occurred during error reporting (printing stack bounds), id 0xc0000005]

Native frames: (J=compiled Java code, j=interpreted, Vv=VM code, C=native code)


Current CompileTask:
C2:   2539 1375       4       com.android.dx.ssa.LocalVariableExtractor::processBlock (383 bytes)


---------------  P R O C E S S  ---------------

Java Threads: ( => current thread )
  0x0000000016085800 JavaThread "pool-1-thread-4" [_thread_blocked, id=5600, stack(0x0000000016910000,0x0000000016a10000)]
  0x0000000016083800 JavaThread "pool-1-thread-3" [_thread_blocked, id=3576, stack(0x0000000016810000,0x0000000016910000)]
  0x0000000016072800 JavaThread "pool-1-thread-2" [_thread_in_Java, id=7492, stack(0x0000000016710000,0x0000000016810000)]
  0x000000001606e000 JavaThread "pool-2-thread-1" [_thread_blocked, id=5412, stack(0x0000000016610000,0x0000000016710000)]
  0x000000001606b000 JavaThread "pool-1-thread-1" [_thread_blocked, id=5488, stack(0x0000000016510000,0x0000000016610000)]
  0x0000000015e16800 JavaThread "Service Thread" daemon [_thread_blocked, id=5444, stack(0x0000000016310000,0x0000000016410000)]
  0x0000000015e11000 JavaThread "C1 CompilerThread2" daemon [_thread_blocked, id=1540, stack(0x0000000016210000,0x0000000016310000)]
  0x0000000014637800 JavaThread "C2 CompilerThread1" daemon [_thread_in_native, id=9088, stack(0x0000000015d10000,0x0000000015e10000)]
=>0x00000000145de000 JavaThread "C2 CompilerThread0" daemon [_thread_in_native, id=6344, stack(0x0000000015c10000,0x0000000015d10000)]
  0x00000000145dc000 JavaThread "Attach Listener" daemon [_thread_blocked, id=6772, stack(0x0000000015b10000,0x0000000015c10000)]
  0x00000000145db000 JavaThread "Signal Dispatcher" daemon [_thread_blocked, id=6984, stack(0x0000000015a10000,0x0000000015b10000)]
  0x00000000145ca800 JavaThread "Finalizer" daemon [_thread_blocked, id=9196, stack(0x0000000015830000,0x0000000015930000)]
  0x0000000001f00800 JavaThread "Reference Handler" daemon [_thread_blocked, id=3844, stack(0x0000000015730000,0x0000000015830000)]
  0x0000000001e12800 JavaThread "main" [_thread_blocked, id=4276, stack(0x0000000001d00000,0x0000000001e00000)]

Other Threads:
  0x00000000145a8800 VMThread [stack: 0x0000000015630000,0x0000000015730000] [id=7128]
  0x0000000015e32000 WatcherThread [stack: 0x0000000016410000,0x0000000016510000] [id=7808]

VM state:not at safepoint (normal execution)

VM Mutex/Monitor currently owned by a thread: None

Heap:
 PSYoungGen      total 38400K, used 23096K [0x00000000eab00000, 0x00000000ef600000, 0x0000000100000000)
  eden space 33280K, 54% used [0x00000000eab00000,0x00000000ebc94308,0x00000000ecb80000)
  from space 5120K, 99% used [0x00000000ecb80000,0x00000000ed07a0a8,0x00000000ed080000)
  to   space 5120K, 0% used [0x00000000ef100000,0x00000000ef100000,0x00000000ef600000)
 ParOldGen       total 87552K, used 1160K [0x00000000c0000000, 0x00000000c5580000, 0x00000000eab00000)
  object space 87552K, 1% used [0x00000000c0000000,0x00000000c0122070,0x00000000c5580000)
 Metaspace       used 6160K, capacity 7000K, committed 7168K, reserved 1056768K
  class space    used 619K, capacity 656K, committed 768K, reserved 1048576K

Card table byte_map: [0x00000000112d0000,0x00000000114e0000] byte_map_base: 0x0000000010cd0000

Marking Bits: (ParMarkBitMap*) 0x00000000542664f0
 Begin Bits: [0x0000000011a40000, 0x0000000012a40000)
 End Bits:   [0x0000000012a40000, 0x0000000013a40000)

Polling page: 0x0000000000500000

CodeCache: size=245760Kb used=5594Kb max_used=5624Kb free=240165Kb
 bounds [0x0000000001f10000, 0x00000000024a0000, 0x0000000010f10000]
 total_blobs=1649 nmethods=1380 adapters=182
 compilation: enabled

Compilation events (10 events):
Event: 2.365 Thread 0x0000000015e11000 1385       3       com.android.dx.rop.code.RegisterSpecList::make (17 bytes)
Event: 2.365 Thread 0x0000000015e11000 nmethod 1385 0x000000000247cfd0 code [0x000000000247d1a0, 0x000000000247da48]
Event: 2.366 Thread 0x0000000015e11000 1387       3       com.android.dx.ssa.SsaInsn::makeFromRop (10 bytes)
Event: 2.366 Thread 0x0000000015e11000 nmethod 1387 0x000000000247e050 code [0x000000000247e1e0, 0x000000000247e668]
Event: 2.367 Thread 0x0000000015e11000 1390       3       com.android.dx.dex.code.OutputFinisher::hasLocalInfo (20 bytes)
Event: 2.367 Thread 0x0000000015e11000 nmethod 1390 0x0000000002475e50 code [0x0000000002475fc0, 0x0000000002476250]
Event: 2.367 Thread 0x0000000015e11000 1391       3       java.lang.String::<init> (15 bytes)
Event: 2.367 Thread 0x0000000015e11000 nmethod 1391 0x000000000247e8d0 code [0x000000000247ea60, 0x000000000247ee48]
Event: 2.470 Thread 0x0000000014637800 nmethod 1250 0x0000000002486ad0 code [0x0000000002486fe0, 0x000000000248bca0]
Event: 2.470 Thread 0x0000000014637800 1372       4       com.android.dx.ssa.SsaBasicBlock::newFromRop (183 bytes)

GC Heap History (2 events):
Event: 1.541 GC heap before
{Heap before GC invocations=1 (full 0):
 PSYoungGen      total 38400K, used 33280K [0x00000000eab00000, 0x00000000ed580000, 0x0000000100000000)
  eden space 33280K, 100% used [0x00000000eab00000,0x00000000ecb80000,0x00000000ecb80000)
  from space 5120K, 0% used [0x00000000ed080000,0x00000000ed080000,0x00000000ed580000)
  to   space 5120K, 0% used [0x00000000ecb80000,0x00000000ecb80000,0x00000000ed080000)
 ParOldGen       total 87552K, used 0K [0x00000000c0000000, 0x00000000c5580000, 0x00000000eab00000)
  object space 87552K, 0% used [0x00000000c0000000,0x00000000c0000000,0x00000000c5580000)
 Metaspace       used 5993K, capacity 6898K, committed 7040K, reserved 1056768K
  class space    used 598K, capacity 618K, committed 640K, reserved 1048576K
Event: 1.751 GC heap after
Heap after GC invocations=1 (full 0):
 PSYoungGen      total 38400K, used 5096K [0x00000000eab00000, 0x00000000ef600000, 0x0000000100000000)
  eden space 33280K, 0% used [0x00000000eab00000,0x00000000eab00000,0x00000000ecb80000)
  from space 5120K, 99% used [0x00000000ecb80000,0x00000000ed07a0a8,0x00000000ed080000)
  to   space 5120K, 0% used [0x00000000ef100000,0x00000000ef100000,0x00000000ef600000)
 ParOldGen       total 87552K, used 1160K [0x00000000c0000000, 0x00000000c5580000, 0x00000000eab00000)
  object space 87552K, 1% used [0x00000000c0000000,0x00000000c0122070,0x00000000c5580000)
 Metaspace       used 5993K, capacity 6898K, committed 7040K, reserved 1056768K
  class space    used 598K, capacity 618K, committed 640K, reserved 1048576K
}

Deoptimization events (10 events):
Event: 1.174 Thread 0x0000000001e12800 Uncommon trap: reason=bimorphic action=maybe_recompile pc=0x000000000216b648 method=java.util.HashMap.getNode(ILjava/lang/Object;)Ljava/util/HashMap$Node; @ 126
Event: 1.189 Thread 0x0000000016083800 Uncommon trap: reason=unstable_if action=reinterpret pc=0x000000000224751c method=com.android.dx.rop.cst.Constant.compareTo(Lcom/android/dx/rop/cst/Constant;)I @ 12
Event: 1.190 Thread 0x0000000016083800 Uncommon trap: reason=bimorphic action=maybe_recompile pc=0x000000000216b648 method=java.util.HashMap.getNode(ILjava/lang/Object;)Ljava/util/HashMap$Node; @ 126
Event: 1.190 Thread 0x0000000016083800 Uncommon trap: reason=bimorphic action=maybe_recompile pc=0x000000000216b648 method=java.util.HashMap.getNode(ILjava/lang/Object;)Ljava/util/HashMap$Node; @ 126
Event: 1.504 Thread 0x0000000016085800 Uncommon trap: reason=unstable_if action=reinterpret pc=0x00000000023ab204 method=com.android.dx.ssa.SCCP.simulateStmt(Lcom/android/dx/ssa/SsaInsn;)V @ 53
Event: 1.772 Thread 0x0000000016083800 Uncommon trap: reason=bimorphic action=maybe_recompile pc=0x0000000002179564 method=java.util.HashMap.getNode(ILjava/lang/Object;)Ljava/util/HashMap$Node; @ 126
Event: 1.892 Thread 0x0000000016072800 Uncommon trap: reason=unstable_if action=reinterpret pc=0x000000000228f8e0 method=java.util.HashMap.putVal(ILjava/lang/Object;Ljava/lang/Object;ZZ)Ljava/lang/Object; @ 162
Event: 2.278 Thread 0x0000000016072800 Uncommon trap: reason=unstable_if action=reinterpret pc=0x000000000216b630 method=java.util.HashMap.getNode(ILjava/lang/Object;)Ljava/util/HashMap$Node; @ 84
Event: 2.360 Thread 0x0000000016072800 Uncommon trap: reason=bimorphic action=maybe_recompile pc=0x0000000002453ba8 method=com.android.dx.cf.code.BytecodeArray.parseInstruction(ILcom/android/dx/cf/code/BytecodeArray$Visitor;)I @ 2281
Event: 2.360 Thread 0x0000000016072800 Uncommon trap: reason=bimorphic action=maybe_recompile pc=0x0000000002453ba8 method=com.android.dx.cf.code.BytecodeArray.parseInstruction(ILcom/android/dx/cf/code/BytecodeArray$Visitor;)I @ 2281

Internal exceptions (7 events):
Event: 0.045 Thread 0x0000000001e12800 Exception <a 'java/lang/NoSuchMethodError': Method sun.misc.Unsafe.defineClass(Ljava/lang/String;[BII)Ljava/lang/Class; name or signature does not match> (0x00000000eab07cc0) thrown at [D:\re\workspace\8-2-build-windows-amd64-cygwin\jdk8u92\6642\hotspot\sr1
Event: 0.045 Thread 0x0000000001e12800 Exception <a 'java/lang/NoSuchMethodError': Method sun.misc.Unsafe.prefetchRead(Ljava/lang/Object;J)V name or signature does not match> (0x00000000eab07fa8) thrown at [D:\re\workspace\8-2-build-windows-amd64-cygwin\jdk8u92\6642\hotspot\src\share\vm\prims\jt¿vý î?
Event: 0.942 Thread 0x0000000016085800 Implicit null exception at 0x00000000021ba739 to 0x00000000021bbf75
Event: 1.163 Thread 0x0000000016083800 Implicit null exception at 0x00000000021f6662 to 0x00000000021f675a
Event: 2.247 Thread 0x0000000016072800 Exception <a 'java/lang/ArrayIndexOutOfBoundsException': 18> (0x00000000eba50018) thrown at [D:\re\workspace\8-2-build-windows-amd64-cygwin\jdk8u92\6642\hotspot\src\share\vm\interpreter\interpreterRuntime.cpp, line 366]
Event: 2.251 Thread 0x0000000016072800 Exception <a 'java/lang/ArrayIndexOutOfBoundsException'> (0x00000000eba51b98) thrown at [D:\re\workspace\8-2-build-windows-amd64-cygwin\jdk8u92\6642\hotspot\src\share\vm\runtime\sharedRuntime.cpp, line 605]
Event: 2.277 Thread 0x0000000016072800 Exception <a 'java/lang/ArrayIndexOutOfBoundsException'> (0x00000000eba52e80) thrown at [D:\re\workspace\8-2-build-windows-amd64-cygwin\jdk8u92\6642\hotspot\src\share\vm\runtime\sharedRuntime.cpp, line 605]

Events (10 events):
Event: 2.278 Thread 0x0000000016072800 DEOPT PACKING pc=0x000000000216b630 sp=0x000000001680e810
Event: 2.278 Thread 0x0000000016072800 DEOPT UNPACKING pc=0x0000000001f5582a sp=0x000000001680e740 mode 2
Event: 2.360 loading class com/android/dx/cf/code/BytecodeArray$ConstantParserVisitor
Event: 2.360 loading class com/android/dx/cf/code/BytecodeArray$ConstantParserVisitor done
Event: 2.360 Thread 0x0000000016072800 Uncommon trap: trap_request=0xffffffc6 fr.pc=0x0000000002453ba8
Event: 2.360 Thread 0x0000000016072800 DEOPT PACKING pc=0x0000000002453ba8 sp=0x000000001680e830
Event: 2.360 Thread 0x0000000016072800 DEOPT UNPACKING pc=0x0000000001f5582a sp=0x000000001680e800 mode 2
Event: 2.360 Thread 0x0000000016072800 Uncommon trap: trap_request=0xffffffc6 fr.pc=0x0000000002453ba8
Event: 2.360 Thread 0x0000000016072800 DEOPT PACKING pc=0x0000000002453ba8 sp=0x000000001680e5f0
Event: 2.360 Thread 0x0000000016072800 DEOPT UNPACKING pc=0x0000000001f5582a sp=0x000000001680e5c0 mode 2


Dynamic libraries:
0x00007ff77dd40000 - 0x00007ff77dd77000 	C:\Program Files\Java\jdk1.8.0_92\bin\java.exe
0x00007ff95e280000 - 0x00007ff95e42a000 	C:\Windows\SYSTEM32\ntdll.dll
0x00007ff95d9d0000 - 0x00007ff95db0a000 	C:\Windows\system32\KERNEL32.DLL
0x00007ff95b9f0000 - 0x00007ff95baff000 	C:\Windows\system32\KERNELBASE.dll
0x00007ff95a220000 - 0x00007ff95a2a8000 	C:\Windows\system32\apphelp.dll
0x00007ff93af80000 - 0x00007ff93afcf000 	C:\Windows\AppPatch\AppPatch64\AcGenral.DLL
0x00007ff95bb10000 - 0x00007ff95bbb7000 	C:\Windows\system32\msvcrt.dll
0x00007ff95b430000 - 0x00007ff95b45b000 	C:\Windows\SYSTEM32\SspiCli.dll
0x00007ff95dd10000 - 0x00007ff95dd61000 	C:\Windows\system32\SHLWAPI.dll
0x00007ff95d460000 - 0x00007ff95d5d1000 	C:\Windows\system32\USER32.dll
0x00007ff95df50000 - 0x00007ff95e0c8000 	C:\Windows\system32\ole32.dll
0x00007ff95bbc0000 - 0x00007ff95cfd7000 	C:\Windows\system32\SHELL32.dll
0x00007ff95ac60000 - 0x00007ff95ac7e000 	C:\Windows\SYSTEM32\USERENV.dll
0x00007ff95db10000 - 0x00007ff95dbb5000 	C:\Windows\system32\ADVAPI32.dll
0x00007ff956ad0000 - 0x00007ff956aeb000 	C:\Windows\SYSTEM32\MPR.dll
0x00007ff95d5e0000 - 0x00007ff95d716000 	C:\Windows\system32\RPCRT4.dll
0x00007ff95e0d0000 - 0x00007ff95e127000 	C:\Windows\SYSTEM32\sechost.dll
0x00007ff95d090000 - 0x00007ff95d266000 	C:\Windows\SYSTEM32\combase.dll
0x00007ff95e130000 - 0x00007ff95e275000 	C:\Windows\system32\GDI32.dll
0x00007ff95b5f0000 - 0x00007ff95b604000 	C:\Windows\SYSTEM32\profapi.dll
0x00007ff959c50000 - 0x00007ff959cef000 	C:\Windows\SYSTEM32\SHCORE.dll
0x00007ff95dd70000 - 0x00007ff95dda4000 	C:\Windows\system32\IMM32.DLL
0x00007ff95d320000 - 0x00007ff95d459000 	C:\Windows\system32\MSCTF.dll
0x00007ff959340000 - 0x00007ff95959a000 	C:\Windows\WinSxS\amd64_microsoft.windows.common-controls_6595b64144ccf1df_6.0.9600.17031_none_6242a4b3ecbb55a1\COMCTL32.dll
0x0000000053650000 - 0x0000000053722000 	C:\Program Files\Java\jdk1.8.0_92\jre\bin\msvcr100.dll
0x0000000053a50000 - 0x00000000542e6000 	C:\Program Files\Java\jdk1.8.0_92\jre\bin\server\jvm.dll
0x00007ff951bb0000 - 0x00007ff951bb9000 	C:\Windows\SYSTEM32\WSOCK32.dll
0x00007ff952430000 - 0x00007ff95244f000 	C:\Windows\SYSTEM32\WINMM.dll
0x00007ff959300000 - 0x00007ff95930a000 	C:\Windows\SYSTEM32\VERSION.dll
0x00007ff95bb00000 - 0x00007ff95bb07000 	C:\Windows\system32\PSAPI.DLL
0x00007ff95d910000 - 0x00007ff95d968000 	C:\Windows\system32\WS2_32.dll
0x00007ff9523f0000 - 0x00007ff95241a000 	C:\Windows\SYSTEM32\WINMMBASE.dll
0x00007ff95d720000 - 0x00007ff95d729000 	C:\Windows\system32\NSI.dll
0x00007ff95b7c0000 - 0x00007ff95b80a000 	C:\Windows\SYSTEM32\cfgmgr32.dll
0x00007ff95a470000 - 0x00007ff95a496000 	C:\Windows\SYSTEM32\DEVOBJ.dll
0x00000000545e0000 - 0x00000000545ef000 	C:\Program Files\Java\jdk1.8.0_92\jre\bin\verify.dll
0x00000000545b0000 - 0x00000000545d9000 	C:\Program Files\Java\jdk1.8.0_92\jre\bin\java.dll
0x0000000054590000 - 0x00000000545a6000 	C:\Program Files\Java\jdk1.8.0_92\jre\bin\zip.dll

VM Arguments:
jvm_args: -Djava.awt.headless=true -Xmx1024M -Dfile.encoding=windows-1252 -Duser.country=US -Duser.language=en -Duser.variant 
java_command: com.android.dx.command.Main --dex --force-jumbo --num-threads=4 --output C:\Zooket\app\build\intermediates\pre-dexed\debug\okhttp-3.5.0_e91d8159a3d7db8ced802dc3bb030e67d837299d.jar C:\Users\Smo\.gradle\caches\modules-2\files-2.1\com.squareup.okhttp3\okhttp\3.5.0\4b0bb6bfbecbdd42b97ff400af342bfe7f32bc83\okhttp-3.5.0.jar
java_class_path (initial): C:\android-sdk-windows\build-tools\24.0.3\lib\dx.jar
Launcher Type: SUN_STANDARD

Environment Variables:
PATH=C:\ProgramData\Oracle\Java\javapath;C:\Windows\system32;C:\Windows;C:\Windows\System32\Wbem;C:\Windows\System32\WindowsPowerShell\v1.0\;C:\Program Files (x86)\NVIDIA Corporation\PhysX\Common;C:\Program Files (x86)\Windows Kits\8.1\Windows Performance Toolkit\;C:\Program Files\Microsoft SQL Server\110\Tools\Binn\;C:\Program Files\Microsoft SQL Server\110\DTS\Binn\;C:\Program Files (x86)\Microsoft SQL Server\110\Tools\Binn\;C:\Program Files (x86)\Microsoft SQL Server\110\Tools\Binn\ManagementStudio\;C:\Program Files (x86)\Microsoft Visual Studio 10.0\Common7\IDE\PrivateAssemblies\;C:\Program Files (x86)\Microsoft SQL Server\110\DTS\Binn\;C:\Program Files (x86)\GtkSharp\2.12\bin;C:\Program Files (x86)\QuickTime\QTSystem\
USERNAME=Smo
OS=Windows_NT
PROCESSOR_IDENTIFIER=Intel64 Family 6 Model 94 Stepping 3, GenuineIntel



---------------  S Y S T E M  ---------------

OS: Windows 8.1 , 64 bit Build 9600 (6.3.9600.17056)

CPU:total 4 (4 cores per cpu, 1 threads per core) family 6 model 94 stepping 3, cmov, cx8, fxsr, mmx, sse, sse2, sse3, ssse3, sse4.1, sse4.2, popcnt, avx, avx2, aes, clmul, erms, 3dnowpref, lzcnt, tsc, tscinvbit, bmi1, bmi2, adx

Memory: 4k page, physical 8266404k(1074864k free), swap 8266404k(5228k free)

vm_info: Java HotSpot(TM) 64-Bit Server VM (25.92-b14) for windows-amd64 JRE (1.8.0_92-b14), built on Mar 31 2016 21:03:04 by "java_re" with MS VC++ 10.0 (VS2010)

time: Mon May 08 13:42:58 2017
elapsed time: 2 seconds (0d 0h 0m 2s)

