#
# There is insufficient memory for the Java Runtime Environment to continue.
# Native memory allocation (malloc) failed to allocate 306736 bytes for Chunk::new
# Possible reasons:
#   The system is out of physical RAM or swap space
#   In 32 bit mode, the process size limit was hit
# Possible solutions:
#   Reduce memory load on the system
#   Increase physical memory or swap space
#   Check if swap backing store is full
#   Use 64 bit Java on a 64 bit OS
#   Decrease Java heap size (-Xmx/-Xms)
#   Decrease number of Java threads
#   Decrease Java thread stack sizes (-Xss)
#   Set larger code cache with -XX:ReservedCodeCacheSize=
# This output file may be truncated or incomplete.
#
#  Out of Memory Error (allocation.cpp:390), pid=6332, tid=0x0000000000001e7c
#
# JRE version: Java(TM) SE Runtime Environment (8.0_92-b14) (build 1.8.0_92-b14)
# Java VM: Java HotSpot(TM) 64-Bit Server VM (25.92-b14 mixed mode windows-amd64 compressed oops)
# Failed to write core dump. Minidumps are not enabled by default on client versions of Windows
#

---------------  T H R E A D  ---------------

Current thread (0x00000000149c6800):  JavaThread "C2 CompilerThread1" daemon [_thread_in_native, id=7804, stack(0x00000000160b0000,0x00000000161b0000)]

Stack: [0x00000000160b0000,0x00000000161b0000]
[error occurred during error reporting (printing stack bounds), id 0xc0000005]

Native frames: (J=compiled Java code, j=interpreted, Vv=VM code, C=native code)


Current CompileTask:
C2:   7654 2036   !   4       com.android.dx.cf.code.BytecodeArray::parseInstruction (2764 bytes)


---------------  P R O C E S S  ---------------

Java Threads: ( => current thread )
  0x000000001644b800 JavaThread "pool-1-thread-4" [_thread_blocked, id=6600, stack(0x0000000016cb0000,0x0000000016db0000)]
  0x000000001644a000 JavaThread "pool-1-thread-3" [_thread_blocked, id=8144, stack(0x0000000016bb0000,0x0000000016cb0000)]
  0x0000000016449000 JavaThread "pool-1-thread-2" [_thread_blocked, id=1920, stack(0x0000000016ab0000,0x0000000016bb0000)]
  0x0000000016445000 JavaThread "pool-2-thread-1" [_thread_blocked, id=5308, stack(0x00000000169b0000,0x0000000016ab0000)]
  0x0000000016505000 JavaThread "pool-1-thread-1" [_thread_blocked, id=7856, stack(0x00000000168b0000,0x00000000169b0000)]
  0x00000000161b5800 JavaThread "Service Thread" daemon [_thread_blocked, id=4440, stack(0x00000000166b0000,0x00000000167b0000)]
  0x00000000161b0800 JavaThread "C1 CompilerThread2" daemon [_thread_blocked, id=6488, stack(0x00000000165b0000,0x00000000166b0000)]
=>0x00000000149c6800 JavaThread "C2 CompilerThread1" daemon [_thread_in_native, id=7804, stack(0x00000000160b0000,0x00000000161b0000)]
  0x000000001496d000 JavaThread "C2 CompilerThread0" daemon [_thread_in_native, id=2116, stack(0x0000000015fb0000,0x00000000160b0000)]
  0x000000001496b000 JavaThread "Attach Listener" daemon [_thread_blocked, id=6772, stack(0x0000000015eb0000,0x0000000015fb0000)]
  0x000000001496a000 JavaThread "Signal Dispatcher" daemon [_thread_blocked, id=6432, stack(0x0000000015db0000,0x0000000015eb0000)]
  0x000000000229a800 JavaThread "Finalizer" daemon [_thread_blocked, id=7868, stack(0x0000000015bd0000,0x0000000015cd0000)]
  0x0000000014939000 JavaThread "Reference Handler" daemon [_thread_blocked, id=6584, stack(0x0000000015ad0000,0x0000000015bd0000)]
  0x00000000021a2800 JavaThread "main" [_thread_blocked, id=5316, stack(0x00000000020a0000,0x00000000021a0000)]

Other Threads:
  0x0000000014937800 VMThread [stack: 0x00000000159d0000,0x0000000015ad0000] [id=6404]
  0x00000000161c0800 WatcherThread [stack: 0x00000000167b0000,0x00000000168b0000] [id=2052]

VM state:not at safepoint (normal execution)

VM Mutex/Monitor currently owned by a thread: None

Heap:
 PSYoungGen      total 71680K, used 61294K [0x00000000eab00000, 0x00000000f3700000, 0x0000000100000000)
  eden space 66560K, 84% used [0x00000000eab00000,0x00000000ee1e2d10,0x00000000eec00000)
  from space 5120K, 99% used [0x00000000eec00000,0x00000000ef0f8b80,0x00000000ef100000)
  to   space 5120K, 0% used [0x00000000f3200000,0x00000000f3200000,0x00000000f3700000)
 ParOldGen       total 87552K, used 13584K [0x00000000c0000000, 0x00000000c5580000, 0x00000000eab00000)
  object space 87552K, 15% used [0x00000000c0000000,0x00000000c0d44190,0x00000000c5580000)
 Metaspace       used 6346K, capacity 7154K, committed 7296K, reserved 1056768K
  class space    used 605K, capacity 618K, committed 640K, reserved 1048576K

Card table byte_map: [0x0000000011660000,0x0000000011870000] byte_map_base: 0x0000000011060000

Marking Bits: (ParMarkBitMap*) 0x00000000733364f0
 Begin Bits: [0x0000000011dd0000, 0x0000000012dd0000)
 End Bits:   [0x0000000012dd0000, 0x0000000013dd0000)

Polling page: 0x0000000001f30000

CodeCache: size=245760Kb used=8939Kb max_used=8939Kb free=236820Kb
 bounds [0x00000000022a0000, 0x0000000002b70000, 0x00000000112a0000]
 total_blobs=2272 nmethods=2002 adapters=182
 compilation: enabled

Compilation events (10 events):
Event: 7.536 Thread 0x00000000149c6800 nmethod 2017 0x0000000002b58590 code [0x0000000002b587a0, 0x0000000002b59c28]
Event: 7.537 Thread 0x00000000149c6800 2048       4       java.util.HashMap::putVal (300 bytes)
Event: 7.543 Thread 0x00000000149c6800 nmethod 2048 0x0000000002b48090 code [0x0000000002b48240, 0x0000000002b48a18]
Event: 7.543 Thread 0x00000000149c6800 2024       4       com.android.dx.ssa.LiteralOpUpgrader$1::visitNonMoveInsn (203 bytes)
Event: 7.552 Thread 0x00000000149c6800 nmethod 2024 0x0000000002b56350 code [0x0000000002b56700, 0x0000000002b57338]
Event: 7.552 Thread 0x00000000149c6800 2036   !   4       com.android.dx.cf.code.BytecodeArray::parseInstruction (2764 bytes)
Event: 7.600 Thread 0x00000000161b0800 2053       2       com.android.dx.rop.cst.CstArray$List::<init> (6 bytes)
Event: 7.600 Thread 0x00000000161b0800 nmethod 2053 0x0000000002b47d10 code [0x0000000002b47e80, 0x0000000002b47fe8]
Event: 7.600 Thread 0x00000000161b0800 2054       2       com.android.dx.rop.cst.CstArray::<init> (28 bytes)
Event: 7.600 Thread 0x00000000161b0800 nmethod 2054 0x0000000002b55d10 code [0x0000000002b55ea0, 0x0000000002b56198]

GC Heap History (6 events):
Event: 1.162 GC heap before
{Heap before GC invocations=1 (full 0):
 PSYoungGen      total 38400K, used 33280K [0x00000000eab00000, 0x00000000ed580000, 0x0000000100000000)
  eden space 33280K, 100% used [0x00000000eab00000,0x00000000ecb80000,0x00000000ecb80000)
  from space 5120K, 0% used [0x00000000ed080000,0x00000000ed080000,0x00000000ed580000)
  to   space 5120K, 0% used [0x00000000ecb80000,0x00000000ecb80000,0x00000000ed080000)
 ParOldGen       total 87552K, used 0K [0x00000000c0000000, 0x00000000c5580000, 0x00000000eab00000)
  object space 87552K, 0% used [0x00000000c0000000,0x00000000c0000000,0x00000000c5580000)
 Metaspace       used 5977K, capacity 6896K, committed 7040K, reserved 1056768K
  class space    used 602K, capacity 616K, committed 640K, reserved 1048576K
Event: 1.687 GC heap after
Heap after GC invocations=1 (full 0):
 PSYoungGen      total 38400K, used 5099K [0x00000000eab00000, 0x00000000ef600000, 0x0000000100000000)
  eden space 33280K, 0% used [0x00000000eab00000,0x00000000eab00000,0x00000000ecb80000)
  from space 5120K, 99% used [0x00000000ecb80000,0x00000000ed07ae40,0x00000000ed080000)
  to   space 5120K, 0% used [0x00000000ef100000,0x00000000ef100000,0x00000000ef600000)
 ParOldGen       total 87552K, used 397K [0x00000000c0000000, 0x00000000c5580000, 0x00000000eab00000)
  object space 87552K, 0% used [0x00000000c0000000,0x00000000c00635b0,0x00000000c5580000)
 Metaspace       used 5977K, capacity 6896K, committed 7040K, reserved 1056768K
  class space    used 602K, capacity 616K, committed 640K, reserved 1048576K
}
Event: 1.958 GC heap before
{Heap before GC invocations=2 (full 0):
 PSYoungGen      total 38400K, used 38379K [0x00000000eab00000, 0x00000000ef600000, 0x0000000100000000)
  eden space 33280K, 100% used [0x00000000eab00000,0x00000000ecb80000,0x00000000ecb80000)
  from space 5120K, 99% used [0x00000000ecb80000,0x00000000ed07ae40,0x00000000ed080000)
  to   space 5120K, 0% used [0x00000000ef100000,0x00000000ef100000,0x00000000ef600000)
 ParOldGen       total 87552K, used 397K [0x00000000c0000000, 0x00000000c5580000, 0x00000000eab00000)
  object space 87552K, 0% used [0x00000000c0000000,0x00000000c00635b0,0x00000000c5580000)
 Metaspace       used 6149K, capacity 7026K, committed 7296K, reserved 1056768K
  class space    used 604K, capacity 618K, committed 640K, reserved 1048576K
Event: 2.973 GC heap after
Heap after GC invocations=2 (full 0):
 PSYoungGen      total 71680K, used 5103K [0x00000000eab00000, 0x00000000ef600000, 0x0000000100000000)
  eden space 66560K, 0% used [0x00000000eab00000,0x00000000eab00000,0x00000000eec00000)
  from space 5120K, 99% used [0x00000000ef100000,0x00000000ef5fbe88,0x00000000ef600000)
  to   space 5120K, 0% used [0x00000000eec00000,0x00000000eec00000,0x00000000ef100000)
 ParOldGen       total 87552K, used 3760K [0x00000000c0000000, 0x00000000c5580000, 0x00000000eab00000)
  object space 87552K, 4% used [0x00000000c0000000,0x00000000c03ac120,0x00000000c5580000)
 Metaspace       used 6149K, capacity 7026K, committed 7296K, reserved 1056768K
  class space    used 604K, capacity 618K, committed 640K, reserved 1048576K
}
Event: 6.364 GC heap before
{Heap before GC invocations=3 (full 0):
 PSYoungGen      total 71680K, used 71663K [0x00000000eab00000, 0x00000000ef600000, 0x0000000100000000)
  eden space 66560K, 100% used [0x00000000eab00000,0x00000000eec00000,0x00000000eec00000)
  from space 5120K, 99% used [0x00000000ef100000,0x00000000ef5fbe88,0x00000000ef600000)
  to   space 5120K, 0% used [0x00000000eec00000,0x00000000eec00000,0x00000000ef100000)
 ParOldGen       total 87552K, used 3760K [0x00000000c0000000, 0x00000000c5580000, 0x00000000eab00000)
  object space 87552K, 4% used [0x00000000c0000000,0x00000000c03ac120,0x00000000c5580000)
 Metaspace       used 6285K, capacity 7154K, committed 7296K, reserved 1056768K
  class space    used 605K, capacity 618K, committed 640K, reserved 1048576K
Event: 6.963 GC heap after
Heap after GC invocations=3 (full 0):
 PSYoungGen      total 71680K, used 5090K [0x00000000eab00000, 0x00000000f3700000, 0x0000000100000000)
  eden space 66560K, 0% used [0x00000000eab00000,0x00000000eab00000,0x00000000eec00000)
  from space 5120K, 99% used [0x00000000eec00000,0x00000000ef0f8b80,0x00000000ef100000)
  to   space 5120K, 0% used [0x00000000f3200000,0x00000000f3200000,0x00000000f3700000)
 ParOldGen       total 87552K, used 13584K [0x00000000c0000000, 0x00000000c5580000, 0x00000000eab00000)
  object space 87552K, 15% used [0x00000000c0000000,0x00000000c0d44190,0x00000000c5580000)
 Metaspace       used 6285K, capacity 7154K, committed 7296K, reserved 1056768K
  class space    used 605K, capacity 618K, committed 640K, reserved 1048576K
}

Deoptimization events (10 events):
Event: 7.506 Thread 0x00000000021a2800 Uncommon trap: reason=class_check action=maybe_recompile pc=0x0000000002905cbc method=com.android.dx.cf.code.RopperMachine.run(Lcom/android/dx/cf/code/Frame;II)V @ 1024
Event: 7.506 Thread 0x00000000021a2800 Uncommon trap: reason=class_check action=maybe_recompile pc=0x0000000002905cbc method=com.android.dx.cf.code.RopperMachine.run(Lcom/android/dx/cf/code/Frame;II)V @ 1024
Event: 7.506 Thread 0x00000000021a2800 Uncommon trap: reason=unstable_if action=reinterpret pc=0x0000000002824700 method=com.android.dx.ssa.SCCP.simulateStmt(Lcom/android/dx/ssa/SsaInsn;)V @ 53
Event: 7.506 Thread 0x00000000021a2800 Uncommon trap: reason=class_check action=maybe_recompile pc=0x0000000002905cbc method=com.android.dx.cf.code.RopperMachine.run(Lcom/android/dx/cf/code/Frame;II)V @ 1024
Event: 7.510 Thread 0x00000000021a2800 Uncommon trap: reason=unstable_if action=reinterpret pc=0x0000000002ae67a0 method=com.android.dx.ssa.SCCP.simulateBranch(Lcom/android/dx/ssa/SsaInsn;)V @ 548
Event: 7.513 Thread 0x00000000021a2800 Uncommon trap: reason=class_check action=maybe_recompile pc=0x0000000002b0f498 method=com.android.dx.cf.code.BytecodeArray.parseInstruction(ILcom/android/dx/cf/code/BytecodeArray$Visitor;)I @ 1807
Event: 7.520 Thread 0x00000000021a2800 Uncommon trap: reason=class_check action=maybe_recompile pc=0x0000000002b0f498 method=com.android.dx.cf.code.BytecodeArray.parseInstruction(ILcom/android/dx/cf/code/BytecodeArray$Visitor;)I @ 1807
Event: 7.520 Thread 0x00000000021a2800 Uncommon trap: reason=class_check action=maybe_recompile pc=0x0000000002b0f498 method=com.android.dx.cf.code.BytecodeArray.parseInstruction(ILcom/android/dx/cf/code/BytecodeArray$Visitor;)I @ 1807
Event: 7.520 Thread 0x00000000021a2800 Uncommon trap: reason=class_check action=maybe_recompile pc=0x0000000002b0f498 method=com.android.dx.cf.code.BytecodeArray.parseInstruction(ILcom/android/dx/cf/code/BytecodeArray$Visitor;)I @ 1807
Event: 7.521 Thread 0x00000000021a2800 Uncommon trap: reason=class_check action=maybe_recompile pc=0x0000000002800e3c method=java.util.HashMap.putVal(ILjava/lang/Object;Ljava/lang/Object;ZZ)Ljava/lang/Object; @ 203

Internal exceptions (2 events):
Event: 0.030 Thread 0x00000000021a2800 Exception <a 'java/lang/NoSuchMethodError': Method sun.misc.Unsafe.defineClass(Ljava/lang/String;[BII)Ljava/lang/Class; name or signature does not match> (0x00000000eab07cc0) thrown at [D:\re\workspace\8-2-build-windows-amd64-cygwin\jdk8u92\6642\hotspot\sryŸê•kü?
Event: 0.030 Thread 0x00000000021a2800 Exception <a 'java/lang/NoSuchMethodError': Method sun.misc.Unsafe.prefetchRead(Ljava/lang/Object;J)V name or signature does not match> (0x00000000eab07fa8) thrown at [D:\re\workspace\8-2-build-windows-amd64-cygwin\jdk8u92\6642\hotspot\src\share\vm\prims\j

Events (10 events):
Event: 7.520 Thread 0x00000000021a2800 DEOPT UNPACKING pc=0x00000000022e582a sp=0x000000000219e148 mode 2
Event: 7.520 Thread 0x00000000021a2800 Uncommon trap: trap_request=0xffffffde fr.pc=0x0000000002b0f498
Event: 7.520 Thread 0x00000000021a2800 DEOPT PACKING pc=0x0000000002b0f498 sp=0x000000000219e1e0
Event: 7.520 Thread 0x00000000021a2800 DEOPT UNPACKING pc=0x00000000022e582a sp=0x000000000219e148 mode 2
Event: 7.520 Thread 0x00000000021a2800 Uncommon trap: trap_request=0xffffffde fr.pc=0x0000000002b0f498
Event: 7.520 Thread 0x00000000021a2800 DEOPT PACKING pc=0x0000000002b0f498 sp=0x000000000219e1e0
Event: 7.520 Thread 0x00000000021a2800 DEOPT UNPACKING pc=0x00000000022e582a sp=0x000000000219e148 mode 2
Event: 7.521 Thread 0x00000000021a2800 Uncommon trap: trap_request=0xffffffde fr.pc=0x0000000002800e3c
Event: 7.521 Thread 0x00000000021a2800 DEOPT PACKING pc=0x0000000002800e3c sp=0x000000000219df40
Event: 7.521 Thread 0x00000000021a2800 DEOPT UNPACKING pc=0x00000000022e582a sp=0x000000000219dec8 mode 2


Dynamic libraries:
0x00007ff6bf4f0000 - 0x00007ff6bf527000 	C:\Program Files\Java\jdk1.8.0_92\bin\java.exe
0x00007ffdf0d90000 - 0x00007ffdf0f3a000 	C:\Windows\SYSTEM32\ntdll.dll
0x00007ffdf0b30000 - 0x00007ffdf0c6a000 	C:\Windows\system32\KERNEL32.DLL
0x00007ffdee220000 - 0x00007ffdee32f000 	C:\Windows\system32\KERNELBASE.dll
0x00007ffdecd30000 - 0x00007ffdecdb8000 	C:\Windows\system32\apphelp.dll
0x00007ffddb320000 - 0x00007ffddb36f000 	C:\Windows\AppPatch\AppPatch64\AcGenral.DLL
0x00007ffdf0ce0000 - 0x00007ffdf0d87000 	C:\Windows\system32\msvcrt.dll
0x00007ffdedf40000 - 0x00007ffdedf6b000 	C:\Windows\SYSTEM32\SspiCli.dll
0x00007ffdf0690000 - 0x00007ffdf06e1000 	C:\Windows\system32\SHLWAPI.dll
0x00007ffdee8a0000 - 0x00007ffdeea11000 	C:\Windows\system32\USER32.dll
0x00007ffdeefb0000 - 0x00007ffdef128000 	C:\Windows\system32\ole32.dll
0x00007ffdef270000 - 0x00007ffdf0687000 	C:\Windows\system32\SHELL32.dll
0x00007ffded770000 - 0x00007ffded78e000 	C:\Windows\SYSTEM32\USERENV.dll
0x00007ffdeee90000 - 0x00007ffdeef35000 	C:\Windows\system32\ADVAPI32.dll
0x00007ffde91c0000 - 0x00007ffde91db000 	C:\Windows\SYSTEM32\MPR.dll
0x00007ffdee760000 - 0x00007ffdee896000 	C:\Windows\system32\RPCRT4.dll
0x00007ffdeed50000 - 0x00007ffdeeda7000 	C:\Windows\SYSTEM32\sechost.dll
0x00007ffdeea20000 - 0x00007ffdeebf6000 	C:\Windows\SYSTEM32\combase.dll
0x00007ffdeec00000 - 0x00007ffdeed45000 	C:\Windows\system32\GDI32.dll
0x00007ffdee100000 - 0x00007ffdee114000 	C:\Windows\SYSTEM32\profapi.dll
0x00007ffdec760000 - 0x00007ffdec7ff000 	C:\Windows\SYSTEM32\SHCORE.dll
0x00007ffdf0ae0000 - 0x00007ffdf0b14000 	C:\Windows\system32\IMM32.DLL
0x00007ffdef130000 - 0x00007ffdef269000 	C:\Windows\system32\MSCTF.dll
0x00007ffdebee0000 - 0x00007ffdec13a000 	C:\Windows\WinSxS\amd64_microsoft.windows.common-controls_6595b64144ccf1df_6.0.9600.17031_none_6242a4b3ecbb55a1\COMCTL32.dll
0x0000000071b60000 - 0x0000000071c32000 	C:\Program Files\Java\jdk1.8.0_92\jre\bin\msvcr100.dll
0x0000000072b20000 - 0x00000000733b6000 	C:\Program Files\Java\jdk1.8.0_92\jre\bin\server\jvm.dll
0x00007ffdcf130000 - 0x00007ffdcf139000 	C:\Windows\SYSTEM32\WSOCK32.dll
0x00007ffde0920000 - 0x00007ffde093f000 	C:\Windows\SYSTEM32\WINMM.dll
0x00007ffdebe10000 - 0x00007ffdebe1a000 	C:\Windows\SYSTEM32\VERSION.dll
0x00007ffdf0cd0000 - 0x00007ffdf0cd7000 	C:\Windows\system32\PSAPI.DLL
0x00007ffdf0a80000 - 0x00007ffdf0ad8000 	C:\Windows\system32\WS2_32.dll
0x00007ffde08c0000 - 0x00007ffde08ea000 	C:\Windows\SYSTEM32\WINMMBASE.dll
0x00007ffdeefa0000 - 0x00007ffdeefa9000 	C:\Windows\system32\NSI.dll
0x00007ffdee5c0000 - 0x00007ffdee60a000 	C:\Windows\SYSTEM32\cfgmgr32.dll
0x00007ffdecf80000 - 0x00007ffdecfa6000 	C:\Windows\SYSTEM32\DEVOBJ.dll
0x00000000727f0000 - 0x00000000727ff000 	C:\Program Files\Java\jdk1.8.0_92\jre\bin\verify.dll
0x0000000072780000 - 0x00000000727a9000 	C:\Program Files\Java\jdk1.8.0_92\jre\bin\java.dll
0x0000000072760000 - 0x0000000072776000 	C:\Program Files\Java\jdk1.8.0_92\jre\bin\zip.dll

VM Arguments:
jvm_args: -Djava.awt.headless=true -Xmx1024M -Dfile.encoding=windows-1252 -Duser.country=US -Duser.language=en -Duser.variant 
java_command: com.android.dx.command.Main --dex --force-jumbo --num-threads=4 --output C:\Zooket\app\build\intermediates\pre-dexed\debug\com.android.support-support-v4-23.4.0_f734d97fa04a2e05a1116d02dcc997e4eda30f5a.jar C:\Zooket\app\build\intermediates\exploded-aar\com.android.support\support-v4\23.4.0\jars\classes.jar
java_class_path (initial): C:\android-sdk-windows\build-tools\24.0.3\lib\dx.jar
Launcher Type: SUN_STANDARD

Environment Variables:
PATH=C:\ProgramData\Oracle\Java\javapath;C:\Windows\system32;C:\Windows;C:\Windows\System32\Wbem;C:\Windows\System32\WindowsPowerShell\v1.0\;C:\Program Files (x86)\NVIDIA Corporation\PhysX\Common;C:\Program Files (x86)\Windows Kits\8.1\Windows Performance Toolkit\;C:\Program Files\Microsoft SQL Server\110\Tools\Binn\;C:\Program Files\Microsoft SQL Server\110\DTS\Binn\;C:\Program Files (x86)\Microsoft SQL Server\110\Tools\Binn\;C:\Program Files (x86)\Microsoft SQL Server\110\Tools\Binn\ManagementStudio\;C:\Program Files (x86)\Microsoft Visual Studio 10.0\Common7\IDE\PrivateAssemblies\;C:\Program Files (x86)\Microsoft SQL Server\110\DTS\Binn\;C:\Program Files (x86)\GtkSharp\2.12\bin;C:\Program Files (x86)\QuickTime\QTSystem\
USERNAME=Smo
OS=Windows_NT
PROCESSOR_IDENTIFIER=Intel64 Family 6 Model 94 Stepping 3, GenuineIntel



---------------  S Y S T E M  ---------------

OS: Windows 8.1 , 64 bit Build 9600 (6.3.9600.17056)

CPU:total 4 (4 cores per cpu, 1 threads per core) family 6 model 94 stepping 3, cmov, cx8, fxsr, mmx, sse, sse2, sse3, ssse3, sse4.1, sse4.2, popcnt, avx, avx2, aes, clmul, erms, 3dnowpref, lzcnt, tsc, tscinvbit, bmi1, bmi2, adx

Memory: 4k page, physical 8266404k(1231900k free), swap 8266404k(5356k free)

vm_info: Java HotSpot(TM) 64-Bit Server VM (25.92-b14) for windows-amd64 JRE (1.8.0_92-b14), built on Mar 31 2016 21:03:04 by "java_re" with MS VC++ 10.0 (VS2010)

time: Tue May 09 00:22:25 2017
elapsed time: 7 seconds (0d 0h 0m 7s)

