#
# There is insufficient memory for the Java Runtime Environment to continue.
# Native memory allocation (malloc) failed to allocate 32744 bytes for ChunkPool::allocate
# Possible reasons:
#   The system is out of physical RAM or swap space
#   In 32 bit mode, the process size limit was hit
# Possible solutions:
#   Reduce memory load on the system
#   Increase physical memory or swap space
#   Check if swap backing store is full
#   Use 64 bit Java on a 64 bit OS
#   Decrease Java heap size (-Xmx/-Xms)
#   Decrease number of Java threads
#   Decrease Java thread stack sizes (-Xss)
#   Set larger code cache with -XX:ReservedCodeCacheSize=
# This output file may be truncated or incomplete.
#
#  Out of Memory Error (allocation.cpp:273), pid=6288, tid=0x0000000000002054
#
# JRE version: Java(TM) SE Runtime Environment (8.0_92-b14) (build 1.8.0_92-b14)
# Java VM: Java HotSpot(TM) 64-Bit Server VM (25.92-b14 mixed mode windows-amd64 compressed oops)
# Failed to write core dump. Minidumps are not enabled by default on client versions of Windows
#

---------------  T H R E A D  ---------------

Current thread (0x0000000015207000):  JavaThread "C2 CompilerThread1" daemon [_thread_in_native, id=8276, stack(0x00000000168e0000,0x00000000169e0000)]

Stack: [0x00000000168e0000,0x00000000169e0000]
[error occurred during error reporting (printing stack bounds), id 0xc0000005]

Native frames: (J=compiled Java code, j=interpreted, Vv=VM code, C=native code)


Current CompileTask:
C2:   3364 1695   !   4       com.android.dx.cf.cst.ConstantPoolParser::parse0 (731 bytes)


---------------  P R O C E S S  ---------------

Java Threads: ( => current thread )
  0x0000000016c30000 JavaThread "pool-1-thread-4" [_thread_in_Java, id=6480, stack(0x00000000174e0000,0x00000000175e0000)]
  0x0000000016c2e000 JavaThread "pool-1-thread-3" [_thread_in_vm, id=8252, stack(0x00000000173e0000,0x00000000174e0000)]
  0x0000000016c2d000 JavaThread "pool-1-thread-2" [_thread_in_vm, id=4520, stack(0x00000000172e0000,0x00000000173e0000)]
  0x0000000016c4b000 JavaThread "pool-2-thread-1" [_thread_blocked, id=5096, stack(0x00000000171e0000,0x00000000172e0000)]
  0x0000000016c47000 JavaThread "pool-1-thread-1" [_thread_in_vm, id=7868, stack(0x00000000170e0000,0x00000000171e0000)]
  0x00000000169e6800 JavaThread "Service Thread" daemon [_thread_blocked, id=5836, stack(0x0000000016ee0000,0x0000000016fe0000)]
  0x00000000169e1000 JavaThread "C1 CompilerThread2" daemon [_thread_blocked, id=8368, stack(0x0000000016de0000,0x0000000016ee0000)]
=>0x0000000015207000 JavaThread "C2 CompilerThread1" daemon [_thread_in_native, id=8276, stack(0x00000000168e0000,0x00000000169e0000)]
  0x00000000151ae000 JavaThread "C2 CompilerThread0" daemon [_thread_blocked, id=8324, stack(0x00000000167e0000,0x00000000168e0000)]
  0x00000000151ac000 JavaThread "Attach Listener" daemon [_thread_blocked, id=5292, stack(0x00000000166e0000,0x00000000167e0000)]
  0x00000000151aa800 JavaThread "Signal Dispatcher" daemon [_thread_blocked, id=5304, stack(0x00000000165e0000,0x00000000166e0000)]
  0x000000001519a800 JavaThread "Finalizer" daemon [_thread_blocked, id=6348, stack(0x0000000016400000,0x0000000016500000)]
  0x0000000002ad0800 JavaThread "Reference Handler" daemon [_thread_blocked, id=5840, stack(0x0000000016300000,0x0000000016400000)]
  0x00000000029e2800 JavaThread "main" [_thread_in_vm, id=5128, stack(0x00000000028e0000,0x00000000029e0000)]

Other Threads:
  0x0000000015178800 VMThread [stack: 0x0000000016200000,0x0000000016300000] [id=5192]
  0x00000000169f1800 WatcherThread [stack: 0x0000000016fe0000,0x00000000170e0000] [id=8348]

VM state:synchronizing (normal execution)

VM Mutex/Monitor currently owned by a thread:  ([mutex/lock_event])
[0x000000000289cbd0] Safepoint_lock - owner thread: 0x0000000015178800
[0x000000000289c750] Threads_lock - owner thread: 0x0000000015178800
[0x000000000289c7d0] Heap_lock - owner thread: 0x0000000016c2d000

Heap:
 PSYoungGen      total 71680K, used 71664K [0x00000000eab00000, 0x00000000ef600000, 0x0000000100000000)
  eden space 66560K, 100% used [0x00000000eab00000,0x00000000eec00000,0x00000000eec00000)
  from space 5120K, 99% used [0x00000000ef100000,0x00000000ef5fc1f8,0x00000000ef600000)
  to   space 5120K, 0% used [0x00000000eec00000,0x00000000eec00000,0x00000000ef100000)
 ParOldGen       total 87552K, used 5815K [0x00000000c0000000, 0x00000000c5580000, 0x00000000eab00000)
  object space 87552K, 6% used [0x00000000c0000000,0x00000000c05adfc8,0x00000000c5580000)
 Metaspace       used 6271K, capacity 7154K, committed 7296K, reserved 1056768K
  class space    used 605K, capacity 618K, committed 640K, reserved 1048576K

Card table byte_map: [0x0000000011ea0000,0x00000000120b0000] byte_map_base: 0x00000000118a0000

Marking Bits: (ParMarkBitMap*) 0x0000000066cf64f0
 Begin Bits: [0x0000000012610000, 0x0000000013610000)
 End Bits:   [0x0000000013610000, 0x0000000014610000)

Polling page: 0x0000000001240000

CodeCache: size=245760Kb used=7516Kb max_used=7516Kb free=238243Kb
 bounds [0x0000000002ae0000, 0x0000000003240000, 0x0000000011ae0000]
 total_blobs=2005 nmethods=1736 adapters=182
 compilation: enabled

Compilation events (10 events):
Event: 3.269 Thread 0x00000000169e1000 1776       2       com.android.dx.ssa.back.FirstFitLocalCombiningAllocator$1::visitNonMoveInsn (6 bytes)
Event: 3.269 Thread 0x00000000169e1000 nmethod 1776 0x0000000003238510 code [0x0000000003238680, 0x00000000032387e8]
Event: 3.269 Thread 0x00000000169e1000 1777       2       com.android.dx.rop.code.BasicBlock::hasExceptionHandlers (26 bytes)
Event: 3.269 Thread 0x00000000169e1000 nmethod 1777 0x0000000003238890 code [0x0000000003238a20, 0x0000000003238c48]
Event: 3.269 Thread 0x00000000169e1000 1779       2       com.android.dx.rop.code.LocalVariableExtractor::processBlock (327 bytes)
Event: 3.271 Thread 0x00000000169e1000 nmethod 1779 0x0000000003238dd0 code [0x00000000032390e0, 0x000000000323a058]
Event: 3.271 Thread 0x00000000169e1000 1778       2       com.android.dx.rop.code.LocalVariableInfo::mutableCopyOfStarts (29 bytes)
Event: 3.271 Thread 0x00000000169e1000 nmethod 1778 0x000000000323ba90 code [0x000000000323bc20, 0x000000000323bfb8]
Event: 3.279 Thread 0x00000000169e1000 1780       2       java.util.Collections$UnmodifiableCollection::size (10 bytes)
Event: 3.279 Thread 0x00000000169e1000 nmethod 1780 0x000000000323c250 code [0x000000000323c3c0, 0x000000000323c548]

GC Heap History (4 events):
Event: 1.714 GC heap before
{Heap before GC invocations=1 (full 0):
 PSYoungGen      total 38400K, used 33280K [0x00000000eab00000, 0x00000000ed580000, 0x0000000100000000)
  eden space 33280K, 100% used [0x00000000eab00000,0x00000000ecb80000,0x00000000ecb80000)
  from space 5120K, 0% used [0x00000000ed080000,0x00000000ed080000,0x00000000ed580000)
  to   space 5120K, 0% used [0x00000000ecb80000,0x00000000ecb80000,0x00000000ed080000)
 ParOldGen       total 87552K, used 0K [0x00000000c0000000, 0x00000000c5580000, 0x00000000eab00000)
  object space 87552K, 0% used [0x00000000c0000000,0x00000000c0000000,0x00000000c5580000)
 Metaspace       used 5948K, capacity 6896K, committed 7040K, reserved 1056768K
  class space    used 602K, capacity 616K, committed 640K, reserved 1048576K
Event: 1.836 GC heap after
Heap after GC invocations=1 (full 0):
 PSYoungGen      total 38400K, used 5099K [0x00000000eab00000, 0x00000000ef600000, 0x0000000100000000)
  eden space 33280K, 0% used [0x00000000eab00000,0x00000000eab00000,0x00000000ecb80000)
  from space 5120K, 99% used [0x00000000ecb80000,0x00000000ed07aeb0,0x00000000ed080000)
  to   space 5120K, 0% used [0x00000000ef100000,0x00000000ef100000,0x00000000ef600000)
 ParOldGen       total 87552K, used 1481K [0x00000000c0000000, 0x00000000c5580000, 0x00000000eab00000)
  object space 87552K, 1% used [0x00000000c0000000,0x00000000c0172660,0x00000000c5580000)
 Metaspace       used 5948K, capacity 6896K, committed 7040K, reserved 1056768K
  class space    used 602K, capacity 616K, committed 640K, reserved 1048576K
}
Event: 2.380 GC heap before
{Heap before GC invocations=2 (full 0):
 PSYoungGen      total 38400K, used 38379K [0x00000000eab00000, 0x00000000ef600000, 0x0000000100000000)
  eden space 33280K, 100% used [0x00000000eab00000,0x00000000ecb80000,0x00000000ecb80000)
  from space 5120K, 99% used [0x00000000ecb80000,0x00000000ed07aeb0,0x00000000ed080000)
  to   space 5120K, 0% used [0x00000000ef100000,0x00000000ef100000,0x00000000ef600000)
 ParOldGen       total 87552K, used 1481K [0x00000000c0000000, 0x00000000c5580000, 0x00000000eab00000)
  object space 87552K, 1% used [0x00000000c0000000,0x00000000c0172660,0x00000000c5580000)
 Metaspace       used 6192K, capacity 7090K, committed 7296K, reserved 1056768K
  class space    used 604K, capacity 618K, committed 640K, reserved 1048576K
Event: 2.580 GC heap after
Heap after GC invocations=2 (full 0):
 PSYoungGen      total 71680K, used 5104K [0x00000000eab00000, 0x00000000ef600000, 0x0000000100000000)
  eden space 66560K, 0% used [0x00000000eab00000,0x00000000eab00000,0x00000000eec00000)
  from space 5120K, 99% used [0x00000000ef100000,0x00000000ef5fc1f8,0x00000000ef600000)
  to   space 5120K, 0% used [0x00000000eec00000,0x00000000eec00000,0x00000000ef100000)
 ParOldGen       total 87552K, used 5815K [0x00000000c0000000, 0x00000000c5580000, 0x00000000eab00000)
  object space 87552K, 6% used [0x00000000c0000000,0x00000000c05adfc8,0x00000000c5580000)
 Metaspace       used 6192K, capacity 7090K, committed 7296K, reserved 1056768K
  class space    used 604K, capacity 618K, committed 640K, reserved 1048576K
}

Deoptimization events (10 events):
Event: 2.765 Thread 0x0000000016c2d000 Uncommon trap: reason=bimorphic action=maybe_recompile pc=0x0000000002f6f574 method=com.android.dx.cf.code.BytecodeArray.parseInstruction(ILcom/android/dx/cf/code/BytecodeArray$Visitor;)I @ 955
Event: 2.765 Thread 0x0000000016c2d000 Uncommon trap: reason=bimorphic action=maybe_recompile pc=0x0000000002f6f574 method=com.android.dx.cf.code.BytecodeArray.parseInstruction(ILcom/android/dx/cf/code/BytecodeArray$Visitor;)I @ 955
Event: 2.794 Thread 0x0000000016c2e000 Uncommon trap: reason=null_check action=make_not_entrant pc=0x0000000002dda1fc method=com.android.dx.ssa.SsaRenamer.getLocalForNewReg(I)Lcom/android/dx/rop/code/LocalItem; @ 19
Event: 2.807 Thread 0x0000000016c2d000 Uncommon trap: reason=unstable_if action=reinterpret pc=0x000000000316b978 method=com.android.dx.ssa.SCCP.simulateStmt(Lcom/android/dx/ssa/SsaInsn;)V @ 59
Event: 3.185 Thread 0x0000000016c2d000 Uncommon trap: reason=bimorphic action=maybe_recompile pc=0x00000000031ce0b0 method=com.android.dx.cf.code.BytecodeArray.parseInstruction(ILcom/android/dx/cf/code/BytecodeArray$Visitor;)I @ 971
Event: 3.185 Thread 0x0000000016c2d000 Uncommon trap: reason=bimorphic action=maybe_recompile pc=0x00000000031cd958 method=com.android.dx.cf.code.BytecodeArray.parseInstruction(ILcom/android/dx/cf/code/BytecodeArray$Visitor;)I @ 1597
Event: 3.185 Thread 0x0000000016c2d000 Uncommon trap: reason=bimorphic action=maybe_recompile pc=0x00000000031ce0b0 method=com.android.dx.cf.code.BytecodeArray.parseInstruction(ILcom/android/dx/cf/code/BytecodeArray$Visitor;)I @ 971
Event: 3.268 Thread 0x0000000016c2e000 Uncommon trap: reason=unstable_if action=reinterpret pc=0x0000000002f115fc method=com.android.dx.rop.code.LocalItem.compareHandlesNulls(Lcom/android/dx/rop/cst/CstString;Lcom/android/dx/rop/cst/CstString;)I @ 14
Event: 3.268 Thread 0x0000000016c2e000 Uncommon trap: reason=unstable_if action=reinterpret pc=0x00000000030f3c24 method=com.android.dx.rop.code.LocalItem.compareHandlesNulls(Lcom/android/dx/rop/cst/CstString;Lcom/android/dx/rop/cst/CstString;)I @ 14
Event: 3.268 Thread 0x0000000016c2e000 Uncommon trap: reason=unstable_if action=reinterpret pc=0x00000000031a0d18 method=com.android.dx.rop.code.LocalItem.compareHandlesNulls(Lcom/android/dx/rop/cst/CstString;Lcom/android/dx/rop/cst/CstString;)I @ 14

Internal exceptions (8 events):
Event: 0.613 Thread 0x00000000029e2800 Exception <a 'java/lang/NoSuchMethodError': Method sun.misc.Unsafe.defineClass(Ljava/lang/String;[BII)Ljava/lang/Class; name or signature does not match> (0x00000000eab07cc0) thrown at [D:\re\workspace\8-2-build-windows-amd64-cygwin\jdk8u92\6642\hotspot\srÞ\µZ¯žã?
Event: 0.613 Thread 0x00000000029e2800 Exception <a 'java/lang/NoSuchMethodError': Method sun.misc.Unsafe.prefetchRead(Ljava/lang/Object;J)V name or signature does not match> (0x00000000eab07fa8) thrown at [D:\re\workspace\8-2-build-windows-amd64-cygwin\jdk8u92\6642\hotspot\src\share\vm\prims\j¶¯gì
Event: 2.011 Thread 0x0000000016c2e000 Implicit null exception at 0x0000000002df6c94 to 0x0000000002df8285
Event: 2.136 Thread 0x0000000016c30000 Implicit null exception at 0x0000000002fe3062 to 0x0000000002fe315a
Event: 2.794 Thread 0x0000000016c2e000 Implicit null exception at 0x0000000002dd82b1 to 0x0000000002dda1dd
Event: 3.268 Thread 0x0000000016c2e000 Implicit null exception at 0x0000000002f1142a to 0x0000000002f115e9
Event: 3.268 Thread 0x0000000016c2e000 Implicit null exception at 0x00000000030f223f to 0x00000000030f3be9
Event: 3.268 Thread 0x0000000016c2e000 Implicit null exception at 0x000000000319f84d to 0x00000000031a0cc5

Events (10 events):
Event: 3.268 Thread 0x0000000016c2e000 DEOPT UNPACKING pc=0x0000000002b2582a sp=0x00000000174dec60 mode 2
Event: 3.268 Thread 0x0000000016c2e000 Uncommon trap: trap_request=0xffffff65 fr.pc=0x00000000030f3c24
Event: 3.268 Thread 0x0000000016c2e000 DEOPT PACKING pc=0x00000000030f3c24 sp=0x00000000174ded30
Event: 3.268 Thread 0x0000000016c2e000 DEOPT UNPACKING pc=0x0000000002b2582a sp=0x00000000174deab8 mode 2
Event: 3.268 Thread 0x0000000016c2e000 Uncommon trap: trap_request=0xffffff65 fr.pc=0x00000000031a0d18
Event: 3.268 Thread 0x0000000016c2e000 DEOPT PACKING pc=0x00000000031a0d18 sp=0x00000000174df080
Event: 3.268 Thread 0x0000000016c2e000 DEOPT UNPACKING pc=0x0000000002b2582a sp=0x00000000174dee80 mode 2
Event: 3.274 Thread 0x0000000016c2d000 DEOPT PACKING pc=0x0000000002f0ba37 sp=0x00000000173de940
Event: 3.274 Thread 0x0000000016c2d000 DEOPT UNPACKING pc=0x0000000002b2787f sp=0x00000000173de750 mode 0
Event: 3.282 Executing VM operation: ParallelGCFailedAllocation


Dynamic libraries:
0x00007ff6735d0000 - 0x00007ff673607000 	C:\Program Files\Java\jdk1.8.0_92\bin\java.exe
0x00007ff93cdb0000 - 0x00007ff93cf5a000 	C:\Windows\SYSTEM32\ntdll.dll
0x00007ff93a690000 - 0x00007ff93a7ca000 	C:\Windows\system32\KERNEL32.DLL
0x00007ff93a340000 - 0x00007ff93a44f000 	C:\Windows\system32\KERNELBASE.dll
0x00007ff938d50000 - 0x00007ff938dd8000 	C:\Windows\system32\apphelp.dll
0x00007ff9236c0000 - 0x00007ff92370f000 	C:\Windows\AppPatch\AppPatch64\AcGenral.DLL
0x00007ff93cd00000 - 0x00007ff93cda7000 	C:\Windows\system32\msvcrt.dll
0x00007ff939f60000 - 0x00007ff939f8b000 	C:\Windows\SYSTEM32\SspiCli.dll
0x00007ff93b640000 - 0x00007ff93b691000 	C:\Windows\system32\SHLWAPI.dll
0x00007ff93aaa0000 - 0x00007ff93ac11000 	C:\Windows\system32\USER32.dll
0x00007ff93b280000 - 0x00007ff93b3f8000 	C:\Windows\system32\ole32.dll
0x00007ff93b8e0000 - 0x00007ff93ccf7000 	C:\Windows\system32\SHELL32.dll
0x00007ff939790000 - 0x00007ff9397ae000 	C:\Windows\SYSTEM32\USERENV.dll
0x00007ff93a7d0000 - 0x00007ff93a875000 	C:\Windows\system32\ADVAPI32.dll
0x00007ff935560000 - 0x00007ff93557b000 	C:\Windows\SYSTEM32\MPR.dll
0x00007ff93b140000 - 0x00007ff93b276000 	C:\Windows\system32\RPCRT4.dll
0x00007ff93b880000 - 0x00007ff93b8d7000 	C:\Windows\SYSTEM32\sechost.dll
0x00007ff93b6a0000 - 0x00007ff93b876000 	C:\Windows\SYSTEM32\combase.dll
0x00007ff93af90000 - 0x00007ff93b0d5000 	C:\Windows\system32\GDI32.dll
0x00007ff93a120000 - 0x00007ff93a134000 	C:\Windows\SYSTEM32\profapi.dll
0x00007ff938780000 - 0x00007ff93881f000 	C:\Windows\SYSTEM32\SHCORE.dll
0x00007ff93ace0000 - 0x00007ff93ad14000 	C:\Windows\system32\IMM32.DLL
0x00007ff93a940000 - 0x00007ff93aa79000 	C:\Windows\system32\MSCTF.dll
0x00007ff937e70000 - 0x00007ff9380ca000 	C:\Windows\WinSxS\amd64_microsoft.windows.common-controls_6595b64144ccf1df_6.0.9600.17031_none_6242a4b3ecbb55a1\COMCTL32.dll
0x0000000066050000 - 0x0000000066122000 	C:\Program Files\Java\jdk1.8.0_92\jre\bin\msvcr100.dll
0x00000000664e0000 - 0x0000000066d76000 	C:\Program Files\Java\jdk1.8.0_92\jre\bin\server\jvm.dll
0x00007ff9329e0000 - 0x00007ff9329e9000 	C:\Windows\SYSTEM32\WSOCK32.dll
0x00007ff932ab0000 - 0x00007ff932acf000 	C:\Windows\SYSTEM32\WINMM.dll
0x00007ff937e30000 - 0x00007ff937e3a000 	C:\Windows\SYSTEM32\VERSION.dll
0x00007ff93aa90000 - 0x00007ff93aa97000 	C:\Windows\system32\PSAPI.DLL
0x00007ff93b0e0000 - 0x00007ff93b138000 	C:\Windows\system32\WS2_32.dll
0x00007ff92ff60000 - 0x00007ff92ff8a000 	C:\Windows\SYSTEM32\WINMMBASE.dll
0x00007ff93aa80000 - 0x00007ff93aa89000 	C:\Windows\system32\NSI.dll
0x00007ff93a1f0000 - 0x00007ff93a23a000 	C:\Windows\SYSTEM32\cfgmgr32.dll
0x00007ff938fa0000 - 0x00007ff938fc6000 	C:\Windows\SYSTEM32\DEVOBJ.dll
0x00000000664d0000 - 0x00000000664df000 	C:\Program Files\Java\jdk1.8.0_92\jre\bin\verify.dll
0x00000000664a0000 - 0x00000000664c9000 	C:\Program Files\Java\jdk1.8.0_92\jre\bin\java.dll
0x0000000066480000 - 0x0000000066496000 	C:\Program Files\Java\jdk1.8.0_92\jre\bin\zip.dll

VM Arguments:
jvm_args: -Djava.awt.headless=true -Xmx1024M -Dfile.encoding=windows-1252 -Duser.country=US -Duser.language=en -Duser.variant 
java_command: com.android.dx.command.Main --dex --force-jumbo --num-threads=4 --output C:\Zooket\app\build\intermediates\pre-dexed\debug\com.android.support-design-23.4.0_55f6bf198495ed160302d6fdc73c65d7af5889f1.jar C:\Zooket\app\build\intermediates\exploded-aar\com.android.support\design\23.4.0\jars\classes.jar
java_class_path (initial): C:\android-sdk-windows\build-tools\24.0.3\lib\dx.jar
Launcher Type: SUN_STANDARD

Environment Variables:
PATH=C:\ProgramData\Oracle\Java\javapath;C:\Windows\system32;C:\Windows;C:\Windows\System32\Wbem;C:\Windows\System32\WindowsPowerShell\v1.0\;C:\Program Files (x86)\NVIDIA Corporation\PhysX\Common;C:\Program Files (x86)\Windows Kits\8.1\Windows Performance Toolkit\;C:\Program Files\Microsoft SQL Server\110\Tools\Binn\;C:\Program Files\Microsoft SQL Server\110\DTS\Binn\;C:\Program Files (x86)\Microsoft SQL Server\110\Tools\Binn\;C:\Program Files (x86)\Microsoft SQL Server\110\Tools\Binn\ManagementStudio\;C:\Program Files (x86)\Microsoft Visual Studio 10.0\Common7\IDE\PrivateAssemblies\;C:\Program Files (x86)\Microsoft SQL Server\110\DTS\Binn\;C:\Program Files (x86)\GtkSharp\2.12\bin;C:\Program Files (x86)\QuickTime\QTSystem\
USERNAME=Smo
OS=Windows_NT
PROCESSOR_IDENTIFIER=Intel64 Family 6 Model 94 Stepping 3, GenuineIntel



---------------  S Y S T E M  ---------------

OS: Windows 8.1 , 64 bit Build 9600 (6.3.9600.17056)

CPU:total 4 (4 cores per cpu, 1 threads per core) family 6 model 94 stepping 3, cmov, cx8, fxsr, mmx, sse, sse2, sse3, ssse3, sse4.1, sse4.2, popcnt, avx, avx2, aes, clmul, erms, 3dnowpref, lzcnt, tsc, tscinvbit, bmi1, bmi2, adx

Memory: 4k page, physical 8266404k(1878372k free), swap 8266404k(5108k free)

vm_info: Java HotSpot(TM) 64-Bit Server VM (25.92-b14) for windows-amd64 JRE (1.8.0_92-b14), built on Mar 31 2016 21:03:04 by "java_re" with MS VC++ 10.0 (VS2010)

time: Fri Jun 02 12:32:03 2017
elapsed time: 3 seconds (0d 0h 0m 3s)

