#
# There is insufficient memory for the Java Runtime Environment to continue.
# Native memory allocation (malloc) failed to allocate 1730640 bytes for Chunk::new
# Possible reasons:
#   The system is out of physical RAM or swap space
#   In 32 bit mode, the process size limit was hit
# Possible solutions:
#   Reduce memory load on the system
#   Increase physical memory or swap space
#   Check if swap backing store is full
#   Use 64 bit Java on a 64 bit OS
#   Decrease Java heap size (-Xmx/-Xms)
#   Decrease number of Java threads
#   Decrease Java thread stack sizes (-Xss)
#   Set larger code cache with -XX:ReservedCodeCacheSize=
# This output file may be truncated or incomplete.
#
#  Out of Memory Error (allocation.cpp:390), pid=9028, tid=0x00000000000019e4
#
# JRE version: Java(TM) SE Runtime Environment (8.0_92-b14) (build 1.8.0_92-b14)
# Java VM: Java HotSpot(TM) 64-Bit Server VM (25.92-b14 mixed mode windows-amd64 compressed oops)
# Failed to write core dump. Minidumps are not enabled by default on client versions of Windows
#

---------------  T H R E A D  ---------------

Current thread (0x0000000014abe000):  JavaThread "C2 CompilerThread0" daemon [_thread_in_native, id=6628, stack(0x00000000160f0000,0x00000000161f0000)]

Stack: [0x00000000160f0000,0x00000000161f0000]
[error occurred during error reporting (printing stack bounds), id 0xc0000005]

Native frames: (J=compiled Java code, j=interpreted, Vv=VM code, C=native code)


Current CompileTask:
C2:   1901 1557   !   4       com.android.dx.cf.cst.ConstantPoolParser::parse0 (731 bytes)


---------------  P R O C E S S  ---------------

Java Threads: ( => current thread )
  0x0000000016682800 JavaThread "pool-1-thread-4" [_thread_blocked, id=8220, stack(0x00000000175f0000,0x00000000176f0000)]
  0x0000000016681800 JavaThread "pool-1-thread-3" [_thread_blocked, id=472, stack(0x00000000174f0000,0x00000000175f0000)]
  0x0000000016665800 JavaThread "pool-1-thread-2" [_thread_in_Java, id=8560, stack(0x00000000173f0000,0x00000000174f0000)]
  0x0000000016663000 JavaThread "pool-2-thread-1" [_thread_blocked, id=6592, stack(0x00000000172f0000,0x00000000173f0000)]
  0x0000000016662000 JavaThread "pool-1-thread-1" [_thread_blocked, id=7704, stack(0x00000000171f0000,0x00000000172f0000)]
  0x00000000162f6800 JavaThread "Service Thread" daemon [_thread_blocked, id=3544, stack(0x00000000167f0000,0x00000000168f0000)]
  0x00000000162f1000 JavaThread "C1 CompilerThread2" daemon [_thread_blocked, id=7560, stack(0x00000000166f0000,0x00000000167f0000)]
  0x0000000014b17000 JavaThread "C2 CompilerThread1" daemon [_thread_in_native, id=7088, stack(0x00000000161f0000,0x00000000162f0000)]
=>0x0000000014abe000 JavaThread "C2 CompilerThread0" daemon [_thread_in_native, id=6628, stack(0x00000000160f0000,0x00000000161f0000)]
  0x0000000014abc000 JavaThread "Attach Listener" daemon [_thread_blocked, id=7192, stack(0x0000000015ff0000,0x00000000160f0000)]
  0x0000000014aba800 JavaThread "Signal Dispatcher" daemon [_thread_blocked, id=716, stack(0x0000000015ef0000,0x0000000015ff0000)]
  0x0000000014aaa800 JavaThread "Finalizer" daemon [_thread_blocked, id=6928, stack(0x0000000015d10000,0x0000000015e10000)]
  0x00000000023e0800 JavaThread "Reference Handler" daemon [_thread_blocked, id=9132, stack(0x0000000015c10000,0x0000000015d10000)]
  0x00000000022f2800 JavaThread "main" [_thread_blocked, id=8760, stack(0x0000000002110000,0x0000000002210000)]

Other Threads:
  0x0000000014a88800 VMThread [stack: 0x0000000015b10000,0x0000000015c10000] [id=152]
  0x0000000016309800 WatcherThread [stack: 0x00000000168f0000,0x00000000169f0000] [id=6348]

VM state:not at safepoint (normal execution)

VM Mutex/Monitor currently owned by a thread: None

Heap:
 PSYoungGen      total 71680K, used 33386K [0x00000000eab00000, 0x00000000ef600000, 0x0000000100000000)
  eden space 66560K, 42% used [0x00000000eab00000,0x00000000ec69ddf8,0x00000000eec00000)
  from space 5120K, 99% used [0x00000000ef100000,0x00000000ef5fcc40,0x00000000ef600000)
  to   space 5120K, 0% used [0x00000000eec00000,0x00000000eec00000,0x00000000ef100000)
 ParOldGen       total 87552K, used 5048K [0x00000000c0000000, 0x00000000c5580000, 0x00000000eab00000)
  object space 87552K, 5% used [0x00000000c0000000,0x00000000c04ee230,0x00000000c5580000)
 Metaspace       used 6254K, capacity 7090K, committed 7296K, reserved 1056768K
  class space    used 604K, capacity 618K, committed 640K, reserved 1048576K

Card table byte_map: [0x00000000117b0000,0x00000000119c0000] byte_map_base: 0x00000000111b0000

Marking Bits: (ParMarkBitMap*) 0x0000000076bd64f0
 Begin Bits: [0x0000000011f20000, 0x0000000012f20000)
 End Bits:   [0x0000000012f20000, 0x0000000013f20000)

Polling page: 0x00000000008b0000

CodeCache: size=245760Kb used=6862Kb max_used=6862Kb free=238897Kb
 bounds [0x00000000023f0000, 0x0000000002ab0000, 0x00000000113f0000]
 total_blobs=1899 nmethods=1630 adapters=182
 compilation: enabled

Compilation events (10 events):
Event: 1.882 Thread 0x00000000162f1000 1641       2       com.android.dx.rop.cst.CstType::hashCode (8 bytes)
Event: 1.882 Thread 0x00000000162f1000 nmethod 1641 0x0000000002aa5590 code [0x0000000002aa5700, 0x0000000002aa5888]
Event: 1.890 Thread 0x00000000162f1000 1642       2       com.android.dx.cf.iface.StdFieldList::get (9 bytes)
Event: 1.890 Thread 0x00000000162f1000 nmethod 1642 0x0000000002aa5990 code [0x0000000002aa5b00, 0x0000000002aa5cc8]
Event: 1.890 Thread 0x00000000162f1000 1643       2       com.android.dx.dex.file.EncodedField::<init> (25 bytes)
Event: 1.891 Thread 0x00000000162f1000 nmethod 1643 0x0000000002aa5d90 code [0x0000000002aa5f00, 0x0000000002aa6128]
Event: 1.896 Thread 0x00000000162f1000 1644       2       com.android.dx.ssa.SCCP::simulateStmt (481 bytes)
Event: 1.897 Thread 0x00000000162f1000 nmethod 1644 0x0000000002aa6210 code [0x0000000002aa6480, 0x0000000002aa6d58]
Event: 1.897 Thread 0x00000000162f1000 1645       1       com.android.dx.ssa.PhiInsn::canThrow (2 bytes)
Event: 1.898 Thread 0x00000000162f1000 nmethod 1645 0x0000000002a50590 code [0x0000000002a506e0, 0x0000000002a507f0]

GC Heap History (4 events):
Event: 0.968 GC heap before
{Heap before GC invocations=1 (full 0):
 PSYoungGen      total 38400K, used 33280K [0x00000000eab00000, 0x00000000ed580000, 0x0000000100000000)
  eden space 33280K, 100% used [0x00000000eab00000,0x00000000ecb80000,0x00000000ecb80000)
  from space 5120K, 0% used [0x00000000ed080000,0x00000000ed080000,0x00000000ed580000)
  to   space 5120K, 0% used [0x00000000ecb80000,0x00000000ecb80000,0x00000000ed080000)
 ParOldGen       total 87552K, used 0K [0x00000000c0000000, 0x00000000c5580000, 0x00000000eab00000)
  object space 87552K, 0% used [0x00000000c0000000,0x00000000c0000000,0x00000000c5580000)
 Metaspace       used 6011K, capacity 6898K, committed 7040K, reserved 1056768K
  class space    used 603K, capacity 618K, committed 640K, reserved 1048576K
Event: 1.007 GC heap after
Heap after GC invocations=1 (full 0):
 PSYoungGen      total 38400K, used 5111K [0x00000000eab00000, 0x00000000ef600000, 0x0000000100000000)
  eden space 33280K, 0% used [0x00000000eab00000,0x00000000eab00000,0x00000000ecb80000)
  from space 5120K, 99% used [0x00000000ecb80000,0x00000000ed07dca0,0x00000000ed080000)
  to   space 5120K, 0% used [0x00000000ef100000,0x00000000ef100000,0x00000000ef600000)
 ParOldGen       total 87552K, used 1005K [0x00000000c0000000, 0x00000000c5580000, 0x00000000eab00000)
  object space 87552K, 1% used [0x00000000c0000000,0x00000000c00fb6a0,0x00000000c5580000)
 Metaspace       used 6011K, capacity 6898K, committed 7040K, reserved 1056768K
  class space    used 603K, capacity 618K, committed 640K, reserved 1048576K
}
Event: 1.315 GC heap before
{Heap before GC invocations=2 (full 0):
 PSYoungGen      total 38400K, used 38391K [0x00000000eab00000, 0x00000000ef600000, 0x0000000100000000)
  eden space 33280K, 100% used [0x00000000eab00000,0x00000000ecb80000,0x00000000ecb80000)
  from space 5120K, 99% used [0x00000000ecb80000,0x00000000ed07dca0,0x00000000ed080000)
  to   space 5120K, 0% used [0x00000000ef100000,0x00000000ef100000,0x00000000ef600000)
 ParOldGen       total 87552K, used 1005K [0x00000000c0000000, 0x00000000c5580000, 0x00000000eab00000)
  object space 87552K, 1% used [0x00000000c0000000,0x00000000c00fb6a0,0x00000000c5580000)
 Metaspace       used 6218K, capacity 7090K, committed 7296K, reserved 1056768K
  class space    used 604K, capacity 618K, committed 640K, reserved 1048576K
Event: 1.362 GC heap after
Heap after GC invocations=2 (full 0):
 PSYoungGen      total 71680K, used 5107K [0x00000000eab00000, 0x00000000ef600000, 0x0000000100000000)
  eden space 66560K, 0% used [0x00000000eab00000,0x00000000eab00000,0x00000000eec00000)
  from space 5120K, 99% used [0x00000000ef100000,0x00000000ef5fcc40,0x00000000ef600000)
  to   space 5120K, 0% used [0x00000000eec00000,0x00000000eec00000,0x00000000ef100000)
 ParOldGen       total 87552K, used 5048K [0x00000000c0000000, 0x00000000c5580000, 0x00000000eab00000)
  object space 87552K, 5% used [0x00000000c0000000,0x00000000c04ee230,0x00000000c5580000)
 Metaspace       used 6218K, capacity 7090K, committed 7296K, reserved 1056768K
  class space    used 604K, capacity 618K, committed 640K, reserved 1048576K
}

Deoptimization events (10 events):
Event: 1.298 Thread 0x0000000016665800 Uncommon trap: reason=unstable_if action=reinterpret pc=0x000000000298e098 method=com.android.dx.ssa.SCCP.simulateBranch(Lcom/android/dx/ssa/SsaInsn;)V @ 64
Event: 1.374 Thread 0x0000000016682800 Uncommon trap: reason=uninitialized action=reinterpret pc=0x000000000299e1e4 method=com.android.dx.cf.code.BytecodeArray.parseInstruction(ILcom/android/dx/cf/code/BytecodeArray$Visitor;)I @ 999
Event: 1.385 Thread 0x0000000016682800 Uncommon trap: reason=bimorphic action=maybe_recompile pc=0x0000000002911574 method=java.util.HashMap.putVal(ILjava/lang/Object;Ljava/lang/Object;ZZ)Ljava/lang/Object; @ 203
Event: 1.605 Thread 0x0000000016662000 Uncommon trap: reason=class_check action=maybe_recompile pc=0x0000000002a55e18 method=com.android.dx.rop.code.RegisterSpec.withSimpleType()Lcom/android/dx/rop/code/RegisterSpec; @ 21
Event: 1.608 Thread 0x0000000016662000 Uncommon trap: reason=class_check action=maybe_recompile pc=0x0000000002a55e18 method=com.android.dx.rop.code.RegisterSpec.withSimpleType()Lcom/android/dx/rop/code/RegisterSpec; @ 21
Event: 1.689 Thread 0x0000000016665800 Uncommon trap: reason=bimorphic action=maybe_recompile pc=0x0000000002a93bac method=com.android.dx.ssa.SCCP.setLatticeValueTo(IILcom/android/dx/rop/cst/Constant;)Z @ 43
Event: 1.689 Thread 0x0000000016665800 Uncommon trap: reason=bimorphic action=maybe_recompile pc=0x0000000002a93bac method=com.android.dx.ssa.SCCP.setLatticeValueTo(IILcom/android/dx/rop/cst/Constant;)Z @ 43
Event: 1.689 Thread 0x0000000016665800 Uncommon trap: reason=bimorphic action=maybe_recompile pc=0x0000000002a93bac method=com.android.dx.ssa.SCCP.setLatticeValueTo(IILcom/android/dx/rop/cst/Constant;)Z @ 43
Event: 1.689 Thread 0x0000000016665800 Uncommon trap: reason=bimorphic action=maybe_recompile pc=0x0000000002a93bac method=com.android.dx.ssa.SCCP.setLatticeValueTo(IILcom/android/dx/rop/cst/Constant;)Z @ 43
Event: 1.896 Thread 0x0000000016662000 Uncommon trap: reason=unstable_if action=reinterpret pc=0x00000000028a153c method=com.android.dx.ssa.SCCP.simulateStmt(Lcom/android/dx/ssa/SsaInsn;)V @ 53

Internal exceptions (2 events):
Event: 0.036 Thread 0x00000000022f2800 Exception <a 'java/lang/NoSuchMethodError': Method sun.misc.Unsafe.defineClass(Ljava/lang/String;[BII)Ljava/lang/Class; name or signature does not match> (0x00000000eab07cc0) thrown at [D:\re\workspace\8-2-build-windows-amd64-cygwin\jdk8u92\6642\hotspot\srÂ´ÄN1¹¢?
Event: 0.037 Thread 0x00000000022f2800 Exception <a 'java/lang/NoSuchMethodError': Method sun.misc.Unsafe.prefetchRead(Ljava/lang/Object;J)V name or signature does not match> (0x00000000eab07fa8) thrown at [D:\re\workspace\8-2-build-windows-amd64-cygwin\jdk8u92\6642\hotspot\src\share\vm\prims\j

Events (10 events):
Event: 1.689 Thread 0x0000000016665800 DEOPT UNPACKING pc=0x000000000243582a sp=0x00000000174eea68 mode 2
Event: 1.689 Thread 0x0000000016665800 Uncommon trap: trap_request=0xffffffc6 fr.pc=0x0000000002a93bac
Event: 1.689 Thread 0x0000000016665800 DEOPT PACKING pc=0x0000000002a93bac sp=0x00000000174eebb0
Event: 1.689 Thread 0x0000000016665800 DEOPT UNPACKING pc=0x000000000243582a sp=0x00000000174eeb08 mode 2
Event: 1.689 Thread 0x0000000016665800 Uncommon trap: trap_request=0xffffffc6 fr.pc=0x0000000002a93bac
Event: 1.689 Thread 0x0000000016665800 DEOPT PACKING pc=0x0000000002a93bac sp=0x00000000174eebb0
Event: 1.689 Thread 0x0000000016665800 DEOPT UNPACKING pc=0x000000000243582a sp=0x00000000174eeb08 mode 2
Event: 1.896 Thread 0x0000000016662000 Uncommon trap: trap_request=0xffffff65 fr.pc=0x00000000028a153c
Event: 1.896 Thread 0x0000000016662000 DEOPT PACKING pc=0x00000000028a153c sp=0x00000000172ee6d0
Event: 1.896 Thread 0x0000000016662000 DEOPT UNPACKING pc=0x000000000243582a sp=0x00000000172ee698 mode 2


Dynamic libraries:
0x00007ff6cbb10000 - 0x00007ff6cbb47000 	C:\Program Files\Java\jdk1.8.0_92\bin\java.exe
0x00007ffae65e0000 - 0x00007ffae678a000 	C:\Windows\SYSTEM32\ntdll.dll
0x00007ffae5b60000 - 0x00007ffae5c9a000 	C:\Windows\system32\KERNEL32.DLL
0x00007ffae3d50000 - 0x00007ffae3e5f000 	C:\Windows\system32\KERNELBASE.dll
0x00007ffae2580000 - 0x00007ffae2608000 	C:\Windows\system32\apphelp.dll
0x00007ffac0220000 - 0x00007ffac026f000 	C:\Windows\AppPatch\AppPatch64\AcGenral.DLL
0x00007ffae5710000 - 0x00007ffae57b7000 	C:\Windows\system32\msvcrt.dll
0x00007ffae3790000 - 0x00007ffae37bb000 	C:\Windows\SYSTEM32\SspiCli.dll
0x00007ffae5e40000 - 0x00007ffae5e91000 	C:\Windows\system32\SHLWAPI.dll
0x00007ffae6460000 - 0x00007ffae65d1000 	C:\Windows\system32\USER32.dll
0x00007ffae5cc0000 - 0x00007ffae5e38000 	C:\Windows\system32\ole32.dll
0x00007ffae4010000 - 0x00007ffae5427000 	C:\Windows\system32\SHELL32.dll
0x00007ffae2fc0000 - 0x00007ffae2fde000 	C:\Windows\SYSTEM32\USERENV.dll
0x00007ffae5f20000 - 0x00007ffae5fc5000 	C:\Windows\system32\ADVAPI32.dll
0x00007ffade890000 - 0x00007ffade8ab000 	C:\Windows\SYSTEM32\MPR.dll
0x00007ffae6100000 - 0x00007ffae6236000 	C:\Windows\system32\RPCRT4.dll
0x00007ffae5430000 - 0x00007ffae5487000 	C:\Windows\SYSTEM32\sechost.dll
0x00007ffae5530000 - 0x00007ffae5706000 	C:\Windows\SYSTEM32\combase.dll
0x00007ffae3ec0000 - 0x00007ffae4005000 	C:\Windows\system32\GDI32.dll
0x00007ffae3950000 - 0x00007ffae3964000 	C:\Windows\SYSTEM32\profapi.dll
0x00007ffae1fb0000 - 0x00007ffae204f000 	C:\Windows\SYSTEM32\SHCORE.dll
0x00007ffae6240000 - 0x00007ffae6274000 	C:\Windows\system32\IMM32.DLL
0x00007ffae5880000 - 0x00007ffae59b9000 	C:\Windows\system32\MSCTF.dll
0x00007ffae1620000 - 0x00007ffae187a000 	C:\Windows\WinSxS\amd64_microsoft.windows.common-controls_6595b64144ccf1df_6.0.9600.17031_none_6242a4b3ecbb55a1\COMCTL32.dll
0x0000000076040000 - 0x0000000076112000 	C:\Program Files\Java\jdk1.8.0_92\jre\bin\msvcr100.dll
0x00000000763c0000 - 0x0000000076c56000 	C:\Program Files\Java\jdk1.8.0_92\jre\bin\server\jvm.dll
0x00007ffadb460000 - 0x00007ffadb469000 	C:\Windows\SYSTEM32\WSOCK32.dll
0x00007ffad84b0000 - 0x00007ffad84cf000 	C:\Windows\SYSTEM32\WINMM.dll
0x00007ffae1520000 - 0x00007ffae152a000 	C:\Windows\SYSTEM32\VERSION.dll
0x00007ffae6030000 - 0x00007ffae6037000 	C:\Windows\system32\PSAPI.DLL
0x00007ffae5fd0000 - 0x00007ffae6028000 	C:\Windows\system32\WS2_32.dll
0x00007ffad8480000 - 0x00007ffad84aa000 	C:\Windows\SYSTEM32\WINMMBASE.dll
0x00007ffae5cb0000 - 0x00007ffae5cb9000 	C:\Windows\system32\NSI.dll
0x00007ffae3a20000 - 0x00007ffae3a6a000 	C:\Windows\SYSTEM32\cfgmgr32.dll
0x00007ffae27d0000 - 0x00007ffae27f6000 	C:\Windows\SYSTEM32\DEVOBJ.dll
0x0000000050000000 - 0x000000005000f000 	C:\Program Files\Java\jdk1.8.0_92\jre\bin\verify.dll
0x0000000076fc0000 - 0x0000000076fe9000 	C:\Program Files\Java\jdk1.8.0_92\jre\bin\java.dll
0x0000000076fa0000 - 0x0000000076fb6000 	C:\Program Files\Java\jdk1.8.0_92\jre\bin\zip.dll

VM Arguments:
jvm_args: -Djava.awt.headless=true -Xmx1024M -Dfile.encoding=windows-1252 -Duser.country=US -Duser.language=en -Duser.variant 
java_command: com.android.dx.command.Main --dex --force-jumbo --num-threads=4 --output C:\Zooket\app\build\intermediates\pre-dexed\debug\com.android.support-appcompat-v7-23.4.0_fda78873d11546ce0404252f8f37bf8df30f60cc.jar C:\Zooket\app\build\intermediates\exploded-aar\com.android.support\appcompat-v7\23.4.0\jars\classes.jar
java_class_path (initial): C:\android-sdk-windows\build-tools\24.0.3\lib\dx.jar
Launcher Type: SUN_STANDARD

Environment Variables:
PATH=C:\ProgramData\Oracle\Java\javapath;C:\Windows\system32;C:\Windows;C:\Windows\System32\Wbem;C:\Windows\System32\WindowsPowerShell\v1.0\;C:\Program Files (x86)\NVIDIA Corporation\PhysX\Common;C:\Program Files (x86)\Windows Kits\8.1\Windows Performance Toolkit\;C:\Program Files\Microsoft SQL Server\110\Tools\Binn\;C:\Program Files\Microsoft SQL Server\110\DTS\Binn\;C:\Program Files (x86)\Microsoft SQL Server\110\Tools\Binn\;C:\Program Files (x86)\Microsoft SQL Server\110\Tools\Binn\ManagementStudio\;C:\Program Files (x86)\Microsoft Visual Studio 10.0\Common7\IDE\PrivateAssemblies\;C:\Program Files (x86)\Microsoft SQL Server\110\DTS\Binn\;C:\Program Files (x86)\GtkSharp\2.12\bin;C:\Program Files (x86)\QuickTime\QTSystem\
USERNAME=Smo
OS=Windows_NT
PROCESSOR_IDENTIFIER=Intel64 Family 6 Model 94 Stepping 3, GenuineIntel



---------------  S Y S T E M  ---------------

OS: Windows 8.1 , 64 bit Build 9600 (6.3.9600.17056)

CPU:total 4 (4 cores per cpu, 1 threads per core) family 6 model 94 stepping 3, cmov, cx8, fxsr, mmx, sse, sse2, sse3, ssse3, sse4.1, sse4.2, popcnt, avx, avx2, aes, clmul, erms, 3dnowpref, lzcnt, tsc, tscinvbit, bmi1, bmi2, adx

Memory: 4k page, physical 8266404k(1141540k free), swap 8266404k(5528k free)

vm_info: Java HotSpot(TM) 64-Bit Server VM (25.92-b14) for windows-amd64 JRE (1.8.0_92-b14), built on Mar 31 2016 21:03:04 by "java_re" with MS VC++ 10.0 (VS2010)

time: Thu May 18 17:25:54 2017
elapsed time: 1 seconds (0d 0h 0m 1s)

