#
# There is insufficient memory for the Java Runtime Environment to continue.
# Native memory allocation (malloc) failed to allocate 32744 bytes for ChunkPool::allocate
# Possible reasons:
#   The system is out of physical RAM or swap space
#   In 32 bit mode, the process size limit was hit
# Possible solutions:
#   Reduce memory load on the system
#   Increase physical memory or swap space
#   Check if swap backing store is full
#   Use 64 bit Java on a 64 bit OS
#   Decrease Java heap size (-Xmx/-Xms)
#   Decrease number of Java threads
#   Decrease Java thread stack sizes (-Xss)
#   Set larger code cache with -XX:ReservedCodeCacheSize=
# This output file may be truncated or incomplete.
#
#  Out of Memory Error (allocation.cpp:273), pid=6372, tid=0x0000000000001544
#
# JRE version: Java(TM) SE Runtime Environment (8.0_92-b14) (build 1.8.0_92-b14)
# Java VM: Java HotSpot(TM) 64-Bit Server VM (25.92-b14 mixed mode windows-amd64 compressed oops)
# Failed to write core dump. Minidumps are not enabled by default on client versions of Windows
#

---------------  T H R E A D  ---------------

Current thread (0x0000000016424800):  JavaThread "pool-1-thread-1" [_thread_in_vm, id=5444, stack(0x0000000017080000,0x0000000017180000)]

Stack: [0x0000000017080000,0x0000000017180000]
[error occurred during error reporting (printing stack bounds), id 0xc0000005]

Native frames: (J=compiled Java code, j=interpreted, Vv=VM code, C=native code)

Java frames: (J=compiled Java code, j=interpreted, Vv=VM code)
j  com.android.dx.rop.code.LocalVariableExtractor.processBlock(I)V+68
j  com.android.dx.rop.code.LocalVariableExtractor.doit()Lcom/android/dx/rop/code/LocalVariableInfo;+22
j  com.android.dx.rop.code.LocalVariableExtractor.extract(Lcom/android/dx/rop/code/RopMethod;)Lcom/android/dx/rop/code/LocalVariableInfo;+10
j  com.android.dx.dex.cf.CfTranslator.processMethods(Lcom/android/dx/cf/direct/DirectClassFile;Lcom/android/dx/dex/cf/CfOptions;Lcom/android/dx/dex/DexOptions;Lcom/android/dx/dex/file/ClassDefItem;Lcom/android/dx/dex/file/DexFile;)V+296
j  com.android.dx.dex.cf.CfTranslator.translate0(Lcom/android/dx/cf/direct/DirectClassFile;[BLcom/android/dx/dex/cf/CfOptions;Lcom/android/dx/dex/DexOptions;Lcom/android/dx/dex/file/DexFile;)Lcom/android/dx/dex/file/ClassDefItem;+120
j  com.android.dx.dex.cf.CfTranslator.translate(Lcom/android/dx/cf/direct/DirectClassFile;[BLcom/android/dx/dex/cf/CfOptions;Lcom/android/dx/dex/DexOptions;Lcom/android/dx/dex/file/DexFile;)Lcom/android/dx/dex/file/ClassDefItem;+6
j  com.android.dx.command.dexer.Main.translateClass([BLcom/android/dx/cf/direct/DirectClassFile;)Lcom/android/dx/dex/file/ClassDefItem;+17
j  com.android.dx.command.dexer.Main.access$2700([BLcom/android/dx/cf/direct/DirectClassFile;)Lcom/android/dx/dex/file/ClassDefItem;+2
j  com.android.dx.command.dexer.Main$ClassTranslatorTask.call()Lcom/android/dx/dex/file/ClassDefItem;+8
j  com.android.dx.command.dexer.Main$ClassTranslatorTask.call()Ljava/lang/Object;+1
j  java.util.concurrent.FutureTask.run()V+42
j  java.util.concurrent.ThreadPoolExecutor.runWorker(Ljava/util/concurrent/ThreadPoolExecutor$Worker;)V+95
j  java.util.concurrent.ThreadPoolExecutor$Worker.run()V+5
j  java.lang.Thread.run()V+11
v  ~StubRoutines::call_stub

---------------  P R O C E S S  ---------------

Java Threads: ( => current thread )
  0x0000000016429800 JavaThread "pool-1-thread-4" [_thread_in_Java, id=8004, stack(0x0000000017480000,0x0000000017580000)]
  0x0000000016429000 JavaThread "pool-1-thread-3" [_thread_in_Java, id=7296, stack(0x0000000017380000,0x0000000017480000)]
  0x0000000016428000 JavaThread "pool-1-thread-2" [_thread_blocked, id=7636, stack(0x0000000017280000,0x0000000017380000)]
  0x0000000016425800 JavaThread "pool-2-thread-1" [_thread_blocked, id=6436, stack(0x0000000017180000,0x0000000017280000)]
=>0x0000000016424800 JavaThread "pool-1-thread-1" [_thread_in_vm, id=5444, stack(0x0000000017080000,0x0000000017180000)]
  0x0000000016186800 JavaThread "Service Thread" daemon [_thread_blocked, id=3900, stack(0x0000000016680000,0x0000000016780000)]
  0x0000000016181000 JavaThread "C1 CompilerThread2" daemon [_thread_in_native, id=6388, stack(0x0000000016580000,0x0000000016680000)]
  0x0000000014997000 JavaThread "C2 CompilerThread1" daemon [_thread_blocked, id=292, stack(0x0000000016080000,0x0000000016180000)]
  0x000000001493e000 JavaThread "C2 CompilerThread0" daemon [_thread_in_native, id=6276, stack(0x0000000015f80000,0x0000000016080000)]
  0x000000001493c000 JavaThread "Attach Listener" daemon [_thread_blocked, id=1196, stack(0x0000000015e80000,0x0000000015f80000)]
  0x000000001493a800 JavaThread "Signal Dispatcher" daemon [_thread_blocked, id=7640, stack(0x0000000015d80000,0x0000000015e80000)]
  0x000000001492a800 JavaThread "Finalizer" daemon [_thread_blocked, id=7916, stack(0x0000000015ba0000,0x0000000015ca0000)]
  0x0000000002260800 JavaThread "Reference Handler" daemon [_thread_blocked, id=6824, stack(0x0000000015aa0000,0x0000000015ba0000)]
  0x0000000002172800 JavaThread "main" [_thread_in_Java, id=5156, stack(0x0000000002030000,0x0000000002130000)]

Other Threads:
  0x0000000014908800 VMThread [stack: 0x00000000159a0000,0x0000000015aa0000] [id=7760]
  0x0000000016192000 WatcherThread [stack: 0x0000000016780000,0x0000000016880000] [id=5908]

VM state:not at safepoint (normal execution)

VM Mutex/Monitor currently owned by a thread:  ([mutex/lock_event])
[0x0000000002170750] MethodData_lock - owner thread: 0x0000000016424800

Heap:
 PSYoungGen      total 38400K, used 18662K [0x00000000eab00000, 0x00000000ed580000, 0x0000000100000000)
  eden space 33280K, 56% used [0x00000000eab00000,0x00000000ebd39878,0x00000000ecb80000)
  from space 5120K, 0% used [0x00000000ed080000,0x00000000ed080000,0x00000000ed580000)
  to   space 5120K, 0% used [0x00000000ecb80000,0x00000000ecb80000,0x00000000ed080000)
 ParOldGen       total 87552K, used 0K [0x00000000c0000000, 0x00000000c5580000, 0x00000000eab00000)
  object space 87552K, 0% used [0x00000000c0000000,0x00000000c0000000,0x00000000c5580000)
 Metaspace       used 5612K, capacity 6576K, committed 6784K, reserved 1056768K
  class space    used 599K, capacity 616K, committed 640K, reserved 1048576K

Card table byte_map: [0x0000000011630000,0x0000000011840000] byte_map_base: 0x0000000011030000

Marking Bits: (ParMarkBitMap*) 0x0000000072dd64f0
 Begin Bits: [0x0000000011da0000, 0x0000000012da0000)
 End Bits:   [0x0000000012da0000, 0x0000000013da0000)

Polling page: 0x00000000007f0000

CodeCache: size=245760Kb used=2470Kb max_used=2481Kb free=243289Kb
 bounds [0x0000000002270000, 0x00000000024e0000, 0x0000000011270000]
 total_blobs=922 nmethods=653 adapters=182
 compilation: enabled

Compilation events (10 events):
Event: 0.471 Thread 0x0000000014997000  661   !   4       com.android.dx.util.FixedSizeList::set0 (22 bytes)
Event: 0.472 Thread 0x0000000014997000 nmethod 661 0x00000000024d8250 code [0x00000000024d83a0, 0x00000000024d84b8]
Event: 0.472 Thread 0x000000001493e000  663       4       java.util.ArrayList::isEmpty (13 bytes)
Event: 0.472 Thread 0x0000000014997000  664       4       com.android.dx.ssa.NormalSsaInsn::getOpcode (8 bytes)
Event: 0.472 Thread 0x000000001493e000 nmethod 663 0x0000000002473ad0 code [0x0000000002473c00, 0x0000000002473c78]
Event: 0.472 Thread 0x0000000014997000 nmethod 664 0x00000000024d3f90 code [0x00000000024d40c0, 0x00000000024d4138]
Event: 0.473 Thread 0x000000001493e000  666       4       java.util.HashMap::containsKey (18 bytes)
Event: 0.473 Thread 0x0000000014997000  668       4       com.android.dx.rop.code.BasicBlockList::get (9 bytes)
Event: 0.474 Thread 0x0000000014997000 nmethod 668 0x00000000024ddd10 code [0x00000000024dde60, 0x00000000024ddf38]
Event: 0.474 Thread 0x0000000014997000  670       4       com.android.dx.ssa.NormalSsaInsn::isNormalMoveInsn (20 bytes)

GC Heap History (0 events):
No events

Deoptimization events (2 events):
Event: 0.403 Thread 0x0000000016424800 Uncommon trap: reason=unstable_if action=reinterpret pc=0x000000000249e3b0 method=java.util.HashMap.getNode(ILjava/lang/Object;)Ljava/util/HashMap$Node; @ 129
Event: 0.466 Thread 0x0000000002172800 Uncommon trap: reason=bimorphic action=maybe_recompile pc=0x000000000249dab0 method=java.util.HashMap.getNode(ILjava/lang/Object;)Ljava/util/HashMap$Node; @ 126

Internal exceptions (2 events):
Event: 0.027 Thread 0x0000000002172800 Exception <a 'java/lang/NoSuchMethodError': Method sun.misc.Unsafe.defineClass(Ljava/lang/String;[BII)Ljava/lang/Class; name or signature does not match> (0x00000000eab07cc0) thrown at [D:\re\workspace\8-2-build-windows-amd64-cygwin\jdk8u92\6642\hotspot\srK™Uy=›?
Event: 0.027 Thread 0x0000000002172800 Exception <a 'java/lang/NoSuchMethodError': Method sun.misc.Unsafe.prefetchRead(Ljava/lang/Object;J)V name or signature does not match> (0x00000000eab07fa8) thrown at [D:\re\workspace\8-2-build-windows-amd64-cygwin\jdk8u92\6642\hotspot\src\share\vm\prims\j

Events (10 events):
Event: 0.403 Thread 0x0000000016424800 Uncommon trap: trap_request=0xffffff65 fr.pc=0x000000000249e3b0
Event: 0.403 Thread 0x0000000016424800 DEOPT PACKING pc=0x000000000249e3b0 sp=0x000000001717e890
Event: 0.403 Thread 0x0000000016424800 DEOPT UNPACKING pc=0x00000000022b582a sp=0x000000001717e808 mode 2
Event: 0.410 loading class com/android/dx/ssa/back/FirstFitLocalCombiningAllocator$Multiset
Event: 0.410 loading class com/android/dx/ssa/back/FirstFitLocalCombiningAllocator$Multiset done
Event: 0.466 Thread 0x0000000002172800 Uncommon trap: trap_request=0xffffffc6 fr.pc=0x000000000249dab0
Event: 0.466 Thread 0x0000000002172800 DEOPT PACKING pc=0x000000000249dab0 sp=0x000000000212e2d0
Event: 0.466 Thread 0x0000000002172800 DEOPT UNPACKING pc=0x00000000022b582a sp=0x000000000212e1e8 mode 2
Event: 0.467 loading class java/util/ArrayList$1
Event: 0.467 loading class java/util/ArrayList$1 done


Dynamic libraries:
0x00007ff643cc0000 - 0x00007ff643cf7000 	C:\Program Files\Java\jdk1.8.0_92\bin\java.exe
0x00007fff95070000 - 0x00007fff9521a000 	C:\Windows\SYSTEM32\ntdll.dll
0x00007fff92d30000 - 0x00007fff92e6a000 	C:\Windows\system32\KERNEL32.DLL
0x00007fff92560000 - 0x00007fff9266f000 	C:\Windows\system32\KERNELBASE.dll
0x00007fff91010000 - 0x00007fff91098000 	C:\Windows\system32\apphelp.dll
0x00007fff72830000 - 0x00007fff7287f000 	C:\Windows\AppPatch\AppPatch64\AcGenral.DLL
0x00007fff92e70000 - 0x00007fff92f17000 	C:\Windows\system32\msvcrt.dll
0x00007fff92220000 - 0x00007fff9224b000 	C:\Windows\SYSTEM32\SspiCli.dll
0x00007fff931f0000 - 0x00007fff93241000 	C:\Windows\system32\SHLWAPI.dll
0x00007fff92a40000 - 0x00007fff92bb1000 	C:\Windows\system32\USER32.dll
0x00007fff93740000 - 0x00007fff938b8000 	C:\Windows\system32\ole32.dll
0x00007fff93a70000 - 0x00007fff94e87000 	C:\Windows\system32\SHELL32.dll
0x00007fff91a50000 - 0x00007fff91a6e000 	C:\Windows\SYSTEM32\USERENV.dll
0x00007fff93120000 - 0x00007fff931c5000 	C:\Windows\system32\ADVAPI32.dll
0x00007fff8d830000 - 0x00007fff8d84b000 	C:\Windows\SYSTEM32\MPR.dll
0x00007fff93250000 - 0x00007fff93386000 	C:\Windows\system32\RPCRT4.dll
0x00007fff930c0000 - 0x00007fff93117000 	C:\Windows\SYSTEM32\sechost.dll
0x00007fff93390000 - 0x00007fff93566000 	C:\Windows\SYSTEM32\combase.dll
0x00007fff938c0000 - 0x00007fff93a05000 	C:\Windows\system32\GDI32.dll
0x00007fff923e0000 - 0x00007fff923f4000 	C:\Windows\SYSTEM32\profapi.dll
0x00007fff90850000 - 0x00007fff908ef000 	C:\Windows\SYSTEM32\SHCORE.dll
0x00007fff929a0000 - 0x00007fff929d4000 	C:\Windows\system32\IMM32.DLL
0x00007fff92bc0000 - 0x00007fff92cf9000 	C:\Windows\system32\MSCTF.dll
0x00007fff900b0000 - 0x00007fff9030a000 	C:\Windows\WinSxS\amd64_microsoft.windows.common-controls_6595b64144ccf1df_6.0.9600.17031_none_6242a4b3ecbb55a1\COMCTL32.dll
0x00000000721c0000 - 0x0000000072292000 	C:\Program Files\Java\jdk1.8.0_92\jre\bin\msvcr100.dll
0x00000000725c0000 - 0x0000000072e56000 	C:\Program Files\Java\jdk1.8.0_92\jre\bin\server\jvm.dll
0x00007fff8be90000 - 0x00007fff8be99000 	C:\Windows\SYSTEM32\WSOCK32.dll
0x00007fff89000000 - 0x00007fff8901f000 	C:\Windows\SYSTEM32\WINMM.dll
0x00007fff8fff0000 - 0x00007fff8fffa000 	C:\Windows\SYSTEM32\VERSION.dll
0x00007fff92d00000 - 0x00007fff92d07000 	C:\Windows\system32\PSAPI.DLL
0x00007fff936e0000 - 0x00007fff93738000 	C:\Windows\system32\WS2_32.dll
0x00007fff86ca0000 - 0x00007fff86cca000 	C:\Windows\SYSTEM32\WINMMBASE.dll
0x00007fff931d0000 - 0x00007fff931d9000 	C:\Windows\system32\NSI.dll
0x00007fff92670000 - 0x00007fff926ba000 	C:\Windows\SYSTEM32\cfgmgr32.dll
0x00007fff91270000 - 0x00007fff91296000 	C:\Windows\SYSTEM32\DEVOBJ.dll
0x0000000073150000 - 0x000000007315f000 	C:\Program Files\Java\jdk1.8.0_92\jre\bin\verify.dll
0x0000000073120000 - 0x0000000073149000 	C:\Program Files\Java\jdk1.8.0_92\jre\bin\java.dll
0x0000000073100000 - 0x0000000073116000 	C:\Program Files\Java\jdk1.8.0_92\jre\bin\zip.dll

VM Arguments:
jvm_args: -Djava.awt.headless=true -Xmx1024M -Dfile.encoding=windows-1252 -Duser.country=US -Duser.language=en -Duser.variant 
java_command: com.android.dx.command.Main --dex --force-jumbo --num-threads=4 --output C:\Zooket\app\build\intermediates\pre-dexed\debug\com.android.support-appcompat-v7-23.4.0_fda78873d11546ce0404252f8f37bf8df30f60cc.jar C:\Zooket\app\build\intermediates\exploded-aar\com.android.support\appcompat-v7\23.4.0\jars\classes.jar
java_class_path (initial): C:\android-sdk-windows\build-tools\24.0.3\lib\dx.jar
Launcher Type: SUN_STANDARD

Environment Variables:
PATH=C:\ProgramData\Oracle\Java\javapath;C:\Windows\system32;C:\Windows;C:\Windows\System32\Wbem;C:\Windows\System32\WindowsPowerShell\v1.0\;C:\Program Files (x86)\NVIDIA Corporation\PhysX\Common;C:\Program Files (x86)\Windows Kits\8.1\Windows Performance Toolkit\;C:\Program Files\Microsoft SQL Server\110\Tools\Binn\;C:\Program Files\Microsoft SQL Server\110\DTS\Binn\;C:\Program Files (x86)\Microsoft SQL Server\110\Tools\Binn\;C:\Program Files (x86)\Microsoft SQL Server\110\Tools\Binn\ManagementStudio\;C:\Program Files (x86)\Microsoft Visual Studio 10.0\Common7\IDE\PrivateAssemblies\;C:\Program Files (x86)\Microsoft SQL Server\110\DTS\Binn\;C:\Program Files (x86)\GtkSharp\2.12\bin;C:\Program Files (x86)\QuickTime\QTSystem\
USERNAME=Smo
OS=Windows_NT
PROCESSOR_IDENTIFIER=Intel64 Family 6 Model 94 Stepping 3, GenuineIntel



---------------  S Y S T E M  ---------------

OS: Windows 8.1 , 64 bit Build 9600 (6.3.9600.17056)

CPU:total 4 (4 cores per cpu, 1 threads per core) family 6 model 94 stepping 3, cmov, cx8, fxsr, mmx, sse, sse2, sse3, ssse3, sse4.1, sse4.2, popcnt, avx, avx2, aes, clmul, erms, 3dnowpref, lzcnt, tsc, tscinvbit, bmi1, bmi2, adx

Memory: 4k page, physical 8266404k(1433376k free), swap 8266404k(5080k free)

vm_info: Java HotSpot(TM) 64-Bit Server VM (25.92-b14) for windows-amd64 JRE (1.8.0_92-b14), built on Mar 31 2016 21:03:04 by "java_re" with MS VC++ 10.0 (VS2010)

time: Tue May 23 12:34:53 2017
elapsed time: 0 seconds (0d 0h 0m 0s)

