#
# There is insufficient memory for the Java Runtime Environment to continue.
# Native memory allocation (malloc) failed to allocate 32744 bytes for ChunkPool::allocate
# Possible reasons:
#   The system is out of physical RAM or swap space
#   In 32 bit mode, the process size limit was hit
# Possible solutions:
#   Reduce memory load on the system
#   Increase physical memory or swap space
#   Check if swap backing store is full
#   Use 64 bit Java on a 64 bit OS
#   Decrease Java heap size (-Xmx/-Xms)
#   Decrease number of Java threads
#   Decrease Java thread stack sizes (-Xss)
#   Set larger code cache with -XX:ReservedCodeCacheSize=
# This output file may be truncated or incomplete.
#
#  Out of Memory Error (allocation.cpp:273), pid=3820, tid=0x00000000000012d8
#
# JRE version: Java(TM) SE Runtime Environment (8.0_92-b14) (build 1.8.0_92-b14)
# Java VM: Java HotSpot(TM) 64-Bit Server VM (25.92-b14 mixed mode windows-amd64 compressed oops)
# Failed to write core dump. Minidumps are not enabled by default on client versions of Windows
#

---------------  T H R E A D  ---------------

Current thread (0x0000000014c47800):  JavaThread "C2 CompilerThread1" daemon [_thread_in_native, id=4824, stack(0x0000000016340000,0x0000000016440000)]

Stack: [0x0000000016340000,0x0000000016440000]
[error occurred during error reporting (printing stack bounds), id 0xc0000005]

Native frames: (J=compiled Java code, j=interpreted, Vv=VM code, C=native code)


Current CompileTask:
C2:    771  291       4       com.android.dx.rop.cst.CstMemberRef::compareTo0 (49 bytes)


---------------  P R O C E S S  ---------------

Java Threads: ( => current thread )
  0x000000001667e000 JavaThread "pool-2-thread-4" [_thread_blocked, id=4240, stack(0x0000000016f40000,0x0000000017040000)]
  0x000000001667d000 JavaThread "pool-2-thread-3" [_thread_in_vm, id=4508, stack(0x0000000016e40000,0x0000000016f40000)]
  0x0000000016577800 JavaThread "pool-2-thread-2" [_thread_in_Java, id=3396, stack(0x0000000016d40000,0x0000000016e40000)]
  0x0000000016571000 JavaThread "pool-3-thread-1" [_thread_blocked, id=7508, stack(0x0000000016c40000,0x0000000016d40000)]
  0x0000000016567000 JavaThread "pool-2-thread-1" [_thread_blocked, id=6212, stack(0x0000000016b40000,0x0000000016c40000)]
  0x0000000016446800 JavaThread "Service Thread" daemon [_thread_blocked, id=4352, stack(0x0000000016940000,0x0000000016a40000)]
  0x0000000016441000 JavaThread "C1 CompilerThread2" daemon [_thread_in_vm, id=1648, stack(0x0000000016840000,0x0000000016940000)]
=>0x0000000014c47800 JavaThread "C2 CompilerThread1" daemon [_thread_in_native, id=4824, stack(0x0000000016340000,0x0000000016440000)]
  0x0000000014bee000 JavaThread "C2 CompilerThread0" daemon [_thread_blocked, id=6140, stack(0x0000000016240000,0x0000000016340000)]
  0x0000000014bec000 JavaThread "Attach Listener" daemon [_thread_blocked, id=7568, stack(0x0000000016140000,0x0000000016240000)]
  0x0000000014beb000 JavaThread "Signal Dispatcher" daemon [_thread_blocked, id=3816, stack(0x0000000016040000,0x0000000016140000)]
  0x000000000251a800 JavaThread "Finalizer" daemon [_thread_blocked, id=1300, stack(0x0000000015e60000,0x0000000015f60000)]
  0x0000000014bb9000 JavaThread "Reference Handler" daemon [_thread_blocked, id=6128, stack(0x0000000015d60000,0x0000000015e60000)]
  0x0000000002420800 JavaThread "main" [_thread_in_native, id=5072, stack(0x00000000022e0000,0x00000000023e0000)]

Other Threads:
  0x0000000014bb7800 VMThread [stack: 0x0000000015c60000,0x0000000015d60000] [id=6724]
  0x0000000016452000 WatcherThread [stack: 0x0000000016a40000,0x0000000016b40000] [id=4632]

VM state:not at safepoint (normal execution)

VM Mutex/Monitor currently owned by a thread: None

Heap:
 PSYoungGen      total 38400K, used 8675K [0x00000000eab00000, 0x00000000ed580000, 0x0000000100000000)
  eden space 33280K, 26% used [0x00000000eab00000,0x00000000eb378e78,0x00000000ecb80000)
  from space 5120K, 0% used [0x00000000ed080000,0x00000000ed080000,0x00000000ed580000)
  to   space 5120K, 0% used [0x00000000ecb80000,0x00000000ecb80000,0x00000000ed080000)
 ParOldGen       total 87552K, used 0K [0x00000000c0000000, 0x00000000c5580000, 0x00000000eab00000)
  object space 87552K, 0% used [0x00000000c0000000,0x00000000c0000000,0x00000000c5580000)
 Metaspace       used 4286K, capacity 5584K, committed 5760K, reserved 1056768K
  class space    used 478K, capacity 520K, committed 640K, reserved 1048576K

Card table byte_map: [0x00000000118e0000,0x0000000011af0000] byte_map_base: 0x00000000112e0000

Marking Bits: (ParMarkBitMap*) 0x00000000686b64f0
 Begin Bits: [0x0000000012050000, 0x0000000013050000)
 End Bits:   [0x0000000013050000, 0x0000000014050000)

Polling page: 0x0000000000a20000

CodeCache: size=245760Kb used=1783Kb max_used=1783Kb free=243976Kb
 bounds [0x0000000002520000, 0x0000000002790000, 0x0000000011520000]
 total_blobs=547 nmethods=294 adapters=166
 compilation: enabled

Compilation events (10 events):
Event: 0.769 Thread 0x0000000016441000 nmethod 282 0x00000000026d4910 code [0x00000000026d4d80, 0x00000000026d77e8]
Event: 0.769 Thread 0x0000000016441000  284       3       java.util.TreeMap::colorOf (13 bytes)
Event: 0.769 Thread 0x0000000016441000 nmethod 284 0x00000000026d3090 code [0x00000000026d31e0, 0x00000000026d3370]
Event: 0.769 Thread 0x0000000016441000  290       3       java.util.TreeMap::getEntry (84 bytes)
Event: 0.769 Thread 0x0000000014bee000 nmethod 283 0x00000000026d2bd0 code [0x00000000026d2d20, 0x00000000026d2f58]
Event: 0.769 Thread 0x0000000014bee000  289       4       com.android.dx.rop.cst.CstFieldRef::compareTo0 (43 bytes)
Event: 0.770 Thread 0x0000000016441000 nmethod 290 0x00000000026d2190 code [0x00000000026d2340, 0x00000000026d29c8]
Event: 0.770 Thread 0x0000000016441000  292       3       java.util.TreeMap::fixAfterInsertion (267 bytes)
Event: 0.770 Thread 0x0000000014c47800 nmethod 288 0x00000000026d9bd0 code [0x00000000026d9d40, 0x00000000026da138]
Event: 0.770 Thread 0x0000000014c47800  291       4       com.android.dx.rop.cst.CstMemberRef::compareTo0 (49 bytes)

GC Heap History (0 events):
No events

Deoptimization events (0 events):
No events

Internal exceptions (2 events):
Event: 0.160 Thread 0x0000000002420800 Exception <a 'java/lang/NoSuchMethodError': Method sun.misc.Unsafe.defineClass(Ljava/lang/String;[BII)Ljava/lang/Class; name or signature does not match> (0x00000000eab07cc0) thrown at [D:\re\workspace\8-2-build-windows-amd64-cygwin\jdk8u92\6642\hotspot\srY$z
Event: 0.161 Thread 0x0000000002420800 Exception <a 'java/lang/NoSuchMethodError': Method sun.misc.Unsafe.prefetchRead(Ljava/lang/Object;J)V name or signature does not match> (0x00000000eab07fa8) thrown at [D:\re\workspace\8-2-build-windows-amd64-cygwin\jdk8u92\6642\hotspot\src\share\vm\prims\j

Events (10 events):
Event: 0.701 loading class com/android/dx/cf/code/Ropper$ExceptionSetupLabelAllocator
Event: 0.701 loading class com/android/dx/cf/code/Ropper$ExceptionSetupLabelAllocator done
Event: 0.701 loading class com/android/dx/cf/code/Ropper$LabelAllocator
Event: 0.701 loading class com/android/dx/cf/code/Ropper$LabelAllocator done
Event: 0.702 loading class com/android/dx/rop/code/SourcePosition
Event: 0.702 loading class com/android/dx/rop/code/SourcePosition done
Event: 0.702 loading class com/android/dx/rop/code/InsnList
Event: 0.702 loading class com/android/dx/rop/code/InsnList done
Event: 0.740 loading class com/android/dx/rop/cst/CstArray$List
Event: 0.740 loading class com/android/dx/rop/cst/CstArray$List done


Dynamic libraries:
0x00007ff725170000 - 0x00007ff7251a7000 	C:\Program Files\Java\jdk1.8.0_92\bin\java.exe
0x00007ffef9f10000 - 0x00007ffefa0ba000 	C:\Windows\SYSTEM32\ntdll.dll
0x00007ffef9b80000 - 0x00007ffef9cba000 	C:\Windows\system32\KERNEL32.DLL
0x00007ffef74a0000 - 0x00007ffef75af000 	C:\Windows\system32\KERNELBASE.dll
0x00007ffef5eb0000 - 0x00007ffef5f38000 	C:\Windows\system32\apphelp.dll
0x00007ffed1e60000 - 0x00007ffed1eaf000 	C:\Windows\AppPatch\AppPatch64\AcGenral.DLL
0x00007ffef9cc0000 - 0x00007ffef9d67000 	C:\Windows\system32\msvcrt.dll
0x00007ffef70c0000 - 0x00007ffef70eb000 	C:\Windows\SYSTEM32\SspiCli.dll
0x00007ffef9320000 - 0x00007ffef9371000 	C:\Windows\system32\SHLWAPI.dll
0x00007ffef9380000 - 0x00007ffef94f1000 	C:\Windows\system32\USER32.dll
0x00007ffef7790000 - 0x00007ffef7908000 	C:\Windows\system32\ole32.dll
0x00007ffef7c70000 - 0x00007ffef9087000 	C:\Windows\system32\SHELL32.dll
0x00007ffef68f0000 - 0x00007ffef690e000 	C:\Windows\SYSTEM32\USERENV.dll
0x00007ffef9090000 - 0x00007ffef9135000 	C:\Windows\system32\ADVAPI32.dll
0x00007ffef22f0000 - 0x00007ffef230b000 	C:\Windows\SYSTEM32\MPR.dll
0x00007ffef79d0000 - 0x00007ffef7b06000 	C:\Windows\system32\RPCRT4.dll
0x00007ffef7c10000 - 0x00007ffef7c67000 	C:\Windows\SYSTEM32\sechost.dll
0x00007ffef9140000 - 0x00007ffef9316000 	C:\Windows\SYSTEM32\combase.dll
0x00007ffef9560000 - 0x00007ffef96a5000 	C:\Windows\system32\GDI32.dll
0x00007ffef7280000 - 0x00007ffef7294000 	C:\Windows\SYSTEM32\profapi.dll
0x00007ffef58e0000 - 0x00007ffef597f000 	C:\Windows\SYSTEM32\SHCORE.dll
0x00007ffef9b40000 - 0x00007ffef9b74000 	C:\Windows\system32\IMM32.DLL
0x00007ffef96b0000 - 0x00007ffef97e9000 	C:\Windows\system32\MSCTF.dll
0x00007ffef4fd0000 - 0x00007ffef522a000 	C:\Windows\WinSxS\amd64_microsoft.windows.common-controls_6595b64144ccf1df_6.0.9600.17031_none_6242a4b3ecbb55a1\COMCTL32.dll
0x0000000067850000 - 0x0000000067922000 	C:\Program Files\Java\jdk1.8.0_92\jre\bin\msvcr100.dll
0x0000000067ea0000 - 0x0000000068736000 	C:\Program Files\Java\jdk1.8.0_92\jre\bin\server\jvm.dll
0x00007ffef0d00000 - 0x00007ffef0d09000 	C:\Windows\SYSTEM32\WSOCK32.dll
0x00007ffeeedc0000 - 0x00007ffeeeddf000 	C:\Windows\SYSTEM32\WINMM.dll
0x00007ffef4f90000 - 0x00007ffef4f9a000 	C:\Windows\SYSTEM32\VERSION.dll
0x00007ffef7b10000 - 0x00007ffef7b17000 	C:\Windows\system32\PSAPI.DLL
0x00007ffef9500000 - 0x00007ffef9558000 	C:\Windows\system32\WS2_32.dll
0x00007ffee99a0000 - 0x00007ffee99ca000 	C:\Windows\SYSTEM32\WINMMBASE.dll
0x00007ffef9b30000 - 0x00007ffef9b39000 	C:\Windows\system32\NSI.dll
0x00007ffef7350000 - 0x00007ffef739a000 	C:\Windows\SYSTEM32\cfgmgr32.dll
0x00007ffef6100000 - 0x00007ffef6126000 	C:\Windows\SYSTEM32\DEVOBJ.dll
0x0000000069210000 - 0x000000006921f000 	C:\Program Files\Java\jdk1.8.0_92\jre\bin\verify.dll
0x00000000691e0000 - 0x0000000069209000 	C:\Program Files\Java\jdk1.8.0_92\jre\bin\java.dll
0x0000000069190000 - 0x00000000691a6000 	C:\Program Files\Java\jdk1.8.0_92\jre\bin\zip.dll

VM Arguments:
jvm_args: -Djava.awt.headless=true -Xmx1024M -Dfile.encoding=windows-1252 -Duser.country=US -Duser.language=en -Duser.variant 
java_command: com.android.dx.command.Main --dex --force-jumbo --num-threads=4 --multi-dex --output C:\Zooket\app\build\intermediates\transforms\dex\debug\folders\1000\5\slice_0 C:\Zooket\app\build\intermediates\transforms\instantRunSlicer\debug\folders\1\5\slice_0
java_class_path (initial): C:\android-sdk-windows\build-tools\24.0.3\lib\dx.jar
Launcher Type: SUN_STANDARD

Environment Variables:
PATH=C:\ProgramData\Oracle\Java\javapath;C:\Windows\system32;C:\Windows;C:\Windows\System32\Wbem;C:\Windows\System32\WindowsPowerShell\v1.0\;C:\Program Files (x86)\NVIDIA Corporation\PhysX\Common;C:\Program Files (x86)\Windows Kits\8.1\Windows Performance Toolkit\;C:\Program Files\Microsoft SQL Server\110\Tools\Binn\;C:\Program Files\Microsoft SQL Server\110\DTS\Binn\;C:\Program Files (x86)\Microsoft SQL Server\110\Tools\Binn\;C:\Program Files (x86)\Microsoft SQL Server\110\Tools\Binn\ManagementStudio\;C:\Program Files (x86)\Microsoft Visual Studio 10.0\Common7\IDE\PrivateAssemblies\;C:\Program Files (x86)\Microsoft SQL Server\110\DTS\Binn\;C:\Program Files (x86)\GtkSharp\2.12\bin;C:\Program Files (x86)\QuickTime\QTSystem\
USERNAME=Smo
OS=Windows_NT
PROCESSOR_IDENTIFIER=Intel64 Family 6 Model 94 Stepping 3, GenuineIntel



---------------  S Y S T E M  ---------------

OS: Windows 8.1 , 64 bit Build 9600 (6.3.9600.17056)

CPU:total 4 (4 cores per cpu, 1 threads per core) family 6 model 94 stepping 3, cmov, cx8, fxsr, mmx, sse, sse2, sse3, ssse3, sse4.1, sse4.2, popcnt, avx, avx2, aes, clmul, erms, 3dnowpref, lzcnt, tsc, tscinvbit, bmi1, bmi2, adx

Memory: 4k page, physical 8266404k(2006612k free), swap 8266404k(5044k free)

vm_info: Java HotSpot(TM) 64-Bit Server VM (25.92-b14) for windows-amd64 JRE (1.8.0_92-b14), built on Mar 31 2016 21:03:04 by "java_re" with MS VC++ 10.0 (VS2010)

time: Thu May 11 11:25:13 2017
elapsed time: 0 seconds (0d 0h 0m 0s)

