#
# There is insufficient memory for the Java Runtime Environment to continue.
# Native memory allocation (malloc) failed to allocate 1574896 bytes for Chunk::new
# Possible reasons:
#   The system is out of physical RAM or swap space
#   In 32 bit mode, the process size limit was hit
# Possible solutions:
#   Reduce memory load on the system
#   Increase physical memory or swap space
#   Check if swap backing store is full
#   Use 64 bit Java on a 64 bit OS
#   Decrease Java heap size (-Xmx/-Xms)
#   Decrease number of Java threads
#   Decrease Java thread stack sizes (-Xss)
#   Set larger code cache with -XX:ReservedCodeCacheSize=
# This output file may be truncated or incomplete.
#
#  Out of Memory Error (allocation.cpp:390), pid=10220, tid=0x0000000000002230
#
# JRE version: Java(TM) SE Runtime Environment (8.0_92-b14) (build 1.8.0_92-b14)
# Java VM: Java HotSpot(TM) 64-Bit Server VM (25.92-b14 mixed mode windows-amd64 compressed oops)
# Failed to write core dump. Minidumps are not enabled by default on client versions of Windows
#

---------------  T H R E A D  ---------------

Current thread (0x00000000151c7800):  JavaThread "C2 CompilerThread1" daemon [_thread_in_native, id=8752, stack(0x00000000168b0000,0x00000000169b0000)]

Stack: [0x00000000168b0000,0x00000000169b0000]
[error occurred during error reporting (printing stack bounds), id 0xc0000005]

Native frames: (J=compiled Java code, j=interpreted, Vv=VM code, C=native code)


Current CompileTask:
C2:   4592 1406   !   4       com.android.dx.cf.code.RopperMachine::run (1550 bytes)


---------------  P R O C E S S  ---------------

Java Threads: ( => current thread )
  0x0000000016bcd000 JavaThread "pool-2-thread-2" [_thread_in_vm, id=5860, stack(0x00000000172b0000,0x00000000173b0000)]
  0x0000000016b0a800 JavaThread "pool-3-thread-1" [_thread_blocked, id=8604, stack(0x00000000171b0000,0x00000000172b0000)]
  0x00000000169b6800 JavaThread "Service Thread" daemon [_thread_blocked, id=2156, stack(0x0000000016eb0000,0x0000000016fb0000)]
  0x00000000169b1000 JavaThread "C1 CompilerThread2" daemon [_thread_blocked, id=6420, stack(0x0000000016db0000,0x0000000016eb0000)]
=>0x00000000151c7800 JavaThread "C2 CompilerThread1" daemon [_thread_in_native, id=8752, stack(0x00000000168b0000,0x00000000169b0000)]
  0x000000001516e000 JavaThread "C2 CompilerThread0" daemon [_thread_in_native, id=8584, stack(0x00000000167b0000,0x00000000168b0000)]
  0x000000001516c000 JavaThread "Attach Listener" daemon [_thread_blocked, id=7852, stack(0x00000000166b0000,0x00000000167b0000)]
  0x000000001516b000 JavaThread "Signal Dispatcher" daemon [_thread_blocked, id=5940, stack(0x00000000165b0000,0x00000000166b0000)]
  0x000000001515a800 JavaThread "Finalizer" daemon [_thread_blocked, id=7080, stack(0x00000000163d0000,0x00000000164d0000)]
  0x0000000002a90800 JavaThread "Reference Handler" daemon [_thread_blocked, id=6900, stack(0x00000000162d0000,0x00000000163d0000)]
  0x00000000029a2800 JavaThread "main" [_thread_blocked, id=7416, stack(0x00000000028a0000,0x00000000029a0000)]

Other Threads:
  0x0000000015138800 VMThread [stack: 0x00000000161d0000,0x00000000162d0000] [id=3144]
  0x00000000169ca000 WatcherThread [stack: 0x0000000016fb0000,0x00000000170b0000] [id=7484]

VM state:not at safepoint (normal execution)

VM Mutex/Monitor currently owned by a thread: None

Heap:
 PSYoungGen      total 38400K, used 36975K [0x00000000eab00000, 0x00000000ed580000, 0x0000000100000000)
  eden space 33280K, 95% used [0x00000000eab00000,0x00000000eca21660,0x00000000ecb80000)
  from space 5120K, 99% used [0x00000000ecb80000,0x00000000ed07a910,0x00000000ed080000)
  to   space 5120K, 0% used [0x00000000ed080000,0x00000000ed080000,0x00000000ed580000)
 ParOldGen       total 87552K, used 1624K [0x00000000c0000000, 0x00000000c5580000, 0x00000000eab00000)
  object space 87552K, 1% used [0x00000000c0000000,0x00000000c0196000,0x00000000c5580000)
 Metaspace       used 6250K, capacity 7064K, committed 7424K, reserved 1056768K
  class space    used 622K, capacity 656K, committed 768K, reserved 1048576K

Card table byte_map: [0x0000000011e60000,0x0000000012070000] byte_map_base: 0x0000000011860000

Marking Bits: (ParMarkBitMap*) 0x000000005ab964f0
 Begin Bits: [0x00000000125d0000, 0x00000000135d0000)
 End Bits:   [0x00000000135d0000, 0x00000000145d0000)

Polling page: 0x0000000000fb0000

CodeCache: size=245760Kb used=6796Kb max_used=6809Kb free=238963Kb
 bounds [0x0000000002aa0000, 0x0000000003150000, 0x0000000011aa0000]
 total_blobs=1845 nmethods=1576 adapters=182
 compilation: enabled

Compilation events (10 events):
Event: 4.521 Thread 0x00000000169b1000 1586       3       com.android.dx.ssa.back.FirstFitLocalCombiningAllocator::handleLocalAssociatedOther (151 bytes)
Event: 4.521 Thread 0x00000000169b1000 nmethod 1586 0x0000000003148590 code [0x0000000003148820, 0x0000000003149898]
Event: 4.522 Thread 0x00000000169b1000 1587       3       com.android.dx.rop.annotation.Annotation::<init> (54 bytes)
Event: 4.522 Thread 0x00000000169b1000 nmethod 1587 0x0000000003145650 code [0x0000000003145800, 0x0000000003145db8]
Event: 4.522 Thread 0x00000000169b1000 1588       3       com.android.dx.dex.file.AnnotationItem::<init> (41 bytes)
Event: 4.522 Thread 0x00000000169b1000 nmethod 1588 0x0000000003143190 code [0x0000000003143340, 0x0000000003143958]
Event: 4.522 Thread 0x00000000169b1000 1589       3       com.android.dx.rop.annotation.Annotation::getNameValuePairs (11 bytes)
Event: 4.523 Thread 0x00000000169b1000 nmethod 1589 0x0000000003147a50 code [0x0000000003147c00, 0x0000000003148228]
Event: 4.527 Thread 0x000000001516e000 nmethod 1583 0x000000000314d590 code [0x000000000314d700, 0x000000000314de58]
Event: 4.527 Thread 0x000000001516e000 1590   !   4       com.android.dx.cf.code.BytecodeArray::parseInstruction (2764 bytes)

GC Heap History (2 events):
Event: 2.721 GC heap before
{Heap before GC invocations=1 (full 0):
 PSYoungGen      total 38400K, used 33280K [0x00000000eab00000, 0x00000000ed580000, 0x0000000100000000)
  eden space 33280K, 100% used [0x00000000eab00000,0x00000000ecb80000,0x00000000ecb80000)
  from space 5120K, 0% used [0x00000000ed080000,0x00000000ed080000,0x00000000ed580000)
  to   space 5120K, 0% used [0x00000000ecb80000,0x00000000ecb80000,0x00000000ed080000)
 ParOldGen       total 87552K, used 0K [0x00000000c0000000, 0x00000000c5580000, 0x00000000eab00000)
  object space 87552K, 0% used [0x00000000c0000000,0x00000000c0000000,0x00000000c5580000)
 Metaspace       used 5963K, capacity 6898K, committed 7040K, reserved 1056768K
  class space    used 599K, capacity 618K, committed 640K, reserved 1048576K
Event: 2.863 GC heap after
Heap after GC invocations=1 (full 0):
 PSYoungGen      total 38400K, used 5098K [0x00000000eab00000, 0x00000000ed580000, 0x0000000100000000)
  eden space 33280K, 0% used [0x00000000eab00000,0x00000000eab00000,0x00000000ecb80000)
  from space 5120K, 99% used [0x00000000ecb80000,0x00000000ed07a910,0x00000000ed080000)
  to   space 5120K, 0% used [0x00000000ed080000,0x00000000ed080000,0x00000000ed580000)
 ParOldGen       total 87552K, used 1624K [0x00000000c0000000, 0x00000000c5580000, 0x00000000eab00000)
  object space 87552K, 1% used [0x00000000c0000000,0x00000000c0196000,0x00000000c5580000)
 Metaspace       used 5963K, capacity 6898K, committed 7040K, reserved 1056768K
  class space    used 599K, capacity 618K, committed 640K, reserved 1048576K
}

Deoptimization events (10 events):
Event: 2.882 Thread 0x0000000016bcd000 Uncommon trap: reason=null_check action=make_not_entrant pc=0x0000000002dcb168 method=com.android.dx.rop.type.Type.equals(Ljava/lang/Object;)Z @ 8
Event: 2.981 Thread 0x0000000016c31800 Uncommon trap: reason=unstable_if action=reinterpret pc=0x0000000002f4a08c method=com.android.dx.cf.code.BytecodeArray.parseInstruction(ILcom/android/dx/cf/code/BytecodeArray$Visitor;)I @ 1198
Event: 3.559 Thread 0x0000000016b09800 Uncommon trap: reason=bimorphic action=maybe_recompile pc=0x0000000002ed7714 method=java.util.HashMap.putVal(ILjava/lang/Object;Ljava/lang/Object;ZZ)Ljava/lang/Object; @ 203
Event: 3.562 Thread 0x0000000016b09800 Uncommon trap: reason=bimorphic action=maybe_recompile pc=0x0000000002ed7714 method=java.util.HashMap.putVal(ILjava/lang/Object;Ljava/lang/Object;ZZ)Ljava/lang/Object; @ 203
Event: 3.697 Thread 0x0000000016b09800 Uncommon trap: reason=unstable_if action=reinterpret pc=0x0000000002ed76c8 method=java.util.HashMap.putVal(ILjava/lang/Object;Ljava/lang/Object;ZZ)Ljava/lang/Object; @ 94
Event: 3.717 Thread 0x0000000016c31800 Uncommon trap: reason=unstable_if action=reinterpret pc=0x0000000003000f9c method=com.android.dx.rop.code.LocalVariableInfo.mergeStarts(ILcom/android/dx/rop/code/RegisterSpecSet;)Z @ 31
Event: 3.718 Thread 0x0000000016c31800 Uncommon trap: reason=unstable_if action=reinterpret pc=0x0000000002d83b4c method=java.util.HashMap.putVal(ILjava/lang/Object;Ljava/lang/Object;ZZ)Ljava/lang/Object; @ 162
Event: 3.720 Thread 0x0000000016c31800 Uncommon trap: reason=unstable_if action=reinterpret pc=0x0000000002e22f50 method=java.util.HashMap.getNode(ILjava/lang/Object;)Ljava/util/HashMap$Node; @ 84
Event: 3.721 Thread 0x0000000016c31800 Uncommon trap: reason=unstable_if action=reinterpret pc=0x0000000002ed98d0 method=java.util.HashMap.getNode(ILjava/lang/Object;)Ljava/util/HashMap$Node; @ 84
Event: 4.448 Thread 0x0000000016c31800 Uncommon trap: reason=unstable_if action=reinterpret pc=0x000000000304ea44 method=com.android.dx.ssa.LiteralOpUpgrader$1.visitNonMoveInsn(Lcom/android/dx/ssa/NormalSsaInsn;)V @ 176

Internal exceptions (6 events):
Event: 0.296 Thread 0x00000000029a2800 Exception <a 'java/lang/NoSuchMethodError': Method sun.misc.Unsafe.defineClass(Ljava/lang/String;[BII)Ljava/lang/Class; name or signature does not match> (0x00000000eab07cc0) thrown at [D:\re\workspace\8-2-build-windows-amd64-cygwin\jdk8u92\6642\hotspot\srü#ßóÒ?
Event: 0.296 Thread 0x00000000029a2800 Exception <a 'java/lang/NoSuchMethodError': Method sun.misc.Unsafe.prefetchRead(Ljava/lang/Object;J)V name or signature does not match> (0x00000000eab07fa8) thrown at [D:\re\workspace\8-2-build-windows-amd64-cygwin\jdk8u92\6642\hotspot\src\share\vm\prims\jç£k²•@
Event: 2.882 Thread 0x0000000016bcd000 Implicit null exception at 0x0000000002dcb062 to 0x0000000002dcb15a
Event: 3.719 Thread 0x0000000016c31800 Exception <a 'java/lang/ArrayIndexOutOfBoundsException': 18> (0x00000000ebcd6ee8) thrown at [D:\re\workspace\8-2-build-windows-amd64-cygwin\jdk8u92\6642\hotspot\src\share\vm\interpreter\interpreterRuntime.cpp, line 366]
Event: 3.719 Thread 0x0000000016c31800 Exception <a 'java/lang/ArrayIndexOutOfBoundsException'> (0x00000000ebcd8a68) thrown at [D:\re\workspace\8-2-build-windows-amd64-cygwin\jdk8u92\6642\hotspot\src\share\vm\runtime\sharedRuntime.cpp, line 605]
Event: 3.719 Thread 0x0000000016c31800 Exception <a 'java/lang/ArrayIndexOutOfBoundsException'> (0x00000000ebcd9d50) thrown at [D:\re\workspace\8-2-build-windows-amd64-cygwin\jdk8u92\6642\hotspot\src\share\vm\runtime\sharedRuntime.cpp, line 605]

Events (10 events):
Event: 4.449 Thread 0x0000000016c31800 DEOPT UNPACKING pc=0x0000000002ae582a sp=0x00000000175aed50 mode 2
Event: 4.512 Thread 0x0000000016c31800 DEOPT PACKING pc=0x0000000002d0e579 sp=0x00000000175aee60
Event: 4.512 Thread 0x0000000016c31800 DEOPT UNPACKING pc=0x0000000002ae787f sp=0x00000000175aeb90 mode 0
Event: 4.517 loading class java/util/HashMap$KeySet
Event: 4.518 loading class java/util/HashMap$KeySet done
Event: 4.518 loading class java/util/HashMap$KeyIterator
Event: 4.518 loading class java/util/HashMap$KeyIterator done
Event: 4.520 Thread 0x0000000016c31800 Thread exited: 0x0000000016c31800
Event: 4.520 Thread 0x0000000016c2d800 Thread exited: 0x0000000016c2d800
Event: 4.526 Thread 0x0000000016b09800 Thread exited: 0x0000000016b09800


Dynamic libraries:
0x00007ff61f2f0000 - 0x00007ff61f327000 	C:\Program Files\Java\jdk1.8.0_92\bin\java.exe
0x00007ffa9ddd0000 - 0x00007ffa9df7a000 	C:\Windows\SYSTEM32\ntdll.dll
0x00007ffa9d870000 - 0x00007ffa9d9aa000 	C:\Windows\system32\KERNEL32.DLL
0x00007ffa9b260000 - 0x00007ffa9b36f000 	C:\Windows\system32\KERNELBASE.dll
0x00007ffa99d70000 - 0x00007ffa99df8000 	C:\Windows\system32\apphelp.dll
0x00007ffa72e10000 - 0x00007ffa72e5f000 	C:\Windows\AppPatch\AppPatch64\AcGenral.DLL
0x00007ffa9d250000 - 0x00007ffa9d2f7000 	C:\Windows\system32\msvcrt.dll
0x00007ffa9af80000 - 0x00007ffa9afab000 	C:\Windows\SYSTEM32\SspiCli.dll
0x00007ffa9d520000 - 0x00007ffa9d571000 	C:\Windows\system32\SHLWAPI.dll
0x00007ffa9d300000 - 0x00007ffa9d471000 	C:\Windows\system32\USER32.dll
0x00007ffa9d9b0000 - 0x00007ffa9db28000 	C:\Windows\system32\ole32.dll
0x00007ffa9bc30000 - 0x00007ffa9d047000 	C:\Windows\system32\SHELL32.dll
0x00007ffa9a7b0000 - 0x00007ffa9a7ce000 	C:\Windows\SYSTEM32\USERENV.dll
0x00007ffa9d5c0000 - 0x00007ffa9d665000 	C:\Windows\system32\ADVAPI32.dll
0x00007ffa96070000 - 0x00007ffa9608b000 	C:\Windows\SYSTEM32\MPR.dll
0x00007ffa9db40000 - 0x00007ffa9dc76000 	C:\Windows\system32\RPCRT4.dll
0x00007ffa9d1f0000 - 0x00007ffa9d247000 	C:\Windows\SYSTEM32\sechost.dll
0x00007ffa9b660000 - 0x00007ffa9b836000 	C:\Windows\SYSTEM32\combase.dll
0x00007ffa9dc80000 - 0x00007ffa9ddc5000 	C:\Windows\system32\GDI32.dll
0x00007ffa9b140000 - 0x00007ffa9b154000 	C:\Windows\SYSTEM32\profapi.dll
0x00007ffa997a0000 - 0x00007ffa9983f000 	C:\Windows\SYSTEM32\SHCORE.dll
0x00007ffa9d580000 - 0x00007ffa9d5b4000 	C:\Windows\system32\IMM32.DLL
0x00007ffa9d670000 - 0x00007ffa9d7a9000 	C:\Windows\system32\MSCTF.dll
0x00007ffa98e90000 - 0x00007ffa990ea000 	C:\Windows\WinSxS\amd64_microsoft.windows.common-controls_6595b64144ccf1df_6.0.9600.17031_none_6242a4b3ecbb55a1\COMCTL32.dll
0x0000000059ad0000 - 0x0000000059ba2000 	C:\Program Files\Java\jdk1.8.0_92\jre\bin\msvcr100.dll
0x000000005a380000 - 0x000000005ac16000 	C:\Program Files\Java\jdk1.8.0_92\jre\bin\server\jvm.dll
0x00007ffa8e650000 - 0x00007ffa8e659000 	C:\Windows\SYSTEM32\WSOCK32.dll
0x00007ffa8aa90000 - 0x00007ffa8aaaf000 	C:\Windows\SYSTEM32\WINMM.dll
0x00007ffa98e50000 - 0x00007ffa98e5a000 	C:\Windows\SYSTEM32\VERSION.dll
0x00007ffa9b650000 - 0x00007ffa9b657000 	C:\Windows\system32\PSAPI.DLL
0x00007ffa9d060000 - 0x00007ffa9d0b8000 	C:\Windows\system32\WS2_32.dll
0x00007ffa8aa60000 - 0x00007ffa8aa8a000 	C:\Windows\SYSTEM32\WINMMBASE.dll
0x00007ffa9bc20000 - 0x00007ffa9bc29000 	C:\Windows\system32\NSI.dll
0x00007ffa9b600000 - 0x00007ffa9b64a000 	C:\Windows\SYSTEM32\cfgmgr32.dll
0x00007ffa99fc0000 - 0x00007ffa99fe6000 	C:\Windows\SYSTEM32\DEVOBJ.dll
0x000000005a370000 - 0x000000005a37f000 	C:\Program Files\Java\jdk1.8.0_92\jre\bin\verify.dll
0x000000005a340000 - 0x000000005a369000 	C:\Program Files\Java\jdk1.8.0_92\jre\bin\java.dll
0x000000005a320000 - 0x000000005a336000 	C:\Program Files\Java\jdk1.8.0_92\jre\bin\zip.dll

VM Arguments:
jvm_args: -Djava.awt.headless=true -Xmx1024M -Dfile.encoding=windows-1252 -Duser.country=US -Duser.language=en -Duser.variant 
java_command: com.android.dx.command.Main --dex --force-jumbo --num-threads=4 --multi-dex --output C:\Zooket\app\build\intermediates\transforms\dex\debug\folders\1000\10\okio-1.11.0_3a08f2e846b4841e2f4e19ac9ba7749753cfb1c1 C:\Users\Smo\.gradle\caches\modules-2\files-2.1\com.squareup.okio\okio\1.11.0\840897fcd7223a8143f1d9b6f69714e7be34fd50\okio-1.11.0.jar
java_class_path (initial): C:\android-sdk-windows\build-tools\24.0.3\lib\dx.jar
Launcher Type: SUN_STANDARD

Environment Variables:
PATH=C:\ProgramData\Oracle\Java\javapath;C:\Windows\system32;C:\Windows;C:\Windows\System32\Wbem;C:\Windows\System32\WindowsPowerShell\v1.0\;C:\Program Files (x86)\NVIDIA Corporation\PhysX\Common;C:\Program Files (x86)\Windows Kits\8.1\Windows Performance Toolkit\;C:\Program Files\Microsoft SQL Server\110\Tools\Binn\;C:\Program Files\Microsoft SQL Server\110\DTS\Binn\;C:\Program Files (x86)\Microsoft SQL Server\110\Tools\Binn\;C:\Program Files (x86)\Microsoft SQL Server\110\Tools\Binn\ManagementStudio\;C:\Program Files (x86)\Microsoft Visual Studio 10.0\Common7\IDE\PrivateAssemblies\;C:\Program Files (x86)\Microsoft SQL Server\110\DTS\Binn\;C:\Program Files (x86)\GtkSharp\2.12\bin;C:\Program Files (x86)\QuickTime\QTSystem\
USERNAME=Smo
OS=Windows_NT
PROCESSOR_IDENTIFIER=Intel64 Family 6 Model 94 Stepping 3, GenuineIntel



---------------  S Y S T E M  ---------------

OS: Windows 8.1 , 64 bit Build 9600 (6.3.9600.17056)

CPU:total 4 (4 cores per cpu, 1 threads per core) family 6 model 94 stepping 3, cmov, cx8, fxsr, mmx, sse, sse2, sse3, ssse3, sse4.1, sse4.2, popcnt, avx, avx2, aes, clmul, erms, 3dnowpref, lzcnt, tsc, tscinvbit, bmi1, bmi2, adx

Memory: 4k page, physical 8266404k(915856k free), swap 8266404k(6516k free)

vm_info: Java HotSpot(TM) 64-Bit Server VM (25.92-b14) for windows-amd64 JRE (1.8.0_92-b14), built on Mar 31 2016 21:03:04 by "java_re" with MS VC++ 10.0 (VS2010)

time: Sat May 13 20:04:53 2017
elapsed time: 4 seconds (0d 0h 0m 4s)

