#
# There is insufficient memory for the Java Runtime Environment to continue.
# Native memory allocation (malloc) failed to allocate 1127408 bytes for Chunk::new
# Possible reasons:
#   The system is out of physical RAM or swap space
#   In 32 bit mode, the process size limit was hit
# Possible solutions:
#   Reduce memory load on the system
#   Increase physical memory or swap space
#   Check if swap backing store is full
#   Use 64 bit Java on a 64 bit OS
#   Decrease Java heap size (-Xmx/-Xms)
#   Decrease number of Java threads
#   Decrease Java thread stack sizes (-Xss)
#   Set larger code cache with -XX:ReservedCodeCacheSize=
# This output file may be truncated or incomplete.
#
#  Out of Memory Error (allocation.cpp:390), pid=4796, tid=0x000000000000108c
#
# JRE version: Java(TM) SE Runtime Environment (8.0_92-b14) (build 1.8.0_92-b14)
# Java VM: Java HotSpot(TM) 64-Bit Server VM (25.92-b14 mixed mode windows-amd64 compressed oops)
# Failed to write core dump. Minidumps are not enabled by default on client versions of Windows
#

---------------  T H R E A D  ---------------

Current thread (0x0000000014ad7000):  JavaThread "C2 CompilerThread1" daemon [_thread_in_native, id=4236, stack(0x00000000161c0000,0x00000000162c0000)]

Stack: [0x00000000161c0000,0x00000000162c0000]
[error occurred during error reporting (printing stack bounds), id 0xc0000005]

Native frames: (J=compiled Java code, j=interpreted, Vv=VM code, C=native code)


Current CompileTask:
C2:   5538 1963   !   4       com.android.dx.cf.code.BytecodeArray::parseInstruction (2764 bytes)


---------------  P R O C E S S  ---------------

Java Threads: ( => current thread )
  0x00000000162c6800 JavaThread "Service Thread" daemon [_thread_blocked, id=5460, stack(0x00000000167c0000,0x00000000168c0000)]
  0x00000000162c1000 JavaThread "C1 CompilerThread2" daemon [_thread_blocked, id=8940, stack(0x00000000166c0000,0x00000000167c0000)]
=>0x0000000014ad7000 JavaThread "C2 CompilerThread1" daemon [_thread_in_native, id=4236, stack(0x00000000161c0000,0x00000000162c0000)]
  0x0000000014a7e000 JavaThread "C2 CompilerThread0" daemon [_thread_in_native, id=7076, stack(0x00000000160c0000,0x00000000161c0000)]
  0x0000000014a7c000 JavaThread "Attach Listener" daemon [_thread_blocked, id=816, stack(0x0000000015fc0000,0x00000000160c0000)]
  0x0000000014a7a800 JavaThread "Signal Dispatcher" daemon [_thread_blocked, id=5436, stack(0x0000000015ec0000,0x0000000015fc0000)]
  0x0000000014a6a800 JavaThread "Finalizer" daemon [_thread_blocked, id=6440, stack(0x0000000015ce0000,0x0000000015de0000)]
  0x00000000023a0800 JavaThread "Reference Handler" daemon [_thread_blocked, id=8792, stack(0x0000000015be0000,0x0000000015ce0000)]
  0x00000000022b2800 JavaThread "main" [_thread_in_vm, id=2184, stack(0x00000000021b0000,0x00000000022b0000)]

Other Threads:
  0x0000000014a48800 VMThread [stack: 0x0000000015ae0000,0x0000000015be0000] [id=4916]
  0x00000000162e1800 WatcherThread [stack: 0x00000000168c0000,0x00000000169c0000] [id=6264]

VM state:not at safepoint (normal execution)

VM Mutex/Monitor currently owned by a thread: None

Heap:
 PSYoungGen      total 71680K, used 14776K [0x00000000eab00000, 0x00000000f4c00000, 0x0000000100000000)
  eden space 66560K, 14% used [0x00000000eab00000,0x00000000eb471b30,0x00000000eec00000)
  from space 5120K, 99% used [0x00000000eec00000,0x00000000ef0fc888,0x00000000ef100000)
  to   space 15872K, 0% used [0x00000000f3c80000,0x00000000f3c80000,0x00000000f4c00000)
 ParOldGen       total 87552K, used 25261K [0x00000000c0000000, 0x00000000c5580000, 0x00000000eab00000)
  object space 87552K, 28% used [0x00000000c0000000,0x00000000c18ab4a0,0x00000000c5580000)
 Metaspace       used 6487K, capacity 7192K, committed 7424K, reserved 1056768K
  class space    used 627K, capacity 656K, committed 768K, reserved 1048576K

Card table byte_map: [0x0000000011770000,0x0000000011980000] byte_map_base: 0x0000000011170000

Marking Bits: (ParMarkBitMap*) 0x00000000582664f0
 Begin Bits: [0x0000000011ee0000, 0x0000000012ee0000)
 End Bits:   [0x0000000012ee0000, 0x0000000013ee0000)

Polling page: 0x0000000002060000

CodeCache: size=245760Kb used=8404Kb max_used=8404Kb free=237355Kb
 bounds [0x00000000023b0000, 0x0000000002bf0000, 0x00000000113b0000]
 total_blobs=2227 nmethods=1957 adapters=182
 compilation: enabled

Compilation events (10 events):
Event: 5.236 Thread 0x00000000162c1000 2028 %     3       com.android.dx.dex.code.StdCatchBuilder::hasAnyCatches @ 15 (57 bytes)
Event: 5.236 Thread 0x00000000162c1000 nmethod 2028% 0x0000000002be38d0 code [0x0000000002be3ac0, 0x0000000002be4838]
Event: 5.236 Thread 0x00000000162c1000 2029       3       com.android.dx.dex.code.StdCatchBuilder::hasAnyCatches (57 bytes)
Event: 5.237 Thread 0x00000000162c1000 nmethod 2029 0x0000000002be4dd0 code [0x0000000002be4fc0, 0x0000000002be5cf8]
Event: 5.265 Thread 0x00000000162c1000 2030 %     3       com.android.dx.dex.file.CodeItem::addContents @ 142 (174 bytes)
Event: 5.266 Thread 0x00000000162c1000 nmethod 2030% 0x0000000002be6250 code [0x0000000002be6560, 0x0000000002be7f88]
Event: 5.266 Thread 0x00000000162c1000 2031       3       com.android.dx.dex.file.CodeItem::addContents (174 bytes)
Event: 5.267 Thread 0x00000000162c1000 nmethod 2031 0x0000000002be8a90 code [0x0000000002be8da0, 0x0000000002bea748]
Event: 5.269 Thread 0x00000000162c1000 2032       2       com.android.dx.dex.file.AnnotationItem::hashCode (8 bytes)
Event: 5.269 Thread 0x00000000162c1000 nmethod 2032 0x0000000002beb210 code [0x0000000002beb380, 0x0000000002beb4e8]

GC Heap History (10 events):
Event: 1.348 GC heap before
{Heap before GC invocations=1 (full 0):
 PSYoungGen      total 38400K, used 33280K [0x00000000eab00000, 0x00000000ed580000, 0x0000000100000000)
  eden space 33280K, 100% used [0x00000000eab00000,0x00000000ecb80000,0x00000000ecb80000)
  from space 5120K, 0% used [0x00000000ed080000,0x00000000ed080000,0x00000000ed580000)
  to   space 5120K, 0% used [0x00000000ecb80000,0x00000000ecb80000,0x00000000ed080000)
 ParOldGen       total 87552K, used 0K [0x00000000c0000000, 0x00000000c5580000, 0x00000000eab00000)
  object space 87552K, 0% used [0x00000000c0000000,0x00000000c0000000,0x00000000c5580000)
 Metaspace       used 5952K, capacity 6898K, committed 7040K, reserved 1056768K
  class space    used 599K, capacity 618K, committed 640K, reserved 1048576K
Event: 1.766 GC heap after
Heap after GC invocations=1 (full 0):
 PSYoungGen      total 38400K, used 5114K [0x00000000eab00000, 0x00000000ed580000, 0x0000000100000000)
  eden space 33280K, 0% used [0x00000000eab00000,0x00000000eab00000,0x00000000ecb80000)
  from space 5120K, 99% used [0x00000000ecb80000,0x00000000ed07eac8,0x00000000ed080000)
  to   space 5120K, 0% used [0x00000000ed080000,0x00000000ed080000,0x00000000ed580000)
 ParOldGen       total 87552K, used 1552K [0x00000000c0000000, 0x00000000c5580000, 0x00000000eab00000)
  object space 87552K, 1% used [0x00000000c0000000,0x00000000c0184220,0x00000000c5580000)
 Metaspace       used 5952K, capacity 6898K, committed 7040K, reserved 1056768K
  class space    used 599K, capacity 618K, committed 640K, reserved 1048576K
}
Event: 2.183 GC heap before
{Heap before GC invocations=2 (full 0):
 PSYoungGen      total 38400K, used 38394K [0x00000000eab00000, 0x00000000ed580000, 0x0000000100000000)
  eden space 33280K, 100% used [0x00000000eab00000,0x00000000ecb80000,0x00000000ecb80000)
  from space 5120K, 99% used [0x00000000ecb80000,0x00000000ed07eac8,0x00000000ed080000)
  to   space 5120K, 0% used [0x00000000ed080000,0x00000000ed080000,0x00000000ed580000)
 ParOldGen       total 87552K, used 1552K [0x00000000c0000000, 0x00000000c5580000, 0x00000000eab00000)
  object space 87552K, 1% used [0x00000000c0000000,0x00000000c0184220,0x00000000c5580000)
 Metaspace       used 6177K, capacity 7090K, committed 7296K, reserved 1056768K
  class space    used 600K, capacity 618K, committed 640K, reserved 1048576K
Event: 2.433 GC heap after
Heap after GC invocations=2 (full 0):
 PSYoungGen      total 38400K, used 5107K [0x00000000eab00000, 0x00000000ed580000, 0x0000000100000000)
  eden space 33280K, 0% used [0x00000000eab00000,0x00000000eab00000,0x00000000ecb80000)
  from space 5120K, 99% used [0x00000000ed080000,0x00000000ed57ce58,0x00000000ed580000)
  to   space 5120K, 0% used [0x00000000ecb80000,0x00000000ecb80000,0x00000000ed080000)
 ParOldGen       total 87552K, used 5322K [0x00000000c0000000, 0x00000000c5580000, 0x00000000eab00000)
  object space 87552K, 6% used [0x00000000c0000000,0x00000000c0532818,0x00000000c5580000)
 Metaspace       used 6177K, capacity 7090K, committed 7296K, reserved 1056768K
  class space    used 600K, capacity 618K, committed 640K, reserved 1048576K
}
Event: 3.086 GC heap before
{Heap before GC invocations=3 (full 0):
 PSYoungGen      total 38400K, used 38387K [0x00000000eab00000, 0x00000000ed580000, 0x0000000100000000)
  eden space 33280K, 100% used [0x00000000eab00000,0x00000000ecb80000,0x00000000ecb80000)
  from space 5120K, 99% used [0x00000000ed080000,0x00000000ed57ce58,0x00000000ed580000)
  to   space 5120K, 0% used [0x00000000ecb80000,0x00000000ecb80000,0x00000000ed080000)
 ParOldGen       total 87552K, used 5322K [0x00000000c0000000, 0x00000000c5580000, 0x00000000eab00000)
  object space 87552K, 6% used [0x00000000c0000000,0x00000000c0532818,0x00000000c5580000)
 Metaspace       used 6317K, capacity 7128K, committed 7424K, reserved 1056768K
  class space    used 621K, capacity 656K, committed 768K, reserved 1048576K
Event: 3.330 GC heap after
Heap after GC invocations=3 (full 0):
 PSYoungGen      total 38400K, used 5106K [0x00000000eab00000, 0x00000000ef600000, 0x0000000100000000)
  eden space 33280K, 0% used [0x00000000eab00000,0x00000000eab00000,0x00000000ecb80000)
  from space 5120K, 99% used [0x00000000ecb80000,0x00000000ed07c848,0x00000000ed080000)
  to   space 5120K, 0% used [0x00000000ef100000,0x00000000ef100000,0x00000000ef600000)
 ParOldGen       total 87552K, used 10403K [0x00000000c0000000, 0x00000000c5580000, 0x00000000eab00000)
  object space 87552K, 11% used [0x00000000c0000000,0x00000000c0a28f50,0x00000000c5580000)
 Metaspace       used 6317K, capacity 7128K, committed 7424K, reserved 1056768K
  class space    used 621K, capacity 656K, committed 768K, reserved 1048576K
}
Event: 4.074 GC heap before
{Heap before GC invocations=4 (full 0):
 PSYoungGen      total 38400K, used 38386K [0x00000000eab00000, 0x00000000ef600000, 0x0000000100000000)
  eden space 33280K, 100% used [0x00000000eab00000,0x00000000ecb80000,0x00000000ecb80000)
  from space 5120K, 99% used [0x00000000ecb80000,0x00000000ed07c848,0x00000000ed080000)
  to   space 5120K, 0% used [0x00000000ef100000,0x00000000ef100000,0x00000000ef600000)
 ParOldGen       total 87552K, used 10403K [0x00000000c0000000, 0x00000000c5580000, 0x00000000eab00000)
  object space 87552K, 11% used [0x00000000c0000000,0x00000000c0a28f50,0x00000000c5580000)
 Metaspace       used 6349K, capacity 7128K, committed 7424K, reserved 1056768K
  class space    used 621K, capacity 656K, committed 768K, reserved 1048576K
Event: 4.365 GC heap after
Heap after GC invocations=4 (full 0):
 PSYoungGen      total 71680K, used 5098K [0x00000000eab00000, 0x00000000ef600000, 0x0000000100000000)
  eden space 66560K, 0% used [0x00000000eab00000,0x00000000eab00000,0x00000000eec00000)
  from space 5120K, 99% used [0x00000000ef100000,0x00000000ef5fabd8,0x00000000ef600000)
  to   space 5120K, 0% used [0x00000000eec00000,0x00000000eec00000,0x00000000ef100000)
 ParOldGen       total 87552K, used 15186K [0x00000000c0000000, 0x00000000c5580000, 0x00000000eab00000)
  object space 87552K, 17% used [0x00000000c0000000,0x00000000c0ed4990,0x00000000c5580000)
 Metaspace       used 6349K, capacity 7128K, committed 7424K, reserved 1056768K
  class space    used 621K, capacity 656K, committed 768K, reserved 1048576K
}
Event: 4.938 GC heap before
{Heap before GC invocations=5 (full 0):
 PSYoungGen      total 71680K, used 71658K [0x00000000eab00000, 0x00000000ef600000, 0x0000000100000000)
  eden space 66560K, 100% used [0x00000000eab00000,0x00000000eec00000,0x00000000eec00000)
  from space 5120K, 99% used [0x00000000ef100000,0x00000000ef5fabd8,0x00000000ef600000)
  to   space 5120K, 0% used [0x00000000eec00000,0x00000000eec00000,0x00000000ef100000)
 ParOldGen       total 87552K, used 15186K [0x00000000c0000000, 0x00000000c5580000, 0x00000000eab00000)
  object space 87552K, 17% used [0x00000000c0000000,0x00000000c0ed4990,0x00000000c5580000)
 Metaspace       used 6400K, capacity 7192K, committed 7424K, reserved 1056768K
  class space    used 621K, capacity 656K, committed 768K, reserved 1048576K
Event: 5.065 GC heap after
Heap after GC invocations=5 (full 0):
 PSYoungGen      total 71680K, used 5106K [0x00000000eab00000, 0x00000000f4c00000, 0x0000000100000000)
  eden space 66560K, 0% used [0x00000000eab00000,0x00000000eab00000,0x00000000eec00000)
  from space 5120K, 99% used [0x00000000eec00000,0x00000000ef0fc888,0x00000000ef100000)
  to   space 15872K, 0% used [0x00000000f3c80000,0x00000000f3c80000,0x00000000f4c00000)
 ParOldGen       total 87552K, used 25261K [0x00000000c0000000, 0x00000000c5580000, 0x00000000eab00000)
  object space 87552K, 28% used [0x00000000c0000000,0x00000000c18ab4a0,0x00000000c5580000)
 Metaspace       used 6400K, capacity 7192K, committed 7424K, reserved 1056768K
  class space    used 621K, capacity 656K, committed 768K, reserved 1048576K
}

Deoptimization events (10 events):
Event: 4.620 Thread 0x000000001650d800 Uncommon trap: reason=class_check action=maybe_recompile pc=0x0000000002b19158 method=com.android.dx.cf.code.BaseMachine.addResult(Lcom/android/dx/rop/type/TypeBearer;)V @ 23
Event: 4.624 Thread 0x000000001650d800 Uncommon trap: reason=unstable_if action=reinterpret pc=0x0000000002998df8 method=com.android.dx.ssa.SCCP.simulateBranch(Lcom/android/dx/ssa/SsaInsn;)V @ 548
Event: 4.662 Thread 0x0000000016553000 Uncommon trap: reason=unstable_if action=reinterpret pc=0x00000000029a7c90 method=java.util.HashMap.resize()[Ljava/util/HashMap$Node; @ 206
Event: 5.178 Thread 0x000000001650d800 Uncommon trap: reason=bimorphic action=maybe_recompile pc=0x0000000002bad030 method=com.android.dx.cf.code.BytecodeArray.parseInstruction(ILcom/android/dx/cf/code/BytecodeArray$Visitor;)I @ 2135
Event: 5.178 Thread 0x000000001650d800 Uncommon trap: reason=bimorphic action=maybe_recompile pc=0x0000000002bad030 method=com.android.dx.cf.code.BytecodeArray.parseInstruction(ILcom/android/dx/cf/code/BytecodeArray$Visitor;)I @ 2135
Event: 5.199 Thread 0x00000000022b2800 Uncommon trap: reason=class_check action=maybe_recompile pc=0x00000000027c9388 method=java.util.Arrays.hashCode([Ljava/lang/Object;)I @ 43
Event: 5.199 Thread 0x00000000022b2800 Uncommon trap: reason=class_check action=maybe_recompile pc=0x00000000027c9388 method=java.util.Arrays.hashCode([Ljava/lang/Object;)I @ 43
Event: 5.199 Thread 0x00000000022b2800 Uncommon trap: reason=class_check action=maybe_recompile pc=0x00000000027c9388 method=java.util.Arrays.hashCode([Ljava/lang/Object;)I @ 43
Event: 5.199 Thread 0x00000000022b2800 Uncommon trap: reason=class_check action=maybe_recompile pc=0x00000000027c9388 method=java.util.Arrays.hashCode([Ljava/lang/Object;)I @ 43
Event: 5.200 Thread 0x00000000022b2800 Uncommon trap: reason=class_check action=maybe_recompile pc=0x00000000027d4db4 method=java.util.Arrays.hashCode([Ljava/lang/Object;)I @ 43

Internal exceptions (7 events):
Event: 0.037 Thread 0x00000000022b2800 Exception <a 'java/lang/NoSuchMethodError': Method sun.misc.Unsafe.defineClass(Ljava/lang/String;[BII)Ljava/lang/Class; name or signature does not match> (0x00000000eab07cc0) thrown at [D:\re\workspace\8-2-build-windows-amd64-cygwin\jdk8u92\6642\hotspot\srïM¹é4£?
Event: 0.038 Thread 0x00000000022b2800 Exception <a 'java/lang/NoSuchMethodError': Method sun.misc.Unsafe.prefetchRead(Ljava/lang/Object;J)V name or signature does not match> (0x00000000eab07fa8) thrown at [D:\re\workspace\8-2-build-windows-amd64-cygwin\jdk8u92\6642\hotspot\src\share\vm\prims\jãÛ÷"¦•ñ?
Event: 1.099 Thread 0x0000000016553000 Implicit null exception at 0x0000000002677c12 to 0x0000000002679471
Event: 1.099 Thread 0x0000000016553000 Implicit null exception at 0x0000000002666a95 to 0x00000000026680dd
Event: 2.814 Thread 0x0000000016553800 Exception <a 'java/lang/ArrayIndexOutOfBoundsException': 18> (0x00000000ebdaf250) thrown at [D:\re\workspace\8-2-build-windows-amd64-cygwin\jdk8u92\6642\hotspot\src\share\vm\interpreter\interpreterRuntime.cpp, line 366]
Event: 2.815 Thread 0x0000000016553800 Exception <a 'java/lang/ArrayIndexOutOfBoundsException'> (0x00000000ebdb0dd0) thrown at [D:\re\workspace\8-2-build-windows-amd64-cygwin\jdk8u92\6642\hotspot\src\share\vm\runtime\sharedRuntime.cpp, line 605]
Event: 2.815 Thread 0x0000000016553800 Exception <a 'java/lang/ArrayIndexOutOfBoundsException'> (0x00000000ebdb20b8) thrown at [D:\re\workspace\8-2-build-windows-amd64-cygwin\jdk8u92\6642\hotspot\src\share\vm\runtime\sharedRuntime.cpp, line 605]

Events (10 events):
Event: 5.220 Thread 0x00000000022b2800 DEOPT PACKING pc=0x0000000002bd94aa sp=0x00000000022af300
Event: 5.220 Thread 0x00000000022b2800 DEOPT UNPACKING pc=0x00000000023f787f sp=0x00000000022af098 mode 0
Event: 5.222 Thread 0x00000000022b2800 DEOPT PACKING pc=0x00000000028e5482 sp=0x00000000022af340
Event: 5.222 Thread 0x00000000022b2800 DEOPT UNPACKING pc=0x00000000023f787f sp=0x00000000022af070 mode 0
Event: 5.224 Thread 0x00000000022b2800 DEOPT PACKING pc=0x0000000002bd7af5 sp=0x00000000022af2a0
Event: 5.224 Thread 0x00000000022b2800 DEOPT UNPACKING pc=0x00000000023f787f sp=0x00000000022aefe8 mode 0
Event: 5.237 Thread 0x00000000022b2800 DEOPT PACKING pc=0x0000000002bd9ec4 sp=0x00000000022af350
Event: 5.237 Thread 0x00000000022b2800 DEOPT UNPACKING pc=0x00000000023f787f sp=0x00000000022af0a0 mode 0
Event: 5.267 Thread 0x00000000022b2800 DEOPT PACKING pc=0x0000000002bdcd98 sp=0x00000000022af3e0
Event: 5.267 Thread 0x00000000022b2800 DEOPT UNPACKING pc=0x00000000023f787f sp=0x00000000022af160 mode 0


Dynamic libraries:
0x00007ff6efb20000 - 0x00007ff6efb57000 	C:\Program Files\Java\jdk1.8.0_92\bin\java.exe
0x00007ffd45f40000 - 0x00007ffd460ea000 	C:\Windows\SYSTEM32\ntdll.dll
0x00007ffd43cb0000 - 0x00007ffd43dea000 	C:\Windows\system32\KERNEL32.DLL
0x00007ffd43380000 - 0x00007ffd4348f000 	C:\Windows\system32\KERNELBASE.dll
0x00007ffd41ee0000 - 0x00007ffd41f68000 	C:\Windows\system32\apphelp.dll
0x00007ffd1ae00000 - 0x00007ffd1ae4f000 	C:\Windows\AppPatch\AppPatch64\AcGenral.DLL
0x00007ffd441d0000 - 0x00007ffd44277000 	C:\Windows\system32\msvcrt.dll
0x00007ffd430f0000 - 0x00007ffd4311b000 	C:\Windows\SYSTEM32\SspiCli.dll
0x00007ffd44280000 - 0x00007ffd442d1000 	C:\Windows\system32\SHLWAPI.dll
0x00007ffd45b50000 - 0x00007ffd45cc1000 	C:\Windows\system32\USER32.dll
0x00007ffd43a70000 - 0x00007ffd43be8000 	C:\Windows\system32\ole32.dll
0x00007ffd444e0000 - 0x00007ffd458f7000 	C:\Windows\system32\SHELL32.dll
0x00007ffd42920000 - 0x00007ffd4293e000 	C:\Windows\SYSTEM32\USERENV.dll
0x00007ffd442e0000 - 0x00007ffd44385000 	C:\Windows\system32\ADVAPI32.dll
0x00007ffd3e8c0000 - 0x00007ffd3e8db000 	C:\Windows\SYSTEM32\MPR.dll
0x00007ffd45d90000 - 0x00007ffd45ec6000 	C:\Windows\system32\RPCRT4.dll
0x00007ffd43fd0000 - 0x00007ffd44027000 	C:\Windows\SYSTEM32\sechost.dll
0x00007ffd43df0000 - 0x00007ffd43fc6000 	C:\Windows\SYSTEM32\combase.dll
0x00007ffd43900000 - 0x00007ffd43a45000 	C:\Windows\system32\GDI32.dll
0x00007ffd432b0000 - 0x00007ffd432c4000 	C:\Windows\SYSTEM32\profapi.dll
0x00007ffd41910000 - 0x00007ffd419af000 	C:\Windows\SYSTEM32\SHCORE.dll
0x00007ffd444a0000 - 0x00007ffd444d4000 	C:\Windows\system32\IMM32.DLL
0x00007ffd437c0000 - 0x00007ffd438f9000 	C:\Windows\system32\MSCTF.dll
0x00007ffd40f80000 - 0x00007ffd411da000 	C:\Windows\WinSxS\amd64_microsoft.windows.common-controls_6595b64144ccf1df_6.0.9600.17031_none_6242a4b3ecbb55a1\COMCTL32.dll
0x00000000575d0000 - 0x00000000576a2000 	C:\Program Files\Java\jdk1.8.0_92\jre\bin\msvcr100.dll
0x0000000057a50000 - 0x00000000582e6000 	C:\Program Files\Java\jdk1.8.0_92\jre\bin\server\jvm.dll
0x00007ffd30e40000 - 0x00007ffd30e49000 	C:\Windows\SYSTEM32\WSOCK32.dll
0x00007ffd393b0000 - 0x00007ffd393cf000 	C:\Windows\SYSTEM32\WINMM.dll
0x00007ffd40ee0000 - 0x00007ffd40eea000 	C:\Windows\SYSTEM32\VERSION.dll
0x00007ffd45ae0000 - 0x00007ffd45ae7000 	C:\Windows\system32\PSAPI.DLL
0x00007ffd45ee0000 - 0x00007ffd45f38000 	C:\Windows\system32\WS2_32.dll
0x00007ffd37ae0000 - 0x00007ffd37b0a000 	C:\Windows\SYSTEM32\WINMMBASE.dll
0x00007ffd45ed0000 - 0x00007ffd45ed9000 	C:\Windows\system32\NSI.dll
0x00007ffd43770000 - 0x00007ffd437ba000 	C:\Windows\SYSTEM32\cfgmgr32.dll
0x00007ffd42130000 - 0x00007ffd42156000 	C:\Windows\SYSTEM32\DEVOBJ.dll
0x0000000058f10000 - 0x0000000058f1f000 	C:\Program Files\Java\jdk1.8.0_92\jre\bin\verify.dll
0x0000000057a20000 - 0x0000000057a49000 	C:\Program Files\Java\jdk1.8.0_92\jre\bin\java.dll
0x0000000057a00000 - 0x0000000057a16000 	C:\Program Files\Java\jdk1.8.0_92\jre\bin\zip.dll

VM Arguments:
jvm_args: -Djava.awt.headless=true -Xmx1024M -Dfile.encoding=windows-1252 -Duser.country=US -Duser.language=en -Duser.variant 
java_command: com.android.dx.command.Main --dex --force-jumbo --num-threads=4 --output C:\Zooket\app\build\intermediates\pre-dexed\debug\okhttp-2.4.0_787f9e023d436507c0c01ed8a5465d0311a90b76.jar C:\Users\Smo\.gradle\caches\modules-2\files-2.1\com.squareup.okhttp\okhttp\2.4.0\40340c0748190fe897baf7bffbc1b282734294e5\okhttp-2.4.0.jar
java_class_path (initial): C:\android-sdk-windows\build-tools\24.0.3\lib\dx.jar
Launcher Type: SUN_STANDARD

Environment Variables:
PATH=C:\ProgramData\Oracle\Java\javapath;C:\Windows\system32;C:\Windows;C:\Windows\System32\Wbem;C:\Windows\System32\WindowsPowerShell\v1.0\;C:\Program Files (x86)\NVIDIA Corporation\PhysX\Common;C:\Program Files (x86)\Windows Kits\8.1\Windows Performance Toolkit\;C:\Program Files\Microsoft SQL Server\110\Tools\Binn\;C:\Program Files\Microsoft SQL Server\110\DTS\Binn\;C:\Program Files (x86)\Microsoft SQL Server\110\Tools\Binn\;C:\Program Files (x86)\Microsoft SQL Server\110\Tools\Binn\ManagementStudio\;C:\Program Files (x86)\Microsoft Visual Studio 10.0\Common7\IDE\PrivateAssemblies\;C:\Program Files (x86)\Microsoft SQL Server\110\DTS\Binn\;C:\Program Files (x86)\GtkSharp\2.12\bin;C:\Program Files (x86)\QuickTime\QTSystem\
USERNAME=Smo
OS=Windows_NT
PROCESSOR_IDENTIFIER=Intel64 Family 6 Model 94 Stepping 3, GenuineIntel



---------------  S Y S T E M  ---------------

OS: Windows 8.1 , 64 bit Build 9600 (6.3.9600.17056)

CPU:total 4 (4 cores per cpu, 1 threads per core) family 6 model 94 stepping 3, cmov, cx8, fxsr, mmx, sse, sse2, sse3, ssse3, sse4.1, sse4.2, popcnt, avx, avx2, aes, clmul, erms, 3dnowpref, lzcnt, tsc, tscinvbit, bmi1, bmi2, adx

Memory: 4k page, physical 8266404k(1343080k free), swap 8266404k(5824k free)

vm_info: Java HotSpot(TM) 64-Bit Server VM (25.92-b14) for windows-amd64 JRE (1.8.0_92-b14), built on Mar 31 2016 21:03:04 by "java_re" with MS VC++ 10.0 (VS2010)

time: Wed May 17 16:21:03 2017
elapsed time: 5 seconds (0d 0h 0m 5s)

