#
# There is insufficient memory for the Java Runtime Environment to continue.
# Native memory allocation (malloc) failed to allocate 1451088 bytes for Chunk::new
# Possible reasons:
#   The system is out of physical RAM or swap space
#   In 32 bit mode, the process size limit was hit
# Possible solutions:
#   Reduce memory load on the system
#   Increase physical memory or swap space
#   Check if swap backing store is full
#   Use 64 bit Java on a 64 bit OS
#   Decrease Java heap size (-Xmx/-Xms)
#   Decrease number of Java threads
#   Decrease Java thread stack sizes (-Xss)
#   Set larger code cache with -XX:ReservedCodeCacheSize=
# This output file may be truncated or incomplete.
#
#  Out of Memory Error (allocation.cpp:390), pid=7436, tid=0x00000000000018b0
#
# JRE version: Java(TM) SE Runtime Environment (8.0_92-b14) (build 1.8.0_92-b14)
# Java VM: Java HotSpot(TM) 64-Bit Server VM (25.92-b14 mixed mode windows-amd64 compressed oops)
# Failed to write core dump. Minidumps are not enabled by default on client versions of Windows
#

---------------  T H R E A D  ---------------

Current thread (0x0000000014aae000):  JavaThread "C2 CompilerThread0" daemon [_thread_in_native, id=6320, stack(0x00000000160e0000,0x00000000161e0000)]

Stack: [0x00000000160e0000,0x00000000161e0000]
[error occurred during error reporting (printing stack bounds), id 0xc0000005]

Native frames: (J=compiled Java code, j=interpreted, Vv=VM code, C=native code)


Current CompileTask:
C2:   1741 1584   !   4       com.android.dx.cf.cst.ConstantPoolParser::parse0 (731 bytes)


---------------  P R O C E S S  ---------------

Java Threads: ( => current thread )
  0x0000000016527800 JavaThread "pool-1-thread-4" [_thread_in_Java, id=7388, stack(0x0000000016de0000,0x0000000016ee0000)]
  0x0000000016526800 JavaThread "pool-1-thread-3" [_thread_in_vm, id=7356, stack(0x0000000016ce0000,0x0000000016de0000)]
  0x0000000016526000 JavaThread "pool-1-thread-2" [_thread_blocked, id=5772, stack(0x0000000016be0000,0x0000000016ce0000)]
  0x0000000016523000 JavaThread "pool-2-thread-1" [_thread_blocked, id=5552, stack(0x0000000016ae0000,0x0000000016be0000)]
  0x0000000016522800 JavaThread "pool-1-thread-1" [_thread_blocked, id=8076, stack(0x00000000169e0000,0x0000000016ae0000)]
  0x00000000162e6800 JavaThread "Service Thread" daemon [_thread_blocked, id=5184, stack(0x00000000167e0000,0x00000000168e0000)]
  0x00000000162e1000 JavaThread "C1 CompilerThread2" daemon [_thread_blocked, id=8016, stack(0x00000000166e0000,0x00000000167e0000)]
  0x0000000014b07000 JavaThread "C2 CompilerThread1" daemon [_thread_blocked, id=5328, stack(0x00000000161e0000,0x00000000162e0000)]
=>0x0000000014aae000 JavaThread "C2 CompilerThread0" daemon [_thread_in_native, id=6320, stack(0x00000000160e0000,0x00000000161e0000)]
  0x0000000014aac000 JavaThread "Attach Listener" daemon [_thread_blocked, id=2212, stack(0x0000000015fe0000,0x00000000160e0000)]
  0x0000000014aaa800 JavaThread "Signal Dispatcher" daemon [_thread_blocked, id=6620, stack(0x0000000015ee0000,0x0000000015fe0000)]
  0x0000000014a9a800 JavaThread "Finalizer" daemon [_thread_blocked, id=1588, stack(0x0000000015d00000,0x0000000015e00000)]
  0x0000000002320800 JavaThread "Reference Handler" daemon [_thread_blocked, id=3352, stack(0x0000000015c00000,0x0000000015d00000)]
  0x0000000002232800 JavaThread "main" [_thread_blocked, id=1116, stack(0x00000000020b0000,0x00000000021b0000)]

Other Threads:
  0x0000000014a78800 VMThread [stack: 0x0000000015b00000,0x0000000015c00000] [id=1404]
  0x00000000162f1800 WatcherThread [stack: 0x00000000168e0000,0x00000000169e0000] [id=8156]

VM state:synchronizing (normal execution)

VM Mutex/Monitor currently owned by a thread:  ([mutex/lock_event])
[0x00000000023dcbd0] Safepoint_lock - owner thread: 0x0000000014a78800
[0x00000000023dcc50] Threads_lock - owner thread: 0x0000000014a78800
[0x00000000023dcf50] Heap_lock - owner thread: 0x0000000016526800

Heap:
 PSYoungGen      total 38400K, used 38399K [0x00000000eab00000, 0x00000000ef600000, 0x0000000100000000)
  eden space 33280K, 100% used [0x00000000eab00000,0x00000000ecb80000,0x00000000ecb80000)
  from space 5120K, 99% used [0x00000000ecb80000,0x00000000ed07fe50,0x00000000ed080000)
  to   space 5120K, 0% used [0x00000000ef100000,0x00000000ef100000,0x00000000ef600000)
 ParOldGen       total 87552K, used 9772K [0x00000000c0000000, 0x00000000c5580000, 0x00000000eab00000)
  object space 87552K, 11% used [0x00000000c0000000,0x00000000c098b1d0,0x00000000c5580000)
 Metaspace       used 6325K, capacity 7154K, committed 7296K, reserved 1056768K
  class space    used 605K, capacity 618K, committed 640K, reserved 1048576K

Card table byte_map: [0x00000000117a0000,0x00000000119b0000] byte_map_base: 0x00000000111a0000

Marking Bits: (ParMarkBitMap*) 0x00000000547a64f0
 Begin Bits: [0x0000000011f10000, 0x0000000012f10000)
 End Bits:   [0x0000000012f10000, 0x0000000013f10000)

Polling page: 0x0000000000840000

CodeCache: size=245760Kb used=6992Kb max_used=6992Kb free=238767Kb
 bounds [0x00000000023e0000, 0x0000000002ac0000, 0x00000000113e0000]
 total_blobs=1995 nmethods=1724 adapters=182
 compilation: enabled

Compilation events (10 events):
Event: 1.628 Thread 0x00000000162e1000 1746   !   2       java.util.zip.Inflater::reset (69 bytes)
Event: 1.628 Thread 0x00000000162e1000 nmethod 1746 0x0000000002ab5490 code [0x0000000002ab5600, 0x0000000002ab59b8]
Event: 1.629 Thread 0x00000000162e1000 1749       2       java.util.ArrayDeque::add (7 bytes)
Event: 1.630 Thread 0x00000000162e1000 nmethod 1749 0x0000000002ab5ed0 code [0x0000000002ab6040, 0x0000000002ab61a8]
Event: 1.632 Thread 0x00000000162e1000 1750       2       java.lang.Integer::bitCount (49 bytes)
Event: 1.632 Thread 0x00000000162e1000 nmethod 1750 0x0000000002ab6250 code [0x0000000002ab63a0, 0x0000000002ab6510]
Event: 1.632 Thread 0x00000000162e1000 1751   !   2       java.util.concurrent.locks.AbstractQueuedSynchronizer::acquireQueued (93 bytes)
Event: 1.633 Thread 0x00000000162e1000 nmethod 1751 0x0000000002ab6590 code [0x0000000002ab6760, 0x0000000002ab6c98]
Event: 1.633 Thread 0x00000000162e1000 1752       2       com.android.dx.rop.code.BasicBlockList$RegCountVisitor::visitThrowingInsn (6 bytes)
Event: 1.633 Thread 0x00000000162e1000 nmethod 1752 0x0000000002ab7150 code [0x0000000002ab72c0, 0x0000000002ab7428]

GC Heap History (6 events):
Event: 0.886 GC heap before
{Heap before GC invocations=1 (full 0):
 PSYoungGen      total 38400K, used 33280K [0x00000000eab00000, 0x00000000ed580000, 0x0000000100000000)
  eden space 33280K, 100% used [0x00000000eab00000,0x00000000ecb80000,0x00000000ecb80000)
  from space 5120K, 0% used [0x00000000ed080000,0x00000000ed080000,0x00000000ed580000)
  to   space 5120K, 0% used [0x00000000ecb80000,0x00000000ecb80000,0x00000000ed080000)
 ParOldGen       total 87552K, used 0K [0x00000000c0000000, 0x00000000c5580000, 0x00000000eab00000)
  object space 87552K, 0% used [0x00000000c0000000,0x00000000c0000000,0x00000000c5580000)
 Metaspace       used 6000K, capacity 6898K, committed 7040K, reserved 1056768K
  class space    used 604K, capacity 618K, committed 640K, reserved 1048576K
Event: 0.891 GC heap after
Heap after GC invocations=1 (full 0):
 PSYoungGen      total 38400K, used 5109K [0x00000000eab00000, 0x00000000ed580000, 0x0000000100000000)
  eden space 33280K, 0% used [0x00000000eab00000,0x00000000eab00000,0x00000000ecb80000)
  from space 5120K, 99% used [0x00000000ecb80000,0x00000000ed07d528,0x00000000ed080000)
  to   space 5120K, 0% used [0x00000000ed080000,0x00000000ed080000,0x00000000ed580000)
 ParOldGen       total 87552K, used 888K [0x00000000c0000000, 0x00000000c5580000, 0x00000000eab00000)
  object space 87552K, 1% used [0x00000000c0000000,0x00000000c00de2c8,0x00000000c5580000)
 Metaspace       used 6000K, capacity 6898K, committed 7040K, reserved 1056768K
  class space    used 604K, capacity 618K, committed 640K, reserved 1048576K
}
Event: 1.102 GC heap before
{Heap before GC invocations=2 (full 0):
 PSYoungGen      total 38400K, used 38389K [0x00000000eab00000, 0x00000000ed580000, 0x0000000100000000)
  eden space 33280K, 100% used [0x00000000eab00000,0x00000000ecb80000,0x00000000ecb80000)
  from space 5120K, 99% used [0x00000000ecb80000,0x00000000ed07d528,0x00000000ed080000)
  to   space 5120K, 0% used [0x00000000ed080000,0x00000000ed080000,0x00000000ed580000)
 ParOldGen       total 87552K, used 888K [0x00000000c0000000, 0x00000000c5580000, 0x00000000eab00000)
  object space 87552K, 1% used [0x00000000c0000000,0x00000000c00de2c8,0x00000000c5580000)
 Metaspace       used 6222K, capacity 7090K, committed 7296K, reserved 1056768K
  class space    used 604K, capacity 618K, committed 640K, reserved 1048576K
Event: 1.151 GC heap after
Heap after GC invocations=2 (full 0):
 PSYoungGen      total 38400K, used 5100K [0x00000000eab00000, 0x00000000ef600000, 0x0000000100000000)
  eden space 33280K, 0% used [0x00000000eab00000,0x00000000eab00000,0x00000000ecb80000)
  from space 5120K, 99% used [0x00000000ed080000,0x00000000ed57b000,0x00000000ed580000)
  to   space 5120K, 0% used [0x00000000ecb80000,0x00000000ecb80000,0x00000000ed080000)
 ParOldGen       total 87552K, used 5460K [0x00000000c0000000, 0x00000000c5580000, 0x00000000eab00000)
  object space 87552K, 6% used [0x00000000c0000000,0x00000000c0555200,0x00000000c5580000)
 Metaspace       used 6222K, capacity 7090K, committed 7296K, reserved 1056768K
  class space    used 604K, capacity 618K, committed 640K, reserved 1048576K
}
Event: 1.422 GC heap before
{Heap before GC invocations=3 (full 0):
 PSYoungGen      total 38400K, used 38380K [0x00000000eab00000, 0x00000000ef600000, 0x0000000100000000)
  eden space 33280K, 100% used [0x00000000eab00000,0x00000000ecb80000,0x00000000ecb80000)
  from space 5120K, 99% used [0x00000000ed080000,0x00000000ed57b000,0x00000000ed580000)
  to   space 5120K, 0% used [0x00000000ecb80000,0x00000000ecb80000,0x00000000ed080000)
 ParOldGen       total 87552K, used 5460K [0x00000000c0000000, 0x00000000c5580000, 0x00000000eab00000)
  object space 87552K, 6% used [0x00000000c0000000,0x00000000c0555200,0x00000000c5580000)
 Metaspace       used 6274K, capacity 7154K, committed 7296K, reserved 1056768K
  class space    used 604K, capacity 618K, committed 640K, reserved 1048576K
Event: 1.527 GC heap after
Heap after GC invocations=3 (full 0):
 PSYoungGen      total 38400K, used 5119K [0x00000000eab00000, 0x00000000ef600000, 0x0000000100000000)
  eden space 33280K, 0% used [0x00000000eab00000,0x00000000eab00000,0x00000000ecb80000)
  from space 5120K, 99% used [0x00000000ecb80000,0x00000000ed07fe50,0x00000000ed080000)
  to   space 5120K, 0% used [0x00000000ef100000,0x00000000ef100000,0x00000000ef600000)
 ParOldGen       total 87552K, used 9772K [0x00000000c0000000, 0x00000000c5580000, 0x00000000eab00000)
  object space 87552K, 11% used [0x00000000c0000000,0x00000000c098b1d0,0x00000000c5580000)
 Metaspace       used 6274K, capacity 7154K, committed 7296K, reserved 1056768K
  class space    used 604K, capacity 618K, committed 640K, reserved 1048576K
}

Deoptimization events (10 events):
Event: 0.839 Thread 0x0000000016527800 Uncommon trap: reason=unstable_if action=reinterpret pc=0x00000000026f456c method=com.android.dx.rop.code.RegisterSpecSet.put(Lcom/android/dx/rop/code/RegisterSpec;)V @ 77
Event: 0.839 Thread 0x0000000016527800 Uncommon trap: reason=unstable_if action=reinterpret pc=0x000000000271cc64 method=com.android.dx.rop.code.RegisterSpecSet.put(Lcom/android/dx/rop/code/RegisterSpec;)V @ 77
Event: 0.965 Thread 0x0000000016522800 Uncommon trap: reason=unstable_if action=reinterpret pc=0x0000000002612c1c method=com.android.dx.rop.cst.Constant.compareTo(Lcom/android/dx/rop/cst/Constant;)I @ 12
Event: 1.162 Thread 0x0000000016526800 Uncommon trap: reason=uninitialized action=reinterpret pc=0x0000000002924da0 method=com.android.dx.cf.code.BytecodeArray.parseInstruction(ILcom/android/dx/cf/code/BytecodeArray$Visitor;)I @ 1095
Event: 1.237 Thread 0x0000000016526000 Uncommon trap: reason=bimorphic action=maybe_recompile pc=0x000000000285f174 method=java.util.HashMap.putVal(ILjava/lang/Object;Ljava/lang/Object;ZZ)Ljava/lang/Object; @ 203
Event: 1.402 Thread 0x0000000016526000 Uncommon trap: reason=unstable_if action=reinterpret pc=0x00000000029c1db0 method=com.android.dx.ssa.SCCP.simulateStmt(Lcom/android/dx/ssa/SsaInsn;)V @ 53
Event: 1.419 Thread 0x0000000016522800 Uncommon trap: reason=unstable_if action=reinterpret pc=0x00000000027b6b3c method=com.android.dx.util.IntList.binarysearch(I)I @ 105
Event: 1.553 Thread 0x0000000016527800 Uncommon trap: reason=unstable_if action=reinterpret pc=0x00000000029d28a4 method=com.android.dx.ssa.SCCP.simulateBranch(Lcom/android/dx/ssa/SsaInsn;)V @ 64
Event: 1.554 Thread 0x0000000016527800 Uncommon trap: reason=unstable_if action=reinterpret pc=0x0000000002a247b8 method=com.android.dx.ssa.LiteralOpUpgrader$1.visitNonMoveInsn(Lcom/android/dx/ssa/NormalSsaInsn;)V @ 55
Event: 1.554 Thread 0x0000000016527800 Uncommon trap: reason=unstable_if action=reinterpret pc=0x0000000002700a1c method=com.android.dx.ssa.SsaMethod.updateOneDefinition(Lcom/android/dx/ssa/SsaInsn;Lcom/android/dx/rop/code/RegisterSpec;)V @ 4

Internal exceptions (2 events):
Event: 0.197 Thread 0x0000000002232800 Exception <a 'java/lang/NoSuchMethodError': Method sun.misc.Unsafe.defineClass(Ljava/lang/String;[BII)Ljava/lang/Class; name or signature does not match> (0x00000000eab07cc0) thrown at [D:\re\workspace\8-2-build-windows-amd64-cygwin\jdk8u92\6642\hotspot\sr)=1eCÉ?
Event: 0.197 Thread 0x0000000002232800 Exception <a 'java/lang/NoSuchMethodError': Method sun.misc.Unsafe.prefetchRead(Ljava/lang/Object;J)V name or signature does not match> (0x00000000eab07fa8) thrown at [D:\re\workspace\8-2-build-windows-amd64-cygwin\jdk8u92\6642\hotspot\src\share\vm\prims\j

Events (10 events):
Event: 1.554 loading class com/android/dx/rop/code/RegOps
Event: 1.554 loading class com/android/dx/rop/code/RegOps done
Event: 1.554 Thread 0x0000000016527800 Uncommon trap: trap_request=0xffffff65 fr.pc=0x0000000002700a1c
Event: 1.554 Thread 0x0000000016527800 DEOPT PACKING pc=0x0000000002700a1c sp=0x0000000016ede870
Event: 1.554 Thread 0x0000000016527800 DEOPT UNPACKING pc=0x000000000242582a sp=0x0000000016ede818 mode 2
Event: 1.567 Thread 0x0000000016527800 DEOPT PACKING pc=0x0000000002a611a9 sp=0x0000000016edef20
Event: 1.567 Thread 0x0000000016527800 DEOPT UNPACKING pc=0x000000000242787f sp=0x0000000016eded28 mode 0
Event: 1.588 Thread 0x0000000002232800 DEOPT PACKING pc=0x0000000002a71821 sp=0x00000000021ae580
Event: 1.588 Thread 0x0000000002232800 DEOPT UNPACKING pc=0x000000000242787f sp=0x00000000021ae340 mode 0
Event: 1.635 Executing VM operation: ParallelGCFailedAllocation


Dynamic libraries:
0x00007ff6efb20000 - 0x00007ff6efb57000 	C:\Program Files\Java\jdk1.8.0_92\bin\java.exe
0x00007ffd45f40000 - 0x00007ffd460ea000 	C:\Windows\SYSTEM32\ntdll.dll
0x00007ffd43cb0000 - 0x00007ffd43dea000 	C:\Windows\system32\KERNEL32.DLL
0x00007ffd43380000 - 0x00007ffd4348f000 	C:\Windows\system32\KERNELBASE.dll
0x00007ffd41ee0000 - 0x00007ffd41f68000 	C:\Windows\system32\apphelp.dll
0x00007ffd1ae00000 - 0x00007ffd1ae4f000 	C:\Windows\AppPatch\AppPatch64\AcGenral.DLL
0x00007ffd441d0000 - 0x00007ffd44277000 	C:\Windows\system32\msvcrt.dll
0x00007ffd430f0000 - 0x00007ffd4311b000 	C:\Windows\SYSTEM32\SspiCli.dll
0x00007ffd44280000 - 0x00007ffd442d1000 	C:\Windows\system32\SHLWAPI.dll
0x00007ffd45b50000 - 0x00007ffd45cc1000 	C:\Windows\system32\USER32.dll
0x00007ffd43a70000 - 0x00007ffd43be8000 	C:\Windows\system32\ole32.dll
0x00007ffd444e0000 - 0x00007ffd458f7000 	C:\Windows\system32\SHELL32.dll
0x00007ffd42920000 - 0x00007ffd4293e000 	C:\Windows\SYSTEM32\USERENV.dll
0x00007ffd442e0000 - 0x00007ffd44385000 	C:\Windows\system32\ADVAPI32.dll
0x00007ffd3e8c0000 - 0x00007ffd3e8db000 	C:\Windows\SYSTEM32\MPR.dll
0x00007ffd45d90000 - 0x00007ffd45ec6000 	C:\Windows\system32\RPCRT4.dll
0x00007ffd43fd0000 - 0x00007ffd44027000 	C:\Windows\SYSTEM32\sechost.dll
0x00007ffd43df0000 - 0x00007ffd43fc6000 	C:\Windows\SYSTEM32\combase.dll
0x00007ffd43900000 - 0x00007ffd43a45000 	C:\Windows\system32\GDI32.dll
0x00007ffd432b0000 - 0x00007ffd432c4000 	C:\Windows\SYSTEM32\profapi.dll
0x00007ffd41910000 - 0x00007ffd419af000 	C:\Windows\SYSTEM32\SHCORE.dll
0x00007ffd444a0000 - 0x00007ffd444d4000 	C:\Windows\system32\IMM32.DLL
0x00007ffd437c0000 - 0x00007ffd438f9000 	C:\Windows\system32\MSCTF.dll
0x00007ffd40f80000 - 0x00007ffd411da000 	C:\Windows\WinSxS\amd64_microsoft.windows.common-controls_6595b64144ccf1df_6.0.9600.17031_none_6242a4b3ecbb55a1\COMCTL32.dll
0x0000000058210000 - 0x00000000582e2000 	C:\Program Files\Java\jdk1.8.0_92\jre\bin\msvcr100.dll
0x0000000053f90000 - 0x0000000054826000 	C:\Program Files\Java\jdk1.8.0_92\jre\bin\server\jvm.dll
0x00007ffd3ccd0000 - 0x00007ffd3ccd9000 	C:\Windows\SYSTEM32\WSOCK32.dll
0x00007ffd393b0000 - 0x00007ffd393cf000 	C:\Windows\SYSTEM32\WINMM.dll
0x00007ffd40ee0000 - 0x00007ffd40eea000 	C:\Windows\SYSTEM32\VERSION.dll
0x00007ffd45ae0000 - 0x00007ffd45ae7000 	C:\Windows\system32\PSAPI.DLL
0x00007ffd45ee0000 - 0x00007ffd45f38000 	C:\Windows\system32\WS2_32.dll
0x00007ffd37ae0000 - 0x00007ffd37b0a000 	C:\Windows\SYSTEM32\WINMMBASE.dll
0x00007ffd45ed0000 - 0x00007ffd45ed9000 	C:\Windows\system32\NSI.dll
0x00007ffd43770000 - 0x00007ffd437ba000 	C:\Windows\SYSTEM32\cfgmgr32.dll
0x00007ffd42130000 - 0x00007ffd42156000 	C:\Windows\SYSTEM32\DEVOBJ.dll
0x0000000053f80000 - 0x0000000053f8f000 	C:\Program Files\Java\jdk1.8.0_92\jre\bin\verify.dll
0x0000000053f50000 - 0x0000000053f79000 	C:\Program Files\Java\jdk1.8.0_92\jre\bin\java.dll
0x0000000053f30000 - 0x0000000053f46000 	C:\Program Files\Java\jdk1.8.0_92\jre\bin\zip.dll

VM Arguments:
jvm_args: -Djava.awt.headless=true -Xmx1024M -Dfile.encoding=windows-1252 -Duser.country=US -Duser.language=en -Duser.variant 
java_command: com.android.dx.command.Main --dex --force-jumbo --num-threads=4 --output C:\Zooket\app\build\intermediates\pre-dexed\debug\com.android.support-appcompat-v7-23.4.0_fda78873d11546ce0404252f8f37bf8df30f60cc.jar C:\Zooket\app\build\intermediates\exploded-aar\com.android.support\appcompat-v7\23.4.0\jars\classes.jar
java_class_path (initial): C:\android-sdk-windows\build-tools\24.0.3\lib\dx.jar
Launcher Type: SUN_STANDARD

Environment Variables:
PATH=C:\ProgramData\Oracle\Java\javapath;C:\Windows\system32;C:\Windows;C:\Windows\System32\Wbem;C:\Windows\System32\WindowsPowerShell\v1.0\;C:\Program Files (x86)\NVIDIA Corporation\PhysX\Common;C:\Program Files (x86)\Windows Kits\8.1\Windows Performance Toolkit\;C:\Program Files\Microsoft SQL Server\110\Tools\Binn\;C:\Program Files\Microsoft SQL Server\110\DTS\Binn\;C:\Program Files (x86)\Microsoft SQL Server\110\Tools\Binn\;C:\Program Files (x86)\Microsoft SQL Server\110\Tools\Binn\ManagementStudio\;C:\Program Files (x86)\Microsoft Visual Studio 10.0\Common7\IDE\PrivateAssemblies\;C:\Program Files (x86)\Microsoft SQL Server\110\DTS\Binn\;C:\Program Files (x86)\GtkSharp\2.12\bin;C:\Program Files (x86)\QuickTime\QTSystem\
USERNAME=Smo
OS=Windows_NT
PROCESSOR_IDENTIFIER=Intel64 Family 6 Model 94 Stepping 3, GenuineIntel



---------------  S Y S T E M  ---------------

OS: Windows 8.1 , 64 bit Build 9600 (6.3.9600.17056)

CPU:total 4 (4 cores per cpu, 1 threads per core) family 6 model 94 stepping 3, cmov, cx8, fxsr, mmx, sse, sse2, sse3, ssse3, sse4.1, sse4.2, popcnt, avx, avx2, aes, clmul, erms, 3dnowpref, lzcnt, tsc, tscinvbit, bmi1, bmi2, adx

Memory: 4k page, physical 8266404k(1172728k free), swap 8266404k(5196k free)

vm_info: Java HotSpot(TM) 64-Bit Server VM (25.92-b14) for windows-amd64 JRE (1.8.0_92-b14), built on Mar 31 2016 21:03:04 by "java_re" with MS VC++ 10.0 (VS2010)

time: Wed May 17 08:50:21 2017
elapsed time: 1 seconds (0d 0h 0m 1s)

