#
# There is insufficient memory for the Java Runtime Environment to continue.
# Native memory allocation (malloc) failed to allocate 1275856 bytes for Chunk::new
# Possible reasons:
#   The system is out of physical RAM or swap space
#   In 32 bit mode, the process size limit was hit
# Possible solutions:
#   Reduce memory load on the system
#   Increase physical memory or swap space
#   Check if swap backing store is full
#   Use 64 bit Java on a 64 bit OS
#   Decrease Java heap size (-Xmx/-Xms)
#   Decrease number of Java threads
#   Decrease Java thread stack sizes (-Xss)
#   Set larger code cache with -XX:ReservedCodeCacheSize=
# This output file may be truncated or incomplete.
#
#  Out of Memory Error (allocation.cpp:390), pid=444, tid=0x0000000000000dbc
#
# JRE version: Java(TM) SE Runtime Environment (8.0_92-b14) (build 1.8.0_92-b14)
# Java VM: Java HotSpot(TM) 64-Bit Server VM (25.92-b14 mixed mode windows-amd64 compressed oops)
# Failed to write core dump. Minidumps are not enabled by default on client versions of Windows
#

---------------  T H R E A D  ---------------

Current thread (0x00000000150a7800):  JavaThread "C2 CompilerThread1" daemon [_thread_in_native, id=3516, stack(0x0000000016780000,0x0000000016880000)]

Stack: [0x0000000016780000,0x0000000016880000]
[error occurred during error reporting (printing stack bounds), id 0xc0000005]

Native frames: (J=compiled Java code, j=interpreted, Vv=VM code, C=native code)


Current CompileTask:
C2:   3438 1843   !   4       com.android.dx.cf.code.RopperMachine::run (1550 bytes)


---------------  P R O C E S S  ---------------

Java Threads: ( => current thread )
  0x0000000016886800 JavaThread "Service Thread" daemon [_thread_blocked, id=2884, stack(0x0000000016d80000,0x0000000016e80000)]
  0x0000000016881000 JavaThread "C1 CompilerThread2" daemon [_thread_blocked, id=6668, stack(0x0000000016c80000,0x0000000016d80000)]
=>0x00000000150a7800 JavaThread "C2 CompilerThread1" daemon [_thread_in_native, id=3516, stack(0x0000000016780000,0x0000000016880000)]
  0x000000001504e000 JavaThread "C2 CompilerThread0" daemon [_thread_in_native, id=5456, stack(0x0000000016680000,0x0000000016780000)]
  0x000000001504c000 JavaThread "Attach Listener" daemon [_thread_blocked, id=8324, stack(0x0000000016580000,0x0000000016680000)]
  0x000000001504b000 JavaThread "Signal Dispatcher" daemon [_thread_blocked, id=7572, stack(0x0000000016480000,0x0000000016580000)]
  0x000000001503a800 JavaThread "Finalizer" daemon [_thread_blocked, id=7812, stack(0x00000000162a0000,0x00000000163a0000)]
  0x0000000002970800 JavaThread "Reference Handler" daemon [_thread_blocked, id=6816, stack(0x00000000161a0000,0x00000000162a0000)]
  0x0000000002882800 JavaThread "main" [_thread_in_vm, id=6736, stack(0x0000000002780000,0x0000000002880000)]

Other Threads:
  0x0000000015018800 VMThread [stack: 0x00000000160a0000,0x00000000161a0000] [id=4580]
  0x00000000168a1800 WatcherThread [stack: 0x0000000016e80000,0x0000000016f80000] [id=6584]

VM state:not at safepoint (normal execution)

VM Mutex/Monitor currently owned by a thread: None

Heap:
 PSYoungGen      total 38400K, used 22560K [0x00000000eab00000, 0x00000000ed580000, 0x0000000100000000)
  eden space 33280K, 52% used [0x00000000eab00000,0x00000000ebc08088,0x00000000ecb80000)
  from space 5120K, 100% used [0x00000000ed080000,0x00000000ed580000,0x00000000ed580000)
  to   space 5120K, 0% used [0x00000000ecb80000,0x00000000ecb80000,0x00000000ed080000)
 ParOldGen       total 87552K, used 26183K [0x00000000c0000000, 0x00000000c5580000, 0x00000000eab00000)
  object space 87552K, 29% used [0x00000000c0000000,0x00000000c1991e08,0x00000000c5580000)
 Metaspace       used 6457K, capacity 7192K, committed 7424K, reserved 1056768K
  class space    used 625K, capacity 656K, committed 768K, reserved 1048576K

Card table byte_map: [0x0000000011d40000,0x0000000011f50000] byte_map_base: 0x0000000011740000

Marking Bits: (ParMarkBitMap*) 0x0000000066a764f0
 Begin Bits: [0x00000000124b0000, 0x00000000134b0000)
 End Bits:   [0x00000000134b0000, 0x00000000144b0000)

Polling page: 0x0000000002610000

CodeCache: size=245760Kb used=7737Kb max_used=7740Kb free=238022Kb
 bounds [0x0000000002980000, 0x0000000003120000, 0x0000000011980000]
 total_blobs=2195 nmethods=1925 adapters=182
 compilation: enabled

Compilation events (10 events):
Event: 3.345 Thread 0x0000000016881000 1991       2       com.android.dx.dex.code.StdCatchBuilder::getCatchTypes (97 bytes)
Event: 3.345 Thread 0x0000000016881000 nmethod 1991 0x000000000310e010 code [0x000000000310e220, 0x000000000310e728]
Event: 3.346 Thread 0x000000001504e000 nmethod 1857 0x000000000310ecd0 code [0x000000000310ef40, 0x0000000003110fc8]
Event: 3.346 Thread 0x000000001504e000 1976       4       java.util.HashMap::put (13 bytes)
Event: 3.347 Thread 0x000000001504e000 nmethod 1976 0x000000000310af50 code [0x000000000310b0a0, 0x000000000310b1c8]
Event: 3.347 Thread 0x000000001504e000 1915   !   4       com.android.dx.cf.code.Ropper::processBlock (1101 bytes)
Event: 3.348 Thread 0x0000000016881000 1992 %     3       com.android.dx.dex.code.StdCatchBuilder::hasAnyCatches @ 15 (57 bytes)
Event: 3.348 Thread 0x0000000016881000 nmethod 1992% 0x0000000003109a50 code [0x0000000003109c40, 0x000000000310a9b8]
Event: 3.354 Thread 0x0000000016881000 1993 %     3       com.android.dx.dex.file.CodeItem::addContents @ 142 (174 bytes)
Event: 3.355 Thread 0x0000000016881000 nmethod 1993% 0x000000000310b810 code [0x000000000310bb20, 0x000000000310d508]

GC Heap History (10 events):
Event: 2.474 GC heap before
{Heap before GC invocations=2 (full 0):
 PSYoungGen      total 38400K, used 38375K [0x00000000eab00000, 0x00000000ed580000, 0x0000000100000000)
  eden space 33280K, 100% used [0x00000000eab00000,0x00000000ecb80000,0x00000000ecb80000)
  from space 5120K, 99% used [0x00000000ecb80000,0x00000000ed079c98,0x00000000ed080000)
  to   space 5120K, 0% used [0x00000000ed080000,0x00000000ed080000,0x00000000ed580000)
 ParOldGen       total 87552K, used 1439K [0x00000000c0000000, 0x00000000c5580000, 0x00000000eab00000)
  object space 87552K, 1% used [0x00000000c0000000,0x00000000c0167f28,0x00000000c5580000)
 Metaspace       used 6274K, capacity 7128K, committed 7424K, reserved 1056768K
  class space    used 620K, capacity 656K, committed 768K, reserved 1048576K
Event: 2.494 GC heap after
Heap after GC invocations=2 (full 0):
 PSYoungGen      total 38400K, used 5088K [0x00000000eab00000, 0x00000000ed580000, 0x0000000100000000)
  eden space 33280K, 0% used [0x00000000eab00000,0x00000000eab00000,0x00000000ecb80000)
  from space 5120K, 99% used [0x00000000ed080000,0x00000000ed578028,0x00000000ed580000)
  to   space 5120K, 0% used [0x00000000ecb80000,0x00000000ecb80000,0x00000000ed080000)
 ParOldGen       total 87552K, used 5524K [0x00000000c0000000, 0x00000000c5580000, 0x00000000eab00000)
  object space 87552K, 6% used [0x00000000c0000000,0x00000000c05650b8,0x00000000c5580000)
 Metaspace       used 6274K, capacity 7128K, committed 7424K, reserved 1056768K
  class space    used 620K, capacity 656K, committed 768K, reserved 1048576K
}
Event: 2.725 GC heap before
{Heap before GC invocations=3 (full 0):
 PSYoungGen      total 38400K, used 38368K [0x00000000eab00000, 0x00000000ed580000, 0x0000000100000000)
  eden space 33280K, 100% used [0x00000000eab00000,0x00000000ecb80000,0x00000000ecb80000)
  from space 5120K, 99% used [0x00000000ed080000,0x00000000ed578028,0x00000000ed580000)
  to   space 5120K, 0% used [0x00000000ecb80000,0x00000000ecb80000,0x00000000ed080000)
 ParOldGen       total 87552K, used 5524K [0x00000000c0000000, 0x00000000c5580000, 0x00000000eab00000)
  object space 87552K, 6% used [0x00000000c0000000,0x00000000c05650b8,0x00000000c5580000)
 Metaspace       used 6299K, capacity 7128K, committed 7424K, reserved 1056768K
  class space    used 620K, capacity 656K, committed 768K, reserved 1048576K
Event: 2.751 GC heap after
Heap after GC invocations=3 (full 0):
 PSYoungGen      total 38400K, used 5104K [0x00000000eab00000, 0x00000000ed580000, 0x0000000100000000)
  eden space 33280K, 0% used [0x00000000eab00000,0x00000000eab00000,0x00000000ecb80000)
  from space 5120K, 99% used [0x00000000ecb80000,0x00000000ed07c190,0x00000000ed080000)
  to   space 5120K, 0% used [0x00000000ed080000,0x00000000ed080000,0x00000000ed580000)
 ParOldGen       total 87552K, used 10670K [0x00000000c0000000, 0x00000000c5580000, 0x00000000eab00000)
  object space 87552K, 12% used [0x00000000c0000000,0x00000000c0a6b808,0x00000000c5580000)
 Metaspace       used 6299K, capacity 7128K, committed 7424K, reserved 1056768K
  class space    used 620K, capacity 656K, committed 768K, reserved 1048576K
}
Event: 2.942 GC heap before
{Heap before GC invocations=4 (full 0):
 PSYoungGen      total 38400K, used 38384K [0x00000000eab00000, 0x00000000ed580000, 0x0000000100000000)
  eden space 33280K, 100% used [0x00000000eab00000,0x00000000ecb80000,0x00000000ecb80000)
  from space 5120K, 99% used [0x00000000ecb80000,0x00000000ed07c190,0x00000000ed080000)
  to   space 5120K, 0% used [0x00000000ed080000,0x00000000ed080000,0x00000000ed580000)
 ParOldGen       total 87552K, used 10670K [0x00000000c0000000, 0x00000000c5580000, 0x00000000eab00000)
  object space 87552K, 12% used [0x00000000c0000000,0x00000000c0a6b808,0x00000000c5580000)
 Metaspace       used 6318K, capacity 7128K, committed 7424K, reserved 1056768K
  class space    used 620K, capacity 656K, committed 768K, reserved 1048576K
Event: 2.958 GC heap after
Heap after GC invocations=4 (full 0):
 PSYoungGen      total 38400K, used 5120K [0x00000000eab00000, 0x00000000ed580000, 0x0000000100000000)
  eden space 33280K, 0% used [0x00000000eab00000,0x00000000eab00000,0x00000000ecb80000)
  from space 5120K, 100% used [0x00000000ed080000,0x00000000ed580000,0x00000000ed580000)
  to   space 5120K, 0% used [0x00000000ecb80000,0x00000000ecb80000,0x00000000ed080000)
 ParOldGen       total 87552K, used 15317K [0x00000000c0000000, 0x00000000c5580000, 0x00000000eab00000)
  object space 87552K, 17% used [0x00000000c0000000,0x00000000c0ef5568,0x00000000c5580000)
 Metaspace       used 6318K, capacity 7128K, committed 7424K, reserved 1056768K
  class space    used 620K, capacity 656K, committed 768K, reserved 1048576K
}
Event: 3.082 GC heap before
{Heap before GC invocations=5 (full 0):
 PSYoungGen      total 38400K, used 38400K [0x00000000eab00000, 0x00000000ed580000, 0x0000000100000000)
  eden space 33280K, 100% used [0x00000000eab00000,0x00000000ecb80000,0x00000000ecb80000)
  from space 5120K, 100% used [0x00000000ed080000,0x00000000ed580000,0x00000000ed580000)
  to   space 5120K, 0% used [0x00000000ecb80000,0x00000000ecb80000,0x00000000ed080000)
 ParOldGen       total 87552K, used 15317K [0x00000000c0000000, 0x00000000c5580000, 0x00000000eab00000)
  object space 87552K, 17% used [0x00000000c0000000,0x00000000c0ef5568,0x00000000c5580000)
 Metaspace       used 6360K, capacity 7128K, committed 7424K, reserved 1056768K
  class space    used 620K, capacity 656K, committed 768K, reserved 1048576K
Event: 3.092 GC heap after
Heap after GC invocations=5 (full 0):
 PSYoungGen      total 38400K, used 5104K [0x00000000eab00000, 0x00000000ed580000, 0x0000000100000000)
  eden space 33280K, 0% used [0x00000000eab00000,0x00000000eab00000,0x00000000ecb80000)
  from space 5120K, 99% used [0x00000000ecb80000,0x00000000ed07c190,0x00000000ed080000)
  to   space 5120K, 0% used [0x00000000ed080000,0x00000000ed080000,0x00000000ed580000)
 ParOldGen       total 87552K, used 20708K [0x00000000c0000000, 0x00000000c5580000, 0x00000000eab00000)
  object space 87552K, 23% used [0x00000000c0000000,0x00000000c1439310,0x00000000c5580000)
 Metaspace       used 6360K, capacity 7128K, committed 7424K, reserved 1056768K
  class space    used 620K, capacity 656K, committed 768K, reserved 1048576K
}
Event: 3.220 GC heap before
{Heap before GC invocations=6 (full 0):
 PSYoungGen      total 38400K, used 38384K [0x00000000eab00000, 0x00000000ed580000, 0x0000000100000000)
  eden space 33280K, 100% used [0x00000000eab00000,0x00000000ecb80000,0x00000000ecb80000)
  from space 5120K, 99% used [0x00000000ecb80000,0x00000000ed07c190,0x00000000ed080000)
  to   space 5120K, 0% used [0x00000000ed080000,0x00000000ed080000,0x00000000ed580000)
 ParOldGen       total 87552K, used 20708K [0x00000000c0000000, 0x00000000c5580000, 0x00000000eab00000)
  object space 87552K, 23% used [0x00000000c0000000,0x00000000c1439310,0x00000000c5580000)
 Metaspace       used 6369K, capacity 7128K, committed 7424K, reserved 1056768K
  class space    used 620K, capacity 656K, committed 768K, reserved 1048576K
Event: 3.271 GC heap after
Heap after GC invocations=6 (full 0):
 PSYoungGen      total 38400K, used 5120K [0x00000000eab00000, 0x00000000ed580000, 0x0000000100000000)
  eden space 33280K, 0% used [0x00000000eab00000,0x00000000eab00000,0x00000000ecb80000)
  from space 5120K, 100% used [0x00000000ed080000,0x00000000ed580000,0x00000000ed580000)
  to   space 5120K, 0% used [0x00000000ecb80000,0x00000000ecb80000,0x00000000ed080000)
 ParOldGen       total 87552K, used 26183K [0x00000000c0000000, 0x00000000c5580000, 0x00000000eab00000)
  object space 87552K, 29% used [0x00000000c0000000,0x00000000c1991e08,0x00000000c5580000)
 Metaspace       used 6369K, capacity 7128K, committed 7424K, reserved 1056768K
  class space    used 620K, capacity 656K, committed 768K, reserved 1048576K
}

Deoptimization events (10 events):
Event: 2.713 Thread 0x0000000016aed800 Uncommon trap: reason=bimorphic action=maybe_recompile pc=0x0000000003003fac method=com.android.dx.rop.code.RegisterSpec.withSimpleType()Lcom/android/dx/rop/code/RegisterSpec; @ 21
Event: 2.927 Thread 0x0000000016aed800 Uncommon trap: reason=unstable_if action=reinterpret pc=0x0000000003040024 method=com.android.dx.cf.code.ByteCatchList.listFor(I)Lcom/android/dx/cf/code/ByteCatchList; @ 47
Event: 3.315 Thread 0x0000000016af2800 Uncommon trap: reason=bimorphic action=maybe_recompile pc=0x00000000030b2b0c method=com.android.dx.rop.code.RegisterSpec.getFrameType()Lcom/android/dx/rop/type/TypeBearer; @ 4
Event: 3.315 Thread 0x0000000016af2800 Uncommon trap: reason=bimorphic action=maybe_recompile pc=0x00000000030b2740 method=com.android.dx.cf.code.OneLocalsArray.set(ILcom/android/dx/rop/type/TypeBearer;)V @ 85
Event: 3.316 Thread 0x0000000016af2800 Uncommon trap: reason=unstable_if action=reinterpret pc=0x0000000003087134 method=com.android.dx.ssa.LocalVariableExtractor.processBlock(I)V @ 251
Event: 3.321 Thread 0x0000000002882800 Uncommon trap: reason=class_check action=maybe_recompile pc=0x0000000002eb7788 method=java.util.Arrays.hashCode([Ljava/lang/Object;)I @ 43
Event: 3.321 Thread 0x0000000002882800 Uncommon trap: reason=class_check action=maybe_recompile pc=0x0000000002eb7788 method=java.util.Arrays.hashCode([Ljava/lang/Object;)I @ 43
Event: 3.321 Thread 0x0000000002882800 Uncommon trap: reason=class_check action=maybe_recompile pc=0x0000000002eb7788 method=java.util.Arrays.hashCode([Ljava/lang/Object;)I @ 43
Event: 3.321 Thread 0x0000000002882800 Uncommon trap: reason=class_check action=maybe_recompile pc=0x0000000002eb7788 method=java.util.Arrays.hashCode([Ljava/lang/Object;)I @ 43
Event: 3.321 Thread 0x0000000002882800 Uncommon trap: reason=class_check action=maybe_recompile pc=0x0000000002e39634 method=java.util.Arrays.hashCode([Ljava/lang/Object;)I @ 43

Internal exceptions (7 events):
Event: 0.376 Thread 0x0000000002882800 Exception <a 'java/lang/NoSuchMethodError': Method sun.misc.Unsafe.defineClass(Ljava/lang/String;[BII)Ljava/lang/Class; name or signature does not match> (0x00000000eab07cc0) thrown at [D:\re\workspace\8-2-build-windows-amd64-cygwin\jdk8u92\6642\hotspot\srM¾¥ñØ?
Event: 0.376 Thread 0x0000000002882800 Exception <a 'java/lang/NoSuchMethodError': Method sun.misc.Unsafe.prefetchRead(Ljava/lang/Object;J)V name or signature does not match> (0x00000000eab07fa8) thrown at [D:\re\workspace\8-2-build-windows-amd64-cygwin\jdk8u92\6642\hotspot\src\share\vm\prims\jb–«‹¡û?
Event: 1.727 Thread 0x0000000016af4000 Implicit null exception at 0x0000000002c8ebb2 to 0x0000000002c9054d
Event: 1.739 Thread 0x0000000016aed800 Implicit null exception at 0x0000000002c8ebb2 to 0x0000000002c9054d
Event: 2.297 Thread 0x0000000016af2800 Exception <a 'java/lang/ArrayIndexOutOfBoundsException': 18> (0x00000000ebaf5800) thrown at [D:\re\workspace\8-2-build-windows-amd64-cygwin\jdk8u92\6642\hotspot\src\share\vm\interpreter\interpreterRuntime.cpp, line 366]
Event: 2.297 Thread 0x0000000016af2800 Exception <a 'java/lang/ArrayIndexOutOfBoundsException'> (0x00000000ebaf7380) thrown at [D:\re\workspace\8-2-build-windows-amd64-cygwin\jdk8u92\6642\hotspot\src\share\vm\runtime\sharedRuntime.cpp, line 605]
Event: 2.298 Thread 0x0000000016af2800 Exception <a 'java/lang/ArrayIndexOutOfBoundsException'> (0x00000000ebaf8668) thrown at [D:\re\workspace\8-2-build-windows-amd64-cygwin\jdk8u92\6642\hotspot\src\share\vm\runtime\sharedRuntime.cpp, line 605]

Events (10 events):
Event: 3.321 Thread 0x0000000002882800 DEOPT UNPACKING pc=0x00000000029c582a sp=0x000000000287e990 mode 2
Event: 3.321 Thread 0x0000000002882800 Uncommon trap: trap_request=0xffffffde fr.pc=0x0000000002e39634
Event: 3.321 Thread 0x0000000002882800 DEOPT PACKING pc=0x0000000002e39634 sp=0x000000000287ed80
Event: 3.321 Thread 0x0000000002882800 DEOPT UNPACKING pc=0x00000000029c582a sp=0x000000000287ed08 mode 2
Event: 3.322 loading class com/android/dx/rop/cst/Zeroes
Event: 3.322 loading class com/android/dx/rop/cst/Zeroes done
Event: 3.329 loading class com/android/dx/dex/file/CatchStructs
Event: 3.329 loading class com/android/dx/dex/file/CatchStructs done
Event: 3.337 Thread 0x0000000002882800 DEOPT PACKING pc=0x00000000031016ea sp=0x000000000287eec0
Event: 3.337 Thread 0x0000000002882800 DEOPT UNPACKING pc=0x00000000029c787f sp=0x000000000287ec50 mode 0


Dynamic libraries:
0x00007ff60c670000 - 0x00007ff60c6a7000 	C:\Program Files\Java\jdk1.8.0_92\bin\java.exe
0x00007ffc93d00000 - 0x00007ffc93eaa000 	C:\Windows\SYSTEM32\ntdll.dll
0x00007ffc93510000 - 0x00007ffc9364a000 	C:\Windows\system32\KERNEL32.DLL
0x00007ffc91240000 - 0x00007ffc9134f000 	C:\Windows\system32\KERNELBASE.dll
0x00007ffc8fca0000 - 0x00007ffc8fd28000 	C:\Windows\system32\apphelp.dll
0x00007ffc8ccd0000 - 0x00007ffc8cd1f000 	C:\Windows\AppPatch\AppPatch64\AcGenral.DLL
0x00007ffc91a80000 - 0x00007ffc91b27000 	C:\Windows\system32\msvcrt.dll
0x00007ffc90eb0000 - 0x00007ffc90edb000 	C:\Windows\SYSTEM32\SspiCli.dll
0x00007ffc91a20000 - 0x00007ffc91a71000 	C:\Windows\system32\SHLWAPI.dll
0x00007ffc918a0000 - 0x00007ffc91a11000 	C:\Windows\system32\USER32.dll
0x00007ffc93380000 - 0x00007ffc934f8000 	C:\Windows\system32\ole32.dll
0x00007ffc91b30000 - 0x00007ffc92f47000 	C:\Windows\system32\SHELL32.dll
0x00007ffc906e0000 - 0x00007ffc906fe000 	C:\Windows\SYSTEM32\USERENV.dll
0x00007ffc932d0000 - 0x00007ffc93375000 	C:\Windows\system32\ADVAPI32.dll
0x00007ffc8bf40000 - 0x00007ffc8bf5b000 	C:\Windows\SYSTEM32\MPR.dll
0x00007ffc93190000 - 0x00007ffc932c6000 	C:\Windows\system32\RPCRT4.dll
0x00007ffc93c60000 - 0x00007ffc93cb7000 	C:\Windows\SYSTEM32\sechost.dll
0x00007ffc92f50000 - 0x00007ffc93126000 	C:\Windows\SYSTEM32\combase.dll
0x00007ffc93890000 - 0x00007ffc939d5000 	C:\Windows\system32\GDI32.dll
0x00007ffc91070000 - 0x00007ffc91084000 	C:\Windows\SYSTEM32\profapi.dll
0x00007ffc8f6d0000 - 0x00007ffc8f76f000 	C:\Windows\SYSTEM32\SHCORE.dll
0x00007ffc93cc0000 - 0x00007ffc93cf4000 	C:\Windows\system32\IMM32.DLL
0x00007ffc939e0000 - 0x00007ffc93b19000 	C:\Windows\system32\MSCTF.dll
0x00007ffc8edc0000 - 0x00007ffc8f01a000 	C:\Windows\WinSxS\amd64_microsoft.windows.common-controls_6595b64144ccf1df_6.0.9600.17031_none_6242a4b3ecbb55a1\COMCTL32.dll
0x0000000065e60000 - 0x0000000065f32000 	C:\Program Files\Java\jdk1.8.0_92\jre\bin\msvcr100.dll
0x0000000066260000 - 0x0000000066af6000 	C:\Program Files\Java\jdk1.8.0_92\jre\bin\server\jvm.dll
0x00007ffc8ce40000 - 0x00007ffc8ce49000 	C:\Windows\SYSTEM32\WSOCK32.dll
0x00007ffc88cb0000 - 0x00007ffc88ccf000 	C:\Windows\SYSTEM32\WINMM.dll
0x00007ffc8ed80000 - 0x00007ffc8ed8a000 	C:\Windows\SYSTEM32\VERSION.dll
0x00007ffc93b80000 - 0x00007ffc93b87000 	C:\Windows\system32\PSAPI.DLL
0x00007ffc93b20000 - 0x00007ffc93b78000 	C:\Windows\system32\WS2_32.dll
0x00007ffc858c0000 - 0x00007ffc858ea000 	C:\Windows\SYSTEM32\WINMMBASE.dll
0x00007ffc93500000 - 0x00007ffc93509000 	C:\Windows\system32\NSI.dll
0x00007ffc91350000 - 0x00007ffc9139a000 	C:\Windows\SYSTEM32\cfgmgr32.dll
0x00007ffc8fef0000 - 0x00007ffc8ff16000 	C:\Windows\SYSTEM32\DEVOBJ.dll
0x0000000066df0000 - 0x0000000066dff000 	C:\Program Files\Java\jdk1.8.0_92\jre\bin\verify.dll
0x0000000066dc0000 - 0x0000000066de9000 	C:\Program Files\Java\jdk1.8.0_92\jre\bin\java.dll
0x0000000066da0000 - 0x0000000066db6000 	C:\Program Files\Java\jdk1.8.0_92\jre\bin\zip.dll

VM Arguments:
jvm_args: -Djava.awt.headless=true -Xmx1024M -Dfile.encoding=windows-1252 -Duser.country=US -Duser.language=en -Duser.variant 
java_command: com.android.dx.command.Main --dex --force-jumbo --num-threads=4 --output C:\Zooket\app\build\intermediates\pre-dexed\debug\okhttp-3.5.0_e91d8159a3d7db8ced802dc3bb030e67d837299d.jar C:\Users\Smo\.gradle\caches\modules-2\files-2.1\com.squareup.okhttp3\okhttp\3.5.0\4b0bb6bfbecbdd42b97ff400af342bfe7f32bc83\okhttp-3.5.0.jar
java_class_path (initial): C:\android-sdk-windows\build-tools\24.0.3\lib\dx.jar
Launcher Type: SUN_STANDARD

Environment Variables:
PATH=C:\ProgramData\Oracle\Java\javapath;C:\Windows\system32;C:\Windows;C:\Windows\System32\Wbem;C:\Windows\System32\WindowsPowerShell\v1.0\;C:\Program Files (x86)\NVIDIA Corporation\PhysX\Common;C:\Program Files (x86)\Windows Kits\8.1\Windows Performance Toolkit\;C:\Program Files\Microsoft SQL Server\110\Tools\Binn\;C:\Program Files\Microsoft SQL Server\110\DTS\Binn\;C:\Program Files (x86)\Microsoft SQL Server\110\Tools\Binn\;C:\Program Files (x86)\Microsoft SQL Server\110\Tools\Binn\ManagementStudio\;C:\Program Files (x86)\Microsoft Visual Studio 10.0\Common7\IDE\PrivateAssemblies\;C:\Program Files (x86)\Microsoft SQL Server\110\DTS\Binn\;C:\Program Files (x86)\GtkSharp\2.12\bin;C:\Program Files (x86)\QuickTime\QTSystem\
USERNAME=Smo
OS=Windows_NT
PROCESSOR_IDENTIFIER=Intel64 Family 6 Model 94 Stepping 3, GenuineIntel



---------------  S Y S T E M  ---------------

OS: Windows 8.1 , 64 bit Build 9600 (6.3.9600.17056)

CPU:total 4 (4 cores per cpu, 1 threads per core) family 6 model 94 stepping 3, cmov, cx8, fxsr, mmx, sse, sse2, sse3, ssse3, sse4.1, sse4.2, popcnt, avx, avx2, aes, clmul, erms, 3dnowpref, lzcnt, tsc, tscinvbit, bmi1, bmi2, adx

Memory: 4k page, physical 8266404k(1671228k free), swap 8266404k(6080k free)

vm_info: Java HotSpot(TM) 64-Bit Server VM (25.92-b14) for windows-amd64 JRE (1.8.0_92-b14), built on Mar 31 2016 21:03:04 by "java_re" with MS VC++ 10.0 (VS2010)

time: Fri May 19 15:51:11 2017
elapsed time: 3 seconds (0d 0h 0m 3s)

