#
# There is insufficient memory for the Java Runtime Environment to continue.
# Native memory allocation (malloc) failed to allocate 32744 bytes for ChunkPool::allocate
# Possible reasons:
#   The system is out of physical RAM or swap space
#   In 32 bit mode, the process size limit was hit
# Possible solutions:
#   Reduce memory load on the system
#   Increase physical memory or swap space
#   Check if swap backing store is full
#   Use 64 bit Java on a 64 bit OS
#   Decrease Java heap size (-Xmx/-Xms)
#   Decrease number of Java threads
#   Decrease Java thread stack sizes (-Xss)
#   Set larger code cache with -XX:ReservedCodeCacheSize=
# This output file may be truncated or incomplete.
#
#  Out of Memory Error (allocation.cpp:273), pid=4288, tid=0x00000000000029b4
#
# JRE version: Java(TM) SE Runtime Environment (8.0_92-b14) (build 1.8.0_92-b14)
# Java VM: Java HotSpot(TM) 64-Bit Server VM (25.92-b14 mixed mode windows-amd64 compressed oops)
# Failed to write core dump. Minidumps are not enabled by default on client versions of Windows
#

---------------  T H R E A D  ---------------

Current thread (0x00000000146fd000):  JavaThread "C2 CompilerThread0" daemon [_thread_in_native, id=10676, stack(0x0000000015d50000,0x0000000015e50000)]

Stack: [0x0000000015d50000,0x0000000015e50000]
[error occurred during error reporting (printing stack bounds), id 0xc0000005]

Native frames: (J=compiled Java code, j=interpreted, Vv=VM code, C=native code)


Current CompileTask:
C2:   2122 1289   !   4       com.android.dx.cf.code.BytecodeArray::parseInstruction (2764 bytes)


---------------  P R O C E S S  ---------------

Java Threads: ( => current thread )
  0x00000000161fe000 JavaThread "pool-2-thread-4" [_thread_blocked, id=9284, stack(0x0000000016a50000,0x0000000016b50000)]
  0x00000000161c0000 JavaThread "pool-2-thread-3" [_thread_blocked, id=10824, stack(0x0000000016950000,0x0000000016a50000)]
  0x00000000161bd000 JavaThread "pool-2-thread-2" [_thread_blocked, id=7180, stack(0x0000000016850000,0x0000000016950000)]
  0x00000000161b7800 JavaThread "pool-3-thread-1" [_thread_blocked, id=10324, stack(0x0000000016750000,0x0000000016850000)]
  0x00000000161ac800 JavaThread "pool-2-thread-1" [_thread_blocked, id=7404, stack(0x0000000016650000,0x0000000016750000)]
  0x0000000015f56000 JavaThread "Service Thread" daemon [_thread_blocked, id=7132, stack(0x0000000016450000,0x0000000016550000)]
  0x0000000015f50800 JavaThread "C1 CompilerThread2" daemon [_thread_blocked, id=6020, stack(0x0000000016350000,0x0000000016450000)]
  0x0000000014756800 JavaThread "C2 CompilerThread1" daemon [_thread_in_native, id=8996, stack(0x0000000015e50000,0x0000000015f50000)]
=>0x00000000146fd000 JavaThread "C2 CompilerThread0" daemon [_thread_in_native, id=10676, stack(0x0000000015d50000,0x0000000015e50000)]
  0x00000000146fb800 JavaThread "Attach Listener" daemon [_thread_blocked, id=152, stack(0x0000000015c50000,0x0000000015d50000)]
  0x00000000146fa000 JavaThread "Signal Dispatcher" daemon [_thread_blocked, id=9572, stack(0x0000000015b50000,0x0000000015c50000)]
  0x000000000202a800 JavaThread "Finalizer" daemon [_thread_blocked, id=7800, stack(0x0000000015970000,0x0000000015a70000)]
  0x000000000201f800 JavaThread "Reference Handler" daemon [_thread_blocked, id=1156, stack(0x0000000015870000,0x0000000015970000)]
  0x0000000001f32800 JavaThread "main" [_thread_in_vm, id=2580, stack(0x0000000001e00000,0x0000000001f00000)]

Other Threads:
  0x00000000146c8800 VMThread [stack: 0x0000000015770000,0x0000000015870000] [id=1704]
  0x0000000015f6a000 WatcherThread [stack: 0x0000000016550000,0x0000000016650000] [id=9364]

VM state:not at safepoint (normal execution)

VM Mutex/Monitor currently owned by a thread: None

Heap:
 PSYoungGen      total 38400K, used 21518K [0x00000000eab00000, 0x00000000ef600000, 0x0000000100000000)
  eden space 33280K, 49% used [0x00000000eab00000,0x00000000ebb08f28,0x00000000ecb80000)
  from space 5120K, 99% used [0x00000000ecb80000,0x00000000ed07aab8,0x00000000ed080000)
  to   space 5120K, 0% used [0x00000000ef100000,0x00000000ef100000,0x00000000ef600000)
 ParOldGen       total 87552K, used 1606K [0x00000000c0000000, 0x00000000c5580000, 0x00000000eab00000)
  object space 87552K, 1% used [0x00000000c0000000,0x00000000c01919d0,0x00000000c5580000)
 Metaspace       used 6139K, capacity 7026K, committed 7296K, reserved 1056768K
  class space    used 602K, capacity 618K, committed 640K, reserved 1048576K

Card table byte_map: [0x00000000113f0000,0x0000000011600000] byte_map_base: 0x0000000010df0000

Marking Bits: (ParMarkBitMap*) 0x0000000060c564f0
 Begin Bits: [0x0000000011b60000, 0x0000000012b60000)
 End Bits:   [0x0000000012b60000, 0x0000000013b60000)

Polling page: 0x0000000000440000

CodeCache: size=245760Kb used=5661Kb max_used=5661Kb free=240098Kb
 bounds [0x0000000002030000, 0x00000000025c0000, 0x0000000011030000]
 total_blobs=1687 nmethods=1418 adapters=182
 compilation: enabled

Compilation events (10 events):
Event: 2.050 Thread 0x0000000015f50800 1449       2       com.android.dx.rop.code.RegisterSpec::withLocalItem (41 bytes)
Event: 2.051 Thread 0x0000000015f50800 nmethod 1449 0x00000000025ba690 code [0x00000000025ba800, 0x00000000025baa58]
Event: 2.051 Thread 0x0000000015f50800 1450       2       java.util.TreeMap::rotateRight (96 bytes)
Event: 2.051 Thread 0x0000000015f50800 nmethod 1450 0x00000000025bab90 code [0x00000000025bace0, 0x00000000025baf50]
Event: 2.051 Thread 0x0000000015f50800 1451       2       java.util.TreeMap::rotateLeft (96 bytes)
Event: 2.051 Thread 0x0000000015f50800 nmethod 1451 0x00000000025bb050 code [0x00000000025bb1a0, 0x00000000025bb410]
Event: 2.052 Thread 0x0000000015f50800 1452       2       java.util.concurrent.locks.AbstractOwnableSynchronizer::setExclusiveOwnerThread (6 bytes)
Event: 2.052 Thread 0x0000000015f50800 nmethod 1452 0x00000000025bbc50 code [0x00000000025bbda0, 0x00000000025bbf10]
Event: 2.052 Thread 0x0000000015f50800 1454       2       java.lang.Thread::interrupted (8 bytes)
Event: 2.052 Thread 0x0000000015f50800 nmethod 1454 0x00000000025bbf90 code [0x00000000025bc100, 0x00000000025bc268]

GC Heap History (2 events):
Event: 1.626 GC heap before
{Heap before GC invocations=1 (full 0):
 PSYoungGen      total 38400K, used 33280K [0x00000000eab00000, 0x00000000ed580000, 0x0000000100000000)
  eden space 33280K, 100% used [0x00000000eab00000,0x00000000ecb80000,0x00000000ecb80000)
  from space 5120K, 0% used [0x00000000ed080000,0x00000000ed080000,0x00000000ed580000)
  to   space 5120K, 0% used [0x00000000ecb80000,0x00000000ecb80000,0x00000000ed080000)
 ParOldGen       total 87552K, used 0K [0x00000000c0000000, 0x00000000c5580000, 0x00000000eab00000)
  object space 87552K, 0% used [0x00000000c0000000,0x00000000c0000000,0x00000000c5580000)
 Metaspace       used 5942K, capacity 6834K, committed 7040K, reserved 1056768K
  class space    used 600K, capacity 618K, committed 640K, reserved 1048576K
Event: 1.746 GC heap after
Heap after GC invocations=1 (full 0):
 PSYoungGen      total 38400K, used 5098K [0x00000000eab00000, 0x00000000ef600000, 0x0000000100000000)
  eden space 33280K, 0% used [0x00000000eab00000,0x00000000eab00000,0x00000000ecb80000)
  from space 5120K, 99% used [0x00000000ecb80000,0x00000000ed07aab8,0x00000000ed080000)
  to   space 5120K, 0% used [0x00000000ef100000,0x00000000ef100000,0x00000000ef600000)
 ParOldGen       total 87552K, used 1606K [0x00000000c0000000, 0x00000000c5580000, 0x00000000eab00000)
  object space 87552K, 1% used [0x00000000c0000000,0x00000000c01919d0,0x00000000c5580000)
 Metaspace       used 5942K, capacity 6834K, committed 7040K, reserved 1056768K
  class space    used 600K, capacity 618K, committed 640K, reserved 1048576K
}

Deoptimization events (10 events):
Event: 1.608 Thread 0x00000000161fe000 Uncommon trap: reason=unstable_if action=reinterpret pc=0x000000000235beec method=com.android.dx.rop.code.RegisterSpecSet.put(Lcom/android/dx/rop/code/RegisterSpec;)V @ 77
Event: 1.608 Thread 0x00000000161fe000 Uncommon trap: reason=unstable_if action=reinterpret pc=0x000000000234ca18 method=com.android.dx.rop.code.RegisterSpecSet.put(Lcom/android/dx/rop/code/RegisterSpec;)V @ 77
Event: 1.617 Thread 0x00000000161bd000 Uncommon trap: reason=unstable_if action=reinterpret pc=0x0000000002330fdc method=com.android.dx.rop.cst.Constant.compareTo(Lcom/android/dx/rop/cst/Constant;)I @ 12
Event: 1.995 Thread 0x00000000161ac800 Uncommon trap: reason=bimorphic action=maybe_recompile pc=0x000000000223c5ec method=java.util.HashMap.getNode(ILjava/lang/Object;)Ljava/util/HashMap$Node; @ 126
Event: 1.995 Thread 0x00000000161ac800 Uncommon trap: reason=class_check action=maybe_recompile pc=0x0000000002413f1c method=java.util.HashMap.putVal(ILjava/lang/Object;Ljava/lang/Object;ZZ)Ljava/lang/Object; @ 203
Event: 1.996 Thread 0x00000000161ac800 Uncommon trap: reason=bimorphic action=maybe_recompile pc=0x000000000223c5ec method=java.util.HashMap.getNode(ILjava/lang/Object;)Ljava/util/HashMap$Node; @ 126
Event: 1.996 Thread 0x00000000161ac800 Uncommon trap: reason=class_check action=maybe_recompile pc=0x0000000002413f1c method=java.util.HashMap.putVal(ILjava/lang/Object;Ljava/lang/Object;ZZ)Ljava/lang/Object; @ 203
Event: 1.996 Thread 0x00000000161ac800 Uncommon trap: reason=bimorphic action=maybe_recompile pc=0x000000000223c5ec method=java.util.HashMap.getNode(ILjava/lang/Object;)Ljava/util/HashMap$Node; @ 126
Event: 1.996 Thread 0x00000000161ac800 Uncommon trap: reason=class_check action=maybe_recompile pc=0x0000000002413f1c method=java.util.HashMap.putVal(ILjava/lang/Object;Ljava/lang/Object;ZZ)Ljava/lang/Object; @ 203
Event: 1.996 Thread 0x00000000161ac800 Uncommon trap: reason=bimorphic action=maybe_recompile pc=0x000000000229003c method=java.util.HashMap.getNode(ILjava/lang/Object;)Ljava/util/HashMap$Node; @ 126

Internal exceptions (2 events):
Event: 0.153 Thread 0x0000000001f32800 Exception <a 'java/lang/NoSuchMethodError': Method sun.misc.Unsafe.defineClass(Ljava/lang/String;[BII)Ljava/lang/Class; name or signature does not match> (0x00000000eab07cc0) thrown at [D:\re\workspace\8-2-build-windows-amd64-cygwin\jdk8u92\6642\hotspot\srÓGZ1Ø‡Ã?
Event: 0.153 Thread 0x0000000001f32800 Exception <a 'java/lang/NoSuchMethodError': Method sun.misc.Unsafe.prefetchRead(Ljava/lang/Object;J)V name or signature does not match> (0x00000000eab07fa8) thrown at [D:\re\workspace\8-2-build-windows-amd64-cygwin\jdk8u92\6642\hotspot\src\share\vm\prims\j

Events (10 events):
Event: 1.996 Thread 0x00000000161ac800 DEOPT PACKING pc=0x000000000229003c sp=0x000000001674e580
Event: 1.996 Thread 0x00000000161ac800 DEOPT UNPACKING pc=0x000000000207582a sp=0x000000001674e4a8 mode 2
Event: 2.012 Thread 0x00000000161fe000 DEOPT PACKING pc=0x000000000238eacd sp=0x0000000016b4ece0
Event: 2.012 Thread 0x00000000161fe000 DEOPT UNPACKING pc=0x000000000207787f sp=0x0000000016b4ea50 mode 0
Event: 2.031 loading class com/android/dx/dex/file/ParameterAnnotationStruct
Event: 2.031 loading class com/android/dx/dex/file/ParameterAnnotationStruct done
Event: 2.032 loading class com/android/dx/dex/file/UniformListItem
Event: 2.032 loading class com/android/dx/dex/file/UniformListItem done
Event: 2.032 loading class com/android/dx/dex/file/AnnotationSetRefItem
Event: 2.032 loading class com/android/dx/dex/file/AnnotationSetRefItem done


Dynamic libraries:
0x00007ff7b9a90000 - 0x00007ff7b9ac7000 	C:\Program Files\Java\jdk1.8.0_92\bin\java.exe
0x00007ff8c1da0000 - 0x00007ff8c1f4a000 	C:\Windows\SYSTEM32\ntdll.dll
0x00007ff8c1530000 - 0x00007ff8c166a000 	C:\Windows\system32\KERNEL32.DLL
0x00007ff8bf4c0000 - 0x00007ff8bf5cf000 	C:\Windows\system32\KERNELBASE.dll
0x00007ff8bdd40000 - 0x00007ff8bddc8000 	C:\Windows\system32\apphelp.dll
0x00007ff8a1c90000 - 0x00007ff8a1cdf000 	C:\Windows\AppPatch\AppPatch64\AcGenral.DLL
0x00007ff8c1ce0000 - 0x00007ff8c1d87000 	C:\Windows\system32\msvcrt.dll
0x00007ff8bef50000 - 0x00007ff8bef7b000 	C:\Windows\SYSTEM32\SspiCli.dll
0x00007ff8bf7c0000 - 0x00007ff8bf811000 	C:\Windows\system32\SHLWAPI.dll
0x00007ff8c1680000 - 0x00007ff8c17f1000 	C:\Windows\system32\USER32.dll
0x00007ff8c1800000 - 0x00007ff8c1978000 	C:\Windows\system32\ole32.dll
0x00007ff8bfdc0000 - 0x00007ff8c11d7000 	C:\Windows\system32\SHELL32.dll
0x00007ff8be780000 - 0x00007ff8be79e000 	C:\Windows\SYSTEM32\USERENV.dll
0x00007ff8c1380000 - 0x00007ff8c1425000 	C:\Windows\system32\ADVAPI32.dll
0x00007ff8ba5f0000 - 0x00007ff8ba60b000 	C:\Windows\SYSTEM32\MPR.dll
0x00007ff8bf620000 - 0x00007ff8bf756000 	C:\Windows\system32\RPCRT4.dll
0x00007ff8bfa70000 - 0x00007ff8bfac7000 	C:\Windows\SYSTEM32\sechost.dll
0x00007ff8c1b00000 - 0x00007ff8c1cd6000 	C:\Windows\SYSTEM32\combase.dll
0x00007ff8bfc70000 - 0x00007ff8bfdb5000 	C:\Windows\system32\GDI32.dll
0x00007ff8bf110000 - 0x00007ff8bf124000 	C:\Windows\SYSTEM32\profapi.dll
0x00007ff8bd770000 - 0x00007ff8bd80f000 	C:\Windows\SYSTEM32\SHCORE.dll
0x00007ff8c1430000 - 0x00007ff8c1464000 	C:\Windows\system32\IMM32.DLL
0x00007ff8c11e0000 - 0x00007ff8c1319000 	C:\Windows\system32\MSCTF.dll
0x00007ff8bcef0000 - 0x00007ff8bd14a000 	C:\Windows\WinSxS\amd64_microsoft.windows.common-controls_6595b64144ccf1df_6.0.9600.17031_none_6242a4b3ecbb55a1\COMCTL32.dll
0x000000005fcc0000 - 0x000000005fd92000 	C:\Program Files\Java\jdk1.8.0_92\jre\bin\msvcr100.dll
0x0000000060440000 - 0x0000000060cd6000 	C:\Program Files\Java\jdk1.8.0_92\jre\bin\server\jvm.dll
0x00007ff8b7f00000 - 0x00007ff8b7f09000 	C:\Windows\SYSTEM32\WSOCK32.dll
0x00007ff8baf20000 - 0x00007ff8baf3f000 	C:\Windows\SYSTEM32\WINMM.dll
0x00007ff8bce20000 - 0x00007ff8bce2a000 	C:\Windows\SYSTEM32\VERSION.dll
0x00007ff8c1670000 - 0x00007ff8c1677000 	C:\Windows\system32\PSAPI.DLL
0x00007ff8c1320000 - 0x00007ff8c1378000 	C:\Windows\system32\WS2_32.dll
0x00007ff8ba790000 - 0x00007ff8ba7ba000 	C:\Windows\SYSTEM32\WINMMBASE.dll
0x00007ff8bf820000 - 0x00007ff8bf829000 	C:\Windows\system32\NSI.dll
0x00007ff8bf1e0000 - 0x00007ff8bf22a000 	C:\Windows\SYSTEM32\cfgmgr32.dll
0x00007ff8bdf90000 - 0x00007ff8bdfb6000 	C:\Windows\SYSTEM32\DEVOBJ.dll
0x0000000060f50000 - 0x0000000060f5f000 	C:\Program Files\Java\jdk1.8.0_92\jre\bin\verify.dll
0x0000000060410000 - 0x0000000060439000 	C:\Program Files\Java\jdk1.8.0_92\jre\bin\java.dll
0x00000000603f0000 - 0x0000000060406000 	C:\Program Files\Java\jdk1.8.0_92\jre\bin\zip.dll

VM Arguments:
jvm_args: -Djava.awt.headless=true -Xmx1024M -Dfile.encoding=windows-1252 -Duser.country=US -Duser.language=en -Duser.variant 
java_command: com.android.dx.command.Main --dex --force-jumbo --num-threads=4 --multi-dex --output C:\Zooket\app\build\intermediates\transforms\dex\debug\folders\1000\10\com.android.support-recyclerview-v7-23.4.0_6c2783278c301ed03eaed28e8f4efe9a1e4907ed C:\Zooket\app\build\intermediates\exploded-aar\com.android.support\recyclerview-v7\23.4.0\jars\classes.jar
java_class_path (initial): C:\android-sdk-windows\build-tools\24.0.3\lib\dx.jar
Launcher Type: SUN_STANDARD

Environment Variables:
PATH=C:\ProgramData\Oracle\Java\javapath;C:\Windows\system32;C:\Windows;C:\Windows\System32\Wbem;C:\Windows\System32\WindowsPowerShell\v1.0\;C:\Program Files (x86)\NVIDIA Corporation\PhysX\Common;C:\Program Files (x86)\Windows Kits\8.1\Windows Performance Toolkit\;C:\Program Files\Microsoft SQL Server\110\Tools\Binn\;C:\Program Files\Microsoft SQL Server\110\DTS\Binn\;C:\Program Files (x86)\Microsoft SQL Server\110\Tools\Binn\;C:\Program Files (x86)\Microsoft SQL Server\110\Tools\Binn\ManagementStudio\;C:\Program Files (x86)\Microsoft Visual Studio 10.0\Common7\IDE\PrivateAssemblies\;C:\Program Files (x86)\Microsoft SQL Server\110\DTS\Binn\;C:\Program Files (x86)\GtkSharp\2.12\bin;C:\Program Files (x86)\QuickTime\QTSystem\
USERNAME=Smo
OS=Windows_NT
PROCESSOR_IDENTIFIER=Intel64 Family 6 Model 94 Stepping 3, GenuineIntel



---------------  S Y S T E M  ---------------

OS: Windows 8.1 , 64 bit Build 9600 (6.3.9600.17056)

CPU:total 4 (4 cores per cpu, 1 threads per core) family 6 model 94 stepping 3, cmov, cx8, fxsr, mmx, sse, sse2, sse3, ssse3, sse4.1, sse4.2, popcnt, avx, avx2, aes, clmul, erms, 3dnowpref, lzcnt, tsc, tscinvbit, bmi1, bmi2, adx

Memory: 4k page, physical 8266404k(1376788k free), swap 8266404k(5076k free)

vm_info: Java HotSpot(TM) 64-Bit Server VM (25.92-b14) for windows-amd64 JRE (1.8.0_92-b14), built on Mar 31 2016 21:03:04 by "java_re" with MS VC++ 10.0 (VS2010)

time: Tue May 09 21:30:32 2017
elapsed time: 2 seconds (0d 0h 0m 2s)

