#
# There is insufficient memory for the Java Runtime Environment to continue.
# Native memory allocation (malloc) failed to allocate 349376 bytes for Chunk::new
# Possible reasons:
#   The system is out of physical RAM or swap space
#   In 32 bit mode, the process size limit was hit
# Possible solutions:
#   Reduce memory load on the system
#   Increase physical memory or swap space
#   Check if swap backing store is full
#   Use 64 bit Java on a 64 bit OS
#   Decrease Java heap size (-Xmx/-Xms)
#   Decrease number of Java threads
#   Decrease Java thread stack sizes (-Xss)
#   Set larger code cache with -XX:ReservedCodeCacheSize=
# This output file may be truncated or incomplete.
#
#  Out of Memory Error (allocation.cpp:390), pid=9276, tid=0x0000000000002520
#
# JRE version: Java(TM) SE Runtime Environment (8.0_92-b14) (build 1.8.0_92-b14)
# Java VM: Java HotSpot(TM) 64-Bit Server VM (25.92-b14 mixed mode windows-amd64 compressed oops)
# Failed to write core dump. Minidumps are not enabled by default on client versions of Windows
#

---------------  T H R E A D  ---------------

Current thread (0x000000001476f800):  JavaThread "C2 CompilerThread1" daemon [_thread_in_native, id=9504, stack(0x0000000015e60000,0x0000000015f60000)]

Stack: [0x0000000015e60000,0x0000000015f60000]
[error occurred during error reporting (printing stack bounds), id 0xc0000005]

Native frames: (J=compiled Java code, j=interpreted, Vv=VM code, C=native code)


Current CompileTask:
C2:   3045 1168       4       com.android.dx.ssa.back.LivenessAnalyzer::run (231 bytes)


---------------  P R O C E S S  ---------------

Java Threads: ( => current thread )
  0x00000000160af800 JavaThread "pool-1-thread-2" [_thread_in_Java, id=8760, stack(0x0000000016860000,0x0000000016960000)]
  0x00000000160c2000 JavaThread "pool-2-thread-1" [_thread_blocked, id=5684, stack(0x0000000016760000,0x0000000016860000)]
  0x0000000015f66800 JavaThread "Service Thread" daemon [_thread_blocked, id=9532, stack(0x0000000016460000,0x0000000016560000)]
  0x0000000015f61000 JavaThread "C1 CompilerThread2" daemon [_thread_blocked, id=9516, stack(0x0000000016360000,0x0000000016460000)]
=>0x000000001476f800 JavaThread "C2 CompilerThread1" daemon [_thread_in_native, id=9504, stack(0x0000000015e60000,0x0000000015f60000)]
  0x000000001471e000 JavaThread "C2 CompilerThread0" daemon [_thread_in_native, id=9432, stack(0x0000000015d60000,0x0000000015e60000)]
  0x000000001471c000 JavaThread "Attach Listener" daemon [_thread_blocked, id=9468, stack(0x0000000015c60000,0x0000000015d60000)]
  0x000000001471b000 JavaThread "Signal Dispatcher" daemon [_thread_blocked, id=9456, stack(0x0000000015b60000,0x0000000015c60000)]
  0x000000001470a800 JavaThread "Finalizer" daemon [_thread_blocked, id=9232, stack(0x0000000015980000,0x0000000015a80000)]
  0x0000000001fe0800 JavaThread "Reference Handler" daemon [_thread_blocked, id=9308, stack(0x0000000015880000,0x0000000015980000)]
  0x0000000001ef2800 JavaThread "main" [_thread_blocked, id=8832, stack(0x0000000001da0000,0x0000000001ea0000)]

Other Threads:
  0x00000000146e8800 VMThread [stack: 0x0000000015780000,0x0000000015880000] [id=5708]
  0x0000000015f7b000 WatcherThread [stack: 0x0000000016560000,0x0000000016660000] [id=9524]

VM state:not at safepoint (normal execution)

VM Mutex/Monitor currently owned by a thread: None

Heap:
 PSYoungGen      total 38400K, used 8538K [0x00000000eab00000, 0x00000000ed580000, 0x0000000100000000)
  eden space 33280K, 10% used [0x00000000eab00000,0x00000000eae5ab58,0x00000000ecb80000)
  from space 5120K, 99% used [0x00000000ecb80000,0x00000000ed07c020,0x00000000ed080000)
  to   space 5120K, 0% used [0x00000000ed080000,0x00000000ed080000,0x00000000ed580000)
 ParOldGen       total 87552K, used 1920K [0x00000000c0000000, 0x00000000c5580000, 0x00000000eab00000)
  object space 87552K, 2% used [0x00000000c0000000,0x00000000c01e03a8,0x00000000c5580000)
 Metaspace       used 6025K, capacity 6964K, committed 7040K, reserved 1056768K
  class space    used 605K, capacity 620K, committed 640K, reserved 1048576K

Card table byte_map: [0x0000000011410000,0x0000000011620000] byte_map_base: 0x0000000010e10000

Marking Bits: (ParMarkBitMap*) 0x000000006bf164f0
 Begin Bits: [0x0000000011b80000, 0x0000000012b80000)
 End Bits:   [0x0000000012b80000, 0x0000000013b80000)

Polling page: 0x0000000000580000

CodeCache: size=245760Kb used=5082Kb max_used=5082Kb free=240677Kb
 bounds [0x0000000002050000, 0x0000000002550000, 0x0000000011050000]
 total_blobs=1523 nmethods=1254 adapters=182
 compilation: enabled

Compilation events (10 events):
Event: 3.032 Thread 0x0000000015f61000 1258       3       com.android.dx.rop.cst.CstLiteral64::hashCode (15 bytes)
Event: 3.032 Thread 0x0000000015f61000 nmethod 1258 0x0000000002549150 code [0x00000000025492a0, 0x0000000002549410]
Event: 3.033 Thread 0x0000000015f61000 1261       3       com.android.dx.rop.cst.CstDouble::getType (4 bytes)
Event: 3.033 Thread 0x0000000015f61000 nmethod 1261 0x0000000002549490 code [0x00000000025495e0, 0x0000000002549730]
Event: 3.035 Thread 0x0000000015f61000 1262  s    3       com.android.dx.dex.file.MethodIdsSection::intern (55 bytes)
Event: 3.036 Thread 0x0000000015f61000 nmethod 1262 0x00000000025497d0 code [0x0000000002549a00, 0x000000000254a708]
Event: 3.036 Thread 0x0000000015f61000 1263       1       java.util.concurrent.locks.AbstractQueuedSynchronizer::getState (5 bytes)
Event: 3.036 Thread 0x0000000015f61000 nmethod 1263 0x0000000002526150 code [0x00000000025262a0, 0x00000000025263b0]
Event: 3.036 Thread 0x0000000015f61000 1264       1       java.util.concurrent.locks.AbstractOwnableSynchronizer::getExclusiveOwnerThread (5 bytes)
Event: 3.036 Thread 0x0000000015f61000 nmethod 1264 0x000000000254ae10 code [0x000000000254af60, 0x000000000254b070]

GC Heap History (2 events):
Event: 2.684 GC heap before
{Heap before GC invocations=1 (full 0):
 PSYoungGen      total 38400K, used 33280K [0x00000000eab00000, 0x00000000ed580000, 0x0000000100000000)
  eden space 33280K, 100% used [0x00000000eab00000,0x00000000ecb80000,0x00000000ecb80000)
  from space 5120K, 0% used [0x00000000ed080000,0x00000000ed080000,0x00000000ed580000)
  to   space 5120K, 0% used [0x00000000ecb80000,0x00000000ecb80000,0x00000000ed080000)
 ParOldGen       total 87552K, used 0K [0x00000000c0000000, 0x00000000c5580000, 0x00000000eab00000)
  object space 87552K, 0% used [0x00000000c0000000,0x00000000c0000000,0x00000000c5580000)
 Metaspace       used 6006K, capacity 6964K, committed 7040K, reserved 1056768K
  class space    used 605K, capacity 620K, committed 640K, reserved 1048576K
Event: 3.013 GC heap after
Heap after GC invocations=1 (full 0):
 PSYoungGen      total 38400K, used 5104K [0x00000000eab00000, 0x00000000ed580000, 0x0000000100000000)
  eden space 33280K, 0% used [0x00000000eab00000,0x00000000eab00000,0x00000000ecb80000)
  from space 5120K, 99% used [0x00000000ecb80000,0x00000000ed07c020,0x00000000ed080000)
  to   space 5120K, 0% used [0x00000000ed080000,0x00000000ed080000,0x00000000ed580000)
 ParOldGen       total 87552K, used 1920K [0x00000000c0000000, 0x00000000c5580000, 0x00000000eab00000)
  object space 87552K, 2% used [0x00000000c0000000,0x00000000c01e03a8,0x00000000c5580000)
 Metaspace       used 6006K, capacity 6964K, committed 7040K, reserved 1056768K
  class space    used 605K, capacity 620K, committed 640K, reserved 1048576K
}

Deoptimization events (10 events):
Event: 1.787 Thread 0x00000000161b5000 Uncommon trap: reason=class_check action=maybe_recompile pc=0x00000000022d6de8 method=com.android.dx.rop.type.Type.equals(Ljava/lang/Object;)Z @ 8
Event: 2.252 Thread 0x00000000161b5000 Uncommon trap: reason=unstable_if action=reinterpret pc=0x0000000002488f44 method=com.android.dx.rop.code.RegisterSpec.equals(ILcom/android/dx/rop/type/TypeBearer;Lcom/android/dx/rop/code/LocalItem;)Z @ 42
Event: 2.293 Thread 0x00000000160af800 Uncommon trap: reason=unstable_if action=reinterpret pc=0x000000000248f3bc method=com.android.dx.util.IntList.binarysearch(I)I @ 105
Event: 2.293 Thread 0x00000000160af800 Uncommon trap: reason=class_check action=maybe_recompile pc=0x00000000022c7ba4 method=com.android.dx.rop.type.Type.equals(Ljava/lang/Object;)Z @ 8
Event: 2.570 Thread 0x00000000160af800 Uncommon trap: reason=bimorphic action=maybe_recompile pc=0x00000000024e98ac method=java.util.HashMap.getNode(ILjava/lang/Object;)Ljava/util/HashMap$Node; @ 126
Event: 2.570 Thread 0x00000000160af800 Uncommon trap: reason=class_check action=maybe_recompile pc=0x00000000024b894c method=java.util.HashMap.putVal(ILjava/lang/Object;Ljava/lang/Object;ZZ)Ljava/lang/Object; @ 203
Event: 3.028 Thread 0x0000000016091800 Uncommon trap: reason=unstable_if action=reinterpret pc=0x00000000023cffec method=com.android.dx.rop.code.RegisterSpecSet.put(Lcom/android/dx/rop/code/RegisterSpec;)V @ 77
Event: 3.028 Thread 0x0000000016091800 Uncommon trap: reason=unstable_if action=reinterpret pc=0x000000000243c464 method=com.android.dx.rop.code.RegisterSpecSet.put(Lcom/android/dx/rop/code/RegisterSpec;)V @ 77
Event: 3.029 Thread 0x0000000016091800 Uncommon trap: reason=bimorphic action=maybe_recompile pc=0x00000000024e98ac method=java.util.HashMap.getNode(ILjava/lang/Object;)Ljava/util/HashMap$Node; @ 126
Event: 3.029 Thread 0x0000000016091800 Uncommon trap: reason=class_check action=maybe_recompile pc=0x00000000024b894c method=java.util.HashMap.putVal(ILjava/lang/Object;Ljava/lang/Object;ZZ)Ljava/lang/Object; @ 203

Internal exceptions (2 events):
Event: 0.159 Thread 0x0000000001ef2800 Exception <a 'java/lang/NoSuchMethodError': Method sun.misc.Unsafe.defineClass(Ljava/lang/String;[BII)Ljava/lang/Class; name or signature does not match> (0x00000000eab07cc0) thrown at [D:\re\workspace\8-2-build-windows-amd64-cygwin\jdk8u92\6642\hotspot\sr´@ö'ÇTÄ?
Event: 0.159 Thread 0x0000000001ef2800 Exception <a 'java/lang/NoSuchMethodError': Method sun.misc.Unsafe.prefetchRead(Ljava/lang/Object;J)V name or signature does not match> (0x00000000eab07fa8) thrown at [D:\re\workspace\8-2-build-windows-amd64-cygwin\jdk8u92\6642\hotspot\src\share\vm\prims\j

Events (10 events):
Event: 3.028 Thread 0x0000000016091800 DEOPT UNPACKING pc=0x000000000209582a sp=0x000000001675e6e0 mode 2
Event: 3.029 Thread 0x0000000016091800 Uncommon trap: trap_request=0xffffffc6 fr.pc=0x00000000024e98ac
Event: 3.029 Thread 0x0000000016091800 DEOPT PACKING pc=0x00000000024e98ac sp=0x000000001675e770
Event: 3.029 Thread 0x0000000016091800 DEOPT UNPACKING pc=0x000000000209582a sp=0x000000001675e6f0 mode 2
Event: 3.029 Thread 0x0000000016091800 Uncommon trap: trap_request=0xffffffde fr.pc=0x00000000024b894c
Event: 3.029 Thread 0x0000000016091800 DEOPT PACKING pc=0x00000000024b894c sp=0x000000001675e740
Event: 3.029 Thread 0x0000000016091800 DEOPT UNPACKING pc=0x000000000209582a sp=0x000000001675e6c8 mode 2
Event: 3.033 Thread 0x0000000016091800 DEOPT PACKING pc=0x00000000022df665 sp=0x000000001675e800
Event: 3.033 Thread 0x0000000016091800 DEOPT UNPACKING pc=0x000000000209787f sp=0x000000001675e5e0 mode 0
Event: 3.035 Thread 0x0000000016091800 Thread exited: 0x0000000016091800


Dynamic libraries:
0x00007ff7d3560000 - 0x00007ff7d3597000 	C:\Program Files\Java\jdk1.8.0_92\bin\java.exe
0x00007ff89b3d0000 - 0x00007ff89b57a000 	C:\Windows\SYSTEM32\ntdll.dll
0x00007ff898d00000 - 0x00007ff898e3a000 	C:\Windows\system32\KERNEL32.DLL
0x00007ff898af0000 - 0x00007ff898bff000 	C:\Windows\system32\KERNELBASE.dll
0x00007ff897370000 - 0x00007ff8973f8000 	C:\Windows\system32\apphelp.dll
0x00007ff875f50000 - 0x00007ff875f9f000 	C:\Windows\AppPatch\AppPatch64\AcGenral.DLL
0x00007ff899020000 - 0x00007ff8990c7000 	C:\Windows\system32\msvcrt.dll
0x00007ff898580000 - 0x00007ff8985ab000 	C:\Windows\SYSTEM32\SspiCli.dll
0x00007ff89a7a0000 - 0x00007ff89a7f1000 	C:\Windows\system32\SHLWAPI.dll
0x00007ff89a9e0000 - 0x00007ff89ab51000 	C:\Windows\system32\USER32.dll
0x00007ff898ea0000 - 0x00007ff899018000 	C:\Windows\system32\ole32.dll
0x00007ff899380000 - 0x00007ff89a797000 	C:\Windows\system32\SHELL32.dll
0x00007ff897db0000 - 0x00007ff897dce000 	C:\Windows\SYSTEM32\USERENV.dll
0x00007ff89b200000 - 0x00007ff89b2a5000 	C:\Windows\system32\ADVAPI32.dll
0x00007ff893600000 - 0x00007ff89361b000 	C:\Windows\SYSTEM32\MPR.dll
0x00007ff89ad40000 - 0x00007ff89ae76000 	C:\Windows\system32\RPCRT4.dll
0x00007ff898e40000 - 0x00007ff898e97000 	C:\Windows\SYSTEM32\sechost.dll
0x00007ff8990d0000 - 0x00007ff8992a6000 	C:\Windows\SYSTEM32\combase.dll
0x00007ff89ae90000 - 0x00007ff89afd5000 	C:\Windows\system32\GDI32.dll
0x00007ff898740000 - 0x00007ff898754000 	C:\Windows\SYSTEM32\profapi.dll
0x00007ff896da0000 - 0x00007ff896e3f000 	C:\Windows\SYSTEM32\SHCORE.dll
0x00007ff89a9a0000 - 0x00007ff89a9d4000 	C:\Windows\system32\IMM32.DLL
0x00007ff89b0c0000 - 0x00007ff89b1f9000 	C:\Windows\system32\MSCTF.dll
0x00007ff896520000 - 0x00007ff89677a000 	C:\Windows\WinSxS\amd64_microsoft.windows.common-controls_6595b64144ccf1df_6.0.9600.17031_none_6242a4b3ecbb55a1\COMCTL32.dll
0x000000006b320000 - 0x000000006b3f2000 	C:\Program Files\Java\jdk1.8.0_92\jre\bin\msvcr100.dll
0x000000006b700000 - 0x000000006bf96000 	C:\Program Files\Java\jdk1.8.0_92\jre\bin\server\jvm.dll
0x00007ff88b560000 - 0x00007ff88b569000 	C:\Windows\SYSTEM32\WSOCK32.dll
0x00007ff88ab60000 - 0x00007ff88ab7f000 	C:\Windows\SYSTEM32\WINMM.dll
0x00007ff896450000 - 0x00007ff89645a000 	C:\Windows\SYSTEM32\VERSION.dll
0x00007ff89ae80000 - 0x00007ff89ae87000 	C:\Windows\system32\PSAPI.DLL
0x00007ff8992b0000 - 0x00007ff899308000 	C:\Windows\system32\WS2_32.dll
0x00007ff88aac0000 - 0x00007ff88aaea000 	C:\Windows\SYSTEM32\WINMMBASE.dll
0x00007ff89b000000 - 0x00007ff89b009000 	C:\Windows\system32\NSI.dll
0x00007ff898c00000 - 0x00007ff898c4a000 	C:\Windows\SYSTEM32\cfgmgr32.dll
0x00007ff8975c0000 - 0x00007ff8975e6000 	C:\Windows\SYSTEM32\DEVOBJ.dll
0x000000006e490000 - 0x000000006e49f000 	C:\Program Files\Java\jdk1.8.0_92\jre\bin\verify.dll
0x000000006c680000 - 0x000000006c6a9000 	C:\Program Files\Java\jdk1.8.0_92\jre\bin\java.dll
0x000000006c660000 - 0x000000006c676000 	C:\Program Files\Java\jdk1.8.0_92\jre\bin\zip.dll

VM Arguments:
jvm_args: -Djava.awt.headless=true -Xmx1024M -Dfile.encoding=windows-1252 -Duser.country=US -Duser.language=en -Duser.variant 
java_command: com.android.dx.command.Main --dex --force-jumbo --num-threads=4 --output C:\Zooket\app\build\intermediates\pre-dexed\debug\com.android.support-support-vector-drawable-23.4.0_2905c6d37a4aba6a349224c6e6e04bd641271886.jar C:\Zooket\app\build\intermediates\exploded-aar\com.android.support\support-vector-drawable\23.4.0\jars\classes.jar
java_class_path (initial): C:\android-sdk-windows\build-tools\24.0.3\lib\dx.jar
Launcher Type: SUN_STANDARD

Environment Variables:
PATH=C:\ProgramData\Oracle\Java\javapath;C:\Windows\system32;C:\Windows;C:\Windows\System32\Wbem;C:\Windows\System32\WindowsPowerShell\v1.0\;C:\Program Files (x86)\NVIDIA Corporation\PhysX\Common;C:\Program Files (x86)\Windows Kits\8.1\Windows Performance Toolkit\;C:\Program Files\Microsoft SQL Server\110\Tools\Binn\;C:\Program Files\Microsoft SQL Server\110\DTS\Binn\;C:\Program Files (x86)\Microsoft SQL Server\110\Tools\Binn\;C:\Program Files (x86)\Microsoft SQL Server\110\Tools\Binn\ManagementStudio\;C:\Program Files (x86)\Microsoft Visual Studio 10.0\Common7\IDE\PrivateAssemblies\;C:\Program Files (x86)\Microsoft SQL Server\110\DTS\Binn\;C:\Program Files (x86)\GtkSharp\2.12\bin;C:\Program Files (x86)\QuickTime\QTSystem\
USERNAME=Smo
OS=Windows_NT
PROCESSOR_IDENTIFIER=Intel64 Family 6 Model 94 Stepping 3, GenuineIntel



---------------  S Y S T E M  ---------------

OS: Windows 8.1 , 64 bit Build 9600 (6.3.9600.17056)

CPU:total 4 (4 cores per cpu, 1 threads per core) family 6 model 94 stepping 3, cmov, cx8, fxsr, mmx, sse, sse2, sse3, ssse3, sse4.1, sse4.2, popcnt, avx, avx2, aes, clmul, erms, 3dnowpref, lzcnt, tsc, tscinvbit, bmi1, bmi2, adx

Memory: 4k page, physical 8266404k(1522124k free), swap 8266404k(5116k free)

vm_info: Java HotSpot(TM) 64-Bit Server VM (25.92-b14) for windows-amd64 JRE (1.8.0_92-b14), built on Mar 31 2016 21:03:04 by "java_re" with MS VC++ 10.0 (VS2010)

time: Thu May 11 22:11:16 2017
elapsed time: 3 seconds (0d 0h 0m 3s)

