#
# There is insufficient memory for the Java Runtime Environment to continue.
# Native memory allocation (malloc) failed to allocate 480104 bytes for AllocateHeap
# Possible reasons:
#   The system is out of physical RAM or swap space
#   In 32 bit mode, the process size limit was hit
# Possible solutions:
#   Reduce memory load on the system
#   Increase physical memory or swap space
#   Check if swap backing store is full
#   Use 64 bit Java on a 64 bit OS
#   Decrease Java heap size (-Xmx/-Xms)
#   Decrease number of Java threads
#   Decrease Java thread stack sizes (-Xss)
#   Set larger code cache with -XX:ReservedCodeCacheSize=
# This output file may be truncated or incomplete.
#
#  Out of Memory Error (memory/allocation.inline.hpp:61), pid=6216, tid=0x000000000000239c
#
# JRE version:  (8.0_92-b14) (build )
# Java VM: Java HotSpot(TM) 64-Bit Server VM (25.92-b14 mixed mode windows-amd64 compressed oops)
# Failed to write core dump. Minidumps are not enabled by default on client versions of Windows
#

---------------  T H R E A D  ---------------

Current thread (0x00000000029f0800):  JavaThread "Unknown thread" [_thread_in_vm, id=9116, stack(0x00000000028f0000,0x00000000029f0000)]

Stack: [0x00000000028f0000,0x00000000029f0000]
[error occurred during error reporting (printing stack bounds), id 0xc0000005]

Native frames: (J=compiled Java code, j=interpreted, Vv=VM code, C=native code)


---------------  P R O C E S S  ---------------

Java Threads: ( => current thread )

Other Threads:

=>0x00000000029f0800 (exited) JavaThread "Unknown thread" [_thread_in_vm, id=9116, stack(0x00000000028f0000,0x00000000029f0000)]

VM state:not at safepoint (not fully initialized)

VM Mutex/Monitor currently owned by a thread: None

GC Heap History (0 events):
No events

Deoptimization events (0 events):
No events

Internal exceptions (0 events):
No events

Events (0 events):
No events


Dynamic libraries:
0x00007ff6cbb10000 - 0x00007ff6cbb47000 	C:\Program Files\Java\jdk1.8.0_92\bin\java.exe
0x00007ffae65e0000 - 0x00007ffae678a000 	C:\Windows\SYSTEM32\ntdll.dll
0x00007ffae5b60000 - 0x00007ffae5c9a000 	C:\Windows\system32\KERNEL32.DLL
0x00007ffae3d50000 - 0x00007ffae3e5f000 	C:\Windows\system32\KERNELBASE.dll
0x00007ffae2580000 - 0x00007ffae2608000 	C:\Windows\system32\apphelp.dll
0x00007fface8f0000 - 0x00007fface93f000 	C:\Windows\AppPatch\AppPatch64\AcGenral.DLL
0x00007ffae5710000 - 0x00007ffae57b7000 	C:\Windows\system32\msvcrt.dll
0x00007ffae3790000 - 0x00007ffae37bb000 	C:\Windows\SYSTEM32\SspiCli.dll
0x00007ffae5e40000 - 0x00007ffae5e91000 	C:\Windows\system32\SHLWAPI.dll
0x00007ffae6460000 - 0x00007ffae65d1000 	C:\Windows\system32\USER32.dll
0x00007ffae5cc0000 - 0x00007ffae5e38000 	C:\Windows\system32\ole32.dll
0x00007ffae4010000 - 0x00007ffae5427000 	C:\Windows\system32\SHELL32.dll
0x00007ffae2fc0000 - 0x00007ffae2fde000 	C:\Windows\SYSTEM32\USERENV.dll
0x00007ffae5f20000 - 0x00007ffae5fc5000 	C:\Windows\system32\ADVAPI32.dll
0x00007ffade890000 - 0x00007ffade8ab000 	C:\Windows\SYSTEM32\MPR.dll
0x00007ffae6100000 - 0x00007ffae6236000 	C:\Windows\system32\RPCRT4.dll
0x00007ffae5430000 - 0x00007ffae5487000 	C:\Windows\SYSTEM32\sechost.dll
0x00007ffae5530000 - 0x00007ffae5706000 	C:\Windows\SYSTEM32\combase.dll
0x00007ffae3ec0000 - 0x00007ffae4005000 	C:\Windows\system32\GDI32.dll
0x00007ffae3950000 - 0x00007ffae3964000 	C:\Windows\SYSTEM32\profapi.dll
0x00007ffae1fb0000 - 0x00007ffae204f000 	C:\Windows\SYSTEM32\SHCORE.dll
0x00007ffae6240000 - 0x00007ffae6274000 	C:\Windows\system32\IMM32.DLL
0x00007ffae5880000 - 0x00007ffae59b9000 	C:\Windows\system32\MSCTF.dll
0x00007ffae1620000 - 0x00007ffae187a000 	C:\Windows\WinSxS\amd64_microsoft.windows.common-controls_6595b64144ccf1df_6.0.9600.17031_none_6242a4b3ecbb55a1\COMCTL32.dll
0x0000000076040000 - 0x0000000076112000 	C:\Program Files\Java\jdk1.8.0_92\jre\bin\msvcr100.dll
0x0000000076750000 - 0x0000000076fe6000 	C:\Program Files\Java\jdk1.8.0_92\jre\bin\server\jvm.dll
0x00007ffadb460000 - 0x00007ffadb469000 	C:\Windows\SYSTEM32\WSOCK32.dll
0x00007ffad84b0000 - 0x00007ffad84cf000 	C:\Windows\SYSTEM32\WINMM.dll
0x00007ffae1520000 - 0x00007ffae152a000 	C:\Windows\SYSTEM32\VERSION.dll
0x00007ffae6030000 - 0x00007ffae6037000 	C:\Windows\system32\PSAPI.DLL
0x00007ffae5fd0000 - 0x00007ffae6028000 	C:\Windows\system32\WS2_32.dll
0x00007ffad8480000 - 0x00007ffad84aa000 	C:\Windows\SYSTEM32\WINMMBASE.dll
0x00007ffae5cb0000 - 0x00007ffae5cb9000 	C:\Windows\system32\NSI.dll
0x00007ffae3a20000 - 0x00007ffae3a6a000 	C:\Windows\SYSTEM32\cfgmgr32.dll
0x00007ffae27d0000 - 0x00007ffae27f6000 	C:\Windows\SYSTEM32\DEVOBJ.dll
0x0000000050000000 - 0x000000005000f000 	C:\Program Files\Java\jdk1.8.0_92\jre\bin\verify.dll
0x0000000076720000 - 0x0000000076749000 	C:\Program Files\Java\jdk1.8.0_92\jre\bin\java.dll
0x0000000076700000 - 0x0000000076716000 	C:\Program Files\Java\jdk1.8.0_92\jre\bin\zip.dll

VM Arguments:
jvm_args: -Djava.awt.headless=true -Xmx1024M -Dfile.encoding=windows-1252 -Duser.country=US -Duser.language=en -Duser.variant 
java_command: com.android.dx.command.Main --dex --force-jumbo --num-threads=4 --output C:\Zooket\app\build\intermediates\pre-dexed\debug\main_d0fc38630bf5975ede5b074e90315549bcd3519c.jar C:\Zooket\app\build\intermediates\transforms\instantRun\debug\folders\1\5\main
java_class_path (initial): C:\android-sdk-windows\build-tools\24.0.3\lib\dx.jar
Launcher Type: SUN_STANDARD

Environment Variables:
PATH=C:\ProgramData\Oracle\Java\javapath;C:\Windows\system32;C:\Windows;C:\Windows\System32\Wbem;C:\Windows\System32\WindowsPowerShell\v1.0\;C:\Program Files (x86)\NVIDIA Corporation\PhysX\Common;C:\Program Files (x86)\Windows Kits\8.1\Windows Performance Toolkit\;C:\Program Files\Microsoft SQL Server\110\Tools\Binn\;C:\Program Files\Microsoft SQL Server\110\DTS\Binn\;C:\Program Files (x86)\Microsoft SQL Server\110\Tools\Binn\;C:\Program Files (x86)\Microsoft SQL Server\110\Tools\Binn\ManagementStudio\;C:\Program Files (x86)\Microsoft Visual Studio 10.0\Common7\IDE\PrivateAssemblies\;C:\Program Files (x86)\Microsoft SQL Server\110\DTS\Binn\;C:\Program Files (x86)\GtkSharp\2.12\bin;C:\Program Files (x86)\QuickTime\QTSystem\
USERNAME=Smo
OS=Windows_NT
PROCESSOR_IDENTIFIER=Intel64 Family 6 Model 94 Stepping 3, GenuineIntel



---------------  S Y S T E M  ---------------

OS: Windows 8.1 , 64 bit Build 9600 (6.3.9600.17056)

CPU:total 4 (4 cores per cpu, 1 threads per core) family 6 model 94 stepping 3, cmov, cx8, fxsr, mmx, sse, sse2, sse3, ssse3, sse4.1, sse4.2, popcnt, avx, avx2, aes, clmul, erms, 3dnowpref, lzcnt, tsc, tscinvbit, bmi1, bmi2, adx

Memory: 4k page, physical 8266404k(1448336k free), swap 8266404k(5356k free)

vm_info: Java HotSpot(TM) 64-Bit Server VM (25.92-b14) for windows-amd64 JRE (1.8.0_92-b14), built on Mar 31 2016 21:03:04 by "java_re" with MS VC++ 10.0 (VS2010)

time: Thu May 18 19:21:18 2017
elapsed time: 0 seconds (0d 0h 0m 0s)

