#
# There is insufficient memory for the Java Runtime Environment to continue.
# Native memory allocation (malloc) failed to allocate 32744 bytes for ChunkPool::allocate
# Possible reasons:
#   The system is out of physical RAM or swap space
#   In 32 bit mode, the process size limit was hit
# Possible solutions:
#   Reduce memory load on the system
#   Increase physical memory or swap space
#   Check if swap backing store is full
#   Use 64 bit Java on a 64 bit OS
#   Decrease Java heap size (-Xmx/-Xms)
#   Decrease number of Java threads
#   Decrease Java thread stack sizes (-Xss)
#   Set larger code cache with -XX:ReservedCodeCacheSize=
# This output file may be truncated or incomplete.
#
#  Out of Memory Error (allocation.cpp:273), pid=8656, tid=0x0000000000000438
#
# JRE version: Java(TM) SE Runtime Environment (8.0_92-b14) (build 1.8.0_92-b14)
# Java VM: Java HotSpot(TM) 64-Bit Server VM (25.92-b14 mixed mode windows-amd64 compressed oops)
# Failed to write core dump. Minidumps are not enabled by default on client versions of Windows
#

---------------  T H R E A D  ---------------

Current thread (0x0000000014a9e000):  JavaThread "C2 CompilerThread0" daemon [_thread_in_vm, id=1080, stack(0x00000000160f0000,0x00000000161f0000)]

Stack: [0x00000000160f0000,0x00000000161f0000]
[error occurred during error reporting (printing stack bounds), id 0xc0000005]

Native frames: (J=compiled Java code, j=interpreted, Vv=VM code, C=native code)


Current CompileTask:
C2:    926  629       4       com.android.dx.ssa.SsaBasicBlock::forEachInsn (37 bytes)


---------------  P R O C E S S  ---------------

Java Threads: ( => current thread )
  0x0000000016648000 JavaThread "pool-1-thread-4" [_thread_new, id=9196, stack(0x0000000000000000,0x0000000000000000)]
  0x0000000016538000 JavaThread "pool-1-thread-3" [_thread_new, id=8016, stack(0x0000000000000000,0x0000000000000000)]
  0x0000000016537000 JavaThread "pool-1-thread-2" [_thread_in_Java, id=6540, stack(0x0000000016bf0000,0x0000000016cf0000)]
  0x0000000016536800 JavaThread "pool-2-thread-1" [_thread_blocked, id=7356, stack(0x0000000016af0000,0x0000000016bf0000)]
  0x0000000016515000 JavaThread "pool-1-thread-1" [_thread_in_Java, id=9112, stack(0x00000000169f0000,0x0000000016af0000)]
  0x00000000163f0800 JavaThread "Service Thread" daemon [_thread_blocked, id=9036, stack(0x00000000167f0000,0x00000000168f0000)]
  0x0000000014afc000 JavaThread "C1 CompilerThread2" daemon [_thread_in_native, id=5296, stack(0x00000000162f0000,0x00000000163f0000)]
  0x0000000014adf800 JavaThread "C2 CompilerThread1" daemon [_thread_in_vm, id=7412, stack(0x00000000161f0000,0x00000000162f0000)]
=>0x0000000014a9e000 JavaThread "C2 CompilerThread0" daemon [_thread_in_vm, id=1080, stack(0x00000000160f0000,0x00000000161f0000)]
  0x0000000014a9c000 JavaThread "Attach Listener" daemon [_thread_blocked, id=7688, stack(0x0000000015ff0000,0x00000000160f0000)]
  0x0000000014a9b000 JavaThread "Signal Dispatcher" daemon [_thread_blocked, id=4480, stack(0x0000000015ef0000,0x0000000015ff0000)]
  0x0000000014a8a800 JavaThread "Finalizer" daemon [_thread_blocked, id=9160, stack(0x0000000015d10000,0x0000000015e10000)]
  0x00000000023c0800 JavaThread "Reference Handler" daemon [_thread_blocked, id=7936, stack(0x0000000015c10000,0x0000000015d10000)]
  0x00000000022d2800 JavaThread "main" [_thread_in_Java, id=9204, stack(0x0000000002130000,0x0000000002230000)]

Other Threads:
  0x0000000014a68800 VMThread [stack: 0x0000000015b10000,0x0000000015c10000] [id=9184]
  0x00000000163f3800 WatcherThread [stack: 0x00000000168f0000,0x00000000169f0000] [id=9164]

VM state:not at safepoint (normal execution)

VM Mutex/Monitor currently owned by a thread: None

Heap:
 PSYoungGen      total 38400K, used 13337K [0x00000000eab00000, 0x00000000ed580000, 0x0000000100000000)
  eden space 33280K, 40% used [0x00000000eab00000,0x00000000eb8065b8,0x00000000ecb80000)
  from space 5120K, 0% used [0x00000000ed080000,0x00000000ed080000,0x00000000ed580000)
  to   space 5120K, 0% used [0x00000000ecb80000,0x00000000ecb80000,0x00000000ed080000)
 ParOldGen       total 87552K, used 0K [0x00000000c0000000, 0x00000000c5580000, 0x00000000eab00000)
  object space 87552K, 0% used [0x00000000c0000000,0x00000000c0000000,0x00000000c5580000)
 Metaspace       used 5640K, capacity 6640K, committed 6784K, reserved 1056768K
  class space    used 593K, capacity 616K, committed 640K, reserved 1048576K

Card table byte_map: [0x0000000011790000,0x00000000119a0000] byte_map_base: 0x0000000011190000

Marking Bits: (ParMarkBitMap*) 0x0000000066bd64f0
 Begin Bits: [0x0000000011f00000, 0x0000000012f00000)
 End Bits:   [0x0000000012f00000, 0x0000000013f00000)

Polling page: 0x00000000009c0000

CodeCache: size=245760Kb used=2518Kb max_used=2530Kb free=243241Kb
 bounds [0x00000000023d0000, 0x0000000002650000, 0x00000000113d0000]
 total_blobs=880 nmethods=612 adapters=181
 compilation: enabled

Compilation events (10 events):
Event: 0.919 Thread 0x0000000014adf800 nmethod 617 0x000000000263de10 code [0x000000000263df40, 0x000000000263dfd8]
Event: 0.919 Thread 0x0000000014a9e000  623       4       java.util.HashSet::contains (9 bytes)
Event: 0.921 Thread 0x0000000014adf800  625       4       java.util.HashMap::containsKey (18 bytes)
Event: 0.922 Thread 0x0000000014a9e000 nmethod 623 0x000000000263d690 code [0x000000000263d800, 0x000000000263dad8]
Event: 0.922 Thread 0x0000000014a9e000  626       4       com.android.dx.ssa.NormalSsaInsn::isNormalMoveInsn (20 bytes)
Event: 0.922 Thread 0x0000000014a9e000 nmethod 626 0x000000000263d410 code [0x000000000263d540, 0x000000000263d5d8]
Event: 0.922 Thread 0x0000000014a9e000  627       4       java.util.ArrayList::isEmpty (13 bytes)
Event: 0.922 Thread 0x0000000014a9e000 nmethod 627 0x000000000260a1d0 code [0x000000000260a300, 0x000000000260a378]
Event: 0.923 Thread 0x0000000014adf800 nmethod 625 0x000000000263cdd0 code [0x000000000263cf20, 0x000000000263d1b8]
Event: 0.925 Thread 0x0000000014a9e000  629       4       com.android.dx.ssa.SsaBasicBlock::forEachInsn (37 bytes)

GC Heap History (0 events):
No events

Deoptimization events (0 events):
No events

Internal exceptions (2 events):
Event: 0.058 Thread 0x00000000022d2800 Exception <a 'java/lang/NoSuchMethodError': Method sun.misc.Unsafe.defineClass(Ljava/lang/String;[BII)Ljava/lang/Class; name or signature does not match> (0x00000000eab07cc0) thrown at [D:\re\workspace\8-2-build-windows-amd64-cygwin\jdk8u92\6642\hotspot\srÃ2çåè­?
Event: 0.058 Thread 0x00000000022d2800 Exception <a 'java/lang/NoSuchMethodError': Method sun.misc.Unsafe.prefetchRead(Ljava/lang/Object;J)V name or signature does not match> (0x00000000eab07fa8) thrown at [D:\re\workspace\8-2-build-windows-amd64-cygwin\jdk8u92\6642\hotspot\src\share\vm\prims\j

Events (10 events):
Event: 0.887 loading class com/android/dx/ssa/PhiInsn$Operand
Event: 0.887 loading class com/android/dx/ssa/PhiInsn$Operand done
Event: 0.890 loading class com/android/dx/ssa/back/FirstFitLocalCombiningAllocator$Multiset
Event: 0.890 loading class com/android/dx/ssa/back/FirstFitLocalCombiningAllocator$Multiset done
Event: 0.891 loading class java/util/DualPivotQuicksort
Event: 0.891 loading class java/util/DualPivotQuicksort done
Event: 0.918 loading class java/util/ArrayList$1
Event: 0.918 loading class java/util/ArrayList$1 done
Event: 0.925 loading class com/android/dx/dex/file/MethodAnnotationStruct
Event: 0.925 loading class com/android/dx/dex/file/MethodAnnotationStruct done


Dynamic libraries:
0x00007ff6735d0000 - 0x00007ff673607000 	C:\Program Files\Java\jdk1.8.0_92\bin\java.exe
0x00007ff93cdb0000 - 0x00007ff93cf5a000 	C:\Windows\SYSTEM32\ntdll.dll
0x00007ff93a690000 - 0x00007ff93a7ca000 	C:\Windows\system32\KERNEL32.DLL
0x00007ff93a340000 - 0x00007ff93a44f000 	C:\Windows\system32\KERNELBASE.dll
0x00007ff938d50000 - 0x00007ff938dd8000 	C:\Windows\system32\apphelp.dll
0x00007ff9245a0000 - 0x00007ff9245ef000 	C:\Windows\AppPatch\AppPatch64\AcGenral.DLL
0x00007ff93cd00000 - 0x00007ff93cda7000 	C:\Windows\system32\msvcrt.dll
0x00007ff939f60000 - 0x00007ff939f8b000 	C:\Windows\SYSTEM32\SspiCli.dll
0x00007ff93b640000 - 0x00007ff93b691000 	C:\Windows\system32\SHLWAPI.dll
0x00007ff93aaa0000 - 0x00007ff93ac11000 	C:\Windows\system32\USER32.dll
0x00007ff93b280000 - 0x00007ff93b3f8000 	C:\Windows\system32\ole32.dll
0x00007ff93b8e0000 - 0x00007ff93ccf7000 	C:\Windows\system32\SHELL32.dll
0x00007ff939790000 - 0x00007ff9397ae000 	C:\Windows\SYSTEM32\USERENV.dll
0x00007ff93a7d0000 - 0x00007ff93a875000 	C:\Windows\system32\ADVAPI32.dll
0x00007ff935560000 - 0x00007ff93557b000 	C:\Windows\SYSTEM32\MPR.dll
0x00007ff93b140000 - 0x00007ff93b276000 	C:\Windows\system32\RPCRT4.dll
0x00007ff93b880000 - 0x00007ff93b8d7000 	C:\Windows\SYSTEM32\sechost.dll
0x00007ff93b6a0000 - 0x00007ff93b876000 	C:\Windows\SYSTEM32\combase.dll
0x00007ff93af90000 - 0x00007ff93b0d5000 	C:\Windows\system32\GDI32.dll
0x00007ff93a120000 - 0x00007ff93a134000 	C:\Windows\SYSTEM32\profapi.dll
0x00007ff938780000 - 0x00007ff93881f000 	C:\Windows\SYSTEM32\SHCORE.dll
0x00007ff93ace0000 - 0x00007ff93ad14000 	C:\Windows\system32\IMM32.DLL
0x00007ff93a940000 - 0x00007ff93aa79000 	C:\Windows\system32\MSCTF.dll
0x00007ff937e70000 - 0x00007ff9380ca000 	C:\Windows\WinSxS\amd64_microsoft.windows.common-controls_6595b64144ccf1df_6.0.9600.17031_none_6242a4b3ecbb55a1\COMCTL32.dll
0x0000000066c60000 - 0x0000000066d32000 	C:\Program Files\Java\jdk1.8.0_92\jre\bin\msvcr100.dll
0x00000000663c0000 - 0x0000000066c56000 	C:\Program Files\Java\jdk1.8.0_92\jre\bin\server\jvm.dll
0x00007ff9329b0000 - 0x00007ff9329b9000 	C:\Windows\SYSTEM32\WSOCK32.dll
0x00007ff932ab0000 - 0x00007ff932acf000 	C:\Windows\SYSTEM32\WINMM.dll
0x00007ff937e30000 - 0x00007ff937e3a000 	C:\Windows\SYSTEM32\VERSION.dll
0x00007ff93aa90000 - 0x00007ff93aa97000 	C:\Windows\system32\PSAPI.DLL
0x00007ff93b0e0000 - 0x00007ff93b138000 	C:\Windows\system32\WS2_32.dll
0x00007ff92ff60000 - 0x00007ff92ff8a000 	C:\Windows\SYSTEM32\WINMMBASE.dll
0x00007ff93aa80000 - 0x00007ff93aa89000 	C:\Windows\system32\NSI.dll
0x00007ff93a1f0000 - 0x00007ff93a23a000 	C:\Windows\SYSTEM32\cfgmgr32.dll
0x00007ff938fa0000 - 0x00007ff938fc6000 	C:\Windows\SYSTEM32\DEVOBJ.dll
0x00000000663b0000 - 0x00000000663bf000 	C:\Program Files\Java\jdk1.8.0_92\jre\bin\verify.dll
0x0000000066380000 - 0x00000000663a9000 	C:\Program Files\Java\jdk1.8.0_92\jre\bin\java.dll
0x0000000066360000 - 0x0000000066376000 	C:\Program Files\Java\jdk1.8.0_92\jre\bin\zip.dll

VM Arguments:
jvm_args: -Djava.awt.headless=true -Xmx1024M -Dfile.encoding=windows-1252 -Duser.country=US -Duser.language=en -Duser.variant 
java_command: com.android.dx.command.Main --dex --force-jumbo --num-threads=4 --output C:\Zooket\app\build\intermediates\pre-dexed\debug\com.google.android.gms-play-services-appindexing-9.0.1_576137b09de5bd7d943e0149285650892e092954.jar C:\Zooket\app\build\intermediates\exploded-aar\com.google.android.gms\play-services-appindexing\9.0.1\jars\classes.jar
java_class_path (initial): C:\android-sdk-windows\build-tools\24.0.3\lib\dx.jar
Launcher Type: SUN_STANDARD

Environment Variables:
PATH=C:\ProgramData\Oracle\Java\javapath;C:\Windows\system32;C:\Windows;C:\Windows\System32\Wbem;C:\Windows\System32\WindowsPowerShell\v1.0\;C:\Program Files (x86)\NVIDIA Corporation\PhysX\Common;C:\Program Files (x86)\Windows Kits\8.1\Windows Performance Toolkit\;C:\Program Files\Microsoft SQL Server\110\Tools\Binn\;C:\Program Files\Microsoft SQL Server\110\DTS\Binn\;C:\Program Files (x86)\Microsoft SQL Server\110\Tools\Binn\;C:\Program Files (x86)\Microsoft SQL Server\110\Tools\Binn\ManagementStudio\;C:\Program Files (x86)\Microsoft Visual Studio 10.0\Common7\IDE\PrivateAssemblies\;C:\Program Files (x86)\Microsoft SQL Server\110\DTS\Binn\;C:\Program Files (x86)\GtkSharp\2.12\bin;C:\Program Files (x86)\QuickTime\QTSystem\
USERNAME=Smo
OS=Windows_NT
PROCESSOR_IDENTIFIER=Intel64 Family 6 Model 94 Stepping 3, GenuineIntel



---------------  S Y S T E M  ---------------

OS: Windows 8.1 , 64 bit Build 9600 (6.3.9600.17056)

CPU:total 4 (4 cores per cpu, 1 threads per core) family 6 model 94 stepping 3, cmov, cx8, fxsr, mmx, sse, sse2, sse3, ssse3, sse4.1, sse4.2, popcnt, avx, avx2, aes, clmul, erms, 3dnowpref, lzcnt, tsc, tscinvbit, bmi1, bmi2, adx

Memory: 4k page, physical 8266404k(1225184k free), swap 8266404k(5104k free)

vm_info: Java HotSpot(TM) 64-Bit Server VM (25.92-b14) for windows-amd64 JRE (1.8.0_92-b14), built on Mar 31 2016 21:03:04 by "java_re" with MS VC++ 10.0 (VS2010)

time: Fri Jun 02 11:57:28 2017
elapsed time: 0 seconds (0d 0h 0m 0s)

