#
# There is insufficient memory for the Java Runtime Environment to continue.
# Native memory allocation (malloc) failed to allocate 32744 bytes for ChunkPool::allocate
# Possible reasons:
#   The system is out of physical RAM or swap space
#   In 32 bit mode, the process size limit was hit
# Possible solutions:
#   Reduce memory load on the system
#   Increase physical memory or swap space
#   Check if swap backing store is full
#   Use 64 bit Java on a 64 bit OS
#   Decrease Java heap size (-Xmx/-Xms)
#   Decrease number of Java threads
#   Decrease Java thread stack sizes (-Xss)
#   Set larger code cache with -XX:ReservedCodeCacheSize=
# This output file may be truncated or incomplete.
#
#  Out of Memory Error (allocation.cpp:273), pid=10100, tid=0x0000000000001a70
#
# JRE version: Java(TM) SE Runtime Environment (8.0_92-b14) (build 1.8.0_92-b14)
# Java VM: Java HotSpot(TM) 64-Bit Server VM (25.92-b14 mixed mode windows-amd64 compressed oops)
# Failed to write core dump. Minidumps are not enabled by default on client versions of Windows
#

---------------  T H R E A D  ---------------

Current thread (0x0000000016cd1000):  JavaThread "C1 CompilerThread2" daemon [_thread_in_native, id=6768, stack(0x00000000170d0000,0x00000000171d0000)]

Stack: [0x00000000170d0000,0x00000000171d0000]
[error occurred during error reporting (printing stack bounds), id 0xc0000005]

Native frames: (J=compiled Java code, j=interpreted, Vv=VM code, C=native code)


Current CompileTask:
C1:   1423  175       3      
[error occurred during error reporting (printing current compile task), id 0xe0000001]


---------------  P R O C E S S  ---------------

Java Threads: ( => current thread )
  0x0000000016e25000 JavaThread "pool-1-thread-4" [_thread_new, id=9156, stack(0x0000000000000000,0x0000000000000000)]
  0x0000000016e24800 JavaThread "pool-1-thread-3" [_thread_new, id=10076, stack(0x0000000000000000,0x0000000000000000)]
  0x0000000016e15800 JavaThread "pool-1-thread-2" [_thread_new, id=5256, stack(0x0000000000000000,0x0000000000000000)]
  0x0000000016e15000 JavaThread "pool-2-thread-1" [_thread_new, id=6224, stack(0x0000000000000000,0x0000000000000000)]
  0x0000000016e14000 JavaThread "pool-1-thread-1" [_thread_new, id=3908, stack(0x0000000000000000,0x0000000000000000)]
  0x0000000016cd6800 JavaThread "Service Thread" daemon [_thread_blocked, id=7012, stack(0x00000000171d0000,0x00000000172d0000)]
=>0x0000000016cd1000 JavaThread "C1 CompilerThread2" daemon [_thread_in_native, id=6768, stack(0x00000000170d0000,0x00000000171d0000)]
  0x00000000154f7800 JavaThread "C2 CompilerThread1" daemon [_thread_blocked, id=10192, stack(0x0000000016bd0000,0x0000000016cd0000)]
  0x000000001549e000 JavaThread "C2 CompilerThread0" daemon [_thread_blocked, id=4924, stack(0x0000000016ad0000,0x0000000016bd0000)]
  0x000000001549c000 JavaThread "Attach Listener" daemon [_thread_blocked, id=6516, stack(0x00000000169d0000,0x0000000016ad0000)]
  0x000000001549b000 JavaThread "Signal Dispatcher" daemon [_thread_blocked, id=6444, stack(0x00000000168d0000,0x00000000169d0000)]
  0x000000001548a800 JavaThread "Finalizer" daemon [_thread_blocked, id=9288, stack(0x00000000166f0000,0x00000000167f0000)]
  0x0000000002dc0800 JavaThread "Reference Handler" daemon [_thread_blocked, id=4216, stack(0x00000000165f0000,0x00000000166f0000)]
  0x0000000002cd2800 JavaThread "main" [_thread_in_vm, id=676, stack(0x0000000002ad0000,0x0000000002bd0000)]

Other Threads:
  0x0000000015468800 VMThread [stack: 0x00000000164f0000,0x00000000165f0000] [id=8880]
  0x0000000016cda800 WatcherThread [stack: 0x00000000172d0000,0x00000000173d0000] [id=7728]

VM state:not at safepoint (normal execution)

VM Mutex/Monitor currently owned by a thread: None

Heap:
 PSYoungGen      total 38400K, used 3997K [0x00000000eab00000, 0x00000000ed580000, 0x0000000100000000)
  eden space 33280K, 12% used [0x00000000eab00000,0x00000000eaee74e8,0x00000000ecb80000)
  from space 5120K, 0% used [0x00000000ed080000,0x00000000ed080000,0x00000000ed580000)
  to   space 5120K, 0% used [0x00000000ecb80000,0x00000000ecb80000,0x00000000ed080000)
 ParOldGen       total 87552K, used 0K [0x00000000c0000000, 0x00000000c5580000, 0x00000000eab00000)
  object space 87552K, 0% used [0x00000000c0000000,0x00000000c0000000,0x00000000c5580000)
 Metaspace       used 3908K, capacity 5040K, committed 5120K, reserved 1056768K
  class space    used 441K, capacity 488K, committed 512K, reserved 1048576K

Card table byte_map: [0x0000000012190000,0x00000000123a0000] byte_map_base: 0x0000000011b90000

Marking Bits: (ParMarkBitMap*) 0x00000000630f64f0
 Begin Bits: [0x0000000012900000, 0x0000000013900000)
 End Bits:   [0x0000000013900000, 0x0000000014900000)

Polling page: 0x0000000001380000

CodeCache: size=245760Kb used=1416Kb max_used=1420Kb free=244343Kb
 bounds [0x0000000002dd0000, 0x0000000003040000, 0x0000000011dd0000]
 total_blobs=427 nmethods=174 adapters=166
 compilation: enabled

Compilation events (10 events):
Event: 1.419 Thread 0x0000000016cd1000  170       3       java.util.zip.InflaterInputStream::ensureOpen (18 bytes)
Event: 1.419 Thread 0x000000001549e000 nmethod 172 0x0000000002f2d9d0 code [0x0000000002f2db00, 0x0000000002f2db98]
Event: 1.419 Thread 0x0000000016cd1000 nmethod 170 0x0000000002f2d510 code [0x0000000002f2d680, 0x0000000002f2d8e8]
Event: 1.419 Thread 0x0000000016cd1000  171   !   3       java.util.zip.ZipFile$ZipFileInputStream::close (110 bytes)
Event: 1.420 Thread 0x0000000016cd1000 nmethod 171 0x0000000002f33790 code [0x0000000002f33940, 0x0000000002f34158]
Event: 1.420 Thread 0x0000000016cd1000  173   !   3       java.util.zip.Inflater::ended (32 bytes)
Event: 1.420 Thread 0x0000000016cd1000 nmethod 173 0x0000000002f2ce90 code [0x0000000002f2d000, 0x0000000002f2d3d0]
Event: 1.421 Thread 0x0000000016cd1000  174       3       java.nio.charset.CharsetEncoder::maxBytesPerChar (5 bytes)
Event: 1.421 Thread 0x0000000016cd1000 nmethod 174 0x0000000002f2cb90 code [0x0000000002f2cce0, 0x0000000002f2ce30]
Event: 1.421 Thread 0x0000000016cd1000  175       3       java.util.zip.ZipCoder::getBytes (192 bytes)

GC Heap History (0 events):
No events

Deoptimization events (0 events):
No events

Internal exceptions (2 events):
Event: 0.134 Thread 0x0000000002cd2800 Exception <a 'java/lang/NoSuchMethodError': Method sun.misc.Unsafe.defineClass(Ljava/lang/String;[BII)Ljava/lang/Class; name or signature does not match> (0x00000000eab07cc0) thrown at [D:\re\workspace\8-2-build-windows-amd64-cygwin\jdk8u92\6642\hotspot\srª@{hQÁ?
Event: 0.134 Thread 0x0000000002cd2800 Exception <a 'java/lang/NoSuchMethodError': Method sun.misc.Unsafe.prefetchRead(Ljava/lang/Object;J)V name or signature does not match> (0x00000000eab07fa8) thrown at [D:\re\workspace\8-2-build-windows-amd64-cygwin\jdk8u92\6642\hotspot\src\share\vm\prims\j

Events (10 events):
Event: 1.396 Thread 0x0000000016e15000 Thread added: 0x0000000016e15000
Event: 1.417 Thread 0x0000000016e15800 Thread added: 0x0000000016e15800
Event: 1.419 Thread 0x0000000016e24800 Thread added: 0x0000000016e24800
Event: 1.419 Thread 0x0000000016e25000 Thread added: 0x0000000016e25000
Event: 1.420 loading class com/android/dx/cf/code/BytecodeArray
Event: 1.420 loading class com/android/dx/cf/code/BytecodeArray done
Event: 1.421 loading class com/android/dx/cf/code/SimException
Event: 1.421 loading class com/android/dx/cf/code/SimException done
Event: 1.421 loading class com/android/dx/rop/cst/CstKnownNull
Event: 1.421 loading class com/android/dx/rop/cst/CstKnownNull done


Dynamic libraries:
0x00007ff7caf40000 - 0x00007ff7caf77000 	C:\Program Files\Java\jdk1.8.0_92\bin\java.exe
0x00007fffb8b40000 - 0x00007fffb8cea000 	C:\Windows\SYSTEM32\ntdll.dll
0x00007fffb8550000 - 0x00007fffb868a000 	C:\Windows\system32\KERNEL32.DLL
0x00007fffb5f80000 - 0x00007fffb608f000 	C:\Windows\system32\KERNELBASE.dll
0x00007fffb4ae0000 - 0x00007fffb4b68000 	C:\Windows\system32\apphelp.dll
0x00007fffa3610000 - 0x00007fffa365f000 	C:\Windows\AppPatch\AppPatch64\AcGenral.DLL
0x00007fffb6510000 - 0x00007fffb65b7000 	C:\Windows\system32\msvcrt.dll
0x00007fffb5cf0000 - 0x00007fffb5d1b000 	C:\Windows\SYSTEM32\SspiCli.dll
0x00007fffb6fa0000 - 0x00007fffb6ff1000 	C:\Windows\system32\SHLWAPI.dll
0x00007fffb6aa0000 - 0x00007fffb6c11000 	C:\Windows\system32\USER32.dll
0x00007fffb6e10000 - 0x00007fffb6f88000 	C:\Windows\system32\ole32.dll
0x00007fffb7110000 - 0x00007fffb8527000 	C:\Windows\system32\SHELL32.dll
0x00007fffb5520000 - 0x00007fffb553e000 	C:\Windows\SYSTEM32\USERENV.dll
0x00007fffb65c0000 - 0x00007fffb6665000 	C:\Windows\system32\ADVAPI32.dll
0x00007fffb12f0000 - 0x00007fffb130b000 	C:\Windows\SYSTEM32\MPR.dll
0x00007fffb8760000 - 0x00007fffb8896000 	C:\Windows\system32\RPCRT4.dll
0x00007fffb8690000 - 0x00007fffb86e7000 	C:\Windows\SYSTEM32\sechost.dll
0x00007fffb6670000 - 0x00007fffb6846000 	C:\Windows\SYSTEM32\combase.dll
0x00007fffb6950000 - 0x00007fffb6a95000 	C:\Windows\system32\GDI32.dll
0x00007fffb5eb0000 - 0x00007fffb5ec4000 	C:\Windows\SYSTEM32\profapi.dll
0x00007fffb4510000 - 0x00007fffb45af000 	C:\Windows\SYSTEM32\SHCORE.dll
0x00007fffb6c20000 - 0x00007fffb6c54000 	C:\Windows\system32\IMM32.DLL
0x00007fffb63c0000 - 0x00007fffb64f9000 	C:\Windows\system32\MSCTF.dll
0x00007fffb3c90000 - 0x00007fffb3eea000 	C:\Windows\WinSxS\amd64_microsoft.windows.common-controls_6595b64144ccf1df_6.0.9600.17031_none_6242a4b3ecbb55a1\COMCTL32.dll
0x00000000621d0000 - 0x00000000622a2000 	C:\Program Files\Java\jdk1.8.0_92\jre\bin\msvcr100.dll
0x00000000628e0000 - 0x0000000063176000 	C:\Program Files\Java\jdk1.8.0_92\jre\bin\server\jvm.dll
0x00007fffb1b10000 - 0x00007fffb1b19000 	C:\Windows\SYSTEM32\WSOCK32.dll
0x00007ffface60000 - 0x00007ffface7f000 	C:\Windows\SYSTEM32\WINMM.dll
0x00007fffb3bc0000 - 0x00007fffb3bca000 	C:\Windows\SYSTEM32\VERSION.dll
0x00007fffb8750000 - 0x00007fffb8757000 	C:\Windows\system32\PSAPI.DLL
0x00007fffb7000000 - 0x00007fffb7058000 	C:\Windows\system32\WS2_32.dll
0x00007fffaa9e0000 - 0x00007fffaaa0a000 	C:\Windows\SYSTEM32\WINMMBASE.dll
0x00007fffb6f90000 - 0x00007fffb6f99000 	C:\Windows\system32\NSI.dll
0x00007fffb6370000 - 0x00007fffb63ba000 	C:\Windows\SYSTEM32\cfgmgr32.dll
0x00007fffb4d30000 - 0x00007fffb4d56000 	C:\Windows\SYSTEM32\DEVOBJ.dll
0x0000000063470000 - 0x000000006347f000 	C:\Program Files\Java\jdk1.8.0_92\jre\bin\verify.dll
0x0000000063440000 - 0x0000000063469000 	C:\Program Files\Java\jdk1.8.0_92\jre\bin\java.dll
0x0000000063420000 - 0x0000000063436000 	C:\Program Files\Java\jdk1.8.0_92\jre\bin\zip.dll

VM Arguments:
jvm_args: -Djava.awt.headless=true -Xmx1024M -Dfile.encoding=windows-1252 -Duser.country=US -Duser.language=en -Duser.variant 
java_command: com.android.dx.command.Main --dex --force-jumbo --num-threads=4 --output C:\Zooket\app\build\intermediates\pre-dexed\debug\com.google.android.gms-play-services-tasks-9.0.1_816bb9e3e325b91842a0b68fff16554134497f67.jar C:\Zooket\app\build\intermediates\exploded-aar\com.google.android.gms\play-services-tasks\9.0.1\jars\classes.jar
java_class_path (initial): C:\android-sdk-windows\build-tools\24.0.3\lib\dx.jar
Launcher Type: SUN_STANDARD

Environment Variables:
PATH=C:\ProgramData\Oracle\Java\javapath;C:\Windows\system32;C:\Windows;C:\Windows\System32\Wbem;C:\Windows\System32\WindowsPowerShell\v1.0\;C:\Program Files (x86)\NVIDIA Corporation\PhysX\Common;C:\Program Files (x86)\Windows Kits\8.1\Windows Performance Toolkit\;C:\Program Files\Microsoft SQL Server\110\Tools\Binn\;C:\Program Files\Microsoft SQL Server\110\DTS\Binn\;C:\Program Files (x86)\Microsoft SQL Server\110\Tools\Binn\;C:\Program Files (x86)\Microsoft SQL Server\110\Tools\Binn\ManagementStudio\;C:\Program Files (x86)\Microsoft Visual Studio 10.0\Common7\IDE\PrivateAssemblies\;C:\Program Files (x86)\Microsoft SQL Server\110\DTS\Binn\;C:\Program Files (x86)\GtkSharp\2.12\bin;C:\Program Files (x86)\QuickTime\QTSystem\
USERNAME=Smo
OS=Windows_NT
PROCESSOR_IDENTIFIER=Intel64 Family 6 Model 94 Stepping 3, GenuineIntel



---------------  S Y S T E M  ---------------

OS: Windows 8.1 , 64 bit Build 9600 (6.3.9600.17056)

CPU:total 4 (4 cores per cpu, 1 threads per core) family 6 model 94 stepping 3, cmov, cx8, fxsr, mmx, sse, sse2, sse3, ssse3, sse4.1, sse4.2, popcnt, avx, avx2, aes, clmul, erms, 3dnowpref, lzcnt, tsc, tscinvbit, bmi1, bmi2, adx

Memory: 4k page, physical 8266404k(1450808k free), swap 8266404k(4904k free)

vm_info: Java HotSpot(TM) 64-Bit Server VM (25.92-b14) for windows-amd64 JRE (1.8.0_92-b14), built on Mar 31 2016 21:03:04 by "java_re" with MS VC++ 10.0 (VS2010)

time: Mon May 22 00:18:50 2017
elapsed time: 1 seconds (0d 0h 0m 1s)

