#
# There is insufficient memory for the Java Runtime Environment to continue.
# Native memory allocation (malloc) failed to allocate 32744 bytes for ChunkPool::allocate
# Possible reasons:
#   The system is out of physical RAM or swap space
#   In 32 bit mode, the process size limit was hit
# Possible solutions:
#   Reduce memory load on the system
#   Increase physical memory or swap space
#   Check if swap backing store is full
#   Use 64 bit Java on a 64 bit OS
#   Decrease Java heap size (-Xmx/-Xms)
#   Decrease number of Java threads
#   Decrease Java thread stack sizes (-Xss)
#   Set larger code cache with -XX:ReservedCodeCacheSize=
# This output file may be truncated or incomplete.
#
#  Out of Memory Error (allocation.cpp:273), pid=9556, tid=0x000000000000218c
#
# JRE version: Java(TM) SE Runtime Environment (8.0_92-b14) (build 1.8.0_92-b14)
# Java VM: Java HotSpot(TM) 64-Bit Server VM (25.92-b14 mixed mode windows-amd64 compressed oops)
# Failed to write core dump. Minidumps are not enabled by default on client versions of Windows
#

---------------  T H R E A D  ---------------

Current thread (0x00000000146ec000):  JavaThread "C1 CompilerThread2" daemon [_thread_in_native, id=8588, stack(0x0000000015e00000,0x0000000015f00000)]

Stack: [0x0000000015e00000,0x0000000015f00000]
[error occurred during error reporting (printing stack bounds), id 0xc0000005]

Native frames: (J=compiled Java code, j=interpreted, Vv=VM code, C=native code)


Current CompileTask:
C1:   3452  348   !   3       com.android.dx.cf.code.BytecodeArray::parseInstruction (2764 bytes)


---------------  P R O C E S S  ---------------

Java Threads: ( => current thread )
  0x0000000016167000 JavaThread "pool-1-thread-4" [_thread_new, id=8948, stack(0x0000000000000000,0x0000000000000000)]
  0x0000000016037000 JavaThread "pool-1-thread-3" [_thread_in_vm, id=7916, stack(0x0000000016800000,0x0000000016900000)]
  0x0000000016039000 JavaThread "pool-1-thread-2" [_thread_blocked, id=8764, stack(0x0000000016700000,0x0000000016800000)]
  0x0000000016033800 JavaThread "pool-2-thread-1" [_thread_blocked, id=8908, stack(0x0000000016600000,0x0000000016700000)]
  0x000000001602f000 JavaThread "pool-1-thread-1" [_thread_in_Java, id=7488, stack(0x0000000016500000,0x0000000016600000)]
  0x0000000015f05800 JavaThread "Service Thread" daemon [_thread_blocked, id=7576, stack(0x0000000016300000,0x0000000016400000)]
=>0x00000000146ec000 JavaThread "C1 CompilerThread2" daemon [_thread_in_native, id=8588, stack(0x0000000015e00000,0x0000000015f00000)]
  0x00000000146e7800 JavaThread "C2 CompilerThread1" daemon [_thread_blocked, id=736, stack(0x0000000015d00000,0x0000000015e00000)]
  0x000000001468e000 JavaThread "C2 CompilerThread0" daemon [_thread_in_native, id=8844, stack(0x0000000015c00000,0x0000000015d00000)]
  0x000000001468c000 JavaThread "Attach Listener" daemon [_thread_blocked, id=9756, stack(0x0000000015b00000,0x0000000015c00000)]
  0x000000001468b000 JavaThread "Signal Dispatcher" daemon [_thread_blocked, id=2208, stack(0x0000000015a00000,0x0000000015b00000)]
  0x0000000001fba800 JavaThread "Finalizer" daemon [_thread_blocked, id=7688, stack(0x0000000015900000,0x0000000015a00000)]
  0x0000000014659000 JavaThread "Reference Handler" daemon [_thread_blocked, id=6088, stack(0x0000000015800000,0x0000000015900000)]
  0x0000000001ec0800 JavaThread "main" [_thread_blocked, id=3840, stack(0x0000000001ce0000,0x0000000001de0000)]

Other Threads:
  0x0000000014657800 VMThread [stack: 0x0000000015700000,0x0000000015800000] [id=8784]
  0x0000000015f10800 WatcherThread [stack: 0x0000000016400000,0x0000000016500000] [id=6976]

VM state:not at safepoint (normal execution)

VM Mutex/Monitor currently owned by a thread: None

Heap:
 PSYoungGen      total 38400K, used 9324K [0x00000000eab00000, 0x00000000ed580000, 0x0000000100000000)
  eden space 33280K, 28% used [0x00000000eab00000,0x00000000eb41b070,0x00000000ecb80000)
  from space 5120K, 0% used [0x00000000ed080000,0x00000000ed080000,0x00000000ed580000)
  to   space 5120K, 0% used [0x00000000ecb80000,0x00000000ecb80000,0x00000000ed080000)
 ParOldGen       total 87552K, used 0K [0x00000000c0000000, 0x00000000c5580000, 0x00000000eab00000)
  object space 87552K, 0% used [0x00000000c0000000,0x00000000c0000000,0x00000000c5580000)
 Metaspace       used 4625K, capacity 5872K, committed 6016K, reserved 1056768K
  class space    used 505K, capacity 552K, committed 640K, reserved 1048576K

Card table byte_map: [0x0000000011380000,0x0000000011590000] byte_map_base: 0x0000000010d80000

Marking Bits: (ParMarkBitMap*) 0x0000000076f664f0
 Begin Bits: [0x0000000011af0000, 0x0000000012af0000)
 End Bits:   [0x0000000012af0000, 0x0000000013af0000)

Polling page: 0x0000000000360000

CodeCache: size=245760Kb used=1924Kb max_used=1936Kb free=243835Kb
 bounds [0x0000000001fc0000, 0x0000000002230000, 0x0000000010fc0000]
 total_blobs=604 nmethods=347 adapters=170
 compilation: enabled

Compilation events (10 events):
Event: 3.443 Thread 0x00000000146ec000 nmethod 344 0x000000000219e250 code [0x000000000219e3a0, 0x000000000219e570]
Event: 3.443 Thread 0x00000000146ec000  345       3       com.android.dx.util.Bits::findFirst (61 bytes)
Event: 3.443 Thread 0x00000000146e7800  347       4       com.android.dx.util.MutabilityControl::throwIfImmutable (18 bytes)
Event: 3.443 Thread 0x00000000146ec000 nmethod 345 0x00000000021a0c10 code [0x00000000021a0da0, 0x00000000021a1148]
Event: 3.443 Thread 0x00000000146ec000  346       1       com.android.dx.cf.code.ByteBlock::getLabel (5 bytes)
Event: 3.443 Thread 0x00000000146ec000 nmethod 346 0x000000000219df90 code [0x000000000219e0e0, 0x000000000219e1f0]
Event: 3.443 Thread 0x00000000146e7800 nmethod 347 0x000000000219dd50 code [0x000000000219de80, 0x000000000219def8]
Event: 3.443 Thread 0x00000000146ec000  348   !   3       com.android.dx.cf.code.BytecodeArray::parseInstruction (2764 bytes)
Event: 3.444 Thread 0x000000001468e000 nmethod 336 0x00000000021a1d50 code [0x00000000021a1ec0, 0x00000000021a2318]
Event: 3.451 Thread 0x000000001468e000  371       4       java.util.ArrayList::get (11 bytes)

GC Heap History (0 events):
No events

Deoptimization events (8 events):
Event: 3.435 Thread 0x0000000016037000 Uncommon trap: reason=class_check action=maybe_recompile pc=0x000000000217c53c method=com.android.dx.rop.cst.Constant.compareTo(Ljava/lang/Object;)I @ 2
Event: 3.435 Thread 0x0000000016037000 Uncommon trap: reason=class_check action=maybe_recompile pc=0x000000000217c53c method=com.android.dx.rop.cst.Constant.compareTo(Ljava/lang/Object;)I @ 2
Event: 3.435 Thread 0x0000000016037000 Uncommon trap: reason=class_check action=maybe_recompile pc=0x000000000217c53c method=com.android.dx.rop.cst.Constant.compareTo(Ljava/lang/Object;)I @ 2
Event: 3.435 Thread 0x0000000016037000 Uncommon trap: reason=class_check action=maybe_recompile pc=0x000000000217c53c method=com.android.dx.rop.cst.Constant.compareTo(Ljava/lang/Object;)I @ 2
Event: 3.441 Thread 0x0000000016039000 Uncommon trap: reason=speculate_class_check action=maybe_recompile pc=0x000000000219ca30 method=com.android.dx.rop.cst.Constant.compareTo(Lcom/android/dx/rop/cst/Constant;)I @ 29
Event: 3.442 Thread 0x0000000016039000 Uncommon trap: reason=speculate_class_check action=maybe_recompile pc=0x000000000219ca30 method=com.android.dx.rop.cst.Constant.compareTo(Lcom/android/dx/rop/cst/Constant;)I @ 29
Event: 3.442 Thread 0x0000000016039000 Uncommon trap: reason=speculate_class_check action=maybe_recompile pc=0x000000000219ca30 method=com.android.dx.rop.cst.Constant.compareTo(Lcom/android/dx/rop/cst/Constant;)I @ 29
Event: 3.442 Thread 0x0000000016039000 Uncommon trap: reason=speculate_class_check action=maybe_recompile pc=0x000000000219ca30 method=com.android.dx.rop.cst.Constant.compareTo(Lcom/android/dx/rop/cst/Constant;)I @ 29

Internal exceptions (2 events):
Event: 0.967 Thread 0x0000000001ec0800 Exception <a 'java/lang/NoSuchMethodError': Method sun.misc.Unsafe.defineClass(Ljava/lang/String;[BII)Ljava/lang/Class; name or signature does not match> (0x00000000eab07cc0) thrown at [D:\re\workspace\8-2-build-windows-amd64-cygwin\jdk8u92\6642\hotspot\sr†9Ý‚äïî?
Event: 0.967 Thread 0x0000000001ec0800 Exception <a 'java/lang/NoSuchMethodError': Method sun.misc.Unsafe.prefetchRead(Ljava/lang/Object;J)V name or signature does not match> (0x00000000eab07fa8) thrown at [D:\re\workspace\8-2-build-windows-amd64-cygwin\jdk8u92\6642\hotspot\src\share\vm\prims\j

Events (10 events):
Event: 3.450 loading class com/android/dx/ssa/Dominators
Event: 3.450 loading class com/android/dx/ssa/Dominators done
Event: 3.450 loading class com/android/dx/ssa/SsaBasicBlock$Visitor
Event: 3.450 loading class com/android/dx/ssa/SsaBasicBlock$Visitor done
Event: 3.450 loading class com/android/dx/ssa/Dominators$DFSInfo
Event: 3.450 loading class com/android/dx/ssa/Dominators$DFSInfo done
Event: 3.450 loading class com/android/dx/ssa/Dominators$DfsWalker
Event: 3.450 loading class com/android/dx/ssa/Dominators$DfsWalker done
Event: 3.451 loading class com/android/dx/ssa/SetFactory
Event: 3.451 loading class com/android/dx/ssa/SetFactory done


Dynamic libraries:
0x00007ff6cbb10000 - 0x00007ff6cbb47000 	C:\Program Files\Java\jdk1.8.0_92\bin\java.exe
0x00007ffae65e0000 - 0x00007ffae678a000 	C:\Windows\SYSTEM32\ntdll.dll
0x00007ffae5b60000 - 0x00007ffae5c9a000 	C:\Windows\system32\KERNEL32.DLL
0x00007ffae3d50000 - 0x00007ffae3e5f000 	C:\Windows\system32\KERNELBASE.dll
0x00007ffae2580000 - 0x00007ffae2608000 	C:\Windows\system32\apphelp.dll
0x00007fface8f0000 - 0x00007fface93f000 	C:\Windows\AppPatch\AppPatch64\AcGenral.DLL
0x00007ffae5710000 - 0x00007ffae57b7000 	C:\Windows\system32\msvcrt.dll
0x00007ffae3790000 - 0x00007ffae37bb000 	C:\Windows\SYSTEM32\SspiCli.dll
0x00007ffae5e40000 - 0x00007ffae5e91000 	C:\Windows\system32\SHLWAPI.dll
0x00007ffae6460000 - 0x00007ffae65d1000 	C:\Windows\system32\USER32.dll
0x00007ffae5cc0000 - 0x00007ffae5e38000 	C:\Windows\system32\ole32.dll
0x00007ffae4010000 - 0x00007ffae5427000 	C:\Windows\system32\SHELL32.dll
0x00007ffae2fc0000 - 0x00007ffae2fde000 	C:\Windows\SYSTEM32\USERENV.dll
0x00007ffae5f20000 - 0x00007ffae5fc5000 	C:\Windows\system32\ADVAPI32.dll
0x00007ffade890000 - 0x00007ffade8ab000 	C:\Windows\SYSTEM32\MPR.dll
0x00007ffae6100000 - 0x00007ffae6236000 	C:\Windows\system32\RPCRT4.dll
0x00007ffae5430000 - 0x00007ffae5487000 	C:\Windows\SYSTEM32\sechost.dll
0x00007ffae5530000 - 0x00007ffae5706000 	C:\Windows\SYSTEM32\combase.dll
0x00007ffae3ec0000 - 0x00007ffae4005000 	C:\Windows\system32\GDI32.dll
0x00007ffae3950000 - 0x00007ffae3964000 	C:\Windows\SYSTEM32\profapi.dll
0x00007ffae1fb0000 - 0x00007ffae204f000 	C:\Windows\SYSTEM32\SHCORE.dll
0x00007ffae6240000 - 0x00007ffae6274000 	C:\Windows\system32\IMM32.DLL
0x00007ffae5880000 - 0x00007ffae59b9000 	C:\Windows\system32\MSCTF.dll
0x00007ffae1620000 - 0x00007ffae187a000 	C:\Windows\WinSxS\amd64_microsoft.windows.common-controls_6595b64144ccf1df_6.0.9600.17031_none_6242a4b3ecbb55a1\COMCTL32.dll
0x0000000076040000 - 0x0000000076112000 	C:\Program Files\Java\jdk1.8.0_92\jre\bin\msvcr100.dll
0x0000000076750000 - 0x0000000076fe6000 	C:\Program Files\Java\jdk1.8.0_92\jre\bin\server\jvm.dll
0x00007ffadb460000 - 0x00007ffadb469000 	C:\Windows\SYSTEM32\WSOCK32.dll
0x00007ffad84b0000 - 0x00007ffad84cf000 	C:\Windows\SYSTEM32\WINMM.dll
0x00007ffae1520000 - 0x00007ffae152a000 	C:\Windows\SYSTEM32\VERSION.dll
0x00007ffae6030000 - 0x00007ffae6037000 	C:\Windows\system32\PSAPI.DLL
0x00007ffae5fd0000 - 0x00007ffae6028000 	C:\Windows\system32\WS2_32.dll
0x00007ffad8480000 - 0x00007ffad84aa000 	C:\Windows\SYSTEM32\WINMMBASE.dll
0x00007ffae5cb0000 - 0x00007ffae5cb9000 	C:\Windows\system32\NSI.dll
0x00007ffae3a20000 - 0x00007ffae3a6a000 	C:\Windows\SYSTEM32\cfgmgr32.dll
0x00007ffae27d0000 - 0x00007ffae27f6000 	C:\Windows\SYSTEM32\DEVOBJ.dll
0x0000000050000000 - 0x000000005000f000 	C:\Program Files\Java\jdk1.8.0_92\jre\bin\verify.dll
0x0000000076720000 - 0x0000000076749000 	C:\Program Files\Java\jdk1.8.0_92\jre\bin\java.dll
0x0000000076700000 - 0x0000000076716000 	C:\Program Files\Java\jdk1.8.0_92\jre\bin\zip.dll

VM Arguments:
jvm_args: -Djava.awt.headless=true -Xmx1024M -Dfile.encoding=windows-1252 -Duser.country=US -Duser.language=en -Duser.variant 
java_command: com.android.dx.command.Main --dex --force-jumbo --num-threads=4 --output C:\Zooket\app\build\intermediates\pre-dexed\debug\main_d0fc38630bf5975ede5b074e90315549bcd3519c.jar C:\Zooket\app\build\intermediates\transforms\instantRun\debug\folders\1\5\main
java_class_path (initial): C:\android-sdk-windows\build-tools\24.0.3\lib\dx.jar
Launcher Type: SUN_STANDARD

Environment Variables:
PATH=C:\ProgramData\Oracle\Java\javapath;C:\Windows\system32;C:\Windows;C:\Windows\System32\Wbem;C:\Windows\System32\WindowsPowerShell\v1.0\;C:\Program Files (x86)\NVIDIA Corporation\PhysX\Common;C:\Program Files (x86)\Windows Kits\8.1\Windows Performance Toolkit\;C:\Program Files\Microsoft SQL Server\110\Tools\Binn\;C:\Program Files\Microsoft SQL Server\110\DTS\Binn\;C:\Program Files (x86)\Microsoft SQL Server\110\Tools\Binn\;C:\Program Files (x86)\Microsoft SQL Server\110\Tools\Binn\ManagementStudio\;C:\Program Files (x86)\Microsoft Visual Studio 10.0\Common7\IDE\PrivateAssemblies\;C:\Program Files (x86)\Microsoft SQL Server\110\DTS\Binn\;C:\Program Files (x86)\GtkSharp\2.12\bin;C:\Program Files (x86)\QuickTime\QTSystem\
USERNAME=Smo
OS=Windows_NT
PROCESSOR_IDENTIFIER=Intel64 Family 6 Model 94 Stepping 3, GenuineIntel



---------------  S Y S T E M  ---------------

OS: Windows 8.1 , 64 bit Build 9600 (6.3.9600.17056)

CPU:total 4 (4 cores per cpu, 1 threads per core) family 6 model 94 stepping 3, cmov, cx8, fxsr, mmx, sse, sse2, sse3, ssse3, sse4.1, sse4.2, popcnt, avx, avx2, aes, clmul, erms, 3dnowpref, lzcnt, tsc, tscinvbit, bmi1, bmi2, adx

Memory: 4k page, physical 8266404k(1470304k free), swap 8266404k(5132k free)

vm_info: Java HotSpot(TM) 64-Bit Server VM (25.92-b14) for windows-amd64 JRE (1.8.0_92-b14), built on Mar 31 2016 21:03:04 by "java_re" with MS VC++ 10.0 (VS2010)

time: Thu May 18 19:20:05 2017
elapsed time: 3 seconds (0d 0h 0m 3s)

