#
# There is insufficient memory for the Java Runtime Environment to continue.
# Native memory allocation (malloc) failed to allocate 561296 bytes for Chunk::new
# Possible reasons:
#   The system is out of physical RAM or swap space
#   In 32 bit mode, the process size limit was hit
# Possible solutions:
#   Reduce memory load on the system
#   Increase physical memory or swap space
#   Check if swap backing store is full
#   Use 64 bit Java on a 64 bit OS
#   Decrease Java heap size (-Xmx/-Xms)
#   Decrease number of Java threads
#   Decrease Java thread stack sizes (-Xss)
#   Set larger code cache with -XX:ReservedCodeCacheSize=
# This output file may be truncated or incomplete.
#
#  Out of Memory Error (allocation.cpp:390), pid=8428, tid=0x0000000000002250
#
# JRE version: Java(TM) SE Runtime Environment (8.0_92-b14) (build 1.8.0_92-b14)
# Java VM: Java HotSpot(TM) 64-Bit Server VM (25.92-b14 mixed mode windows-amd64 compressed oops)
# Failed to write core dump. Minidumps are not enabled by default on client versions of Windows
#

---------------  T H R E A D  ---------------

Current thread (0x000000001544f800):  JavaThread "C2 CompilerThread0" daemon [_thread_in_native, id=8784, stack(0x0000000016a80000,0x0000000016b80000)]

Stack: [0x0000000016a80000,0x0000000016b80000]
[error occurred during error reporting (printing stack bounds), id 0xc0000005]

Native frames: (J=compiled Java code, j=interpreted, Vv=VM code, C=native code)


Current CompileTask:
C2:   1718 1093   !   4       com.android.dx.cf.code.BytecodeArray::parseInstruction (2764 bytes)


---------------  P R O C E S S  ---------------

Java Threads: ( => current thread )
  0x0000000016e43000 JavaThread "pool-1-thread-2" [_thread_in_vm, id=8912, stack(0x0000000017580000,0x0000000017680000)]
  0x00000000154ae000 JavaThread "Service Thread" daemon [_thread_blocked, id=8844, stack(0x0000000017180000,0x0000000017280000)]
  0x00000000154a8800 JavaThread "C1 CompilerThread2" daemon [_thread_in_native, id=8824, stack(0x0000000017080000,0x0000000017180000)]
  0x0000000015452800 JavaThread "C2 CompilerThread1" daemon [_thread_in_native, id=8808, stack(0x0000000016b80000,0x0000000016c80000)]
=>0x000000001544f800 JavaThread "C2 CompilerThread0" daemon [_thread_in_native, id=8784, stack(0x0000000016a80000,0x0000000016b80000)]
  0x000000001544e000 JavaThread "Attach Listener" daemon [_thread_blocked, id=8776, stack(0x0000000016980000,0x0000000016a80000)]
  0x000000001544b000 JavaThread "Signal Dispatcher" daemon [_thread_blocked, id=8768, stack(0x0000000016880000,0x0000000016980000)]
  0x000000001543a800 JavaThread "Finalizer" daemon [_thread_blocked, id=8740, stack(0x00000000166a0000,0x00000000167a0000)]
  0x0000000002d70800 JavaThread "Reference Handler" daemon [_thread_blocked, id=8736, stack(0x00000000165a0000,0x00000000166a0000)]
  0x0000000002c82800 JavaThread "main" [_thread_in_vm, id=8632, stack(0x0000000001400000,0x0000000001500000)]

Other Threads:
  0x0000000015418800 VMThread [stack: 0x00000000164a0000,0x00000000165a0000] [id=8704]
  0x0000000016c9a000 WatcherThread [stack: 0x0000000017280000,0x0000000017380000] [id=8856]

VM state:not at safepoint (normal execution)

VM Mutex/Monitor currently owned by a thread: None

Heap:
 PSYoungGen      total 38400K, used 26289K [0x00000000eab00000, 0x00000000ed580000, 0x0000000100000000)
  eden space 33280K, 78% used [0x00000000eab00000,0x00000000ec4ac5d0,0x00000000ecb80000)
  from space 5120K, 0% used [0x00000000ed080000,0x00000000ed080000,0x00000000ed580000)
  to   space 5120K, 0% used [0x00000000ecb80000,0x00000000ecb80000,0x00000000ed080000)
 ParOldGen       total 87552K, used 0K [0x00000000c0000000, 0x00000000c5580000, 0x00000000eab00000)
  object space 87552K, 0% used [0x00000000c0000000,0x00000000c0000000,0x00000000c5580000)
 Metaspace       used 5936K, capacity 6872K, committed 7168K, reserved 1056768K
  class space    used 614K, capacity 656K, committed 768K, reserved 1048576K

Card table byte_map: [0x0000000012140000,0x0000000012350000] byte_map_base: 0x0000000011b40000

Marking Bits: (ParMarkBitMap*) 0x0000000066bd64f0
 Begin Bits: [0x00000000128b0000, 0x00000000138b0000)
 End Bits:   [0x00000000138b0000, 0x00000000148b0000)

Polling page: 0x0000000001250000

CodeCache: size=245760Kb used=4373Kb max_used=4373Kb free=241386Kb
 bounds [0x0000000002d80000, 0x00000000031d0000, 0x0000000011d80000]
 total_blobs=1360 nmethods=1091 adapters=182
 compilation: enabled

Compilation events (10 events):
Event: 1.716 Thread 0x00000000154a8800 nmethod 1105 0x00000000031c6d10 code [0x00000000031c6f40, 0x00000000031c7c68]
Event: 1.716 Thread 0x00000000154a8800 1106       1       java.util.concurrent.locks.AbstractQueuedSynchronizer::getState (5 bytes)
Event: 1.716 Thread 0x00000000154a8800 nmethod 1106 0x0000000003190450 code [0x00000000031905a0, 0x00000000031906b0]
Event: 1.716 Thread 0x00000000154a8800 1107       1       java.util.concurrent.locks.AbstractOwnableSynchronizer::getExclusiveOwnerThread (5 bytes)
Event: 1.716 Thread 0x00000000154a8800 nmethod 1107 0x00000000031923d0 code [0x0000000003192520, 0x0000000003192630]
Event: 1.717 Thread 0x00000000154a8800 1108       3       com.android.dx.rop.type.Type::compareTo (12 bytes)
Event: 1.717 Thread 0x00000000154a8800 nmethod 1108 0x00000000031bd250 code [0x00000000031bd3c0, 0x00000000031bd5e8]
Event: 1.717 Thread 0x00000000154a8800 1109       3       com.android.dx.rop.type.Type::compareTo (9 bytes)
Event: 1.717 Thread 0x00000000154a8800 nmethod 1109 0x00000000031c8390 code [0x00000000031c8500, 0x00000000031c88e8]
Event: 1.717 Thread 0x00000000154a8800 1110       3       java.util.TreeMap::fixAfterInsertion (267 bytes)

GC Heap History (0 events):
No events

Deoptimization events (8 events):
Event: 0.872 Thread 0x0000000016e34800 Uncommon trap: reason=unstable_if action=reinterpret pc=0x0000000002f83b40 method=java.util.HashMap.getNode(ILjava/lang/Object;)Ljava/util/HashMap$Node; @ 62
Event: 0.909 Thread 0x0000000016e43000 Uncommon trap: reason=unstable_if action=reinterpret pc=0x0000000002f9f3f0 method=java.util.BitSet.nextSetBit(I)I @ 87
Event: 1.288 Thread 0x0000000016e34800 Uncommon trap: reason=unstable_if action=reinterpret pc=0x00000000030a74c0 method=com.android.dx.ssa.SsaRenamer$BlockRenamer.addMapping(ILcom/android/dx/rop/code/RegisterSpec;)V @ 120
Event: 1.610 Thread 0x0000000016e43000 Uncommon trap: reason=unstable_if action=reinterpret pc=0x000000000315c938 method=com.android.dx.cf.code.Ropper.labelToResultIndex(I)I @ 34
Event: 1.625 Thread 0x0000000016e43000 Uncommon trap: reason=unstable_if action=reinterpret pc=0x000000000317e058 method=com.android.dx.util.LabeledList.set(ILcom/android/dx/util/LabeledItem;)V @ 16
Event: 1.692 Thread 0x0000000016e43000 Uncommon trap: reason=unstable_if action=reinterpret pc=0x0000000002fe76dc method=com.android.dx.rop.cst.Constant.compareTo(Lcom/android/dx/rop/cst/Constant;)I @ 12
Event: 1.717 Thread 0x0000000002c82800 Uncommon trap: reason=class_check action=maybe_recompile pc=0x00000000031b0608 method=java.util.Arrays.hashCode([Ljava/lang/Object;)I @ 43
Event: 1.717 Thread 0x0000000002c82800 Uncommon trap: reason=class_check action=maybe_recompile pc=0x00000000031b0608 method=java.util.Arrays.hashCode([Ljava/lang/Object;)I @ 43

Internal exceptions (3 events):
Event: 0.049 Thread 0x0000000002c82800 Exception <a 'java/lang/NoSuchMethodError': Method sun.misc.Unsafe.defineClass(Ljava/lang/String;[BII)Ljava/lang/Class; name or signature does not match> (0x00000000eab07cc0) thrown at [D:\re\workspace\8-2-build-windows-amd64-cygwin\jdk8u92\6642\hotspot\sr
Event: 0.049 Thread 0x0000000002c82800 Exception <a 'java/lang/NoSuchMethodError': Method sun.misc.Unsafe.prefetchRead(Ljava/lang/Object;J)V name or signature does not match> (0x00000000eab07fa8) thrown at [D:\re\workspace\8-2-build-windows-amd64-cygwin\jdk8u92\6642\hotspot\src\share\vm\prims\jæ¸M~yæù?
Event: 1.619 Thread 0x0000000016e43000 Exception <a 'java/lang/ArrayIndexOutOfBoundsException': 18> (0x00000000ec0e8bb0) thrown at [D:\re\workspace\8-2-build-windows-amd64-cygwin\jdk8u92\6642\hotspot\src\share\vm\interpreter\interpreterRuntime.cpp, line 366]

Events (10 events):
Event: 1.717 loading class java/util/NavigableSet done
Event: 1.717 loading class java/util/TreeMap$KeySet done
Event: 1.717 loading class java/util/TreeMap$KeyIterator
Event: 1.717 loading class java/util/TreeMap$KeyIterator done
Event: 1.717 Thread 0x0000000002c82800 Uncommon trap: trap_request=0xffffffde fr.pc=0x00000000031b0608
Event: 1.717 Thread 0x0000000002c82800 DEOPT PACKING pc=0x00000000031b0608 sp=0x00000000014feef0
Event: 1.717 Thread 0x0000000002c82800 DEOPT UNPACKING pc=0x0000000002dc582a sp=0x00000000014fee20 mode 2
Event: 1.717 Thread 0x0000000002c82800 Uncommon trap: trap_request=0xffffffde fr.pc=0x00000000031b0608
Event: 1.717 Thread 0x0000000002c82800 DEOPT PACKING pc=0x00000000031b0608 sp=0x00000000014feeb0
Event: 1.717 Thread 0x0000000002c82800 DEOPT UNPACKING pc=0x0000000002dc582a sp=0x00000000014fede0 mode 2


Dynamic libraries:
0x00007ff6735d0000 - 0x00007ff673607000 	C:\Program Files\Java\jdk1.8.0_92\bin\java.exe
0x00007ff93cdb0000 - 0x00007ff93cf5a000 	C:\Windows\SYSTEM32\ntdll.dll
0x00007ff93a690000 - 0x00007ff93a7ca000 	C:\Windows\system32\KERNEL32.DLL
0x00007ff93a340000 - 0x00007ff93a44f000 	C:\Windows\system32\KERNELBASE.dll
0x00007ff938d50000 - 0x00007ff938dd8000 	C:\Windows\system32\apphelp.dll
0x00007ff9245a0000 - 0x00007ff9245ef000 	C:\Windows\AppPatch\AppPatch64\AcGenral.DLL
0x00007ff93cd00000 - 0x00007ff93cda7000 	C:\Windows\system32\msvcrt.dll
0x00007ff939f60000 - 0x00007ff939f8b000 	C:\Windows\SYSTEM32\SspiCli.dll
0x00007ff93b640000 - 0x00007ff93b691000 	C:\Windows\system32\SHLWAPI.dll
0x00007ff93aaa0000 - 0x00007ff93ac11000 	C:\Windows\system32\USER32.dll
0x00007ff93b280000 - 0x00007ff93b3f8000 	C:\Windows\system32\ole32.dll
0x00007ff93b8e0000 - 0x00007ff93ccf7000 	C:\Windows\system32\SHELL32.dll
0x00007ff939790000 - 0x00007ff9397ae000 	C:\Windows\SYSTEM32\USERENV.dll
0x00007ff93a7d0000 - 0x00007ff93a875000 	C:\Windows\system32\ADVAPI32.dll
0x00007ff935560000 - 0x00007ff93557b000 	C:\Windows\SYSTEM32\MPR.dll
0x00007ff93b140000 - 0x00007ff93b276000 	C:\Windows\system32\RPCRT4.dll
0x00007ff93b880000 - 0x00007ff93b8d7000 	C:\Windows\SYSTEM32\sechost.dll
0x00007ff93b6a0000 - 0x00007ff93b876000 	C:\Windows\SYSTEM32\combase.dll
0x00007ff93af90000 - 0x00007ff93b0d5000 	C:\Windows\system32\GDI32.dll
0x00007ff93a120000 - 0x00007ff93a134000 	C:\Windows\SYSTEM32\profapi.dll
0x00007ff938780000 - 0x00007ff93881f000 	C:\Windows\SYSTEM32\SHCORE.dll
0x00007ff93ace0000 - 0x00007ff93ad14000 	C:\Windows\system32\IMM32.DLL
0x00007ff93a940000 - 0x00007ff93aa79000 	C:\Windows\system32\MSCTF.dll
0x00007ff937e70000 - 0x00007ff9380ca000 	C:\Windows\WinSxS\amd64_microsoft.windows.common-controls_6595b64144ccf1df_6.0.9600.17031_none_6242a4b3ecbb55a1\COMCTL32.dll
0x0000000066c60000 - 0x0000000066d32000 	C:\Program Files\Java\jdk1.8.0_92\jre\bin\msvcr100.dll
0x00000000663c0000 - 0x0000000066c56000 	C:\Program Files\Java\jdk1.8.0_92\jre\bin\server\jvm.dll
0x00007ff9329b0000 - 0x00007ff9329b9000 	C:\Windows\SYSTEM32\WSOCK32.dll
0x00007ff932ab0000 - 0x00007ff932acf000 	C:\Windows\SYSTEM32\WINMM.dll
0x00007ff937e30000 - 0x00007ff937e3a000 	C:\Windows\SYSTEM32\VERSION.dll
0x00007ff93aa90000 - 0x00007ff93aa97000 	C:\Windows\system32\PSAPI.DLL
0x00007ff93b0e0000 - 0x00007ff93b138000 	C:\Windows\system32\WS2_32.dll
0x00007ff92ff60000 - 0x00007ff92ff8a000 	C:\Windows\SYSTEM32\WINMMBASE.dll
0x00007ff93aa80000 - 0x00007ff93aa89000 	C:\Windows\system32\NSI.dll
0x00007ff93a1f0000 - 0x00007ff93a23a000 	C:\Windows\SYSTEM32\cfgmgr32.dll
0x00007ff938fa0000 - 0x00007ff938fc6000 	C:\Windows\SYSTEM32\DEVOBJ.dll
0x00000000663b0000 - 0x00000000663bf000 	C:\Program Files\Java\jdk1.8.0_92\jre\bin\verify.dll
0x0000000066380000 - 0x00000000663a9000 	C:\Program Files\Java\jdk1.8.0_92\jre\bin\java.dll
0x0000000066360000 - 0x0000000066376000 	C:\Program Files\Java\jdk1.8.0_92\jre\bin\zip.dll

VM Arguments:
jvm_args: -Djava.awt.headless=true -Xmx1024M -Dfile.encoding=windows-1252 -Duser.country=US -Duser.language=en -Duser.variant 
java_command: com.android.dx.command.Main --dex --force-jumbo --num-threads=4 --output C:\Zooket\app\build\intermediates\pre-dexed\debug\com.appyvet-materialrangebar-1.3_d65d7369cef8e5be3c96a8a7aa4e797c6d57c0d5.jar C:\Zooket\app\build\intermediates\exploded-aar\com.appyvet\materialrangebar\1.3\jars\classes.jar
java_class_path (initial): C:\android-sdk-windows\build-tools\24.0.3\lib\dx.jar
Launcher Type: SUN_STANDARD

Environment Variables:
PATH=C:\ProgramData\Oracle\Java\javapath;C:\Windows\system32;C:\Windows;C:\Windows\System32\Wbem;C:\Windows\System32\WindowsPowerShell\v1.0\;C:\Program Files (x86)\NVIDIA Corporation\PhysX\Common;C:\Program Files (x86)\Windows Kits\8.1\Windows Performance Toolkit\;C:\Program Files\Microsoft SQL Server\110\Tools\Binn\;C:\Program Files\Microsoft SQL Server\110\DTS\Binn\;C:\Program Files (x86)\Microsoft SQL Server\110\Tools\Binn\;C:\Program Files (x86)\Microsoft SQL Server\110\Tools\Binn\ManagementStudio\;C:\Program Files (x86)\Microsoft Visual Studio 10.0\Common7\IDE\PrivateAssemblies\;C:\Program Files (x86)\Microsoft SQL Server\110\DTS\Binn\;C:\Program Files (x86)\GtkSharp\2.12\bin;C:\Program Files (x86)\QuickTime\QTSystem\
USERNAME=Smo
OS=Windows_NT
PROCESSOR_IDENTIFIER=Intel64 Family 6 Model 94 Stepping 3, GenuineIntel



---------------  S Y S T E M  ---------------

OS: Windows 8.1 , 64 bit Build 9600 (6.3.9600.17056)

CPU:total 4 (4 cores per cpu, 1 threads per core) family 6 model 94 stepping 3, cmov, cx8, fxsr, mmx, sse, sse2, sse3, ssse3, sse4.1, sse4.2, popcnt, avx, avx2, aes, clmul, erms, 3dnowpref, lzcnt, tsc, tscinvbit, bmi1, bmi2, adx

Memory: 4k page, physical 8266404k(1145384k free), swap 8266404k(5212k free)

vm_info: Java HotSpot(TM) 64-Bit Server VM (25.92-b14) for windows-amd64 JRE (1.8.0_92-b14), built on Mar 31 2016 21:03:04 by "java_re" with MS VC++ 10.0 (VS2010)

time: Fri Jun 02 11:57:10 2017
elapsed time: 1 seconds (0d 0h 0m 1s)

