#
# There is insufficient memory for the Java Runtime Environment to continue.
# Native memory allocation (malloc) failed to allocate 1048576 bytes for AllocateHeap
# Possible reasons:
#   The system is out of physical RAM or swap space
#   In 32 bit mode, the process size limit was hit
# Possible solutions:
#   Reduce memory load on the system
#   Increase physical memory or swap space
#   Check if swap backing store is full
#   Use 64 bit Java on a 64 bit OS
#   Decrease Java heap size (-Xmx/-Xms)
#   Decrease number of Java threads
#   Decrease Java thread stack sizes (-Xss)
#   Set larger code cache with -XX:ReservedCodeCacheSize=
# This output file may be truncated or incomplete.
#
#  Out of Memory Error (memory/allocation.inline.hpp:61), pid=9036, tid=0x0000000000001244
#
# JRE version:  (8.0_92-b14) (build )
# Java VM: Java HotSpot(TM) 64-Bit Server VM (25.92-b14 mixed mode windows-amd64 compressed oops)
# Failed to write core dump. Minidumps are not enabled by default on client versions of Windows
#

---------------  T H R E A D  ---------------

Current thread (0x0000000001eb0800):  JavaThread "Unknown thread" [_thread_in_vm, id=4676, stack(0x0000000001d90000,0x0000000001e90000)]

Stack: [0x0000000001d90000,0x0000000001e90000]
[error occurred during error reporting (printing stack bounds), id 0xc0000005]

Native frames: (J=compiled Java code, j=interpreted, Vv=VM code, C=native code)


---------------  P R O C E S S  ---------------

Java Threads: ( => current thread )

Other Threads:

=>0x0000000001eb0800 (exited) JavaThread "Unknown thread" [_thread_in_vm, id=4676, stack(0x0000000001d90000,0x0000000001e90000)]

VM state:not at safepoint (normal execution)

VM Mutex/Monitor currently owned by a thread: None

Heap:
 PSYoungGen      total 38400K, used 665K [0x00000000eab00000, 0x00000000ed580000, 0x0000000100000000)
  eden space 33280K, 2% used [0x00000000eab00000,0x00000000eaba6670,0x00000000ecb80000)
  from space 5120K, 0% used [0x00000000ed080000,0x00000000ed080000,0x00000000ed580000)
  to   space 5120K, 0% used [0x00000000ecb80000,0x00000000ecb80000,0x00000000ed080000)
 ParOldGen       total 87552K, used 0K [0x00000000c0000000, 0x00000000c5580000, 0x00000000eab00000)
  object space 87552K, 0% used [0x00000000c0000000,0x00000000c0000000,0x00000000c5580000)
 Metaspace       used 769K, capacity 4480K, committed 4480K, reserved 1056768K
  class space    used 75K, capacity 384K, committed 384K, reserved 1048576K

Card table byte_map: [0x0000000011380000,0x0000000011590000] byte_map_base: 0x0000000010d80000

Marking Bits: (ParMarkBitMap*) 0x0000000064b864f0
 Begin Bits: [0x0000000011af0000, 0x0000000012af0000)
 End Bits:   [0x0000000012af0000, 0x0000000013af0000)

Polling page: 0x0000000001d70000

CodeCache: size=245760Kb used=328Kb max_used=328Kb free=245431Kb
 bounds [0x0000000001fc0000, 0x0000000002230000, 0x0000000010fc0000]
 total_blobs=58 nmethods=0 adapters=38
 compilation: enabled

Compilation events (0 events):
No events

GC Heap History (0 events):
No events

Deoptimization events (0 events):
No events

Internal exceptions (0 events):
No events

Events (10 events):
Event: 0.022 loading class java/lang/Short
Event: 0.022 loading class java/lang/Short done
Event: 0.022 loading class java/lang/Integer
Event: 0.022 loading class java/lang/Integer done
Event: 0.022 loading class java/lang/Long
Event: 0.022 loading class java/lang/Long done
Event: 0.022 loading class java/lang/NullPointerException
Event: 0.022 loading class java/lang/NullPointerException done
Event: 0.022 loading class java/lang/ArithmeticException
Event: 0.022 loading class java/lang/ArithmeticException done


Dynamic libraries:
0x00007ff6479c0000 - 0x00007ff6479f7000 	C:\Program Files\Java\jdk1.8.0_92\bin\java.exe
0x00007ff9234b0000 - 0x00007ff92365a000 	C:\Windows\SYSTEM32\ntdll.dll
0x00007ff9231f0000 - 0x00007ff92332a000 	C:\Windows\system32\KERNEL32.DLL
0x00007ff920b70000 - 0x00007ff920c7f000 	C:\Windows\system32\KERNELBASE.dll
0x00007ff91f450000 - 0x00007ff91f4d8000 	C:\Windows\system32\apphelp.dll
0x00007ff8f6fb0000 - 0x00007ff8f6fff000 	C:\Windows\AppPatch\AppPatch64\AcGenral.DLL
0x00007ff922f70000 - 0x00007ff923017000 	C:\Windows\system32\msvcrt.dll
0x00007ff920660000 - 0x00007ff92068b000 	C:\Windows\SYSTEM32\SspiCli.dll
0x00007ff920d30000 - 0x00007ff920d81000 	C:\Windows\system32\SHLWAPI.dll
0x00007ff923330000 - 0x00007ff9234a1000 	C:\Windows\system32\USER32.dll
0x00007ff922950000 - 0x00007ff922ac8000 	C:\Windows\system32\ole32.dll
0x00007ff921530000 - 0x00007ff922947000 	C:\Windows\system32\SHELL32.dll
0x00007ff91fe90000 - 0x00007ff91feae000 	C:\Windows\SYSTEM32\USERENV.dll
0x00007ff923020000 - 0x00007ff9230c5000 	C:\Windows\system32\ADVAPI32.dll
0x00007ff91b780000 - 0x00007ff91b79b000 	C:\Windows\SYSTEM32\MPR.dll
0x00007ff922d50000 - 0x00007ff922e86000 	C:\Windows\system32\RPCRT4.dll
0x00007ff9212c0000 - 0x00007ff921317000 	C:\Windows\SYSTEM32\sechost.dll
0x00007ff9210e0000 - 0x00007ff9212b6000 	C:\Windows\SYSTEM32\combase.dll
0x00007ff920f80000 - 0x00007ff9210c5000 	C:\Windows\system32\GDI32.dll
0x00007ff920820000 - 0x00007ff920834000 	C:\Windows\SYSTEM32\profapi.dll
0x00007ff91ee80000 - 0x00007ff91ef1f000 	C:\Windows\SYSTEM32\SHCORE.dll
0x00007ff922b70000 - 0x00007ff922ba4000 	C:\Windows\system32\IMM32.DLL
0x00007ff9213f0000 - 0x00007ff921529000 	C:\Windows\system32\MSCTF.dll
0x00007ff91e5b0000 - 0x00007ff91e80a000 	C:\Windows\WinSxS\amd64_microsoft.windows.common-controls_6595b64144ccf1df_6.0.9600.17031_none_6242a4b3ecbb55a1\COMCTL32.dll
0x0000000063cc0000 - 0x0000000063d92000 	C:\Program Files\Java\jdk1.8.0_92\jre\bin\msvcr100.dll
0x0000000064370000 - 0x0000000064c06000 	C:\Program Files\Java\jdk1.8.0_92\jre\bin\server\jvm.dll
0x00007ff91a380000 - 0x00007ff91a389000 	C:\Windows\SYSTEM32\WSOCK32.dll
0x00007ff9173c0000 - 0x00007ff9173df000 	C:\Windows\SYSTEM32\WINMM.dll
0x00007ff91e4e0000 - 0x00007ff91e4ea000 	C:\Windows\SYSTEM32\VERSION.dll
0x00007ff9210d0000 - 0x00007ff9210d7000 	C:\Windows\system32\PSAPI.DLL
0x00007ff923190000 - 0x00007ff9231e8000 	C:\Windows\system32\WS2_32.dll
0x00007ff917390000 - 0x00007ff9173ba000 	C:\Windows\SYSTEM32\WINMMBASE.dll
0x00007ff922e90000 - 0x00007ff922e99000 	C:\Windows\system32\NSI.dll
0x00007ff920b20000 - 0x00007ff920b6a000 	C:\Windows\SYSTEM32\cfgmgr32.dll
0x00007ff91f6a0000 - 0x00007ff91f6c6000 	C:\Windows\SYSTEM32\DEVOBJ.dll
0x0000000064ca0000 - 0x0000000064caf000 	C:\Program Files\Java\jdk1.8.0_92\jre\bin\verify.dll
0x0000000064c70000 - 0x0000000064c99000 	C:\Program Files\Java\jdk1.8.0_92\jre\bin\java.dll
0x0000000064c50000 - 0x0000000064c66000 	C:\Program Files\Java\jdk1.8.0_92\jre\bin\zip.dll

VM Arguments:
jvm_args: -Djava.awt.headless=true -Xmx1024M -Dfile.encoding=windows-1252 -Duser.country=US -Duser.language=en -Duser.variant 
java_command: com.android.dx.command.Main --dex --force-jumbo --num-threads=4 --output C:\Zooket\app\build\intermediates\pre-dexed\debug\main_d0fc38630bf5975ede5b074e90315549bcd3519c.jar C:\Zooket\app\build\intermediates\transforms\instantRun\debug\folders\1\5\main
java_class_path (initial): C:\android-sdk-windows\build-tools\24.0.3\lib\dx.jar
Launcher Type: SUN_STANDARD

Environment Variables:
PATH=C:\ProgramData\Oracle\Java\javapath;C:\Windows\system32;C:\Windows;C:\Windows\System32\Wbem;C:\Windows\System32\WindowsPowerShell\v1.0\;C:\Program Files (x86)\NVIDIA Corporation\PhysX\Common;C:\Program Files (x86)\Windows Kits\8.1\Windows Performance Toolkit\;C:\Program Files\Microsoft SQL Server\110\Tools\Binn\;C:\Program Files\Microsoft SQL Server\110\DTS\Binn\;C:\Program Files (x86)\Microsoft SQL Server\110\Tools\Binn\;C:\Program Files (x86)\Microsoft SQL Server\110\Tools\Binn\ManagementStudio\;C:\Program Files (x86)\Microsoft Visual Studio 10.0\Common7\IDE\PrivateAssemblies\;C:\Program Files (x86)\Microsoft SQL Server\110\DTS\Binn\;C:\Program Files (x86)\GtkSharp\2.12\bin;C:\Program Files (x86)\QuickTime\QTSystem\
USERNAME=Smo
OS=Windows_NT
PROCESSOR_IDENTIFIER=Intel64 Family 6 Model 94 Stepping 3, GenuineIntel



---------------  S Y S T E M  ---------------

OS: Windows 8.1 , 64 bit Build 9600 (6.3.9600.17056)

CPU:total 4 (4 cores per cpu, 1 threads per core) family 6 model 94 stepping 3, cmov, cx8, fxsr, mmx, sse, sse2, sse3, ssse3, sse4.1, sse4.2, popcnt, avx, avx2, aes, clmul, erms, 3dnowpref, lzcnt, tsc, tscinvbit, bmi1, bmi2, adx

Memory: 4k page, physical 8266404k(1648584k free), swap 8266404k(5516k free)

vm_info: Java HotSpot(TM) 64-Bit Server VM (25.92-b14) for windows-amd64 JRE (1.8.0_92-b14), built on Mar 31 2016 21:03:04 by "java_re" with MS VC++ 10.0 (VS2010)

time: Mon May 15 12:34:05 2017
elapsed time: 0 seconds (0d 0h 0m 0s)

