#
# There is insufficient memory for the Java Runtime Environment to continue.
# Native memory allocation (malloc) failed to allocate 378736 bytes for Chunk::new
# Possible reasons:
#   The system is out of physical RAM or swap space
#   In 32 bit mode, the process size limit was hit
# Possible solutions:
#   Reduce memory load on the system
#   Increase physical memory or swap space
#   Check if swap backing store is full
#   Use 64 bit Java on a 64 bit OS
#   Decrease Java heap size (-Xmx/-Xms)
#   Decrease number of Java threads
#   Decrease Java thread stack sizes (-Xss)
#   Set larger code cache with -XX:ReservedCodeCacheSize=
# This output file may be truncated or incomplete.
#
#  Out of Memory Error (allocation.cpp:390), pid=4492, tid=0x0000000000001e14
#
# JRE version: Java(TM) SE Runtime Environment (8.0_92-b14) (build 1.8.0_92-b14)
# Java VM: Java HotSpot(TM) 64-Bit Server VM (25.92-b14 mixed mode windows-amd64 compressed oops)
# Failed to write core dump. Minidumps are not enabled by default on client versions of Windows
#

---------------  T H R E A D  ---------------

Current thread (0x00000000152cd000):  JavaThread "C2 CompilerThread0" daemon [_thread_in_native, id=7700, stack(0x0000000016900000,0x0000000016a00000)]

Stack: [0x0000000016900000,0x0000000016a00000]
[error occurred during error reporting (printing stack bounds), id 0xc0000005]

Native frames: (J=compiled Java code, j=interpreted, Vv=VM code, C=native code)


Current CompileTask:
C2:    601 1068       4       com.android.dx.ssa.SCCP::simulateStmt (481 bytes)


---------------  P R O C E S S  ---------------

Java Threads: ( => current thread )
  0x0000000016b06000 JavaThread "Service Thread" daemon [_thread_blocked, id=7316, stack(0x0000000017000000,0x0000000017100000)]
  0x0000000016b00800 JavaThread "C1 CompilerThread2" daemon [_thread_in_vm, id=7200, stack(0x0000000016f00000,0x0000000017000000)]
  0x000000001531e800 JavaThread "C2 CompilerThread1" daemon [_thread_in_native, id=1204, stack(0x0000000016a00000,0x0000000016b00000)]
=>0x00000000152cd000 JavaThread "C2 CompilerThread0" daemon [_thread_in_native, id=7700, stack(0x0000000016900000,0x0000000016a00000)]
  0x00000000152cb800 JavaThread "Attach Listener" daemon [_thread_blocked, id=7236, stack(0x0000000016800000,0x0000000016900000)]
  0x00000000152ca000 JavaThread "Signal Dispatcher" daemon [_thread_blocked, id=5192, stack(0x0000000016700000,0x0000000016800000)]
  0x0000000002b4a800 JavaThread "Finalizer" daemon [_thread_blocked, id=1220, stack(0x0000000016520000,0x0000000016620000)]
  0x0000000015299000 JavaThread "Reference Handler" daemon [_thread_blocked, id=7660, stack(0x0000000016420000,0x0000000016520000)]
  0x0000000002a52800 JavaThread "main" [_thread_in_Java, id=4432, stack(0x00000000011d0000,0x00000000012d0000)]

Other Threads:
  0x0000000015297800 VMThread [stack: 0x0000000016320000,0x0000000016420000] [id=5588]
  0x0000000016b19000 WatcherThread [stack: 0x0000000017100000,0x0000000017200000] [id=3164]

VM state:not at safepoint (normal execution)

VM Mutex/Monitor currently owned by a thread: None

Heap:
 PSYoungGen      total 38400K, used 31972K [0x00000000eab00000, 0x00000000ed580000, 0x0000000100000000)
  eden space 33280K, 96% used [0x00000000eab00000,0x00000000eca39230,0x00000000ecb80000)
  from space 5120K, 0% used [0x00000000ed080000,0x00000000ed080000,0x00000000ed580000)
  to   space 5120K, 0% used [0x00000000ecb80000,0x00000000ecb80000,0x00000000ed080000)
 ParOldGen       total 87552K, used 0K [0x00000000c0000000, 0x00000000c5580000, 0x00000000eab00000)
  object space 87552K, 0% used [0x00000000c0000000,0x00000000c0000000,0x00000000c5580000)
 Metaspace       used 5946K, capacity 6904K, committed 7040K, reserved 1056768K
  class space    used 605K, capacity 624K, committed 640K, reserved 1048576K

Card table byte_map: [0x0000000011fc0000,0x00000000121d0000] byte_map_base: 0x00000000119c0000

Marking Bits: (ParMarkBitMap*) 0x0000000072dd64f0
 Begin Bits: [0x0000000012730000, 0x0000000013730000)
 End Bits:   [0x0000000013730000, 0x0000000014730000)

Polling page: 0x0000000001030000

CodeCache: size=245760Kb used=4437Kb max_used=4437Kb free=241322Kb
 bounds [0x0000000002c00000, 0x0000000003060000, 0x0000000011c00000]
 total_blobs=1376 nmethods=1108 adapters=181
 compilation: enabled

Compilation events (10 events):
Event: 0.580 Thread 0x0000000016b00800 1112       3       com.android.dx.rop.cst.CstBaseMethodRef::isInstanceInit (8 bytes)
Event: 0.580 Thread 0x000000001531e800 nmethod 1096 0x0000000003058490 code [0x0000000003058620, 0x0000000003058d38]
Event: 0.580 Thread 0x000000001531e800 1100       4       com.android.dx.ssa.SCCP::simulateBranch (666 bytes)
Event: 0.580 Thread 0x0000000016b00800 nmethod 1112 0x0000000003056c90 code [0x0000000003056e00, 0x0000000003057228]
Event: 0.580 Thread 0x0000000016b00800 1108       3       com.android.dx.rop.code.Rops::opConst (85 bytes)
Event: 0.580 Thread 0x0000000016b00800 nmethod 1108 0x0000000003055790 code [0x00000000030559e0, 0x00000000030566e8]
Event: 0.580 Thread 0x0000000016b00800 1101       3       java.util.TreeMap::<init> (20 bytes)
Event: 0.581 Thread 0x0000000016b00800 nmethod 1101 0x0000000003055310 code [0x0000000003055480, 0x00000000030556b0]
Event: 0.581 Thread 0x0000000016b00800 1113       3       java.util.Vector::<init> (49 bytes)
Event: 0.581 Thread 0x0000000016b00800 nmethod 1113 0x0000000003054290 code [0x0000000003054480, 0x0000000003054e78]

GC Heap History (0 events):
No events

Deoptimization events (7 events):
Event: 0.297 Thread 0x0000000016c6e000 Uncommon trap: reason=unstable_if action=reinterpret pc=0x0000000002dea748 method=java.util.HashMap.getNode(ILjava/lang/Object;)Ljava/util/HashMap$Node; @ 129
Event: 0.422 Thread 0x0000000016c6f000 Uncommon trap: reason=null_check action=make_not_entrant pc=0x0000000002e86868 method=com.android.dx.rop.type.Type.equals(Ljava/lang/Object;)Z @ 8
Event: 0.435 Thread 0x0000000016c6e800 Uncommon trap: reason=class_check action=maybe_recompile pc=0x0000000002e42540 method=com.android.dx.ssa.NormalSsaInsn.accept(Lcom/android/dx/ssa/SsaInsn$Visitor;)V @ 9
Event: 0.435 Thread 0x0000000016c6e800 Uncommon trap: reason=class_check action=maybe_recompile pc=0x0000000002e27670 method=com.android.dx.ssa.NormalSsaInsn.accept(Lcom/android/dx/ssa/SsaInsn$Visitor;)V @ 9
Event: 0.435 Thread 0x0000000016c6e800 Uncommon trap: reason=class_check action=maybe_recompile pc=0x0000000002e27670 method=com.android.dx.ssa.NormalSsaInsn.accept(Lcom/android/dx/ssa/SsaInsn$Visitor;)V @ 9
Event: 0.435 Thread 0x0000000016c6e800 Uncommon trap: reason=class_check action=maybe_recompile pc=0x0000000002e27670 method=com.android.dx.ssa.NormalSsaInsn.accept(Lcom/android/dx/ssa/SsaInsn$Visitor;)V @ 9
Event: 0.436 Thread 0x0000000016c6e800 Uncommon trap: reason=class_check action=maybe_recompile pc=0x0000000002e42540 method=com.android.dx.ssa.NormalSsaInsn.accept(Lcom/android/dx/ssa/SsaInsn$Visitor;)V @ 9

Internal exceptions (3 events):
Event: 0.028 Thread 0x0000000002a52800 Exception <a 'java/lang/NoSuchMethodError': Method sun.misc.Unsafe.defineClass(Ljava/lang/String;[BII)Ljava/lang/Class; name or signature does not match> (0x00000000eab07cc0) thrown at [D:\re\workspace\8-2-build-windows-amd64-cygwin\jdk8u92\6642\hotspot\sroﬁîÒùù?
Event: 0.028 Thread 0x0000000002a52800 Exception <a 'java/lang/NoSuchMethodError': Method sun.misc.Unsafe.prefetchRead(Ljava/lang/Object;J)V name or signature does not match> (0x00000000eab07fa8) thrown at [D:\re\workspace\8-2-build-windows-amd64-cygwin\jdk8u92\6642\hotspot\src\share\vm\prims\jñ^ÎÜ˚⁄?
Event: 0.422 Thread 0x0000000016c6f000 Implicit null exception at 0x0000000002e86762 to 0x0000000002e8685a

Events (10 events):
Event: 0.480 loading class java/util/HashMap$KeySet
Event: 0.480 loading class java/util/HashMap$KeySet done
Event: 0.480 loading class java/util/HashMap$KeyIterator
Event: 0.480 loading class java/util/HashMap$KeyIterator done
Event: 0.532 Thread 0x0000000016c6e000 Thread exited: 0x0000000016c6e000
Event: 0.537 Thread 0x0000000016c6f000 Thread exited: 0x0000000016c6f000
Event: 0.556 Thread 0x0000000016c61800 Thread exited: 0x0000000016c61800
Event: 0.561 Executing VM operation: ForceSafepoint
Event: 0.561 Executing VM operation: ForceSafepoint done
Event: 0.578 Thread 0x0000000016c6e800 Thread exited: 0x0000000016c6e800


Dynamic libraries:
0x00007ff643cc0000 - 0x00007ff643cf7000 	C:\Program Files\Java\jdk1.8.0_92\bin\java.exe
0x00007fff95070000 - 0x00007fff9521a000 	C:\Windows\SYSTEM32\ntdll.dll
0x00007fff92d30000 - 0x00007fff92e6a000 	C:\Windows\system32\KERNEL32.DLL
0x00007fff92560000 - 0x00007fff9266f000 	C:\Windows\system32\KERNELBASE.dll
0x00007fff91010000 - 0x00007fff91098000 	C:\Windows\system32\apphelp.dll
0x00007fff72830000 - 0x00007fff7287f000 	C:\Windows\AppPatch\AppPatch64\AcGenral.DLL
0x00007fff92e70000 - 0x00007fff92f17000 	C:\Windows\system32\msvcrt.dll
0x00007fff92220000 - 0x00007fff9224b000 	C:\Windows\SYSTEM32\SspiCli.dll
0x00007fff931f0000 - 0x00007fff93241000 	C:\Windows\system32\SHLWAPI.dll
0x00007fff92a40000 - 0x00007fff92bb1000 	C:\Windows\system32\USER32.dll
0x00007fff93740000 - 0x00007fff938b8000 	C:\Windows\system32\ole32.dll
0x00007fff93a70000 - 0x00007fff94e87000 	C:\Windows\system32\SHELL32.dll
0x00007fff91a50000 - 0x00007fff91a6e000 	C:\Windows\SYSTEM32\USERENV.dll
0x00007fff93120000 - 0x00007fff931c5000 	C:\Windows\system32\ADVAPI32.dll
0x00007fff8d830000 - 0x00007fff8d84b000 	C:\Windows\SYSTEM32\MPR.dll
0x00007fff93250000 - 0x00007fff93386000 	C:\Windows\system32\RPCRT4.dll
0x00007fff930c0000 - 0x00007fff93117000 	C:\Windows\SYSTEM32\sechost.dll
0x00007fff93390000 - 0x00007fff93566000 	C:\Windows\SYSTEM32\combase.dll
0x00007fff938c0000 - 0x00007fff93a05000 	C:\Windows\system32\GDI32.dll
0x00007fff923e0000 - 0x00007fff923f4000 	C:\Windows\SYSTEM32\profapi.dll
0x00007fff90850000 - 0x00007fff908ef000 	C:\Windows\SYSTEM32\SHCORE.dll
0x00007fff929a0000 - 0x00007fff929d4000 	C:\Windows\system32\IMM32.DLL
0x00007fff92bc0000 - 0x00007fff92cf9000 	C:\Windows\system32\MSCTF.dll
0x00007fff900b0000 - 0x00007fff9030a000 	C:\Windows\WinSxS\amd64_microsoft.windows.common-controls_6595b64144ccf1df_6.0.9600.17031_none_6242a4b3ecbb55a1\COMCTL32.dll
0x00000000721c0000 - 0x0000000072292000 	C:\Program Files\Java\jdk1.8.0_92\jre\bin\msvcr100.dll
0x00000000725c0000 - 0x0000000072e56000 	C:\Program Files\Java\jdk1.8.0_92\jre\bin\server\jvm.dll
0x00007fff8be90000 - 0x00007fff8be99000 	C:\Windows\SYSTEM32\WSOCK32.dll
0x00007fff89000000 - 0x00007fff8901f000 	C:\Windows\SYSTEM32\WINMM.dll
0x00007fff8fff0000 - 0x00007fff8fffa000 	C:\Windows\SYSTEM32\VERSION.dll
0x00007fff92d00000 - 0x00007fff92d07000 	C:\Windows\system32\PSAPI.DLL
0x00007fff936e0000 - 0x00007fff93738000 	C:\Windows\system32\WS2_32.dll
0x00007fff86ca0000 - 0x00007fff86cca000 	C:\Windows\SYSTEM32\WINMMBASE.dll
0x00007fff931d0000 - 0x00007fff931d9000 	C:\Windows\system32\NSI.dll
0x00007fff92670000 - 0x00007fff926ba000 	C:\Windows\SYSTEM32\cfgmgr32.dll
0x00007fff91270000 - 0x00007fff91296000 	C:\Windows\SYSTEM32\DEVOBJ.dll
0x0000000073150000 - 0x000000007315f000 	C:\Program Files\Java\jdk1.8.0_92\jre\bin\verify.dll
0x0000000073120000 - 0x0000000073149000 	C:\Program Files\Java\jdk1.8.0_92\jre\bin\java.dll
0x0000000073100000 - 0x0000000073116000 	C:\Program Files\Java\jdk1.8.0_92\jre\bin\zip.dll

VM Arguments:
jvm_args: -Djava.awt.headless=true -Xmx1024M -Dfile.encoding=windows-1252 -Duser.country=US -Duser.language=en -Duser.variant 
java_command: com.android.dx.command.Main --dex --force-jumbo --num-threads=4 --output C:\Zooket\app\build\intermediates\pre-dexed\debug\com.google.android.gms-play-services-gcm-9.0.1_cb4afd723fa2265033bebf223cbeb97f27769744.jar C:\Zooket\app\build\intermediates\exploded-aar\com.google.android.gms\play-services-gcm\9.0.1\jars\classes.jar
java_class_path (initial): C:\android-sdk-windows\build-tools\24.0.3\lib\dx.jar
Launcher Type: SUN_STANDARD

Environment Variables:
PATH=C:\ProgramData\Oracle\Java\javapath;C:\Windows\system32;C:\Windows;C:\Windows\System32\Wbem;C:\Windows\System32\WindowsPowerShell\v1.0\;C:\Program Files (x86)\NVIDIA Corporation\PhysX\Common;C:\Program Files (x86)\Windows Kits\8.1\Windows Performance Toolkit\;C:\Program Files\Microsoft SQL Server\110\Tools\Binn\;C:\Program Files\Microsoft SQL Server\110\DTS\Binn\;C:\Program Files (x86)\Microsoft SQL Server\110\Tools\Binn\;C:\Program Files (x86)\Microsoft SQL Server\110\Tools\Binn\ManagementStudio\;C:\Program Files (x86)\Microsoft Visual Studio 10.0\Common7\IDE\PrivateAssemblies\;C:\Program Files (x86)\Microsoft SQL Server\110\DTS\Binn\;C:\Program Files (x86)\GtkSharp\2.12\bin;C:\Program Files (x86)\QuickTime\QTSystem\
USERNAME=Smo
OS=Windows_NT
PROCESSOR_IDENTIFIER=Intel64 Family 6 Model 94 Stepping 3, GenuineIntel



---------------  S Y S T E M  ---------------

OS: Windows 8.1 , 64 bit Build 9600 (6.3.9600.17056)

CPU:total 4 (4 cores per cpu, 1 threads per core) family 6 model 94 stepping 3, cmov, cx8, fxsr, mmx, sse, sse2, sse3, ssse3, sse4.1, sse4.2, popcnt, avx, avx2, aes, clmul, erms, 3dnowpref, lzcnt, tsc, tscinvbit, bmi1, bmi2, adx

Memory: 4k page, physical 8266404k(997696k free), swap 8266404k(5096k free)

vm_info: Java HotSpot(TM) 64-Bit Server VM (25.92-b14) for windows-amd64 JRE (1.8.0_92-b14), built on Mar 31 2016 21:03:04 by "java_re" with MS VC++ 10.0 (VS2010)

time: Tue May 23 12:26:53 2017
elapsed time: 0 seconds (0d 0h 0m 0s)

