#
# There is insufficient memory for the Java Runtime Environment to continue.
# Native memory allocation (malloc) failed to allocate 262160 bytes for Chunk::new
# Possible reasons:
#   The system is out of physical RAM or swap space
#   In 32 bit mode, the process size limit was hit
# Possible solutions:
#   Reduce memory load on the system
#   Increase physical memory or swap space
#   Check if swap backing store is full
#   Use 64 bit Java on a 64 bit OS
#   Decrease Java heap size (-Xmx/-Xms)
#   Decrease number of Java threads
#   Decrease Java thread stack sizes (-Xss)
#   Set larger code cache with -XX:ReservedCodeCacheSize=
# This output file may be truncated or incomplete.
#
#  Out of Memory Error (allocation.cpp:390), pid=2084, tid=0x0000000000002bdc
#
# JRE version: Java(TM) SE Runtime Environment (8.0_92-b14) (build 1.8.0_92-b14)
# Java VM: Java HotSpot(TM) 64-Bit Server VM (25.92-b14 mixed mode windows-amd64 compressed oops)
# Failed to write core dump. Minidumps are not enabled by default on client versions of Windows
#

---------------  T H R E A D  ---------------

Current thread (0x0000000014aa7800):  JavaThread "C2 CompilerThread1" daemon [_thread_in_native, id=11228, stack(0x0000000016180000,0x0000000016280000)]

Stack: [0x0000000016180000,0x0000000016280000]
[error occurred during error reporting (printing stack bounds), id 0xc0000005]

Native frames: (J=compiled Java code, j=interpreted, Vv=VM code, C=native code)


Current CompileTask:
C2:   3436 1884       4       com.android.dx.dex.code.OutputFinisher::addConstants (93 bytes)


---------------  P R O C E S S  ---------------

Java Threads: ( => current thread )
  0x000000001665d000 JavaThread "pool-1-thread-1" [_thread_in_vm, id=5760, stack(0x0000000016980000,0x0000000016a80000)]
  0x0000000016383800 JavaThread "Service Thread" daemon [_thread_blocked, id=9880, stack(0x0000000016780000,0x0000000016880000)]
  0x0000000014aac000 JavaThread "C1 CompilerThread2" daemon [_thread_blocked, id=3748, stack(0x0000000016280000,0x0000000016380000)]
=>0x0000000014aa7800 JavaThread "C2 CompilerThread1" daemon [_thread_in_native, id=11228, stack(0x0000000016180000,0x0000000016280000)]
  0x0000000014a4e000 JavaThread "C2 CompilerThread0" daemon [_thread_in_native, id=2840, stack(0x0000000016080000,0x0000000016180000)]
  0x0000000014a4c000 JavaThread "Attach Listener" daemon [_thread_blocked, id=6132, stack(0x0000000015f80000,0x0000000016080000)]
  0x0000000014a4b000 JavaThread "Signal Dispatcher" daemon [_thread_blocked, id=9964, stack(0x0000000015e80000,0x0000000015f80000)]
  0x0000000014a3a800 JavaThread "Finalizer" daemon [_thread_blocked, id=1276, stack(0x0000000015ca0000,0x0000000015da0000)]
  0x0000000002320800 JavaThread "Reference Handler" daemon [_thread_blocked, id=8512, stack(0x0000000015ba0000,0x0000000015ca0000)]
  0x0000000002232800 JavaThread "main" [_thread_blocked, id=10768, stack(0x00000000009e0000,0x0000000000ae0000)]

Other Threads:
  0x0000000014a18800 VMThread [stack: 0x0000000015aa0000,0x0000000015ba0000] [id=11052]
  0x0000000016392000 WatcherThread [stack: 0x0000000016880000,0x0000000016980000] [id=9812]

VM state:not at safepoint (normal execution)

VM Mutex/Monitor currently owned by a thread: None

Heap:
 PSYoungGen      total 71680K, used 19346K [0x00000000eab00000, 0x00000000ef600000, 0x0000000100000000)
  eden space 66560K, 21% used [0x00000000eab00000,0x00000000eb8ebdf8,0x00000000eec00000)
  from space 5120K, 99% used [0x00000000eec00000,0x00000000ef0f8db0,0x00000000ef100000)
  to   space 5120K, 0% used [0x00000000ef100000,0x00000000ef100000,0x00000000ef600000)
 ParOldGen       total 87552K, used 15838K [0x00000000c0000000, 0x00000000c5580000, 0x00000000eab00000)
  object space 87552K, 18% used [0x00000000c0000000,0x00000000c0f77a70,0x00000000c5580000)
 Metaspace       used 6394K, capacity 7160K, committed 7296K, reserved 1056768K
  class space    used 613K, capacity 624K, committed 640K, reserved 1048576K

Card table byte_map: [0x0000000011740000,0x0000000011950000] byte_map_base: 0x0000000011140000

Marking Bits: (ParMarkBitMap*) 0x0000000060c564f0
 Begin Bits: [0x0000000011eb0000, 0x0000000012eb0000)
 End Bits:   [0x0000000012eb0000, 0x0000000013eb0000)

Polling page: 0x00000000008c0000

CodeCache: size=245760Kb used=7491Kb max_used=7506Kb free=238268Kb
 bounds [0x0000000002380000, 0x0000000002ae0000, 0x0000000011380000]
 total_blobs=2134 nmethods=1864 adapters=182
 compilation: enabled

Compilation events (10 events):
Event: 3.297 Thread 0x0000000014aac000 1918  s    3       com.android.dx.dex.file.ProtoIdsSection::intern (55 bytes)
Event: 3.297 Thread 0x0000000014aac000 nmethod 1918 0x0000000002ad3410 code [0x0000000002ad3600, 0x0000000002ad3f08]
Event: 3.297 Thread 0x0000000014aac000 1920       3       com.android.dx.dex.file.TypeListItem::<init> (21 bytes)
Event: 3.297 Thread 0x0000000014aac000 nmethod 1920 0x0000000002ad42d0 code [0x0000000002ad4440, 0x0000000002ad46d8]
Event: 3.297 Thread 0x0000000014aac000 1921       3       java.lang.StringBuilder::<init> (6 bytes)
Event: 3.297 Thread 0x0000000014aac000 nmethod 1921 0x0000000002ad47d0 code [0x0000000002ad4940, 0x0000000002ad4bf0]
Event: 3.298 Thread 0x0000000014aac000 1922       3       com.android.dx.dex.file.ProtoIdItem::<init> (60 bytes)
Event: 3.298 Thread 0x0000000014aac000 nmethod 1922 0x0000000002ad4d10 code [0x0000000002ad4ee0, 0x0000000002ad56e8]
Event: 3.302 Thread 0x0000000014a4e000 nmethod 1896 0x0000000002ad97d0 code [0x0000000002ad99c0, 0x0000000002adab58]
Event: 3.302 Thread 0x0000000014a4e000 1905 %     4       com.android.dx.dex.code.OutputFinisher::getAllConstants @ 18 (47 bytes)

GC Heap History (6 events):
Event: 0.821 GC heap before
{Heap before GC invocations=1 (full 0):
 PSYoungGen      total 38400K, used 33280K [0x00000000eab00000, 0x00000000ed580000, 0x0000000100000000)
  eden space 33280K, 100% used [0x00000000eab00000,0x00000000ecb80000,0x00000000ecb80000)
  from space 5120K, 0% used [0x00000000ed080000,0x00000000ed080000,0x00000000ed580000)
  to   space 5120K, 0% used [0x00000000ecb80000,0x00000000ecb80000,0x00000000ed080000)
 ParOldGen       total 87552K, used 0K [0x00000000c0000000, 0x00000000c5580000, 0x00000000eab00000)
  object space 87552K, 0% used [0x00000000c0000000,0x00000000c0000000,0x00000000c5580000)
 Metaspace       used 6005K, capacity 6896K, committed 7040K, reserved 1056768K
  class space    used 602K, capacity 616K, committed 640K, reserved 1048576K
Event: 1.154 GC heap after
Heap after GC invocations=1 (full 0):
 PSYoungGen      total 38400K, used 5107K [0x00000000eab00000, 0x00000000ef600000, 0x0000000100000000)
  eden space 33280K, 0% used [0x00000000eab00000,0x00000000eab00000,0x00000000ecb80000)
  from space 5120K, 99% used [0x00000000ecb80000,0x00000000ed07ce98,0x00000000ed080000)
  to   space 5120K, 0% used [0x00000000ef100000,0x00000000ef100000,0x00000000ef600000)
 ParOldGen       total 87552K, used 1303K [0x00000000c0000000, 0x00000000c5580000, 0x00000000eab00000)
  object space 87552K, 1% used [0x00000000c0000000,0x00000000c0145ed8,0x00000000c5580000)
 Metaspace       used 6005K, capacity 6896K, committed 7040K, reserved 1056768K
  class space    used 602K, capacity 616K, committed 640K, reserved 1048576K
}
Event: 1.404 GC heap before
{Heap before GC invocations=2 (full 0):
 PSYoungGen      total 38400K, used 38387K [0x00000000eab00000, 0x00000000ef600000, 0x0000000100000000)
  eden space 33280K, 100% used [0x00000000eab00000,0x00000000ecb80000,0x00000000ecb80000)
  from space 5120K, 99% used [0x00000000ecb80000,0x00000000ed07ce98,0x00000000ed080000)
  to   space 5120K, 0% used [0x00000000ef100000,0x00000000ef100000,0x00000000ef600000)
 ParOldGen       total 87552K, used 1303K [0x00000000c0000000, 0x00000000c5580000, 0x00000000eab00000)
  object space 87552K, 1% used [0x00000000c0000000,0x00000000c0145ed8,0x00000000c5580000)
 Metaspace       used 6173K, capacity 7090K, committed 7296K, reserved 1056768K
  class space    used 604K, capacity 618K, committed 640K, reserved 1048576K
Event: 1.526 GC heap after
Heap after GC invocations=2 (full 0):
 PSYoungGen      total 71680K, used 5088K [0x00000000eab00000, 0x00000000ef600000, 0x0000000100000000)
  eden space 66560K, 0% used [0x00000000eab00000,0x00000000eab00000,0x00000000eec00000)
  from space 5120K, 99% used [0x00000000ef100000,0x00000000ef5f8218,0x00000000ef600000)
  to   space 5120K, 0% used [0x00000000eec00000,0x00000000eec00000,0x00000000ef100000)
 ParOldGen       total 87552K, used 6235K [0x00000000c0000000, 0x00000000c5580000, 0x00000000eab00000)
  object space 87552K, 7% used [0x00000000c0000000,0x00000000c0616c48,0x00000000c5580000)
 Metaspace       used 6173K, capacity 7090K, committed 7296K, reserved 1056768K
  class space    used 604K, capacity 618K, committed 640K, reserved 1048576K
}
Event: 2.514 GC heap before
{Heap before GC invocations=3 (full 0):
 PSYoungGen      total 71680K, used 71648K [0x00000000eab00000, 0x00000000ef600000, 0x0000000100000000)
  eden space 66560K, 100% used [0x00000000eab00000,0x00000000eec00000,0x00000000eec00000)
  from space 5120K, 99% used [0x00000000ef100000,0x00000000ef5f8218,0x00000000ef600000)
  to   space 5120K, 0% used [0x00000000eec00000,0x00000000eec00000,0x00000000ef100000)
 ParOldGen       total 87552K, used 6235K [0x00000000c0000000, 0x00000000c5580000, 0x00000000eab00000)
  object space 87552K, 7% used [0x00000000c0000000,0x00000000c0616c48,0x00000000c5580000)
 Metaspace       used 6289K, capacity 7090K, committed 7296K, reserved 1056768K
  class space    used 605K, capacity 618K, committed 640K, reserved 1048576K
Event: 2.686 GC heap after
Heap after GC invocations=3 (full 0):
 PSYoungGen      total 71680K, used 5091K [0x00000000eab00000, 0x00000000ef600000, 0x0000000100000000)
  eden space 66560K, 0% used [0x00000000eab00000,0x00000000eab00000,0x00000000eec00000)
  from space 5120K, 99% used [0x00000000eec00000,0x00000000ef0f8db0,0x00000000ef100000)
  to   space 5120K, 0% used [0x00000000ef100000,0x00000000ef100000,0x00000000ef600000)
 ParOldGen       total 87552K, used 15838K [0x00000000c0000000, 0x00000000c5580000, 0x00000000eab00000)
  object space 87552K, 18% used [0x00000000c0000000,0x00000000c0f77a70,0x00000000c5580000)
 Metaspace       used 6289K, capacity 7090K, committed 7296K, reserved 1056768K
  class space    used 605K, capacity 618K, committed 640K, reserved 1048576K
}

Deoptimization events (10 events):
Event: 2.077 Thread 0x000000001665d000 Uncommon trap: reason=unstable_if action=reinterpret pc=0x0000000002994500 method=com.android.dx.rop.code.LocalItem.compareHandlesNulls(Lcom/android/dx/rop/cst/CstString;Lcom/android/dx/rop/cst/CstString;)I @ 14
Event: 2.078 Thread 0x000000001665d000 Uncommon trap: reason=unstable_if action=reinterpret pc=0x00000000029a8ba4 method=com.android.dx.rop.code.LocalItem.compareHandlesNulls(Lcom/android/dx/rop/cst/CstString;Lcom/android/dx/rop/cst/CstString;)I @ 14
Event: 2.360 Thread 0x00000000165ef800 Uncommon trap: reason=bimorphic action=maybe_recompile pc=0x0000000002a1ab24 method=com.android.dx.cf.code.BytecodeArray.parseInstruction(ILcom/android/dx/cf/code/BytecodeArray$Visitor;)I @ 2484
Event: 2.360 Thread 0x00000000165ef800 Uncommon trap: reason=bimorphic action=maybe_recompile pc=0x0000000002a1ab24 method=com.android.dx.cf.code.BytecodeArray.parseInstruction(ILcom/android/dx/cf/code/BytecodeArray$Visitor;)I @ 2484
Event: 2.686 Thread 0x000000001665d000 Uncommon trap: reason=unstable_if action=reinterpret pc=0x00000000029d6f5c method=com.android.dx.rop.code.LocalItem.compareHandlesNulls(Lcom/android/dx/rop/cst/CstString;Lcom/android/dx/rop/cst/CstString;)I @ 14
Event: 3.238 Thread 0x000000001665d000 Uncommon trap: reason=class_check action=maybe_recompile pc=0x00000000028a0608 method=java.util.Arrays.hashCode([Ljava/lang/Object;)I @ 43
Event: 3.238 Thread 0x000000001665d000 Uncommon trap: reason=class_check action=maybe_recompile pc=0x00000000028a0608 method=java.util.Arrays.hashCode([Ljava/lang/Object;)I @ 43
Event: 3.238 Thread 0x000000001665d000 Uncommon trap: reason=class_check action=maybe_recompile pc=0x00000000028a0608 method=java.util.Arrays.hashCode([Ljava/lang/Object;)I @ 43
Event: 3.238 Thread 0x000000001665d000 Uncommon trap: reason=class_check action=maybe_recompile pc=0x00000000028a0608 method=java.util.Arrays.hashCode([Ljava/lang/Object;)I @ 43
Event: 3.239 Thread 0x000000001665d000 Uncommon trap: reason=class_check action=maybe_recompile pc=0x00000000027cdb34 method=java.util.Arrays.hashCode([Ljava/lang/Object;)I @ 43

Internal exceptions (7 events):
Event: 0.039 Thread 0x0000000002232800 Exception <a 'java/lang/NoSuchMethodError': Method sun.misc.Unsafe.defineClass(Ljava/lang/String;[BII)Ljava/lang/Class; name or signature does not match> (0x00000000eab07cc0) thrown at [D:\re\workspace\8-2-build-windows-amd64-cygwin\jdk8u92\6642\hotspot\srë«äâ£?
Event: 0.039 Thread 0x0000000002232800 Exception <a 'java/lang/NoSuchMethodError': Method sun.misc.Unsafe.prefetchRead(Ljava/lang/Object;J)V name or signature does not match> (0x00000000eab07fa8) thrown at [D:\re\workspace\8-2-build-windows-amd64-cygwin\jdk8u92\6642\hotspot\src\share\vm\prims\jÜT}Ê€ê?
Event: 0.813 Thread 0x00000000165ef800 Implicit null exception at 0x000000000272a584 to 0x000000000272b4c5
Event: 1.175 Thread 0x000000001665c000 Implicit null exception at 0x000000000281ff62 to 0x000000000282005a
Event: 2.077 Thread 0x000000001665d000 Implicit null exception at 0x00000000029925ef to 0x000000000299448d
Event: 2.078 Thread 0x000000001665d000 Implicit null exception at 0x00000000029a7466 to 0x00000000029a8b75
Event: 2.686 Thread 0x000000001665d000 Implicit null exception at 0x00000000029d5b2f to 0x00000000029d6f05

Events (10 events):
Event: 3.238 Thread 0x000000001665d000 DEOPT UNPACKING pc=0x00000000023c582a sp=0x0000000016a7e8f0 mode 2
Event: 3.239 Thread 0x000000001665d000 Uncommon trap: trap_request=0xffffffde fr.pc=0x00000000027cdb34
Event: 3.239 Thread 0x000000001665d000 DEOPT PACKING pc=0x00000000027cdb34 sp=0x0000000016a7e9b0
Event: 3.239 Thread 0x000000001665d000 DEOPT UNPACKING pc=0x00000000023c582a sp=0x0000000016a7e938 mode 2
Event: 3.241 loading class com/android/dx/rop/cst/Zeroes
Event: 3.241 loading class com/android/dx/rop/cst/Zeroes done
Event: 3.276 loading class com/android/dx/dex/file/CatchStructs
Event: 3.276 loading class com/android/dx/dex/file/CatchStructs done
Event: 3.295 loading class com/android/dx/dex/file/ProtoIdItem
Event: 3.295 loading class com/android/dx/dex/file/ProtoIdItem done


Dynamic libraries:
0x00007ff7b9a90000 - 0x00007ff7b9ac7000 	C:\Program Files\Java\jdk1.8.0_92\bin\java.exe
0x00007ff8c1da0000 - 0x00007ff8c1f4a000 	C:\Windows\SYSTEM32\ntdll.dll
0x00007ff8c1530000 - 0x00007ff8c166a000 	C:\Windows\system32\KERNEL32.DLL
0x00007ff8bf4c0000 - 0x00007ff8bf5cf000 	C:\Windows\system32\KERNELBASE.dll
0x00007ff8bdd40000 - 0x00007ff8bddc8000 	C:\Windows\system32\apphelp.dll
0x00007ff8a1c90000 - 0x00007ff8a1cdf000 	C:\Windows\AppPatch\AppPatch64\AcGenral.DLL
0x00007ff8c1ce0000 - 0x00007ff8c1d87000 	C:\Windows\system32\msvcrt.dll
0x00007ff8bef50000 - 0x00007ff8bef7b000 	C:\Windows\SYSTEM32\SspiCli.dll
0x00007ff8bf7c0000 - 0x00007ff8bf811000 	C:\Windows\system32\SHLWAPI.dll
0x00007ff8c1680000 - 0x00007ff8c17f1000 	C:\Windows\system32\USER32.dll
0x00007ff8c1800000 - 0x00007ff8c1978000 	C:\Windows\system32\ole32.dll
0x00007ff8bfdc0000 - 0x00007ff8c11d7000 	C:\Windows\system32\SHELL32.dll
0x00007ff8be780000 - 0x00007ff8be79e000 	C:\Windows\SYSTEM32\USERENV.dll
0x00007ff8c1380000 - 0x00007ff8c1425000 	C:\Windows\system32\ADVAPI32.dll
0x00007ff8ba5f0000 - 0x00007ff8ba60b000 	C:\Windows\SYSTEM32\MPR.dll
0x00007ff8bf620000 - 0x00007ff8bf756000 	C:\Windows\system32\RPCRT4.dll
0x00007ff8bfa70000 - 0x00007ff8bfac7000 	C:\Windows\SYSTEM32\sechost.dll
0x00007ff8c1b00000 - 0x00007ff8c1cd6000 	C:\Windows\SYSTEM32\combase.dll
0x00007ff8bfc70000 - 0x00007ff8bfdb5000 	C:\Windows\system32\GDI32.dll
0x00007ff8bf110000 - 0x00007ff8bf124000 	C:\Windows\SYSTEM32\profapi.dll
0x00007ff8bd770000 - 0x00007ff8bd80f000 	C:\Windows\SYSTEM32\SHCORE.dll
0x00007ff8c1430000 - 0x00007ff8c1464000 	C:\Windows\system32\IMM32.DLL
0x00007ff8c11e0000 - 0x00007ff8c1319000 	C:\Windows\system32\MSCTF.dll
0x00007ff8bcef0000 - 0x00007ff8bd14a000 	C:\Windows\WinSxS\amd64_microsoft.windows.common-controls_6595b64144ccf1df_6.0.9600.17031_none_6242a4b3ecbb55a1\COMCTL32.dll
0x000000005fcc0000 - 0x000000005fd92000 	C:\Program Files\Java\jdk1.8.0_92\jre\bin\msvcr100.dll
0x0000000060440000 - 0x0000000060cd6000 	C:\Program Files\Java\jdk1.8.0_92\jre\bin\server\jvm.dll
0x00007ff8b7f00000 - 0x00007ff8b7f09000 	C:\Windows\SYSTEM32\WSOCK32.dll
0x00007ff8baf20000 - 0x00007ff8baf3f000 	C:\Windows\SYSTEM32\WINMM.dll
0x00007ff8bce20000 - 0x00007ff8bce2a000 	C:\Windows\SYSTEM32\VERSION.dll
0x00007ff8c1670000 - 0x00007ff8c1677000 	C:\Windows\system32\PSAPI.DLL
0x00007ff8c1320000 - 0x00007ff8c1378000 	C:\Windows\system32\WS2_32.dll
0x00007ff8ba790000 - 0x00007ff8ba7ba000 	C:\Windows\SYSTEM32\WINMMBASE.dll
0x00007ff8bf820000 - 0x00007ff8bf829000 	C:\Windows\system32\NSI.dll
0x00007ff8bf1e0000 - 0x00007ff8bf22a000 	C:\Windows\SYSTEM32\cfgmgr32.dll
0x00007ff8bdf90000 - 0x00007ff8bdfb6000 	C:\Windows\SYSTEM32\DEVOBJ.dll
0x0000000060f50000 - 0x0000000060f5f000 	C:\Program Files\Java\jdk1.8.0_92\jre\bin\verify.dll
0x0000000060410000 - 0x0000000060439000 	C:\Program Files\Java\jdk1.8.0_92\jre\bin\java.dll
0x00000000603f0000 - 0x0000000060406000 	C:\Program Files\Java\jdk1.8.0_92\jre\bin\zip.dll

VM Arguments:
jvm_args: -Djava.awt.headless=true -Xmx1024M -Dfile.encoding=windows-1252 -Duser.country=US -Duser.language=en -Duser.variant 
java_command: com.android.dx.command.Main --dex --force-jumbo --num-threads=4 --multi-dex --output C:\Zooket\app\build\intermediates\transforms\dex\debug\folders\1000\10\com.android.support-design-23.4.0_55f6bf198495ed160302d6fdc73c65d7af5889f1 C:\Zooket\app\build\intermediates\exploded-aar\com.android.support\design\23.4.0\jars\classes.jar
java_class_path (initial): C:\android-sdk-windows\build-tools\24.0.3\lib\dx.jar
Launcher Type: SUN_STANDARD

Environment Variables:
PATH=C:\ProgramData\Oracle\Java\javapath;C:\Windows\system32;C:\Windows;C:\Windows\System32\Wbem;C:\Windows\System32\WindowsPowerShell\v1.0\;C:\Program Files (x86)\NVIDIA Corporation\PhysX\Common;C:\Program Files (x86)\Windows Kits\8.1\Windows Performance Toolkit\;C:\Program Files\Microsoft SQL Server\110\Tools\Binn\;C:\Program Files\Microsoft SQL Server\110\DTS\Binn\;C:\Program Files (x86)\Microsoft SQL Server\110\Tools\Binn\;C:\Program Files (x86)\Microsoft SQL Server\110\Tools\Binn\ManagementStudio\;C:\Program Files (x86)\Microsoft Visual Studio 10.0\Common7\IDE\PrivateAssemblies\;C:\Program Files (x86)\Microsoft SQL Server\110\DTS\Binn\;C:\Program Files (x86)\GtkSharp\2.12\bin;C:\Program Files (x86)\QuickTime\QTSystem\
USERNAME=Smo
OS=Windows_NT
PROCESSOR_IDENTIFIER=Intel64 Family 6 Model 94 Stepping 3, GenuineIntel



---------------  S Y S T E M  ---------------

OS: Windows 8.1 , 64 bit Build 9600 (6.3.9600.17056)

CPU:total 4 (4 cores per cpu, 1 threads per core) family 6 model 94 stepping 3, cmov, cx8, fxsr, mmx, sse, sse2, sse3, ssse3, sse4.1, sse4.2, popcnt, avx, avx2, aes, clmul, erms, 3dnowpref, lzcnt, tsc, tscinvbit, bmi1, bmi2, adx

Memory: 4k page, physical 8266404k(1357248k free), swap 8266404k(5192k free)

vm_info: Java HotSpot(TM) 64-Bit Server VM (25.92-b14) for windows-amd64 JRE (1.8.0_92-b14), built on Mar 31 2016 21:03:04 by "java_re" with MS VC++ 10.0 (VS2010)

time: Tue May 09 20:47:52 2017
elapsed time: 3 seconds (0d 0h 0m 3s)

