#
# There is insufficient memory for the Java Runtime Environment to continue.
# Native memory allocation (malloc) failed to allocate 940976 bytes for Chunk::new
# Possible reasons:
#   The system is out of physical RAM or swap space
#   In 32 bit mode, the process size limit was hit
# Possible solutions:
#   Reduce memory load on the system
#   Increase physical memory or swap space
#   Check if swap backing store is full
#   Use 64 bit Java on a 64 bit OS
#   Decrease Java heap size (-Xmx/-Xms)
#   Decrease number of Java threads
#   Decrease Java thread stack sizes (-Xss)
#   Set larger code cache with -XX:ReservedCodeCacheSize=
# This output file may be truncated or incomplete.
#
#  Out of Memory Error (allocation.cpp:390), pid=6772, tid=0x00000000000020b8
#
# JRE version: Java(TM) SE Runtime Environment (8.0_92-b14) (build 1.8.0_92-b14)
# Java VM: Java HotSpot(TM) 64-Bit Server VM (25.92-b14 mixed mode windows-amd64 compressed oops)
# Failed to write core dump. Minidumps are not enabled by default on client versions of Windows
#

---------------  T H R E A D  ---------------

Current thread (0x00000000147de000):  JavaThread "C2 CompilerThread0" daemon [_thread_in_native, id=8376, stack(0x0000000015e20000,0x0000000015f20000)]

Stack: [0x0000000015e20000,0x0000000015f20000]
[error occurred during error reporting (printing stack bounds), id 0xc0000005]

Native frames: (J=compiled Java code, j=interpreted, Vv=VM code, C=native code)


Current CompileTask:
C2:   9430 2382       4       com.android.dx.ssa.SsaConverter::placePhiFunctions (394 bytes)


---------------  P R O C E S S  ---------------

Java Threads: ( => current thread )
  0x00000000162f8800 JavaThread "pool-1-thread-4" [_thread_in_Java, id=6976, stack(0x0000000016b20000,0x0000000016c20000)]
  0x0000000016283000 JavaThread "pool-1-thread-3" [_thread_in_Java, id=10052, stack(0x0000000016a20000,0x0000000016b20000)]
  0x0000000016282800 JavaThread "pool-1-thread-2" [_thread_in_Java, id=9868, stack(0x0000000016920000,0x0000000016a20000)]
  0x00000000162f5000 JavaThread "pool-2-thread-1" [_thread_blocked, id=6956, stack(0x0000000016820000,0x0000000016920000)]
  0x00000000162f4800 JavaThread "pool-1-thread-1" [_thread_in_Java, id=9364, stack(0x0000000016720000,0x0000000016820000)]
  0x0000000016026800 JavaThread "Service Thread" daemon [_thread_blocked, id=8520, stack(0x0000000016520000,0x0000000016620000)]
  0x0000000016021000 JavaThread "C1 CompilerThread2" daemon [_thread_blocked, id=4140, stack(0x0000000016420000,0x0000000016520000)]
  0x0000000014837800 JavaThread "C2 CompilerThread1" daemon [_thread_in_native, id=8508, stack(0x0000000015f20000,0x0000000016020000)]
=>0x00000000147de000 JavaThread "C2 CompilerThread0" daemon [_thread_in_native, id=8376, stack(0x0000000015e20000,0x0000000015f20000)]
  0x00000000147dc000 JavaThread "Attach Listener" daemon [_thread_blocked, id=7936, stack(0x0000000015d20000,0x0000000015e20000)]
  0x00000000147db000 JavaThread "Signal Dispatcher" daemon [_thread_blocked, id=2028, stack(0x0000000015c20000,0x0000000015d20000)]
  0x00000000147ca800 JavaThread "Finalizer" daemon [_thread_blocked, id=6796, stack(0x0000000015a40000,0x0000000015b40000)]
  0x0000000002040800 JavaThread "Reference Handler" daemon [_thread_blocked, id=9104, stack(0x0000000015940000,0x0000000015a40000)]
  0x0000000001f52800 JavaThread "main" [_thread_in_Java, id=9804, stack(0x0000000001d90000,0x0000000001e90000)]

Other Threads:
  0x00000000147a8800 VMThread [stack: 0x0000000015840000,0x0000000015940000] [id=5084]
  0x0000000016041800 WatcherThread [stack: 0x0000000016620000,0x0000000016720000] [id=8316]

VM state:not at safepoint (normal execution)

VM Mutex/Monitor currently owned by a thread: None

Heap:
 PSYoungGen      total 267776K, used 243326K [0x00000000eab00000, 0x0000000100000000, 0x0000000100000000)
  eden space 186368K, 86% used [0x00000000eab00000,0x00000000f4921c10,0x00000000f6100000)
  from space 81408K, 99% used [0x00000000f6100000,0x00000000fb07dda0,0x00000000fb080000)
  to   space 81408K, 0% used [0x00000000fb080000,0x00000000fb080000,0x0000000100000000)
 ParOldGen       total 197120K, used 127207K [0x00000000c0000000, 0x00000000cc080000, 0x00000000eab00000)
  object space 197120K, 64% used [0x00000000c0000000,0x00000000c7c39f10,0x00000000cc080000)
 Metaspace       used 6505K, capacity 7256K, committed 7424K, reserved 1056768K
  class space    used 624K, capacity 656K, committed 768K, reserved 1048576K

Card table byte_map: [0x00000000114d0000,0x00000000116e0000] byte_map_base: 0x0000000010ed0000

Marking Bits: (ParMarkBitMap*) 0x000000006bf164f0
 Begin Bits: [0x0000000011c40000, 0x0000000012c40000)
 End Bits:   [0x0000000012c40000, 0x0000000013c40000)

Polling page: 0x0000000000440000

CodeCache: size=245760Kb used=11067Kb max_used=11081Kb free=234692Kb
 bounds [0x0000000002110000, 0x0000000002bf0000, 0x0000000011110000]
 total_blobs=2528 nmethods=2259 adapters=181
 compilation: enabled

Compilation events (10 events):
Event: 9.408 Thread 0x0000000016021000 2406       3       com.android.dx.ssa.back.SsaToRop::convert (99 bytes)
Event: 9.409 Thread 0x0000000016021000 nmethod 2406 0x0000000002be2fd0 code [0x0000000002be3280, 0x0000000002be4578]
Event: 9.409 Thread 0x0000000016021000 2407       3       com.android.dx.ssa.back.FirstFitLocalCombiningAllocator::allocateRegisters (37 bytes)
Event: 9.409 Thread 0x0000000016021000 nmethod 2407 0x0000000002be5010 code [0x0000000002be5200, 0x0000000002be5738]
Event: 9.409 Thread 0x0000000016021000 2409       3       com.android.dx.cf.attrib.AttInnerClasses::byteLength (14 bytes)
Event: 9.409 Thread 0x0000000016021000 nmethod 2409 0x0000000002be5990 code [0x0000000002be5b00, 0x0000000002be5d50]
Event: 9.410 Thread 0x0000000016021000 2410  s    3       com.android.dx.dex.file.StringIdsSection::intern (53 bytes)
Event: 9.410 Thread 0x0000000016021000 nmethod 2410 0x0000000002be5e50 code [0x0000000002be6020, 0x0000000002be6998]
Event: 9.411 Thread 0x0000000014837800 nmethod 2396 0x0000000002bea450 code [0x0000000002bea620, 0x0000000002beb0c8]
Event: 9.411 Thread 0x0000000014837800 2408       4       com.android.dx.ssa.back.FirstFitLocalCombiningAllocator::handleNormalUnassociated (99 bytes)

GC Heap History (10 events):
Event: 5.620 GC heap before
{Heap before GC invocations=4 (full 0):
 PSYoungGen      total 71680K, used 71668K [0x00000000eab00000, 0x00000000f3700000, 0x0000000100000000)
  eden space 66560K, 100% used [0x00000000eab00000,0x00000000eec00000,0x00000000eec00000)
  from space 5120K, 99% used [0x00000000eec00000,0x00000000ef0fd078,0x00000000ef100000)
  to   space 5120K, 0% used [0x00000000f3200000,0x00000000f3200000,0x00000000f3700000)
 ParOldGen       total 87552K, used 13360K [0x00000000c0000000, 0x00000000c5580000, 0x00000000eab00000)
  object space 87552K, 15% used [0x00000000c0000000,0x00000000c0d0c2e0,0x00000000c5580000)
 Metaspace       used 6390K, capacity 7128K, committed 7424K, reserved 1056768K
  class space    used 622K, capacity 656K, committed 768K, reserved 1048576K
Event: 5.767 GC heap after
Heap after GC invocations=4 (full 0):
 PSYoungGen      total 138240K, used 5095K [0x00000000eab00000, 0x00000000f3700000, 0x0000000100000000)
  eden space 133120K, 0% used [0x00000000eab00000,0x00000000eab00000,0x00000000f2d00000)
  from space 5120K, 99% used [0x00000000f3200000,0x00000000f36f9cc8,0x00000000f3700000)
  to   space 5120K, 0% used [0x00000000f2d00000,0x00000000f2d00000,0x00000000f3200000)
 ParOldGen       total 87552K, used 32900K [0x00000000c0000000, 0x00000000c5580000, 0x00000000eab00000)
  object space 87552K, 37% used [0x00000000c0000000,0x00000000c2021078,0x00000000c5580000)
 Metaspace       used 6390K, capacity 7128K, committed 7424K, reserved 1056768K
  class space    used 622K, capacity 656K, committed 768K, reserved 1048576K
}
Event: 6.645 GC heap before
{Heap before GC invocations=5 (full 0):
 PSYoungGen      total 138240K, used 138215K [0x00000000eab00000, 0x00000000f3700000, 0x0000000100000000)
  eden space 133120K, 100% used [0x00000000eab00000,0x00000000f2d00000,0x00000000f2d00000)
  from space 5120K, 99% used [0x00000000f3200000,0x00000000f36f9cc8,0x00000000f3700000)
  to   space 5120K, 0% used [0x00000000f2d00000,0x00000000f2d00000,0x00000000f3200000)
 ParOldGen       total 87552K, used 32900K [0x00000000c0000000, 0x00000000c5580000, 0x00000000eab00000)
  object space 87552K, 37% used [0x00000000c0000000,0x00000000c2021078,0x00000000c5580000)
 Metaspace       used 6450K, capacity 7192K, committed 7424K, reserved 1056768K
  class space    used 622K, capacity 656K, committed 768K, reserved 1048576K
Event: 6.706 GC heap after
Heap after GC invocations=5 (full 0):
 PSYoungGen      total 138240K, used 5093K [0x00000000eab00000, 0x0000000100000000, 0x0000000100000000)
  eden space 133120K, 0% used [0x00000000eab00000,0x00000000eab00000,0x00000000f2d00000)
  from space 5120K, 99% used [0x00000000f2d00000,0x00000000f31f9620,0x00000000f3200000)
  to   space 67072K, 0% used [0x00000000fbe80000,0x00000000fbe80000,0x0000000100000000)
 ParOldGen       total 104448K, used 104356K [0x00000000c0000000, 0x00000000c6600000, 0x00000000eab00000)
  object space 104448K, 99% used [0x00000000c0000000,0x00000000c65e9158,0x00000000c6600000)
 Metaspace       used 6450K, capacity 7192K, committed 7424K, reserved 1056768K
  class space    used 622K, capacity 656K, committed 768K, reserved 1048576K
}
Event: 6.706 GC heap before
{Heap before GC invocations=6 (full 1):
 PSYoungGen      total 138240K, used 5093K [0x00000000eab00000, 0x0000000100000000, 0x0000000100000000)
  eden space 133120K, 0% used [0x00000000eab00000,0x00000000eab00000,0x00000000f2d00000)
  from space 5120K, 99% used [0x00000000f2d00000,0x00000000f31f9620,0x00000000f3200000)
  to   space 67072K, 0% used [0x00000000fbe80000,0x00000000fbe80000,0x0000000100000000)
 ParOldGen       total 104448K, used 104356K [0x00000000c0000000, 0x00000000c6600000, 0x00000000eab00000)
  object space 104448K, 99% used [0x00000000c0000000,0x00000000c65e9158,0x00000000c6600000)
 Metaspace       used 6450K, capacity 7192K, committed 7424K, reserved 1056768K
  class space    used 622K, capacity 656K, committed 768K, reserved 1048576K
Event: 7.034 GC heap after
Heap after GC invocations=6 (full 1):
 PSYoungGen      total 138240K, used 0K [0x00000000eab00000, 0x0000000100000000, 0x0000000100000000)
  eden space 133120K, 0% used [0x00000000eab00000,0x00000000eab00000,0x00000000f2d00000)
  from space 5120K, 0% used [0x00000000f2d00000,0x00000000f2d00000,0x00000000f3200000)
  to   space 67072K, 0% used [0x00000000fbe80000,0x00000000fbe80000,0x0000000100000000)
 ParOldGen       total 197120K, used 93734K [0x00000000c0000000, 0x00000000cc080000, 0x00000000eab00000)
  object space 197120K, 47% used [0x00000000c0000000,0x00000000c5b89980,0x00000000cc080000)
 Metaspace       used 6450K, capacity 7192K, committed 7424K, reserved 1056768K
  class space    used 622K, capacity 656K, committed 768K, reserved 1048576K
}
Event: 7.151 GC heap before
{Heap before GC invocations=7 (full 1):
 PSYoungGen      total 138240K, used 133120K [0x00000000eab00000, 0x0000000100000000, 0x0000000100000000)
  eden space 133120K, 100% used [0x00000000eab00000,0x00000000f2d00000,0x00000000f2d00000)
  from space 5120K, 0% used [0x00000000f2d00000,0x00000000f2d00000,0x00000000f3200000)
  to   space 67072K, 0% used [0x00000000fbe80000,0x00000000fbe80000,0x0000000100000000)
 ParOldGen       total 197120K, used 93734K [0x00000000c0000000, 0x00000000cc080000, 0x00000000eab00000)
  object space 197120K, 47% used [0x00000000c0000000,0x00000000c5b89980,0x00000000cc080000)
 Metaspace       used 6467K, capacity 7192K, committed 7424K, reserved 1056768K
  class space    used 623K, capacity 656K, committed 768K, reserved 1048576K
Event: 7.209 GC heap after
Heap after GC invocations=7 (full 1):
 PSYoungGen      total 253440K, used 62635K [0x00000000eab00000, 0x0000000100000000, 0x0000000100000000)
  eden space 186368K, 0% used [0x00000000eab00000,0x00000000eab00000,0x00000000f6100000)
  from space 67072K, 93% used [0x00000000fbe80000,0x00000000ffbaad40,0x0000000100000000)
  to   space 81408K, 0% used [0x00000000f6100000,0x00000000f6100000,0x00000000fb080000)
 ParOldGen       total 197120K, used 93742K [0x00000000c0000000, 0x00000000cc080000, 0x00000000eab00000)
  object space 197120K, 47% used [0x00000000c0000000,0x00000000c5b8b980,0x00000000cc080000)
 Metaspace       used 6467K, capacity 7192K, committed 7424K, reserved 1056768K
  class space    used 623K, capacity 656K, committed 768K, reserved 1048576K
}
Event: 8.367 GC heap before
{Heap before GC invocations=8 (full 1):
 PSYoungGen      total 253440K, used 249003K [0x00000000eab00000, 0x0000000100000000, 0x0000000100000000)
  eden space 186368K, 100% used [0x00000000eab00000,0x00000000f6100000,0x00000000f6100000)
  from space 67072K, 93% used [0x00000000fbe80000,0x00000000ffbaad40,0x0000000100000000)
  to   space 81408K, 0% used [0x00000000f6100000,0x00000000f6100000,0x00000000fb080000)
 ParOldGen       total 197120K, used 93742K [0x00000000c0000000, 0x00000000cc080000, 0x00000000eab00000)
  object space 197120K, 47% used [0x00000000c0000000,0x00000000c5b8b980,0x00000000cc080000)
 Metaspace       used 6483K, capacity 7192K, committed 7424K, reserved 1056768K
  class space    used 624K, capacity 656K, committed 768K, reserved 1048576K
Event: 8.658 GC heap after
Heap after GC invocations=8 (full 1):
 PSYoungGen      total 267776K, used 81399K [0x00000000eab00000, 0x0000000100000000, 0x0000000100000000)
  eden space 186368K, 0% used [0x00000000eab00000,0x00000000eab00000,0x00000000f6100000)
  from space 81408K, 99% used [0x00000000f6100000,0x00000000fb07dda0,0x00000000fb080000)
  to   space 81408K, 0% used [0x00000000fb080000,0x00000000fb080000,0x0000000100000000)
 ParOldGen       total 197120K, used 127207K [0x00000000c0000000, 0x00000000cc080000, 0x00000000eab00000)
  object space 197120K, 64% used [0x00000000c0000000,0x00000000c7c39f10,0x00000000cc080000)
 Metaspace       used 6483K, capacity 7192K, committed 7424K, reserved 1056768K
  class space    used 624K, capacity 656K, committed 768K, reserved 1048576K
}

Deoptimization events (10 events):
Event: 8.666 Thread 0x00000000162f4800 Uncommon trap: reason=class_check action=maybe_recompile pc=0x000000000287967c method=com.android.dx.ssa.back.InterferenceGraph.mergeInterferenceSet(ILcom/android/dx/util/IntSet;)V @ 20
Event: 8.666 Thread 0x00000000162f4800 Uncommon trap: reason=class_check action=maybe_recompile pc=0x00000000028349b8 method=com.android.dx.util.BitIntSet.merge(Lcom/android/dx/util/IntSet;)V @ 1
Event: 8.669 Thread 0x00000000162f4800 Uncommon trap: reason=class_check action=maybe_recompile pc=0x000000000287967c method=com.android.dx.ssa.back.InterferenceGraph.mergeInterferenceSet(ILcom/android/dx/util/IntSet;)V @ 20
Event: 8.669 Thread 0x00000000162f4800 Uncommon trap: reason=class_check action=maybe_recompile pc=0x00000000028349b8 method=com.android.dx.util.BitIntSet.merge(Lcom/android/dx/util/IntSet;)V @ 1
Event: 8.705 Thread 0x0000000001f52800 Uncommon trap: reason=unstable_if action=reinterpret pc=0x00000000024bef7c method=com.android.dx.util.IntList.binarysearch(I)I @ 105
Event: 9.155 Thread 0x0000000001f52800 Uncommon trap: reason=class_check action=maybe_recompile pc=0x0000000002a5c3e4 method=java.util.HashMap.putVal(ILjava/lang/Object;Ljava/lang/Object;ZZ)Ljava/lang/Object; @ 203
Event: 9.155 Thread 0x0000000001f52800 Uncommon trap: reason=class_check action=maybe_recompile pc=0x0000000002a5c3e4 method=java.util.HashMap.putVal(ILjava/lang/Object;Ljava/lang/Object;ZZ)Ljava/lang/Object; @ 203
Event: 9.155 Thread 0x0000000001f52800 Uncommon trap: reason=class_check action=maybe_recompile pc=0x0000000002a5c3e4 method=java.util.HashMap.putVal(ILjava/lang/Object;Ljava/lang/Object;ZZ)Ljava/lang/Object; @ 203
Event: 9.155 Thread 0x0000000001f52800 Uncommon trap: reason=class_check action=maybe_recompile pc=0x0000000002a5c3e4 method=java.util.HashMap.putVal(ILjava/lang/Object;Ljava/lang/Object;ZZ)Ljava/lang/Object; @ 203
Event: 9.155 Thread 0x0000000001f52800 Uncommon trap: reason=class_check action=maybe_recompile pc=0x0000000002a597fc method=java.util.HashMap.putVal(ILjava/lang/Object;Ljava/lang/Object;ZZ)Ljava/lang/Object; @ 203

Internal exceptions (6 events):
Event: 0.031 Thread 0x0000000001f52800 Exception <a 'java/lang/NoSuchMethodError': Method sun.misc.Unsafe.defineClass(Ljava/lang/String;[BII)Ljava/lang/Class; name or signature does not match> (0x00000000eab07cc0) thrown at [D:\re\workspace\8-2-build-windows-amd64-cygwin\jdk8u92\6642\hotspot\srøK;úŒoü?
Event: 0.031 Thread 0x0000000001f52800 Exception <a 'java/lang/NoSuchMethodError': Method sun.misc.Unsafe.prefetchRead(Ljava/lang/Object;J)V name or signature does not match> (0x00000000eab07fa8) thrown at [D:\re\workspace\8-2-build-windows-amd64-cygwin\jdk8u92\6642\hotspot\src\share\vm\prims\jtzﬂcß^Ò?
Event: 1.086 Thread 0x0000000001f52800 Implicit null exception at 0x00000000023d4522 to 0x00000000023d461a
Event: 4.506 Thread 0x00000000162f4800 Exception <a 'java/lang/ArrayIndexOutOfBoundsException': 18> (0x00000000ec539780) thrown at [D:\re\workspace\8-2-build-windows-amd64-cygwin\jdk8u92\6642\hotspot\src\share\vm\interpreter\interpreterRuntime.cpp, line 366]
Event: 4.506 Thread 0x00000000162f4800 Exception <a 'java/lang/ArrayIndexOutOfBoundsException'> (0x00000000ec53b300) thrown at [D:\re\workspace\8-2-build-windows-amd64-cygwin\jdk8u92\6642\hotspot\src\share\vm\runtime\sharedRuntime.cpp, line 605]
Event: 4.507 Thread 0x00000000162f4800 Exception <a 'java/lang/ArrayIndexOutOfBoundsException'> (0x00000000ec53c5e8) thrown at [D:\re\workspace\8-2-build-windows-amd64-cygwin\jdk8u92\6642\hotspot\src\share\vm\runtime\sharedRuntime.cpp, line 605]

Events (10 events):
Event: 9.296 Thread 0x0000000001f52800 DEOPT PACKING pc=0x0000000002b1a5e1 sp=0x0000000001e8e3e0
Event: 9.296 Thread 0x0000000001f52800 DEOPT UNPACKING pc=0x000000000215787f sp=0x0000000001e8e220 mode 0
Event: 9.333 Thread 0x0000000001f52800 DEOPT PACKING pc=0x0000000002b21595 sp=0x0000000001e8e6d0
Event: 9.333 Thread 0x0000000001f52800 DEOPT UNPACKING pc=0x000000000215787f sp=0x0000000001e8e500 mode 0
Event: 9.349 Thread 0x0000000001f52800 DEOPT PACKING pc=0x0000000002619cb2 sp=0x0000000001e8e730
Event: 9.349 Thread 0x0000000001f52800 DEOPT UNPACKING pc=0x000000000215787f sp=0x0000000001e8e4a8 mode 0
Event: 9.372 Thread 0x0000000001f52800 DEOPT PACKING pc=0x0000000002b1a4ae sp=0x0000000001e8e410
Event: 9.372 Thread 0x0000000001f52800 DEOPT UNPACKING pc=0x000000000215787f sp=0x0000000001e8e250 mode 0
Event: 9.372 Thread 0x0000000001f52800 DEOPT PACKING pc=0x0000000002b21250 sp=0x0000000001e8e700
Event: 9.372 Thread 0x0000000001f52800 DEOPT UNPACKING pc=0x000000000215787f sp=0x0000000001e8e530 mode 0


Dynamic libraries:
0x00007ff7d3560000 - 0x00007ff7d3597000 	C:\Program Files\Java\jdk1.8.0_92\bin\java.exe
0x00007ff89b3d0000 - 0x00007ff89b57a000 	C:\Windows\SYSTEM32\ntdll.dll
0x00007ff898d00000 - 0x00007ff898e3a000 	C:\Windows\system32\KERNEL32.DLL
0x00007ff898af0000 - 0x00007ff898bff000 	C:\Windows\system32\KERNELBASE.dll
0x00007ff897370000 - 0x00007ff8973f8000 	C:\Windows\system32\apphelp.dll
0x00007ff875f50000 - 0x00007ff875f9f000 	C:\Windows\AppPatch\AppPatch64\AcGenral.DLL
0x00007ff899020000 - 0x00007ff8990c7000 	C:\Windows\system32\msvcrt.dll
0x00007ff898580000 - 0x00007ff8985ab000 	C:\Windows\SYSTEM32\SspiCli.dll
0x00007ff89a7a0000 - 0x00007ff89a7f1000 	C:\Windows\system32\SHLWAPI.dll
0x00007ff89a9e0000 - 0x00007ff89ab51000 	C:\Windows\system32\USER32.dll
0x00007ff898ea0000 - 0x00007ff899018000 	C:\Windows\system32\ole32.dll
0x00007ff899380000 - 0x00007ff89a797000 	C:\Windows\system32\SHELL32.dll
0x00007ff897db0000 - 0x00007ff897dce000 	C:\Windows\SYSTEM32\USERENV.dll
0x00007ff89b200000 - 0x00007ff89b2a5000 	C:\Windows\system32\ADVAPI32.dll
0x00007ff893600000 - 0x00007ff89361b000 	C:\Windows\SYSTEM32\MPR.dll
0x00007ff89ad40000 - 0x00007ff89ae76000 	C:\Windows\system32\RPCRT4.dll
0x00007ff898e40000 - 0x00007ff898e97000 	C:\Windows\SYSTEM32\sechost.dll
0x00007ff8990d0000 - 0x00007ff8992a6000 	C:\Windows\SYSTEM32\combase.dll
0x00007ff89ae90000 - 0x00007ff89afd5000 	C:\Windows\system32\GDI32.dll
0x00007ff898740000 - 0x00007ff898754000 	C:\Windows\SYSTEM32\profapi.dll
0x00007ff896da0000 - 0x00007ff896e3f000 	C:\Windows\SYSTEM32\SHCORE.dll
0x00007ff89a9a0000 - 0x00007ff89a9d4000 	C:\Windows\system32\IMM32.DLL
0x00007ff89b0c0000 - 0x00007ff89b1f9000 	C:\Windows\system32\MSCTF.dll
0x00007ff896520000 - 0x00007ff89677a000 	C:\Windows\WinSxS\amd64_microsoft.windows.common-controls_6595b64144ccf1df_6.0.9600.17031_none_6242a4b3ecbb55a1\COMCTL32.dll
0x000000006b320000 - 0x000000006b3f2000 	C:\Program Files\Java\jdk1.8.0_92\jre\bin\msvcr100.dll
0x000000006b700000 - 0x000000006bf96000 	C:\Program Files\Java\jdk1.8.0_92\jre\bin\server\jvm.dll
0x00007ff88b560000 - 0x00007ff88b569000 	C:\Windows\SYSTEM32\WSOCK32.dll
0x00007ff88ab60000 - 0x00007ff88ab7f000 	C:\Windows\SYSTEM32\WINMM.dll
0x00007ff896450000 - 0x00007ff89645a000 	C:\Windows\SYSTEM32\VERSION.dll
0x00007ff89ae80000 - 0x00007ff89ae87000 	C:\Windows\system32\PSAPI.DLL
0x00007ff8992b0000 - 0x00007ff899308000 	C:\Windows\system32\WS2_32.dll
0x00007ff88aac0000 - 0x00007ff88aaea000 	C:\Windows\SYSTEM32\WINMMBASE.dll
0x00007ff89b000000 - 0x00007ff89b009000 	C:\Windows\system32\NSI.dll
0x00007ff898c00000 - 0x00007ff898c4a000 	C:\Windows\SYSTEM32\cfgmgr32.dll
0x00007ff8975c0000 - 0x00007ff8975e6000 	C:\Windows\SYSTEM32\DEVOBJ.dll
0x000000006e490000 - 0x000000006e49f000 	C:\Program Files\Java\jdk1.8.0_92\jre\bin\verify.dll
0x000000006c680000 - 0x000000006c6a9000 	C:\Program Files\Java\jdk1.8.0_92\jre\bin\java.dll
0x000000006c660000 - 0x000000006c676000 	C:\Program Files\Java\jdk1.8.0_92\jre\bin\zip.dll

VM Arguments:
jvm_args: -Djava.awt.headless=true -Xmx1024M -Dfile.encoding=windows-1252 -Duser.country=US -Duser.language=en -Duser.variant 
java_command: com.android.dx.command.Main --dex --force-jumbo --num-threads=4 --output C:\Zooket\app\build\intermediates\pre-dexed\debug\com.google.android.gms-play-services-ads-9.0.1_a213d0cf920b8fe9c76e548f5c02fedff6d4ca15.jar C:\Zooket\app\build\intermediates\exploded-aar\com.google.android.gms\play-services-ads\9.0.1\jars\classes.jar
java_class_path (initial): C:\android-sdk-windows\build-tools\24.0.3\lib\dx.jar
Launcher Type: SUN_STANDARD

Environment Variables:
PATH=C:\ProgramData\Oracle\Java\javapath;C:\Windows\system32;C:\Windows;C:\Windows\System32\Wbem;C:\Windows\System32\WindowsPowerShell\v1.0\;C:\Program Files (x86)\NVIDIA Corporation\PhysX\Common;C:\Program Files (x86)\Windows Kits\8.1\Windows Performance Toolkit\;C:\Program Files\Microsoft SQL Server\110\Tools\Binn\;C:\Program Files\Microsoft SQL Server\110\DTS\Binn\;C:\Program Files (x86)\Microsoft SQL Server\110\Tools\Binn\;C:\Program Files (x86)\Microsoft SQL Server\110\Tools\Binn\ManagementStudio\;C:\Program Files (x86)\Microsoft Visual Studio 10.0\Common7\IDE\PrivateAssemblies\;C:\Program Files (x86)\Microsoft SQL Server\110\DTS\Binn\;C:\Program Files (x86)\GtkSharp\2.12\bin;C:\Program Files (x86)\QuickTime\QTSystem\
USERNAME=Smo
OS=Windows_NT
PROCESSOR_IDENTIFIER=Intel64 Family 6 Model 94 Stepping 3, GenuineIntel



---------------  S Y S T E M  ---------------

OS: Windows 8.1 , 64 bit Build 9600 (6.3.9600.17056)

CPU:total 4 (4 cores per cpu, 1 threads per core) family 6 model 94 stepping 3, cmov, cx8, fxsr, mmx, sse, sse2, sse3, ssse3, sse4.1, sse4.2, popcnt, avx, avx2, aes, clmul, erms, 3dnowpref, lzcnt, tsc, tscinvbit, bmi1, bmi2, adx

Memory: 4k page, physical 8266404k(1242424k free), swap 8266404k(5424k free)

vm_info: Java HotSpot(TM) 64-Bit Server VM (25.92-b14) for windows-amd64 JRE (1.8.0_92-b14), built on Mar 31 2016 21:03:04 by "java_re" with MS VC++ 10.0 (VS2010)

time: Thu May 11 22:39:55 2017
elapsed time: 9 seconds (0d 0h 0m 9s)

