#
# There is insufficient memory for the Java Runtime Environment to continue.
# Native memory allocation (malloc) failed to allocate 1933616 bytes for Chunk::new
# Possible reasons:
#   The system is out of physical RAM or swap space
#   In 32 bit mode, the process size limit was hit
# Possible solutions:
#   Reduce memory load on the system
#   Increase physical memory or swap space
#   Check if swap backing store is full
#   Use 64 bit Java on a 64 bit OS
#   Decrease Java heap size (-Xmx/-Xms)
#   Decrease number of Java threads
#   Decrease Java thread stack sizes (-Xss)
#   Set larger code cache with -XX:ReservedCodeCacheSize=
# This output file may be truncated or incomplete.
#
#  Out of Memory Error (allocation.cpp:390), pid=8876, tid=0x0000000000001934
#
# JRE version: Java(TM) SE Runtime Environment (8.0_92-b14) (build 1.8.0_92-b14)
# Java VM: Java HotSpot(TM) 64-Bit Server VM (25.92-b14 mixed mode windows-amd64 compressed oops)
# Failed to write core dump. Minidumps are not enabled by default on client versions of Windows
#

---------------  T H R E A D  ---------------

Current thread (0x0000000014526800):  JavaThread "C2 CompilerThread1" daemon [_thread_in_native, id=6452, stack(0x0000000015c20000,0x0000000015d20000)]

Stack: [0x0000000015c20000,0x0000000015d20000]
[error occurred during error reporting (printing stack bounds), id 0xc0000005]

Native frames: (J=compiled Java code, j=interpreted, Vv=VM code, C=native code)


Current CompileTask:
C2:   2236 1354   !   4       com.android.dx.cf.cst.ConstantPoolParser::parse0 (731 bytes)


---------------  P R O C E S S  ---------------

Java Threads: ( => current thread )
  0x000000001603d000 JavaThread "pool-1-thread-4" [_thread_in_Java, id=2944, stack(0x0000000016820000,0x0000000016920000)]
  0x0000000015f9b800 JavaThread "pool-1-thread-3" [_thread_in_Java, id=6368, stack(0x0000000016720000,0x0000000016820000)]
  0x0000000015f9b000 JavaThread "pool-1-thread-2" [_thread_in_vm, id=7172, stack(0x0000000016620000,0x0000000016720000)]
  0x0000000015f97800 JavaThread "pool-2-thread-1" [_thread_blocked, id=3528, stack(0x0000000016520000,0x0000000016620000)]
  0x0000000015f97000 JavaThread "pool-1-thread-1" [_thread_in_vm, id=10052, stack(0x0000000016420000,0x0000000016520000)]
  0x0000000015d26800 JavaThread "Service Thread" daemon [_thread_blocked, id=9712, stack(0x0000000016220000,0x0000000016320000)]
  0x0000000015d20800 JavaThread "C1 CompilerThread2" daemon [_thread_blocked, id=3160, stack(0x0000000016120000,0x0000000016220000)]
=>0x0000000014526800 JavaThread "C2 CompilerThread1" daemon [_thread_in_native, id=6452, stack(0x0000000015c20000,0x0000000015d20000)]
  0x00000000144cd000 JavaThread "C2 CompilerThread0" daemon [_thread_in_native, id=5792, stack(0x0000000015b20000,0x0000000015c20000)]
  0x00000000144cb000 JavaThread "Attach Listener" daemon [_thread_blocked, id=6956, stack(0x0000000015a20000,0x0000000015b20000)]
  0x00000000144ca000 JavaThread "Signal Dispatcher" daemon [_thread_blocked, id=7528, stack(0x0000000015920000,0x0000000015a20000)]
  0x0000000001dfa800 JavaThread "Finalizer" daemon [_thread_blocked, id=7964, stack(0x0000000015740000,0x0000000015840000)]
  0x0000000001def800 JavaThread "Reference Handler" daemon [_thread_blocked, id=3344, stack(0x0000000015640000,0x0000000015740000)]
  0x0000000001d02800 JavaThread "main" [_thread_in_Java, id=5420, stack(0x0000000001c00000,0x0000000001d00000)]

Other Threads:
  0x0000000014498800 VMThread [stack: 0x0000000015540000,0x0000000015640000] [id=7916]
  0x0000000015d3b000 WatcherThread [stack: 0x0000000016320000,0x0000000016420000] [id=7844]

VM state:not at safepoint (normal execution)

VM Mutex/Monitor currently owned by a thread: None

Heap:
 PSYoungGen      total 38400K, used 37745K [0x00000000eab00000, 0x00000000ef600000, 0x0000000100000000)
  eden space 33280K, 98% used [0x00000000eab00000,0x00000000ecae1ad0,0x00000000ecb80000)
  from space 5120K, 99% used [0x00000000ecb80000,0x00000000ed07aad0,0x00000000ed080000)
  to   space 5120K, 0% used [0x00000000ef100000,0x00000000ef100000,0x00000000ef600000)
 ParOldGen       total 87552K, used 931K [0x00000000c0000000, 0x00000000c5580000, 0x00000000eab00000)
  object space 87552K, 1% used [0x00000000c0000000,0x00000000c00e8e70,0x00000000c5580000)
 Metaspace       used 6237K, capacity 7090K, committed 7296K, reserved 1056768K
  class space    used 605K, capacity 618K, committed 640K, reserved 1048576K

Card table byte_map: [0x00000000111c0000,0x00000000113d0000] byte_map_base: 0x0000000010bc0000

Marking Bits: (ParMarkBitMap*) 0x00000000630f64f0
 Begin Bits: [0x0000000011930000, 0x0000000012930000)
 End Bits:   [0x0000000012930000, 0x0000000013930000)

Polling page: 0x00000000002d0000

CodeCache: size=245760Kb used=6368Kb max_used=6368Kb free=239391Kb
 bounds [0x0000000001e00000, 0x0000000002440000, 0x0000000010e00000]
 total_blobs=1814 nmethods=1545 adapters=182
 compilation: enabled

Compilation events (10 events):
Event: 2.227 Thread 0x0000000015d20800 1556       2       com.android.dx.dex.code.RopTranslator::translateAndGetResult (48 bytes)
Event: 2.227 Thread 0x0000000015d20800 nmethod 1556 0x0000000002439c50 code [0x0000000002439e00, 0x000000000243a198]
Event: 2.230 Thread 0x0000000015d20800 1557       2       com.android.dx.rop.code.ThrowingInsn::<init> (49 bytes)
Event: 2.230 Thread 0x0000000015d20800 nmethod 1557 0x000000000243a410 code [0x000000000243a5a0, 0x000000000243a8c8]
Event: 2.234 Thread 0x0000000015d20800 1558       2       com.android.dx.rop.code.ThrowingInsn::withNewRegisters (21 bytes)
Event: 2.234 Thread 0x0000000015d20800 nmethod 1558 0x000000000243aa90 code [0x000000000243ac00, 0x000000000243ade8]
Event: 2.235 Thread 0x0000000015d20800 1559       2       com.android.dx.util.Hex::u2 (44 bytes)
Event: 2.235 Thread 0x0000000015d20800 nmethod 1559 0x000000000243aed0 code [0x000000000243b060, 0x000000000243b4b8]
Event: 2.235 Thread 0x0000000015d20800 1560       1       com.android.dx.rop.code.ThrowingInsn::getCatches (5 bytes)
Event: 2.235 Thread 0x0000000015d20800 nmethod 1560 0x000000000243b690 code [0x000000000243b7e0, 0x000000000243b8f0]

GC Heap History (2 events):
Event: 1.916 GC heap before
{Heap before GC invocations=1 (full 0):
 PSYoungGen      total 38400K, used 33280K [0x00000000eab00000, 0x00000000ed580000, 0x0000000100000000)
  eden space 33280K, 100% used [0x00000000eab00000,0x00000000ecb80000,0x00000000ecb80000)
  from space 5120K, 0% used [0x00000000ed080000,0x00000000ed080000,0x00000000ed580000)
  to   space 5120K, 0% used [0x00000000ecb80000,0x00000000ecb80000,0x00000000ed080000)
 ParOldGen       total 87552K, used 0K [0x00000000c0000000, 0x00000000c5580000, 0x00000000eab00000)
  object space 87552K, 0% used [0x00000000c0000000,0x00000000c0000000,0x00000000c5580000)
 Metaspace       used 6039K, capacity 6962K, committed 7040K, reserved 1056768K
  class space    used 604K, capacity 618K, committed 640K, reserved 1048576K
Event: 1.960 GC heap after
Heap after GC invocations=1 (full 0):
 PSYoungGen      total 38400K, used 5098K [0x00000000eab00000, 0x00000000ef600000, 0x0000000100000000)
  eden space 33280K, 0% used [0x00000000eab00000,0x00000000eab00000,0x00000000ecb80000)
  from space 5120K, 99% used [0x00000000ecb80000,0x00000000ed07aad0,0x00000000ed080000)
  to   space 5120K, 0% used [0x00000000ef100000,0x00000000ef100000,0x00000000ef600000)
 ParOldGen       total 87552K, used 931K [0x00000000c0000000, 0x00000000c5580000, 0x00000000eab00000)
  object space 87552K, 1% used [0x00000000c0000000,0x00000000c00e8e70,0x00000000c5580000)
 Metaspace       used 6039K, capacity 6962K, committed 7040K, reserved 1056768K
  class space    used 604K, capacity 618K, committed 640K, reserved 1048576K
}

Deoptimization events (10 events):
Event: 2.021 Thread 0x0000000015f9b000 Uncommon trap: reason=bimorphic action=maybe_recompile pc=0x00000000022e12a0 method=com.android.dx.cf.code.BytecodeArray.parseInstruction(ILcom/android/dx/cf/code/BytecodeArray$Visitor;)I @ 2484
Event: 2.036 Thread 0x0000000015f97000 Uncommon trap: reason=unstable_if action=reinterpret pc=0x0000000002310bd8 method=com.android.dx.ssa.SCCP.simulateBranch(Lcom/android/dx/ssa/SsaInsn;)V @ 107
Event: 2.088 Thread 0x0000000015f9b000 Uncommon trap: reason=unstable_if action=reinterpret pc=0x0000000002053c5c method=com.android.dx.rop.cst.Constant.compareTo(Lcom/android/dx/rop/cst/Constant;)I @ 12
Event: 2.105 Thread 0x0000000015f97000 Uncommon trap: reason=class_check action=maybe_recompile pc=0x00000000022e0fc0 method=com.android.dx.cf.code.BytecodeArray.parseInstruction(ILcom/android/dx/cf/code/BytecodeArray$Visitor;)I @ 2281
Event: 2.105 Thread 0x0000000015f97000 Uncommon trap: reason=class_check action=maybe_recompile pc=0x00000000022e0fc0 method=com.android.dx.cf.code.BytecodeArray.parseInstruction(ILcom/android/dx/cf/code/BytecodeArray$Visitor;)I @ 2281
Event: 2.146 Thread 0x0000000015f97000 Uncommon trap: reason=class_check action=maybe_recompile pc=0x00000000022e0fc0 method=com.android.dx.cf.code.BytecodeArray.parseInstruction(ILcom/android/dx/cf/code/BytecodeArray$Visitor;)I @ 2281
Event: 2.178 Thread 0x0000000015f9b800 Uncommon trap: reason=class_check action=maybe_recompile pc=0x00000000022e0fc0 method=com.android.dx.cf.code.BytecodeArray.parseInstruction(ILcom/android/dx/cf/code/BytecodeArray$Visitor;)I @ 2281
Event: 2.193 Thread 0x0000000015f9b800 Uncommon trap: reason=bimorphic action=maybe_recompile pc=0x000000000202afec method=java.util.HashMap.getNode(ILjava/lang/Object;)Ljava/util/HashMap$Node; @ 126
Event: 2.193 Thread 0x0000000015f9b800 Uncommon trap: reason=bimorphic action=maybe_recompile pc=0x00000000022f064c method=java.util.HashMap.putVal(ILjava/lang/Object;Ljava/lang/Object;ZZ)Ljava/lang/Object; @ 203
Event: 2.200 Thread 0x0000000001d02800 Uncommon trap: reason=unstable_if action=reinterpret pc=0x0000000002354d38 method=com.android.dx.rop.cst.StdConstantPool.set(ILcom/android/dx/rop/cst/Constant;)V @ 12

Internal exceptions (2 events):
Event: 0.459 Thread 0x0000000001d02800 Exception <a 'java/lang/NoSuchMethodError': Method sun.misc.Unsafe.defineClass(Ljava/lang/String;[BII)Ljava/lang/Class; name or signature does not match> (0x00000000eab07cc0) thrown at [D:\re\workspace\8-2-build-windows-amd64-cygwin\jdk8u92\6642\hotspot\srlØkYÝ?
Event: 0.459 Thread 0x0000000001d02800 Exception <a 'java/lang/NoSuchMethodError': Method sun.misc.Unsafe.prefetchRead(Ljava/lang/Object;J)V name or signature does not match> (0x00000000eab07fa8) thrown at [D:\re\workspace\8-2-build-windows-amd64-cygwin\jdk8u92\6642\hotspot\src\share\vm\prims\j

Events (10 events):
Event: 2.178 Thread 0x0000000015f9b800 DEOPT UNPACKING pc=0x0000000001e4582a sp=0x000000001681ec78 mode 2
Event: 2.193 Thread 0x0000000015f9b800 Uncommon trap: trap_request=0xffffffc6 fr.pc=0x000000000202afec
Event: 2.193 Thread 0x0000000015f9b800 DEOPT PACKING pc=0x000000000202afec sp=0x000000001681eb50
Event: 2.193 Thread 0x0000000015f9b800 DEOPT UNPACKING pc=0x0000000001e4582a sp=0x000000001681eac0 mode 2
Event: 2.193 Thread 0x0000000015f9b800 Uncommon trap: trap_request=0xffffffc6 fr.pc=0x00000000022f064c
Event: 2.193 Thread 0x0000000015f9b800 DEOPT PACKING pc=0x00000000022f064c sp=0x000000001681eb10
Event: 2.193 Thread 0x0000000015f9b800 DEOPT UNPACKING pc=0x0000000001e4582a sp=0x000000001681ea98 mode 2
Event: 2.200 Thread 0x0000000001d02800 Uncommon trap: trap_request=0xffffff65 fr.pc=0x0000000002354d38
Event: 2.200 Thread 0x0000000001d02800 DEOPT PACKING pc=0x0000000002354d38 sp=0x0000000001cfe970
Event: 2.200 Thread 0x0000000001d02800 DEOPT UNPACKING pc=0x0000000001e4582a sp=0x0000000001cfe900 mode 2


Dynamic libraries:
0x00007ff7caf40000 - 0x00007ff7caf77000 	C:\Program Files\Java\jdk1.8.0_92\bin\java.exe
0x00007fffb8b40000 - 0x00007fffb8cea000 	C:\Windows\SYSTEM32\ntdll.dll
0x00007fffb8550000 - 0x00007fffb868a000 	C:\Windows\system32\KERNEL32.DLL
0x00007fffb5f80000 - 0x00007fffb608f000 	C:\Windows\system32\KERNELBASE.dll
0x00007fffb4ae0000 - 0x00007fffb4b68000 	C:\Windows\system32\apphelp.dll
0x00007fffa3610000 - 0x00007fffa365f000 	C:\Windows\AppPatch\AppPatch64\AcGenral.DLL
0x00007fffb6510000 - 0x00007fffb65b7000 	C:\Windows\system32\msvcrt.dll
0x00007fffb5cf0000 - 0x00007fffb5d1b000 	C:\Windows\SYSTEM32\SspiCli.dll
0x00007fffb6fa0000 - 0x00007fffb6ff1000 	C:\Windows\system32\SHLWAPI.dll
0x00007fffb6aa0000 - 0x00007fffb6c11000 	C:\Windows\system32\USER32.dll
0x00007fffb6e10000 - 0x00007fffb6f88000 	C:\Windows\system32\ole32.dll
0x00007fffb7110000 - 0x00007fffb8527000 	C:\Windows\system32\SHELL32.dll
0x00007fffb5520000 - 0x00007fffb553e000 	C:\Windows\SYSTEM32\USERENV.dll
0x00007fffb65c0000 - 0x00007fffb6665000 	C:\Windows\system32\ADVAPI32.dll
0x00007fffb12f0000 - 0x00007fffb130b000 	C:\Windows\SYSTEM32\MPR.dll
0x00007fffb8760000 - 0x00007fffb8896000 	C:\Windows\system32\RPCRT4.dll
0x00007fffb8690000 - 0x00007fffb86e7000 	C:\Windows\SYSTEM32\sechost.dll
0x00007fffb6670000 - 0x00007fffb6846000 	C:\Windows\SYSTEM32\combase.dll
0x00007fffb6950000 - 0x00007fffb6a95000 	C:\Windows\system32\GDI32.dll
0x00007fffb5eb0000 - 0x00007fffb5ec4000 	C:\Windows\SYSTEM32\profapi.dll
0x00007fffb4510000 - 0x00007fffb45af000 	C:\Windows\SYSTEM32\SHCORE.dll
0x00007fffb6c20000 - 0x00007fffb6c54000 	C:\Windows\system32\IMM32.DLL
0x00007fffb63c0000 - 0x00007fffb64f9000 	C:\Windows\system32\MSCTF.dll
0x00007fffb3c90000 - 0x00007fffb3eea000 	C:\Windows\WinSxS\amd64_microsoft.windows.common-controls_6595b64144ccf1df_6.0.9600.17031_none_6242a4b3ecbb55a1\COMCTL32.dll
0x00000000621d0000 - 0x00000000622a2000 	C:\Program Files\Java\jdk1.8.0_92\jre\bin\msvcr100.dll
0x00000000628e0000 - 0x0000000063176000 	C:\Program Files\Java\jdk1.8.0_92\jre\bin\server\jvm.dll
0x00007fffb1b10000 - 0x00007fffb1b19000 	C:\Windows\SYSTEM32\WSOCK32.dll
0x00007ffface60000 - 0x00007ffface7f000 	C:\Windows\SYSTEM32\WINMM.dll
0x00007fffb3bc0000 - 0x00007fffb3bca000 	C:\Windows\SYSTEM32\VERSION.dll
0x00007fffb8750000 - 0x00007fffb8757000 	C:\Windows\system32\PSAPI.DLL
0x00007fffb7000000 - 0x00007fffb7058000 	C:\Windows\system32\WS2_32.dll
0x00007fffaa9e0000 - 0x00007fffaaa0a000 	C:\Windows\SYSTEM32\WINMMBASE.dll
0x00007fffb6f90000 - 0x00007fffb6f99000 	C:\Windows\system32\NSI.dll
0x00007fffb6370000 - 0x00007fffb63ba000 	C:\Windows\SYSTEM32\cfgmgr32.dll
0x00007fffb4d30000 - 0x00007fffb4d56000 	C:\Windows\SYSTEM32\DEVOBJ.dll
0x0000000063470000 - 0x000000006347f000 	C:\Program Files\Java\jdk1.8.0_92\jre\bin\verify.dll
0x0000000063440000 - 0x0000000063469000 	C:\Program Files\Java\jdk1.8.0_92\jre\bin\java.dll
0x0000000063420000 - 0x0000000063436000 	C:\Program Files\Java\jdk1.8.0_92\jre\bin\zip.dll

VM Arguments:
jvm_args: -Djava.awt.headless=true -Xmx1024M -Dfile.encoding=windows-1252 -Duser.country=US -Duser.language=en -Duser.variant 
java_command: com.android.dx.command.Main --dex --force-jumbo --num-threads=4 --output C:\Zooket\app\build\intermediates\pre-dexed\debug\com.android.support-appcompat-v7-23.4.0_fda78873d11546ce0404252f8f37bf8df30f60cc.jar C:\Zooket\app\build\intermediates\exploded-aar\com.android.support\appcompat-v7\23.4.0\jars\classes.jar
java_class_path (initial): C:\android-sdk-windows\build-tools\24.0.3\lib\dx.jar
Launcher Type: SUN_STANDARD

Environment Variables:
PATH=C:\ProgramData\Oracle\Java\javapath;C:\Windows\system32;C:\Windows;C:\Windows\System32\Wbem;C:\Windows\System32\WindowsPowerShell\v1.0\;C:\Program Files (x86)\NVIDIA Corporation\PhysX\Common;C:\Program Files (x86)\Windows Kits\8.1\Windows Performance Toolkit\;C:\Program Files\Microsoft SQL Server\110\Tools\Binn\;C:\Program Files\Microsoft SQL Server\110\DTS\Binn\;C:\Program Files (x86)\Microsoft SQL Server\110\Tools\Binn\;C:\Program Files (x86)\Microsoft SQL Server\110\Tools\Binn\ManagementStudio\;C:\Program Files (x86)\Microsoft Visual Studio 10.0\Common7\IDE\PrivateAssemblies\;C:\Program Files (x86)\Microsoft SQL Server\110\DTS\Binn\;C:\Program Files (x86)\GtkSharp\2.12\bin;C:\Program Files (x86)\QuickTime\QTSystem\
USERNAME=Smo
OS=Windows_NT
PROCESSOR_IDENTIFIER=Intel64 Family 6 Model 94 Stepping 3, GenuineIntel



---------------  S Y S T E M  ---------------

OS: Windows 8.1 , 64 bit Build 9600 (6.3.9600.17056)

CPU:total 4 (4 cores per cpu, 1 threads per core) family 6 model 94 stepping 3, cmov, cx8, fxsr, mmx, sse, sse2, sse3, ssse3, sse4.1, sse4.2, popcnt, avx, avx2, aes, clmul, erms, 3dnowpref, lzcnt, tsc, tscinvbit, bmi1, bmi2, adx

Memory: 4k page, physical 8266404k(1167112k free), swap 8266404k(5276k free)

vm_info: Java HotSpot(TM) 64-Bit Server VM (25.92-b14) for windows-amd64 JRE (1.8.0_92-b14), built on Mar 31 2016 21:03:04 by "java_re" with MS VC++ 10.0 (VS2010)

time: Mon May 22 00:15:50 2017
elapsed time: 2 seconds (0d 0h 0m 2s)

