#
# There is insufficient memory for the Java Runtime Environment to continue.
# Native memory allocation (malloc) failed to allocate 36672 bytes for Chunk::new
# Possible reasons:
#   The system is out of physical RAM or swap space
#   In 32 bit mode, the process size limit was hit
# Possible solutions:
#   Reduce memory load on the system
#   Increase physical memory or swap space
#   Check if swap backing store is full
#   Use 64 bit Java on a 64 bit OS
#   Decrease Java heap size (-Xmx/-Xms)
#   Decrease number of Java threads
#   Decrease Java thread stack sizes (-Xss)
#   Set larger code cache with -XX:ReservedCodeCacheSize=
# This output file may be truncated or incomplete.
#
#  Out of Memory Error (allocation.cpp:390), pid=9916, tid=0x00000000000002a4
#
# JRE version: Java(TM) SE Runtime Environment (8.0_92-b14) (build 1.8.0_92-b14)
# Java VM: Java HotSpot(TM) 64-Bit Server VM (25.92-b14 mixed mode windows-amd64 compressed oops)
# Failed to write core dump. Minidumps are not enabled by default on client versions of Windows
#

---------------  T H R E A D  ---------------

Current thread (0x0000000015067800):  JavaThread "C2 CompilerThread1" daemon [_thread_in_native, id=676, stack(0x00000000167a0000,0x00000000168a0000)]

Stack: [0x00000000167a0000,0x00000000168a0000]
[error occurred during error reporting (printing stack bounds), id 0xc0000005]

Native frames: (J=compiled Java code, j=interpreted, Vv=VM code, C=native code)


Current CompileTask:
C2:   2006 1436       4       com.android.dx.ssa.LocalVariableExtractor::processBlock (383 bytes)


---------------  P R O C E S S  ---------------

Java Threads: ( => current thread )
  0x0000000016b7f800 JavaThread "pool-1-thread-4" [_thread_blocked, id=8536, stack(0x00000000173a0000,0x00000000174a0000)]
  0x0000000016b7f000 JavaThread "pool-1-thread-3" [_thread_in_Java, id=9900, stack(0x00000000172a0000,0x00000000173a0000)]
  0x0000000016b7d800 JavaThread "pool-1-thread-2" [_thread_blocked, id=6028, stack(0x00000000171a0000,0x00000000172a0000)]
  0x0000000016b79800 JavaThread "pool-2-thread-1" [_thread_blocked, id=6100, stack(0x00000000170a0000,0x00000000171a0000)]
  0x0000000016b61800 JavaThread "pool-1-thread-1" [_thread_blocked, id=4968, stack(0x0000000016fa0000,0x00000000170a0000)]
  0x00000000168a6800 JavaThread "Service Thread" daemon [_thread_blocked, id=3896, stack(0x0000000016da0000,0x0000000016ea0000)]
  0x00000000168a1000 JavaThread "C1 CompilerThread2" daemon [_thread_blocked, id=7200, stack(0x0000000016ca0000,0x0000000016da0000)]
=>0x0000000015067800 JavaThread "C2 CompilerThread1" daemon [_thread_in_native, id=676, stack(0x00000000167a0000,0x00000000168a0000)]
  0x000000001500e000 JavaThread "C2 CompilerThread0" daemon [_thread_in_native, id=9904, stack(0x00000000166a0000,0x00000000167a0000)]
  0x000000001500c000 JavaThread "Attach Listener" daemon [_thread_blocked, id=5140, stack(0x00000000165a0000,0x00000000166a0000)]
  0x000000001500b000 JavaThread "Signal Dispatcher" daemon [_thread_blocked, id=8824, stack(0x00000000164a0000,0x00000000165a0000)]
  0x0000000014ffa800 JavaThread "Finalizer" daemon [_thread_blocked, id=2664, stack(0x0000000016290000,0x0000000016390000)]
  0x0000000002900800 JavaThread "Reference Handler" daemon [_thread_blocked, id=6724, stack(0x0000000016190000,0x0000000016290000)]
  0x0000000002812800 JavaThread "main" [_thread_blocked, id=9368, stack(0x00000000026e0000,0x00000000027e0000)]

Other Threads:
  0x0000000014fd8800 VMThread [stack: 0x0000000016090000,0x0000000016190000] [id=8960]
  0x00000000168c3800 WatcherThread [stack: 0x0000000016ea0000,0x0000000016fa0000] [id=3704]

VM state:not at safepoint (normal execution)

VM Mutex/Monitor currently owned by a thread:  ([mutex/lock_event])
[0x00000000026dc8d0] Heap_lock - owner thread: 0x0000000016b7d800

Heap:
 PSYoungGen      total 38400K, used 6259K [0x00000000eab00000, 0x00000000ed580000, 0x0000000100000000)
  eden space 33280K, 3% used [0x00000000eab00000,0x00000000eac23038,0x00000000ecb80000)
  from space 5120K, 99% used [0x00000000ed080000,0x00000000ed579c78,0x00000000ed580000)
  to   space 5120K, 0% used [0x00000000ecb80000,0x00000000ecb80000,0x00000000ed080000)
 ParOldGen       total 87552K, used 5113K [0x00000000c0000000, 0x00000000c5580000, 0x00000000eab00000)
  object space 87552K, 5% used [0x00000000c0000000,0x00000000c04fe650,0x00000000c5580000)
 Metaspace       used 6134K, capacity 7026K, committed 7296K, reserved 1056768K
  class space    used 600K, capacity 618K, committed 640K, reserved 1048576K

Card table byte_map: [0x0000000011ce0000,0x0000000011ef0000] byte_map_base: 0x00000000116e0000

Marking Bits: (ParMarkBitMap*) 0x000000005f3764f0
 Begin Bits: [0x0000000012450000, 0x0000000013450000)
 End Bits:   [0x0000000013450000, 0x0000000014450000)

Polling page: 0x00000000027f0000

CodeCache: size=245760Kb used=6330Kb max_used=6330Kb free=239429Kb
 bounds [0x0000000002920000, 0x0000000002f60000, 0x0000000011920000]
 total_blobs=1803 nmethods=1532 adapters=182
 compilation: enabled

Compilation events (10 events):
Event: 1.882 Thread 0x00000000168a1000 nmethod 1545 0x0000000002f29a10 code [0x0000000002f29c00, 0x0000000002f2a698]
Event: 1.882 Thread 0x00000000168a1000 1546       3       com.android.dx.cf.code.Ropper::addSetupBlocks (535 bytes)
Event: 1.887 Thread 0x00000000168a1000 nmethod 1546 0x0000000002f2af10 code [0x0000000002f2b9c0, 0x0000000002f33e28]
Event: 1.887 Thread 0x00000000168a1000 1547       3       com.android.dx.cf.code.Frame::initializeWithParameters (49 bytes)
Event: 1.887 Thread 0x00000000168a1000 nmethod 1547 0x0000000002f3b890 code [0x0000000002f3ba40, 0x0000000002f3c168]
Event: 1.887 Thread 0x00000000168a1000 1548       3       com.android.dx.cf.code.Ropper::addReturnBlock (228 bytes)
Event: 1.889 Thread 0x00000000168a1000 nmethod 1548 0x0000000002f3c450 code [0x0000000002f3c980, 0x0000000002f401c8]
Event: 1.889 Thread 0x00000000168a1000 1549       3       com.android.dx.cf.code.Ropper::addSynchExceptionHandlerBlock (206 bytes)
Event: 1.891 Thread 0x00000000168a1000 nmethod 1549 0x0000000002f42f50 code [0x0000000002f434e0, 0x0000000002f47218]
Event: 1.891 Thread 0x00000000168a1000 1551       3       com.android.dx.cf.iface.StdFieldList::get (9 bytes)

GC Heap History (4 events):
Event: 1.088 GC heap before
{Heap before GC invocations=1 (full 0):
 PSYoungGen      total 38400K, used 33280K [0x00000000eab00000, 0x00000000ed580000, 0x0000000100000000)
  eden space 33280K, 100% used [0x00000000eab00000,0x00000000ecb80000,0x00000000ecb80000)
  from space 5120K, 0% used [0x00000000ed080000,0x00000000ed080000,0x00000000ed580000)
  to   space 5120K, 0% used [0x00000000ecb80000,0x00000000ecb80000,0x00000000ed080000)
 ParOldGen       total 87552K, used 0K [0x00000000c0000000, 0x00000000c5580000, 0x00000000eab00000)
  object space 87552K, 0% used [0x00000000c0000000,0x00000000c0000000,0x00000000c5580000)
 Metaspace       used 5906K, capacity 6834K, committed 7040K, reserved 1056768K
  class space    used 598K, capacity 618K, committed 640K, reserved 1048576K
Event: 1.097 GC heap after
Heap after GC invocations=1 (full 0):
 PSYoungGen      total 38400K, used 5095K [0x00000000eab00000, 0x00000000ed580000, 0x0000000100000000)
  eden space 33280K, 0% used [0x00000000eab00000,0x00000000eab00000,0x00000000ecb80000)
  from space 5120K, 99% used [0x00000000ecb80000,0x00000000ed079c98,0x00000000ed080000)
  to   space 5120K, 0% used [0x00000000ed080000,0x00000000ed080000,0x00000000ed580000)
 ParOldGen       total 87552K, used 1881K [0x00000000c0000000, 0x00000000c5580000, 0x00000000eab00000)
  object space 87552K, 2% used [0x00000000c0000000,0x00000000c01d6618,0x00000000c5580000)
 Metaspace       used 5906K, capacity 6834K, committed 7040K, reserved 1056768K
  class space    used 598K, capacity 618K, committed 640K, reserved 1048576K
}
Event: 1.959 GC heap before
{Heap before GC invocations=2 (full 0):
 PSYoungGen      total 38400K, used 38375K [0x00000000eab00000, 0x00000000ed580000, 0x0000000100000000)
  eden space 33280K, 100% used [0x00000000eab00000,0x00000000ecb80000,0x00000000ecb80000)
  from space 5120K, 99% used [0x00000000ecb80000,0x00000000ed079c98,0x00000000ed080000)
  to   space 5120K, 0% used [0x00000000ed080000,0x00000000ed080000,0x00000000ed580000)
 ParOldGen       total 87552K, used 1881K [0x00000000c0000000, 0x00000000c5580000, 0x00000000eab00000)
  object space 87552K, 2% used [0x00000000c0000000,0x00000000c01d6618,0x00000000c5580000)
 Metaspace       used 6134K, capacity 7026K, committed 7296K, reserved 1056768K
  class space    used 600K, capacity 618K, committed 640K, reserved 1048576K
Event: 2.001 GC heap after
Heap after GC invocations=2 (full 0):
 PSYoungGen      total 38400K, used 5095K [0x00000000eab00000, 0x00000000ed580000, 0x0000000100000000)
  eden space 33280K, 0% used [0x00000000eab00000,0x00000000eab00000,0x00000000ecb80000)
  from space 5120K, 99% used [0x00000000ed080000,0x00000000ed579c78,0x00000000ed580000)
  to   space 5120K, 0% used [0x00000000ecb80000,0x00000000ecb80000,0x00000000ed080000)
 ParOldGen       total 87552K, used 5113K [0x00000000c0000000, 0x00000000c5580000, 0x00000000eab00000)
  object space 87552K, 5% used [0x00000000c0000000,0x00000000c04fe650,0x00000000c5580000)
 Metaspace       used 6134K, capacity 7026K, committed 7296K, reserved 1056768K
  class space    used 600K, capacity 618K, committed 640K, reserved 1048576K
}

Deoptimization events (10 events):
Event: 0.681 Thread 0x0000000002812800 Uncommon trap: reason=null_check action=make_not_entrant pc=0x0000000002be83b0 method=com.android.dx.ssa.SsaRenamer.getLocalForNewReg(I)Lcom/android/dx/rop/code/LocalItem; @ 19
Event: 0.773 Thread 0x0000000016b7f800 Uncommon trap: reason=unstable_if action=reinterpret pc=0x0000000002ccbac0 method=com.android.dx.rop.code.RegisterSpec.equals(ILcom/android/dx/rop/type/TypeBearer;Lcom/android/dx/rop/code/LocalItem;)Z @ 42
Event: 1.030 Thread 0x0000000016b61800 Uncommon trap: reason=bimorphic action=maybe_recompile pc=0x0000000002b689d8 method=java.util.HashMap.getNode(ILjava/lang/Object;)Ljava/util/HashMap$Node; @ 126
Event: 1.123 Thread 0x0000000002812800 Uncommon trap: reason=unstable_if action=reinterpret pc=0x0000000002d34270 method=java.util.HashMap.putVal(ILjava/lang/Object;Ljava/lang/Object;ZZ)Ljava/lang/Object; @ 94
Event: 1.128 Thread 0x0000000002812800 Uncommon trap: reason=bimorphic action=maybe_recompile pc=0x0000000002b689d8 method=java.util.HashMap.getNode(ILjava/lang/Object;)Ljava/util/HashMap$Node; @ 126
Event: 1.807 Thread 0x0000000016b7f000 Uncommon trap: reason=unstable_if action=reinterpret pc=0x0000000002de7f08 method=com.android.dx.ssa.SCCP.simulateStmt(Lcom/android/dx/ssa/SsaInsn;)V @ 53
Event: 1.809 Thread 0x0000000016b7f000 Uncommon trap: reason=unstable_if action=reinterpret pc=0x0000000002e953ec method=com.android.dx.rop.code.LocalItem.compareHandlesNulls(Lcom/android/dx/rop/cst/CstString;Lcom/android/dx/rop/cst/CstString;)I @ 8
Event: 1.809 Thread 0x0000000016b7f000 Uncommon trap: reason=unstable_if action=reinterpret pc=0x0000000002e82af4 method=com.android.dx.rop.code.LocalItem.compareHandlesNulls(Lcom/android/dx/rop/cst/CstString;Lcom/android/dx/rop/cst/CstString;)I @ 8
Event: 1.832 Thread 0x0000000016b7f800 Uncommon trap: reason=unstable_if action=reinterpret pc=0x0000000002e07280 method=com.android.dx.ssa.SCCP.simulateBranch(Lcom/android/dx/ssa/SsaInsn;)V @ 64
Event: 1.843 Thread 0x0000000016b7f800 Uncommon trap: reason=unstable_if action=reinterpret pc=0x0000000002e90af8 method=com.android.dx.util.BitIntSet.has(I)Z @ 8

Internal exceptions (6 events):
Event: 0.032 Thread 0x0000000002812800 Exception <a 'java/lang/NoSuchMethodError': Method sun.misc.Unsafe.defineClass(Ljava/lang/String;[BII)Ljava/lang/Class; name or signature does not match> (0x00000000eab07cc0) thrown at [D:\re\workspace\8-2-build-windows-amd64-cygwin\jdk8u92\6642\hotspot\srHurŒ~†?
Event: 0.032 Thread 0x0000000002812800 Exception <a 'java/lang/NoSuchMethodError': Method sun.misc.Unsafe.prefetchRead(Ljava/lang/Object;J)V name or signature does not match> (0x00000000eab07fa8) thrown at [D:\re\workspace\8-2-build-windows-amd64-cygwin\jdk8u92\6642\hotspot\src\share\vm\prims\j‚wI …Â?
Event: 0.681 Thread 0x0000000002812800 Implicit null exception at 0x0000000002befe54 to 0x0000000002bf1569
Event: 0.681 Thread 0x0000000002812800 Implicit null exception at 0x0000000002be6b2d to 0x0000000002be8391
Event: 1.809 Thread 0x0000000016b7f000 Implicit null exception at 0x0000000002e93f1e to 0x0000000002e953b9
Event: 1.809 Thread 0x0000000016b7f000 Implicit null exception at 0x0000000002e817b3 to 0x0000000002e82ac9

Events (10 events):
Event: 1.832 Thread 0x0000000016b7f800 Uncommon trap: trap_request=0xffffff65 fr.pc=0x0000000002e07280
Event: 1.832 Thread 0x0000000016b7f800 DEOPT PACKING pc=0x0000000002e07280 sp=0x000000001749e5a0
Event: 1.832 Thread 0x0000000016b7f800 DEOPT UNPACKING pc=0x000000000296582a sp=0x000000001749e580 mode 2
Event: 1.843 Thread 0x0000000016b7f800 Uncommon trap: trap_request=0xffffff65 fr.pc=0x0000000002e90af8
Event: 1.843 Thread 0x0000000016b7f800 DEOPT PACKING pc=0x0000000002e90af8 sp=0x000000001749e520
Event: 1.843 Thread 0x0000000016b7f800 DEOPT UNPACKING pc=0x000000000296582a sp=0x000000001749e458 mode 2
Event: 1.888 loading class com/android/dx/cf/code/BytecodeArray$ConstantParserVisitor
Event: 1.888 loading class com/android/dx/cf/code/BytecodeArray$ConstantParserVisitor done
Event: 1.891 Executing VM operation: ParallelGCFailedAllocation
Event: 2.001 Executing VM operation: ParallelGCFailedAllocation done


Dynamic libraries:
0x00007ff784500000 - 0x00007ff784537000 	C:\Program Files\Java\jdk1.8.0_92\bin\java.exe
0x00007ffbfef50000 - 0x00007ffbff0fa000 	C:\Windows\SYSTEM32\ntdll.dll
0x00007ffbfcfd0000 - 0x00007ffbfd10a000 	C:\Windows\system32\KERNEL32.DLL
0x00007ffbfc670000 - 0x00007ffbfc77f000 	C:\Windows\system32\KERNELBASE.dll
0x00007ffbfaef0000 - 0x00007ffbfaf78000 	C:\Windows\system32\apphelp.dll
0x00007ffbe0910000 - 0x00007ffbe095f000 	C:\Windows\AppPatch\AppPatch64\AcGenral.DLL
0x00007ffbfd110000 - 0x00007ffbfd1b7000 	C:\Windows\system32\msvcrt.dll
0x00007ffbfc100000 - 0x00007ffbfc12b000 	C:\Windows\SYSTEM32\SspiCli.dll
0x00007ffbfc7d0000 - 0x00007ffbfc821000 	C:\Windows\system32\SHLWAPI.dll
0x00007ffbfcce0000 - 0x00007ffbfce51000 	C:\Windows\system32\USER32.dll
0x00007ffbfe9d0000 - 0x00007ffbfeb48000 	C:\Windows\system32\ole32.dll
0x00007ffbfd1d0000 - 0x00007ffbfe5e7000 	C:\Windows\system32\SHELL32.dll
0x00007ffbfb930000 - 0x00007ffbfb94e000 	C:\Windows\SYSTEM32\USERENV.dll
0x00007ffbfcb20000 - 0x00007ffbfcbc5000 	C:\Windows\system32\ADVAPI32.dll
0x00007ffbf7330000 - 0x00007ffbf734b000 	C:\Windows\SYSTEM32\MPR.dll
0x00007ffbfeba0000 - 0x00007ffbfecd6000 	C:\Windows\system32\RPCRT4.dll
0x00007ffbfcc80000 - 0x00007ffbfccd7000 	C:\Windows\SYSTEM32\sechost.dll
0x00007ffbfed70000 - 0x00007ffbfef46000 	C:\Windows\SYSTEM32\combase.dll
0x00007ffbfc890000 - 0x00007ffbfc9d5000 	C:\Windows\system32\GDI32.dll
0x00007ffbfc2c0000 - 0x00007ffbfc2d4000 	C:\Windows\SYSTEM32\profapi.dll
0x00007ffbfa920000 - 0x00007ffbfa9bf000 	C:\Windows\SYSTEM32\SHCORE.dll
0x00007ffbfeb50000 - 0x00007ffbfeb84000 	C:\Windows\system32\IMM32.DLL
0x00007ffbfc9e0000 - 0x00007ffbfcb19000 	C:\Windows\system32\MSCTF.dll
0x00007ffbfa0a0000 - 0x00007ffbfa2fa000 	C:\Windows\WinSxS\amd64_microsoft.windows.common-controls_6595b64144ccf1df_6.0.9600.17031_none_6242a4b3ecbb55a1\COMCTL32.dll
0x000000005e6d0000 - 0x000000005e7a2000 	C:\Program Files\Java\jdk1.8.0_92\jre\bin\msvcr100.dll
0x000000005eb60000 - 0x000000005f3f6000 	C:\Program Files\Java\jdk1.8.0_92\jre\bin\server\jvm.dll
0x00007ffbe9090000 - 0x00007ffbe9099000 	C:\Windows\SYSTEM32\WSOCK32.dll
0x00007ffbeeae0000 - 0x00007ffbeeaff000 	C:\Windows\SYSTEM32\WINMM.dll
0x00007ffbf9fd0000 - 0x00007ffbf9fda000 	C:\Windows\SYSTEM32\VERSION.dll
0x00007ffbfd1c0000 - 0x00007ffbfd1c7000 	C:\Windows\system32\PSAPI.DLL
0x00007ffbfe5f0000 - 0x00007ffbfe648000 	C:\Windows\system32\WS2_32.dll
0x00007ffbee9f0000 - 0x00007ffbeea1a000 	C:\Windows\SYSTEM32\WINMMBASE.dll
0x00007ffbfeb90000 - 0x00007ffbfeb99000 	C:\Windows\system32\NSI.dll
0x00007ffbfc780000 - 0x00007ffbfc7ca000 	C:\Windows\SYSTEM32\cfgmgr32.dll
0x00007ffbfb140000 - 0x00007ffbfb166000 	C:\Windows\SYSTEM32\DEVOBJ.dll
0x000000005eb50000 - 0x000000005eb5f000 	C:\Program Files\Java\jdk1.8.0_92\jre\bin\verify.dll
0x000000005eb20000 - 0x000000005eb49000 	C:\Program Files\Java\jdk1.8.0_92\jre\bin\java.dll
0x000000005eb00000 - 0x000000005eb16000 	C:\Program Files\Java\jdk1.8.0_92\jre\bin\zip.dll

VM Arguments:
jvm_args: -Djava.awt.headless=true -Xmx1024M -Dfile.encoding=windows-1252 -Duser.country=US -Duser.language=en -Duser.variant 
java_command: com.android.dx.command.Main --dex --force-jumbo --num-threads=4 --output C:\Zooket\app\build\intermediates\pre-dexed\debug\okhttp-2.4.0_787f9e023d436507c0c01ed8a5465d0311a90b76.jar C:\Users\Smo\.gradle\caches\modules-2\files-2.1\com.squareup.okhttp\okhttp\2.4.0\40340c0748190fe897baf7bffbc1b282734294e5\okhttp-2.4.0.jar
java_class_path (initial): C:\android-sdk-windows\build-tools\24.0.3\lib\dx.jar
Launcher Type: SUN_STANDARD

Environment Variables:
PATH=C:\ProgramData\Oracle\Java\javapath;C:\Windows\system32;C:\Windows;C:\Windows\System32\Wbem;C:\Windows\System32\WindowsPowerShell\v1.0\;C:\Program Files (x86)\NVIDIA Corporation\PhysX\Common;C:\Program Files (x86)\Windows Kits\8.1\Windows Performance Toolkit\;C:\Program Files\Microsoft SQL Server\110\Tools\Binn\;C:\Program Files\Microsoft SQL Server\110\DTS\Binn\;C:\Program Files (x86)\Microsoft SQL Server\110\Tools\Binn\;C:\Program Files (x86)\Microsoft SQL Server\110\Tools\Binn\ManagementStudio\;C:\Program Files (x86)\Microsoft Visual Studio 10.0\Common7\IDE\PrivateAssemblies\;C:\Program Files (x86)\Microsoft SQL Server\110\DTS\Binn\;C:\Program Files (x86)\GtkSharp\2.12\bin;C:\Program Files (x86)\QuickTime\QTSystem\
USERNAME=Smo
OS=Windows_NT
PROCESSOR_IDENTIFIER=Intel64 Family 6 Model 94 Stepping 3, GenuineIntel



---------------  S Y S T E M  ---------------

OS: Windows 8.1 , 64 bit Build 9600 (6.3.9600.17056)

CPU:total 4 (4 cores per cpu, 1 threads per core) family 6 model 94 stepping 3, cmov, cx8, fxsr, mmx, sse, sse2, sse3, ssse3, sse4.1, sse4.2, popcnt, avx, avx2, aes, clmul, erms, 3dnowpref, lzcnt, tsc, tscinvbit, bmi1, bmi2, adx

Memory: 4k page, physical 8266404k(990768k free), swap 8266404k(5664k free)

vm_info: Java HotSpot(TM) 64-Bit Server VM (25.92-b14) for windows-amd64 JRE (1.8.0_92-b14), built on Mar 31 2016 21:03:04 by "java_re" with MS VC++ 10.0 (VS2010)

time: Thu May 11 18:20:55 2017
elapsed time: 2 seconds (0d 0h 0m 2s)

