#
# There is insufficient memory for the Java Runtime Environment to continue.
# Native memory allocation (malloc) failed to allocate 32784 bytes for Chunk::new
# Possible reasons:
#   The system is out of physical RAM or swap space
#   In 32 bit mode, the process size limit was hit
# Possible solutions:
#   Reduce memory load on the system
#   Increase physical memory or swap space
#   Check if swap backing store is full
#   Use 64 bit Java on a 64 bit OS
#   Decrease Java heap size (-Xmx/-Xms)
#   Decrease number of Java threads
#   Decrease Java thread stack sizes (-Xss)
#   Set larger code cache with -XX:ReservedCodeCacheSize=
# This output file may be truncated or incomplete.
#
#  Out of Memory Error (allocation.cpp:390), pid=928, tid=0x0000000000000dcc
#
# JRE version: Java(TM) SE Runtime Environment (8.0_92-b14) (build 1.8.0_92-b14)
# Java VM: Java HotSpot(TM) 64-Bit Server VM (25.92-b14 mixed mode windows-amd64 compressed oops)
# Failed to write core dump. Minidumps are not enabled by default on client versions of Windows
#

---------------  T H R E A D  ---------------

Current thread (0x0000000014e1c000):  JavaThread "C1 CompilerThread2" daemon [_thread_in_native, id=3532, stack(0x0000000016600000,0x0000000016700000)]

Stack: [0x0000000016600000,0x0000000016700000]
[error occurred during error reporting (printing stack bounds), id 0xc0000005]

Native frames: (J=compiled Java code, j=interpreted, Vv=VM code, C=native code)


Current CompileTask:
C1:    623  722   !   3       com.android.dx.cf.code.RopperMachine::run (1550 bytes)


---------------  P R O C E S S  ---------------

Java Threads: ( => current thread )
  0x0000000016933800 JavaThread "pool-1-thread-4" [_thread_blocked, id=7756, stack(0x0000000017100000,0x0000000017200000)]
  0x0000000016933000 JavaThread "pool-1-thread-3" [_thread_blocked, id=7376, stack(0x0000000017000000,0x0000000017100000)]
  0x0000000016930000 JavaThread "pool-1-thread-2" [_thread_in_vm, id=5696, stack(0x0000000016f00000,0x0000000017000000)]
  0x000000001692d000 JavaThread "pool-2-thread-1" [_thread_blocked, id=8628, stack(0x0000000016e00000,0x0000000016f00000)]
  0x00000000168de000 JavaThread "pool-1-thread-1" [_thread_in_Java, id=7272, stack(0x0000000016d00000,0x0000000016e00000)]
  0x0000000016703800 JavaThread "Service Thread" daemon [_thread_blocked, id=6832, stack(0x0000000016b00000,0x0000000016c00000)]
=>0x0000000014e1c000 JavaThread "C1 CompilerThread2" daemon [_thread_in_native, id=3532, stack(0x0000000016600000,0x0000000016700000)]
  0x0000000014dc1800 JavaThread "C2 CompilerThread1" daemon [_thread_in_native, id=3512, stack(0x0000000016500000,0x0000000016600000)]
  0x0000000014dbe000 JavaThread "C2 CompilerThread0" daemon [_thread_in_native, id=6540, stack(0x0000000016400000,0x0000000016500000)]
  0x0000000014dbc000 JavaThread "Attach Listener" daemon [_thread_blocked, id=9212, stack(0x0000000016300000,0x0000000016400000)]
  0x0000000014dbb000 JavaThread "Signal Dispatcher" daemon [_thread_blocked, id=9532, stack(0x0000000016200000,0x0000000016300000)]
  0x0000000014daa800 JavaThread "Finalizer" daemon [_thread_blocked, id=7568, stack(0x0000000016020000,0x0000000016120000)]
  0x00000000026e0800 JavaThread "Reference Handler" daemon [_thread_blocked, id=7520, stack(0x0000000015f20000,0x0000000016020000)]
  0x00000000025f2800 JavaThread "main" [_thread_blocked, id=9924, stack(0x0000000002450000,0x0000000002550000)]

Other Threads:
  0x0000000014d88800 VMThread [stack: 0x0000000015e20000,0x0000000015f20000] [id=6320]
  0x0000000016709000 WatcherThread [stack: 0x0000000016c00000,0x0000000016d00000] [id=10000]

VM state:not at safepoint (normal execution)

VM Mutex/Monitor currently owned by a thread: None

Heap:
 PSYoungGen      total 38400K, used 16924K [0x00000000eab00000, 0x00000000ed580000, 0x0000000100000000)
  eden space 33280K, 50% used [0x00000000eab00000,0x00000000ebb873c0,0x00000000ecb80000)
  from space 5120K, 0% used [0x00000000ed080000,0x00000000ed080000,0x00000000ed580000)
  to   space 5120K, 0% used [0x00000000ecb80000,0x00000000ecb80000,0x00000000ed080000)
 ParOldGen       total 87552K, used 0K [0x00000000c0000000, 0x00000000c5580000, 0x00000000eab00000)
  object space 87552K, 0% used [0x00000000c0000000,0x00000000c0000000,0x00000000c5580000)
 Metaspace       used 5732K, capacity 6704K, committed 6784K, reserved 1056768K
  class space    used 596K, capacity 616K, committed 640K, reserved 1048576K

Card table byte_map: [0x0000000011ab0000,0x0000000011cc0000] byte_map_base: 0x00000000114b0000

Marking Bits: (ParMarkBitMap*) 0x00000000630f64f0
 Begin Bits: [0x0000000012220000, 0x0000000013220000)
 End Bits:   [0x0000000013220000, 0x0000000014220000)

Polling page: 0x0000000002550000

CodeCache: size=245760Kb used=2799Kb max_used=2810Kb free=242960Kb
 bounds [0x00000000026f0000, 0x00000000029c0000, 0x00000000116f0000]
 total_blobs=981 nmethods=712 adapters=182
 compilation: enabled

Compilation events (10 events):
Event: 0.551 Thread 0x0000000014e1c000  710       3       com.android.dx.ssa.back.FirstFitLocalCombiningAllocator$1::visitNonMoveInsn (6 bytes)
Event: 0.551 Thread 0x0000000014e1c000 nmethod 710 0x000000000299d190 code [0x000000000299d300, 0x000000000299d488]
Event: 0.551 Thread 0x0000000014e1c000  723       3       com.android.dx.cf.code.RopperMachine::getSources (264 bytes)
Event: 0.553 Thread 0x0000000014e1c000 nmethod 723 0x00000000029a6a10 code [0x00000000029a7020, 0x00000000029ab9b8]
Event: 0.553 Thread 0x0000000014e1c000  722   !   3       com.android.dx.cf.code.RopperMachine::run (1550 bytes)
Event: 0.553 Thread 0x0000000014dc1800  726       4       com.android.dx.rop.code.RegisterSpec::hashCodeOf (30 bytes)
Event: 0.621 Thread 0x0000000014dc1800 nmethod 726 0x00000000029b0950 code [0x00000000029b0ac0, 0x00000000029b0d38]
Event: 0.621 Thread 0x0000000014dc1800  732       4       com.android.dx.rop.code.RegisterSpecList::get (9 bytes)
Event: 0.622 Thread 0x0000000014dc1800 nmethod 732 0x000000000299c9d0 code [0x000000000299cb20, 0x000000000299cbf8]
Event: 0.622 Thread 0x0000000014dc1800  738       4       com.android.dx.rop.code.RegisterSpec::equals (51 bytes)

GC Heap History (0 events):
No events

Deoptimization events (2 events):
Event: 0.495 Thread 0x00000000025f2800 Uncommon trap: reason=unstable_if action=reinterpret pc=0x00000000028fa7c4 method=java.util.HashMap.getNode(ILjava/lang/Object;)Ljava/util/HashMap$Node; @ 62
Event: 0.510 Thread 0x00000000168de000 Uncommon trap: reason=bimorphic action=maybe_recompile pc=0x0000000002909828 method=java.util.HashMap.getNode(ILjava/lang/Object;)Ljava/util/HashMap$Node; @ 126

Internal exceptions (2 events):
Event: 0.046 Thread 0x00000000025f2800 Exception <a 'java/lang/NoSuchMethodError': Method sun.misc.Unsafe.defineClass(Ljava/lang/String;[BII)Ljava/lang/Class; name or signature does not match> (0x00000000eab07cc0) thrown at [D:\re\workspace\8-2-build-windows-amd64-cygwin\jdk8u92\6642\hotspot\srhíÂÓ¤µ§?
Event: 0.046 Thread 0x00000000025f2800 Exception <a 'java/lang/NoSuchMethodError': Method sun.misc.Unsafe.prefetchRead(Ljava/lang/Object;J)V name or signature does not match> (0x00000000eab07fa8) thrown at [D:\re\workspace\8-2-build-windows-amd64-cygwin\jdk8u92\6642\hotspot\src\share\vm\prims\j

Events (10 events):
Event: 0.510 Thread 0x00000000168de000 DEOPT PACKING pc=0x0000000002909828 sp=0x0000000016dfec60
Event: 0.510 Thread 0x00000000168de000 DEOPT UNPACKING pc=0x000000000273582a sp=0x0000000016dfeb78 mode 2
Event: 0.541 loading class java/util/ArrayList$1
Event: 0.541 loading class java/util/ArrayList$1 done
Event: 0.556 Executing VM operation: ForceSafepoint
Event: 0.593 Executing VM operation: ForceSafepoint done
Event: 0.610 loading class java/util/DualPivotQuicksort
Event: 0.610 loading class java/util/DualPivotQuicksort done
Event: 0.619 loading class com/android/dx/cf/code/BytecodeArray$ConstantParserVisitor
Event: 0.619 loading class com/android/dx/cf/code/BytecodeArray$ConstantParserVisitor done


Dynamic libraries:
0x00007ff7caf40000 - 0x00007ff7caf77000 	C:\Program Files\Java\jdk1.8.0_92\bin\java.exe
0x00007fffb8b40000 - 0x00007fffb8cea000 	C:\Windows\SYSTEM32\ntdll.dll
0x00007fffb8550000 - 0x00007fffb868a000 	C:\Windows\system32\KERNEL32.DLL
0x00007fffb5f80000 - 0x00007fffb608f000 	C:\Windows\system32\KERNELBASE.dll
0x00007fffb4ae0000 - 0x00007fffb4b68000 	C:\Windows\system32\apphelp.dll
0x00007fff95a00000 - 0x00007fff95a4f000 	C:\Windows\AppPatch\AppPatch64\AcGenral.DLL
0x00007fffb6510000 - 0x00007fffb65b7000 	C:\Windows\system32\msvcrt.dll
0x00007fffb5cf0000 - 0x00007fffb5d1b000 	C:\Windows\SYSTEM32\SspiCli.dll
0x00007fffb6fa0000 - 0x00007fffb6ff1000 	C:\Windows\system32\SHLWAPI.dll
0x00007fffb6aa0000 - 0x00007fffb6c11000 	C:\Windows\system32\USER32.dll
0x00007fffb6e10000 - 0x00007fffb6f88000 	C:\Windows\system32\ole32.dll
0x00007fffb7110000 - 0x00007fffb8527000 	C:\Windows\system32\SHELL32.dll
0x00007fffb5520000 - 0x00007fffb553e000 	C:\Windows\SYSTEM32\USERENV.dll
0x00007fffb65c0000 - 0x00007fffb6665000 	C:\Windows\system32\ADVAPI32.dll
0x00007fffb12f0000 - 0x00007fffb130b000 	C:\Windows\SYSTEM32\MPR.dll
0x00007fffb8760000 - 0x00007fffb8896000 	C:\Windows\system32\RPCRT4.dll
0x00007fffb8690000 - 0x00007fffb86e7000 	C:\Windows\SYSTEM32\sechost.dll
0x00007fffb6670000 - 0x00007fffb6846000 	C:\Windows\SYSTEM32\combase.dll
0x00007fffb6950000 - 0x00007fffb6a95000 	C:\Windows\system32\GDI32.dll
0x00007fffb5eb0000 - 0x00007fffb5ec4000 	C:\Windows\SYSTEM32\profapi.dll
0x00007fffb4510000 - 0x00007fffb45af000 	C:\Windows\SYSTEM32\SHCORE.dll
0x00007fffb6c20000 - 0x00007fffb6c54000 	C:\Windows\system32\IMM32.DLL
0x00007fffb63c0000 - 0x00007fffb64f9000 	C:\Windows\system32\MSCTF.dll
0x00007fffb3c90000 - 0x00007fffb3eea000 	C:\Windows\WinSxS\amd64_microsoft.windows.common-controls_6595b64144ccf1df_6.0.9600.17031_none_6242a4b3ecbb55a1\COMCTL32.dll
0x00000000621d0000 - 0x00000000622a2000 	C:\Program Files\Java\jdk1.8.0_92\jre\bin\msvcr100.dll
0x00000000628e0000 - 0x0000000063176000 	C:\Program Files\Java\jdk1.8.0_92\jre\bin\server\jvm.dll
0x00007fffae740000 - 0x00007fffae749000 	C:\Windows\SYSTEM32\WSOCK32.dll
0x00007ffface60000 - 0x00007ffface7f000 	C:\Windows\SYSTEM32\WINMM.dll
0x00007fffb3bc0000 - 0x00007fffb3bca000 	C:\Windows\SYSTEM32\VERSION.dll
0x00007fffb8750000 - 0x00007fffb8757000 	C:\Windows\system32\PSAPI.DLL
0x00007fffb7000000 - 0x00007fffb7058000 	C:\Windows\system32\WS2_32.dll
0x00007fffaa9e0000 - 0x00007fffaaa0a000 	C:\Windows\SYSTEM32\WINMMBASE.dll
0x00007fffb6f90000 - 0x00007fffb6f99000 	C:\Windows\system32\NSI.dll
0x00007fffb6370000 - 0x00007fffb63ba000 	C:\Windows\SYSTEM32\cfgmgr32.dll
0x00007fffb4d30000 - 0x00007fffb4d56000 	C:\Windows\SYSTEM32\DEVOBJ.dll
0x0000000063470000 - 0x000000006347f000 	C:\Program Files\Java\jdk1.8.0_92\jre\bin\verify.dll
0x0000000063440000 - 0x0000000063469000 	C:\Program Files\Java\jdk1.8.0_92\jre\bin\java.dll
0x0000000063420000 - 0x0000000063436000 	C:\Program Files\Java\jdk1.8.0_92\jre\bin\zip.dll

VM Arguments:
jvm_args: -Djava.awt.headless=true -Xmx1024M -Dfile.encoding=windows-1252 -Duser.country=US -Duser.language=en -Duser.variant 
java_command: com.android.dx.command.Main --dex --force-jumbo --num-threads=4 --output C:\Zooket\app\build\intermediates\pre-dexed\debug\library-2.4.0_38a29c9e4b541e26ce53680d5a1cb40fd304df2c.jar C:\Users\Smo\.gradle\caches\modules-2\files-2.1\com.nineoldandroids\library\2.4.0\e9b63380f3a242dbdbf103a2355ad7e43bad17cb\library-2.4.0.jar
java_class_path (initial): C:\android-sdk-windows\build-tools\24.0.3\lib\dx.jar
Launcher Type: SUN_STANDARD

Environment Variables:
PATH=C:\ProgramData\Oracle\Java\javapath;C:\Windows\system32;C:\Windows;C:\Windows\System32\Wbem;C:\Windows\System32\WindowsPowerShell\v1.0\;C:\Program Files (x86)\NVIDIA Corporation\PhysX\Common;C:\Program Files (x86)\Windows Kits\8.1\Windows Performance Toolkit\;C:\Program Files\Microsoft SQL Server\110\Tools\Binn\;C:\Program Files\Microsoft SQL Server\110\DTS\Binn\;C:\Program Files (x86)\Microsoft SQL Server\110\Tools\Binn\;C:\Program Files (x86)\Microsoft SQL Server\110\Tools\Binn\ManagementStudio\;C:\Program Files (x86)\Microsoft Visual Studio 10.0\Common7\IDE\PrivateAssemblies\;C:\Program Files (x86)\Microsoft SQL Server\110\DTS\Binn\;C:\Program Files (x86)\GtkSharp\2.12\bin;C:\Program Files (x86)\QuickTime\QTSystem\
USERNAME=Smo
OS=Windows_NT
PROCESSOR_IDENTIFIER=Intel64 Family 6 Model 94 Stepping 3, GenuineIntel



---------------  S Y S T E M  ---------------

OS: Windows 8.1 , 64 bit Build 9600 (6.3.9600.17056)

CPU:total 4 (4 cores per cpu, 1 threads per core) family 6 model 94 stepping 3, cmov, cx8, fxsr, mmx, sse, sse2, sse3, ssse3, sse4.1, sse4.2, popcnt, avx, avx2, aes, clmul, erms, 3dnowpref, lzcnt, tsc, tscinvbit, bmi1, bmi2, adx

Memory: 4k page, physical 8266404k(1305920k free), swap 8266404k(5116k free)

vm_info: Java HotSpot(TM) 64-Bit Server VM (25.92-b14) for windows-amd64 JRE (1.8.0_92-b14), built on Mar 31 2016 21:03:04 by "java_re" with MS VC++ 10.0 (VS2010)

time: Sun May 21 22:55:01 2017
elapsed time: 0 seconds (0d 0h 0m 0s)

