#
# There is insufficient memory for the Java Runtime Environment to continue.
# Native memory allocation (malloc) failed to allocate 1048576 bytes for AllocateHeap
# Possible reasons:
#   The system is out of physical RAM or swap space
#   In 32 bit mode, the process size limit was hit
# Possible solutions:
#   Reduce memory load on the system
#   Increase physical memory or swap space
#   Check if swap backing store is full
#   Use 64 bit Java on a 64 bit OS
#   Decrease Java heap size (-Xmx/-Xms)
#   Decrease number of Java threads
#   Decrease Java thread stack sizes (-Xss)
#   Set larger code cache with -XX:ReservedCodeCacheSize=
# This output file may be truncated or incomplete.
#
#  Out of Memory Error (memory/allocation.inline.hpp:61), pid=8424, tid=0x0000000000001ed0
#
# JRE version:  (8.0_92-b14) (build )
# Java VM: Java HotSpot(TM) 64-Bit Server VM (25.92-b14 mixed mode windows-amd64 compressed oops)
# Failed to write core dump. Minidumps are not enabled by default on client versions of Windows
#

---------------  T H R E A D  ---------------

Current thread (0x0000000002b90800):  JavaThread "Unknown thread" [_thread_in_vm, id=7888, stack(0x0000000002a90000,0x0000000002b90000)]

Stack: [0x0000000002a90000,0x0000000002b90000]
[error occurred during error reporting (printing stack bounds), id 0xc0000005]

Native frames: (J=compiled Java code, j=interpreted, Vv=VM code, C=native code)


---------------  P R O C E S S  ---------------

Java Threads: ( => current thread )

Other Threads:

=>0x0000000002b90800 (exited) JavaThread "Unknown thread" [_thread_in_vm, id=7888, stack(0x0000000002a90000,0x0000000002b90000)]

VM state:not at safepoint (normal execution)

VM Mutex/Monitor currently owned by a thread: None

Heap:
 PSYoungGen      total 38400K, used 665K [0x00000000eab00000, 0x00000000ed580000, 0x0000000100000000)
  eden space 33280K, 2% used [0x00000000eab00000,0x00000000eaba6670,0x00000000ecb80000)
  from space 5120K, 0% used [0x00000000ed080000,0x00000000ed080000,0x00000000ed580000)
  to   space 5120K, 0% used [0x00000000ecb80000,0x00000000ecb80000,0x00000000ed080000)
 ParOldGen       total 87552K, used 0K [0x00000000c0000000, 0x00000000c5580000, 0x00000000eab00000)
  object space 87552K, 0% used [0x00000000c0000000,0x00000000c0000000,0x00000000c5580000)
 Metaspace       used 769K, capacity 4480K, committed 4480K, reserved 1056768K
  class space    used 75K, capacity 384K, committed 384K, reserved 1048576K

Card table byte_map: [0x0000000012050000,0x0000000012260000] byte_map_base: 0x0000000011a50000

Marking Bits: (ParMarkBitMap*) 0x000000005ab964f0
 Begin Bits: [0x00000000127c0000, 0x00000000137c0000)
 End Bits:   [0x00000000137c0000, 0x00000000147c0000)

Polling page: 0x0000000002a00000

CodeCache: size=245760Kb used=328Kb max_used=328Kb free=245431Kb
 bounds [0x0000000002c90000, 0x0000000002f00000, 0x0000000011c90000]
 total_blobs=58 nmethods=0 adapters=38
 compilation: enabled

Compilation events (0 events):
No events

GC Heap History (0 events):
No events

Deoptimization events (0 events):
No events

Internal exceptions (0 events):
No events

Events (10 events):
Event: 0.020 loading class java/lang/Short
Event: 0.020 loading class java/lang/Short done
Event: 0.020 loading class java/lang/Integer
Event: 0.020 loading class java/lang/Integer done
Event: 0.020 loading class java/lang/Long
Event: 0.020 loading class java/lang/Long done
Event: 0.021 loading class java/lang/NullPointerException
Event: 0.021 loading class java/lang/NullPointerException done
Event: 0.021 loading class java/lang/ArithmeticException
Event: 0.021 loading class java/lang/ArithmeticException done


Dynamic libraries:
0x00007ff61f2f0000 - 0x00007ff61f327000 	C:\Program Files\Java\jdk1.8.0_92\bin\java.exe
0x00007ffa9ddd0000 - 0x00007ffa9df7a000 	C:\Windows\SYSTEM32\ntdll.dll
0x00007ffa9d870000 - 0x00007ffa9d9aa000 	C:\Windows\system32\KERNEL32.DLL
0x00007ffa9b260000 - 0x00007ffa9b36f000 	C:\Windows\system32\KERNELBASE.dll
0x00007ffa99d70000 - 0x00007ffa99df8000 	C:\Windows\system32\apphelp.dll
0x00007ffa72e10000 - 0x00007ffa72e5f000 	C:\Windows\AppPatch\AppPatch64\AcGenral.DLL
0x00007ffa9d250000 - 0x00007ffa9d2f7000 	C:\Windows\system32\msvcrt.dll
0x00007ffa9af80000 - 0x00007ffa9afab000 	C:\Windows\SYSTEM32\SspiCli.dll
0x00007ffa9d520000 - 0x00007ffa9d571000 	C:\Windows\system32\SHLWAPI.dll
0x00007ffa9d300000 - 0x00007ffa9d471000 	C:\Windows\system32\USER32.dll
0x00007ffa9d9b0000 - 0x00007ffa9db28000 	C:\Windows\system32\ole32.dll
0x00007ffa9bc30000 - 0x00007ffa9d047000 	C:\Windows\system32\SHELL32.dll
0x00007ffa9a7b0000 - 0x00007ffa9a7ce000 	C:\Windows\SYSTEM32\USERENV.dll
0x00007ffa9d5c0000 - 0x00007ffa9d665000 	C:\Windows\system32\ADVAPI32.dll
0x00007ffa96070000 - 0x00007ffa9608b000 	C:\Windows\SYSTEM32\MPR.dll
0x00007ffa9db40000 - 0x00007ffa9dc76000 	C:\Windows\system32\RPCRT4.dll
0x00007ffa9d1f0000 - 0x00007ffa9d247000 	C:\Windows\SYSTEM32\sechost.dll
0x00007ffa9b660000 - 0x00007ffa9b836000 	C:\Windows\SYSTEM32\combase.dll
0x00007ffa9dc80000 - 0x00007ffa9ddc5000 	C:\Windows\system32\GDI32.dll
0x00007ffa9b140000 - 0x00007ffa9b154000 	C:\Windows\SYSTEM32\profapi.dll
0x00007ffa997a0000 - 0x00007ffa9983f000 	C:\Windows\SYSTEM32\SHCORE.dll
0x00007ffa9d580000 - 0x00007ffa9d5b4000 	C:\Windows\system32\IMM32.DLL
0x00007ffa9d670000 - 0x00007ffa9d7a9000 	C:\Windows\system32\MSCTF.dll
0x00007ffa98e90000 - 0x00007ffa990ea000 	C:\Windows\WinSxS\amd64_microsoft.windows.common-controls_6595b64144ccf1df_6.0.9600.17031_none_6242a4b3ecbb55a1\COMCTL32.dll
0x0000000059ad0000 - 0x0000000059ba2000 	C:\Program Files\Java\jdk1.8.0_92\jre\bin\msvcr100.dll
0x000000005a380000 - 0x000000005ac16000 	C:\Program Files\Java\jdk1.8.0_92\jre\bin\server\jvm.dll
0x00007ffa8e650000 - 0x00007ffa8e659000 	C:\Windows\SYSTEM32\WSOCK32.dll
0x00007ffa8aa90000 - 0x00007ffa8aaaf000 	C:\Windows\SYSTEM32\WINMM.dll
0x00007ffa98e50000 - 0x00007ffa98e5a000 	C:\Windows\SYSTEM32\VERSION.dll
0x00007ffa9b650000 - 0x00007ffa9b657000 	C:\Windows\system32\PSAPI.DLL
0x00007ffa9d060000 - 0x00007ffa9d0b8000 	C:\Windows\system32\WS2_32.dll
0x00007ffa8aa60000 - 0x00007ffa8aa8a000 	C:\Windows\SYSTEM32\WINMMBASE.dll
0x00007ffa9bc20000 - 0x00007ffa9bc29000 	C:\Windows\system32\NSI.dll
0x00007ffa9b600000 - 0x00007ffa9b64a000 	C:\Windows\SYSTEM32\cfgmgr32.dll
0x00007ffa99fc0000 - 0x00007ffa99fe6000 	C:\Windows\SYSTEM32\DEVOBJ.dll
0x000000005a370000 - 0x000000005a37f000 	C:\Program Files\Java\jdk1.8.0_92\jre\bin\verify.dll
0x000000005a340000 - 0x000000005a369000 	C:\Program Files\Java\jdk1.8.0_92\jre\bin\java.dll
0x000000005a320000 - 0x000000005a336000 	C:\Program Files\Java\jdk1.8.0_92\jre\bin\zip.dll

VM Arguments:
jvm_args: -Djava.awt.headless=true -Xmx1024M -Dfile.encoding=windows-1252 -Duser.country=US -Duser.language=en -Duser.variant 
java_command: com.android.dx.command.Main --dex --force-jumbo --num-threads=4 --multi-dex --output C:\Zooket\app\build\intermediates\transforms\dex\debug\folders\1000\5\slice_4 C:\Zooket\app\build\intermediates\transforms\instantRunSlicer\debug\folders\1\5\slice_4
java_class_path (initial): C:\android-sdk-windows\build-tools\24.0.3\lib\dx.jar
Launcher Type: SUN_STANDARD

Environment Variables:
PATH=C:\ProgramData\Oracle\Java\javapath;C:\Windows\system32;C:\Windows;C:\Windows\System32\Wbem;C:\Windows\System32\WindowsPowerShell\v1.0\;C:\Program Files (x86)\NVIDIA Corporation\PhysX\Common;C:\Program Files (x86)\Windows Kits\8.1\Windows Performance Toolkit\;C:\Program Files\Microsoft SQL Server\110\Tools\Binn\;C:\Program Files\Microsoft SQL Server\110\DTS\Binn\;C:\Program Files (x86)\Microsoft SQL Server\110\Tools\Binn\;C:\Program Files (x86)\Microsoft SQL Server\110\Tools\Binn\ManagementStudio\;C:\Program Files (x86)\Microsoft Visual Studio 10.0\Common7\IDE\PrivateAssemblies\;C:\Program Files (x86)\Microsoft SQL Server\110\DTS\Binn\;C:\Program Files (x86)\GtkSharp\2.12\bin;C:\Program Files (x86)\QuickTime\QTSystem\
USERNAME=Smo
OS=Windows_NT
PROCESSOR_IDENTIFIER=Intel64 Family 6 Model 94 Stepping 3, GenuineIntel



---------------  S Y S T E M  ---------------

OS: Windows 8.1 , 64 bit Build 9600 (6.3.9600.17056)

CPU:total 4 (4 cores per cpu, 1 threads per core) family 6 model 94 stepping 3, cmov, cx8, fxsr, mmx, sse, sse2, sse3, ssse3, sse4.1, sse4.2, popcnt, avx, avx2, aes, clmul, erms, 3dnowpref, lzcnt, tsc, tscinvbit, bmi1, bmi2, adx

Memory: 4k page, physical 8266404k(1040116k free), swap 8266404k(5836k free)

vm_info: Java HotSpot(TM) 64-Bit Server VM (25.92-b14) for windows-amd64 JRE (1.8.0_92-b14), built on Mar 31 2016 21:03:04 by "java_re" with MS VC++ 10.0 (VS2010)

time: Sat May 13 19:56:19 2017
elapsed time: 0 seconds (0d 0h 0m 0s)

