#
# There is insufficient memory for the Java Runtime Environment to continue.
# Native memory allocation (malloc) failed to allocate 149056 bytes for Chunk::new
# Possible reasons:
#   The system is out of physical RAM or swap space
#   In 32 bit mode, the process size limit was hit
# Possible solutions:
#   Reduce memory load on the system
#   Increase physical memory or swap space
#   Check if swap backing store is full
#   Use 64 bit Java on a 64 bit OS
#   Decrease Java heap size (-Xmx/-Xms)
#   Decrease number of Java threads
#   Decrease Java thread stack sizes (-Xss)
#   Set larger code cache with -XX:ReservedCodeCacheSize=
# This output file may be truncated or incomplete.
#
#  Out of Memory Error (allocation.cpp:390), pid=9972, tid=0x0000000000002474
#
# JRE version: Java(TM) SE Runtime Environment (8.0_92-b14) (build 1.8.0_92-b14)
# Java VM: Java HotSpot(TM) 64-Bit Server VM (25.92-b14 mixed mode windows-amd64 compressed oops)
# Failed to write core dump. Minidumps are not enabled by default on client versions of Windows
#

---------------  T H R E A D  ---------------

Current thread (0x0000000014f71000):  JavaThread "C2 CompilerThread1" daemon [_thread_in_native, id=9332, stack(0x00000000165e0000,0x00000000166e0000)]

Stack: [0x00000000165e0000,0x00000000166e0000]
[error occurred during error reporting (printing stack bounds), id 0xc0000005]

Native frames: (J=compiled Java code, j=interpreted, Vv=VM code, C=native code)


Current CompileTask:
C2:   2188  837       4       com.android.dx.ssa.SsaBasicBlock::forEachInsn (37 bytes)


---------------  P R O C E S S  ---------------

Java Threads: ( => current thread )
  0x0000000016a85800 JavaThread "pool-1-thread-4" [_thread_blocked, id=8932, stack(0x00000000171e0000,0x00000000172e0000)]
  0x0000000016a84800 JavaThread "pool-1-thread-3" [_thread_blocked, id=7864, stack(0x00000000170e0000,0x00000000171e0000)]
  0x0000000016a84000 JavaThread "pool-1-thread-2" [_thread_blocked, id=9088, stack(0x0000000016fe0000,0x00000000170e0000)]
  0x0000000016a80000 JavaThread "pool-2-thread-1" [_thread_blocked, id=8652, stack(0x0000000016ee0000,0x0000000016fe0000)]
  0x0000000016a79800 JavaThread "pool-1-thread-1" [_thread_blocked, id=5088, stack(0x0000000016de0000,0x0000000016ee0000)]
  0x00000000167e0800 JavaThread "Service Thread" daemon [_thread_blocked, id=9852, stack(0x0000000016be0000,0x0000000016ce0000)]
  0x0000000014fcc000 JavaThread "C1 CompilerThread2" daemon [_thread_in_native, id=5108, stack(0x00000000166e0000,0x00000000167e0000)]
=>0x0000000014f71000 JavaThread "C2 CompilerThread1" daemon [_thread_in_native, id=9332, stack(0x00000000165e0000,0x00000000166e0000)]
  0x0000000014f6e000 JavaThread "C2 CompilerThread0" daemon [_thread_in_native, id=9176, stack(0x00000000164e0000,0x00000000165e0000)]
  0x0000000014f6c000 JavaThread "Attach Listener" daemon [_thread_blocked, id=6340, stack(0x00000000163e0000,0x00000000164e0000)]
  0x0000000014f6b000 JavaThread "Signal Dispatcher" daemon [_thread_blocked, id=9552, stack(0x00000000162e0000,0x00000000163e0000)]
  0x0000000014f5a800 JavaThread "Finalizer" daemon [_thread_blocked, id=1520, stack(0x00000000161e0000,0x00000000162e0000)]
  0x0000000002790800 JavaThread "Reference Handler" daemon [_thread_blocked, id=9816, stack(0x00000000160e0000,0x00000000161e0000)]
  0x00000000026a2800 JavaThread "main" [_thread_blocked, id=7340, stack(0x0000000002540000,0x0000000002640000)]

Other Threads:
  0x0000000014f38800 VMThread [stack: 0x0000000015fe0000,0x00000000160e0000] [id=10148]
  0x00000000167e9000 WatcherThread [stack: 0x0000000016ce0000,0x0000000016de0000] [id=10176]

VM state:not at safepoint (normal execution)

VM Mutex/Monitor currently owned by a thread: None

Heap:
 PSYoungGen      total 38400K, used 21322K [0x00000000eab00000, 0x00000000ed580000, 0x0000000100000000)
  eden space 33280K, 64% used [0x00000000eab00000,0x00000000ebfd2b60,0x00000000ecb80000)
  from space 5120K, 0% used [0x00000000ed080000,0x00000000ed080000,0x00000000ed580000)
  to   space 5120K, 0% used [0x00000000ecb80000,0x00000000ecb80000,0x00000000ed080000)
 ParOldGen       total 87552K, used 0K [0x00000000c0000000, 0x00000000c5580000, 0x00000000eab00000)
  object space 87552K, 0% used [0x00000000c0000000,0x00000000c0000000,0x00000000c5580000)
 Metaspace       used 5731K, capacity 6640K, committed 6784K, reserved 1056768K
  class space    used 595K, capacity 616K, committed 640K, reserved 1048576K

Card table byte_map: [0x0000000011c60000,0x0000000011e70000] byte_map_base: 0x0000000011660000

Marking Bits: (ParMarkBitMap*) 0x000000006bf164f0
 Begin Bits: [0x00000000123d0000, 0x00000000133d0000)
 End Bits:   [0x00000000133d0000, 0x00000000143d0000)

Polling page: 0x0000000000ca0000

CodeCache: size=245760Kb used=3461Kb max_used=3461Kb free=242298Kb
 bounds [0x00000000028a0000, 0x0000000002c10000, 0x00000000118a0000]
 total_blobs=1147 nmethods=878 adapters=182
 compilation: enabled

Compilation events (10 events):
Event: 2.187 Thread 0x0000000014fcc000 nmethod 867 0x0000000002bfd3d0 code [0x0000000002bfd520, 0x0000000002bfd6d0]
Event: 2.187 Thread 0x0000000014fcc000  868       3       com.android.dx.rop.type.Type::isUninitialized (13 bytes)
Event: 2.187 Thread 0x0000000014fcc000 nmethod 868 0x0000000002bfd750 code [0x0000000002bfd8a0, 0x0000000002bfda50]
Event: 2.187 Thread 0x0000000014fcc000  869       1       com.android.dx.dex.code.RopTranslator::access$200 (5 bytes)
Event: 2.187 Thread 0x0000000014fcc000 nmethod 869 0x0000000002bfdad0 code [0x0000000002bfdc20, 0x0000000002bfdd10]
Event: 2.187 Thread 0x0000000014fcc000  871       3       com.android.dx.rop.code.Rops::opMove (77 bytes)
Event: 2.187 Thread 0x0000000014fcc000 nmethod 871 0x0000000002bfdd90 code [0x0000000002bfdfc0, 0x0000000002bfebb8]
Event: 2.187 Thread 0x0000000014fcc000  874       1       com.android.dx.rop.code.PlainInsn::getCatches (4 bytes)
Event: 2.187 Thread 0x0000000014fcc000 nmethod 874 0x0000000002bff150 code [0x0000000002bff2a0, 0x0000000002bff3b0]
Event: 2.187 Thread 0x0000000014fcc000  876       3       com.android.dx.ssa.PhiInsn::getSources (95 bytes)

GC Heap History (0 events):
No events

Deoptimization events (9 events):
Event: 0.934 Thread 0x00000000026a2800 Uncommon trap: reason=unstable_if action=reinterpret pc=0x00000000029f4094 method=java.lang.String.compareTo(Ljava/lang/String;)I @ 38
Event: 1.593 Thread 0x00000000026a2800 Uncommon trap: reason=unstable_if action=reinterpret pc=0x0000000002b754b4 method=java.util.BitSet.ensureCapacity(I)V @ 6
Event: 1.593 Thread 0x00000000026a2800 Uncommon trap: reason=unstable_if action=reinterpret pc=0x0000000002b0abb0 method=java.util.BitSet.nextSetBit(I)I @ 87
Event: 1.594 Thread 0x00000000026a2800 Uncommon trap: reason=unstable_if action=reinterpret pc=0x0000000002ad1de0 method=java.util.HashMap.getNode(ILjava/lang/Object;)Ljava/util/HashMap$Node; @ 129
Event: 1.602 Thread 0x00000000026a2800 Uncommon trap: reason=class_check action=maybe_recompile pc=0x0000000002b57530 method=com.android.dx.ssa.NormalSsaInsn.accept(Lcom/android/dx/ssa/SsaInsn$Visitor;)V @ 9
Event: 2.168 Thread 0x00000000026a2800 Uncommon trap: reason=class_check action=maybe_recompile pc=0x0000000002ba0c54 method=com.android.dx.ssa.NormalSsaInsn.accept(Lcom/android/dx/ssa/SsaInsn$Visitor;)V @ 9
Event: 2.179 Thread 0x0000000016a85800 Uncommon trap: reason=class_check action=maybe_recompile pc=0x0000000002ba0c54 method=com.android.dx.ssa.NormalSsaInsn.accept(Lcom/android/dx/ssa/SsaInsn$Visitor;)V @ 9
Event: 2.179 Thread 0x0000000016a85800 Uncommon trap: reason=class_check action=maybe_recompile pc=0x0000000002ba0c54 method=com.android.dx.ssa.NormalSsaInsn.accept(Lcom/android/dx/ssa/SsaInsn$Visitor;)V @ 9
Event: 2.179 Thread 0x0000000016a85800 Uncommon trap: reason=class_check action=maybe_recompile pc=0x0000000002b57530 method=com.android.dx.ssa.NormalSsaInsn.accept(Lcom/android/dx/ssa/SsaInsn$Visitor;)V @ 9

Internal exceptions (2 events):
Event: 0.290 Thread 0x00000000026a2800 Exception <a 'java/lang/NoSuchMethodError': Method sun.misc.Unsafe.defineClass(Ljava/lang/String;[BII)Ljava/lang/Class; name or signature does not match> (0x00000000eab07cc0) thrown at [D:\re\workspace\8-2-build-windows-amd64-cygwin\jdk8u92\6642\hotspot\sr√8/’öñ“?
Event: 0.290 Thread 0x00000000026a2800 Exception <a 'java/lang/NoSuchMethodError': Method sun.misc.Unsafe.prefetchRead(Ljava/lang/Object;J)V name or signature does not match> (0x00000000eab07fa8) thrown at [D:\re\workspace\8-2-build-windows-amd64-cygwin\jdk8u92\6642\hotspot\src\share\vm\prims\j

Events (10 events):
Event: 2.179 Thread 0x0000000016a85800 Uncommon trap: trap_request=0xffffffde fr.pc=0x0000000002ba0c54
Event: 2.179 Thread 0x0000000016a85800 DEOPT PACKING pc=0x0000000002ba0c54 sp=0x00000000172de300
Event: 2.179 Thread 0x0000000016a85800 DEOPT UNPACKING pc=0x00000000028e582a sp=0x00000000172de240 mode 2
Event: 2.179 Thread 0x0000000016a85800 Uncommon trap: trap_request=0xffffffde fr.pc=0x0000000002b57530
Event: 2.179 Thread 0x0000000016a85800 DEOPT PACKING pc=0x0000000002b57530 sp=0x00000000172de1d0
Event: 2.179 Thread 0x0000000016a85800 DEOPT UNPACKING pc=0x00000000028e582a sp=0x00000000172de170 mode 2
Event: 2.182 loading class com/android/dx/cf/attrib/AttLocalVariableTypeTable
Event: 2.182 loading class com/android/dx/cf/attrib/AttLocalVariableTypeTable done
Event: 2.182 loading class com/android/dx/dex/file/MethodAnnotationStruct
Event: 2.182 loading class com/android/dx/dex/file/MethodAnnotationStruct done


Dynamic libraries:
0x00007ff7d3560000 - 0x00007ff7d3597000 	C:\Program Files\Java\jdk1.8.0_92\bin\java.exe
0x00007ff89b3d0000 - 0x00007ff89b57a000 	C:\Windows\SYSTEM32\ntdll.dll
0x00007ff898d00000 - 0x00007ff898e3a000 	C:\Windows\system32\KERNEL32.DLL
0x00007ff898af0000 - 0x00007ff898bff000 	C:\Windows\system32\KERNELBASE.dll
0x00007ff897370000 - 0x00007ff8973f8000 	C:\Windows\system32\apphelp.dll
0x00007ff875f50000 - 0x00007ff875f9f000 	C:\Windows\AppPatch\AppPatch64\AcGenral.DLL
0x00007ff899020000 - 0x00007ff8990c7000 	C:\Windows\system32\msvcrt.dll
0x00007ff898580000 - 0x00007ff8985ab000 	C:\Windows\SYSTEM32\SspiCli.dll
0x00007ff89a7a0000 - 0x00007ff89a7f1000 	C:\Windows\system32\SHLWAPI.dll
0x00007ff89a9e0000 - 0x00007ff89ab51000 	C:\Windows\system32\USER32.dll
0x00007ff898ea0000 - 0x00007ff899018000 	C:\Windows\system32\ole32.dll
0x00007ff899380000 - 0x00007ff89a797000 	C:\Windows\system32\SHELL32.dll
0x00007ff897db0000 - 0x00007ff897dce000 	C:\Windows\SYSTEM32\USERENV.dll
0x00007ff89b200000 - 0x00007ff89b2a5000 	C:\Windows\system32\ADVAPI32.dll
0x00007ff893600000 - 0x00007ff89361b000 	C:\Windows\SYSTEM32\MPR.dll
0x00007ff89ad40000 - 0x00007ff89ae76000 	C:\Windows\system32\RPCRT4.dll
0x00007ff898e40000 - 0x00007ff898e97000 	C:\Windows\SYSTEM32\sechost.dll
0x00007ff8990d0000 - 0x00007ff8992a6000 	C:\Windows\SYSTEM32\combase.dll
0x00007ff89ae90000 - 0x00007ff89afd5000 	C:\Windows\system32\GDI32.dll
0x00007ff898740000 - 0x00007ff898754000 	C:\Windows\SYSTEM32\profapi.dll
0x00007ff896da0000 - 0x00007ff896e3f000 	C:\Windows\SYSTEM32\SHCORE.dll
0x00007ff89a9a0000 - 0x00007ff89a9d4000 	C:\Windows\system32\IMM32.DLL
0x00007ff89b0c0000 - 0x00007ff89b1f9000 	C:\Windows\system32\MSCTF.dll
0x00007ff896520000 - 0x00007ff89677a000 	C:\Windows\WinSxS\amd64_microsoft.windows.common-controls_6595b64144ccf1df_6.0.9600.17031_none_6242a4b3ecbb55a1\COMCTL32.dll
0x000000006b320000 - 0x000000006b3f2000 	C:\Program Files\Java\jdk1.8.0_92\jre\bin\msvcr100.dll
0x000000006b700000 - 0x000000006bf96000 	C:\Program Files\Java\jdk1.8.0_92\jre\bin\server\jvm.dll
0x00007ff88b560000 - 0x00007ff88b569000 	C:\Windows\SYSTEM32\WSOCK32.dll
0x00007ff88ab60000 - 0x00007ff88ab7f000 	C:\Windows\SYSTEM32\WINMM.dll
0x00007ff896450000 - 0x00007ff89645a000 	C:\Windows\SYSTEM32\VERSION.dll
0x00007ff89ae80000 - 0x00007ff89ae87000 	C:\Windows\system32\PSAPI.DLL
0x00007ff8992b0000 - 0x00007ff899308000 	C:\Windows\system32\WS2_32.dll
0x00007ff88aac0000 - 0x00007ff88aaea000 	C:\Windows\SYSTEM32\WINMMBASE.dll
0x00007ff89b000000 - 0x00007ff89b009000 	C:\Windows\system32\NSI.dll
0x00007ff898c00000 - 0x00007ff898c4a000 	C:\Windows\SYSTEM32\cfgmgr32.dll
0x00007ff8975c0000 - 0x00007ff8975e6000 	C:\Windows\SYSTEM32\DEVOBJ.dll
0x000000006e490000 - 0x000000006e49f000 	C:\Program Files\Java\jdk1.8.0_92\jre\bin\verify.dll
0x000000006c680000 - 0x000000006c6a9000 	C:\Program Files\Java\jdk1.8.0_92\jre\bin\java.dll
0x000000006c660000 - 0x000000006c676000 	C:\Program Files\Java\jdk1.8.0_92\jre\bin\zip.dll

VM Arguments:
jvm_args: -Djava.awt.headless=true -Xmx1024M -Dfile.encoding=windows-1252 -Duser.country=US -Duser.language=en -Duser.variant 
java_command: com.android.dx.command.Main --dex --force-jumbo --num-threads=4 --output C:\Zooket\app\build\intermediates\pre-dexed\debug\internal_impl-23.4.0_191df91ce83363c6e957f0add757b9f9490bd4ee.jar C:\Zooket\app\build\intermediates\exploded-aar\com.android.support\support-v4\23.4.0\jars\libs\internal_impl-23.4.0.jar
java_class_path (initial): C:\android-sdk-windows\build-tools\24.0.3\lib\dx.jar
Launcher Type: SUN_STANDARD

Environment Variables:
PATH=C:\ProgramData\Oracle\Java\javapath;C:\Windows\system32;C:\Windows;C:\Windows\System32\Wbem;C:\Windows\System32\WindowsPowerShell\v1.0\;C:\Program Files (x86)\NVIDIA Corporation\PhysX\Common;C:\Program Files (x86)\Windows Kits\8.1\Windows Performance Toolkit\;C:\Program Files\Microsoft SQL Server\110\Tools\Binn\;C:\Program Files\Microsoft SQL Server\110\DTS\Binn\;C:\Program Files (x86)\Microsoft SQL Server\110\Tools\Binn\;C:\Program Files (x86)\Microsoft SQL Server\110\Tools\Binn\ManagementStudio\;C:\Program Files (x86)\Microsoft Visual Studio 10.0\Common7\IDE\PrivateAssemblies\;C:\Program Files (x86)\Microsoft SQL Server\110\DTS\Binn\;C:\Program Files (x86)\GtkSharp\2.12\bin;C:\Program Files (x86)\QuickTime\QTSystem\
USERNAME=Smo
OS=Windows_NT
PROCESSOR_IDENTIFIER=Intel64 Family 6 Model 94 Stepping 3, GenuineIntel



---------------  S Y S T E M  ---------------

OS: Windows 8.1 , 64 bit Build 9600 (6.3.9600.17056)

CPU:total 4 (4 cores per cpu, 1 threads per core) family 6 model 94 stepping 3, cmov, cx8, fxsr, mmx, sse, sse2, sse3, ssse3, sse4.1, sse4.2, popcnt, avx, avx2, aes, clmul, erms, 3dnowpref, lzcnt, tsc, tscinvbit, bmi1, bmi2, adx

Memory: 4k page, physical 8266404k(1451476k free), swap 8266404k(5116k free)

vm_info: Java HotSpot(TM) 64-Bit Server VM (25.92-b14) for windows-amd64 JRE (1.8.0_92-b14), built on Mar 31 2016 21:03:04 by "java_re" with MS VC++ 10.0 (VS2010)

time: Thu May 11 22:11:31 2017
elapsed time: 2 seconds (0d 0h 0m 2s)

