#
# There is insufficient memory for the Java Runtime Environment to continue.
# Native memory allocation (malloc) failed to allocate 335904 bytes for Chunk::new
# Possible reasons:
#   The system is out of physical RAM or swap space
#   In 32 bit mode, the process size limit was hit
# Possible solutions:
#   Reduce memory load on the system
#   Increase physical memory or swap space
#   Check if swap backing store is full
#   Use 64 bit Java on a 64 bit OS
#   Decrease Java heap size (-Xmx/-Xms)
#   Decrease number of Java threads
#   Decrease Java thread stack sizes (-Xss)
#   Set larger code cache with -XX:ReservedCodeCacheSize=
# This output file may be truncated or incomplete.
#
#  Out of Memory Error (allocation.cpp:390), pid=8064, tid=0x0000000000001f50
#
# JRE version: Java(TM) SE Runtime Environment (8.0_92-b14) (build 1.8.0_92-b14)
# Java VM: Java HotSpot(TM) 64-Bit Server VM (25.92-b14 mixed mode windows-amd64 compressed oops)
# Failed to write core dump. Minidumps are not enabled by default on client versions of Windows
#

---------------  T H R E A D  ---------------

Current thread (0x0000000014ef8000):  JavaThread "C2 CompilerThread1" daemon [_thread_in_native, id=8016, stack(0x0000000016500000,0x0000000016600000)]

Stack: [0x0000000016500000,0x0000000016600000]
[error occurred during error reporting (printing stack bounds), id 0xc0000005]

Native frames: (J=compiled Java code, j=interpreted, Vv=VM code, C=native code)


Current CompileTask:
C2:   2138 1157       4       com.android.dx.ssa.SsaBasicBlock::newFromRop (183 bytes)


---------------  P R O C E S S  ---------------

Java Threads: ( => current thread )
  0x0000000016965800 JavaThread "pool-2-thread-3" [_thread_in_Java, id=5156, stack(0x0000000017000000,0x0000000017100000)]
  0x0000000016847800 JavaThread "pool-3-thread-1" [_thread_blocked, id=2248, stack(0x0000000016e00000,0x0000000016f00000)]
  0x0000000016703800 JavaThread "Service Thread" daemon [_thread_blocked, id=10504, stack(0x0000000016b00000,0x0000000016c00000)]
  0x0000000014efd000 JavaThread "C1 CompilerThread2" daemon [_thread_blocked, id=2492, stack(0x0000000016600000,0x0000000016700000)]
=>0x0000000014ef8000 JavaThread "C2 CompilerThread1" daemon [_thread_in_native, id=8016, stack(0x0000000016500000,0x0000000016600000)]
  0x0000000014e9f000 JavaThread "C2 CompilerThread0" daemon [_thread_in_native, id=7512, stack(0x0000000016400000,0x0000000016500000)]
  0x0000000014e9d000 JavaThread "Attach Listener" daemon [_thread_blocked, id=5684, stack(0x0000000016300000,0x0000000016400000)]
  0x0000000014e9b800 JavaThread "Signal Dispatcher" daemon [_thread_blocked, id=9664, stack(0x0000000016200000,0x0000000016300000)]
  0x0000000014e8a800 JavaThread "Finalizer" daemon [_thread_blocked, id=9044, stack(0x0000000016100000,0x0000000016200000)]
  0x0000000014e69000 JavaThread "Reference Handler" daemon [_thread_blocked, id=3732, stack(0x0000000016000000,0x0000000016100000)]
  0x00000000025d0800 JavaThread "main" [_thread_blocked, id=5264, stack(0x0000000002450000,0x0000000002550000)]

Other Threads:
  0x0000000014e67800 VMThread [stack: 0x0000000015f00000,0x0000000016000000] [id=7960]
  0x000000001670a800 WatcherThread [stack: 0x0000000016c00000,0x0000000016d00000] [id=10844]

VM state:not at safepoint (normal execution)

VM Mutex/Monitor currently owned by a thread: None

Heap:
 PSYoungGen      total 38400K, used 26535K [0x00000000eab00000, 0x00000000ef600000, 0x0000000100000000)
  eden space 33280K, 64% used [0x00000000eab00000,0x00000000ebfedb58,0x00000000ecb80000)
  from space 5120K, 99% used [0x00000000ecb80000,0x00000000ed07c218,0x00000000ed080000)
  to   space 5120K, 0% used [0x00000000ef100000,0x00000000ef100000,0x00000000ef600000)
 ParOldGen       total 87552K, used 2326K [0x00000000c0000000, 0x00000000c5580000, 0x00000000eab00000)
  object space 87552K, 2% used [0x00000000c0000000,0x00000000c0245988,0x00000000c5580000)
 Metaspace       used 5696K, capacity 6832K, committed 7040K, reserved 1056768K
  class space    used 580K, capacity 616K, committed 640K, reserved 1048576K

Card table byte_map: [0x0000000011b90000,0x0000000011da0000] byte_map_base: 0x0000000011590000

Marking Bits: (ParMarkBitMap*) 0x0000000060c564f0
 Begin Bits: [0x0000000012300000, 0x0000000013300000)
 End Bits:   [0x0000000013300000, 0x0000000014300000)

Polling page: 0x0000000002550000

CodeCache: size=245760Kb used=4838Kb max_used=4850Kb free=240921Kb
 bounds [0x00000000027d0000, 0x0000000002ca0000, 0x00000000117d0000]
 total_blobs=1425 nmethods=1164 adapters=174
 compilation: enabled

Compilation events (10 events):
Event: 2.113 Thread 0x0000000014e9f000 nmethod 1161 0x0000000002c5fc10 code [0x0000000002c5fd60, 0x0000000002c5ff38]
Event: 2.115 Thread 0x0000000014e9f000 1162       4       com.android.dx.ssa.SsaBasicBlock::isExitBlock (20 bytes)
Event: 2.116 Thread 0x0000000014e9f000 nmethod 1162 0x0000000002c5b7d0 code [0x0000000002c5b900, 0x0000000002c5b998]
Event: 2.117 Thread 0x0000000014efd000 1163       3       com.android.dx.ssa.SsaConverter::needsNewSuccessor (53 bytes)
Event: 2.117 Thread 0x0000000014efd000 nmethod 1163 0x0000000002c74b90 code [0x0000000002c74d80, 0x0000000002c756d8]
Event: 2.118 Thread 0x0000000014e9f000 1164   !   4       java.util.BitSet::clone (49 bytes)
Event: 2.120 Thread 0x0000000014e9f000 nmethod 1164 0x0000000002c5b2d0 code [0x0000000002c5b420, 0x0000000002c5b638]
Event: 2.120 Thread 0x0000000014e9f000 1165       4       com.android.dx.ssa.SsaConverter::needsNewSuccessor (53 bytes)
Event: 2.122 Thread 0x0000000014e9f000 nmethod 1165 0x0000000002c5abd0 code [0x0000000002c5ad20, 0x0000000002c5af58]
Event: 2.127 Thread 0x0000000014e9f000 1166       4       com.android.dx.ssa.LocalVariableExtractor::processBlock (383 bytes)

GC Heap History (2 events):
Event: 1.616 GC heap before
{Heap before GC invocations=1 (full 0):
 PSYoungGen      total 38400K, used 33280K [0x00000000eab00000, 0x00000000ed580000, 0x0000000100000000)
  eden space 33280K, 100% used [0x00000000eab00000,0x00000000ecb80000,0x00000000ecb80000)
  from space 5120K, 0% used [0x00000000ed080000,0x00000000ed080000,0x00000000ed580000)
  to   space 5120K, 0% used [0x00000000ecb80000,0x00000000ecb80000,0x00000000ed080000)
 ParOldGen       total 87552K, used 0K [0x00000000c0000000, 0x00000000c5580000, 0x00000000eab00000)
  object space 87552K, 0% used [0x00000000c0000000,0x00000000c0000000,0x00000000c5580000)
 Metaspace       used 5686K, capacity 6832K, committed 7040K, reserved 1056768K
  class space    used 580K, capacity 616K, committed 640K, reserved 1048576K
Event: 1.674 GC heap after
Heap after GC invocations=1 (full 0):
 PSYoungGen      total 38400K, used 5104K [0x00000000eab00000, 0x00000000ef600000, 0x0000000100000000)
  eden space 33280K, 0% used [0x00000000eab00000,0x00000000eab00000,0x00000000ecb80000)
  from space 5120K, 99% used [0x00000000ecb80000,0x00000000ed07c218,0x00000000ed080000)
  to   space 5120K, 0% used [0x00000000ef100000,0x00000000ef100000,0x00000000ef600000)
 ParOldGen       total 87552K, used 2326K [0x00000000c0000000, 0x00000000c5580000, 0x00000000eab00000)
  object space 87552K, 2% used [0x00000000c0000000,0x00000000c0245988,0x00000000c5580000)
 Metaspace       used 5686K, capacity 6832K, committed 7040K, reserved 1056768K
  class space    used 580K, capacity 616K, committed 640K, reserved 1048576K
}

Deoptimization events (5 events):
Event: 0.726 Thread 0x0000000016961800 Uncommon trap: reason=unstable_if action=reinterpret pc=0x00000000029bf570 method=java.util.HashMap.getNode(ILjava/lang/Object;)Ljava/util/HashMap$Node; @ 129
Event: 0.881 Thread 0x0000000016965800 Uncommon trap: reason=null_check action=make_not_entrant pc=0x0000000002a94d74 method=com.android.dx.ssa.SsaRenamer.getLocalForNewReg(I)Lcom/android/dx/rop/code/LocalItem; @ 19
Event: 0.947 Thread 0x0000000016846800 Uncommon trap: reason=unstable_if action=reinterpret pc=0x0000000002a9a39c method=com.android.dx.rop.code.RegisterSpec.equals(ILcom/android/dx/rop/type/TypeBearer;Lcom/android/dx/rop/code/LocalItem;)Z @ 16
Event: 0.947 Thread 0x0000000016846800 Uncommon trap: reason=unstable_if action=reinterpret pc=0x0000000002a8dfc8 method=com.android.dx.rop.code.RegisterSpec.equals(ILcom/android/dx/rop/type/TypeBearer;Lcom/android/dx/rop/code/LocalItem;)Z @ 16
Event: 0.966 Thread 0x0000000016967800 Uncommon trap: reason=unstable_if action=reinterpret pc=0x0000000002a28624 method=com.android.dx.rop.code.RegisterSpec.equals(ILcom/android/dx/rop/type/TypeBearer;Lcom/android/dx/rop/code/LocalItem;)Z @ 16

Internal exceptions (3 events):
Event: 0.078 Thread 0x00000000025d0800 Exception <a 'java/lang/NoSuchMethodError': Method sun.misc.Unsafe.defineClass(Ljava/lang/String;[BII)Ljava/lang/Class; name or signature does not match> (0x00000000eab07cc0) thrown at [D:\re\workspace\8-2-build-windows-amd64-cygwin\jdk8u92\6642\hotspot\srÆLöÿ´?
Event: 0.078 Thread 0x00000000025d0800 Exception <a 'java/lang/NoSuchMethodError': Method sun.misc.Unsafe.prefetchRead(Ljava/lang/Object;J)V name or signature does not match> (0x00000000eab07fa8) thrown at [D:\re\workspace\8-2-build-windows-amd64-cygwin\jdk8u92\6642\hotspot\src\share\vm\prims\jÈ^VŠ&3ì?
Event: 0.881 Thread 0x0000000016965800 Implicit null exception at 0x0000000002a93271 to 0x0000000002a94d55

Events (10 events):
Event: 1.289 Thread 0x0000000016961800 Thread exited: 0x0000000016961800
Event: 1.300 Thread 0x0000000016967800 Thread exited: 0x0000000016967800
Event: 1.616 Executing VM operation: ParallelGCFailedAllocation
Event: 1.675 Executing VM operation: ParallelGCFailedAllocation done
Event: 2.110 Thread 0x0000000016965800 DEOPT PACKING pc=0x0000000002ad2fa5 sp=0x00000000170fec30
Event: 2.110 Thread 0x0000000016965800 DEOPT UNPACKING pc=0x000000000281787f sp=0x00000000170fe928 mode 0
Event: 2.110 Thread 0x0000000016965800 DEOPT PACKING pc=0x0000000002ad2f5f sp=0x00000000170fec30
Event: 2.110 Thread 0x0000000016965800 DEOPT UNPACKING pc=0x000000000281787f sp=0x00000000170fe928 mode 0
Event: 2.118 Thread 0x0000000016965800 DEOPT PACKING pc=0x0000000002abd0c4 sp=0x00000000170febe0
Event: 2.118 Thread 0x0000000016965800 DEOPT UNPACKING pc=0x000000000281787f sp=0x00000000170fe908 mode 0


Dynamic libraries:
0x00007ff7b9a90000 - 0x00007ff7b9ac7000 	C:\Program Files\Java\jdk1.8.0_92\bin\java.exe
0x00007ff8c1da0000 - 0x00007ff8c1f4a000 	C:\Windows\SYSTEM32\ntdll.dll
0x00007ff8c1530000 - 0x00007ff8c166a000 	C:\Windows\system32\KERNEL32.DLL
0x00007ff8bf4c0000 - 0x00007ff8bf5cf000 	C:\Windows\system32\KERNELBASE.dll
0x00007ff8bdd40000 - 0x00007ff8bddc8000 	C:\Windows\system32\apphelp.dll
0x00007ff8a1c90000 - 0x00007ff8a1cdf000 	C:\Windows\AppPatch\AppPatch64\AcGenral.DLL
0x00007ff8c1ce0000 - 0x00007ff8c1d87000 	C:\Windows\system32\msvcrt.dll
0x00007ff8bef50000 - 0x00007ff8bef7b000 	C:\Windows\SYSTEM32\SspiCli.dll
0x00007ff8bf7c0000 - 0x00007ff8bf811000 	C:\Windows\system32\SHLWAPI.dll
0x00007ff8c1680000 - 0x00007ff8c17f1000 	C:\Windows\system32\USER32.dll
0x00007ff8c1800000 - 0x00007ff8c1978000 	C:\Windows\system32\ole32.dll
0x00007ff8bfdc0000 - 0x00007ff8c11d7000 	C:\Windows\system32\SHELL32.dll
0x00007ff8be780000 - 0x00007ff8be79e000 	C:\Windows\SYSTEM32\USERENV.dll
0x00007ff8c1380000 - 0x00007ff8c1425000 	C:\Windows\system32\ADVAPI32.dll
0x00007ff8ba5f0000 - 0x00007ff8ba60b000 	C:\Windows\SYSTEM32\MPR.dll
0x00007ff8bf620000 - 0x00007ff8bf756000 	C:\Windows\system32\RPCRT4.dll
0x00007ff8bfa70000 - 0x00007ff8bfac7000 	C:\Windows\SYSTEM32\sechost.dll
0x00007ff8c1b00000 - 0x00007ff8c1cd6000 	C:\Windows\SYSTEM32\combase.dll
0x00007ff8bfc70000 - 0x00007ff8bfdb5000 	C:\Windows\system32\GDI32.dll
0x00007ff8bf110000 - 0x00007ff8bf124000 	C:\Windows\SYSTEM32\profapi.dll
0x00007ff8bd770000 - 0x00007ff8bd80f000 	C:\Windows\SYSTEM32\SHCORE.dll
0x00007ff8c1430000 - 0x00007ff8c1464000 	C:\Windows\system32\IMM32.DLL
0x00007ff8c11e0000 - 0x00007ff8c1319000 	C:\Windows\system32\MSCTF.dll
0x00007ff8bcef0000 - 0x00007ff8bd14a000 	C:\Windows\WinSxS\amd64_microsoft.windows.common-controls_6595b64144ccf1df_6.0.9600.17031_none_6242a4b3ecbb55a1\COMCTL32.dll
0x000000005fcc0000 - 0x000000005fd92000 	C:\Program Files\Java\jdk1.8.0_92\jre\bin\msvcr100.dll
0x0000000060440000 - 0x0000000060cd6000 	C:\Program Files\Java\jdk1.8.0_92\jre\bin\server\jvm.dll
0x00007ff8b7f00000 - 0x00007ff8b7f09000 	C:\Windows\SYSTEM32\WSOCK32.dll
0x00007ff8baf20000 - 0x00007ff8baf3f000 	C:\Windows\SYSTEM32\WINMM.dll
0x00007ff8bce20000 - 0x00007ff8bce2a000 	C:\Windows\SYSTEM32\VERSION.dll
0x00007ff8c1670000 - 0x00007ff8c1677000 	C:\Windows\system32\PSAPI.DLL
0x00007ff8c1320000 - 0x00007ff8c1378000 	C:\Windows\system32\WS2_32.dll
0x00007ff8ba790000 - 0x00007ff8ba7ba000 	C:\Windows\SYSTEM32\WINMMBASE.dll
0x00007ff8bf820000 - 0x00007ff8bf829000 	C:\Windows\system32\NSI.dll
0x00007ff8bf1e0000 - 0x00007ff8bf22a000 	C:\Windows\SYSTEM32\cfgmgr32.dll
0x00007ff8bdf90000 - 0x00007ff8bdfb6000 	C:\Windows\SYSTEM32\DEVOBJ.dll
0x0000000060f50000 - 0x0000000060f5f000 	C:\Program Files\Java\jdk1.8.0_92\jre\bin\verify.dll
0x0000000060410000 - 0x0000000060439000 	C:\Program Files\Java\jdk1.8.0_92\jre\bin\java.dll
0x00000000603f0000 - 0x0000000060406000 	C:\Program Files\Java\jdk1.8.0_92\jre\bin\zip.dll

VM Arguments:
jvm_args: -Djava.awt.headless=true -Xmx1024M -Dfile.encoding=windows-1252 -Duser.country=US -Duser.language=en -Duser.variant 
java_command: com.android.dx.command.Main --dex --force-jumbo --num-threads=4 --multi-dex --output C:\Zooket\app\build\intermediates\transforms\dex\debug\folders\1000\5\slice_6 C:\Zooket\app\build\intermediates\transforms\instantRunSlicer\debug\folders\1\5\slice_6
java_class_path (initial): C:\android-sdk-windows\build-tools\24.0.3\lib\dx.jar
Launcher Type: SUN_STANDARD

Environment Variables:
PATH=C:\ProgramData\Oracle\Java\javapath;C:\Windows\system32;C:\Windows;C:\Windows\System32\Wbem;C:\Windows\System32\WindowsPowerShell\v1.0\;C:\Program Files (x86)\NVIDIA Corporation\PhysX\Common;C:\Program Files (x86)\Windows Kits\8.1\Windows Performance Toolkit\;C:\Program Files\Microsoft SQL Server\110\Tools\Binn\;C:\Program Files\Microsoft SQL Server\110\DTS\Binn\;C:\Program Files (x86)\Microsoft SQL Server\110\Tools\Binn\;C:\Program Files (x86)\Microsoft SQL Server\110\Tools\Binn\ManagementStudio\;C:\Program Files (x86)\Microsoft Visual Studio 10.0\Common7\IDE\PrivateAssemblies\;C:\Program Files (x86)\Microsoft SQL Server\110\DTS\Binn\;C:\Program Files (x86)\GtkSharp\2.12\bin;C:\Program Files (x86)\QuickTime\QTSystem\
USERNAME=Smo
OS=Windows_NT
PROCESSOR_IDENTIFIER=Intel64 Family 6 Model 94 Stepping 3, GenuineIntel



---------------  S Y S T E M  ---------------

OS: Windows 8.1 , 64 bit Build 9600 (6.3.9600.17056)

CPU:total 4 (4 cores per cpu, 1 threads per core) family 6 model 94 stepping 3, cmov, cx8, fxsr, mmx, sse, sse2, sse3, ssse3, sse4.1, sse4.2, popcnt, avx, avx2, aes, clmul, erms, 3dnowpref, lzcnt, tsc, tscinvbit, bmi1, bmi2, adx

Memory: 4k page, physical 8266404k(1375524k free), swap 8266404k(4828k free)

vm_info: Java HotSpot(TM) 64-Bit Server VM (25.92-b14) for windows-amd64 JRE (1.8.0_92-b14), built on Mar 31 2016 21:03:04 by "java_re" with MS VC++ 10.0 (VS2010)

time: Tue May 09 21:30:32 2017
elapsed time: 2 seconds (0d 0h 0m 2s)

