#
# There is insufficient memory for the Java Runtime Environment to continue.
# Native memory allocation (malloc) failed to allocate 1158416 bytes for Chunk::new
# Possible reasons:
#   The system is out of physical RAM or swap space
#   In 32 bit mode, the process size limit was hit
# Possible solutions:
#   Reduce memory load on the system
#   Increase physical memory or swap space
#   Check if swap backing store is full
#   Use 64 bit Java on a 64 bit OS
#   Decrease Java heap size (-Xmx/-Xms)
#   Decrease number of Java threads
#   Decrease Java thread stack sizes (-Xss)
#   Set larger code cache with -XX:ReservedCodeCacheSize=
# This output file may be truncated or incomplete.
#
#  Out of Memory Error (allocation.cpp:390), pid=6200, tid=0x0000000000000890
#
# JRE version: Java(TM) SE Runtime Environment (8.0_92-b14) (build 1.8.0_92-b14)
# Java VM: Java HotSpot(TM) 64-Bit Server VM (25.92-b14 mixed mode windows-amd64 compressed oops)
# Failed to write core dump. Minidumps are not enabled by default on client versions of Windows
#

---------------  T H R E A D  ---------------

Current thread (0x0000000015106800):  JavaThread "C2 CompilerThread1" daemon [_thread_in_native, id=2192, stack(0x00000000167e0000,0x00000000168e0000)]

Stack: [0x00000000167e0000,0x00000000168e0000]
[error occurred during error reporting (printing stack bounds), id 0xc0000005]

Native frames: (J=compiled Java code, j=interpreted, Vv=VM code, C=native code)


Current CompileTask:
C2:   2951 1848   !   4       com.android.dx.cf.code.BytecodeArray::parseInstruction (2764 bytes)


---------------  P R O C E S S  ---------------

Java Threads: ( => current thread )
  0x0000000016b6a000 JavaThread "pool-1-thread-4" [_thread_blocked, id=1044, stack(0x00000000173e0000,0x00000000174e0000)]
  0x0000000016c7a800 JavaThread "pool-1-thread-3" [_thread_in_vm, id=7640, stack(0x00000000172e0000,0x00000000173e0000)]
  0x0000000016c7a000 JavaThread "pool-1-thread-2" [_thread_blocked, id=6544, stack(0x00000000171e0000,0x00000000172e0000)]
  0x0000000016c77000 JavaThread "pool-2-thread-1" [_thread_blocked, id=7632, stack(0x00000000170e0000,0x00000000171e0000)]
  0x0000000016c76800 JavaThread "pool-1-thread-1" [_thread_in_Java, id=5400, stack(0x0000000016fe0000,0x00000000170e0000)]
  0x00000000168e6800 JavaThread "Service Thread" daemon [_thread_blocked, id=8004, stack(0x0000000016de0000,0x0000000016ee0000)]
  0x00000000168e0800 JavaThread "C1 CompilerThread2" daemon [_thread_blocked, id=5360, stack(0x0000000016ce0000,0x0000000016de0000)]
=>0x0000000015106800 JavaThread "C2 CompilerThread1" daemon [_thread_in_native, id=2192, stack(0x00000000167e0000,0x00000000168e0000)]
  0x00000000150ad000 JavaThread "C2 CompilerThread0" daemon [_thread_in_native, id=6120, stack(0x00000000166e0000,0x00000000167e0000)]
  0x00000000150ab000 JavaThread "Attach Listener" daemon [_thread_blocked, id=6316, stack(0x00000000165e0000,0x00000000166e0000)]
  0x00000000150aa000 JavaThread "Signal Dispatcher" daemon [_thread_blocked, id=6172, stack(0x00000000164e0000,0x00000000165e0000)]
  0x000000000294a800 JavaThread "Finalizer" daemon [_thread_blocked, id=5272, stack(0x0000000016300000,0x0000000016400000)]
  0x000000000293f800 JavaThread "Reference Handler" daemon [_thread_blocked, id=896, stack(0x0000000016200000,0x0000000016300000)]
  0x0000000002852800 JavaThread "main" [_thread_blocked, id=256, stack(0x0000000000fd0000,0x00000000010d0000)]

Other Threads:
  0x0000000015078800 VMThread [stack: 0x0000000016100000,0x0000000016200000] [id=4960]
  0x00000000168ea800 WatcherThread [stack: 0x0000000016ee0000,0x0000000016fe0000] [id=8080]

VM state:not at safepoint (normal execution)

VM Mutex/Monitor currently owned by a thread: None

Heap:
 PSYoungGen      total 71680K, used 48878K [0x00000000eab00000, 0x00000000ef600000, 0x0000000100000000)
  eden space 66560K, 65% used [0x00000000eab00000,0x00000000ed5c0568,0x00000000eec00000)
  from space 5120K, 99% used [0x00000000ef100000,0x00000000ef5fb330,0x00000000ef600000)
  to   space 5120K, 0% used [0x00000000eec00000,0x00000000eec00000,0x00000000ef100000)
 ParOldGen       total 87552K, used 24912K [0x00000000c0000000, 0x00000000c5580000, 0x00000000eab00000)
  object space 87552K, 28% used [0x00000000c0000000,0x00000000c18540c8,0x00000000c5580000)
 Metaspace       used 6503K, capacity 7256K, committed 7424K, reserved 1056768K
  class space    used 625K, capacity 656K, committed 768K, reserved 1048576K

Card table byte_map: [0x0000000011da0000,0x0000000011fb0000] byte_map_base: 0x00000000117a0000

Marking Bits: (ParMarkBitMap*) 0x0000000066bd64f0
 Begin Bits: [0x0000000012510000, 0x0000000013510000)
 End Bits:   [0x0000000013510000, 0x0000000014510000)

Polling page: 0x0000000000e40000

CodeCache: size=245760Kb used=7748Kb max_used=7762Kb free=238011Kb
 bounds [0x00000000029e0000, 0x0000000003180000, 0x00000000119e0000]
 total_blobs=2131 nmethods=1861 adapters=182
 compilation: enabled

Compilation events (10 events):
Event: 2.804 Thread 0x00000000168e0800 1943       1       com.android.dx.rop.cst.CstType::getType (4 bytes)
Event: 2.804 Thread 0x00000000168e0800 nmethod 1943 0x00000000030f1450 code [0x00000000030f15a0, 0x00000000030f16b0]
Event: 2.827 Thread 0x00000000150ad000 nmethod 1822 0x0000000003167c90 code [0x00000000031680a0, 0x000000000316b4f8]
Event: 2.829 Thread 0x00000000150ad000 1942       4       com.android.dx.ssa.SsaMethod::updateOneDefinition (70 bytes)
Event: 2.830 Thread 0x00000000150ad000 nmethod 1942 0x0000000003164b90 code [0x0000000003164ce0, 0x0000000003164df8]
Event: 2.830 Thread 0x00000000150ad000 1821       4       com.android.dx.cf.code.RopperMachine::jopToRopOpcode (1103 bytes)
Event: 2.840 Thread 0x00000000150ad000 nmethod 1821 0x00000000031632d0 code [0x0000000003163c40, 0x00000000031643d8]
Event: 2.840 Thread 0x00000000150ad000 1812       4       com.android.dx.rop.code.BasicBlockList::forEachInsn (39 bytes)
Event: 2.842 Thread 0x00000000150ad000 nmethod 1812 0x0000000003165a90 code [0x0000000003165be0, 0x0000000003165e98]
Event: 2.842 Thread 0x00000000150ad000 1875       4       com.android.dx.ssa.DeadCodeRemover::isCircularNoSideEffect (140 bytes)

GC Heap History (8 events):
Event: 0.966 GC heap before
{Heap before GC invocations=1 (full 0):
 PSYoungGen      total 38400K, used 33280K [0x00000000eab00000, 0x00000000ed580000, 0x0000000100000000)
  eden space 33280K, 100% used [0x00000000eab00000,0x00000000ecb80000,0x00000000ecb80000)
  from space 5120K, 0% used [0x00000000ed080000,0x00000000ed080000,0x00000000ed580000)
  to   space 5120K, 0% used [0x00000000ecb80000,0x00000000ecb80000,0x00000000ed080000)
 ParOldGen       total 87552K, used 0K [0x00000000c0000000, 0x00000000c5580000, 0x00000000eab00000)
  object space 87552K, 0% used [0x00000000c0000000,0x00000000c0000000,0x00000000c5580000)
 Metaspace       used 5943K, capacity 6834K, committed 7040K, reserved 1056768K
  class space    used 604K, capacity 618K, committed 640K, reserved 1048576K
Event: 0.976 GC heap after
Heap after GC invocations=1 (full 0):
 PSYoungGen      total 38400K, used 5104K [0x00000000eab00000, 0x00000000ef600000, 0x0000000100000000)
  eden space 33280K, 0% used [0x00000000eab00000,0x00000000eab00000,0x00000000ecb80000)
  from space 5120K, 99% used [0x00000000ecb80000,0x00000000ed07c078,0x00000000ed080000)
  to   space 5120K, 0% used [0x00000000ef100000,0x00000000ef100000,0x00000000ef600000)
 ParOldGen       total 87552K, used 1069K [0x00000000c0000000, 0x00000000c5580000, 0x00000000eab00000)
  object space 87552K, 1% used [0x00000000c0000000,0x00000000c010b508,0x00000000c5580000)
 Metaspace       used 5943K, capacity 6834K, committed 7040K, reserved 1056768K
  class space    used 604K, capacity 618K, committed 640K, reserved 1048576K
}
Event: 1.276 GC heap before
{Heap before GC invocations=2 (full 0):
 PSYoungGen      total 38400K, used 38384K [0x00000000eab00000, 0x00000000ef600000, 0x0000000100000000)
  eden space 33280K, 100% used [0x00000000eab00000,0x00000000ecb80000,0x00000000ecb80000)
  from space 5120K, 99% used [0x00000000ecb80000,0x00000000ed07c078,0x00000000ed080000)
  to   space 5120K, 0% used [0x00000000ef100000,0x00000000ef100000,0x00000000ef600000)
 ParOldGen       total 87552K, used 1069K [0x00000000c0000000, 0x00000000c5580000, 0x00000000eab00000)
  object space 87552K, 1% used [0x00000000c0000000,0x00000000c010b508,0x00000000c5580000)
 Metaspace       used 6203K, capacity 7090K, committed 7296K, reserved 1056768K
  class space    used 604K, capacity 618K, committed 640K, reserved 1048576K
Event: 1.353 GC heap after
Heap after GC invocations=2 (full 0):
 PSYoungGen      total 71680K, used 5103K [0x00000000eab00000, 0x00000000ef600000, 0x0000000100000000)
  eden space 66560K, 0% used [0x00000000eab00000,0x00000000eab00000,0x00000000eec00000)
  from space 5120K, 99% used [0x00000000ef100000,0x00000000ef5fbe58,0x00000000ef600000)
  to   space 5120K, 0% used [0x00000000eec00000,0x00000000eec00000,0x00000000ef100000)
 ParOldGen       total 87552K, used 5569K [0x00000000c0000000, 0x00000000c5580000, 0x00000000eab00000)
  object space 87552K, 6% used [0x00000000c0000000,0x00000000c05706f8,0x00000000c5580000)
 Metaspace       used 6203K, capacity 7090K, committed 7296K, reserved 1056768K
  class space    used 604K, capacity 618K, committed 640K, reserved 1048576K
}
Event: 1.885 GC heap before
{Heap before GC invocations=3 (full 0):
 PSYoungGen      total 71680K, used 71663K [0x00000000eab00000, 0x00000000ef600000, 0x0000000100000000)
  eden space 66560K, 100% used [0x00000000eab00000,0x00000000eec00000,0x00000000eec00000)
  from space 5120K, 99% used [0x00000000ef100000,0x00000000ef5fbe58,0x00000000ef600000)
  to   space 5120K, 0% used [0x00000000eec00000,0x00000000eec00000,0x00000000ef100000)
 ParOldGen       total 87552K, used 5569K [0x00000000c0000000, 0x00000000c5580000, 0x00000000eab00000)
  object space 87552K, 6% used [0x00000000c0000000,0x00000000c05706f8,0x00000000c5580000)
 Metaspace       used 6293K, capacity 7154K, committed 7296K, reserved 1056768K
  class space    used 605K, capacity 618K, committed 640K, reserved 1048576K
Event: 2.003 GC heap after
Heap after GC invocations=3 (full 0):
 PSYoungGen      total 71680K, used 5089K [0x00000000eab00000, 0x00000000ef600000, 0x0000000100000000)
  eden space 66560K, 0% used [0x00000000eab00000,0x00000000eab00000,0x00000000eec00000)
  from space 5120K, 99% used [0x00000000eec00000,0x00000000ef0f84b8,0x00000000ef100000)
  to   space 5120K, 0% used [0x00000000ef100000,0x00000000ef100000,0x00000000ef600000)
 ParOldGen       total 87552K, used 15432K [0x00000000c0000000, 0x00000000c5580000, 0x00000000eab00000)
  object space 87552K, 17% used [0x00000000c0000000,0x00000000c0f12228,0x00000000c5580000)
 Metaspace       used 6293K, capacity 7154K, committed 7296K, reserved 1056768K
  class space    used 605K, capacity 618K, committed 640K, reserved 1048576K
}
Event: 2.471 GC heap before
{Heap before GC invocations=4 (full 0):
 PSYoungGen      total 71680K, used 71649K [0x00000000eab00000, 0x00000000ef600000, 0x0000000100000000)
  eden space 66560K, 100% used [0x00000000eab00000,0x00000000eec00000,0x00000000eec00000)
  from space 5120K, 99% used [0x00000000eec00000,0x00000000ef0f84b8,0x00000000ef100000)
  to   space 5120K, 0% used [0x00000000ef100000,0x00000000ef100000,0x00000000ef600000)
 ParOldGen       total 87552K, used 15432K [0x00000000c0000000, 0x00000000c5580000, 0x00000000eab00000)
  object space 87552K, 17% used [0x00000000c0000000,0x00000000c0f12228,0x00000000c5580000)
 Metaspace       used 6407K, capacity 7192K, committed 7424K, reserved 1056768K
  class space    used 625K, capacity 656K, committed 768K, reserved 1048576K
Event: 2.654 GC heap after
Heap after GC invocations=4 (full 0):
 PSYoungGen      total 71680K, used 5100K [0x00000000eab00000, 0x00000000ef600000, 0x0000000100000000)
  eden space 66560K, 0% used [0x00000000eab00000,0x00000000eab00000,0x00000000eec00000)
  from space 5120K, 99% used [0x00000000ef100000,0x00000000ef5fb330,0x00000000ef600000)
  to   space 5120K, 0% used [0x00000000eec00000,0x00000000eec00000,0x00000000ef100000)
 ParOldGen       total 87552K, used 24912K [0x00000000c0000000, 0x00000000c5580000, 0x00000000eab00000)
  object space 87552K, 28% used [0x00000000c0000000,0x00000000c18540c8,0x00000000c5580000)
 Metaspace       used 6407K, capacity 7192K, committed 7424K, reserved 1056768K
  class space    used 625K, capacity 656K, committed 768K, reserved 1048576K
}

Deoptimization events (10 events):
Event: 2.089 Thread 0x0000000016c7a000 Uncommon trap: reason=unstable_if action=reinterpret pc=0x0000000002ceb598 method=java.util.HashMap.putVal(ILjava/lang/Object;Ljava/lang/Object;ZZ)Ljava/lang/Object; @ 162
Event: 2.099 Thread 0x0000000016c7a000 Uncommon trap: reason=unstable_if action=reinterpret pc=0x0000000002c1b458 method=java.util.HashMap.getNode(ILjava/lang/Object;)Ljava/util/HashMap$Node; @ 84
Event: 2.110 Thread 0x0000000002852800 Uncommon trap: reason=unstable_if action=reinterpret pc=0x0000000002f311ec method=java.util.HashMap.putVal(ILjava/lang/Object;Ljava/lang/Object;ZZ)Ljava/lang/Object; @ 162
Event: 2.378 Thread 0x0000000002852800 Uncommon trap: reason=bimorphic action=maybe_recompile pc=0x00000000030d1440 method=com.android.dx.cf.code.BytecodeArray.parseInstruction(ILcom/android/dx/cf/code/BytecodeArray$Visitor;)I @ 1130
Event: 2.378 Thread 0x0000000002852800 Uncommon trap: reason=bimorphic action=maybe_recompile pc=0x00000000030d0fac method=com.android.dx.cf.code.BytecodeArray.parseInstruction(ILcom/android/dx/cf/code/BytecodeArray$Visitor;)I @ 955
Event: 2.378 Thread 0x0000000002852800 Uncommon trap: reason=bimorphic action=maybe_recompile pc=0x00000000030d102c method=com.android.dx.cf.code.BytecodeArray.parseInstruction(ILcom/android/dx/cf/code/BytecodeArray$Visitor;)I @ 971
Event: 2.378 Thread 0x0000000002852800 Uncommon trap: reason=bimorphic action=maybe_recompile pc=0x00000000030d10ac method=com.android.dx.cf.code.BytecodeArray.parseInstruction(ILcom/android/dx/cf/code/BytecodeArray$Visitor;)I @ 987
Event: 2.379 Thread 0x0000000002852800 Uncommon trap: reason=bimorphic action=maybe_recompile pc=0x00000000030d1440 method=com.android.dx.cf.code.BytecodeArray.parseInstruction(ILcom/android/dx/cf/code/BytecodeArray$Visitor;)I @ 1130
Event: 2.682 Thread 0x0000000016b6a000 Uncommon trap: reason=bimorphic action=maybe_recompile pc=0x00000000030bd7ac method=com.android.dx.rop.code.RegisterSpec.withSimpleType()Lcom/android/dx/rop/code/RegisterSpec; @ 21
Event: 2.695 Thread 0x0000000002852800 Uncommon trap: reason=unstable_if action=reinterpret pc=0x00000000031005ac method=com.android.dx.rop.code.DexTranslationAdvice.hasConstantOperation(Lcom/android/dx/rop/code/Rop;Lcom/android/dx/rop/code/RegisterSpec;Lcom/android/dx/rop/code/RegisterSpec;)Z ~h…¶

Internal exceptions (6 events):
Event: 0.128 Thread 0x0000000002852800 Exception <a 'java/lang/NoSuchMethodError': Method sun.misc.Unsafe.defineClass(Ljava/lang/String;[BII)Ljava/lang/Class; name or signature does not match> (0x00000000eab07cc0) thrown at [D:\re\workspace\8-2-build-windows-amd64-cygwin\jdk8u92\6642\hotspot\srîWô“˜jÀ?
Event: 0.128 Thread 0x0000000002852800 Exception <a 'java/lang/NoSuchMethodError': Method sun.misc.Unsafe.prefetchRead(Ljava/lang/Object;J)V name or signature does not match> (0x00000000eab07fa8) thrown at [D:\re\workspace\8-2-build-windows-amd64-cygwin\jdk8u92\6642\hotspot\src\share\vm\prims\jëµ×†pië?
Event: 0.857 Thread 0x0000000016c76800 Implicit null exception at 0x0000000002cef37f to 0x0000000002cf14d9
Event: 2.090 Thread 0x0000000016c7a000 Exception <a 'java/lang/ArrayIndexOutOfBoundsException': 18> (0x00000000ece258f8) thrown at [D:\re\workspace\8-2-build-windows-amd64-cygwin\jdk8u92\6642\hotspot\src\share\vm\interpreter\interpreterRuntime.cpp, line 366]
Event: 2.091 Thread 0x0000000016c7a000 Exception <a 'java/lang/ArrayIndexOutOfBoundsException'> (0x00000000ece27478) thrown at [D:\re\workspace\8-2-build-windows-amd64-cygwin\jdk8u92\6642\hotspot\src\share\vm\runtime\sharedRuntime.cpp, line 605]
Event: 2.092 Thread 0x0000000016c7a000 Exception <a 'java/lang/ArrayIndexOutOfBoundsException'> (0x00000000ece28760) thrown at [D:\re\workspace\8-2-build-windows-amd64-cygwin\jdk8u92\6642\hotspot\src\share\vm\runtime\sharedRuntime.cpp, line 605]

Events (10 events):
Event: 2.682 Thread 0x0000000016b6a000 DEOPT UNPACKING pc=0x0000000002a2582a sp=0x00000000174de728 mode 2
Event: 2.695 Thread 0x0000000002852800 Uncommon trap: trap_request=0xffffff65 fr.pc=0x00000000031005ac
Event: 2.695 Thread 0x0000000002852800 DEOPT PACKING pc=0x00000000031005ac sp=0x00000000010cdeb0
Event: 2.695 Thread 0x0000000002852800 DEOPT UNPACKING pc=0x0000000002a2582a sp=0x00000000010cde00 mode 2
Event: 2.710 Thread 0x0000000002852800 DEOPT PACKING pc=0x0000000002ffd5d2 sp=0x00000000010ceb30
Event: 2.710 Thread 0x0000000002852800 DEOPT UNPACKING pc=0x0000000002a2787f sp=0x00000000010ce940 mode 0
Event: 2.724 Thread 0x0000000002852800 DEOPT PACKING pc=0x000000000301e8e1 sp=0x00000000010cea30
Event: 2.724 Thread 0x0000000002852800 DEOPT UNPACKING pc=0x0000000002a2787f sp=0x00000000010ce7f0 mode 0
Event: 2.737 Thread 0x0000000016c76800 DEOPT PACKING pc=0x00000000030076a9 sp=0x00000000170dec10
Event: 2.737 Thread 0x0000000016c76800 DEOPT UNPACKING pc=0x0000000002a2787f sp=0x00000000170dea18 mode 0


Dynamic libraries:
0x00007ff6735d0000 - 0x00007ff673607000 	C:\Program Files\Java\jdk1.8.0_92\bin\java.exe
0x00007ff93cdb0000 - 0x00007ff93cf5a000 	C:\Windows\SYSTEM32\ntdll.dll
0x00007ff93a690000 - 0x00007ff93a7ca000 	C:\Windows\system32\KERNEL32.DLL
0x00007ff93a340000 - 0x00007ff93a44f000 	C:\Windows\system32\KERNELBASE.dll
0x00007ff938d50000 - 0x00007ff938dd8000 	C:\Windows\system32\apphelp.dll
0x00007ff9245a0000 - 0x00007ff9245ef000 	C:\Windows\AppPatch\AppPatch64\AcGenral.DLL
0x00007ff93cd00000 - 0x00007ff93cda7000 	C:\Windows\system32\msvcrt.dll
0x00007ff939f60000 - 0x00007ff939f8b000 	C:\Windows\SYSTEM32\SspiCli.dll
0x00007ff93b640000 - 0x00007ff93b691000 	C:\Windows\system32\SHLWAPI.dll
0x00007ff93aaa0000 - 0x00007ff93ac11000 	C:\Windows\system32\USER32.dll
0x00007ff93b280000 - 0x00007ff93b3f8000 	C:\Windows\system32\ole32.dll
0x00007ff93b8e0000 - 0x00007ff93ccf7000 	C:\Windows\system32\SHELL32.dll
0x00007ff939790000 - 0x00007ff9397ae000 	C:\Windows\SYSTEM32\USERENV.dll
0x00007ff93a7d0000 - 0x00007ff93a875000 	C:\Windows\system32\ADVAPI32.dll
0x00007ff935560000 - 0x00007ff93557b000 	C:\Windows\SYSTEM32\MPR.dll
0x00007ff93b140000 - 0x00007ff93b276000 	C:\Windows\system32\RPCRT4.dll
0x00007ff93b880000 - 0x00007ff93b8d7000 	C:\Windows\SYSTEM32\sechost.dll
0x00007ff93b6a0000 - 0x00007ff93b876000 	C:\Windows\SYSTEM32\combase.dll
0x00007ff93af90000 - 0x00007ff93b0d5000 	C:\Windows\system32\GDI32.dll
0x00007ff93a120000 - 0x00007ff93a134000 	C:\Windows\SYSTEM32\profapi.dll
0x00007ff938780000 - 0x00007ff93881f000 	C:\Windows\SYSTEM32\SHCORE.dll
0x00007ff93ace0000 - 0x00007ff93ad14000 	C:\Windows\system32\IMM32.DLL
0x00007ff93a940000 - 0x00007ff93aa79000 	C:\Windows\system32\MSCTF.dll
0x00007ff937e70000 - 0x00007ff9380ca000 	C:\Windows\WinSxS\amd64_microsoft.windows.common-controls_6595b64144ccf1df_6.0.9600.17031_none_6242a4b3ecbb55a1\COMCTL32.dll
0x0000000066c60000 - 0x0000000066d32000 	C:\Program Files\Java\jdk1.8.0_92\jre\bin\msvcr100.dll
0x00000000663c0000 - 0x0000000066c56000 	C:\Program Files\Java\jdk1.8.0_92\jre\bin\server\jvm.dll
0x00007ff9329b0000 - 0x00007ff9329b9000 	C:\Windows\SYSTEM32\WSOCK32.dll
0x00007ff932ab0000 - 0x00007ff932acf000 	C:\Windows\SYSTEM32\WINMM.dll
0x00007ff937e30000 - 0x00007ff937e3a000 	C:\Windows\SYSTEM32\VERSION.dll
0x00007ff93aa90000 - 0x00007ff93aa97000 	C:\Windows\system32\PSAPI.DLL
0x00007ff93b0e0000 - 0x00007ff93b138000 	C:\Windows\system32\WS2_32.dll
0x00007ff92ff60000 - 0x00007ff92ff8a000 	C:\Windows\SYSTEM32\WINMMBASE.dll
0x00007ff93aa80000 - 0x00007ff93aa89000 	C:\Windows\system32\NSI.dll
0x00007ff93a1f0000 - 0x00007ff93a23a000 	C:\Windows\SYSTEM32\cfgmgr32.dll
0x00007ff938fa0000 - 0x00007ff938fc6000 	C:\Windows\SYSTEM32\DEVOBJ.dll
0x00000000663b0000 - 0x00000000663bf000 	C:\Program Files\Java\jdk1.8.0_92\jre\bin\verify.dll
0x0000000066380000 - 0x00000000663a9000 	C:\Program Files\Java\jdk1.8.0_92\jre\bin\java.dll
0x0000000066360000 - 0x0000000066376000 	C:\Program Files\Java\jdk1.8.0_92\jre\bin\zip.dll

VM Arguments:
jvm_args: -Djava.awt.headless=true -Xmx1024M -Dfile.encoding=windows-1252 -Duser.country=US -Duser.language=en -Duser.variant 
java_command: com.android.dx.command.Main --dex --force-jumbo --num-threads=4 --output C:\Zooket\app\build\intermediates\pre-dexed\debug\com.android.support-appcompat-v7-23.4.0_fda78873d11546ce0404252f8f37bf8df30f60cc.jar C:\Zooket\app\build\intermediates\exploded-aar\com.android.support\appcompat-v7\23.4.0\jars\classes.jar
java_class_path (initial): C:\android-sdk-windows\build-tools\24.0.3\lib\dx.jar
Launcher Type: SUN_STANDARD

Environment Variables:
PATH=C:\ProgramData\Oracle\Java\javapath;C:\Windows\system32;C:\Windows;C:\Windows\System32\Wbem;C:\Windows\System32\WindowsPowerShell\v1.0\;C:\Program Files (x86)\NVIDIA Corporation\PhysX\Common;C:\Program Files (x86)\Windows Kits\8.1\Windows Performance Toolkit\;C:\Program Files\Microsoft SQL Server\110\Tools\Binn\;C:\Program Files\Microsoft SQL Server\110\DTS\Binn\;C:\Program Files (x86)\Microsoft SQL Server\110\Tools\Binn\;C:\Program Files (x86)\Microsoft SQL Server\110\Tools\Binn\ManagementStudio\;C:\Program Files (x86)\Microsoft Visual Studio 10.0\Common7\IDE\PrivateAssemblies\;C:\Program Files (x86)\Microsoft SQL Server\110\DTS\Binn\;C:\Program Files (x86)\GtkSharp\2.12\bin;C:\Program Files (x86)\QuickTime\QTSystem\
USERNAME=Smo
OS=Windows_NT
PROCESSOR_IDENTIFIER=Intel64 Family 6 Model 94 Stepping 3, GenuineIntel



---------------  S Y S T E M  ---------------

OS: Windows 8.1 , 64 bit Build 9600 (6.3.9600.17056)

CPU:total 4 (4 cores per cpu, 1 threads per core) family 6 model 94 stepping 3, cmov, cx8, fxsr, mmx, sse, sse2, sse3, ssse3, sse4.1, sse4.2, popcnt, avx, avx2, aes, clmul, erms, 3dnowpref, lzcnt, tsc, tscinvbit, bmi1, bmi2, adx

Memory: 4k page, physical 8266404k(985848k free), swap 8266404k(5912k free)

vm_info: Java HotSpot(TM) 64-Bit Server VM (25.92-b14) for windows-amd64 JRE (1.8.0_92-b14), built on Mar 31 2016 21:03:04 by "java_re" with MS VC++ 10.0 (VS2010)

time: Fri Jun 02 11:21:52 2017
elapsed time: 2 seconds (0d 0h 0m 2s)

