#
# There is insufficient memory for the Java Runtime Environment to continue.
# Native memory allocation (malloc) failed to allocate 458736 bytes for Chunk::new
# Possible reasons:
#   The system is out of physical RAM or swap space
#   In 32 bit mode, the process size limit was hit
# Possible solutions:
#   Reduce memory load on the system
#   Increase physical memory or swap space
#   Check if swap backing store is full
#   Use 64 bit Java on a 64 bit OS
#   Decrease Java heap size (-Xmx/-Xms)
#   Decrease number of Java threads
#   Decrease Java thread stack sizes (-Xss)
#   Set larger code cache with -XX:ReservedCodeCacheSize=
# This output file may be truncated or incomplete.
#
#  Out of Memory Error (allocation.cpp:390), pid=5832, tid=0x0000000000000edc
#
# JRE version: Java(TM) SE Runtime Environment (8.0_92-b14) (build 1.8.0_92-b14)
# Java VM: Java HotSpot(TM) 64-Bit Server VM (25.92-b14 mixed mode windows-amd64 compressed oops)
# Failed to write core dump. Minidumps are not enabled by default on client versions of Windows
#

---------------  T H R E A D  ---------------

Current thread (0x0000000014c79000):  JavaThread "C2 CompilerThread0" daemon [_thread_in_native, id=3804, stack(0x00000000161c0000,0x00000000162c0000)]

Stack: [0x00000000161c0000,0x00000000162c0000]
[error occurred during error reporting (printing stack bounds), id 0xc0000005]

Native frames: (J=compiled Java code, j=interpreted, Vv=VM code, C=native code)


Current CompileTask:
C2:   8186 2146       4       com.android.dx.ssa.SCCP::simulateStmt (481 bytes)


---------------  P R O C E S S  ---------------

Java Threads: ( => current thread )
  0x0000000016730000 JavaThread "pool-1-thread-4" [_thread_in_Java, id=6740, stack(0x00000000176c0000,0x00000000177c0000)]
  0x000000001672f000 JavaThread "pool-1-thread-3" [_thread_in_Java, id=4404, stack(0x00000000175c0000,0x00000000176c0000)]
  0x000000001663f800 JavaThread "pool-1-thread-2" [_thread_in_Java, id=7272, stack(0x00000000174c0000,0x00000000175c0000)]
  0x000000001661e800 JavaThread "pool-2-thread-1" [_thread_blocked, id=5864, stack(0x00000000173c0000,0x00000000174c0000)]
  0x000000001661e000 JavaThread "pool-1-thread-1" [_thread_in_Java, id=7564, stack(0x00000000172c0000,0x00000000173c0000)]
  0x00000000163c6800 JavaThread "Service Thread" daemon [_thread_blocked, id=8168, stack(0x00000000168c0000,0x00000000169c0000)]
  0x00000000163c0800 JavaThread "C1 CompilerThread2" daemon [_thread_blocked, id=7584, stack(0x00000000167c0000,0x00000000168c0000)]
  0x0000000014cc6800 JavaThread "C2 CompilerThread1" daemon [_thread_in_native, id=6704, stack(0x00000000162c0000,0x00000000163c0000)]
=>0x0000000014c79000 JavaThread "C2 CompilerThread0" daemon [_thread_in_native, id=3804, stack(0x00000000161c0000,0x00000000162c0000)]
  0x0000000014c77000 JavaThread "Attach Listener" daemon [_thread_blocked, id=4464, stack(0x00000000160c0000,0x00000000161c0000)]
  0x0000000014c76000 JavaThread "Signal Dispatcher" daemon [_thread_blocked, id=244, stack(0x0000000015fc0000,0x00000000160c0000)]
  0x000000000259a800 JavaThread "Finalizer" daemon [_thread_blocked, id=4204, stack(0x0000000015ec0000,0x0000000015fc0000)]
  0x000000000258f800 JavaThread "Reference Handler" daemon [_thread_blocked, id=4952, stack(0x0000000015dc0000,0x0000000015ec0000)]
  0x00000000024a2800 JavaThread "main" [_thread_in_Java, id=7296, stack(0x00000000022d0000,0x00000000023d0000)]

Other Threads:
  0x0000000014c38800 VMThread [stack: 0x0000000015cc0000,0x0000000015dc0000] [id=7620]
  0x00000000163e2000 WatcherThread [stack: 0x00000000169c0000,0x0000000016ac0000] [id=6960]

VM state:not at safepoint (normal execution)

VM Mutex/Monitor currently owned by a thread: None

Heap:
 PSYoungGen      total 232960K, used 189383K [0x00000000eab00000, 0x0000000100000000, 0x0000000100000000)
  eden space 116736K, 62% used [0x00000000eab00000,0x00000000ef279580,0x00000000f1d00000)
  from space 116224K, 99% used [0x00000000f1d00000,0x00000000f8e787c0,0x00000000f8e80000)
  to   space 116224K, 0% used [0x00000000f8e80000,0x00000000f8e80000,0x0000000100000000)
 ParOldGen       total 259584K, used 183019K [0x00000000c0000000, 0x00000000cfd80000, 0x00000000eab00000)
  object space 259584K, 70% used [0x00000000c0000000,0x00000000cb2bacc8,0x00000000cfd80000)
 Metaspace       used 6481K, capacity 7192K, committed 7424K, reserved 1056768K
  class space    used 624K, capacity 656K, committed 768K, reserved 1048576K

Card table byte_map: [0x0000000011960000,0x0000000011b70000] byte_map_base: 0x0000000011360000

Marking Bits: (ParMarkBitMap*) 0x00000000686b64f0
 Begin Bits: [0x00000000120d0000, 0x00000000130d0000)
 End Bits:   [0x00000000130d0000, 0x00000000140d0000)

Polling page: 0x0000000000a50000

CodeCache: size=245760Kb used=10233Kb max_used=10248Kb free=235526Kb
 bounds [0x00000000025a0000, 0x0000000002fb0000, 0x00000000115a0000]
 total_blobs=2341 nmethods=2072 adapters=181
 compilation: enabled

Compilation events (10 events):
Event: 7.873 Thread 0x00000000163c0800 2147       3       com.android.dx.rop.type.StdTypeList::getWordCount (33 bytes)
Event: 7.873 Thread 0x00000000163c0800 nmethod 2147 0x0000000002f8f890 code [0x0000000002f8fa20, 0x0000000002f90078]
Event: 8.123 Thread 0x0000000014c79000 nmethod 2130 0x0000000002fa19d0 code [0x0000000002fa1c80, 0x0000000002fa3c68]
Event: 8.123 Thread 0x0000000014c79000 2146       4       com.android.dx.ssa.SCCP::simulateStmt (481 bytes)
Event: 8.138 Thread 0x00000000163c0800 2154       1       java.util.concurrent.ThreadPoolExecutor::workerCountOf (5 bytes)
Event: 8.138 Thread 0x00000000163c0800 nmethod 2154 0x0000000002d20390 code [0x0000000002d204e0, 0x0000000002d205d0]
Event: 8.147 Thread 0x00000000163c0800 2156       2       com.android.dx.cf.direct.StdAttributeFactory::innerClasses (383 bytes)
Event: 8.151 Thread 0x00000000163c0800 nmethod 2156 0x0000000002fa6190 code [0x0000000002fa67c0, 0x0000000002fa91a8]
Event: 8.160 Thread 0x0000000014cc6800 nmethod 2143 0x0000000002f83710 code [0x0000000002f83940, 0x0000000002f84850]
Event: 8.161 Thread 0x0000000014cc6800 2151 %     4       com.android.dx.ssa.SsaConverter::edgeSplitSuccessors @ 12 (98 bytes)

GC Heap History (10 events):
Event: 3.451 GC heap before
{Heap before GC invocations=6 (full 1):
 PSYoungGen      total 138240K, used 5089K [0x00000000eab00000, 0x0000000100000000, 0x0000000100000000)
  eden space 133120K, 0% used [0x00000000eab00000,0x00000000eab00000,0x00000000f2d00000)
  from space 5120K, 99% used [0x00000000f2d00000,0x00000000f31f8778,0x00000000f3200000)
  to   space 88064K, 0% used [0x00000000faa00000,0x00000000faa00000,0x0000000100000000)
 ParOldGen       total 137216K, used 135777K [0x00000000c0000000, 0x00000000c8600000, 0x00000000eab00000)
  object space 137216K, 98% used [0x00000000c0000000,0x00000000c84987c0,0x00000000c8600000)
 Metaspace       used 6408K, capacity 7192K, committed 7424K, reserved 1056768K
  class space    used 622K, capacity 656K, committed 768K, reserved 1048576K
Event: 4.071 GC heap after
Heap after GC invocations=6 (full 1):
 PSYoungGen      total 138240K, used 0K [0x00000000eab00000, 0x0000000100000000, 0x0000000100000000)
  eden space 133120K, 0% used [0x00000000eab00000,0x00000000eab00000,0x00000000f2d00000)
  from space 5120K, 0% used [0x00000000f2d00000,0x00000000f2d00000,0x00000000f3200000)
  to   space 88064K, 0% used [0x00000000faa00000,0x00000000faa00000,0x0000000100000000)
 ParOldGen       total 259584K, used 121624K [0x00000000c0000000, 0x00000000cfd80000, 0x00000000eab00000)
  object space 259584K, 46% used [0x00000000c0000000,0x00000000c76c6290,0x00000000cfd80000)
 Metaspace       used 6408K, capacity 7192K, committed 7424K, reserved 1056768K
  class space    used 622K, capacity 656K, committed 768K, reserved 1048576K
}
Event: 4.125 GC heap before
{Heap before GC invocations=7 (full 1):
 PSYoungGen      total 138240K, used 133120K [0x00000000eab00000, 0x0000000100000000, 0x0000000100000000)
  eden space 133120K, 100% used [0x00000000eab00000,0x00000000f2d00000,0x00000000f2d00000)
  from space 5120K, 0% used [0x00000000f2d00000,0x00000000f2d00000,0x00000000f3200000)
  to   space 88064K, 0% used [0x00000000faa00000,0x00000000faa00000,0x0000000100000000)
 ParOldGen       total 259584K, used 121624K [0x00000000c0000000, 0x00000000cfd80000, 0x00000000eab00000)
  object space 259584K, 46% used [0x00000000c0000000,0x00000000c76c6290,0x00000000cfd80000)
 Metaspace       used 6408K, capacity 7192K, committed 7424K, reserved 1056768K
  class space    used 622K, capacity 656K, committed 768K, reserved 1048576K
Event: 4.266 GC heap after
Heap after GC invocations=7 (full 1):
 PSYoungGen      total 227328K, used 77568K [0x00000000eab00000, 0x0000000100000000, 0x0000000100000000)
  eden space 139264K, 0% used [0x00000000eab00000,0x00000000eab00000,0x00000000f3300000)
  from space 88064K, 88% used [0x00000000faa00000,0x00000000ff5c0000,0x0000000100000000)
  to   space 104960K, 0% used [0x00000000f3300000,0x00000000f3300000,0x00000000f9980000)
 ParOldGen       total 259584K, used 121624K [0x00000000c0000000, 0x00000000cfd80000, 0x00000000eab00000)
  object space 259584K, 46% used [0x00000000c0000000,0x00000000c76c6290,0x00000000cfd80000)
 Metaspace       used 6408K, capacity 7192K, committed 7424K, reserved 1056768K
  class space    used 622K, capacity 656K, committed 768K, reserved 1048576K
}
Event: 4.775 GC heap before
{Heap before GC invocations=8 (full 1):
 PSYoungGen      total 227328K, used 216832K [0x00000000eab00000, 0x0000000100000000, 0x0000000100000000)
  eden space 139264K, 100% used [0x00000000eab00000,0x00000000f3300000,0x00000000f3300000)
  from space 88064K, 88% used [0x00000000faa00000,0x00000000ff5c0000,0x0000000100000000)
  to   space 104960K, 0% used [0x00000000f3300000,0x00000000f3300000,0x00000000f9980000)
 ParOldGen       total 259584K, used 121624K [0x00000000c0000000, 0x00000000cfd80000, 0x00000000eab00000)
  object space 259584K, 46% used [0x00000000c0000000,0x00000000c76c6290,0x00000000cfd80000)
 Metaspace       used 6417K, capacity 7192K, committed 7424K, reserved 1056768K
  class space    used 624K, capacity 656K, committed 768K, reserved 1048576K
Event: 5.193 GC heap after
Heap after GC invocations=8 (full 1):
 PSYoungGen      total 244224K, used 104937K [0x00000000eab00000, 0x0000000100000000, 0x0000000100000000)
  eden space 139264K, 0% used [0x00000000eab00000,0x00000000eab00000,0x00000000f3300000)
  from space 104960K, 99% used [0x00000000f3300000,0x00000000f997a708,0x00000000f9980000)
  to   space 104960K, 0% used [0x00000000f9980000,0x00000000f9980000,0x0000000100000000)
 ParOldGen       total 259584K, used 122428K [0x00000000c0000000, 0x00000000cfd80000, 0x00000000eab00000)
  object space 259584K, 47% used [0x00000000c0000000,0x00000000c778f2a0,0x00000000cfd80000)
 Metaspace       used 6417K, capacity 7192K, committed 7424K, reserved 1056768K
  class space    used 624K, capacity 656K, committed 768K, reserved 1048576K
}
Event: 6.217 GC heap before
{Heap before GC invocations=9 (full 1):
 PSYoungGen      total 244224K, used 244201K [0x00000000eab00000, 0x0000000100000000, 0x0000000100000000)
  eden space 139264K, 100% used [0x00000000eab00000,0x00000000f3300000,0x00000000f3300000)
  from space 104960K, 99% used [0x00000000f3300000,0x00000000f997a708,0x00000000f9980000)
  to   space 104960K, 0% used [0x00000000f9980000,0x00000000f9980000,0x0000000100000000)
 ParOldGen       total 259584K, used 122428K [0x00000000c0000000, 0x00000000cfd80000, 0x00000000eab00000)
  object space 259584K, 47% used [0x00000000c0000000,0x00000000c778f2a0,0x00000000cfd80000)
 Metaspace       used 6418K, capacity 7192K, committed 7424K, reserved 1056768K
  class space    used 624K, capacity 656K, committed 768K, reserved 1048576K
Event: 6.810 GC heap after
Heap after GC invocations=9 (full 1):
 PSYoungGen      total 221696K, used 104958K [0x00000000eab00000, 0x0000000100000000, 0x0000000100000000)
  eden space 116736K, 0% used [0x00000000eab00000,0x00000000eab00000,0x00000000f1d00000)
  from space 104960K, 99% used [0x00000000f9980000,0x00000000fffff968,0x0000000100000000)
  to   space 116224K, 0% used [0x00000000f1d00000,0x00000000f1d00000,0x00000000f8e80000)
 ParOldGen       total 259584K, used 149861K [0x00000000c0000000, 0x00000000cfd80000, 0x00000000eab00000)
  object space 259584K, 57% used [0x00000000c0000000,0x00000000c9259560,0x00000000cfd80000)
 Metaspace       used 6418K, capacity 7192K, committed 7424K, reserved 1056768K
  class space    used 624K, capacity 656K, committed 768K, reserved 1048576K
}
Event: 7.887 GC heap before
{Heap before GC invocations=10 (full 1):
 PSYoungGen      total 221696K, used 221694K [0x00000000eab00000, 0x0000000100000000, 0x0000000100000000)
  eden space 116736K, 100% used [0x00000000eab00000,0x00000000f1d00000,0x00000000f1d00000)
  from space 104960K, 99% used [0x00000000f9980000,0x00000000fffff968,0x0000000100000000)
  to   space 116224K, 0% used [0x00000000f1d00000,0x00000000f1d00000,0x00000000f8e80000)
 ParOldGen       total 259584K, used 149861K [0x00000000c0000000, 0x00000000cfd80000, 0x00000000eab00000)
  object space 259584K, 57% used [0x00000000c0000000,0x00000000c9259560,0x00000000cfd80000)
 Metaspace       used 6478K, capacity 7192K, committed 7424K, reserved 1056768K
  class space    used 624K, capacity 656K, committed 768K, reserved 1048576K
Event: 8.120 GC heap after
Heap after GC invocations=10 (full 1):
 PSYoungGen      total 232960K, used 116193K [0x00000000eab00000, 0x0000000100000000, 0x0000000100000000)
  eden space 116736K, 0% used [0x00000000eab00000,0x00000000eab00000,0x00000000f1d00000)
  from space 116224K, 99% used [0x00000000f1d00000,0x00000000f8e787c0,0x00000000f8e80000)
  to   space 116224K, 0% used [0x00000000f8e80000,0x00000000f8e80000,0x0000000100000000)
 ParOldGen       total 259584K, used 183019K [0x00000000c0000000, 0x00000000cfd80000, 0x00000000eab00000)
  object space 259584K, 70% used [0x00000000c0000000,0x00000000cb2bacc8,0x00000000cfd80000)
 Metaspace       used 6478K, capacity 7192K, committed 7424K, reserved 1056768K
  class space    used 624K, capacity 656K, committed 768K, reserved 1048576K
}

Deoptimization events (10 events):
Event: 6.884 Thread 0x00000000024a2800 Uncommon trap: reason=null_check action=make_not_entrant pc=0x0000000002bf9358 method=com.android.dx.rop.cst.CstKnownNull.equals(Ljava/lang/Object;)Z @ 1
Event: 7.513 Thread 0x00000000024a2800 Uncommon trap: reason=unloaded action=reinterpret pc=0x0000000002e1e34c method=com.android.dx.ssa.SCCP.replaceBranches()V @ 110
Event: 7.514 Thread 0x00000000024a2800 Uncommon trap: reason=unstable_if action=reinterpret pc=0x0000000002d40f70 method=com.android.dx.ssa.DeadCodeRemover.pruneDeadInstructions()V @ 49
Event: 7.517 Thread 0x00000000024a2800 Uncommon trap: reason=speculate_class_check action=maybe_recompile pc=0x0000000002d611f8 method=com.android.dx.rop.cst.TypedConstant.getBasicType()I @ 1
Event: 7.738 Thread 0x00000000024a2800 Uncommon trap: reason=bimorphic action=maybe_recompile pc=0x0000000002d4b7d4 method=com.android.dx.cf.code.BytecodeArray.parseInstruction(ILcom/android/dx/cf/code/BytecodeArray$Visitor;)I @ 1501
Event: 7.738 Thread 0x00000000024a2800 Uncommon trap: reason=bimorphic action=maybe_recompile pc=0x0000000002d4b7d4 method=com.android.dx.cf.code.BytecodeArray.parseInstruction(ILcom/android/dx/cf/code/BytecodeArray$Visitor;)I @ 1501
Event: 7.743 Thread 0x00000000024a2800 Uncommon trap: reason=class_check action=maybe_recompile pc=0x0000000002e0ac50 method=com.android.dx.ssa.SCCP.simulateMath(Lcom/android/dx/ssa/SsaInsn;I)Lcom/android/dx/rop/cst/Constant; @ 67
Event: 7.743 Thread 0x00000000024a2800 Uncommon trap: reason=class_check action=maybe_recompile pc=0x0000000002e0ac50 method=com.android.dx.ssa.SCCP.simulateMath(Lcom/android/dx/ssa/SsaInsn;I)Lcom/android/dx/rop/cst/Constant; @ 67
Event: 7.743 Thread 0x00000000024a2800 Uncommon trap: reason=class_check action=maybe_recompile pc=0x0000000002e0ac50 method=com.android.dx.ssa.SCCP.simulateMath(Lcom/android/dx/ssa/SsaInsn;I)Lcom/android/dx/rop/cst/Constant; @ 67
Event: 7.743 Thread 0x00000000024a2800 Uncommon trap: reason=class_check action=maybe_recompile pc=0x0000000002e0ac50 method=com.android.dx.ssa.SCCP.simulateMath(Lcom/android/dx/ssa/SsaInsn;I)Lcom/android/dx/rop/cst/Constant; @ 67

Internal exceptions (7 events):
Event: 0.031 Thread 0x00000000024a2800 Exception <a 'java/lang/NoSuchMethodError': Method sun.misc.Unsafe.defineClass(Ljava/lang/String;[BII)Ljava/lang/Class; name or signature does not match> (0x00000000eab07cc0) thrown at [D:\re\workspace\8-2-build-windows-amd64-cygwin\jdk8u92\6642\hotspot\srY‘Ïÿ†?
Event: 0.031 Thread 0x00000000024a2800 Exception <a 'java/lang/NoSuchMethodError': Method sun.misc.Unsafe.prefetchRead(Ljava/lang/Object;J)V name or signature does not match> (0x00000000eab07fa8) thrown at [D:\re\workspace\8-2-build-windows-amd64-cygwin\jdk8u92\6642\hotspot\src\share\vm\prims\js÷å°rﬂ„?
Event: 0.621 Thread 0x000000001661e000 Implicit null exception at 0x00000000028462e2 to 0x00000000028463da
Event: 2.670 Thread 0x000000001663f800 Exception <a 'java/lang/ArrayIndexOutOfBoundsException': 18> (0x00000000ec3bcea8) thrown at [D:\re\workspace\8-2-build-windows-amd64-cygwin\jdk8u92\6642\hotspot\src\share\vm\interpreter\interpreterRuntime.cpp, line 366]
Event: 2.671 Thread 0x000000001663f800 Exception <a 'java/lang/ArrayIndexOutOfBoundsException'> (0x00000000ec3bea28) thrown at [D:\re\workspace\8-2-build-windows-amd64-cygwin\jdk8u92\6642\hotspot\src\share\vm\runtime\sharedRuntime.cpp, line 605]
Event: 2.672 Thread 0x000000001663f800 Exception <a 'java/lang/ArrayIndexOutOfBoundsException'> (0x00000000ec3bfd10) thrown at [D:\re\workspace\8-2-build-windows-amd64-cygwin\jdk8u92\6642\hotspot\src\share\vm\runtime\sharedRuntime.cpp, line 605]
Event: 6.884 Thread 0x00000000024a2800 Implicit null exception at 0x0000000002bf932c to 0x0000000002bf934e

Events (10 events):
Event: 7.757 Thread 0x00000000024a2800 DEOPT PACKING pc=0x00000000029e372b sp=0x00000000023ce250
Event: 7.757 Thread 0x00000000024a2800 DEOPT UNPACKING pc=0x00000000025e787f sp=0x00000000023ce020 mode 0
Event: 7.766 Thread 0x00000000024a2800 DEOPT PACKING pc=0x0000000002d351a2 sp=0x00000000023ce260
Event: 7.766 Thread 0x00000000024a2800 DEOPT UNPACKING pc=0x00000000025e787f sp=0x00000000023ce090 mode 0
Event: 7.869 Thread 0x00000000024a2800 DEOPT PACKING pc=0x0000000002a7f15f sp=0x00000000023ce350
Event: 7.869 Thread 0x00000000024a2800 DEOPT UNPACKING pc=0x00000000025e787f sp=0x00000000023ce0a8 mode 0
Event: 7.874 Executing VM operation: ParallelGCFailedAllocation
Event: 8.120 Executing VM operation: ParallelGCFailedAllocation done
Event: 8.149 Thread 0x00000000024a2800 DEOPT PACKING pc=0x0000000002b0f6e4 sp=0x00000000023ce370
Event: 8.149 Thread 0x00000000024a2800 DEOPT UNPACKING pc=0x00000000025e787f sp=0x00000000023ce0f0 mode 0


Dynamic libraries:
0x00007ff725170000 - 0x00007ff7251a7000 	C:\Program Files\Java\jdk1.8.0_92\bin\java.exe
0x00007ffef9f10000 - 0x00007ffefa0ba000 	C:\Windows\SYSTEM32\ntdll.dll
0x00007ffef9b80000 - 0x00007ffef9cba000 	C:\Windows\system32\KERNEL32.DLL
0x00007ffef74a0000 - 0x00007ffef75af000 	C:\Windows\system32\KERNELBASE.dll
0x00007ffef5eb0000 - 0x00007ffef5f38000 	C:\Windows\system32\apphelp.dll
0x00007ffed0010000 - 0x00007ffed005f000 	C:\Windows\AppPatch\AppPatch64\AcGenral.DLL
0x00007ffef9cc0000 - 0x00007ffef9d67000 	C:\Windows\system32\msvcrt.dll
0x00007ffef70c0000 - 0x00007ffef70eb000 	C:\Windows\SYSTEM32\SspiCli.dll
0x00007ffef9320000 - 0x00007ffef9371000 	C:\Windows\system32\SHLWAPI.dll
0x00007ffef9380000 - 0x00007ffef94f1000 	C:\Windows\system32\USER32.dll
0x00007ffef7790000 - 0x00007ffef7908000 	C:\Windows\system32\ole32.dll
0x00007ffef7c70000 - 0x00007ffef9087000 	C:\Windows\system32\SHELL32.dll
0x00007ffef68f0000 - 0x00007ffef690e000 	C:\Windows\SYSTEM32\USERENV.dll
0x00007ffef9090000 - 0x00007ffef9135000 	C:\Windows\system32\ADVAPI32.dll
0x00007ffef22f0000 - 0x00007ffef230b000 	C:\Windows\SYSTEM32\MPR.dll
0x00007ffef79d0000 - 0x00007ffef7b06000 	C:\Windows\system32\RPCRT4.dll
0x00007ffef7c10000 - 0x00007ffef7c67000 	C:\Windows\SYSTEM32\sechost.dll
0x00007ffef9140000 - 0x00007ffef9316000 	C:\Windows\SYSTEM32\combase.dll
0x00007ffef9560000 - 0x00007ffef96a5000 	C:\Windows\system32\GDI32.dll
0x00007ffef7280000 - 0x00007ffef7294000 	C:\Windows\SYSTEM32\profapi.dll
0x00007ffef58e0000 - 0x00007ffef597f000 	C:\Windows\SYSTEM32\SHCORE.dll
0x00007ffef9b40000 - 0x00007ffef9b74000 	C:\Windows\system32\IMM32.DLL
0x00007ffef96b0000 - 0x00007ffef97e9000 	C:\Windows\system32\MSCTF.dll
0x00007ffef4fd0000 - 0x00007ffef522a000 	C:\Windows\WinSxS\amd64_microsoft.windows.common-controls_6595b64144ccf1df_6.0.9600.17031_none_6242a4b3ecbb55a1\COMCTL32.dll
0x0000000067850000 - 0x0000000067922000 	C:\Program Files\Java\jdk1.8.0_92\jre\bin\msvcr100.dll
0x0000000067ea0000 - 0x0000000068736000 	C:\Program Files\Java\jdk1.8.0_92\jre\bin\server\jvm.dll
0x00007ffeeee10000 - 0x00007ffeeee19000 	C:\Windows\SYSTEM32\WSOCK32.dll
0x00007ffeeedc0000 - 0x00007ffeeeddf000 	C:\Windows\SYSTEM32\WINMM.dll
0x00007ffef4f90000 - 0x00007ffef4f9a000 	C:\Windows\SYSTEM32\VERSION.dll
0x00007ffef7b10000 - 0x00007ffef7b17000 	C:\Windows\system32\PSAPI.DLL
0x00007ffef9500000 - 0x00007ffef9558000 	C:\Windows\system32\WS2_32.dll
0x00007ffee99a0000 - 0x00007ffee99ca000 	C:\Windows\SYSTEM32\WINMMBASE.dll
0x00007ffef9b30000 - 0x00007ffef9b39000 	C:\Windows\system32\NSI.dll
0x00007ffef7350000 - 0x00007ffef739a000 	C:\Windows\SYSTEM32\cfgmgr32.dll
0x00007ffef6100000 - 0x00007ffef6126000 	C:\Windows\SYSTEM32\DEVOBJ.dll
0x0000000069210000 - 0x000000006921f000 	C:\Program Files\Java\jdk1.8.0_92\jre\bin\verify.dll
0x00000000691e0000 - 0x0000000069209000 	C:\Program Files\Java\jdk1.8.0_92\jre\bin\java.dll
0x0000000069190000 - 0x00000000691a6000 	C:\Program Files\Java\jdk1.8.0_92\jre\bin\zip.dll

VM Arguments:
jvm_args: -Djava.awt.headless=true -Xmx1024M -Dfile.encoding=windows-1252 -Duser.country=US -Duser.language=en -Duser.variant 
java_command: com.android.dx.command.Main --dex --force-jumbo --num-threads=4 --output C:\Zooket\app\build\intermediates\pre-dexed\debug\com.google.android.gms-play-services-ads-9.0.1_a213d0cf920b8fe9c76e548f5c02fedff6d4ca15.jar C:\Zooket\app\build\intermediates\exploded-aar\com.google.android.gms\play-services-ads\9.0.1\jars\classes.jar
java_class_path (initial): C:\android-sdk-windows\build-tools\24.0.3\lib\dx.jar
Launcher Type: SUN_STANDARD

Environment Variables:
PATH=C:\ProgramData\Oracle\Java\javapath;C:\Windows\system32;C:\Windows;C:\Windows\System32\Wbem;C:\Windows\System32\WindowsPowerShell\v1.0\;C:\Program Files (x86)\NVIDIA Corporation\PhysX\Common;C:\Program Files (x86)\Windows Kits\8.1\Windows Performance Toolkit\;C:\Program Files\Microsoft SQL Server\110\Tools\Binn\;C:\Program Files\Microsoft SQL Server\110\DTS\Binn\;C:\Program Files (x86)\Microsoft SQL Server\110\Tools\Binn\;C:\Program Files (x86)\Microsoft SQL Server\110\Tools\Binn\ManagementStudio\;C:\Program Files (x86)\Microsoft Visual Studio 10.0\Common7\IDE\PrivateAssemblies\;C:\Program Files (x86)\Microsoft SQL Server\110\DTS\Binn\;C:\Program Files (x86)\GtkSharp\2.12\bin;C:\Program Files (x86)\QuickTime\QTSystem\
USERNAME=Smo
OS=Windows_NT
PROCESSOR_IDENTIFIER=Intel64 Family 6 Model 94 Stepping 3, GenuineIntel



---------------  S Y S T E M  ---------------

OS: Windows 8.1 , 64 bit Build 9600 (6.3.9600.17056)

CPU:total 4 (4 cores per cpu, 1 threads per core) family 6 model 94 stepping 3, cmov, cx8, fxsr, mmx, sse, sse2, sse3, ssse3, sse4.1, sse4.2, popcnt, avx, avx2, aes, clmul, erms, 3dnowpref, lzcnt, tsc, tscinvbit, bmi1, bmi2, adx

Memory: 4k page, physical 8266404k(1509988k free), swap 8266404k(5320k free)

vm_info: Java HotSpot(TM) 64-Bit Server VM (25.92-b14) for windows-amd64 JRE (1.8.0_92-b14), built on Mar 31 2016 21:03:04 by "java_re" with MS VC++ 10.0 (VS2010)

time: Thu May 11 09:46:21 2017
elapsed time: 8 seconds (0d 0h 0m 8s)

