#
# There is insufficient memory for the Java Runtime Environment to continue.
# Native memory allocation (malloc) failed to allocate 776016 bytes for Chunk::new
# Possible reasons:
#   The system is out of physical RAM or swap space
#   In 32 bit mode, the process size limit was hit
# Possible solutions:
#   Reduce memory load on the system
#   Increase physical memory or swap space
#   Check if swap backing store is full
#   Use 64 bit Java on a 64 bit OS
#   Decrease Java heap size (-Xmx/-Xms)
#   Decrease number of Java threads
#   Decrease Java thread stack sizes (-Xss)
#   Set larger code cache with -XX:ReservedCodeCacheSize=
# This output file may be truncated or incomplete.
#
#  Out of Memory Error (allocation.cpp:390), pid=9608, tid=0x0000000000000758
#
# JRE version: Java(TM) SE Runtime Environment (8.0_92-b14) (build 1.8.0_92-b14)
# Java VM: Java HotSpot(TM) 64-Bit Server VM (25.92-b14 mixed mode windows-amd64 compressed oops)
# Failed to write core dump. Minidumps are not enabled by default on client versions of Windows
#

---------------  T H R E A D  ---------------

Current thread (0x0000000014daf800):  JavaThread "C2 CompilerThread1" daemon [_thread_in_native, id=1880, stack(0x0000000016490000,0x0000000016590000)]

Stack: [0x0000000016490000,0x0000000016590000]
[error occurred during error reporting (printing stack bounds), id 0xc0000005]

Native frames: (J=compiled Java code, j=interpreted, Vv=VM code, C=native code)


Current CompileTask:
C2:   1599 1627       4       com.android.dx.cf.code.Simulator$SimVisitor::visitConstant (332 bytes)


---------------  P R O C E S S  ---------------

Java Threads: ( => current thread )
  0x000000001680c000 JavaThread "pool-1-thread-4" [_thread_in_Java, id=6660, stack(0x0000000017090000,0x0000000017190000)]
  0x000000001680f800 JavaThread "pool-1-thread-3" [_thread_in_vm, id=6468, stack(0x0000000016f90000,0x0000000017090000)]
  0x00000000167fa800 JavaThread "pool-1-thread-2" [_thread_blocked, id=5484, stack(0x0000000016e90000,0x0000000016f90000)]
  0x00000000167e3800 JavaThread "pool-2-thread-1" [_thread_blocked, id=6864, stack(0x0000000016d90000,0x0000000016e90000)]
  0x00000000167fd000 JavaThread "pool-1-thread-1" [_thread_blocked, id=8220, stack(0x0000000016c90000,0x0000000016d90000)]
  0x0000000016596800 JavaThread "Service Thread" daemon [_thread_blocked, id=3308, stack(0x0000000016a90000,0x0000000016b90000)]
  0x0000000016591000 JavaThread "C1 CompilerThread2" daemon [_thread_in_native, id=8200, stack(0x0000000016990000,0x0000000016a90000)]
=>0x0000000014daf800 JavaThread "C2 CompilerThread1" daemon [_thread_in_native, id=1880, stack(0x0000000016490000,0x0000000016590000)]
  0x0000000014d5e000 JavaThread "C2 CompilerThread0" daemon [_thread_in_native, id=6512, stack(0x0000000016390000,0x0000000016490000)]
  0x0000000014d5c000 JavaThread "Attach Listener" daemon [_thread_blocked, id=6308, stack(0x0000000016290000,0x0000000016390000)]
  0x0000000014d5b000 JavaThread "Signal Dispatcher" daemon [_thread_blocked, id=3392, stack(0x0000000016190000,0x0000000016290000)]
  0x0000000014d4a800 JavaThread "Finalizer" daemon [_thread_blocked, id=8896, stack(0x0000000015fb0000,0x00000000160b0000)]
  0x0000000002680800 JavaThread "Reference Handler" daemon [_thread_blocked, id=684, stack(0x0000000015eb0000,0x0000000015fb0000)]
  0x0000000002592800 JavaThread "main" [_thread_blocked, id=5936, stack(0x00000000023b0000,0x00000000024b0000)]

Other Threads:
  0x0000000014d28800 VMThread [stack: 0x0000000015db0000,0x0000000015eb0000] [id=9996]
  0x00000000165a1800 WatcherThread [stack: 0x0000000016b90000,0x0000000016c90000] [id=10060]

VM state:not at safepoint (normal execution)

VM Mutex/Monitor currently owned by a thread:  ([mutex/lock_event])
[0x000000000254bc80] CodeCache_lock - owner thread: 0x0000000016591000
[0x00000000025902d0] Compile_lock - owner thread: 0x0000000016591000

Heap:
 PSYoungGen      total 71680K, used 52523K [0x00000000eab00000, 0x00000000ef600000, 0x0000000100000000)
  eden space 66560K, 71% used [0x00000000eab00000,0x00000000ed94cfb0,0x00000000eec00000)
  from space 5120K, 99% used [0x00000000ef100000,0x00000000ef5fdc60,0x00000000ef600000)
  to   space 5120K, 0% used [0x00000000eec00000,0x00000000eec00000,0x00000000ef100000)
 ParOldGen       total 87552K, used 4716K [0x00000000c0000000, 0x00000000c5580000, 0x00000000eab00000)
  object space 87552K, 5% used [0x00000000c0000000,0x00000000c049b070,0x00000000c5580000)
 Metaspace       used 6246K, capacity 7090K, committed 7296K, reserved 1056768K
  class space    used 598K, capacity 618K, committed 640K, reserved 1048576K

Card table byte_map: [0x0000000011a50000,0x0000000011c60000] byte_map_base: 0x0000000011450000

Marking Bits: (ParMarkBitMap*) 0x00000000630f64f0
 Begin Bits: [0x00000000121c0000, 0x00000000131c0000)
 End Bits:   [0x00000000131c0000, 0x00000000141c0000)

Polling page: 0x0000000000e00000

CodeCache: size=245760Kb used=6263Kb max_used=6263Kb free=239496Kb
 bounds [0x0000000002690000, 0x0000000002cc0000, 0x0000000011690000]
 total_blobs=1919 nmethods=1651 adapters=181
 compilation: enabled

Compilation events (10 events):
Event: 1.582 Thread 0x0000000016591000 nmethod 1677 0x0000000002c8d7d0 code [0x0000000002c8da40, 0x0000000002c8e518]
Event: 1.587 Thread 0x0000000016591000 1678   !   2       com.android.dx.cf.code.BytecodeArray::parseInstruction (2764 bytes)
Event: 1.593 Thread 0x0000000016591000 nmethod 1678 0x0000000002c996d0 code [0x0000000002c9a600, 0x0000000002ca0be8]
Event: 1.593 Thread 0x0000000016591000 1679       2       com.android.dx.ssa.SCCP::simulateStmt (481 bytes)
Event: 1.594 Thread 0x0000000016591000 nmethod 1679 0x0000000002c8be50 code [0x0000000002c8c0c0, 0x0000000002c8c998]
Event: 1.597 Thread 0x0000000016591000 1680       2       java.util.Collections$UnmodifiableCollection$1::hasNext (10 bytes)
Event: 1.597 Thread 0x0000000016591000 nmethod 1680 0x0000000002c8bad0 code [0x0000000002c8bc40, 0x0000000002c8bdc8]
Event: 1.597 Thread 0x0000000016591000 1681       2       com.android.dx.ssa.LiteralOpUpgrader$1::visitNonMoveInsn (203 bytes)
Event: 1.598 Thread 0x0000000016591000 nmethod 1681 0x0000000002cacc50 code [0x0000000002cacfa0, 0x0000000002cade08]
Event: 1.598 Thread 0x0000000016591000 1684       2       com.android.dx.ssa.SCCP::simulateBranch (666 bytes)

GC Heap History (4 events):
Event: 0.733 GC heap before
{Heap before GC invocations=1 (full 0):
 PSYoungGen      total 38400K, used 33280K [0x00000000eab00000, 0x00000000ed580000, 0x0000000100000000)
  eden space 33280K, 100% used [0x00000000eab00000,0x00000000ecb80000,0x00000000ecb80000)
  from space 5120K, 0% used [0x00000000ed080000,0x00000000ed080000,0x00000000ed580000)
  to   space 5120K, 0% used [0x00000000ecb80000,0x00000000ecb80000,0x00000000ed080000)
 ParOldGen       total 87552K, used 0K [0x00000000c0000000, 0x00000000c5580000, 0x00000000eab00000)
  object space 87552K, 0% used [0x00000000c0000000,0x00000000c0000000,0x00000000c5580000)
 Metaspace       used 5931K, capacity 6832K, committed 7040K, reserved 1056768K
  class space    used 595K, capacity 616K, committed 640K, reserved 1048576K
Event: 0.786 GC heap after
Heap after GC invocations=1 (full 0):
 PSYoungGen      total 38400K, used 5109K [0x00000000eab00000, 0x00000000ef600000, 0x0000000100000000)
  eden space 33280K, 0% used [0x00000000eab00000,0x00000000eab00000,0x00000000ecb80000)
  from space 5120K, 99% used [0x00000000ecb80000,0x00000000ed07d6e8,0x00000000ed080000)
  to   space 5120K, 0% used [0x00000000ef100000,0x00000000ef100000,0x00000000ef600000)
 ParOldGen       total 87552K, used 949K [0x00000000c0000000, 0x00000000c5580000, 0x00000000eab00000)
  object space 87552K, 1% used [0x00000000c0000000,0x00000000c00ed4e0,0x00000000c5580000)
 Metaspace       used 5931K, capacity 6832K, committed 7040K, reserved 1056768K
  class space    used 595K, capacity 616K, committed 640K, reserved 1048576K
}
Event: 0.919 GC heap before
{Heap before GC invocations=2 (full 0):
 PSYoungGen      total 38400K, used 38389K [0x00000000eab00000, 0x00000000ef600000, 0x0000000100000000)
  eden space 33280K, 100% used [0x00000000eab00000,0x00000000ecb80000,0x00000000ecb80000)
  from space 5120K, 99% used [0x00000000ecb80000,0x00000000ed07d6e8,0x00000000ed080000)
  to   space 5120K, 0% used [0x00000000ef100000,0x00000000ef100000,0x00000000ef600000)
 ParOldGen       total 87552K, used 949K [0x00000000c0000000, 0x00000000c5580000, 0x00000000eab00000)
  object space 87552K, 1% used [0x00000000c0000000,0x00000000c00ed4e0,0x00000000c5580000)
 Metaspace       used 6098K, capacity 7024K, committed 7296K, reserved 1056768K
  class space    used 596K, capacity 616K, committed 640K, reserved 1048576K
Event: 1.060 GC heap after
Heap after GC invocations=2 (full 0):
 PSYoungGen      total 71680K, used 5111K [0x00000000eab00000, 0x00000000ef600000, 0x0000000100000000)
  eden space 66560K, 0% used [0x00000000eab00000,0x00000000eab00000,0x00000000eec00000)
  from space 5120K, 99% used [0x00000000ef100000,0x00000000ef5fdc60,0x00000000ef600000)
  to   space 5120K, 0% used [0x00000000eec00000,0x00000000eec00000,0x00000000ef100000)
 ParOldGen       total 87552K, used 4716K [0x00000000c0000000, 0x00000000c5580000, 0x00000000eab00000)
  object space 87552K, 5% used [0x00000000c0000000,0x00000000c049b070,0x00000000c5580000)
 Metaspace       used 6098K, capacity 7024K, committed 7296K, reserved 1056768K
  class space    used 596K, capacity 616K, committed 640K, reserved 1048576K
}

Deoptimization events (10 events):
Event: 1.594 Thread 0x000000001680c000 Uncommon trap: reason=unstable_if action=reinterpret pc=0x0000000002c862a0 method=com.android.dx.ssa.LiteralOpUpgrader$1.visitNonMoveInsn(Lcom/android/dx/ssa/NormalSsaInsn;)V @ 151
Event: 1.594 Thread 0x000000001680c000 Uncommon trap: reason=bimorphic action=maybe_recompile pc=0x0000000002a13208 method=java.util.HashMap.getNode(ILjava/lang/Object;)Ljava/util/HashMap$Node; @ 126
Event: 1.594 Thread 0x000000001680c000 Uncommon trap: reason=class_check action=maybe_recompile pc=0x0000000002bc4640 method=java.util.HashMap.putVal(ILjava/lang/Object;Ljava/lang/Object;ZZ)Ljava/lang/Object; @ 203
Event: 1.594 Thread 0x000000001680c000 Uncommon trap: reason=class_check action=maybe_recompile pc=0x0000000002bc4640 method=java.util.HashMap.putVal(ILjava/lang/Object;Ljava/lang/Object;ZZ)Ljava/lang/Object; @ 203
Event: 1.594 Thread 0x000000001680c000 Uncommon trap: reason=bimorphic action=maybe_recompile pc=0x0000000002a53048 method=java.util.HashMap.getNode(ILjava/lang/Object;)Ljava/util/HashMap$Node; @ 126
Event: 1.594 Thread 0x000000001680c000 Uncommon trap: reason=unstable_if action=reinterpret pc=0x0000000002c65340 method=com.android.dx.rop.code.DexTranslationAdvice.requiresSourcesInOrder(Lcom/android/dx/rop/code/Rop;Lcom/android/dx/rop/code/RegisterSpecList;)Z @ 21
Event: 1.596 Thread 0x000000001680c000 Uncommon trap: reason=class_check action=maybe_recompile pc=0x0000000002bbcb4c method=com.android.dx.ssa.NormalSsaInsn.accept(Lcom/android/dx/ssa/SsaInsn$Visitor;)V @ 9
Event: 1.596 Thread 0x000000001680c000 Uncommon trap: reason=class_check action=maybe_recompile pc=0x000000000289f0b0 method=com.android.dx.ssa.NormalSsaInsn.accept(Lcom/android/dx/ssa/SsaInsn$Visitor;)V @ 9
Event: 1.596 Thread 0x000000001680c000 Uncommon trap: reason=class_check action=maybe_recompile pc=0x000000000289f0b0 method=com.android.dx.ssa.NormalSsaInsn.accept(Lcom/android/dx/ssa/SsaInsn$Visitor;)V @ 9
Event: 1.596 Thread 0x000000001680c000 Uncommon trap: reason=class_check action=maybe_recompile pc=0x000000000289f0b0 method=com.android.dx.ssa.NormalSsaInsn.accept(Lcom/android/dx/ssa/SsaInsn$Visitor;)V @ 9

Internal exceptions (2 events):
Event: 0.156 Thread 0x0000000002592800 Exception <a 'java/lang/NoSuchMethodError': Method sun.misc.Unsafe.defineClass(Ljava/lang/String;[BII)Ljava/lang/Class; name or signature does not match> (0x00000000eab07cc0) thrown at [D:\re\workspace\8-2-build-windows-amd64-cygwin\jdk8u92\6642\hotspot\sr:ŸCóÃ?
Event: 0.156 Thread 0x0000000002592800 Exception <a 'java/lang/NoSuchMethodError': Method sun.misc.Unsafe.prefetchRead(Ljava/lang/Object;J)V name or signature does not match> (0x00000000eab07fa8) thrown at [D:\re\workspace\8-2-build-windows-amd64-cygwin\jdk8u92\6642\hotspot\src\share\vm\prims\j

Events (10 events):
Event: 1.596 Thread 0x000000001680c000 DEOPT UNPACKING pc=0x00000000026d582a sp=0x000000001718ea50 mode 2
Event: 1.596 Thread 0x000000001680c000 Uncommon trap: trap_request=0xffffffde fr.pc=0x000000000289f0b0
Event: 1.596 Thread 0x000000001680c000 DEOPT PACKING pc=0x000000000289f0b0 sp=0x000000001718eaa0
Event: 1.596 Thread 0x000000001680c000 DEOPT UNPACKING pc=0x00000000026d582a sp=0x000000001718ea40 mode 2
Event: 1.596 Thread 0x000000001680c000 Uncommon trap: trap_request=0xffffffde fr.pc=0x000000000289f0b0
Event: 1.596 Thread 0x000000001680c000 DEOPT PACKING pc=0x000000000289f0b0 sp=0x000000001718eaa0
Event: 1.596 Thread 0x000000001680c000 DEOPT UNPACKING pc=0x00000000026d582a sp=0x000000001718ea40 mode 2
Event: 1.596 Thread 0x000000001680c000 Uncommon trap: trap_request=0xffffffde fr.pc=0x000000000289f0b0
Event: 1.596 Thread 0x000000001680c000 DEOPT PACKING pc=0x000000000289f0b0 sp=0x000000001718eaa0
Event: 1.596 Thread 0x000000001680c000 DEOPT UNPACKING pc=0x00000000026d582a sp=0x000000001718ea40 mode 2


Dynamic libraries:
0x00007ff7caf40000 - 0x00007ff7caf77000 	C:\Program Files\Java\jdk1.8.0_92\bin\java.exe
0x00007fffb8b40000 - 0x00007fffb8cea000 	C:\Windows\SYSTEM32\ntdll.dll
0x00007fffb8550000 - 0x00007fffb868a000 	C:\Windows\system32\KERNEL32.DLL
0x00007fffb5f80000 - 0x00007fffb608f000 	C:\Windows\system32\KERNELBASE.dll
0x00007fffb4ae0000 - 0x00007fffb4b68000 	C:\Windows\system32\apphelp.dll
0x00007fffa3610000 - 0x00007fffa365f000 	C:\Windows\AppPatch\AppPatch64\AcGenral.DLL
0x00007fffb6510000 - 0x00007fffb65b7000 	C:\Windows\system32\msvcrt.dll
0x00007fffb5cf0000 - 0x00007fffb5d1b000 	C:\Windows\SYSTEM32\SspiCli.dll
0x00007fffb6fa0000 - 0x00007fffb6ff1000 	C:\Windows\system32\SHLWAPI.dll
0x00007fffb6aa0000 - 0x00007fffb6c11000 	C:\Windows\system32\USER32.dll
0x00007fffb6e10000 - 0x00007fffb6f88000 	C:\Windows\system32\ole32.dll
0x00007fffb7110000 - 0x00007fffb8527000 	C:\Windows\system32\SHELL32.dll
0x00007fffb5520000 - 0x00007fffb553e000 	C:\Windows\SYSTEM32\USERENV.dll
0x00007fffb65c0000 - 0x00007fffb6665000 	C:\Windows\system32\ADVAPI32.dll
0x00007fffb12f0000 - 0x00007fffb130b000 	C:\Windows\SYSTEM32\MPR.dll
0x00007fffb8760000 - 0x00007fffb8896000 	C:\Windows\system32\RPCRT4.dll
0x00007fffb8690000 - 0x00007fffb86e7000 	C:\Windows\SYSTEM32\sechost.dll
0x00007fffb6670000 - 0x00007fffb6846000 	C:\Windows\SYSTEM32\combase.dll
0x00007fffb6950000 - 0x00007fffb6a95000 	C:\Windows\system32\GDI32.dll
0x00007fffb5eb0000 - 0x00007fffb5ec4000 	C:\Windows\SYSTEM32\profapi.dll
0x00007fffb4510000 - 0x00007fffb45af000 	C:\Windows\SYSTEM32\SHCORE.dll
0x00007fffb6c20000 - 0x00007fffb6c54000 	C:\Windows\system32\IMM32.DLL
0x00007fffb63c0000 - 0x00007fffb64f9000 	C:\Windows\system32\MSCTF.dll
0x00007fffb3c90000 - 0x00007fffb3eea000 	C:\Windows\WinSxS\amd64_microsoft.windows.common-controls_6595b64144ccf1df_6.0.9600.17031_none_6242a4b3ecbb55a1\COMCTL32.dll
0x00000000621d0000 - 0x00000000622a2000 	C:\Program Files\Java\jdk1.8.0_92\jre\bin\msvcr100.dll
0x00000000628e0000 - 0x0000000063176000 	C:\Program Files\Java\jdk1.8.0_92\jre\bin\server\jvm.dll
0x00007fffb1b10000 - 0x00007fffb1b19000 	C:\Windows\SYSTEM32\WSOCK32.dll
0x00007ffface60000 - 0x00007ffface7f000 	C:\Windows\SYSTEM32\WINMM.dll
0x00007fffb3bc0000 - 0x00007fffb3bca000 	C:\Windows\SYSTEM32\VERSION.dll
0x00007fffb8750000 - 0x00007fffb8757000 	C:\Windows\system32\PSAPI.DLL
0x00007fffb7000000 - 0x00007fffb7058000 	C:\Windows\system32\WS2_32.dll
0x00007fffaa9e0000 - 0x00007fffaaa0a000 	C:\Windows\SYSTEM32\WINMMBASE.dll
0x00007fffb6f90000 - 0x00007fffb6f99000 	C:\Windows\system32\NSI.dll
0x00007fffb6370000 - 0x00007fffb63ba000 	C:\Windows\SYSTEM32\cfgmgr32.dll
0x00007fffb4d30000 - 0x00007fffb4d56000 	C:\Windows\SYSTEM32\DEVOBJ.dll
0x0000000063470000 - 0x000000006347f000 	C:\Program Files\Java\jdk1.8.0_92\jre\bin\verify.dll
0x0000000063440000 - 0x0000000063469000 	C:\Program Files\Java\jdk1.8.0_92\jre\bin\java.dll
0x0000000063420000 - 0x0000000063436000 	C:\Program Files\Java\jdk1.8.0_92\jre\bin\zip.dll

VM Arguments:
jvm_args: -Djava.awt.headless=true -Xmx1024M -Dfile.encoding=windows-1252 -Duser.country=US -Duser.language=en -Duser.variant 
java_command: com.android.dx.command.Main --dex --force-jumbo --num-threads=4 --output C:\Zooket\app\build\intermediates\pre-dexed\debug\com.google.android.gms-play-services-maps-9.0.1_a76c5cddf67563eba4bcee7ba1b06004c5f8c0fa.jar C:\Zooket\app\build\intermediates\exploded-aar\com.google.android.gms\play-services-maps\9.0.1\jars\classes.jar
java_class_path (initial): C:\android-sdk-windows\build-tools\24.0.3\lib\dx.jar
Launcher Type: SUN_STANDARD

Environment Variables:
PATH=C:\ProgramData\Oracle\Java\javapath;C:\Windows\system32;C:\Windows;C:\Windows\System32\Wbem;C:\Windows\System32\WindowsPowerShell\v1.0\;C:\Program Files (x86)\NVIDIA Corporation\PhysX\Common;C:\Program Files (x86)\Windows Kits\8.1\Windows Performance Toolkit\;C:\Program Files\Microsoft SQL Server\110\Tools\Binn\;C:\Program Files\Microsoft SQL Server\110\DTS\Binn\;C:\Program Files (x86)\Microsoft SQL Server\110\Tools\Binn\;C:\Program Files (x86)\Microsoft SQL Server\110\Tools\Binn\ManagementStudio\;C:\Program Files (x86)\Microsoft Visual Studio 10.0\Common7\IDE\PrivateAssemblies\;C:\Program Files (x86)\Microsoft SQL Server\110\DTS\Binn\;C:\Program Files (x86)\GtkSharp\2.12\bin;C:\Program Files (x86)\QuickTime\QTSystem\
USERNAME=Smo
OS=Windows_NT
PROCESSOR_IDENTIFIER=Intel64 Family 6 Model 94 Stepping 3, GenuineIntel



---------------  S Y S T E M  ---------------

OS: Windows 8.1 , 64 bit Build 9600 (6.3.9600.17056)

CPU:total 4 (4 cores per cpu, 1 threads per core) family 6 model 94 stepping 3, cmov, cx8, fxsr, mmx, sse, sse2, sse3, ssse3, sse4.1, sse4.2, popcnt, avx, avx2, aes, clmul, erms, 3dnowpref, lzcnt, tsc, tscinvbit, bmi1, bmi2, adx

Memory: 4k page, physical 8266404k(1461624k free), swap 8266404k(5632k free)

vm_info: Java HotSpot(TM) 64-Bit Server VM (25.92-b14) for windows-amd64 JRE (1.8.0_92-b14), built on Mar 31 2016 21:03:04 by "java_re" with MS VC++ 10.0 (VS2010)

time: Mon May 22 00:18:50 2017
elapsed time: 1 seconds (0d 0h 0m 1s)

