#
# There is insufficient memory for the Java Runtime Environment to continue.
# Native memory allocation (malloc) failed to allocate 603136 bytes for Chunk::new
# Possible reasons:
#   The system is out of physical RAM or swap space
#   In 32 bit mode, the process size limit was hit
# Possible solutions:
#   Reduce memory load on the system
#   Increase physical memory or swap space
#   Check if swap backing store is full
#   Use 64 bit Java on a 64 bit OS
#   Decrease Java heap size (-Xmx/-Xms)
#   Decrease number of Java threads
#   Decrease Java thread stack sizes (-Xss)
#   Set larger code cache with -XX:ReservedCodeCacheSize=
# This output file may be truncated or incomplete.
#
#  Out of Memory Error (allocation.cpp:390), pid=7884, tid=0x0000000000001aac
#
# JRE version: Java(TM) SE Runtime Environment (8.0_92-b14) (build 1.8.0_92-b14)
# Java VM: Java HotSpot(TM) 64-Bit Server VM (25.92-b14 mixed mode windows-amd64 compressed oops)
# Failed to write core dump. Minidumps are not enabled by default on client versions of Windows
#

---------------  T H R E A D  ---------------

Current thread (0x0000000014597000):  JavaThread "C2 CompilerThread1" daemon [_thread_in_native, id=6828, stack(0x0000000015c80000,0x0000000015d80000)]

Stack: [0x0000000015c80000,0x0000000015d80000]
[error occurred during error reporting (printing stack bounds), id 0xc0000005]

Native frames: (J=compiled Java code, j=interpreted, Vv=VM code, C=native code)


Current CompileTask:
C2:   1464 1444   !   4       com.android.dx.cf.cst.ConstantPoolParser::parse0 (731 bytes)


---------------  P R O C E S S  ---------------

Java Threads: ( => current thread )
  0x00000000160e5800 JavaThread "pool-1-thread-4" [_thread_in_Java, id=7372, stack(0x0000000016880000,0x0000000016980000)]
  0x00000000160e0800 JavaThread "pool-1-thread-3" [_thread_blocked, id=3980, stack(0x0000000016780000,0x0000000016880000)]
  0x00000000160df800 JavaThread "pool-1-thread-2" [_thread_in_Java, id=9128, stack(0x0000000016680000,0x0000000016780000)]
  0x00000000160dd800 JavaThread "pool-2-thread-1" [_thread_blocked, id=8712, stack(0x0000000016580000,0x0000000016680000)]
  0x0000000016065000 JavaThread "pool-1-thread-1" [_thread_blocked, id=7436, stack(0x0000000016480000,0x0000000016580000)]
  0x0000000015d86800 JavaThread "Service Thread" daemon [_thread_blocked, id=8224, stack(0x0000000016280000,0x0000000016380000)]
  0x0000000015d81000 JavaThread "C1 CompilerThread2" daemon [_thread_in_native, id=7204, stack(0x0000000016180000,0x0000000016280000)]
=>0x0000000014597000 JavaThread "C2 CompilerThread1" daemon [_thread_in_native, id=6828, stack(0x0000000015c80000,0x0000000015d80000)]
  0x000000001453e000 JavaThread "C2 CompilerThread0" daemon [_thread_in_native, id=9096, stack(0x0000000015b80000,0x0000000015c80000)]
  0x000000001453c000 JavaThread "Attach Listener" daemon [_thread_blocked, id=7448, stack(0x0000000015a80000,0x0000000015b80000)]
  0x000000001453a800 JavaThread "Signal Dispatcher" daemon [_thread_blocked, id=5604, stack(0x0000000015980000,0x0000000015a80000)]
  0x000000001452a800 JavaThread "Finalizer" daemon [_thread_blocked, id=7596, stack(0x00000000157a0000,0x00000000158a0000)]
  0x0000000001e60800 JavaThread "Reference Handler" daemon [_thread_blocked, id=6156, stack(0x00000000156a0000,0x00000000157a0000)]
  0x0000000001d72800 JavaThread "main" [_thread_blocked, id=7712, stack(0x0000000001bd0000,0x0000000001cd0000)]

Other Threads:
  0x0000000014508800 VMThread [stack: 0x00000000155a0000,0x00000000156a0000] [id=5112]
  0x0000000015d9a800 WatcherThread [stack: 0x0000000016380000,0x0000000016480000] [id=4996]

VM state:not at safepoint (normal execution)

VM Mutex/Monitor currently owned by a thread: None

Heap:
 PSYoungGen      total 38400K, used 28945K [0x00000000eab00000, 0x00000000ed580000, 0x0000000100000000)
  eden space 33280K, 71% used [0x00000000eab00000,0x00000000ec25ec08,0x00000000ecb80000)
  from space 5120K, 97% used [0x00000000ecb80000,0x00000000ed0659e8,0x00000000ed080000)
  to   space 5120K, 0% used [0x00000000ed080000,0x00000000ed080000,0x00000000ed580000)
 ParOldGen       total 87552K, used 0K [0x00000000c0000000, 0x00000000c5580000, 0x00000000eab00000)
  object space 87552K, 0% used [0x00000000c0000000,0x00000000c0000000,0x00000000c5580000)
 Metaspace       used 6145K, capacity 7026K, committed 7296K, reserved 1056768K
  class space    used 604K, capacity 618K, committed 640K, reserved 1048576K

Card table byte_map: [0x0000000011230000,0x0000000011440000] byte_map_base: 0x0000000010c30000

Marking Bits: (ParMarkBitMap*) 0x0000000066a764f0
 Begin Bits: [0x00000000119a0000, 0x00000000129a0000)
 End Bits:   [0x00000000129a0000, 0x00000000139a0000)

Polling page: 0x0000000000470000

CodeCache: size=245760Kb used=5930Kb max_used=5930Kb free=239829Kb
 bounds [0x0000000001e70000, 0x0000000002450000, 0x0000000010e70000]
 total_blobs=1722 nmethods=1453 adapters=182
 compilation: enabled

Compilation events (10 events):
Event: 1.446 Thread 0x0000000015d81000 nmethod 1450 0x0000000002439d90 code [0x0000000002439fe0, 0x000000000243afa8]
Event: 1.446 Thread 0x0000000015d81000 1452       2       com.android.dx.ssa.Optimizer::getAdvice (4 bytes)
Event: 1.447 Thread 0x0000000015d81000 nmethod 1452 0x0000000002420f90 code [0x00000000024210e0, 0x0000000002421210]
Event: 1.455 Thread 0x0000000015d81000 1453       3       com.android.dx.ssa.Dominators::<init> (55 bytes)
Event: 1.456 Thread 0x0000000015d81000 nmethod 1453 0x000000000243b710 code [0x000000000243b8a0, 0x000000000243bdf0]
Event: 1.460 Thread 0x0000000015d81000 1454       3       com.android.dx.cf.code.RopperMachine::updateReturnOp (115 bytes)
Event: 1.460 Thread 0x0000000015d81000 nmethod 1454 0x000000000243c050 code [0x000000000243c2e0, 0x000000000243d518]
Event: 1.462 Thread 0x0000000015d81000 1456       3       java.util.HashMap$HashIterator::nextNode (100 bytes)
Event: 1.463 Thread 0x0000000015d81000 nmethod 1456 0x000000000243dd50 code [0x000000000243df00, 0x000000000243e3d8]
Event: 1.463 Thread 0x0000000015d81000 1457       3       com.android.dx.cf.code.Simulator$SimVisitor::checkReturnType (64 bytes)

GC Heap History (2 events):
Event: 0.702 GC heap before
{Heap before GC invocations=1 (full 0):
 PSYoungGen      total 38400K, used 33280K [0x00000000eab00000, 0x00000000ed580000, 0x0000000100000000)
  eden space 33280K, 100% used [0x00000000eab00000,0x00000000ecb80000,0x00000000ecb80000)
  from space 5120K, 0% used [0x00000000ed080000,0x00000000ed080000,0x00000000ed580000)
  to   space 5120K, 0% used [0x00000000ecb80000,0x00000000ecb80000,0x00000000ed080000)
 ParOldGen       total 87552K, used 0K [0x00000000c0000000, 0x00000000c5580000, 0x00000000eab00000)
  object space 87552K, 0% used [0x00000000c0000000,0x00000000c0000000,0x00000000c5580000)
 Metaspace       used 5915K, capacity 6832K, committed 7040K, reserved 1056768K
  class space    used 602K, capacity 616K, committed 640K, reserved 1048576K
Event: 0.707 GC heap after
Heap after GC invocations=1 (full 0):
 PSYoungGen      total 38400K, used 5014K [0x00000000eab00000, 0x00000000ed580000, 0x0000000100000000)
  eden space 33280K, 0% used [0x00000000eab00000,0x00000000eab00000,0x00000000ecb80000)
  from space 5120K, 97% used [0x00000000ecb80000,0x00000000ed0659e8,0x00000000ed080000)
  to   space 5120K, 0% used [0x00000000ed080000,0x00000000ed080000,0x00000000ed580000)
 ParOldGen       total 87552K, used 0K [0x00000000c0000000, 0x00000000c5580000, 0x00000000eab00000)
  object space 87552K, 0% used [0x00000000c0000000,0x00000000c0000000,0x00000000c5580000)
 Metaspace       used 5915K, capacity 6832K, committed 7040K, reserved 1056768K
  class space    used 602K, capacity 616K, committed 640K, reserved 1048576K
}

Deoptimization events (10 events):
Event: 1.235 Thread 0x0000000001d72800 Uncommon trap: reason=unstable_if action=reinterpret pc=0x000000000211425c method=com.android.dx.rop.cst.Constant.compareTo(Lcom/android/dx/rop/cst/Constant;)I @ 12
Event: 1.275 Thread 0x0000000001d72800 Uncommon trap: reason=class_check action=maybe_recompile pc=0x00000000021ca6e8 method=com.android.dx.rop.type.Type.equals(Ljava/lang/Object;)Z @ 8
Event: 1.392 Thread 0x0000000016065000 Uncommon trap: reason=bimorphic action=maybe_recompile pc=0x0000000002331dcc method=com.android.dx.cf.code.BytecodeArray.parseInstruction(ILcom/android/dx/cf/code/BytecodeArray$Visitor;)I @ 2135
Event: 1.392 Thread 0x0000000016065000 Uncommon trap: reason=bimorphic action=maybe_recompile pc=0x0000000002331dcc method=com.android.dx.cf.code.BytecodeArray.parseInstruction(ILcom/android/dx/cf/code/BytecodeArray$Visitor;)I @ 2135
Event: 1.392 Thread 0x0000000016065000 Uncommon trap: reason=class_check action=maybe_recompile pc=0x00000000021ca6e8 method=com.android.dx.rop.type.Type.equals(Ljava/lang/Object;)Z @ 8
Event: 1.393 Thread 0x0000000016065000 Uncommon trap: reason=null_check action=make_not_entrant pc=0x00000000021ca6f8 method=com.android.dx.rop.type.Type.equals(Ljava/lang/Object;)Z @ 8
Event: 1.398 Thread 0x0000000016065000 Uncommon trap: reason=unstable_if action=reinterpret pc=0x00000000022eb3cc method=com.android.dx.util.LabeledList.set(ILcom/android/dx/util/LabeledItem;)V @ 16
Event: 1.422 Thread 0x00000000160e5800 Uncommon trap: reason=unstable_if action=reinterpret pc=0x00000000022e7178 method=com.android.dx.cf.code.Ropper.labelToResultIndex(I)I @ 34
Event: 1.423 Thread 0x00000000160e5800 Uncommon trap: reason=unstable_if action=reinterpret pc=0x00000000023b7c28 method=com.android.dx.ssa.LocalVariableExtractor.processBlock(I)V @ 77
Event: 1.430 Thread 0x00000000160e5800 Uncommon trap: reason=bimorphic action=maybe_recompile pc=0x000000000240e53c method=com.android.dx.ssa.LiteralOpUpgrader.tryReplacingWithConstant(Lcom/android/dx/ssa/NormalSsaInsn;)Z @ 52

Internal exceptions (3 events):
Event: 0.098 Thread 0x0000000001d72800 Exception <a 'java/lang/NoSuchMethodError': Method sun.misc.Unsafe.defineClass(Ljava/lang/String;[BII)Ljava/lang/Class; name or signature does not match> (0x00000000eab07cc0) thrown at [D:\re\workspace\8-2-build-windows-amd64-cygwin\jdk8u92\6642\hotspot\sr˜}}n¹?
Event: 0.098 Thread 0x0000000001d72800 Exception <a 'java/lang/NoSuchMethodError': Method sun.misc.Unsafe.prefetchRead(Ljava/lang/Object;J)V name or signature does not match> (0x00000000eab07fa8) thrown at [D:\re\workspace\8-2-build-windows-amd64-cygwin\jdk8u92\6642\hotspot\src\share\vm\prims\j5O¦KHö?
Event: 1.393 Thread 0x0000000016065000 Implicit null exception at 0x00000000021ca5e2 to 0x00000000021ca6e9

Events (10 events):
Event: 1.422 loading class java/util/HashMap$ValueIterator done
Event: 1.422 Thread 0x00000000160e5800 Uncommon trap: trap_request=0xffffff65 fr.pc=0x00000000022e7178
Event: 1.422 Thread 0x00000000160e5800 DEOPT PACKING pc=0x00000000022e7178 sp=0x000000001697eba0
Event: 1.422 Thread 0x00000000160e5800 DEOPT UNPACKING pc=0x0000000001eb582a sp=0x000000001697eb48 mode 2
Event: 1.423 Thread 0x00000000160e5800 Uncommon trap: trap_request=0xffffff65 fr.pc=0x00000000023b7c28
Event: 1.423 Thread 0x00000000160e5800 DEOPT PACKING pc=0x00000000023b7c28 sp=0x000000001697ebd0
Event: 1.423 Thread 0x00000000160e5800 DEOPT UNPACKING pc=0x0000000001eb582a sp=0x000000001697ebb0 mode 2
Event: 1.430 Thread 0x00000000160e5800 Uncommon trap: trap_request=0xffffffc6 fr.pc=0x000000000240e53c
Event: 1.430 Thread 0x00000000160e5800 DEOPT PACKING pc=0x000000000240e53c sp=0x000000001697eb80
Event: 1.430 Thread 0x00000000160e5800 DEOPT UNPACKING pc=0x0000000001eb582a sp=0x000000001697ea78 mode 2


Dynamic libraries:
0x00007ff60c670000 - 0x00007ff60c6a7000 	C:\Program Files\Java\jdk1.8.0_92\bin\java.exe
0x00007ffc93d00000 - 0x00007ffc93eaa000 	C:\Windows\SYSTEM32\ntdll.dll
0x00007ffc93510000 - 0x00007ffc9364a000 	C:\Windows\system32\KERNEL32.DLL
0x00007ffc91240000 - 0x00007ffc9134f000 	C:\Windows\system32\KERNELBASE.dll
0x00007ffc8fca0000 - 0x00007ffc8fd28000 	C:\Windows\system32\apphelp.dll
0x00007ffc8ccd0000 - 0x00007ffc8cd1f000 	C:\Windows\AppPatch\AppPatch64\AcGenral.DLL
0x00007ffc91a80000 - 0x00007ffc91b27000 	C:\Windows\system32\msvcrt.dll
0x00007ffc90eb0000 - 0x00007ffc90edb000 	C:\Windows\SYSTEM32\SspiCli.dll
0x00007ffc91a20000 - 0x00007ffc91a71000 	C:\Windows\system32\SHLWAPI.dll
0x00007ffc918a0000 - 0x00007ffc91a11000 	C:\Windows\system32\USER32.dll
0x00007ffc93380000 - 0x00007ffc934f8000 	C:\Windows\system32\ole32.dll
0x00007ffc91b30000 - 0x00007ffc92f47000 	C:\Windows\system32\SHELL32.dll
0x00007ffc906e0000 - 0x00007ffc906fe000 	C:\Windows\SYSTEM32\USERENV.dll
0x00007ffc932d0000 - 0x00007ffc93375000 	C:\Windows\system32\ADVAPI32.dll
0x00007ffc8bf40000 - 0x00007ffc8bf5b000 	C:\Windows\SYSTEM32\MPR.dll
0x00007ffc93190000 - 0x00007ffc932c6000 	C:\Windows\system32\RPCRT4.dll
0x00007ffc93c60000 - 0x00007ffc93cb7000 	C:\Windows\SYSTEM32\sechost.dll
0x00007ffc92f50000 - 0x00007ffc93126000 	C:\Windows\SYSTEM32\combase.dll
0x00007ffc93890000 - 0x00007ffc939d5000 	C:\Windows\system32\GDI32.dll
0x00007ffc91070000 - 0x00007ffc91084000 	C:\Windows\SYSTEM32\profapi.dll
0x00007ffc8f6d0000 - 0x00007ffc8f76f000 	C:\Windows\SYSTEM32\SHCORE.dll
0x00007ffc93cc0000 - 0x00007ffc93cf4000 	C:\Windows\system32\IMM32.DLL
0x00007ffc939e0000 - 0x00007ffc93b19000 	C:\Windows\system32\MSCTF.dll
0x00007ffc8edc0000 - 0x00007ffc8f01a000 	C:\Windows\WinSxS\amd64_microsoft.windows.common-controls_6595b64144ccf1df_6.0.9600.17031_none_6242a4b3ecbb55a1\COMCTL32.dll
0x0000000065e60000 - 0x0000000065f32000 	C:\Program Files\Java\jdk1.8.0_92\jre\bin\msvcr100.dll
0x0000000066260000 - 0x0000000066af6000 	C:\Program Files\Java\jdk1.8.0_92\jre\bin\server\jvm.dll
0x00007ffc8ce40000 - 0x00007ffc8ce49000 	C:\Windows\SYSTEM32\WSOCK32.dll
0x00007ffc88cb0000 - 0x00007ffc88ccf000 	C:\Windows\SYSTEM32\WINMM.dll
0x00007ffc8ed80000 - 0x00007ffc8ed8a000 	C:\Windows\SYSTEM32\VERSION.dll
0x00007ffc93b80000 - 0x00007ffc93b87000 	C:\Windows\system32\PSAPI.DLL
0x00007ffc93b20000 - 0x00007ffc93b78000 	C:\Windows\system32\WS2_32.dll
0x00007ffc858c0000 - 0x00007ffc858ea000 	C:\Windows\SYSTEM32\WINMMBASE.dll
0x00007ffc93500000 - 0x00007ffc93509000 	C:\Windows\system32\NSI.dll
0x00007ffc91350000 - 0x00007ffc9139a000 	C:\Windows\SYSTEM32\cfgmgr32.dll
0x00007ffc8fef0000 - 0x00007ffc8ff16000 	C:\Windows\SYSTEM32\DEVOBJ.dll
0x0000000066df0000 - 0x0000000066dff000 	C:\Program Files\Java\jdk1.8.0_92\jre\bin\verify.dll
0x0000000066dc0000 - 0x0000000066de9000 	C:\Program Files\Java\jdk1.8.0_92\jre\bin\java.dll
0x0000000066da0000 - 0x0000000066db6000 	C:\Program Files\Java\jdk1.8.0_92\jre\bin\zip.dll

VM Arguments:
jvm_args: -Djava.awt.headless=true -Xmx1024M -Dfile.encoding=windows-1252 -Duser.country=US -Duser.language=en -Duser.variant 
java_command: com.android.dx.command.Main --dex --force-jumbo --num-threads=4 --output C:\Zooket\app\build\intermediates\pre-dexed\debug\com.android.support-support-v4-23.4.0_f734d97fa04a2e05a1116d02dcc997e4eda30f5a.jar C:\Zooket\app\build\intermediates\exploded-aar\com.android.support\support-v4\23.4.0\jars\classes.jar
java_class_path (initial): C:\android-sdk-windows\build-tools\24.0.3\lib\dx.jar
Launcher Type: SUN_STANDARD

Environment Variables:
PATH=C:\ProgramData\Oracle\Java\javapath;C:\Windows\system32;C:\Windows;C:\Windows\System32\Wbem;C:\Windows\System32\WindowsPowerShell\v1.0\;C:\Program Files (x86)\NVIDIA Corporation\PhysX\Common;C:\Program Files (x86)\Windows Kits\8.1\Windows Performance Toolkit\;C:\Program Files\Microsoft SQL Server\110\Tools\Binn\;C:\Program Files\Microsoft SQL Server\110\DTS\Binn\;C:\Program Files (x86)\Microsoft SQL Server\110\Tools\Binn\;C:\Program Files (x86)\Microsoft SQL Server\110\Tools\Binn\ManagementStudio\;C:\Program Files (x86)\Microsoft Visual Studio 10.0\Common7\IDE\PrivateAssemblies\;C:\Program Files (x86)\Microsoft SQL Server\110\DTS\Binn\;C:\Program Files (x86)\GtkSharp\2.12\bin;C:\Program Files (x86)\QuickTime\QTSystem\
USERNAME=Smo
OS=Windows_NT
PROCESSOR_IDENTIFIER=Intel64 Family 6 Model 94 Stepping 3, GenuineIntel



---------------  S Y S T E M  ---------------

OS: Windows 8.1 , 64 bit Build 9600 (6.3.9600.17056)

CPU:total 4 (4 cores per cpu, 1 threads per core) family 6 model 94 stepping 3, cmov, cx8, fxsr, mmx, sse, sse2, sse3, ssse3, sse4.1, sse4.2, popcnt, avx, avx2, aes, clmul, erms, 3dnowpref, lzcnt, tsc, tscinvbit, bmi1, bmi2, adx

Memory: 4k page, physical 8266404k(1700792k free), swap 8266404k(5388k free)

vm_info: Java HotSpot(TM) 64-Bit Server VM (25.92-b14) for windows-amd64 JRE (1.8.0_92-b14), built on Mar 31 2016 21:03:04 by "java_re" with MS VC++ 10.0 (VS2010)

time: Fri May 19 15:51:08 2017
elapsed time: 1 seconds (0d 0h 0m 1s)

