#
# There is insufficient memory for the Java Runtime Environment to continue.
# Native memory allocation (malloc) failed to allocate 290256 bytes for Chunk::new
# Possible reasons:
#   The system is out of physical RAM or swap space
#   In 32 bit mode, the process size limit was hit
# Possible solutions:
#   Reduce memory load on the system
#   Increase physical memory or swap space
#   Check if swap backing store is full
#   Use 64 bit Java on a 64 bit OS
#   Decrease Java heap size (-Xmx/-Xms)
#   Decrease number of Java threads
#   Decrease Java thread stack sizes (-Xss)
#   Set larger code cache with -XX:ReservedCodeCacheSize=
# This output file may be truncated or incomplete.
#
#  Out of Memory Error (allocation.cpp:390), pid=7528, tid=0x000000000000212c
#
# JRE version: Java(TM) SE Runtime Environment (8.0_92-b14) (build 1.8.0_92-b14)
# Java VM: Java HotSpot(TM) 64-Bit Server VM (25.92-b14 mixed mode windows-amd64 compressed oops)
# Failed to write core dump. Minidumps are not enabled by default on client versions of Windows
#

---------------  T H R E A D  ---------------

Current thread (0x0000000014e3e000):  JavaThread "C2 CompilerThread0" daemon [_thread_in_native, id=8492, stack(0x0000000016480000,0x0000000016580000)]

Stack: [0x0000000016480000,0x0000000016580000]
[error occurred during error reporting (printing stack bounds), id 0xc0000005]

Native frames: (J=compiled Java code, j=interpreted, Vv=VM code, C=native code)


Current CompileTask:
C2:   2077 1595   !   4       com.android.dx.cf.code.BytecodeArray::parseInstruction (2764 bytes)


---------------  P R O C E S S  ---------------

Java Threads: ( => current thread )
  0x0000000016942000 JavaThread "pool-1-thread-4" [_thread_in_Java, id=5648, stack(0x0000000017180000,0x0000000017280000)]
  0x000000001693e800 JavaThread "pool-1-thread-3" [_thread_blocked, id=8944, stack(0x0000000017080000,0x0000000017180000)]
  0x00000000168f8800 JavaThread "pool-1-thread-2" [_thread_blocked, id=7128, stack(0x0000000016f80000,0x0000000017080000)]
  0x00000000168f7800 JavaThread "pool-2-thread-1" [_thread_blocked, id=9072, stack(0x0000000016e80000,0x0000000016f80000)]
  0x00000000168fa000 JavaThread "pool-1-thread-1" [_thread_in_Java, id=5624, stack(0x0000000016d80000,0x0000000016e80000)]
  0x0000000016686800 JavaThread "Service Thread" daemon [_thread_blocked, id=8416, stack(0x0000000016b80000,0x0000000016c80000)]
  0x0000000016681000 JavaThread "C1 CompilerThread2" daemon [_thread_blocked, id=6408, stack(0x0000000016a80000,0x0000000016b80000)]
  0x0000000014e97800 JavaThread "C2 CompilerThread1" daemon [_thread_in_native, id=8448, stack(0x0000000016580000,0x0000000016680000)]
=>0x0000000014e3e000 JavaThread "C2 CompilerThread0" daemon [_thread_in_native, id=8492, stack(0x0000000016480000,0x0000000016580000)]
  0x0000000014e3c000 JavaThread "Attach Listener" daemon [_thread_blocked, id=7756, stack(0x0000000016380000,0x0000000016480000)]
  0x0000000014e3b000 JavaThread "Signal Dispatcher" daemon [_thread_blocked, id=2804, stack(0x0000000016280000,0x0000000016380000)]
  0x000000000276a800 JavaThread "Finalizer" daemon [_thread_blocked, id=4648, stack(0x00000000160a0000,0x00000000161a0000)]
  0x0000000014e09000 JavaThread "Reference Handler" daemon [_thread_blocked, id=10168, stack(0x0000000015fa0000,0x00000000160a0000)]
  0x0000000002672800 JavaThread "main" [_thread_blocked, id=5212, stack(0x0000000002570000,0x0000000002670000)]

Other Threads:
  0x0000000014e07800 VMThread [stack: 0x0000000015ea0000,0x0000000015fa0000] [id=4836]
  0x00000000166a3000 WatcherThread [stack: 0x0000000016c80000,0x0000000016d80000] [id=1200]

VM state:not at safepoint (normal execution)

VM Mutex/Monitor currently owned by a thread: None

Heap:
 PSYoungGen      total 38400K, used 23776K [0x00000000eab00000, 0x00000000ed580000, 0x0000000100000000)
  eden space 33280K, 56% used [0x00000000eab00000,0x00000000ebd3c838,0x00000000ecb80000)
  from space 5120K, 99% used [0x00000000ecb80000,0x00000000ed07b8c0,0x00000000ed080000)
  to   space 5120K, 0% used [0x00000000ed080000,0x00000000ed080000,0x00000000ed580000)
 ParOldGen       total 87552K, used 10603K [0x00000000c0000000, 0x00000000c5580000, 0x00000000eab00000)
  object space 87552K, 12% used [0x00000000c0000000,0x00000000c0a5adc0,0x00000000c5580000)
 Metaspace       used 6287K, capacity 7154K, committed 7296K, reserved 1056768K
  class space    used 605K, capacity 618K, committed 640K, reserved 1048576K

Card table byte_map: [0x0000000011b30000,0x0000000011d40000] byte_map_base: 0x0000000011530000

Marking Bits: (ParMarkBitMap*) 0x000000005f3764f0
 Begin Bits: [0x00000000122a0000, 0x00000000132a0000)
 End Bits:   [0x00000000132a0000, 0x00000000142a0000)

Polling page: 0x0000000000d60000

CodeCache: size=245760Kb used=7223Kb max_used=7223Kb free=238536Kb
 bounds [0x0000000002770000, 0x0000000002e90000, 0x0000000011770000]
 total_blobs=1999 nmethods=1729 adapters=182
 compilation: enabled

Compilation events (10 events):
Event: 2.072 Thread 0x0000000016681000 1750       1       com.android.dx.dex.file.ClassDefItem::getThisClass (5 bytes)
Event: 2.072 Thread 0x0000000016681000 nmethod 1750 0x0000000002e7c410 code [0x0000000002e7c560, 0x0000000002e7c670]
Event: 2.073 Thread 0x0000000016681000 1751       2       java.io.FilterInputStream::available (8 bytes)
Event: 2.073 Thread 0x0000000016681000 nmethod 1751 0x0000000002e7c6d0 code [0x0000000002e7c840, 0x0000000002e7c9c8]
Event: 2.073 Thread 0x0000000016681000 1752       2       com.android.dx.util.ByteArray$MyInputStream::available (13 bytes)
Event: 2.073 Thread 0x0000000016681000 nmethod 1752 0x0000000002e7ca50 code [0x0000000002e7cba0, 0x0000000002e7ccf0]
Event: 2.074 Thread 0x0000000016681000 1753       2       java.util.concurrent.ThreadPoolExecutor$Worker::unlock (7 bytes)
Event: 2.074 Thread 0x0000000016681000 nmethod 1753 0x0000000002e7cd90 code [0x0000000002e7cf00, 0x0000000002e7d0c8]
Event: 2.075 Thread 0x0000000016681000 1754 %     3       com.android.dx.dex.cf.CfTranslator::translate0 @ 141 (259 bytes)
Event: 2.077 Thread 0x0000000016681000 nmethod 1754% 0x0000000002e7d190 code [0x0000000002e7d620, 0x0000000002e80678]

GC Heap History (6 events):
Event: 0.720 GC heap before
{Heap before GC invocations=1 (full 0):
 PSYoungGen      total 38400K, used 33280K [0x00000000eab00000, 0x00000000ed580000, 0x0000000100000000)
  eden space 33280K, 100% used [0x00000000eab00000,0x00000000ecb80000,0x00000000ecb80000)
  from space 5120K, 0% used [0x00000000ed080000,0x00000000ed080000,0x00000000ed580000)
  to   space 5120K, 0% used [0x00000000ecb80000,0x00000000ecb80000,0x00000000ed080000)
 ParOldGen       total 87552K, used 0K [0x00000000c0000000, 0x00000000c5580000, 0x00000000eab00000)
  object space 87552K, 0% used [0x00000000c0000000,0x00000000c0000000,0x00000000c5580000)
 Metaspace       used 5986K, capacity 6896K, committed 7040K, reserved 1056768K
  class space    used 602K, capacity 616K, committed 640K, reserved 1048576K
Event: 0.778 GC heap after
Heap after GC invocations=1 (full 0):
 PSYoungGen      total 38400K, used 5111K [0x00000000eab00000, 0x00000000ed580000, 0x0000000100000000)
  eden space 33280K, 0% used [0x00000000eab00000,0x00000000eab00000,0x00000000ecb80000)
  from space 5120K, 99% used [0x00000000ecb80000,0x00000000ed07dc88,0x00000000ed080000)
  to   space 5120K, 0% used [0x00000000ed080000,0x00000000ed080000,0x00000000ed580000)
 ParOldGen       total 87552K, used 1473K [0x00000000c0000000, 0x00000000c5580000, 0x00000000eab00000)
  object space 87552K, 1% used [0x00000000c0000000,0x00000000c0170530,0x00000000c5580000)
 Metaspace       used 5986K, capacity 6896K, committed 7040K, reserved 1056768K
  class space    used 602K, capacity 616K, committed 640K, reserved 1048576K
}
Event: 1.178 GC heap before
{Heap before GC invocations=2 (full 0):
 PSYoungGen      total 38400K, used 38391K [0x00000000eab00000, 0x00000000ed580000, 0x0000000100000000)
  eden space 33280K, 100% used [0x00000000eab00000,0x00000000ecb80000,0x00000000ecb80000)
  from space 5120K, 99% used [0x00000000ecb80000,0x00000000ed07dc88,0x00000000ed080000)
  to   space 5120K, 0% used [0x00000000ed080000,0x00000000ed080000,0x00000000ed580000)
 ParOldGen       total 87552K, used 1473K [0x00000000c0000000, 0x00000000c5580000, 0x00000000eab00000)
  object space 87552K, 1% used [0x00000000c0000000,0x00000000c0170530,0x00000000c5580000)
 Metaspace       used 6200K, capacity 7090K, committed 7296K, reserved 1056768K
  class space    used 604K, capacity 618K, committed 640K, reserved 1048576K
Event: 1.374 GC heap after
Heap after GC invocations=2 (full 0):
 PSYoungGen      total 38400K, used 5100K [0x00000000eab00000, 0x00000000ed580000, 0x0000000100000000)
  eden space 33280K, 0% used [0x00000000eab00000,0x00000000eab00000,0x00000000ecb80000)
  from space 5120K, 99% used [0x00000000ed080000,0x00000000ed57b160,0x00000000ed580000)
  to   space 5120K, 0% used [0x00000000ecb80000,0x00000000ecb80000,0x00000000ed080000)
 ParOldGen       total 87552K, used 5765K [0x00000000c0000000, 0x00000000c5580000, 0x00000000eab00000)
  object space 87552K, 6% used [0x00000000c0000000,0x00000000c05a1448,0x00000000c5580000)
 Metaspace       used 6200K, capacity 7090K, committed 7296K, reserved 1056768K
  class space    used 604K, capacity 618K, committed 640K, reserved 1048576K
}
Event: 1.975 GC heap before
{Heap before GC invocations=3 (full 0):
 PSYoungGen      total 38400K, used 38380K [0x00000000eab00000, 0x00000000ed580000, 0x0000000100000000)
  eden space 33280K, 100% used [0x00000000eab00000,0x00000000ecb80000,0x00000000ecb80000)
  from space 5120K, 99% used [0x00000000ed080000,0x00000000ed57b160,0x00000000ed580000)
  to   space 5120K, 0% used [0x00000000ecb80000,0x00000000ecb80000,0x00000000ed080000)
 ParOldGen       total 87552K, used 5765K [0x00000000c0000000, 0x00000000c5580000, 0x00000000eab00000)
  object space 87552K, 6% used [0x00000000c0000000,0x00000000c05a1448,0x00000000c5580000)
 Metaspace       used 6242K, capacity 7090K, committed 7296K, reserved 1056768K
  class space    used 604K, capacity 618K, committed 640K, reserved 1048576K
Event: 2.032 GC heap after
Heap after GC invocations=3 (full 0):
 PSYoungGen      total 38400K, used 5102K [0x00000000eab00000, 0x00000000ed580000, 0x0000000100000000)
  eden space 33280K, 0% used [0x00000000eab00000,0x00000000eab00000,0x00000000ecb80000)
  from space 5120K, 99% used [0x00000000ecb80000,0x00000000ed07b8c0,0x00000000ed080000)
  to   space 5120K, 0% used [0x00000000ed080000,0x00000000ed080000,0x00000000ed580000)
 ParOldGen       total 87552K, used 10603K [0x00000000c0000000, 0x00000000c5580000, 0x00000000eab00000)
  object space 87552K, 12% used [0x00000000c0000000,0x00000000c0a5adc0,0x00000000c5580000)
 Metaspace       used 6242K, capacity 7090K, committed 7296K, reserved 1056768K
  class space    used 604K, capacity 618K, committed 640K, reserved 1048576K
}

Deoptimization events (10 events):
Event: 1.604 Thread 0x000000001693e800 Uncommon trap: reason=class_check action=maybe_recompile pc=0x0000000002bf26d4 method=java.util.HashMap.putVal(ILjava/lang/Object;Ljava/lang/Object;ZZ)Ljava/lang/Object; @ 203
Event: 1.604 Thread 0x000000001693e800 Uncommon trap: reason=class_check action=maybe_recompile pc=0x0000000002bf26d4 method=java.util.HashMap.putVal(ILjava/lang/Object;Ljava/lang/Object;ZZ)Ljava/lang/Object; @ 203
Event: 1.668 Thread 0x00000000168f8800 Uncommon trap: reason=bimorphic action=maybe_recompile pc=0x0000000002cb6f34 method=com.android.dx.ssa.LiteralOpUpgrader.tryReplacingWithConstant(Lcom/android/dx/ssa/NormalSsaInsn;)Z @ 52
Event: 1.668 Thread 0x00000000168f8800 Uncommon trap: reason=bimorphic action=maybe_recompile pc=0x0000000002cb6f34 method=com.android.dx.ssa.LiteralOpUpgrader.tryReplacingWithConstant(Lcom/android/dx/ssa/NormalSsaInsn;)Z @ 52
Event: 1.668 Thread 0x00000000168f8800 Uncommon trap: reason=bimorphic action=maybe_recompile pc=0x0000000002cb6f34 method=com.android.dx.ssa.LiteralOpUpgrader.tryReplacingWithConstant(Lcom/android/dx/ssa/NormalSsaInsn;)Z @ 52
Event: 1.681 Thread 0x0000000002672800 Uncommon trap: reason=unloaded action=reinterpret pc=0x0000000002b91734 method=com.android.dx.cf.cst.ConstantPoolParser.parse0(ILjava/util/BitSet;)Lcom/android/dx/rop/cst/Constant; @ 198
Event: 1.686 Thread 0x00000000168fa000 Uncommon trap: reason=unstable_if action=reinterpret pc=0x0000000002db489c method=com.android.dx.ssa.back.FirstFitLocalCombiningAllocator.getAlignment(I)Lcom/android/dx/ssa/back/FirstFitLocalCombiningAllocator$Alignment; @ 6
Event: 1.686 Thread 0x00000000168fa000 Uncommon trap: reason=unstable_if action=reinterpret pc=0x0000000002dc77e0 method=com.android.dx.ssa.InterferenceRegisterMapper.interferes(III)Z @ 35
Event: 2.068 Thread 0x00000000168fa000 Uncommon trap: reason=bimorphic action=maybe_recompile pc=0x0000000002dcfe50 method=com.android.dx.ssa.SCCP.simulatePhi(Lcom/android/dx/ssa/PhiInsn;)V @ 124
Event: 2.068 Thread 0x00000000168fa000 Uncommon trap: reason=bimorphic action=maybe_recompile pc=0x0000000002dcfe50 method=com.android.dx.ssa.SCCP.simulatePhi(Lcom/android/dx/ssa/PhiInsn;)V @ 124

Internal exceptions (3 events):
Event: 0.032 Thread 0x0000000002672800 Exception <a 'java/lang/NoSuchMethodError': Method sun.misc.Unsafe.defineClass(Ljava/lang/String;[BII)Ljava/lang/Class; name or signature does not match> (0x00000000eab07cc0) thrown at [D:\re\workspace\8-2-build-windows-amd64-cygwin\jdk8u92\6642\hotspot\srä°Á›f ?
Event: 0.032 Thread 0x0000000002672800 Exception <a 'java/lang/NoSuchMethodError': Method sun.misc.Unsafe.prefetchRead(Ljava/lang/Object;J)V name or signature does not match> (0x00000000eab07fa8) thrown at [D:\re\workspace\8-2-build-windows-amd64-cygwin\jdk8u92\6642\hotspot\src\share\vm\prims\jP%‹Õ#í?
Event: 0.911 Thread 0x000000001693e800 Implicit null exception at 0x0000000002a614c9 to 0x0000000002a63819

Events (10 events):
Event: 1.714 Executing VM operation: ParallelGCFailedAllocation
Event: 2.032 Executing VM operation: ParallelGCFailedAllocation done
Event: 2.068 Thread 0x00000000168fa000 Uncommon trap: trap_request=0xffffffc6 fr.pc=0x0000000002dcfe50
Event: 2.068 Thread 0x00000000168fa000 DEOPT PACKING pc=0x0000000002dcfe50 sp=0x0000000016e7e670
Event: 2.068 Thread 0x00000000168fa000 DEOPT UNPACKING pc=0x00000000027b582a sp=0x0000000016e7e5f8 mode 2
Event: 2.068 Thread 0x00000000168fa000 Uncommon trap: trap_request=0xffffffc6 fr.pc=0x0000000002dcfe50
Event: 2.068 Thread 0x00000000168fa000 DEOPT PACKING pc=0x0000000002dcfe50 sp=0x0000000016e7e670
Event: 2.068 Thread 0x00000000168fa000 DEOPT UNPACKING pc=0x00000000027b582a sp=0x0000000016e7e5f8 mode 2
Event: 2.072 loading class com/android/dx/cf/attrib/AttDeprecated
Event: 2.072 loading class com/android/dx/cf/attrib/AttDeprecated done


Dynamic libraries:
0x00007ff784500000 - 0x00007ff784537000 	C:\Program Files\Java\jdk1.8.0_92\bin\java.exe
0x00007ffbfef50000 - 0x00007ffbff0fa000 	C:\Windows\SYSTEM32\ntdll.dll
0x00007ffbfcfd0000 - 0x00007ffbfd10a000 	C:\Windows\system32\KERNEL32.DLL
0x00007ffbfc670000 - 0x00007ffbfc77f000 	C:\Windows\system32\KERNELBASE.dll
0x00007ffbfaef0000 - 0x00007ffbfaf78000 	C:\Windows\system32\apphelp.dll
0x00007ffbe0910000 - 0x00007ffbe095f000 	C:\Windows\AppPatch\AppPatch64\AcGenral.DLL
0x00007ffbfd110000 - 0x00007ffbfd1b7000 	C:\Windows\system32\msvcrt.dll
0x00007ffbfc100000 - 0x00007ffbfc12b000 	C:\Windows\SYSTEM32\SspiCli.dll
0x00007ffbfc7d0000 - 0x00007ffbfc821000 	C:\Windows\system32\SHLWAPI.dll
0x00007ffbfcce0000 - 0x00007ffbfce51000 	C:\Windows\system32\USER32.dll
0x00007ffbfe9d0000 - 0x00007ffbfeb48000 	C:\Windows\system32\ole32.dll
0x00007ffbfd1d0000 - 0x00007ffbfe5e7000 	C:\Windows\system32\SHELL32.dll
0x00007ffbfb930000 - 0x00007ffbfb94e000 	C:\Windows\SYSTEM32\USERENV.dll
0x00007ffbfcb20000 - 0x00007ffbfcbc5000 	C:\Windows\system32\ADVAPI32.dll
0x00007ffbf7330000 - 0x00007ffbf734b000 	C:\Windows\SYSTEM32\MPR.dll
0x00007ffbfeba0000 - 0x00007ffbfecd6000 	C:\Windows\system32\RPCRT4.dll
0x00007ffbfcc80000 - 0x00007ffbfccd7000 	C:\Windows\SYSTEM32\sechost.dll
0x00007ffbfed70000 - 0x00007ffbfef46000 	C:\Windows\SYSTEM32\combase.dll
0x00007ffbfc890000 - 0x00007ffbfc9d5000 	C:\Windows\system32\GDI32.dll
0x00007ffbfc2c0000 - 0x00007ffbfc2d4000 	C:\Windows\SYSTEM32\profapi.dll
0x00007ffbfa920000 - 0x00007ffbfa9bf000 	C:\Windows\SYSTEM32\SHCORE.dll
0x00007ffbfeb50000 - 0x00007ffbfeb84000 	C:\Windows\system32\IMM32.DLL
0x00007ffbfc9e0000 - 0x00007ffbfcb19000 	C:\Windows\system32\MSCTF.dll
0x00007ffbfa0a0000 - 0x00007ffbfa2fa000 	C:\Windows\WinSxS\amd64_microsoft.windows.common-controls_6595b64144ccf1df_6.0.9600.17031_none_6242a4b3ecbb55a1\COMCTL32.dll
0x000000005e6d0000 - 0x000000005e7a2000 	C:\Program Files\Java\jdk1.8.0_92\jre\bin\msvcr100.dll
0x000000005eb60000 - 0x000000005f3f6000 	C:\Program Files\Java\jdk1.8.0_92\jre\bin\server\jvm.dll
0x00007ffbe9090000 - 0x00007ffbe9099000 	C:\Windows\SYSTEM32\WSOCK32.dll
0x00007ffbeeae0000 - 0x00007ffbeeaff000 	C:\Windows\SYSTEM32\WINMM.dll
0x00007ffbf9fd0000 - 0x00007ffbf9fda000 	C:\Windows\SYSTEM32\VERSION.dll
0x00007ffbfd1c0000 - 0x00007ffbfd1c7000 	C:\Windows\system32\PSAPI.DLL
0x00007ffbfe5f0000 - 0x00007ffbfe648000 	C:\Windows\system32\WS2_32.dll
0x00007ffbee9f0000 - 0x00007ffbeea1a000 	C:\Windows\SYSTEM32\WINMMBASE.dll
0x00007ffbfeb90000 - 0x00007ffbfeb99000 	C:\Windows\system32\NSI.dll
0x00007ffbfc780000 - 0x00007ffbfc7ca000 	C:\Windows\SYSTEM32\cfgmgr32.dll
0x00007ffbfb140000 - 0x00007ffbfb166000 	C:\Windows\SYSTEM32\DEVOBJ.dll
0x000000005eb50000 - 0x000000005eb5f000 	C:\Program Files\Java\jdk1.8.0_92\jre\bin\verify.dll
0x000000005eb20000 - 0x000000005eb49000 	C:\Program Files\Java\jdk1.8.0_92\jre\bin\java.dll
0x000000005eb00000 - 0x000000005eb16000 	C:\Program Files\Java\jdk1.8.0_92\jre\bin\zip.dll

VM Arguments:
jvm_args: -Djava.awt.headless=true -Xmx1024M -Dfile.encoding=windows-1252 -Duser.country=US -Duser.language=en -Duser.variant 
java_command: com.android.dx.command.Main --dex --force-jumbo --num-threads=4 --output C:\Zooket\app\build\intermediates\pre-dexed\debug\com.android.support-design-23.4.0_55f6bf198495ed160302d6fdc73c65d7af5889f1.jar C:\Zooket\app\build\intermediates\exploded-aar\com.android.support\design\23.4.0\jars\classes.jar
java_class_path (initial): C:\android-sdk-windows\build-tools\24.0.3\lib\dx.jar
Launcher Type: SUN_STANDARD

Environment Variables:
PATH=C:\ProgramData\Oracle\Java\javapath;C:\Windows\system32;C:\Windows;C:\Windows\System32\Wbem;C:\Windows\System32\WindowsPowerShell\v1.0\;C:\Program Files (x86)\NVIDIA Corporation\PhysX\Common;C:\Program Files (x86)\Windows Kits\8.1\Windows Performance Toolkit\;C:\Program Files\Microsoft SQL Server\110\Tools\Binn\;C:\Program Files\Microsoft SQL Server\110\DTS\Binn\;C:\Program Files (x86)\Microsoft SQL Server\110\Tools\Binn\;C:\Program Files (x86)\Microsoft SQL Server\110\Tools\Binn\ManagementStudio\;C:\Program Files (x86)\Microsoft Visual Studio 10.0\Common7\IDE\PrivateAssemblies\;C:\Program Files (x86)\Microsoft SQL Server\110\DTS\Binn\;C:\Program Files (x86)\GtkSharp\2.12\bin;C:\Program Files (x86)\QuickTime\QTSystem\
USERNAME=Smo
OS=Windows_NT
PROCESSOR_IDENTIFIER=Intel64 Family 6 Model 94 Stepping 3, GenuineIntel



---------------  S Y S T E M  ---------------

OS: Windows 8.1 , 64 bit Build 9600 (6.3.9600.17056)

CPU:total 4 (4 cores per cpu, 1 threads per core) family 6 model 94 stepping 3, cmov, cx8, fxsr, mmx, sse, sse2, sse3, ssse3, sse4.1, sse4.2, popcnt, avx, avx2, aes, clmul, erms, 3dnowpref, lzcnt, tsc, tscinvbit, bmi1, bmi2, adx

Memory: 4k page, physical 8266404k(990560k free), swap 8266404k(5132k free)

vm_info: Java HotSpot(TM) 64-Bit Server VM (25.92-b14) for windows-amd64 JRE (1.8.0_92-b14), built on Mar 31 2016 21:03:04 by "java_re" with MS VC++ 10.0 (VS2010)

time: Thu May 11 18:20:55 2017
elapsed time: 2 seconds (0d 0h 0m 2s)

