#
# There is insufficient memory for the Java Runtime Environment to continue.
# Native memory allocation (malloc) failed to allocate 32744 bytes for ChunkPool::allocate
# Possible reasons:
#   The system is out of physical RAM or swap space
#   In 32 bit mode, the process size limit was hit
# Possible solutions:
#   Reduce memory load on the system
#   Increase physical memory or swap space
#   Check if swap backing store is full
#   Use 64 bit Java on a 64 bit OS
#   Decrease Java heap size (-Xmx/-Xms)
#   Decrease number of Java threads
#   Decrease Java thread stack sizes (-Xss)
#   Set larger code cache with -XX:ReservedCodeCacheSize=
# This output file may be truncated or incomplete.
#
#  Out of Memory Error (allocation.cpp:273), pid=9896, tid=0x00000000000017d8
#
# JRE version: Java(TM) SE Runtime Environment (8.0_92-b14) (build 1.8.0_92-b14)
# Java VM: Java HotSpot(TM) 64-Bit Server VM (25.92-b14 mixed mode windows-amd64 compressed oops)
# Failed to write core dump. Minidumps are not enabled by default on client versions of Windows
#

---------------  T H R E A D  ---------------

Current thread (0x00000000167d1000):  JavaThread "C1 CompilerThread2" daemon [_thread_in_native, id=6104, stack(0x0000000016bd0000,0x0000000016cd0000)]

Stack: [0x0000000016bd0000,0x0000000016cd0000]
[error occurred during error reporting (printing stack bounds), id 0xc0000005]

Native frames: (J=compiled Java code, j=interpreted, Vv=VM code, C=native code)


Current CompileTask:
C1:   1234  745       3      
[error occurred during error reporting (printing current compile task), id 0xe0000001]


---------------  P R O C E S S  ---------------

Java Threads: ( => current thread )
  0x0000000016a71000 JavaThread "pool-1-thread-4" [_thread_in_Java, id=9944, stack(0x00000000172d0000,0x00000000173d0000)]
  0x0000000016a6f800 JavaThread "pool-1-thread-3" [_thread_in_vm, id=10132, stack(0x00000000171d0000,0x00000000172d0000)]
  0x0000000016a6f000 JavaThread "pool-1-thread-2" [_thread_in_vm, id=612, stack(0x00000000170d0000,0x00000000171d0000)]
  0x0000000016a6c000 JavaThread "pool-2-thread-1" [_thread_blocked, id=7404, stack(0x0000000016fd0000,0x00000000170d0000)]
  0x0000000016a6b800 JavaThread "pool-1-thread-1" [_thread_in_Java, id=7620, stack(0x0000000016ed0000,0x0000000016fd0000)]
  0x00000000167d6800 JavaThread "Service Thread" daemon [_thread_blocked, id=2432, stack(0x0000000016cd0000,0x0000000016dd0000)]
=>0x00000000167d1000 JavaThread "C1 CompilerThread2" daemon [_thread_in_native, id=6104, stack(0x0000000016bd0000,0x0000000016cd0000)]
  0x0000000014fe7000 JavaThread "C2 CompilerThread1" daemon [_thread_in_native, id=6304, stack(0x00000000166d0000,0x00000000167d0000)]
  0x0000000014f8e000 JavaThread "C2 CompilerThread0" daemon [_thread_in_native, id=7356, stack(0x00000000165d0000,0x00000000166d0000)]
  0x0000000014f8c000 JavaThread "Attach Listener" daemon [_thread_blocked, id=6040, stack(0x00000000164d0000,0x00000000165d0000)]
  0x0000000014f8a800 JavaThread "Signal Dispatcher" daemon [_thread_blocked, id=5392, stack(0x00000000163d0000,0x00000000164d0000)]
  0x0000000014f7a800 JavaThread "Finalizer" daemon [_thread_blocked, id=80, stack(0x00000000161f0000,0x00000000162f0000)]
  0x00000000028b0800 JavaThread "Reference Handler" daemon [_thread_blocked, id=6540, stack(0x00000000160f0000,0x00000000161f0000)]
  0x00000000027c2800 JavaThread "main" [_thread_in_Java, id=704, stack(0x00000000026c0000,0x00000000027c0000)]

Other Threads:
  0x0000000014f58800 VMThread [stack: 0x0000000015ff0000,0x00000000160f0000] [id=8060]
  0x00000000167e2000 WatcherThread [stack: 0x0000000016dd0000,0x0000000016ed0000] [id=1584]

VM state:not at safepoint (normal execution)

VM Mutex/Monitor currently owned by a thread: None

Heap:
 PSYoungGen      total 38400K, used 21603K [0x00000000eab00000, 0x00000000ed580000, 0x0000000100000000)
  eden space 33280K, 64% used [0x00000000eab00000,0x00000000ec018c40,0x00000000ecb80000)
  from space 5120K, 0% used [0x00000000ed080000,0x00000000ed080000,0x00000000ed580000)
  to   space 5120K, 0% used [0x00000000ecb80000,0x00000000ecb80000,0x00000000ed080000)
 ParOldGen       total 87552K, used 0K [0x00000000c0000000, 0x00000000c5580000, 0x00000000eab00000)
  object space 87552K, 0% used [0x00000000c0000000,0x00000000c0000000,0x00000000c5580000)
 Metaspace       used 5768K, capacity 6706K, committed 6784K, reserved 1056768K
  class space    used 603K, capacity 618K, committed 640K, reserved 1048576K

Card table byte_map: [0x0000000011c80000,0x0000000011e90000] byte_map_base: 0x0000000011680000

Marking Bits: (ParMarkBitMap*) 0x0000000076f664f0
 Begin Bits: [0x00000000123f0000, 0x00000000133f0000)
 End Bits:   [0x00000000133f0000, 0x00000000143f0000)

Polling page: 0x0000000000c50000

CodeCache: size=245760Kb used=2732Kb max_used=2732Kb free=243027Kb
 bounds [0x00000000028c0000, 0x0000000002b70000, 0x00000000118c0000]
 total_blobs=985 nmethods=716 adapters=182
 compilation: enabled

Compilation events (10 events):
Event: 1.232 Thread 0x00000000167d1000 nmethod 739 0x0000000002b696d0 code [0x0000000002b69860, 0x0000000002b69bb8]
Event: 1.232 Thread 0x00000000167d1000  726   !   3       com.android.dx.rop.code.RegisterSpecSet::get (18 bytes)
Event: 1.232 Thread 0x00000000167d1000 nmethod 726 0x0000000002b69d90 code [0x0000000002b69f00, 0x0000000002b6a168]
Event: 1.232 Thread 0x00000000167d1000  728       3       com.android.dx.rop.code.ThrowingCstInsn::<init> (51 bytes)
Event: 1.232 Thread 0x00000000167d1000 nmethod 728 0x0000000002b6a310 code [0x0000000002b6a4e0, 0x0000000002b6aad8]
Event: 1.232 Thread 0x00000000167d1000  657       3       com.android.dx.rop.type.StdTypeList::get (9 bytes)
Event: 1.232 Thread 0x00000000167d1000 nmethod 657 0x0000000002b6ad90 code [0x0000000002b6af00, 0x0000000002b6b1e8]
Event: 1.232 Thread 0x00000000167d1000  737       3       com.android.dx.dex.code.RopTranslator$LocalVariableAwareTranslationVisitor::addIntroductionIfNecessary (30 bytes)
Event: 1.233 Thread 0x00000000167d1000 nmethod 737 0x0000000002b6b290 code [0x0000000002b6b480, 0x0000000002b6bf28]
Event: 1.233 Thread 0x00000000167d1000  745       3       com.android.dx.ssa.LocalVariableExtractor::processBlock (383 bytes)

GC Heap History (0 events):
No events

Deoptimization events (2 events):
Event: 0.922 Thread 0x00000000027c2800 Uncommon trap: reason=unstable_if action=reinterpret pc=0x0000000002a11594 method=java.lang.String.compareTo(Ljava/lang/String;)I @ 38
Event: 1.159 Thread 0x00000000027c2800 Uncommon trap: reason=unstable_if action=reinterpret pc=0x0000000002ad9440 method=java.util.HashMap.getNode(ILjava/lang/Object;)Ljava/util/HashMap$Node; @ 62

Internal exceptions (2 events):
Event: 0.401 Thread 0x00000000027c2800 Exception <a 'java/lang/NoSuchMethodError': Method sun.misc.Unsafe.defineClass(Ljava/lang/String;[BII)Ljava/lang/Class; name or signature does not match> (0x00000000eab07cc0) thrown at [D:\re\workspace\8-2-build-windows-amd64-cygwin\jdk8u92\6642\hotspot\srr‚·$ê±Ù?
Event: 0.401 Thread 0x00000000027c2800 Exception <a 'java/lang/NoSuchMethodError': Method sun.misc.Unsafe.prefetchRead(Ljava/lang/Object;J)V name or signature does not match> (0x00000000eab07fa8) thrown at [D:\re\workspace\8-2-build-windows-amd64-cygwin\jdk8u92\6642\hotspot\src\share\vm\prims\j

Events (10 events):
Event: 1.160 loading class com/android/dx/dex/file/MethodAnnotationStruct
Event: 1.160 loading class com/android/dx/dex/file/MethodAnnotationStruct done
Event: 1.167 loading class com/android/dx/ssa/back/FirstFitLocalCombiningAllocator$Multiset
Event: 1.167 loading class com/android/dx/ssa/back/FirstFitLocalCombiningAllocator$Multiset done
Event: 1.169 loading class com/android/dx/cf/code/BytecodeArray$ConstantParserVisitor
Event: 1.169 loading class com/android/dx/cf/code/BytecodeArray$ConstantParserVisitor done
Event: 1.214 loading class com/android/dx/cf/code/SwitchList
Event: 1.214 loading class com/android/dx/cf/code/SwitchList done
Event: 1.223 loading class java/util/ArrayList$1
Event: 1.223 loading class java/util/ArrayList$1 done


Dynamic libraries:
0x00007ff6cbb10000 - 0x00007ff6cbb47000 	C:\Program Files\Java\jdk1.8.0_92\bin\java.exe
0x00007ffae65e0000 - 0x00007ffae678a000 	C:\Windows\SYSTEM32\ntdll.dll
0x00007ffae5b60000 - 0x00007ffae5c9a000 	C:\Windows\system32\KERNEL32.DLL
0x00007ffae3d50000 - 0x00007ffae3e5f000 	C:\Windows\system32\KERNELBASE.dll
0x00007ffae2580000 - 0x00007ffae2608000 	C:\Windows\system32\apphelp.dll
0x00007fface8f0000 - 0x00007fface93f000 	C:\Windows\AppPatch\AppPatch64\AcGenral.DLL
0x00007ffae5710000 - 0x00007ffae57b7000 	C:\Windows\system32\msvcrt.dll
0x00007ffae3790000 - 0x00007ffae37bb000 	C:\Windows\SYSTEM32\SspiCli.dll
0x00007ffae5e40000 - 0x00007ffae5e91000 	C:\Windows\system32\SHLWAPI.dll
0x00007ffae6460000 - 0x00007ffae65d1000 	C:\Windows\system32\USER32.dll
0x00007ffae5cc0000 - 0x00007ffae5e38000 	C:\Windows\system32\ole32.dll
0x00007ffae4010000 - 0x00007ffae5427000 	C:\Windows\system32\SHELL32.dll
0x00007ffae2fc0000 - 0x00007ffae2fde000 	C:\Windows\SYSTEM32\USERENV.dll
0x00007ffae5f20000 - 0x00007ffae5fc5000 	C:\Windows\system32\ADVAPI32.dll
0x00007ffade890000 - 0x00007ffade8ab000 	C:\Windows\SYSTEM32\MPR.dll
0x00007ffae6100000 - 0x00007ffae6236000 	C:\Windows\system32\RPCRT4.dll
0x00007ffae5430000 - 0x00007ffae5487000 	C:\Windows\SYSTEM32\sechost.dll
0x00007ffae5530000 - 0x00007ffae5706000 	C:\Windows\SYSTEM32\combase.dll
0x00007ffae3ec0000 - 0x00007ffae4005000 	C:\Windows\system32\GDI32.dll
0x00007ffae3950000 - 0x00007ffae3964000 	C:\Windows\SYSTEM32\profapi.dll
0x00007ffae1fb0000 - 0x00007ffae204f000 	C:\Windows\SYSTEM32\SHCORE.dll
0x00007ffae6240000 - 0x00007ffae6274000 	C:\Windows\system32\IMM32.DLL
0x00007ffae5880000 - 0x00007ffae59b9000 	C:\Windows\system32\MSCTF.dll
0x00007ffae1620000 - 0x00007ffae187a000 	C:\Windows\WinSxS\amd64_microsoft.windows.common-controls_6595b64144ccf1df_6.0.9600.17031_none_6242a4b3ecbb55a1\COMCTL32.dll
0x0000000076040000 - 0x0000000076112000 	C:\Program Files\Java\jdk1.8.0_92\jre\bin\msvcr100.dll
0x0000000076750000 - 0x0000000076fe6000 	C:\Program Files\Java\jdk1.8.0_92\jre\bin\server\jvm.dll
0x00007ffadb460000 - 0x00007ffadb469000 	C:\Windows\SYSTEM32\WSOCK32.dll
0x00007ffad84b0000 - 0x00007ffad84cf000 	C:\Windows\SYSTEM32\WINMM.dll
0x00007ffae1520000 - 0x00007ffae152a000 	C:\Windows\SYSTEM32\VERSION.dll
0x00007ffae6030000 - 0x00007ffae6037000 	C:\Windows\system32\PSAPI.DLL
0x00007ffae5fd0000 - 0x00007ffae6028000 	C:\Windows\system32\WS2_32.dll
0x00007ffad8480000 - 0x00007ffad84aa000 	C:\Windows\SYSTEM32\WINMMBASE.dll
0x00007ffae5cb0000 - 0x00007ffae5cb9000 	C:\Windows\system32\NSI.dll
0x00007ffae3a20000 - 0x00007ffae3a6a000 	C:\Windows\SYSTEM32\cfgmgr32.dll
0x00007ffae27d0000 - 0x00007ffae27f6000 	C:\Windows\SYSTEM32\DEVOBJ.dll
0x0000000050000000 - 0x000000005000f000 	C:\Program Files\Java\jdk1.8.0_92\jre\bin\verify.dll
0x0000000076720000 - 0x0000000076749000 	C:\Program Files\Java\jdk1.8.0_92\jre\bin\java.dll
0x0000000076700000 - 0x0000000076716000 	C:\Program Files\Java\jdk1.8.0_92\jre\bin\zip.dll

VM Arguments:
jvm_args: -Djava.awt.headless=true -Xmx1024M -Dfile.encoding=windows-1252 -Duser.country=US -Duser.language=en -Duser.variant 
java_command: com.android.dx.command.Main --dex --force-jumbo --num-threads=4 --output C:\Zooket\app\build\intermediates\pre-dexed\debug\com.android.support-appcompat-v7-23.4.0_fda78873d11546ce0404252f8f37bf8df30f60cc.jar C:\Zooket\app\build\intermediates\exploded-aar\com.android.support\appcompat-v7\23.4.0\jars\classes.jar
java_class_path (initial): C:\android-sdk-windows\build-tools\24.0.3\lib\dx.jar
Launcher Type: SUN_STANDARD

Environment Variables:
PATH=C:\ProgramData\Oracle\Java\javapath;C:\Windows\system32;C:\Windows;C:\Windows\System32\Wbem;C:\Windows\System32\WindowsPowerShell\v1.0\;C:\Program Files (x86)\NVIDIA Corporation\PhysX\Common;C:\Program Files (x86)\Windows Kits\8.1\Windows Performance Toolkit\;C:\Program Files\Microsoft SQL Server\110\Tools\Binn\;C:\Program Files\Microsoft SQL Server\110\DTS\Binn\;C:\Program Files (x86)\Microsoft SQL Server\110\Tools\Binn\;C:\Program Files (x86)\Microsoft SQL Server\110\Tools\Binn\ManagementStudio\;C:\Program Files (x86)\Microsoft Visual Studio 10.0\Common7\IDE\PrivateAssemblies\;C:\Program Files (x86)\Microsoft SQL Server\110\DTS\Binn\;C:\Program Files (x86)\GtkSharp\2.12\bin;C:\Program Files (x86)\QuickTime\QTSystem\
USERNAME=Smo
OS=Windows_NT
PROCESSOR_IDENTIFIER=Intel64 Family 6 Model 94 Stepping 3, GenuineIntel



---------------  S Y S T E M  ---------------

OS: Windows 8.1 , 64 bit Build 9600 (6.3.9600.17056)

CPU:total 4 (4 cores per cpu, 1 threads per core) family 6 model 94 stepping 3, cmov, cx8, fxsr, mmx, sse, sse2, sse3, ssse3, sse4.1, sse4.2, popcnt, avx, avx2, aes, clmul, erms, 3dnowpref, lzcnt, tsc, tscinvbit, bmi1, bmi2, adx

Memory: 4k page, physical 8266404k(882792k free), swap 8266404k(5124k free)

vm_info: Java HotSpot(TM) 64-Bit Server VM (25.92-b14) for windows-amd64 JRE (1.8.0_92-b14), built on Mar 31 2016 21:03:04 by "java_re" with MS VC++ 10.0 (VS2010)

time: Thu May 18 19:19:00 2017
elapsed time: 1 seconds (0d 0h 0m 1s)

