#
# There is insufficient memory for the Java Runtime Environment to continue.
# Native memory allocation (malloc) failed to allocate 1155376 bytes for Chunk::new
# Possible reasons:
#   The system is out of physical RAM or swap space
#   In 32 bit mode, the process size limit was hit
# Possible solutions:
#   Reduce memory load on the system
#   Increase physical memory or swap space
#   Check if swap backing store is full
#   Use 64 bit Java on a 64 bit OS
#   Decrease Java heap size (-Xmx/-Xms)
#   Decrease number of Java threads
#   Decrease Java thread stack sizes (-Xss)
#   Set larger code cache with -XX:ReservedCodeCacheSize=
# This output file may be truncated or incomplete.
#
#  Out of Memory Error (allocation.cpp:390), pid=7296, tid=0x000000000000278c
#
# JRE version: Java(TM) SE Runtime Environment (8.0_92-b14) (build 1.8.0_92-b14)
# Java VM: Java HotSpot(TM) 64-Bit Server VM (25.92-b14 mixed mode windows-amd64 compressed oops)
# Failed to write core dump. Minidumps are not enabled by default on client versions of Windows
#

---------------  T H R E A D  ---------------

Current thread (0x0000000014b5d000):  JavaThread "C2 CompilerThread0" daemon [_thread_in_native, id=10124, stack(0x00000000161a0000,0x00000000162a0000)]

Stack: [0x00000000161a0000,0x00000000162a0000]
[error occurred during error reporting (printing stack bounds), id 0xc0000005]

Native frames: (J=compiled Java code, j=interpreted, Vv=VM code, C=native code)


Current CompileTask:
C2:   2461 1575   !   4       com.android.dx.cf.code.BytecodeArray::parseInstruction (2764 bytes)


---------------  P R O C E S S  ---------------

Java Threads: ( => current thread )
  0x00000000163a5800 JavaThread "Service Thread" daemon [_thread_blocked, id=7712, stack(0x00000000168a0000,0x00000000169a0000)]
  0x00000000163a0800 JavaThread "C1 CompilerThread2" daemon [_thread_in_vm, id=9344, stack(0x00000000167a0000,0x00000000168a0000)]
  0x0000000014bb6800 JavaThread "C2 CompilerThread1" daemon [_thread_in_native, id=9636, stack(0x00000000162a0000,0x00000000163a0000)]
=>0x0000000014b5d000 JavaThread "C2 CompilerThread0" daemon [_thread_in_native, id=10124, stack(0x00000000161a0000,0x00000000162a0000)]
  0x0000000014b5b000 JavaThread "Attach Listener" daemon [_thread_blocked, id=10116, stack(0x00000000160a0000,0x00000000161a0000)]
  0x0000000014b5a000 JavaThread "Signal Dispatcher" daemon [_thread_blocked, id=10120, stack(0x0000000015fa0000,0x00000000160a0000)]
  0x00000000023aa800 JavaThread "Finalizer" daemon [_thread_blocked, id=10108, stack(0x0000000015dc0000,0x0000000015ec0000)]
  0x000000000239f800 JavaThread "Reference Handler" daemon [_thread_blocked, id=10136, stack(0x0000000015cc0000,0x0000000015dc0000)]
  0x00000000022b2800 JavaThread "main" [_thread_in_Java, id=9320, stack(0x0000000000a30000,0x0000000000b30000)]

Other Threads:
  0x0000000014b28800 VMThread [stack: 0x0000000015bc0000,0x0000000015cc0000] [id=10200]
  0x00000000163b1800 WatcherThread [stack: 0x00000000169a0000,0x0000000016aa0000] [id=9464]

VM state:not at safepoint (normal execution)

VM Mutex/Monitor currently owned by a thread: None

Heap:
 PSYoungGen      total 71680K, used 36343K [0x00000000eab00000, 0x00000000ef600000, 0x0000000100000000)
  eden space 66560K, 46% used [0x00000000eab00000,0x00000000ec97f248,0x00000000eec00000)
  from space 5120K, 99% used [0x00000000ef100000,0x00000000ef5feac8,0x00000000ef600000)
  to   space 5120K, 0% used [0x00000000eec00000,0x00000000eec00000,0x00000000ef100000)
 ParOldGen       total 87552K, used 5214K [0x00000000c0000000, 0x00000000c5580000, 0x00000000eab00000)
  object space 87552K, 5% used [0x00000000c0000000,0x00000000c0517aa8,0x00000000c5580000)
 Metaspace       used 6290K, capacity 7096K, committed 7296K, reserved 1056768K
  class space    used 609K, capacity 624K, committed 640K, reserved 1048576K

Card table byte_map: [0x00000000119b0000,0x0000000011bc0000] byte_map_base: 0x00000000113b0000

Marking Bits: (ParMarkBitMap*) 0x000000006bf164f0
 Begin Bits: [0x0000000011fc0000, 0x0000000012fc0000)
 End Bits:   [0x0000000012fc0000, 0x0000000013fc0000)

Polling page: 0x0000000000b30000

CodeCache: size=245760Kb used=7190Kb max_used=7190Kb free=238569Kb
 bounds [0x00000000025f0000, 0x0000000002d00000, 0x00000000115f0000]
 total_blobs=1983 nmethods=1714 adapters=182
 compilation: enabled

Compilation events (10 events):
Event: 2.456 Thread 0x00000000163a0800 1729       2       java.util.HashMap$KeyIterator::next (8 bytes)
Event: 2.456 Thread 0x00000000163a0800 nmethod 1729 0x0000000002cf6a10 code [0x0000000002cf6b80, 0x0000000002cf6d08]
Event: 2.458 Thread 0x00000000163a0800 1731       2       com.android.dx.dex.code.OutputFinisher::getAllConstants (47 bytes)
Event: 2.458 Thread 0x00000000163a0800 nmethod 1731 0x0000000002cf6dd0 code [0x0000000002cf6f80, 0x0000000002cf7388]
Event: 2.458 Thread 0x00000000163a0800 1732       1       com.android.dx.dex.code.OutputFinisher::hasAnyPositionInfo (5 bytes)
Event: 2.458 Thread 0x00000000163a0800 nmethod 1732 0x0000000002cf7610 code [0x0000000002cf7760, 0x0000000002cf7870]
Event: 2.458 Thread 0x00000000163a0800 1733       2       com.android.dx.dex.code.StdCatchBuilder::hasAnyCatches (57 bytes)
Event: 2.458 Thread 0x00000000163a0800 nmethod 1733 0x0000000002cf78d0 code [0x0000000002cf7a80, 0x0000000002cf7db8]
Event: 2.459 Thread 0x00000000163a0800 1735       2       com.android.dx.dex.file.CodeItem::addContents (174 bytes)
Event: 2.459 Thread 0x00000000163a0800 nmethod 1735 0x0000000002cf8150 code [0x0000000002cf83a0, 0x0000000002cf8ae8]

GC Heap History (4 events):
Event: 1.286 GC heap before
{Heap before GC invocations=1 (full 0):
 PSYoungGen      total 38400K, used 33280K [0x00000000eab00000, 0x00000000ed580000, 0x0000000100000000)
  eden space 33280K, 100% used [0x00000000eab00000,0x00000000ecb80000,0x00000000ecb80000)
  from space 5120K, 0% used [0x00000000ed080000,0x00000000ed080000,0x00000000ed580000)
  to   space 5120K, 0% used [0x00000000ecb80000,0x00000000ecb80000,0x00000000ed080000)
 ParOldGen       total 87552K, used 0K [0x00000000c0000000, 0x00000000c5580000, 0x00000000eab00000)
  object space 87552K, 0% used [0x00000000c0000000,0x00000000c0000000,0x00000000c5580000)
 Metaspace       used 5947K, capacity 6898K, committed 7040K, reserved 1056768K
  class space    used 598K, capacity 618K, committed 640K, reserved 1048576K
Event: 1.508 GC heap after
Heap after GC invocations=1 (full 0):
 PSYoungGen      total 38400K, used 5109K [0x00000000eab00000, 0x00000000ef600000, 0x0000000100000000)
  eden space 33280K, 0% used [0x00000000eab00000,0x00000000eab00000,0x00000000ecb80000)
  from space 5120K, 99% used [0x00000000ecb80000,0x00000000ed07d650,0x00000000ed080000)
  to   space 5120K, 0% used [0x00000000ef100000,0x00000000ef100000,0x00000000ef600000)
 ParOldGen       total 87552K, used 987K [0x00000000c0000000, 0x00000000c5580000, 0x00000000eab00000)
  object space 87552K, 1% used [0x00000000c0000000,0x00000000c00f6e40,0x00000000c5580000)
 Metaspace       used 5947K, capacity 6898K, committed 7040K, reserved 1056768K
  class space    used 598K, capacity 618K, committed 640K, reserved 1048576K
}
Event: 2.044 GC heap before
{Heap before GC invocations=2 (full 0):
 PSYoungGen      total 38400K, used 38389K [0x00000000eab00000, 0x00000000ef600000, 0x0000000100000000)
  eden space 33280K, 100% used [0x00000000eab00000,0x00000000ecb80000,0x00000000ecb80000)
  from space 5120K, 99% used [0x00000000ecb80000,0x00000000ed07d650,0x00000000ed080000)
  to   space 5120K, 0% used [0x00000000ef100000,0x00000000ef100000,0x00000000ef600000)
 ParOldGen       total 87552K, used 987K [0x00000000c0000000, 0x00000000c5580000, 0x00000000eab00000)
  object space 87552K, 1% used [0x00000000c0000000,0x00000000c00f6e40,0x00000000c5580000)
 Metaspace       used 6190K, capacity 7090K, committed 7296K, reserved 1056768K
  class space    used 600K, capacity 618K, committed 640K, reserved 1048576K
Event: 2.227 GC heap after
Heap after GC invocations=2 (full 0):
 PSYoungGen      total 71680K, used 5114K [0x00000000eab00000, 0x00000000ef600000, 0x0000000100000000)
  eden space 66560K, 0% used [0x00000000eab00000,0x00000000eab00000,0x00000000eec00000)
  from space 5120K, 99% used [0x00000000ef100000,0x00000000ef5feac8,0x00000000ef600000)
  to   space 5120K, 0% used [0x00000000eec00000,0x00000000eec00000,0x00000000ef100000)
 ParOldGen       total 87552K, used 5214K [0x00000000c0000000, 0x00000000c5580000, 0x00000000eab00000)
  object space 87552K, 5% used [0x00000000c0000000,0x00000000c0517aa8,0x00000000c5580000)
 Metaspace       used 6190K, capacity 7090K, committed 7296K, reserved 1056768K
  class space    used 600K, capacity 618K, committed 640K, reserved 1048576K
}

Deoptimization events (10 events):
Event: 2.347 Thread 0x00000000165d4000 Uncommon trap: reason=bimorphic action=maybe_recompile pc=0x000000000284f528 method=java.util.HashMap.getNode(ILjava/lang/Object;)Ljava/util/HashMap$Node; @ 126
Event: 2.450 Thread 0x00000000022b2800 Uncommon trap: reason=class_check action=maybe_recompile pc=0x0000000002a25c08 method=java.util.Arrays.hashCode([Ljava/lang/Object;)I @ 43
Event: 2.450 Thread 0x00000000022b2800 Uncommon trap: reason=class_check action=maybe_recompile pc=0x0000000002a25c08 method=java.util.Arrays.hashCode([Ljava/lang/Object;)I @ 43
Event: 2.450 Thread 0x00000000022b2800 Uncommon trap: reason=class_check action=maybe_recompile pc=0x0000000002a25c08 method=java.util.Arrays.hashCode([Ljava/lang/Object;)I @ 43
Event: 2.450 Thread 0x00000000022b2800 Uncommon trap: reason=class_check action=maybe_recompile pc=0x0000000002a25c08 method=java.util.Arrays.hashCode([Ljava/lang/Object;)I @ 43
Event: 2.450 Thread 0x00000000022b2800 Uncommon trap: reason=class_check action=maybe_recompile pc=0x0000000002a0f374 method=java.util.Arrays.hashCode([Ljava/lang/Object;)I @ 43
Event: 2.453 Thread 0x00000000022b2800 Uncommon trap: reason=class_check action=maybe_recompile pc=0x0000000002a29404 method=java.util.HashMap.putVal(ILjava/lang/Object;Ljava/lang/Object;ZZ)Ljava/lang/Object; @ 203
Event: 2.455 Thread 0x00000000022b2800 Uncommon trap: reason=class_check action=maybe_recompile pc=0x0000000002a29404 method=java.util.HashMap.putVal(ILjava/lang/Object;Ljava/lang/Object;ZZ)Ljava/lang/Object; @ 203
Event: 2.455 Thread 0x00000000022b2800 Uncommon trap: reason=class_check action=maybe_recompile pc=0x0000000002a29404 method=java.util.HashMap.putVal(ILjava/lang/Object;Ljava/lang/Object;ZZ)Ljava/lang/Object; @ 203
Event: 2.455 Thread 0x00000000022b2800 Uncommon trap: reason=class_check action=maybe_recompile pc=0x0000000002a29404 method=java.util.HashMap.putVal(ILjava/lang/Object;Ljava/lang/Object;ZZ)Ljava/lang/Object; @ 203

Internal exceptions (5 events):
Event: 0.044 Thread 0x00000000022b2800 Exception <a 'java/lang/NoSuchMethodError': Method sun.misc.Unsafe.defineClass(Ljava/lang/String;[BII)Ljava/lang/Class; name or signature does not match> (0x00000000eab07cc0) thrown at [D:\re\workspace\8-2-build-windows-amd64-cygwin\jdk8u92\6642\hotspot\srÇG¨aœ¨¶?
Event: 0.044 Thread 0x00000000022b2800 Exception <a 'java/lang/NoSuchMethodError': Method sun.misc.Unsafe.prefetchRead(Ljava/lang/Object;J)V name or signature does not match> (0x00000000eab07fa8) thrown at [D:\re\workspace\8-2-build-windows-amd64-cygwin\jdk8u92\6642\hotspot\src\share\vm\prims\j§çPîÚ‚?
Event: 0.592 Thread 0x00000000022b2800 Implicit null exception at 0x000000000286b314 to 0x000000000286ca4d
Event: 0.592 Thread 0x00000000022b2800 Implicit null exception at 0x0000000002874eca to 0x0000000002876cc5
Event: 1.600 Thread 0x00000000165d5800 Implicit null exception at 0x00000000028686e2 to 0x00000000028687da

Events (10 events):
Event: 2.455 Thread 0x00000000022b2800 DEOPT PACKING pc=0x0000000002a29404 sp=0x0000000000b2ea80
Event: 2.455 Thread 0x00000000022b2800 DEOPT UNPACKING pc=0x000000000263582a sp=0x0000000000b2e9a0 mode 2
Event: 2.455 Thread 0x00000000022b2800 Uncommon trap: trap_request=0xffffffde fr.pc=0x0000000002a29404
Event: 2.455 Thread 0x00000000022b2800 DEOPT PACKING pc=0x0000000002a29404 sp=0x0000000000b2ea80
Event: 2.455 Thread 0x00000000022b2800 DEOPT UNPACKING pc=0x000000000263582a sp=0x0000000000b2e9a0 mode 2
Event: 2.455 Thread 0x00000000022b2800 Uncommon trap: trap_request=0xffffffde fr.pc=0x0000000002a29404
Event: 2.455 Thread 0x00000000022b2800 DEOPT PACKING pc=0x0000000002a29404 sp=0x0000000000b2ea80
Event: 2.455 Thread 0x00000000022b2800 DEOPT UNPACKING pc=0x000000000263582a sp=0x0000000000b2e9a0 mode 2
Event: 2.456 loading class com/android/dx/dex/file/CatchStructs
Event: 2.456 loading class com/android/dx/dex/file/CatchStructs done


Dynamic libraries:
0x00007ff7d3560000 - 0x00007ff7d3597000 	C:\Program Files\Java\jdk1.8.0_92\bin\java.exe
0x00007ff89b3d0000 - 0x00007ff89b57a000 	C:\Windows\SYSTEM32\ntdll.dll
0x00007ff898d00000 - 0x00007ff898e3a000 	C:\Windows\system32\KERNEL32.DLL
0x00007ff898af0000 - 0x00007ff898bff000 	C:\Windows\system32\KERNELBASE.dll
0x00007ff897370000 - 0x00007ff8973f8000 	C:\Windows\system32\apphelp.dll
0x00007ff875f50000 - 0x00007ff875f9f000 	C:\Windows\AppPatch\AppPatch64\AcGenral.DLL
0x00007ff899020000 - 0x00007ff8990c7000 	C:\Windows\system32\msvcrt.dll
0x00007ff898580000 - 0x00007ff8985ab000 	C:\Windows\SYSTEM32\SspiCli.dll
0x00007ff89a7a0000 - 0x00007ff89a7f1000 	C:\Windows\system32\SHLWAPI.dll
0x00007ff89a9e0000 - 0x00007ff89ab51000 	C:\Windows\system32\USER32.dll
0x00007ff898ea0000 - 0x00007ff899018000 	C:\Windows\system32\ole32.dll
0x00007ff899380000 - 0x00007ff89a797000 	C:\Windows\system32\SHELL32.dll
0x00007ff897db0000 - 0x00007ff897dce000 	C:\Windows\SYSTEM32\USERENV.dll
0x00007ff89b200000 - 0x00007ff89b2a5000 	C:\Windows\system32\ADVAPI32.dll
0x00007ff893600000 - 0x00007ff89361b000 	C:\Windows\SYSTEM32\MPR.dll
0x00007ff89ad40000 - 0x00007ff89ae76000 	C:\Windows\system32\RPCRT4.dll
0x00007ff898e40000 - 0x00007ff898e97000 	C:\Windows\SYSTEM32\sechost.dll
0x00007ff8990d0000 - 0x00007ff8992a6000 	C:\Windows\SYSTEM32\combase.dll
0x00007ff89ae90000 - 0x00007ff89afd5000 	C:\Windows\system32\GDI32.dll
0x00007ff898740000 - 0x00007ff898754000 	C:\Windows\SYSTEM32\profapi.dll
0x00007ff896da0000 - 0x00007ff896e3f000 	C:\Windows\SYSTEM32\SHCORE.dll
0x00007ff89a9a0000 - 0x00007ff89a9d4000 	C:\Windows\system32\IMM32.DLL
0x00007ff89b0c0000 - 0x00007ff89b1f9000 	C:\Windows\system32\MSCTF.dll
0x00007ff896520000 - 0x00007ff89677a000 	C:\Windows\WinSxS\amd64_microsoft.windows.common-controls_6595b64144ccf1df_6.0.9600.17031_none_6242a4b3ecbb55a1\COMCTL32.dll
0x000000006b320000 - 0x000000006b3f2000 	C:\Program Files\Java\jdk1.8.0_92\jre\bin\msvcr100.dll
0x000000006b700000 - 0x000000006bf96000 	C:\Program Files\Java\jdk1.8.0_92\jre\bin\server\jvm.dll
0x00007ff88b560000 - 0x00007ff88b569000 	C:\Windows\SYSTEM32\WSOCK32.dll
0x00007ff88ab60000 - 0x00007ff88ab7f000 	C:\Windows\SYSTEM32\WINMM.dll
0x00007ff896450000 - 0x00007ff89645a000 	C:\Windows\SYSTEM32\VERSION.dll
0x00007ff89ae80000 - 0x00007ff89ae87000 	C:\Windows\system32\PSAPI.DLL
0x00007ff8992b0000 - 0x00007ff899308000 	C:\Windows\system32\WS2_32.dll
0x00007ff88aac0000 - 0x00007ff88aaea000 	C:\Windows\SYSTEM32\WINMMBASE.dll
0x00007ff89b000000 - 0x00007ff89b009000 	C:\Windows\system32\NSI.dll
0x00007ff898c00000 - 0x00007ff898c4a000 	C:\Windows\SYSTEM32\cfgmgr32.dll
0x00007ff8975c0000 - 0x00007ff8975e6000 	C:\Windows\SYSTEM32\DEVOBJ.dll
0x000000006e490000 - 0x000000006e49f000 	C:\Program Files\Java\jdk1.8.0_92\jre\bin\verify.dll
0x000000006c680000 - 0x000000006c6a9000 	C:\Program Files\Java\jdk1.8.0_92\jre\bin\java.dll
0x000000006c660000 - 0x000000006c676000 	C:\Program Files\Java\jdk1.8.0_92\jre\bin\zip.dll

VM Arguments:
jvm_args: -Djava.awt.headless=true -Xmx1024M -Dfile.encoding=windows-1252 -Duser.country=US -Duser.language=en -Duser.variant 
java_command: com.android.dx.command.Main --dex --force-jumbo --num-threads=4 --output C:\Zooket\app\build\intermediates\pre-dexed\debug\com.google.maps.android-android-maps-utils-0.4.3_0dc36d24dba4c43be3884d8abdf9812152ccfcfd.jar C:\Zooket\app\build\intermediates\exploded-aar\com.google.maps.android\android-maps-utils\0.4.3\jars\classes.jar
java_class_path (initial): C:\android-sdk-windows\build-tools\24.0.3\lib\dx.jar
Launcher Type: SUN_STANDARD

Environment Variables:
PATH=C:\ProgramData\Oracle\Java\javapath;C:\Windows\system32;C:\Windows;C:\Windows\System32\Wbem;C:\Windows\System32\WindowsPowerShell\v1.0\;C:\Program Files (x86)\NVIDIA Corporation\PhysX\Common;C:\Program Files (x86)\Windows Kits\8.1\Windows Performance Toolkit\;C:\Program Files\Microsoft SQL Server\110\Tools\Binn\;C:\Program Files\Microsoft SQL Server\110\DTS\Binn\;C:\Program Files (x86)\Microsoft SQL Server\110\Tools\Binn\;C:\Program Files (x86)\Microsoft SQL Server\110\Tools\Binn\ManagementStudio\;C:\Program Files (x86)\Microsoft Visual Studio 10.0\Common7\IDE\PrivateAssemblies\;C:\Program Files (x86)\Microsoft SQL Server\110\DTS\Binn\;C:\Program Files (x86)\GtkSharp\2.12\bin;C:\Program Files (x86)\QuickTime\QTSystem\
USERNAME=Smo
OS=Windows_NT
PROCESSOR_IDENTIFIER=Intel64 Family 6 Model 94 Stepping 3, GenuineIntel



---------------  S Y S T E M  ---------------

OS: Windows 8.1 , 64 bit Build 9600 (6.3.9600.17056)

CPU:total 4 (4 cores per cpu, 1 threads per core) family 6 model 94 stepping 3, cmov, cx8, fxsr, mmx, sse, sse2, sse3, ssse3, sse4.1, sse4.2, popcnt, avx, avx2, aes, clmul, erms, 3dnowpref, lzcnt, tsc, tscinvbit, bmi1, bmi2, adx

Memory: 4k page, physical 8266404k(1526312k free), swap 8266404k(5336k free)

vm_info: Java HotSpot(TM) 64-Bit Server VM (25.92-b14) for windows-amd64 JRE (1.8.0_92-b14), built on Mar 31 2016 21:03:04 by "java_re" with MS VC++ 10.0 (VS2010)

time: Thu May 11 22:11:22 2017
elapsed time: 2 seconds (0d 0h 0m 2s)

