#
# There is insufficient memory for the Java Runtime Environment to continue.
# Native memory allocation (malloc) failed to allocate 132176 bytes for Chunk::new
# Possible reasons:
#   The system is out of physical RAM or swap space
#   In 32 bit mode, the process size limit was hit
# Possible solutions:
#   Reduce memory load on the system
#   Increase physical memory or swap space
#   Check if swap backing store is full
#   Use 64 bit Java on a 64 bit OS
#   Decrease Java heap size (-Xmx/-Xms)
#   Decrease number of Java threads
#   Decrease Java thread stack sizes (-Xss)
#   Set larger code cache with -XX:ReservedCodeCacheSize=
# This output file may be truncated or incomplete.
#
#  Out of Memory Error (allocation.cpp:390), pid=3392, tid=0x0000000000001698
#
# JRE version: Java(TM) SE Runtime Environment (8.0_92-b14) (build 1.8.0_92-b14)
# Java VM: Java HotSpot(TM) 64-Bit Server VM (25.92-b14 mixed mode windows-amd64 compressed oops)
# Failed to write core dump. Minidumps are not enabled by default on client versions of Windows
#

---------------  T H R E A D  ---------------

Current thread (0x00000000148de000):  JavaThread "C2 CompilerThread0" daemon [_thread_in_native, id=5784, stack(0x0000000015f50000,0x0000000016050000)]

Stack: [0x0000000015f50000,0x0000000016050000]
[error occurred during error reporting (printing stack bounds), id 0xc0000005]

Native frames: (J=compiled Java code, j=interpreted, Vv=VM code, C=native code)


Current CompileTask:
C2:  13946 2437       4       com.android.dx.ssa.back.FirstFitLocalCombiningAllocator::handleCheckCastResults (413 bytes)


---------------  P R O C E S S  ---------------

Java Threads: ( => current thread )
  0x000000001656c000 JavaThread "pool-1-thread-4" [_thread_in_Java, id=908, stack(0x0000000016c50000,0x0000000016d50000)]
  0x00000000164d3800 JavaThread "pool-1-thread-3" [_thread_in_Java, id=2564, stack(0x0000000016b50000,0x0000000016c50000)]
  0x00000000164d2800 JavaThread "pool-1-thread-2" [_thread_in_Java, id=1892, stack(0x0000000016a50000,0x0000000016b50000)]
  0x00000000164eb800 JavaThread "pool-2-thread-1" [_thread_blocked, id=4752, stack(0x0000000016950000,0x0000000016a50000)]
  0x000000001655f000 JavaThread "pool-1-thread-1" [_thread_in_Java, id=6024, stack(0x0000000016850000,0x0000000016950000)]
  0x000000001625c800 JavaThread "Service Thread" daemon [_thread_blocked, id=7496, stack(0x0000000016650000,0x0000000016750000)]
  0x000000001493c000 JavaThread "C1 CompilerThread2" daemon [_thread_blocked, id=7392, stack(0x0000000016150000,0x0000000016250000)]
  0x0000000014937800 JavaThread "C2 CompilerThread1" daemon [_thread_blocked, id=5256, stack(0x0000000016050000,0x0000000016150000)]
=>0x00000000148de000 JavaThread "C2 CompilerThread0" daemon [_thread_in_native, id=5784, stack(0x0000000015f50000,0x0000000016050000)]
  0x00000000148dc000 JavaThread "Attach Listener" daemon [_thread_blocked, id=7312, stack(0x0000000015e50000,0x0000000015f50000)]
  0x00000000148db000 JavaThread "Signal Dispatcher" daemon [_thread_blocked, id=7032, stack(0x0000000015d50000,0x0000000015e50000)]
  0x00000000148ca800 JavaThread "Finalizer" daemon [_thread_blocked, id=6804, stack(0x0000000015b50000,0x0000000015c50000)]
  0x0000000002200800 JavaThread "Reference Handler" daemon [_thread_blocked, id=7580, stack(0x0000000015a50000,0x0000000015b50000)]
  0x0000000002112800 JavaThread "main" [_thread_blocked, id=5828, stack(0x0000000002010000,0x0000000002110000)]

Other Threads:
  0x00000000148a8800 VMThread [stack: 0x0000000015950000,0x0000000015a50000] [id=2888]
  0x000000001626f000 WatcherThread [stack: 0x0000000016750000,0x0000000016850000] [id=7548]

VM state:not at safepoint (normal execution)

VM Mutex/Monitor currently owned by a thread: None

Heap:
 PSYoungGen      total 237568K, used 37243K [0x00000000eab00000, 0x00000000ff980000, 0x0000000100000000)
  eden space 135680K, 27% used [0x00000000eab00000,0x00000000ecfc8d98,0x00000000f2f80000)
  from space 101888K, 0% used [0x00000000f2f80000,0x00000000f2f80000,0x00000000f9300000)
  to   space 97280K, 0% used [0x00000000f9a80000,0x00000000f9a80000,0x00000000ff980000)
 ParOldGen       total 449024K, used 270672K [0x00000000c0000000, 0x00000000db680000, 0x00000000eab00000)
  object space 449024K, 60% used [0x00000000c0000000,0x00000000d08543b0,0x00000000db680000)
 Metaspace       used 6530K, capacity 7256K, committed 7424K, reserved 1056768K
  class space    used 626K, capacity 656K, committed 768K, reserved 1048576K

Card table byte_map: [0x00000000115d0000,0x00000000117e0000] byte_map_base: 0x0000000010fd0000

Marking Bits: (ParMarkBitMap*) 0x00000000686b64f0
 Begin Bits: [0x0000000011d40000, 0x0000000012d40000)
 End Bits:   [0x0000000012d40000, 0x0000000013d40000)

Polling page: 0x0000000000870000

CodeCache: size=245760Kb used=12321Kb max_used=12340Kb free=233438Kb
 bounds [0x0000000002210000, 0x0000000002e30000, 0x0000000011210000]
 total_blobs=2605 nmethods=2336 adapters=181
 compilation: enabled

Compilation events (10 events):
Event: 13.362 Thread 0x0000000014937800 2425       4       com.android.dx.cf.iface.StdMember::<init> (69 bytes)
Event: 13.362 Thread 0x0000000014937800 nmethod 2425 0x0000000002e051d0 code [0x0000000002e05300, 0x0000000002e053f8]
Event: 13.372 Thread 0x00000000148de000 nmethod 2421 0x0000000002e1b910 code [0x0000000002e1cd80, 0x0000000002e23980]
Event: 13.857 Thread 0x000000001493c000 2434 %     3       com.android.dx.ssa.back.SsaToRop::moveParametersToHighRegisters @ 34 (88 bytes)
Event: 13.858 Thread 0x000000001493c000 nmethod 2434% 0x0000000002e072d0 code [0x0000000002e074a0, 0x0000000002e07e78]
Event: 13.858 Thread 0x000000001493c000 2435       3       com.android.dx.ssa.back.SsaToRop::moveParametersToHighRegisters (88 bytes)
Event: 13.858 Thread 0x000000001493c000 nmethod 2435 0x0000000002e064d0 code [0x0000000002e066a0, 0x0000000002e06f78]
Event: 13.874 Thread 0x0000000014937800 2436  s    4       com.android.dx.dex.file.FieldIdsSection::intern (55 bytes)
Event: 13.881 Thread 0x0000000014937800 nmethod 2436 0x0000000002e17790 code [0x0000000002e17940, 0x0000000002e18528]
Event: 13.886 Thread 0x00000000148de000 2437       4       com.android.dx.ssa.back.FirstFitLocalCombiningAllocator::handleCheckCastResults (413 bytes)

GC Heap History (10 events):
Event: 11.196 GC heap before
{Heap before GC invocations=17 (full 2):
 PSYoungGen      total 239104K, used 174568K [0x00000000eab00000, 0x0000000100000000, 0x0000000100000000)
  eden space 131072K, 100% used [0x00000000eab00000,0x00000000f2b00000,0x00000000f2b00000)
  from space 108032K, 40% used [0x00000000f8f80000,0x00000000fb9fa2e0,0x00000000ff900000)
  to   space 102912K, 0% used [0x00000000f2b00000,0x00000000f2b00000,0x00000000f8f80000)
 ParOldGen       total 272384K, used 199618K [0x00000000c0000000, 0x00000000d0a00000, 0x00000000eab00000)
  object space 272384K, 73% used [0x00000000c0000000,0x00000000cc2f08a8,0x00000000d0a00000)
 Metaspace       used 6523K, capacity 7256K, committed 7424K, reserved 1056768K
  class space    used 624K, capacity 656K, committed 768K, reserved 1048576K
Event: 11.469 GC heap after
Heap after GC invocations=17 (full 2):
 PSYoungGen      total 233984K, used 52172K [0x00000000eab00000, 0x00000000ff400000, 0x0000000100000000)
  eden space 131072K, 0% used [0x00000000eab00000,0x00000000eab00000,0x00000000f2b00000)
  from space 102912K, 50% used [0x00000000f2b00000,0x00000000f5df3010,0x00000000f8f80000)
  to   space 99328K, 0% used [0x00000000f9300000,0x00000000f9300000,0x00000000ff400000)
 ParOldGen       total 272384K, used 239884K [0x00000000c0000000, 0x00000000d0a00000, 0x00000000eab00000)
  object space 272384K, 88% used [0x00000000c0000000,0x00000000cea432d8,0x00000000d0a00000)
 Metaspace       used 6523K, capacity 7256K, committed 7424K, reserved 1056768K
  class space    used 624K, capacity 656K, committed 768K, reserved 1048576K
}
Event: 11.469 GC heap before
{Heap before GC invocations=18 (full 3):
 PSYoungGen      total 233984K, used 52172K [0x00000000eab00000, 0x00000000ff400000, 0x0000000100000000)
  eden space 131072K, 0% used [0x00000000eab00000,0x00000000eab00000,0x00000000f2b00000)
  from space 102912K, 50% used [0x00000000f2b00000,0x00000000f5df3010,0x00000000f8f80000)
  to   space 99328K, 0% used [0x00000000f9300000,0x00000000f9300000,0x00000000ff400000)
 ParOldGen       total 272384K, used 239884K [0x00000000c0000000, 0x00000000d0a00000, 0x00000000eab00000)
  object space 272384K, 88% used [0x00000000c0000000,0x00000000cea432d8,0x00000000d0a00000)
 Metaspace       used 6523K, capacity 7256K, committed 7424K, reserved 1056768K
  class space    used 624K, capacity 656K, committed 768K, reserved 1048576K
Event: 13.084 GC heap after
Heap after GC invocations=18 (full 3):
 PSYoungGen      total 233984K, used 0K [0x00000000eab00000, 0x00000000ff400000, 0x0000000100000000)
  eden space 131072K, 0% used [0x00000000eab00000,0x00000000eab00000,0x00000000f2b00000)
  from space 102912K, 0% used [0x00000000f2b00000,0x00000000f2b00000,0x00000000f8f80000)
  to   space 99328K, 0% used [0x00000000f9300000,0x00000000f9300000,0x00000000ff400000)
 ParOldGen       total 298496K, used 159973K [0x00000000c0000000, 0x00000000d2380000, 0x00000000eab00000)
  object space 298496K, 53% used [0x00000000c0000000,0x00000000c9c39780,0x00000000d2380000)
 Metaspace       used 6523K, capacity 7256K, committed 7424K, reserved 1056768K
  class space    used 624K, capacity 656K, committed 768K, reserved 1048576K
}
Event: 13.196 GC heap before
{Heap before GC invocations=19 (full 3):
 PSYoungGen      total 233984K, used 131072K [0x00000000eab00000, 0x00000000ff400000, 0x0000000100000000)
  eden space 131072K, 100% used [0x00000000eab00000,0x00000000f2b00000,0x00000000f2b00000)
  from space 102912K, 0% used [0x00000000f2b00000,0x00000000f2b00000,0x00000000f8f80000)
  to   space 99328K, 0% used [0x00000000f9300000,0x00000000f9300000,0x00000000ff400000)
 ParOldGen       total 298496K, used 159973K [0x00000000c0000000, 0x00000000d2380000, 0x00000000eab00000)
  object space 298496K, 53% used [0x00000000c0000000,0x00000000c9c39780,0x00000000d2380000)
 Metaspace       used 6523K, capacity 7256K, committed 7424K, reserved 1056768K
  class space    used 624K, capacity 656K, committed 768K, reserved 1048576K
Event: 13.220 GC heap after
Heap after GC invocations=19 (full 3):
 PSYoungGen      total 235008K, used 68298K [0x00000000eab00000, 0x0000000100000000, 0x0000000100000000)
  eden space 135680K, 0% used [0x00000000eab00000,0x00000000eab00000,0x00000000f2f80000)
  from space 99328K, 68% used [0x00000000f9300000,0x00000000fd5b2b88,0x00000000ff400000)
  to   space 101888K, 0% used [0x00000000f2f80000,0x00000000f2f80000,0x00000000f9300000)
 ParOldGen       total 298496K, used 159973K [0x00000000c0000000, 0x00000000d2380000, 0x00000000eab00000)
  object space 298496K, 53% used [0x00000000c0000000,0x00000000c9c39780,0x00000000d2380000)
 Metaspace       used 6523K, capacity 7256K, committed 7424K, reserved 1056768K
  class space    used 624K, capacity 656K, committed 768K, reserved 1048576K
}
Event: 13.389 GC heap before
{Heap before GC invocations=20 (full 3):
 PSYoungGen      total 235008K, used 203978K [0x00000000eab00000, 0x0000000100000000, 0x0000000100000000)
  eden space 135680K, 100% used [0x00000000eab00000,0x00000000f2f80000,0x00000000f2f80000)
  from space 99328K, 68% used [0x00000000f9300000,0x00000000fd5b2b88,0x00000000ff400000)
  to   space 101888K, 0% used [0x00000000f2f80000,0x00000000f2f80000,0x00000000f9300000)
 ParOldGen       total 298496K, used 159973K [0x00000000c0000000, 0x00000000d2380000, 0x00000000eab00000)
  object space 298496K, 53% used [0x00000000c0000000,0x00000000c9c39780,0x00000000d2380000)
 Metaspace       used 6523K, capacity 7256K, committed 7424K, reserved 1056768K
  class space    used 624K, capacity 656K, committed 768K, reserved 1048576K
Event: 13.455 GC heap after
Heap after GC invocations=20 (full 3):
 PSYoungGen      total 237568K, used 50838K [0x00000000eab00000, 0x00000000ff980000, 0x0000000100000000)
  eden space 135680K, 0% used [0x00000000eab00000,0x00000000eab00000,0x00000000f2f80000)
  from space 101888K, 49% used [0x00000000f2f80000,0x00000000f61258d8,0x00000000f9300000)
  to   space 97280K, 0% used [0x00000000f9a80000,0x00000000f9a80000,0x00000000ff980000)
 ParOldGen       total 298496K, used 229353K [0x00000000c0000000, 0x00000000d2380000, 0x00000000eab00000)
  object space 298496K, 76% used [0x00000000c0000000,0x00000000cdffa7e0,0x00000000d2380000)
 Metaspace       used 6523K, capacity 7256K, committed 7424K, reserved 1056768K
  class space    used 624K, capacity 656K, committed 768K, reserved 1048576K
}
Event: 13.455 GC heap before
{Heap before GC invocations=21 (full 4):
 PSYoungGen      total 237568K, used 50838K [0x00000000eab00000, 0x00000000ff980000, 0x0000000100000000)
  eden space 135680K, 0% used [0x00000000eab00000,0x00000000eab00000,0x00000000f2f80000)
  from space 101888K, 49% used [0x00000000f2f80000,0x00000000f61258d8,0x00000000f9300000)
  to   space 97280K, 0% used [0x00000000f9a80000,0x00000000f9a80000,0x00000000ff980000)
 ParOldGen       total 298496K, used 229353K [0x00000000c0000000, 0x00000000d2380000, 0x00000000eab00000)
  object space 298496K, 76% used [0x00000000c0000000,0x00000000cdffa7e0,0x00000000d2380000)
 Metaspace       used 6523K, capacity 7256K, committed 7424K, reserved 1056768K
  class space    used 624K, capacity 656K, committed 768K, reserved 1048576K
Event: 13.853 GC heap after
Heap after GC invocations=21 (full 4):
 PSYoungGen      total 237568K, used 0K [0x00000000eab00000, 0x00000000ff980000, 0x0000000100000000)
  eden space 135680K, 0% used [0x00000000eab00000,0x00000000eab00000,0x00000000f2f80000)
  from space 101888K, 0% used [0x00000000f2f80000,0x00000000f2f80000,0x00000000f9300000)
  to   space 97280K, 0% used [0x00000000f9a80000,0x00000000f9a80000,0x00000000ff980000)
 ParOldGen       total 449024K, used 270672K [0x00000000c0000000, 0x00000000db680000, 0x00000000eab00000)
  object space 449024K, 60% used [0x00000000c0000000,0x00000000d08543b0,0x00000000db680000)
 Metaspace       used 6523K, capacity 7256K, committed 7424K, reserved 1056768K
  class space    used 624K, capacity 656K, committed 768K, reserved 1048576K
}

Deoptimization events (10 events):
Event: 9.268 Thread 0x0000000002112800 Uncommon trap: reason=unstable_if action=reinterpret pc=0x0000000002b3a56c method=com.android.dx.cf.code.Merger.mergeStack(Lcom/android/dx/cf/code/ExecutionStack;Lcom/android/dx/cf/code/ExecutionStack;)Lcom/android/dx/cf/code/ExecutionStack; @ 2
Event: 10.088 Thread 0x0000000002112800 Uncommon trap: reason=unstable_if action=reinterpret pc=0x0000000002acb60c method=com.android.dx.ssa.back.IdenticalBlockCombiner.replaceSucc(Lcom/android/dx/rop/code/BasicBlock;II)V @ 30
Event: 10.089 Thread 0x0000000002112800 Uncommon trap: reason=bimorphic action=maybe_recompile pc=0x0000000002c036dc method=com.android.dx.cf.code.BytecodeArray.parseInstruction(ILcom/android/dx/cf/code/BytecodeArray$Visitor;)I @ 1597
Event: 10.089 Thread 0x0000000002112800 Uncommon trap: reason=bimorphic action=maybe_recompile pc=0x0000000002c036dc method=com.android.dx.cf.code.BytecodeArray.parseInstruction(ILcom/android/dx/cf/code/BytecodeArray$Visitor;)I @ 1597
Event: 10.116 Thread 0x0000000002112800 Uncommon trap: reason=unstable_if action=reinterpret pc=0x000000000280b294 method=com.android.dx.ssa.MoveParamCombiner$1.visitNonMoveInsn(Lcom/android/dx/ssa/NormalSsaInsn;)V @ 27
Event: 10.119 Thread 0x0000000002112800 Uncommon trap: reason=unstable_if action=reinterpret pc=0x00000000028f39dc method=com.android.dx.cf.code.Ropper.isSynchronized()Z @ 12
Event: 13.110 Thread 0x0000000002112800 Uncommon trap: reason=bimorphic action=maybe_recompile pc=0x0000000002d51fb4 method=com.android.dx.cf.code.BytecodeArray.parseInstruction(ILcom/android/dx/cf/code/BytecodeArray$Visitor;)I @ 2484
Event: 13.110 Thread 0x0000000002112800 Uncommon trap: reason=bimorphic action=maybe_recompile pc=0x0000000002d51fb4 method=com.android.dx.cf.code.BytecodeArray.parseInstruction(ILcom/android/dx/cf/code/BytecodeArray$Visitor;)I @ 2484
Event: 13.272 Thread 0x0000000002112800 Uncommon trap: reason=bimorphic action=maybe_recompile pc=0x0000000002dfa5f4 method=com.android.dx.cf.code.BytecodeArray.parseInstruction(ILcom/android/dx/cf/code/BytecodeArray$Visitor;)I @ 2554
Event: 13.272 Thread 0x0000000002112800 Uncommon trap: reason=bimorphic action=maybe_recompile pc=0x0000000002dfa5f4 method=com.android.dx.cf.code.BytecodeArray.parseInstruction(ILcom/android/dx/cf/code/BytecodeArray$Visitor;)I @ 2554

Internal exceptions (7 events):
Event: 0.032 Thread 0x0000000002112800 Exception <a 'java/lang/NoSuchMethodError': Method sun.misc.Unsafe.defineClass(Ljava/lang/String;[BII)Ljava/lang/Class; name or signature does not match> (0x00000000eab07cc0) thrown at [D:\re\workspace\8-2-build-windows-amd64-cygwin\jdk8u92\6642\hotspot\srR8€t±J ?
Event: 0.032 Thread 0x0000000002112800 Exception <a 'java/lang/NoSuchMethodError': Method sun.misc.Unsafe.prefetchRead(Ljava/lang/Object;J)V name or signature does not match> (0x00000000eab07fa8) thrown at [D:\re\workspace\8-2-build-windows-amd64-cygwin\jdk8u92\6642\hotspot\src\share\vm\prims\j')à	s¾ê?
Event: 0.836 Thread 0x000000001656c000 Implicit null exception at 0x000000000249d4a2 to 0x000000000249d59a
Event: 2.465 Thread 0x00000000164d3800 Exception <a 'java/lang/ArrayIndexOutOfBoundsException': 18> (0x00000000ec577548) thrown at [D:\re\workspace\8-2-build-windows-amd64-cygwin\jdk8u92\6642\hotspot\src\share\vm\interpreter\interpreterRuntime.cpp, line 366]
Event: 2.465 Thread 0x00000000164d3800 Exception <a 'java/lang/ArrayIndexOutOfBoundsException'> (0x00000000ec5790c8) thrown at [D:\re\workspace\8-2-build-windows-amd64-cygwin\jdk8u92\6642\hotspot\src\share\vm\runtime\sharedRuntime.cpp, line 605]
Event: 2.466 Thread 0x00000000164d3800 Exception <a 'java/lang/ArrayIndexOutOfBoundsException'> (0x00000000ec57a3b0) thrown at [D:\re\workspace\8-2-build-windows-amd64-cygwin\jdk8u92\6642\hotspot\src\share\vm\runtime\sharedRuntime.cpp, line 605]
Event: 6.046 Thread 0x0000000002112800 Implicit null exception at 0x000000000280c1ec to 0x000000000280c20e

Events (10 events):
Event: 13.273 Thread 0x0000000002112800 DEOPT PACKING pc=0x0000000002c2a890 sp=0x000000000210e260
Event: 13.273 Thread 0x0000000002112800 DEOPT UNPACKING pc=0x000000000225787f sp=0x000000000210e048 mode 0
Event: 13.380 Executing VM operation: ParallelGCFailedAllocation
Event: 13.853 Executing VM operation: ParallelGCFailedAllocation done
Event: 13.858 Thread 0x0000000002112800 DEOPT PACKING pc=0x00000000027dc968 sp=0x000000000210e520
Event: 13.858 Thread 0x0000000002112800 DEOPT UNPACKING pc=0x000000000225787f sp=0x000000000210e298 mode 0
Event: 13.893 loading class java/util/HashMap$KeySet
Event: 13.942 loading class java/util/HashMap$KeySet done
Event: 13.942 loading class java/util/HashMap$KeyIterator
Event: 13.942 loading class java/util/HashMap$KeyIterator done


Dynamic libraries:
0x00007ff725170000 - 0x00007ff7251a7000 	C:\Program Files\Java\jdk1.8.0_92\bin\java.exe
0x00007ffef9f10000 - 0x00007ffefa0ba000 	C:\Windows\SYSTEM32\ntdll.dll
0x00007ffef9b80000 - 0x00007ffef9cba000 	C:\Windows\system32\KERNEL32.DLL
0x00007ffef74a0000 - 0x00007ffef75af000 	C:\Windows\system32\KERNELBASE.dll
0x00007ffef5eb0000 - 0x00007ffef5f38000 	C:\Windows\system32\apphelp.dll
0x00007ffed0010000 - 0x00007ffed005f000 	C:\Windows\AppPatch\AppPatch64\AcGenral.DLL
0x00007ffef9cc0000 - 0x00007ffef9d67000 	C:\Windows\system32\msvcrt.dll
0x00007ffef70c0000 - 0x00007ffef70eb000 	C:\Windows\SYSTEM32\SspiCli.dll
0x00007ffef9320000 - 0x00007ffef9371000 	C:\Windows\system32\SHLWAPI.dll
0x00007ffef9380000 - 0x00007ffef94f1000 	C:\Windows\system32\USER32.dll
0x00007ffef7790000 - 0x00007ffef7908000 	C:\Windows\system32\ole32.dll
0x00007ffef7c70000 - 0x00007ffef9087000 	C:\Windows\system32\SHELL32.dll
0x00007ffef68f0000 - 0x00007ffef690e000 	C:\Windows\SYSTEM32\USERENV.dll
0x00007ffef9090000 - 0x00007ffef9135000 	C:\Windows\system32\ADVAPI32.dll
0x00007ffef22f0000 - 0x00007ffef230b000 	C:\Windows\SYSTEM32\MPR.dll
0x00007ffef79d0000 - 0x00007ffef7b06000 	C:\Windows\system32\RPCRT4.dll
0x00007ffef7c10000 - 0x00007ffef7c67000 	C:\Windows\SYSTEM32\sechost.dll
0x00007ffef9140000 - 0x00007ffef9316000 	C:\Windows\SYSTEM32\combase.dll
0x00007ffef9560000 - 0x00007ffef96a5000 	C:\Windows\system32\GDI32.dll
0x00007ffef7280000 - 0x00007ffef7294000 	C:\Windows\SYSTEM32\profapi.dll
0x00007ffef58e0000 - 0x00007ffef597f000 	C:\Windows\SYSTEM32\SHCORE.dll
0x00007ffef9b40000 - 0x00007ffef9b74000 	C:\Windows\system32\IMM32.DLL
0x00007ffef96b0000 - 0x00007ffef97e9000 	C:\Windows\system32\MSCTF.dll
0x00007ffef4fd0000 - 0x00007ffef522a000 	C:\Windows\WinSxS\amd64_microsoft.windows.common-controls_6595b64144ccf1df_6.0.9600.17031_none_6242a4b3ecbb55a1\COMCTL32.dll
0x0000000067850000 - 0x0000000067922000 	C:\Program Files\Java\jdk1.8.0_92\jre\bin\msvcr100.dll
0x0000000067ea0000 - 0x0000000068736000 	C:\Program Files\Java\jdk1.8.0_92\jre\bin\server\jvm.dll
0x00007ffeeee10000 - 0x00007ffeeee19000 	C:\Windows\SYSTEM32\WSOCK32.dll
0x00007ffeeedc0000 - 0x00007ffeeeddf000 	C:\Windows\SYSTEM32\WINMM.dll
0x00007ffef4f90000 - 0x00007ffef4f9a000 	C:\Windows\SYSTEM32\VERSION.dll
0x00007ffef7b10000 - 0x00007ffef7b17000 	C:\Windows\system32\PSAPI.DLL
0x00007ffef9500000 - 0x00007ffef9558000 	C:\Windows\system32\WS2_32.dll
0x00007ffee99a0000 - 0x00007ffee99ca000 	C:\Windows\SYSTEM32\WINMMBASE.dll
0x00007ffef9b30000 - 0x00007ffef9b39000 	C:\Windows\system32\NSI.dll
0x00007ffef7350000 - 0x00007ffef739a000 	C:\Windows\SYSTEM32\cfgmgr32.dll
0x00007ffef6100000 - 0x00007ffef6126000 	C:\Windows\SYSTEM32\DEVOBJ.dll
0x0000000069210000 - 0x000000006921f000 	C:\Program Files\Java\jdk1.8.0_92\jre\bin\verify.dll
0x00000000691e0000 - 0x0000000069209000 	C:\Program Files\Java\jdk1.8.0_92\jre\bin\java.dll
0x0000000069190000 - 0x00000000691a6000 	C:\Program Files\Java\jdk1.8.0_92\jre\bin\zip.dll

VM Arguments:
jvm_args: -Djava.awt.headless=true -Xmx1024M -Dfile.encoding=windows-1252 -Duser.country=US -Duser.language=en -Duser.variant 
java_command: com.android.dx.command.Main --dex --force-jumbo --num-threads=4 --output C:\Zooket\app\build\intermediates\pre-dexed\debug\com.google.android.gms-play-services-ads-9.0.1_a213d0cf920b8fe9c76e548f5c02fedff6d4ca15.jar C:\Zooket\app\build\intermediates\exploded-aar\com.google.android.gms\play-services-ads\9.0.1\jars\classes.jar
java_class_path (initial): C:\android-sdk-windows\build-tools\24.0.3\lib\dx.jar
Launcher Type: SUN_STANDARD

Environment Variables:
PATH=C:\ProgramData\Oracle\Java\javapath;C:\Windows\system32;C:\Windows;C:\Windows\System32\Wbem;C:\Windows\System32\WindowsPowerShell\v1.0\;C:\Program Files (x86)\NVIDIA Corporation\PhysX\Common;C:\Program Files (x86)\Windows Kits\8.1\Windows Performance Toolkit\;C:\Program Files\Microsoft SQL Server\110\Tools\Binn\;C:\Program Files\Microsoft SQL Server\110\DTS\Binn\;C:\Program Files (x86)\Microsoft SQL Server\110\Tools\Binn\;C:\Program Files (x86)\Microsoft SQL Server\110\Tools\Binn\ManagementStudio\;C:\Program Files (x86)\Microsoft Visual Studio 10.0\Common7\IDE\PrivateAssemblies\;C:\Program Files (x86)\Microsoft SQL Server\110\DTS\Binn\;C:\Program Files (x86)\GtkSharp\2.12\bin;C:\Program Files (x86)\QuickTime\QTSystem\
USERNAME=Smo
OS=Windows_NT
PROCESSOR_IDENTIFIER=Intel64 Family 6 Model 94 Stepping 3, GenuineIntel



---------------  S Y S T E M  ---------------

OS: Windows 8.1 , 64 bit Build 9600 (6.3.9600.17056)

CPU:total 4 (4 cores per cpu, 1 threads per core) family 6 model 94 stepping 3, cmov, cx8, fxsr, mmx, sse, sse2, sse3, ssse3, sse4.1, sse4.2, popcnt, avx, avx2, aes, clmul, erms, 3dnowpref, lzcnt, tsc, tscinvbit, bmi1, bmi2, adx

Memory: 4k page, physical 8266404k(1303964k free), swap 8266404k(5120k free)

vm_info: Java HotSpot(TM) 64-Bit Server VM (25.92-b14) for windows-amd64 JRE (1.8.0_92-b14), built on Mar 31 2016 21:03:04 by "java_re" with MS VC++ 10.0 (VS2010)

time: Thu May 11 09:42:25 2017
elapsed time: 13 seconds (0d 0h 0m 13s)

