#
# There is insufficient memory for the Java Runtime Environment to continue.
# Native memory allocation (malloc) failed to allocate 439856 bytes for Chunk::new
# Possible reasons:
#   The system is out of physical RAM or swap space
#   In 32 bit mode, the process size limit was hit
# Possible solutions:
#   Reduce memory load on the system
#   Increase physical memory or swap space
#   Check if swap backing store is full
#   Use 64 bit Java on a 64 bit OS
#   Decrease Java heap size (-Xmx/-Xms)
#   Decrease number of Java threads
#   Decrease Java thread stack sizes (-Xss)
#   Set larger code cache with -XX:ReservedCodeCacheSize=
# This output file may be truncated or incomplete.
#
#  Out of Memory Error (allocation.cpp:390), pid=3992, tid=0x0000000000001c54
#
# JRE version: Java(TM) SE Runtime Environment (8.0_92-b14) (build 1.8.0_92-b14)
# Java VM: Java HotSpot(TM) 64-Bit Server VM (25.92-b14 mixed mode windows-amd64 compressed oops)
# Failed to write core dump. Minidumps are not enabled by default on client versions of Windows
#

---------------  T H R E A D  ---------------

Current thread (0x0000000014e18000):  JavaThread "C2 CompilerThread1" daemon [_thread_in_native, id=7252, stack(0x00000000164f0000,0x00000000165f0000)]

Stack: [0x00000000164f0000,0x00000000165f0000]
[error occurred during error reporting (printing stack bounds), id 0xc0000005]

Native frames: (J=compiled Java code, j=interpreted, Vv=VM code, C=native code)


Current CompileTask:
C2:   7337 1978 %     4       com.android.dx.ssa.SCCP::run @ 133 (298 bytes)


---------------  P R O C E S S  ---------------

Java Threads: ( => current thread )
  0x0000000016887800 JavaThread "pool-1-thread-4" [_thread_blocked, id=8116, stack(0x00000000170f0000,0x00000000171f0000)]
  0x0000000016887000 JavaThread "pool-1-thread-3" [_thread_blocked, id=5160, stack(0x0000000016ff0000,0x00000000170f0000)]
  0x0000000016885800 JavaThread "pool-1-thread-2" [_thread_blocked, id=7456, stack(0x0000000016ef0000,0x0000000016ff0000)]
  0x0000000016881800 JavaThread "pool-2-thread-1" [_thread_blocked, id=5084, stack(0x0000000016df0000,0x0000000016ef0000)]
  0x00000000168eb800 JavaThread "pool-1-thread-1" [_thread_in_vm, id=2068, stack(0x0000000016cf0000,0x0000000016df0000)]
  0x00000000165f4800 JavaThread "Service Thread" daemon [_thread_blocked, id=5528, stack(0x0000000016af0000,0x0000000016bf0000)]
  0x00000000165f2000 JavaThread "C1 CompilerThread2" daemon [_thread_blocked, id=5480, stack(0x00000000169f0000,0x0000000016af0000)]
=>0x0000000014e18000 JavaThread "C2 CompilerThread1" daemon [_thread_in_native, id=7252, stack(0x00000000164f0000,0x00000000165f0000)]
  0x0000000014dbf000 JavaThread "C2 CompilerThread0" daemon [_thread_in_native, id=7976, stack(0x00000000163f0000,0x00000000164f0000)]
  0x0000000014dbd000 JavaThread "Attach Listener" daemon [_thread_blocked, id=5804, stack(0x00000000162f0000,0x00000000163f0000)]
  0x0000000014dbb800 JavaThread "Signal Dispatcher" daemon [_thread_blocked, id=356, stack(0x00000000161f0000,0x00000000162f0000)]
  0x000000000262a800 JavaThread "Finalizer" daemon [_thread_blocked, id=8104, stack(0x0000000016010000,0x0000000016110000)]
  0x0000000014d89000 JavaThread "Reference Handler" daemon [_thread_blocked, id=6884, stack(0x0000000015f10000,0x0000000016010000)]
  0x0000000002532800 JavaThread "main" [_thread_blocked, id=8832, stack(0x0000000002410000,0x0000000002510000)]

Other Threads:
  0x0000000014d87800 VMThread [stack: 0x0000000015e10000,0x0000000015f10000] [id=1968]
  0x00000000165f6800 WatcherThread [stack: 0x0000000016bf0000,0x0000000016cf0000] [id=8096]

VM state:not at safepoint (normal execution)

VM Mutex/Monitor currently owned by a thread: None

Heap:
 PSYoungGen      total 71680K, used 6216K [0x00000000eab00000, 0x00000000ef600000, 0x0000000100000000)
  eden space 66560K, 1% used [0x00000000eab00000,0x00000000eac13e40,0x00000000eec00000)
  from space 5120K, 99% used [0x00000000ef100000,0x00000000ef5fe3a0,0x00000000ef600000)
  to   space 5120K, 0% used [0x00000000eec00000,0x00000000eec00000,0x00000000ef100000)
 ParOldGen       total 87552K, used 25022K [0x00000000c0000000, 0x00000000c5580000, 0x00000000eab00000)
  object space 87552K, 28% used [0x00000000c0000000,0x00000000c186f8c8,0x00000000c5580000)
 Metaspace       used 6404K, capacity 7192K, committed 7424K, reserved 1056768K
  class space    used 622K, capacity 656K, committed 768K, reserved 1048576K

Card table byte_map: [0x0000000011ab0000,0x0000000011cc0000] byte_map_base: 0x00000000114b0000

Marking Bits: (ParMarkBitMap*) 0x000000005ba964f0
 Begin Bits: [0x0000000012220000, 0x0000000013220000)
 End Bits:   [0x0000000013220000, 0x0000000014220000)

Polling page: 0x0000000000c30000

CodeCache: size=245760Kb used=8610Kb max_used=8627Kb free=237149Kb
 bounds [0x00000000026f0000, 0x0000000002f70000, 0x00000000116f0000]
 total_blobs=2175 nmethods=1905 adapters=182
 compilation: enabled

Compilation events (10 events):
Event: 7.221 Thread 0x0000000014e18000 nmethod 1973% 0x0000000002f36b50 code [0x0000000002f36ca0, 0x0000000002f37118]
Event: 7.221 Thread 0x0000000014e18000 1974 %     4       com.android.dx.ssa.back.LivenessAnalyzer::run @ 177 (231 bytes)
Event: 7.226 Thread 0x0000000014e18000 nmethod 1974% 0x0000000002f34350 code [0x0000000002f344c0, 0x0000000002f348a8]
Event: 7.226 Thread 0x0000000014e18000 1975       4       com.android.dx.ssa.back.LivenessAnalyzer::run (231 bytes)
Event: 7.255 Thread 0x0000000014dbf000 nmethod 1972% 0x0000000002f5f350 code [0x0000000002f5f5e0, 0x0000000002f615e8]
Event: 7.255 Thread 0x0000000014dbf000 1976       4       com.android.dx.rop.code.RegisterSpec::getType (10 bytes)
Event: 7.256 Thread 0x0000000014dbf000 nmethod 1976 0x0000000002f36910 code [0x0000000002f36a40, 0x0000000002f36ab8]
Event: 7.256 Thread 0x0000000014dbf000 1977       4       com.android.dx.ssa.SCCP::simulateStmt (481 bytes)
Event: 7.264 Thread 0x0000000014e18000 nmethod 1975 0x0000000002f64190 code [0x0000000002f64480, 0x0000000002f65ea0]
Event: 7.265 Thread 0x0000000014e18000 1978 %     4       com.android.dx.ssa.SCCP::run @ 133 (298 bytes)

GC Heap History (8 events):
Event: 1.265 GC heap before
{Heap before GC invocations=1 (full 0):
 PSYoungGen      total 38400K, used 33280K [0x00000000eab00000, 0x00000000ed580000, 0x0000000100000000)
  eden space 33280K, 100% used [0x00000000eab00000,0x00000000ecb80000,0x00000000ecb80000)
  from space 5120K, 0% used [0x00000000ed080000,0x00000000ed080000,0x00000000ed580000)
  to   space 5120K, 0% used [0x00000000ecb80000,0x00000000ecb80000,0x00000000ed080000)
 ParOldGen       total 87552K, used 0K [0x00000000c0000000, 0x00000000c5580000, 0x00000000eab00000)
  object space 87552K, 0% used [0x00000000c0000000,0x00000000c0000000,0x00000000c5580000)
 Metaspace       used 5934K, capacity 6834K, committed 7040K, reserved 1056768K
  class space    used 598K, capacity 618K, committed 640K, reserved 1048576K
Event: 1.296 GC heap after
Heap after GC invocations=1 (full 0):
 PSYoungGen      total 38400K, used 5114K [0x00000000eab00000, 0x00000000ef600000, 0x0000000100000000)
  eden space 33280K, 0% used [0x00000000eab00000,0x00000000eab00000,0x00000000ecb80000)
  from space 5120K, 99% used [0x00000000ecb80000,0x00000000ed07eac8,0x00000000ed080000)
  to   space 5120K, 0% used [0x00000000ef100000,0x00000000ef100000,0x00000000ef600000)
 ParOldGen       total 87552K, used 1985K [0x00000000c0000000, 0x00000000c5580000, 0x00000000eab00000)
  object space 87552K, 2% used [0x00000000c0000000,0x00000000c01f0740,0x00000000c5580000)
 Metaspace       used 5934K, capacity 6834K, committed 7040K, reserved 1056768K
  class space    used 598K, capacity 618K, committed 640K, reserved 1048576K
}
Event: 2.184 GC heap before
{Heap before GC invocations=2 (full 0):
 PSYoungGen      total 38400K, used 38394K [0x00000000eab00000, 0x00000000ef600000, 0x0000000100000000)
  eden space 33280K, 100% used [0x00000000eab00000,0x00000000ecb80000,0x00000000ecb80000)
  from space 5120K, 99% used [0x00000000ecb80000,0x00000000ed07eac8,0x00000000ed080000)
  to   space 5120K, 0% used [0x00000000ef100000,0x00000000ef100000,0x00000000ef600000)
 ParOldGen       total 87552K, used 1985K [0x00000000c0000000, 0x00000000c5580000, 0x00000000eab00000)
  object space 87552K, 2% used [0x00000000c0000000,0x00000000c01f0740,0x00000000c5580000)
 Metaspace       used 6144K, capacity 7026K, committed 7296K, reserved 1056768K
  class space    used 600K, capacity 618K, committed 640K, reserved 1048576K
Event: 2.500 GC heap after
Heap after GC invocations=2 (full 0):
 PSYoungGen      total 71680K, used 5098K [0x00000000eab00000, 0x00000000ef600000, 0x0000000100000000)
  eden space 66560K, 0% used [0x00000000eab00000,0x00000000eab00000,0x00000000eec00000)
  from space 5120K, 99% used [0x00000000ef100000,0x00000000ef5faab8,0x00000000ef600000)
  to   space 5120K, 0% used [0x00000000eec00000,0x00000000eec00000,0x00000000ef100000)
 ParOldGen       total 87552K, used 5447K [0x00000000c0000000, 0x00000000c5580000, 0x00000000eab00000)
  object space 87552K, 6% used [0x00000000c0000000,0x00000000c0551dc0,0x00000000c5580000)
 Metaspace       used 6144K, capacity 7026K, committed 7296K, reserved 1056768K
  class space    used 600K, capacity 618K, committed 640K, reserved 1048576K
}
Event: 4.150 GC heap before
{Heap before GC invocations=3 (full 0):
 PSYoungGen      total 71680K, used 71658K [0x00000000eab00000, 0x00000000ef600000, 0x0000000100000000)
  eden space 66560K, 100% used [0x00000000eab00000,0x00000000eec00000,0x00000000eec00000)
  from space 5120K, 99% used [0x00000000ef100000,0x00000000ef5faab8,0x00000000ef600000)
  to   space 5120K, 0% used [0x00000000eec00000,0x00000000eec00000,0x00000000ef100000)
 ParOldGen       total 87552K, used 5447K [0x00000000c0000000, 0x00000000c5580000, 0x00000000eab00000)
  object space 87552K, 6% used [0x00000000c0000000,0x00000000c0551dc0,0x00000000c5580000)
 Metaspace       used 6355K, capacity 7128K, committed 7424K, reserved 1056768K
  class space    used 621K, capacity 656K, committed 768K, reserved 1048576K
Event: 5.709 GC heap after
Heap after GC invocations=3 (full 0):
 PSYoungGen      total 71680K, used 5115K [0x00000000eab00000, 0x00000000ef600000, 0x0000000100000000)
  eden space 66560K, 0% used [0x00000000eab00000,0x00000000eab00000,0x00000000eec00000)
  from space 5120K, 99% used [0x00000000eec00000,0x00000000ef0fec08,0x00000000ef100000)
  to   space 5120K, 0% used [0x00000000ef100000,0x00000000ef100000,0x00000000ef600000)
 ParOldGen       total 87552K, used 14677K [0x00000000c0000000, 0x00000000c5580000, 0x00000000eab00000)
  object space 87552K, 16% used [0x00000000c0000000,0x00000000c0e55778,0x00000000c5580000)
 Metaspace       used 6355K, capacity 7128K, committed 7424K, reserved 1056768K
  class space    used 621K, capacity 656K, committed 768K, reserved 1048576K
}
Event: 6.893 GC heap before
{Heap before GC invocations=4 (full 0):
 PSYoungGen      total 71680K, used 71675K [0x00000000eab00000, 0x00000000ef600000, 0x0000000100000000)
  eden space 66560K, 100% used [0x00000000eab00000,0x00000000eec00000,0x00000000eec00000)
  from space 5120K, 99% used [0x00000000eec00000,0x00000000ef0fec08,0x00000000ef100000)
  to   space 5120K, 0% used [0x00000000ef100000,0x00000000ef100000,0x00000000ef600000)
 ParOldGen       total 87552K, used 14677K [0x00000000c0000000, 0x00000000c5580000, 0x00000000eab00000)
  object space 87552K, 16% used [0x00000000c0000000,0x00000000c0e55778,0x00000000c5580000)
 Metaspace       used 6404K, capacity 7192K, committed 7424K, reserved 1056768K
  class space    used 622K, capacity 656K, committed 768K, reserved 1048576K
Event: 7.178 GC heap after
Heap after GC invocations=4 (full 0):
 PSYoungGen      total 71680K, used 5112K [0x00000000eab00000, 0x00000000ef600000, 0x0000000100000000)
  eden space 66560K, 0% used [0x00000000eab00000,0x00000000eab00000,0x00000000eec00000)
  from space 5120K, 99% used [0x00000000ef100000,0x00000000ef5fe3a0,0x00000000ef600000)
  to   space 5120K, 0% used [0x00000000eec00000,0x00000000eec00000,0x00000000ef100000)
 ParOldGen       total 87552K, used 25022K [0x00000000c0000000, 0x00000000c5580000, 0x00000000eab00000)
  object space 87552K, 28% used [0x00000000c0000000,0x00000000c186f8c8,0x00000000c5580000)
 Metaspace       used 6404K, capacity 7192K, committed 7424K, reserved 1056768K
  class space    used 622K, capacity 656K, committed 768K, reserved 1048576K
}

Deoptimization events (10 events):
Event: 5.847 Thread 0x00000000168eb800 Uncommon trap: reason=bimorphic action=maybe_recompile pc=0x0000000002e2aa4c method=com.android.dx.cf.code.BytecodeArray.parseInstruction(ILcom/android/dx/cf/code/BytecodeArray$Visitor;)I @ 1161
Event: 5.847 Thread 0x00000000168eb800 Uncommon trap: reason=bimorphic action=maybe_recompile pc=0x0000000002e2aa4c method=com.android.dx.cf.code.BytecodeArray.parseInstruction(ILcom/android/dx/cf/code/BytecodeArray$Visitor;)I @ 1161
Event: 5.865 Thread 0x00000000168eb800 Uncommon trap: reason=class_check action=maybe_recompile pc=0x0000000002d952d8 method=com.android.dx.cf.code.BaseMachine.addResult(Lcom/android/dx/rop/type/TypeBearer;)V @ 23
Event: 5.865 Thread 0x00000000168eb800 Uncommon trap: reason=class_check action=maybe_recompile pc=0x0000000002dceaa8 method=com.android.dx.cf.code.RopperMachine.run(Lcom/android/dx/cf/code/Frame;II)V @ 310
Event: 5.865 Thread 0x00000000168eb800 Uncommon trap: reason=class_check action=maybe_recompile pc=0x0000000002d952d8 method=com.android.dx.cf.code.BaseMachine.addResult(Lcom/android/dx/rop/type/TypeBearer;)V @ 23
Event: 5.865 Thread 0x00000000168eb800 Uncommon trap: reason=class_check action=maybe_recompile pc=0x0000000002dceaa8 method=com.android.dx.cf.code.RopperMachine.run(Lcom/android/dx/cf/code/Frame;II)V @ 310
Event: 5.877 Thread 0x00000000168eb800 Uncommon trap: reason=unstable_if action=reinterpret pc=0x0000000002cc0738 method=com.android.dx.ssa.SCCP.simulateBranch(Lcom/android/dx/ssa/SsaInsn;)V @ 548
Event: 6.432 Thread 0x0000000016887000 Uncommon trap: reason=unstable_if action=reinterpret pc=0x0000000002c95c08 method=com.android.dx.ssa.SCCP.simulateStmt(Lcom/android/dx/ssa/SsaInsn;)V @ 59
Event: 6.559 Thread 0x0000000016885800 Uncommon trap: reason=bimorphic action=maybe_recompile pc=0x0000000002ed5d50 method=com.android.dx.cf.code.BytecodeArray.parseInstruction(ILcom/android/dx/cf/code/BytecodeArray$Visitor;)I @ 2135
Event: 6.559 Thread 0x0000000016885800 Uncommon trap: reason=bimorphic action=maybe_recompile pc=0x0000000002ed5d50 method=com.android.dx.cf.code.BytecodeArray.parseInstruction(ILcom/android/dx/cf/code/BytecodeArray$Visitor;)I @ 2135

Internal exceptions (8 events):
Event: 0.026 Thread 0x0000000002532800 Exception <a 'java/lang/NoSuchMethodError': Method sun.misc.Unsafe.defineClass(Ljava/lang/String;[BII)Ljava/lang/Class; name or signature does not match> (0x00000000eab07cc0) thrown at [D:\re\workspace\8-2-build-windows-amd64-cygwin\jdk8u92\6642\hotspot\srY
´£ÐÙš?
Event: 0.026 Thread 0x0000000002532800 Exception <a 'java/lang/NoSuchMethodError': Method sun.misc.Unsafe.prefetchRead(Ljava/lang/Object;J)V name or signature does not match> (0x00000000eab07fa8) thrown at [D:\re\workspace\8-2-build-windows-amd64-cygwin\jdk8u92\6642\hotspot\src\share\vm\prims\je/@8¿Fé?
Event: 0.790 Thread 0x00000000168eb800 Implicit null exception at 0x00000000029ba173 to 0x00000000029bbbe1
Event: 0.790 Thread 0x00000000168eb800 Implicit null exception at 0x00000000029964ad to 0x0000000002997d05
Event: 1.426 Thread 0x0000000016885800 Implicit null exception at 0x0000000002b4cddc to 0x0000000002b4e6b9
Event: 2.519 Thread 0x00000000168eb800 Exception <a 'java/lang/ArrayIndexOutOfBoundsException': 18> (0x00000000eb313e98) thrown at [D:\re\workspace\8-2-build-windows-amd64-cygwin\jdk8u92\6642\hotspot\src\share\vm\interpreter\interpreterRuntime.cpp, line 366]
Event: 2.519 Thread 0x00000000168eb800 Exception <a 'java/lang/ArrayIndexOutOfBoundsException': 145> (0x00000000eb315a18) thrown at [D:\re\workspace\8-2-build-windows-amd64-cygwin\jdk8u92\6642\hotspot\src\share\vm\interpreter\interpreterRuntime.cpp, line 366]
Event: 2.520 Thread 0x00000000168eb800 Exception <a 'java/lang/ArrayIndexOutOfBoundsException': 40> (0x00000000eb316d00) thrown at [D:\re\workspace\8-2-build-windows-amd64-cygwin\jdk8u92\6642\hotspot\src\share\vm\interpreter\interpreterRuntime.cpp, line 366]

Events (10 events):
Event: 6.559 Thread 0x0000000016885800 DEOPT UNPACKING pc=0x000000000273582a sp=0x0000000016fee940 mode 2
Event: 6.559 Thread 0x0000000016885800 Uncommon trap: trap_request=0xffffffc6 fr.pc=0x0000000002ed5d50
Event: 6.559 Thread 0x0000000016885800 DEOPT PACKING pc=0x0000000002ed5d50 sp=0x0000000016fee7b0
Event: 6.559 Thread 0x0000000016885800 DEOPT UNPACKING pc=0x000000000273582a sp=0x0000000016fee7a0 mode 2
Event: 6.568 Executing VM operation: ForceSafepoint
Event: 6.775 Executing VM operation: ForceSafepoint done
Event: 6.893 Executing VM operation: ParallelGCFailedAllocation
Event: 7.178 Executing VM operation: ParallelGCFailedAllocation done
Event: 7.226 Thread 0x00000000168eb800 DEOPT PACKING pc=0x0000000002a4718a sp=0x0000000016dee890
Event: 7.226 Thread 0x00000000168eb800 DEOPT UNPACKING pc=0x000000000273787f sp=0x0000000016dee608 mode 0


Dynamic libraries:
0x00007ff750d50000 - 0x00007ff750d87000 	C:\Program Files\Java\jdk1.8.0_92\bin\java.exe
0x00007ffe5f900000 - 0x00007ffe5faaa000 	C:\Windows\SYSTEM32\ntdll.dll
0x00007ffe5dc80000 - 0x00007ffe5ddba000 	C:\Windows\system32\KERNEL32.DLL
0x00007ffe5cd40000 - 0x00007ffe5ce4f000 	C:\Windows\system32\KERNELBASE.dll
0x00007ffe5b8a0000 - 0x00007ffe5b928000 	C:\Windows\system32\apphelp.dll
0x00007ffe396d0000 - 0x00007ffe3971f000 	C:\Windows\AppPatch\AppPatch64\AcGenral.DLL
0x00007ffe5f6a0000 - 0x00007ffe5f747000 	C:\Windows\system32\msvcrt.dll
0x00007ffe5cab0000 - 0x00007ffe5cadb000 	C:\Windows\SYSTEM32\SspiCli.dll
0x00007ffe5d750000 - 0x00007ffe5d7a1000 	C:\Windows\system32\SHLWAPI.dll
0x00007ffe5d390000 - 0x00007ffe5d501000 	C:\Windows\system32\USER32.dll
0x00007ffe5e040000 - 0x00007ffe5e1b8000 	C:\Windows\system32\ole32.dll
0x00007ffe5e280000 - 0x00007ffe5f697000 	C:\Windows\system32\SHELL32.dll
0x00007ffe5c2e0000 - 0x00007ffe5c2fe000 	C:\Windows\SYSTEM32\USERENV.dll
0x00007ffe5f820000 - 0x00007ffe5f8c5000 	C:\Windows\system32\ADVAPI32.dll
0x00007ffe57ba0000 - 0x00007ffe57bbb000 	C:\Windows\SYSTEM32\MPR.dll
0x00007ffe5ddc0000 - 0x00007ffe5def6000 	C:\Windows\system32\RPCRT4.dll
0x00007ffe5d330000 - 0x00007ffe5d387000 	C:\Windows\SYSTEM32\sechost.dll
0x00007ffe5d510000 - 0x00007ffe5d6e6000 	C:\Windows\SYSTEM32\combase.dll
0x00007ffe5d180000 - 0x00007ffe5d2c5000 	C:\Windows\system32\GDI32.dll
0x00007ffe5cc70000 - 0x00007ffe5cc84000 	C:\Windows\SYSTEM32\profapi.dll
0x00007ffe5b2d0000 - 0x00007ffe5b36f000 	C:\Windows\SYSTEM32\SHCORE.dll
0x00007ffe5df00000 - 0x00007ffe5df34000 	C:\Windows\system32\IMM32.DLL
0x00007ffe5db40000 - 0x00007ffe5dc79000 	C:\Windows\system32\MSCTF.dll
0x00007ffe5a9c0000 - 0x00007ffe5ac1a000 	C:\Windows\WinSxS\amd64_microsoft.windows.common-controls_6595b64144ccf1df_6.0.9600.17031_none_6242a4b3ecbb55a1\COMCTL32.dll
0x000000005ad70000 - 0x000000005ae42000 	C:\Program Files\Java\jdk1.8.0_92\jre\bin\msvcr100.dll
0x000000005b280000 - 0x000000005bb16000 	C:\Program Files\Java\jdk1.8.0_92\jre\bin\server\jvm.dll
0x00007ffe49a60000 - 0x00007ffe49a69000 	C:\Windows\SYSTEM32\WSOCK32.dll
0x00007ffe4f380000 - 0x00007ffe4f39f000 	C:\Windows\SYSTEM32\WINMM.dll
0x00007ffe5a980000 - 0x00007ffe5a98a000 	C:\Windows\SYSTEM32\VERSION.dll
0x00007ffe5f8f0000 - 0x00007ffe5f8f7000 	C:\Windows\system32\PSAPI.DLL
0x00007ffe5d6f0000 - 0x00007ffe5d748000 	C:\Windows\system32\WS2_32.dll
0x00007ffe4f350000 - 0x00007ffe4f37a000 	C:\Windows\SYSTEM32\WINMMBASE.dll
0x00007ffe5e270000 - 0x00007ffe5e279000 	C:\Windows\system32\NSI.dll
0x00007ffe5cf00000 - 0x00007ffe5cf4a000 	C:\Windows\SYSTEM32\cfgmgr32.dll
0x00007ffe5baf0000 - 0x00007ffe5bb16000 	C:\Windows\SYSTEM32\DEVOBJ.dll
0x000000005c860000 - 0x000000005c86f000 	C:\Program Files\Java\jdk1.8.0_92\jre\bin\verify.dll
0x000000005c830000 - 0x000000005c859000 	C:\Program Files\Java\jdk1.8.0_92\jre\bin\java.dll
0x000000005c810000 - 0x000000005c826000 	C:\Program Files\Java\jdk1.8.0_92\jre\bin\zip.dll

VM Arguments:
jvm_args: -Djava.awt.headless=true -Xmx1024M -Dfile.encoding=windows-1252 -Duser.country=US -Duser.language=en -Duser.variant 
java_command: com.android.dx.command.Main --dex --force-jumbo --num-threads=4 --output C:\Zooket\app\build\intermediates\pre-dexed\debug\okhttp-2.4.0_787f9e023d436507c0c01ed8a5465d0311a90b76.jar C:\Users\Smo\.gradle\caches\modules-2\files-2.1\com.squareup.okhttp\okhttp\2.4.0\40340c0748190fe897baf7bffbc1b282734294e5\okhttp-2.4.0.jar
java_class_path (initial): C:\android-sdk-windows\build-tools\24.0.3\lib\dx.jar
Launcher Type: SUN_STANDARD

Environment Variables:
PATH=C:\ProgramData\Oracle\Java\javapath;C:\Windows\system32;C:\Windows;C:\Windows\System32\Wbem;C:\Windows\System32\WindowsPowerShell\v1.0\;C:\Program Files (x86)\NVIDIA Corporation\PhysX\Common;C:\Program Files (x86)\Windows Kits\8.1\Windows Performance Toolkit\;C:\Program Files\Microsoft SQL Server\110\Tools\Binn\;C:\Program Files\Microsoft SQL Server\110\DTS\Binn\;C:\Program Files (x86)\Microsoft SQL Server\110\Tools\Binn\;C:\Program Files (x86)\Microsoft SQL Server\110\Tools\Binn\ManagementStudio\;C:\Program Files (x86)\Microsoft Visual Studio 10.0\Common7\IDE\PrivateAssemblies\;C:\Program Files (x86)\Microsoft SQL Server\110\DTS\Binn\;C:\Program Files (x86)\GtkSharp\2.12\bin;C:\Program Files (x86)\QuickTime\QTSystem\
USERNAME=Smo
OS=Windows_NT
PROCESSOR_IDENTIFIER=Intel64 Family 6 Model 94 Stepping 3, GenuineIntel



---------------  S Y S T E M  ---------------

OS: Windows 8.1 , 64 bit Build 9600 (6.3.9600.17056)

CPU:total 4 (4 cores per cpu, 1 threads per core) family 6 model 94 stepping 3, cmov, cx8, fxsr, mmx, sse, sse2, sse3, ssse3, sse4.1, sse4.2, popcnt, avx, avx2, aes, clmul, erms, 3dnowpref, lzcnt, tsc, tscinvbit, bmi1, bmi2, adx

Memory: 4k page, physical 8266404k(1241116k free), swap 8266404k(5576k free)

vm_info: Java HotSpot(TM) 64-Bit Server VM (25.92-b14) for windows-amd64 JRE (1.8.0_92-b14), built on Mar 31 2016 21:03:04 by "java_re" with MS VC++ 10.0 (VS2010)

time: Wed May 10 23:18:10 2017
elapsed time: 7 seconds (0d 0h 0m 7s)

