#
# There is insufficient memory for the Java Runtime Environment to continue.
# Native memory allocation (malloc) failed to allocate 422416 bytes for Chunk::new
# Possible reasons:
#   The system is out of physical RAM or swap space
#   In 32 bit mode, the process size limit was hit
# Possible solutions:
#   Reduce memory load on the system
#   Increase physical memory or swap space
#   Check if swap backing store is full
#   Use 64 bit Java on a 64 bit OS
#   Decrease Java heap size (-Xmx/-Xms)
#   Decrease number of Java threads
#   Decrease Java thread stack sizes (-Xss)
#   Set larger code cache with -XX:ReservedCodeCacheSize=
# This output file may be truncated or incomplete.
#
#  Out of Memory Error (allocation.cpp:390), pid=7276, tid=0x000000000000168c
#
# JRE version: Java(TM) SE Runtime Environment (8.0_92-b14) (build 1.8.0_92-b14)
# Java VM: Java HotSpot(TM) 64-Bit Server VM (25.92-b14 mixed mode windows-amd64 compressed oops)
# Failed to write core dump. Minidumps are not enabled by default on client versions of Windows
#

---------------  T H R E A D  ---------------

Current thread (0x000000001461f800):  JavaThread "C2 CompilerThread1" daemon [_thread_in_native, id=5772, stack(0x0000000015d10000,0x0000000015e10000)]

Stack: [0x0000000015d10000,0x0000000015e10000]
[error occurred during error reporting (printing stack bounds), id 0xc0000005]

Native frames: (J=compiled Java code, j=interpreted, Vv=VM code, C=native code)


Current CompileTask:
C2:   3372 1553       4       com.android.dx.ssa.SCCP::simulateStmt (481 bytes)


---------------  P R O C E S S  ---------------

Java Threads: ( => current thread )
  0x0000000016185000 JavaThread "pool-1-thread-4" [_thread_blocked, id=8616, stack(0x0000000016910000,0x0000000016a10000)]
  0x0000000016180000 JavaThread "pool-1-thread-3" [_thread_in_Java, id=8380, stack(0x0000000016810000,0x0000000016910000)]
  0x000000001617d800 JavaThread "pool-1-thread-2" [_thread_blocked, id=7788, stack(0x0000000016710000,0x0000000016810000)]
  0x000000001617a800 JavaThread "pool-2-thread-1" [_thread_blocked, id=8304, stack(0x0000000016610000,0x0000000016710000)]
  0x00000000160cb000 JavaThread "pool-1-thread-1" [_thread_in_Java, id=6216, stack(0x0000000016510000,0x0000000016610000)]
  0x000000001462c800 JavaThread "Service Thread" daemon [_thread_blocked, id=5964, stack(0x0000000016310000,0x0000000016410000)]
  0x0000000015e20800 JavaThread "C1 CompilerThread2" daemon [_thread_blocked, id=7284, stack(0x0000000016210000,0x0000000016310000)]
=>0x000000001461f800 JavaThread "C2 CompilerThread1" daemon [_thread_in_native, id=5772, stack(0x0000000015d10000,0x0000000015e10000)]
  0x00000000145ce000 JavaThread "C2 CompilerThread0" daemon [_thread_in_native, id=8852, stack(0x0000000015c10000,0x0000000015d10000)]
  0x00000000145cc000 JavaThread "Attach Listener" daemon [_thread_blocked, id=7740, stack(0x0000000015b10000,0x0000000015c10000)]
  0x00000000145cb000 JavaThread "Signal Dispatcher" daemon [_thread_blocked, id=8292, stack(0x0000000015a10000,0x0000000015b10000)]
  0x00000000145ba800 JavaThread "Finalizer" daemon [_thread_blocked, id=8296, stack(0x0000000015830000,0x0000000015930000)]
  0x0000000001ef0800 JavaThread "Reference Handler" daemon [_thread_blocked, id=8320, stack(0x0000000015730000,0x0000000015830000)]
  0x0000000001e02800 JavaThread "main" [_thread_in_Java, id=7984, stack(0x0000000001cb0000,0x0000000001db0000)]

Other Threads:
  0x0000000014598800 VMThread [stack: 0x0000000015630000,0x0000000015730000] [id=860]
  0x0000000015e29800 WatcherThread [stack: 0x0000000016410000,0x0000000016510000] [id=8284]

VM state:not at safepoint (normal execution)

VM Mutex/Monitor currently owned by a thread: None

Heap:
 PSYoungGen      total 71680K, used 22282K [0x00000000eab00000, 0x00000000ef600000, 0x0000000100000000)
  eden space 66560K, 25% used [0x00000000eab00000,0x00000000ebbc6b98,0x00000000eec00000)
  from space 5120K, 99% used [0x00000000ef100000,0x00000000ef5fc038,0x00000000ef600000)
  to   space 5120K, 0% used [0x00000000eec00000,0x00000000eec00000,0x00000000ef100000)
 ParOldGen       total 87552K, used 6173K [0x00000000c0000000, 0x00000000c5580000, 0x00000000eab00000)
  object space 87552K, 7% used [0x00000000c0000000,0x00000000c06076e0,0x00000000c5580000)
 Metaspace       used 6219K, capacity 7064K, committed 7424K, reserved 1056768K
  class space    used 620K, capacity 656K, committed 768K, reserved 1048576K

Card table byte_map: [0x00000000112c0000,0x00000000114d0000] byte_map_base: 0x0000000010cc0000

Marking Bits: (ParMarkBitMap*) 0x000000005ba964f0
 Begin Bits: [0x0000000011a30000, 0x0000000012a30000)
 End Bits:   [0x0000000012a30000, 0x0000000013a30000)

Polling page: 0x0000000000390000

CodeCache: size=245760Kb used=6407Kb max_used=6425Kb free=239352Kb
 bounds [0x0000000001f00000, 0x0000000002550000, 0x0000000010f00000]
 total_blobs=1804 nmethods=1535 adapters=182
 compilation: enabled

Compilation events (10 events):
Event: 3.327 Thread 0x0000000015e20800 1549       2       java.util.concurrent.ThreadPoolExecutor::isRunning (10 bytes)
Event: 3.327 Thread 0x0000000015e20800 nmethod 1549 0x000000000253b2d0 code [0x000000000253b420, 0x000000000253b570]
Event: 3.329 Thread 0x000000001461f800 nmethod 1334 0x0000000002540390 code [0x0000000002540600, 0x0000000002542748]
Event: 3.329 Thread 0x000000001461f800 1479       4       java.util.HashMap::getNode (148 bytes)
Event: 3.336 Thread 0x000000001461f800 nmethod 1479 0x000000000253bad0 code [0x000000000253bc60, 0x000000000253c488]
Event: 3.336 Thread 0x000000001461f800 1510   !   4       com.android.dx.rop.code.RegisterSpec::intern (70 bytes)
Event: 3.344 Thread 0x000000001461f800 nmethod 1510 0x000000000253d950 code [0x000000000253db00, 0x000000000253e4e8]
Event: 3.344 Thread 0x000000001461f800 1553       4       com.android.dx.ssa.SCCP::simulateStmt (481 bytes)
Event: 3.349 Thread 0x00000000145ce000 nmethod 1348 0x0000000002549fd0 code [0x000000000254a2e0, 0x000000000254bee0]
Event: 3.350 Thread 0x00000000145ce000 1560   !   4       com.android.dx.cf.code.BytecodeArray::parseInstruction (2764 bytes)

GC Heap History (4 events):
Event: 1.371 GC heap before
{Heap before GC invocations=1 (full 0):
 PSYoungGen      total 38400K, used 33280K [0x00000000eab00000, 0x00000000ed580000, 0x0000000100000000)
  eden space 33280K, 100% used [0x00000000eab00000,0x00000000ecb80000,0x00000000ecb80000)
  from space 5120K, 0% used [0x00000000ed080000,0x00000000ed080000,0x00000000ed580000)
  to   space 5120K, 0% used [0x00000000ecb80000,0x00000000ecb80000,0x00000000ed080000)
 ParOldGen       total 87552K, used 0K [0x00000000c0000000, 0x00000000c5580000, 0x00000000eab00000)
  object space 87552K, 0% used [0x00000000c0000000,0x00000000c0000000,0x00000000c5580000)
 Metaspace       used 5891K, capacity 6834K, committed 7040K, reserved 1056768K
  class space    used 598K, capacity 618K, committed 640K, reserved 1048576K
Event: 1.609 GC heap after
Heap after GC invocations=1 (full 0):
 PSYoungGen      total 38400K, used 5114K [0x00000000eab00000, 0x00000000ef600000, 0x0000000100000000)
  eden space 33280K, 0% used [0x00000000eab00000,0x00000000eab00000,0x00000000ecb80000)
  from space 5120K, 99% used [0x00000000ecb80000,0x00000000ed07eac8,0x00000000ed080000)
  to   space 5120K, 0% used [0x00000000ef100000,0x00000000ef100000,0x00000000ef600000)
 ParOldGen       total 87552K, used 1545K [0x00000000c0000000, 0x00000000c5580000, 0x00000000eab00000)
  object space 87552K, 1% used [0x00000000c0000000,0x00000000c0182410,0x00000000c5580000)
 Metaspace       used 5891K, capacity 6834K, committed 7040K, reserved 1056768K
  class space    used 598K, capacity 618K, committed 640K, reserved 1048576K
}
Event: 2.629 GC heap before
{Heap before GC invocations=2 (full 0):
 PSYoungGen      total 38400K, used 38394K [0x00000000eab00000, 0x00000000ef600000, 0x0000000100000000)
  eden space 33280K, 100% used [0x00000000eab00000,0x00000000ecb80000,0x00000000ecb80000)
  from space 5120K, 99% used [0x00000000ecb80000,0x00000000ed07eac8,0x00000000ed080000)
  to   space 5120K, 0% used [0x00000000ef100000,0x00000000ef100000,0x00000000ef600000)
 ParOldGen       total 87552K, used 1545K [0x00000000c0000000, 0x00000000c5580000, 0x00000000eab00000)
  object space 87552K, 1% used [0x00000000c0000000,0x00000000c0182410,0x00000000c5580000)
 Metaspace       used 6211K, capacity 7064K, committed 7424K, reserved 1056768K
  class space    used 620K, capacity 656K, committed 768K, reserved 1048576K
Event: 3.311 GC heap after
Heap after GC invocations=2 (full 0):
 PSYoungGen      total 71680K, used 5104K [0x00000000eab00000, 0x00000000ef600000, 0x0000000100000000)
  eden space 66560K, 0% used [0x00000000eab00000,0x00000000eab00000,0x00000000eec00000)
  from space 5120K, 99% used [0x00000000ef100000,0x00000000ef5fc038,0x00000000ef600000)
  to   space 5120K, 0% used [0x00000000eec00000,0x00000000eec00000,0x00000000ef100000)
 ParOldGen       total 87552K, used 6173K [0x00000000c0000000, 0x00000000c5580000, 0x00000000eab00000)
  object space 87552K, 7% used [0x00000000c0000000,0x00000000c06076e0,0x00000000c5580000)
 Metaspace       used 6211K, capacity 7064K, committed 7424K, reserved 1056768K
  class space    used 620K, capacity 656K, committed 768K, reserved 1048576K
}

Deoptimization events (10 events):
Event: 2.425 Thread 0x00000000160cb000 Uncommon trap: reason=unstable_if action=reinterpret pc=0x00000000021ff7d8 method=java.util.HashMap.getNode(ILjava/lang/Object;)Ljava/util/HashMap$Node; @ 84
Event: 2.428 Thread 0x00000000160cb000 Uncommon trap: reason=bimorphic action=maybe_recompile pc=0x00000000023fd410 method=com.android.dx.cf.code.BytecodeArray.parseInstruction(ILcom/android/dx/cf/code/BytecodeArray$Visitor;)I @ 2281
Event: 2.428 Thread 0x00000000160cb000 Uncommon trap: reason=bimorphic action=maybe_recompile pc=0x00000000023fd410 method=com.android.dx.cf.code.BytecodeArray.parseInstruction(ILcom/android/dx/cf/code/BytecodeArray$Visitor;)I @ 2281
Event: 2.438 Thread 0x00000000160cb000 Uncommon trap: reason=unstable_if action=reinterpret pc=0x00000000023b3b14 method=java.util.HashMap.getNode(ILjava/lang/Object;)Ljava/util/HashMap$Node; @ 84
Event: 3.320 Thread 0x000000001617d800 Uncommon trap: reason=bimorphic action=maybe_recompile pc=0x00000000023fdfa4 method=com.android.dx.cf.code.BytecodeArray.parseInstruction(ILcom/android/dx/cf/code/BytecodeArray$Visitor;)I @ 939
Event: 3.320 Thread 0x000000001617d800 Uncommon trap: reason=bimorphic action=maybe_recompile pc=0x00000000023fde8c method=com.android.dx.cf.code.BytecodeArray.parseInstruction(ILcom/android/dx/cf/code/BytecodeArray$Visitor;)I @ 907
Event: 3.320 Thread 0x000000001617d800 Uncommon trap: reason=bimorphic action=maybe_recompile pc=0x00000000023fe2ac method=com.android.dx.cf.code.BytecodeArray.parseInstruction(ILcom/android/dx/cf/code/BytecodeArray$Visitor;)I @ 1130
Event: 3.320 Thread 0x000000001617d800 Uncommon trap: reason=bimorphic action=maybe_recompile pc=0x00000000023fdf18 method=com.android.dx.cf.code.BytecodeArray.parseInstruction(ILcom/android/dx/cf/code/BytecodeArray$Visitor;)I @ 923
Event: 3.320 Thread 0x000000001617d800 Uncommon trap: reason=bimorphic action=maybe_recompile pc=0x00000000023fe2ac method=com.android.dx.cf.code.BytecodeArray.parseInstruction(ILcom/android/dx/cf/code/BytecodeArray$Visitor;)I @ 1130
Event: 3.368 Thread 0x0000000001e02800 Uncommon trap: reason=unstable_if action=reinterpret pc=0x00000000023129f0 method=java.util.HashMap.putVal(ILjava/lang/Object;Ljava/lang/Object;ZZ)Ljava/lang/Object; @ 162

Internal exceptions (7 events):
Event: 0.033 Thread 0x0000000001e02800 Exception <a 'java/lang/NoSuchMethodError': Method sun.misc.Unsafe.defineClass(Ljava/lang/String;[BII)Ljava/lang/Class; name or signature does not match> (0x00000000eab07cc0) thrown at [D:\re\workspace\8-2-build-windows-amd64-cygwin\jdk8u92\6642\hotspot\srõZrÕr¡?
Event: 0.033 Thread 0x0000000001e02800 Exception <a 'java/lang/NoSuchMethodError': Method sun.misc.Unsafe.prefetchRead(Ljava/lang/Object;J)V name or signature does not match> (0x00000000eab07fa8) thrown at [D:\re\workspace\8-2-build-windows-amd64-cygwin\jdk8u92\6642\hotspot\src\share\vm\prims\j)ˆX6î?
Event: 0.940 Thread 0x0000000016185000 Implicit null exception at 0x0000000002229079 to 0x000000000222a8c1
Event: 0.955 Thread 0x00000000160cb000 Implicit null exception at 0x000000000222ea22 to 0x000000000222eb1a
Event: 2.422 Thread 0x00000000160cb000 Exception <a 'java/lang/ArrayIndexOutOfBoundsException': 18> (0x00000000ebc93a30) thrown at [D:\re\workspace\8-2-build-windows-amd64-cygwin\jdk8u92\6642\hotspot\src\share\vm\interpreter\interpreterRuntime.cpp, line 366]
Event: 2.422 Thread 0x00000000160cb000 Exception <a 'java/lang/ArrayIndexOutOfBoundsException'> (0x00000000ebc955b0) thrown at [D:\re\workspace\8-2-build-windows-amd64-cygwin\jdk8u92\6642\hotspot\src\share\vm\runtime\sharedRuntime.cpp, line 605]
Event: 2.425 Thread 0x00000000160cb000 Exception <a 'java/lang/ArrayIndexOutOfBoundsException'> (0x00000000ebc96898) thrown at [D:\re\workspace\8-2-build-windows-amd64-cygwin\jdk8u92\6642\hotspot\src\share\vm\runtime\sharedRuntime.cpp, line 605]

Events (10 events):
Event: 3.320 Thread 0x000000001617d800 DEOPT UNPACKING pc=0x0000000001f4582a sp=0x000000001680e4e8 mode 2
Event: 3.320 Thread 0x000000001617d800 Uncommon trap: trap_request=0xffffffc6 fr.pc=0x00000000023fdf18
Event: 3.320 Thread 0x000000001617d800 DEOPT PACKING pc=0x00000000023fdf18 sp=0x000000001680e520
Event: 3.320 Thread 0x000000001617d800 DEOPT UNPACKING pc=0x0000000001f4582a sp=0x000000001680e4e8 mode 2
Event: 3.320 Thread 0x000000001617d800 Uncommon trap: trap_request=0xffffffc6 fr.pc=0x00000000023fe2ac
Event: 3.320 Thread 0x000000001617d800 DEOPT PACKING pc=0x00000000023fe2ac sp=0x000000001680e520
Event: 3.320 Thread 0x000000001617d800 DEOPT UNPACKING pc=0x0000000001f4582a sp=0x000000001680e4e8 mode 2
Event: 3.368 Thread 0x0000000001e02800 Uncommon trap: trap_request=0xffffff65 fr.pc=0x00000000023129f0
Event: 3.368 Thread 0x0000000001e02800 DEOPT PACKING pc=0x00000000023129f0 sp=0x0000000001dae4b0
Event: 3.368 Thread 0x0000000001e02800 DEOPT UNPACKING pc=0x0000000001f4582a sp=0x0000000001dae3d0 mode 2


Dynamic libraries:
0x00007ff750d50000 - 0x00007ff750d87000 	C:\Program Files\Java\jdk1.8.0_92\bin\java.exe
0x00007ffe5f900000 - 0x00007ffe5faaa000 	C:\Windows\SYSTEM32\ntdll.dll
0x00007ffe5dc80000 - 0x00007ffe5ddba000 	C:\Windows\system32\KERNEL32.DLL
0x00007ffe5cd40000 - 0x00007ffe5ce4f000 	C:\Windows\system32\KERNELBASE.dll
0x00007ffe5b8a0000 - 0x00007ffe5b928000 	C:\Windows\system32\apphelp.dll
0x00007ffe36bf0000 - 0x00007ffe36c3f000 	C:\Windows\AppPatch\AppPatch64\AcGenral.DLL
0x00007ffe5f6a0000 - 0x00007ffe5f747000 	C:\Windows\system32\msvcrt.dll
0x00007ffe5cab0000 - 0x00007ffe5cadb000 	C:\Windows\SYSTEM32\SspiCli.dll
0x00007ffe5d750000 - 0x00007ffe5d7a1000 	C:\Windows\system32\SHLWAPI.dll
0x00007ffe5d390000 - 0x00007ffe5d501000 	C:\Windows\system32\USER32.dll
0x00007ffe5e040000 - 0x00007ffe5e1b8000 	C:\Windows\system32\ole32.dll
0x00007ffe5e280000 - 0x00007ffe5f697000 	C:\Windows\system32\SHELL32.dll
0x00007ffe5c2e0000 - 0x00007ffe5c2fe000 	C:\Windows\SYSTEM32\USERENV.dll
0x00007ffe5f820000 - 0x00007ffe5f8c5000 	C:\Windows\system32\ADVAPI32.dll
0x00007ffe57ba0000 - 0x00007ffe57bbb000 	C:\Windows\SYSTEM32\MPR.dll
0x00007ffe5ddc0000 - 0x00007ffe5def6000 	C:\Windows\system32\RPCRT4.dll
0x00007ffe5d330000 - 0x00007ffe5d387000 	C:\Windows\SYSTEM32\sechost.dll
0x00007ffe5d510000 - 0x00007ffe5d6e6000 	C:\Windows\SYSTEM32\combase.dll
0x00007ffe5d180000 - 0x00007ffe5d2c5000 	C:\Windows\system32\GDI32.dll
0x00007ffe5cc70000 - 0x00007ffe5cc84000 	C:\Windows\SYSTEM32\profapi.dll
0x00007ffe5b2d0000 - 0x00007ffe5b36f000 	C:\Windows\SYSTEM32\SHCORE.dll
0x00007ffe5df00000 - 0x00007ffe5df34000 	C:\Windows\system32\IMM32.DLL
0x00007ffe5db40000 - 0x00007ffe5dc79000 	C:\Windows\system32\MSCTF.dll
0x00007ffe5a9c0000 - 0x00007ffe5ac1a000 	C:\Windows\WinSxS\amd64_microsoft.windows.common-controls_6595b64144ccf1df_6.0.9600.17031_none_6242a4b3ecbb55a1\COMCTL32.dll
0x000000005ad70000 - 0x000000005ae42000 	C:\Program Files\Java\jdk1.8.0_92\jre\bin\msvcr100.dll
0x000000005b280000 - 0x000000005bb16000 	C:\Program Files\Java\jdk1.8.0_92\jre\bin\server\jvm.dll
0x00007ffe58230000 - 0x00007ffe58239000 	C:\Windows\SYSTEM32\WSOCK32.dll
0x00007ffe4f380000 - 0x00007ffe4f39f000 	C:\Windows\SYSTEM32\WINMM.dll
0x00007ffe5a980000 - 0x00007ffe5a98a000 	C:\Windows\SYSTEM32\VERSION.dll
0x00007ffe5f8f0000 - 0x00007ffe5f8f7000 	C:\Windows\system32\PSAPI.DLL
0x00007ffe5d6f0000 - 0x00007ffe5d748000 	C:\Windows\system32\WS2_32.dll
0x00007ffe4f350000 - 0x00007ffe4f37a000 	C:\Windows\SYSTEM32\WINMMBASE.dll
0x00007ffe5e270000 - 0x00007ffe5e279000 	C:\Windows\system32\NSI.dll
0x00007ffe5cf00000 - 0x00007ffe5cf4a000 	C:\Windows\SYSTEM32\cfgmgr32.dll
0x00007ffe5baf0000 - 0x00007ffe5bb16000 	C:\Windows\SYSTEM32\DEVOBJ.dll
0x000000005c860000 - 0x000000005c86f000 	C:\Program Files\Java\jdk1.8.0_92\jre\bin\verify.dll
0x000000005c830000 - 0x000000005c859000 	C:\Program Files\Java\jdk1.8.0_92\jre\bin\java.dll
0x000000005c810000 - 0x000000005c826000 	C:\Program Files\Java\jdk1.8.0_92\jre\bin\zip.dll

VM Arguments:
jvm_args: -Djava.awt.headless=true -Xmx1024M -Dfile.encoding=windows-1252 -Duser.country=US -Duser.language=en -Duser.variant 
java_command: com.android.dx.command.Main --dex --force-jumbo --num-threads=4 --output C:\Zooket\app\build\intermediates\pre-dexed\debug\okhttp-3.5.0_e91d8159a3d7db8ced802dc3bb030e67d837299d.jar C:\Users\Smo\.gradle\caches\modules-2\files-2.1\com.squareup.okhttp3\okhttp\3.5.0\4b0bb6bfbecbdd42b97ff400af342bfe7f32bc83\okhttp-3.5.0.jar
java_class_path (initial): C:\android-sdk-windows\build-tools\24.0.3\lib\dx.jar
Launcher Type: SUN_STANDARD

Environment Variables:
PATH=C:\ProgramData\Oracle\Java\javapath;C:\Windows\system32;C:\Windows;C:\Windows\System32\Wbem;C:\Windows\System32\WindowsPowerShell\v1.0\;C:\Program Files (x86)\NVIDIA Corporation\PhysX\Common;C:\Program Files (x86)\Windows Kits\8.1\Windows Performance Toolkit\;C:\Program Files\Microsoft SQL Server\110\Tools\Binn\;C:\Program Files\Microsoft SQL Server\110\DTS\Binn\;C:\Program Files (x86)\Microsoft SQL Server\110\Tools\Binn\;C:\Program Files (x86)\Microsoft SQL Server\110\Tools\Binn\ManagementStudio\;C:\Program Files (x86)\Microsoft Visual Studio 10.0\Common7\IDE\PrivateAssemblies\;C:\Program Files (x86)\Microsoft SQL Server\110\DTS\Binn\;C:\Program Files (x86)\GtkSharp\2.12\bin;C:\Program Files (x86)\QuickTime\QTSystem\
USERNAME=Smo
OS=Windows_NT
PROCESSOR_IDENTIFIER=Intel64 Family 6 Model 94 Stepping 3, GenuineIntel



---------------  S Y S T E M  ---------------

OS: Windows 8.1 , 64 bit Build 9600 (6.3.9600.17056)

CPU:total 4 (4 cores per cpu, 1 threads per core) family 6 model 94 stepping 3, cmov, cx8, fxsr, mmx, sse, sse2, sse3, ssse3, sse4.1, sse4.2, popcnt, avx, avx2, aes, clmul, erms, 3dnowpref, lzcnt, tsc, tscinvbit, bmi1, bmi2, adx

Memory: 4k page, physical 8266404k(1518504k free), swap 8266404k(5572k free)

vm_info: Java HotSpot(TM) 64-Bit Server VM (25.92-b14) for windows-amd64 JRE (1.8.0_92-b14), built on Mar 31 2016 21:03:04 by "java_re" with MS VC++ 10.0 (VS2010)

time: Wed May 10 12:03:02 2017
elapsed time: 3 seconds (0d 0h 0m 3s)

