JvmtiExport can_access_local_variables 0
JvmtiExport can_hotswap_or_post_breakpoint 0
JvmtiExport can_post_on_exceptions 0
# 420 ciObject found
ciMethod java/lang/Object <init> ()V 4097 1 1065102 0 0
ciMethod java/lang/Object hashCode ()I 2049 1 256 0 -1
ciMethod java/lang/Object equals (Ljava/lang/Object;)Z 4097 1 13078 0 -1
ciMethod java/lang/String <init> ([CII)V 2545 1 5458 0 672
ciMethod java/lang/String length ()I 4097 1 26369 0 0
ciMethod java/lang/String charAt (I)C 4097 1 108098 0 128
ciMethod java/lang/String getChars (II[CI)V 2209 1 8475 0 -1
ciMethod java/lang/String equals (Ljava/lang/Object;)Z 2057 12169 1614 0 -1
ciMethod java/lang/String hashCode ()I 2769 32769 1400 0 288
ciMethod java/lang/String indexOf (II)I 1177 34577 1734 0 384
ciMethod java/lang/String indexOfSupplementary (II)I 0 0 1 0 -1
ciMethod java/lang/String substring (I)Ljava/lang/String; 2641 1 9013 0 0
ciMethod java/lang/String substring (II)Ljava/lang/String; 3073 1 5781 0 0
ciMethod java/lang/System arraycopy (Ljava/lang/Object;ILjava/lang/Object;II)V 5121 1 640 0 -1
ciMethod java/lang/OutOfMemoryError <init> ()V 0 0 1 0 -1
ciMethod java/lang/AbstractStringBuilder <init> (I)V 617 1 13395 0 0
ciMethod java/lang/AbstractStringBuilder ensureCapacityInternal (I)V 2225 1 21397 0 -1
ciMethod java/lang/AbstractStringBuilder expandCapacity (I)V 817 1 10351 0 -1
ciMethod java/lang/AbstractStringBuilder append (Ljava/lang/String;)Ljava/lang/AbstractStringBuilder; 953 1 14391 0 896
ciMethod java/lang/AbstractStringBuilder appendNull ()Ljava/lang/AbstractStringBuilder; 0 0 1 0 -1
ciMethod java/lang/StringBuilder <init> ()V 609 1 13000 0 0
ciMethod java/lang/StringBuilder append (Ljava/lang/String;)Ljava/lang/StringBuilder; 953 1 32855 0 0
ciMethod java/lang/StringBuilder append (C)Ljava/lang/StringBuilder; 2353 1 6037 0 -1
ciMethod java/lang/StringBuilder append (I)Ljava/lang/StringBuilder; 0 0 7 0 -1
ciMethod java/lang/StringBuilder toString ()Ljava/lang/String; 609 1 13011 0 0
ciMethod java/lang/NullPointerException <init> (Ljava/lang/String;)V 0 0 1 0 -1
ciMethod java/util/ArrayList add (Ljava/lang/Object;)Z 641 1 265032 0 -1
ciMethod java/util/HashMap hash (Ljava/lang/Object;)I 2121 1 105700 0 0
ciMethod java/util/HashMap get (Ljava/lang/Object;)Ljava/lang/Object; 3129 1 58586 0 1152
ciMethod java/util/HashMap getNode (ILjava/lang/Object;)Ljava/util/HashMap$Node; 28089 2529 17940 0 1408
ciMethod java/util/HashMap put (Ljava/lang/Object;Ljava/lang/Object;)Ljava/lang/Object; 3145 1 33698 0 0
ciMethod java/util/HashMap putVal (ILjava/lang/Object;Ljava/lang/Object;ZZ)Ljava/lang/Object; 2177 217 33376 0 1952
ciMethod java/util/HashMap resize ()[Ljava/util/HashMap$Node; 177 2977 1693 0 -1
ciMethod java/util/HashMap treeifyBin ([Ljava/util/HashMap$Node;I)V 0 0 1 0 -1
ciMethod java/util/HashMap newNode (ILjava/lang/Object;Ljava/lang/Object;Ljava/util/HashMap$Node;)Ljava/util/HashMap$Node; 3153 1 22686 0 0
ciMethod java/util/HashMap afterNodeAccess (Ljava/util/HashMap$Node;)V 4097 1 2713 0 0
ciMethod java/util/HashMap afterNodeInsertion (Z)V 3153 1 1472 0 0
ciMethod java/util/HashMap$Node <init> (ILjava/lang/Object;Ljava/lang/Object;Ljava/util/HashMap$Node;)V 2697 1 22705 0 0
ciMethod java/lang/Math min (II)I 3865 1 37579 0 -1
ciMethod java/util/Arrays copyOf ([CI)[C 2057 1 11835 0 -1
ciMethod java/util/Arrays copyOfRange ([CII)[C 2545 1 5485 0 512
ciMethodData java/lang/Object <init> ()V 2 1065102 orig 264 104 225 148 100 0 0 0 0 128 4 147 20 0 0 0 0 32 1 0 0 0 0 0 0 0 0 0 0 0 0 0 0 0 0 0 0 0 0 0 0 0 0 0 0 0 0 0 0 0 0 0 0 0 0 0 0 0 0 0 0 0 0 0 0 0 0 0 0 0 0 0 0 0 0 0 0 0 0 0 0 77 68 79 32 101 120 116 114 97 32 100 97 116 97 32 108 111 99 107 0 0 0 0 0 0 0 0 0 0 0 0 0 0 0 0 0 0 0 0 0 0 0 0 0 0 0 0 0 0 0 0 0 0 0 0 0 0 0 0 0 0 0 0 0 0 0 0 0 0 0 0 0 0 0 0 0 0 0 0 0 0 0 0 0 0 0 0 0 0 0 0 0 0 0 0 0 0 0 0 0 0 0 0 0 1 0 0 0 0 0 0 0 1 0 0 0 0 0 0 0 1 0 0 0 0 0 0 0 0 0 0 0 0 0 0 0 0 2 0 0 113 244 129 0 1 0 0 0 0 0 0 0 0 0 0 0 2 0 0 0 0 0 3 0 1 0 0 0 0 0 0 0 255 255 255 255 0 0 0 0 0 0 0 0 data 0 oops 0
ciMethod java/lang/IllegalArgumentException <init> (Ljava/lang/String;)V 0 0 1 0 -1
ciMethodData java/lang/String charAt (I)C 2 108098 orig 264 104 225 148 100 0 0 0 0 104 61 147 20 0 0 0 0 120 1 0 0 32 0 0 0 0 0 0 0 0 0 0 0 0 0 0 0 0 0 0 0 0 0 0 0 0 0 0 0 0 0 0 0 0 0 0 0 0 0 0 0 0 0 0 0 0 0 0 0 0 0 0 0 0 0 0 0 0 0 0 0 77 68 79 32 101 120 116 114 97 32 100 97 116 97 32 108 111 99 107 0 0 0 0 0 0 0 0 0 0 0 0 0 0 0 0 0 0 0 0 0 0 0 0 0 0 0 0 0 0 0 0 0 0 0 0 0 0 0 0 0 0 0 0 0 0 0 0 0 0 0 0 0 0 0 0 0 0 0 0 0 0 0 0 0 0 0 0 0 0 0 0 0 0 0 0 0 0 0 0 0 0 0 0 0 0 0 0 0 0 0 0 0 0 0 0 0 0 0 0 0 0 0 0 0 0 0 0 0 0 0 0 0 0 0 0 0 0 2 0 0 17 34 13 0 1 0 0 0 0 0 0 0 0 0 0 0 2 0 0 0 0 0 8 0 2 0 0 0 80 0 0 0 255 255 255 255 7 0 1 0 0 0 0 0 data 10 0x10007 0x0 0x40 0x1a443 0xa0007 0x1a443 0x30 0x0 0x120002 0x0 oops 0
ciMethod java/util/HashMap$TreeNode getTreeNode (ILjava/lang/Object;)Ljava/util/HashMap$TreeNode; 0 0 1 0 -1
ciMethod java/util/HashMap$TreeNode putTreeVal (Ljava/util/HashMap;[Ljava/util/HashMap$Node;ILjava/lang/Object;Ljava/lang/Object;)Ljava/util/HashMap$TreeNode; 0 0 1 0 -1
ciMethod java/util/HashMap$TreeNode split (Ljava/util/HashMap;[Ljava/util/HashMap$Node;II)V 0 0 1 0 -1
ciMethodData java/lang/String hashCode ()I 2 21160 orig 264 104 225 148 100 0 0 0 0 184 79 147 20 0 0 0 0 152 1 0 0 32 0 0 0 0 0 0 0 0 0 0 0 0 0 0 0 0 0 0 0 0 0 0 0 0 0 0 0 0 0 0 0 0 0 0 0 0 0 0 0 0 0 0 0 0 0 0 0 0 0 0 0 0 0 0 0 0 0 0 0 77 68 79 32 101 120 116 114 97 32 100 97 116 97 32 108 111 99 107 0 0 0 0 0 0 0 0 0 0 0 0 0 0 0 0 0 0 0 0 0 0 0 0 0 0 0 0 0 0 0 0 0 0 0 0 0 0 0 0 0 0 0 0 0 0 0 0 0 0 0 0 0 0 0 0 0 0 0 0 0 0 0 0 0 0 0 0 0 0 0 0 0 0 0 0 0 0 0 0 0 0 0 0 0 1 0 0 0 0 0 0 0 0 0 0 0 0 0 0 0 1 0 0 0 0 0 0 0 0 0 0 0 0 0 0 0 0 16 0 0 241 32 0 0 65 21 2 0 0 0 0 0 0 0 0 0 2 0 0 0 1 0 11 0 2 0 0 0 120 0 0 0 255 255 255 255 7 0 6 0 0 0 0 0 data 15 0x60007 0x122 0x78 0x2fc 0xe0007 0x1 0x58 0x2fb 0x1e0007 0x2fb 0x38 0x429e 0x2d0003 0x429e 0xffffffffffffffe0 oops 0
ciMethodData java/lang/String indexOf (II)I 2 25012 orig 264 104 225 148 100 0 0 0 0 56 81 147 20 0 0 0 0 16 2 0 0 88 0 0 0 0 0 0 0 0 0 0 0 0 0 0 0 0 0 0 0 0 0 0 0 0 0 0 0 0 0 0 0 0 0 0 0 0 0 0 0 0 0 0 0 0 0 0 0 0 0 0 0 0 0 0 0 0 0 0 0 77 68 79 32 101 120 116 114 97 32 100 97 116 97 32 108 111 99 107 0 0 0 0 0 0 0 0 0 0 0 0 0 0 0 0 0 0 0 0 0 0 0 0 0 0 0 0 0 0 0 0 0 0 0 0 0 0 0 0 0 0 0 0 0 0 0 0 0 0 0 0 0 0 0 0 0 0 0 0 0 0 0 0 0 0 0 0 0 0 0 0 0 0 0 0 0 0 0 0 0 0 0 0 0 0 0 0 0 0 0 0 0 0 0 0 0 0 0 0 0 0 0 0 0 0 0 0 0 0 0 0 0 0 0 0 0 215 15 0 0 153 49 0 0 145 134 2 0 0 0 0 0 0 0 0 0 2 0 0 0 1 0 15 0 2 0 0 0 224 0 0 0 255 255 255 255 7 0 7 0 0 0 0 0 data 28 0x70007 0x633 0x38 0x0 0xc0003 0x0 0x38 0x110007 0x270 0x20 0x3c3 0x190007 0x0 0x78 0x270 0x280007 0x224 0x58 0x502b 0x310007 0x4fdf 0x20 0x4c 0x3a0003 0x4fdf 0xffffffffffffffc0 0x420002 0x0 oops 0
ciMethodData java/lang/String <init> ([CII)V 2 5458 orig 264 104 225 148 100 0 0 0 0 88 49 147 20 0 0 0 0 80 2 0 0 208 0 0 0 0 0 0 0 0 0 0 0 0 0 0 0 0 0 0 0 0 0 0 0 0 0 0 0 0 0 0 0 0 0 0 0 0 0 0 0 0 0 0 0 0 0 0 0 0 0 0 0 0 0 0 0 0 0 0 0 77 68 79 32 101 120 116 114 97 32 100 97 116 97 32 108 111 99 107 0 0 0 0 0 0 0 0 0 0 0 0 0 0 0 0 0 0 0 0 0 0 0 0 0 0 0 0 0 0 0 0 0 0 0 0 0 0 0 0 0 0 0 0 0 0 0 0 0 0 0 0 0 0 0 0 0 0 0 0 0 0 0 0 0 0 0 0 0 0 0 0 0 0 0 0 0 0 0 0 0 0 0 0 0 0 0 0 0 0 0 0 0 0 0 0 0 0 0 0 0 0 0 0 0 0 0 0 0 0 0 0 0 0 0 0 0 62 1 0 0 161 160 0 0 1 0 0 0 0 0 0 0 0 0 0 0 2 0 0 0 0 0 14 0 2 0 0 0 240 0 0 0 255 255 255 255 2 0 1 0 0 0 0 0 data 30 0x10002 0x1414 0x50007 0x1414 0x30 0x0 0xd0002 0x0 0x120007 0x1413 0x70 0x1 0x160007 0x1 0x30 0x0 0x1e0002 0x0 0x250007 0x0 0x20 0x1 0x370007 0x1413 0x30 0x0 0x410002 0x0 0x4b0002 0x1413 oops 0
ciMethodData java/util/Arrays copyOfRange ([CII)[C 2 5485 orig 264 104 225 148 100 0 0 0 0 104 123 166 20 0 0 0 0 120 2 0 0 240 0 0 0 0 0 0 0 0 0 0 0 0 0 0 0 0 0 0 0 0 0 0 0 0 0 0 0 0 0 0 0 0 0 0 0 0 0 0 0 0 0 0 0 0 0 0 0 0 0 0 0 0 0 0 0 0 0 0 0 77 68 79 32 101 120 116 114 97 32 100 97 116 97 32 108 111 99 107 0 0 0 0 0 0 0 0 0 0 0 0 0 0 0 0 0 0 0 0 0 0 0 0 0 0 0 0 0 0 0 0 0 0 0 0 0 0 0 0 0 0 0 0 0 0 0 0 0 0 0 0 0 0 0 0 0 0 0 0 0 0 0 0 0 0 0 0 0 0 0 0 0 0 0 0 0 0 0 0 0 0 0 0 0 0 0 0 0 0 0 0 0 0 0 0 0 0 0 0 0 0 0 0 0 0 0 0 0 0 0 0 0 0 0 0 0 62 1 0 0 121 161 0 0 1 0 0 0 0 0 0 0 0 0 0 0 2 0 0 0 0 0 9 0 2 0 0 0 32 1 0 0 255 255 255 255 7 0 5 0 0 0 0 0 data 36 0x50007 0x142f 0x100 0x0 0x100002 0x0 0x140005 0x0 0x0 0x0 0x0 0x0 0x190005 0x0 0x0 0x0 0x0 0x0 0x1d0005 0x0 0x0 0x0 0x0 0x0 0x200005 0x0 0x0 0x0 0x0 0x0 0x230002 0x0 0x360002 0x142f 0x390002 0x142f oops 0
ciMethodData java/lang/StringBuilder <init> ()V 2 13000 orig 264 104 225 148 100 0 0 0 0 64 116 154 20 0 0 0 0 48 1 0 0 0 0 0 0 0 0 0 0 0 0 0 0 0 0 0 0 0 0 0 0 0 0 0 0 0 0 0 0 0 0 0 0 0 0 0 0 0 0 0 0 0 0 0 0 0 0 0 0 0 0 0 0 0 0 0 0 0 0 0 0 77 68 79 32 101 120 116 114 97 32 100 97 116 97 32 108 111 99 107 0 0 0 0 0 0 0 0 0 0 0 0 0 0 0 0 0 0 0 0 0 0 0 0 0 0 0 0 0 0 0 0 0 0 0 0 0 0 0 0 0 0 0 0 0 0 0 0 0 0 0 0 0 0 0 0 0 0 0 0 0 0 0 0 0 0 0 0 0 0 0 0 0 0 0 0 0 0 0 0 0 0 0 0 0 0 0 0 0 0 0 0 0 0 0 0 0 0 0 0 0 0 0 0 0 0 0 0 0 0 0 0 0 0 0 0 0 76 0 0 0 225 147 1 0 1 0 0 0 0 0 0 0 0 0 0 0 2 0 0 0 0 0 3 0 2 0 0 0 16 0 0 0 255 255 255 255 2 0 3 0 0 0 0 0 data 2 0x30002 0x327c oops 0
ciMethodData java/lang/AbstractStringBuilder <init> (I)V 2 13549 orig 264 104 225 148 100 0 0 0 0 40 56 154 20 0 0 0 0 56 1 0 0 0 0 0 0 0 0 0 0 0 0 0 0 0 0 0 0 0 0 0 0 0 0 0 0 0 0 0 0 0 0 0 0 0 0 0 0 0 0 0 0 0 0 0 0 0 0 0 0 0 0 0 0 0 0 0 0 0 0 0 0 77 68 79 32 101 120 116 114 97 32 100 97 116 97 32 108 111 99 107 0 0 0 0 0 0 0 0 0 0 0 0 0 0 0 0 0 0 0 0 0 0 0 0 0 0 0 0 0 0 0 0 0 0 0 0 0 0 0 0 0 0 0 0 0 0 0 0 0 0 0 0 0 0 0 0 0 0 0 0 0 0 0 0 0 0 0 0 0 0 0 0 0 0 0 0 0 0 0 0 0 0 0 0 0 0 0 0 0 0 0 0 0 0 0 0 0 0 0 0 0 0 0 0 0 0 0 0 0 0 0 0 0 0 0 0 0 77 0 0 0 1 165 1 0 1 0 0 0 0 0 0 0 0 0 0 0 2 0 0 0 0 0 3 0 2 0 0 0 16 0 0 0 255 255 255 255 2 0 1 0 0 0 0 0 data 2 0x10002 0x34a0 oops 0
ciMethodData java/lang/StringBuilder append (Ljava/lang/String;)Ljava/lang/StringBuilder; 2 32855 orig 264 104 225 148 100 0 0 0 0 88 119 154 20 0 0 0 0 56 1 0 0 0 0 0 0 0 0 0 0 0 0 0 0 0 0 0 0 0 0 0 0 0 0 0 0 0 0 0 0 0 0 0 0 0 0 0 0 0 0 0 0 0 0 0 0 0 0 0 0 0 0 0 0 0 0 0 0 0 0 0 0 77 68 79 32 101 120 116 114 97 32 100 97 116 97 32 108 111 99 107 0 0 0 0 0 0 0 0 0 0 0 0 0 0 0 0 0 0 0 0 0 0 0 0 0 0 0 0 0 0 0 0 0 0 0 0 0 0 0 0 0 0 0 0 0 0 0 0 0 0 0 0 0 0 0 0 0 0 0 0 0 0 0 0 0 0 0 0 0 0 0 0 0 0 0 0 0 0 0 0 0 0 0 0 0 0 0 0 0 0 0 0 0 0 0 0 0 0 0 0 0 0 0 0 0 0 0 0 0 0 0 0 0 0 0 0 0 119 0 0 0 1 255 3 0 1 0 0 0 0 0 0 0 0 0 0 0 2 0 0 0 0 0 3 0 2 0 0 0 16 0 0 0 255 255 255 255 2 0 2 0 0 0 0 0 data 2 0x20002 0x7fe0 oops 0
ciMethodData java/lang/AbstractStringBuilder append (Ljava/lang/String;)Ljava/lang/AbstractStringBuilder; 2 14391 orig 264 104 225 148 100 0 0 0 0 72 67 154 20 0 0 0 0 240 1 0 0 32 0 0 0 0 0 0 0 0 0 0 0 0 0 0 0 0 0 0 0 0 0 0 0 0 0 0 0 0 0 0 0 0 0 0 0 0 0 0 0 0 0 0 0 0 0 0 0 0 0 0 0 0 0 0 0 0 0 0 0 77 68 79 32 101 120 116 114 97 32 100 97 116 97 32 108 111 99 107 0 0 0 0 0 0 0 0 0 0 0 0 0 0 0 0 0 0 0 0 0 0 0 0 0 0 0 0 0 0 0 0 0 0 0 0 0 0 0 0 0 0 0 0 0 0 0 0 0 0 0 0 0 0 0 0 0 0 0 0 0 0 0 0 0 0 0 0 0 0 0 0 0 0 0 0 0 0 0 0 0 0 0 0 0 0 0 0 0 0 0 0 0 0 0 0 0 0 0 0 0 0 0 0 0 0 0 0 0 0 0 0 0 0 0 0 0 119 0 0 0 1 190 1 0 1 0 0 0 0 0 0 0 0 0 0 0 2 0 0 0 0 0 9 0 2 0 0 0 160 0 0 0 255 255 255 255 7 0 1 0 0 0 0 0 data 20 0x10007 0x37c0 0x30 0x0 0x50002 0x0 0xa0005 0x8d 0x2b0a4f0 0x3733 0x0 0x0 0x150002 0x37c1 0x230005 0x8d 0x2b0a4f0 0x3733 0x0 0x0 oops 2 8 java/lang/String 16 java/lang/String
ciMethodData java/lang/StringBuilder toString ()Ljava/lang/String; 2 13011 orig 264 104 225 148 100 0 0 0 0 8 139 154 20 0 0 0 0 48 1 0 0 0 0 0 0 0 0 0 0 0 0 0 0 0 0 0 0 0 0 0 0 0 0 0 0 0 0 0 0 0 0 0 0 0 0 0 0 0 0 0 0 0 0 0 0 0 0 0 0 0 0 0 0 0 0 0 0 0 0 0 0 77 68 79 32 101 120 116 114 97 32 100 97 116 97 32 108 111 99 107 0 0 0 0 0 0 0 0 0 0 0 0 0 0 0 0 0 0 0 0 0 0 0 0 0 0 0 0 0 0 0 0 0 0 0 0 0 0 0 0 0 0 0 0 0 0 0 0 0 0 0 0 0 0 0 0 0 0 0 0 0 0 0 0 0 0 0 0 0 0 0 0 0 0 0 0 0 0 0 0 0 0 0 0 0 0 0 0 0 0 0 0 0 0 0 0 0 0 0 0 0 0 0 0 0 0 0 0 0 0 0 0 0 0 0 0 0 76 0 0 0 57 148 1 0 1 0 0 0 0 0 0 0 0 0 0 0 2 0 0 0 0 0 3 0 2 0 0 0 16 0 0 0 255 255 255 255 2 0 13 0 0 0 0 0 data 2 0xd0002 0x3287 oops 0
ciMethodData java/lang/String length ()I 2 26369 orig 264 104 225 148 100 0 0 0 0 24 60 147 20 0 0 0 0 32 1 0 0 0 0 0 0 0 0 0 0 0 0 0 0 0 0 0 0 0 0 0 0 0 0 0 0 0 0 0 0 0 0 0 0 0 0 0 0 0 0 0 0 0 0 0 0 0 0 0 0 0 0 0 0 0 0 0 0 0 0 0 0 77 68 79 32 101 120 116 114 97 32 100 97 116 97 32 108 111 99 107 0 0 0 0 0 0 0 0 0 0 0 0 0 0 0 0 0 0 0 0 0 0 0 0 0 0 0 0 0 0 0 0 0 0 0 0 0 0 0 0 0 0 0 0 0 0 0 0 0 0 0 0 0 0 0 0 0 0 0 0 0 0 0 0 0 0 0 0 0 0 0 0 0 0 0 0 0 0 0 0 0 0 0 0 0 0 0 0 0 0 0 0 0 0 0 0 0 0 0 0 0 0 0 0 0 0 0 0 0 0 0 0 0 0 0 0 0 0 2 0 0 9 40 3 0 1 0 0 0 0 0 0 0 0 0 0 0 2 0 0 0 0 0 3 0 1 0 0 0 0 0 0 0 255 255 255 255 0 0 0 0 0 0 0 0 data 0 oops 0
ciMethodData java/lang/AbstractStringBuilder ensureCapacityInternal (I)V 2 21439 orig 264 104 225 148 100 0 0 0 0 152 58 154 20 0 0 0 0 160 1 0 0 0 0 0 0 0 0 0 0 0 0 0 0 0 0 0 0 0 0 0 0 0 0 0 0 0 0 0 0 0 0 0 0 0 0 0 0 0 0 0 0 0 0 0 0 0 0 0 0 0 0 0 0 0 0 0 0 0 0 0 0 77 68 79 32 101 120 116 114 97 32 100 97 116 97 32 108 111 99 107 0 0 0 0 0 0 0 0 0 0 0 0 0 0 0 0 0 0 0 0 0 0 0 0 0 0 0 0 0 0 0 0 0 0 0 0 0 0 0 0 0 0 0 0 0 0 0 0 0 0 0 0 0 0 0 0 0 0 0 0 0 0 0 0 0 0 0 0 0 0 0 0 0 0 0 0 0 0 0 0 0 0 0 0 0 0 0 0 0 0 0 0 0 0 0 0 0 0 0 0 0 0 0 0 0 0 0 0 0 0 0 0 0 0 0 0 0 22 1 0 0 73 149 2 0 1 0 0 0 0 0 0 0 0 0 0 0 2 0 0 0 0 0 6 0 2 0 0 0 80 0 0 0 255 255 255 255 7 0 7 0 0 0 0 0 data 10 0x70007 0x2aa4 0x50 0x2809 0xc0005 0x0 0x152bcf00 0x2809 0x0 0x0 oops 1 6 java/lang/StringBuilder
ciMethodData java/lang/AbstractStringBuilder expandCapacity (I)V 2 10351 orig 264 104 225 148 100 0 0 0 0 96 59 154 20 0 0 0 0 208 1 0 0 96 0 0 0 0 0 0 0 0 0 0 0 0 0 0 0 0 0 0 0 0 0 0 0 0 0 0 0 0 0 0 0 0 0 0 0 0 0 0 0 0 0 0 0 0 0 0 0 0 0 0 0 0 0 0 0 0 0 0 0 77 68 79 32 101 120 116 114 97 32 100 97 116 97 32 108 111 99 107 0 0 0 0 0 0 0 0 0 0 0 0 0 0 0 0 0 0 0 0 0 0 0 0 0 0 0 0 0 0 0 0 0 0 0 0 0 0 0 0 0 0 0 0 0 0 0 0 0 0 0 0 0 0 0 0 0 0 0 0 0 0 0 0 0 0 0 0 0 0 0 0 0 0 0 0 0 0 0 0 0 0 0 0 0 0 0 0 0 0 0 0 0 0 0 0 0 0 0 0 0 0 0 0 0 0 0 0 0 0 0 0 0 0 0 0 0 102 0 0 0 73 64 1 0 1 0 0 0 0 0 0 0 0 0 0 0 2 0 0 0 0 0 16 0 2 0 0 0 128 0 0 0 255 255 255 255 7 0 13 0 0 0 0 0 data 16 0xd0007 0x16ca 0x20 0x113f 0x130007 0x2809 0x50 0x0 0x170007 0x0 0x30 0x0 0x1e0002 0x0 0x2b0002 0x2809 oops 0
ciMethodData java/lang/String getChars (II[CI)V 2 8475 orig 264 104 225 148 100 0 0 0 0 192 65 147 20 0 0 0 0 8 2 0 0 128 0 0 0 0 0 0 0 0 0 0 0 0 0 0 0 0 0 0 0 0 0 0 0 0 0 0 0 0 0 0 0 0 0 0 0 0 0 0 0 0 0 0 0 0 0 0 0 0 0 0 0 0 0 0 0 0 0 0 0 77 68 79 32 101 120 116 114 97 32 100 97 116 97 32 108 111 99 107 0 0 0 0 0 0 0 0 0 0 0 0 0 0 0 0 0 0 0 0 0 0 0 0 0 0 0 0 0 0 0 0 0 0 0 0 0 0 0 0 0 0 0 0 0 0 0 0 0 0 0 0 0 0 0 0 0 0 0 0 0 0 0 0 0 0 0 0 0 0 0 0 0 0 0 0 0 0 0 0 0 0 0 0 0 0 0 0 0 0 0 0 0 0 0 0 0 0 0 0 0 0 0 0 0 0 0 0 0 0 0 0 0 0 0 0 0 20 1 0 0 57 0 1 0 1 0 0 0 0 0 0 0 0 0 0 0 2 0 0 0 0 0 9 0 2 0 0 0 160 0 0 0 255 255 255 255 7 0 1 0 0 0 0 0 data 20 0x10007 0x2007 0x30 0x0 0x90002 0x0 0x130007 0x2007 0x30 0x0 0x1b0002 0x0 0x210007 0x2007 0x30 0x0 0x2b0002 0x0 0x3a0002 0x2007 oops 0
ciMethodData java/lang/AbstractStringBuilder appendNull ()Ljava/lang/AbstractStringBuilder; 1 0 orig 264 104 225 148 100 0 0 0 0 120 70 154 20 0 0 0 0 48 1 0 0 0 0 0 0 0 0 0 0 0 0 0 0 0 0 0 0 0 0 0 0 0 0 0 0 0 0 0 0 0 0 0 0 0 0 0 0 0 0 0 0 0 0 0 0 0 0 0 0 0 0 0 0 0 0 0 0 0 0 0 0 77 68 79 32 101 120 116 114 97 32 100 97 116 97 32 108 111 99 107 0 0 0 0 0 0 0 0 0 0 0 0 0 0 0 0 0 0 0 0 0 0 0 0 0 0 0 0 0 0 0 0 0 0 0 0 0 0 0 0 0 0 0 0 0 0 0 0 0 0 0 0 0 0 0 0 0 0 0 0 0 0 0 0 0 0 0 0 0 0 0 0 0 0 0 0 0 0 0 0 0 0 0 0 0 0 0 0 0 0 0 0 0 0 0 0 0 0 0 0 0 0 0 0 0 0 0 0 0 0 0 0 0 0 0 0 0 0 0 0 0 1 0 0 0 1 0 0 0 0 0 0 0 0 0 0 0 2 0 0 0 0 0 0 0 0 0 0 0 16 0 0 0 255 255 255 255 2 0 9 0 0 0 0 0 data 2 0x90002 0x0 oops 0
ciMethodData java/util/HashMap hash (Ljava/lang/Object;)I 2 105700 orig 264 104 225 148 100 0 0 0 0 56 97 161 20 0 0 0 0 176 1 0 0 32 0 0 0 0 0 0 0 0 0 0 0 0 0 0 0 0 0 0 0 0 0 0 0 0 0 0 0 0 0 0 0 0 0 0 0 0 0 0 0 0 0 0 0 0 0 0 0 0 0 0 0 0 0 0 0 0 0 0 0 77 68 79 32 101 120 116 114 97 32 100 97 116 97 32 108 111 99 107 0 0 0 0 0 0 0 0 0 0 0 0 0 0 0 0 0 0 0 0 0 0 0 0 0 0 0 0 0 0 0 0 0 0 0 0 0 0 0 0 0 0 0 0 0 0 0 0 0 0 0 0 0 0 0 0 0 0 0 0 0 0 0 0 0 0 0 0 0 0 0 0 0 0 0 0 0 0 0 0 0 0 0 0 0 0 0 0 0 0 0 0 0 0 0 0 0 0 0 0 0 0 0 0 0 0 0 0 0 0 0 0 0 0 0 0 0 9 1 0 0 217 222 12 0 1 0 0 0 0 0 0 0 0 0 0 0 2 0 0 0 0 0 6 0 2 0 0 0 104 0 0 0 255 255 255 255 7 0 1 0 0 0 0 0 data 13 0x10007 0x19bdd 0x38 0x0 0x50003 0x0 0x48 0x90005 0xc794 0x152bd550 0x158 0x2b0abb0 0x42 oops 2 9 java/security/CodeSource 11 java/security/ProtectionDomain
ciMethodData java/util/HashMap getNode (ILjava/lang/Object;)Ljava/util/HashMap$Node; 2 17940 orig 264 104 225 148 100 0 0 0 0 232 106 161 20 0 0 0 0 8 4 0 0 64 2 0 0 0 0 0 0 0 0 0 0 0 0 0 0 0 0 0 0 0 0 0 0 0 0 0 0 0 0 0 0 0 0 0 0 0 0 0 0 0 0 0 0 0 0 0 0 0 0 0 0 0 0 0 0 0 0 0 0 77 68 79 32 101 120 116 114 97 32 100 97 116 97 32 108 111 99 107 0 0 0 0 0 0 0 0 0 0 0 0 0 0 0 0 0 0 0 0 0 0 0 0 0 0 0 0 0 0 0 0 0 0 0 0 0 0 0 0 0 0 0 0 0 1 0 0 0 0 0 0 0 0 0 0 0 0 0 0 0 0 0 0 0 0 0 0 1 0 0 0 0 0 0 0 0 0 0 0 1 0 0 0 0 0 0 0 0 0 0 0 0 0 0 0 0 0 0 0 0 0 0 0 0 0 0 0 0 0 0 0 0 0 0 0 0 47 1 0 0 41 39 2 0 129 8 0 0 90 28 0 0 77 0 0 0 2 0 0 0 1 0 37 0 2 0 0 0 176 2 0 0 255 255 255 255 7 0 6 0 0 0 0 0 data 86 0x60007 0x2074 0x2b0 0x2475 0xe0007 0x0 0x290 0x2475 0x1c0007 0xa83 0x270 0x19f3 0x250007 0x68b 0xb0 0x1369 0x310007 0x2db 0x90 0x108e 0x350007 0x0 0x70 0x108e 0x3b0005 0xc0f 0x152bd550 0x10b 0x2b0a4f0 0x375 0x3e0007 0x26 0x20 0x1069 0x4c0007 0x2b4 0x1a0 0x3fe 0x510004 0xfffffffffffffc02 0x16eb5bc0 0xd8 0x0 0x0 0x540007 0x3fe 0x80 0x0 0x590004 0x0 0x0 0x0 0x0 0x0 0x5e0005 0x0 0x0 0x0 0x0 0x0 0x680007 0x116 0xb0 0x377 0x740007 0x56 0x90 0x321 0x780007 0x0 0x70 0x321 0x7e7005 0x1 0x2b0a4f0 0xb7 0x1796d1a0 0x26a 0x81e007 0x7 0x20 0x31c 0x8f0007 0x8f 0xffffffffffffff50 0x8e oops 5 26 java/security/CodeSource 28 java/lang/String 40 java/util/HashMap$Node 74 java/lang/String 76 com/android/dx/rop/code/RegisterSpec$ForComparison
ciMethodData java/lang/String substring (II)Ljava/lang/String; 2 5781 orig 264 104 225 148 100 0 0 0 0 112 92 147 20 0 0 0 0 40 2 0 0 208 0 0 0 0 0 0 0 0 0 0 0 0 0 0 0 0 0 0 0 0 0 0 0 0 0 0 0 0 0 0 0 0 0 0 0 0 0 0 0 0 0 0 0 0 0 0 0 0 0 0 0 0 0 0 0 0 0 0 0 77 68 79 32 101 120 116 114 97 32 100 97 116 97 32 108 111 99 107 0 0 0 0 0 0 0 0 0 0 0 0 0 0 0 0 0 0 0 0 0 0 0 0 0 0 0 0 0 0 0 0 0 0 0 0 0 0 0 0 0 0 0 0 0 0 0 0 0 0 0 0 0 0 0 0 0 0 0 0 0 0 0 0 0 0 0 0 0 0 0 0 0 0 0 0 0 0 0 0 0 0 0 0 0 0 0 0 0 0 0 0 0 0 0 0 0 0 0 0 0 0 0 0 0 0 0 0 0 0 0 0 0 0 0 0 0 128 1 0 0 169 168 0 0 1 0 0 0 0 0 0 0 0 0 0 0 2 0 0 0 0 0 15 0 2 0 0 0 248 0 0 0 255 255 255 255 7 0 1 0 0 0 0 0 data 31 0x10007 0x1515 0x30 0x0 0x90002 0x0 0x130007 0x1515 0x30 0x0 0x1b0002 0x0 0x240007 0x1515 0x30 0x0 0x2c0002 0x0 0x310007 0xd60 0x58 0x7b5 0x3a0007 0x65c 0x38 0x159 0x3e0003 0x159 0x28 0x4b0002 0x13bc oops 0
ciMethodData java/util/HashMap putVal (ILjava/lang/Object;Ljava/lang/Object;ZZ)Ljava/lang/Object; 2 33376 orig 264 104 225 148 100 0 0 0 0 8 110 161 20 0 0 0 0 176 6 0 0 224 4 0 0 0 0 0 0 0 0 0 0 0 0 0 0 0 0 0 0 0 0 0 0 0 0 0 0 0 0 0 0 0 0 0 0 0 0 0 0 0 0 0 0 0 0 0 0 0 0 0 0 0 0 0 0 0 0 0 0 77 68 79 32 101 120 116 114 97 32 100 97 116 97 32 108 111 99 107 0 0 0 0 0 0 0 0 0 0 0 0 0 0 0 0 0 0 0 0 0 0 0 0 0 0 0 0 0 0 0 0 0 0 0 0 0 0 0 0 0 0 0 0 0 0 0 0 0 0 0 0 0 0 0 0 0 0 0 0 0 0 0 0 0 0 0 0 0 0 0 0 0 0 0 0 0 0 0 0 0 0 0 0 0 0 0 0 0 0 0 0 0 0 0 0 0 0 0 0 0 0 0 0 0 0 0 0 0 0 0 0 0 0 0 0 0 5 1 0 0 129 10 4 0 137 36 0 0 0 0 0 0 0 0 0 0 2 0 0 0 1 0 50 0 2 0 0 0 64 5 0 0 255 255 255 255 7 0 7 0 0 0 0 0 data 168 0x70007 0xfbd 0x40 0x7198 0x100007 0x7198 0x50 0x0 0x140005 0x0 0x181536e0 0xfbd 0x0 0x0 0x2c0007 0x3be5 0x98 0x4573 0x380005 0x0 0x181536e0 0x4573 0x0 0x0 0x3b0004 0x0 0x16eb5bc0 0x4573 0x0 0x0 0x3c0003 0x4573 0x3d0 0x450007 0x1784 0xc8 0x2462 0x510007 0x2442 0x90 0x20 0x550007 0x0 0x88 0x20 0x5b0005 0xa 0x17e16680 0x15 0x184cce10 0x1 0x5e0007 0x1f 0x38 0x1 0x650003 0x2443 0x278 0x6a0004 0xffffffffffffe85d 0x16eb5bc0 0x34 0x0 0x0 0x6d0007 0x17a3 0x98 0x0 0x720004 0x0 0x0 0x0 0x0 0x0 0x7b0005 0x0 0x0 0x0 0x0 0x0 0x800003 0x0 0x1b0 0x8e0007 0x9cc 0xb8 0x1268 0x980005 0x0 0x181536e0 0x1268 0x0 0x0 0xa20007 0x1268 0x148 0x0 0xa90005 0x0 0x0 0x0 0x0 0x0 0xac0003 0x0 0xf8 0xb50007 0x48d 0xc8 0x53f 0xc10007 0x53b 0xc0 0x4 0xc50007 0x0 0x88 0x4 0xcb0005 0x0 0x17e16680 0x4 0x0 0x0 0xce0007 0x4 0x38 0x0 0xd10003 0x0 0x30 0xdb0003 0x491 0xfffffffffffffe80 0xe00007 0x1268 0x90 0x297e 0xec0007 0x297e 0x40 0x0 0xf10007 0x0 0x20 0x0 0xfd0005 0x0 0x181536e0 0x297e 0x0 0x0 0x11c0007 0x562a 0x50 0x1ae 0x1200005 0x1 0x181536e0 0x1ad 0x0 0x0 0x1270005 0x0 0x181536e0 0x57d8 0x0 0x0 oops 11 10 java/util/HashMap 20 java/util/HashMap 26 java/util/HashMap$Node 47 com/android/dx/rop/code/RegisterSpec 49 com/android/dx/rop/code/Rop 60 java/util/HashMap$Node 89 java/util/HashMap 120 com/android/dx/rop/code/RegisterSpec 148 java/util/HashMap 158 java/util/HashMap 164 java/util/HashMap
ciMethodData java/util/HashMap resize ()[Ljava/util/HashMap$Node; 2 25625 orig 264 104 225 148 100 0 0 0 0 56 112 161 20 0 0 0 0 56 6 0 0 176 1 0 0 0 0 0 0 0 0 0 0 0 0 0 0 0 0 0 0 0 0 0 0 0 0 0 0 0 0 0 0 0 0 0 0 0 0 0 0 0 0 0 0 0 0 0 0 0 0 0 0 0 0 0 0 0 0 0 0 77 68 79 32 101 120 116 114 97 32 100 97 116 97 32 108 111 99 107 0 0 0 0 0 0 0 0 0 0 0 0 0 0 0 0 0 0 0 0 0 0 0 0 0 0 0 0 0 0 0 0 0 0 0 0 0 0 0 0 0 0 0 0 0 0 0 0 0 0 0 0 0 0 0 0 0 0 0 0 0 0 0 0 0 0 0 0 0 0 0 0 0 0 0 0 0 0 0 0 0 0 0 0 0 0 0 0 0 0 0 0 0 0 0 0 0 0 0 0 0 0 0 0 0 0 0 0 0 0 0 0 0 0 0 0 0 116 1 0 0 57 52 0 0 41 21 3 0 0 0 0 0 0 0 0 0 2 0 0 0 2 0 56 0 2 0 0 0 240 4 0 0 255 255 255 255 7 0 6 0 0 0 0 0 data 158 0x60007 0xb5 0x38 0x5d2 0xa0003 0x5d2 0x18 0x190007 0x5d2 0x98 0xb5 0x1f0007 0xb5 0x20 0x0 0x320007 0x0 0x90 0xb5 0x380007 0x34 0x70 0x81 0x400003 0x81 0x50 0x440007 0x589 0x38 0x49 0x4a0003 0x49 0x18 0x570007 0x60a 0x78 0x7d 0x680007 0x0 0x58 0x7d 0x700007 0x0 0x38 0x7d 0x760003 0x7d 0x18 0x880004 0x0 0x1796a6c0 0x38a 0x0 0x0 0x940007 0x5d2 0x340 0xb5 0x9d0007 0xb5 0x320 0x4fbf 0xa70007 0x2574 0x2e8 0x2a4b 0xae0104 0x0 0x0 0x0 0x0 0x0 0xb40007 0xe28 0x68 0x1c23 0xc50004 0x0 0x16eb5bc0 0x1c23 0x0 0x0 0xc60003 0x1c23 0x248 0xcb0004 0xfffffffffffff1d8 0x16eb5bc0 0xd57 0x0 0x0 0xce0007 0xe28 0x98 0x0 0xd30004 0x0 0x0 0x0 0x0 0x0 0xdc0005 0x0 0x0 0x0 0x0 0x0 0xdf0003 0x0 0x180 0xfc0007 0xe20 0x70 0x121d 0x1010007 0x689 0x38 0xb94 0x1080003 0xb94 0x18 0x1160003 0x121d 0x50 0x11b0007 0x40f 0x38 0xa11 0x1220003 0xa11 0x18 0x1350007 0x1215 0xffffffffffffff58 0xe28 0x13a0007 0x294 0x50 0xb94 0x1490004 0x0 0x16eb5bc0 0xb94 0x0 0x0 0x14c0007 0x417 0x50 0xa11 0x15d0004 0x0 0x16eb5bc0 0xa11 0x0 0x0 0x1610003 0x4fbf 0xfffffffffffffcf8 oops 5 50 [Ljava/util/HashMap$Node; 78 java/util/HashMap$Node 87 java/util/HashMap$Node 141 java/util/HashMap$Node 151 java/util/HashMap$Node
ciMethodData java/util/HashMap put (Ljava/lang/Object;Ljava/lang/Object;)Ljava/lang/Object; 2 33698 orig 264 104 225 148 100 0 0 0 0 40 108 161 20 0 0 0 0 152 1 0 0 0 0 0 0 0 0 0 0 0 0 0 0 0 0 0 0 0 0 0 0 0 0 0 0 0 0 0 0 0 0 0 0 0 0 0 0 0 0 0 0 0 0 0 0 0 0 0 0 0 0 0 0 0 0 0 0 0 0 0 0 77 68 79 32 101 120 116 114 97 32 100 97 116 97 32 108 111 99 107 0 0 0 0 0 0 0 0 0 0 0 0 0 0 0 0 0 0 0 0 0 0 0 0 0 0 0 0 0 0 0 0 0 0 0 0 0 0 0 0 0 0 0 0 0 0 0 0 0 0 0 0 0 0 0 0 0 0 0 0 0 0 0 0 0 0 0 0 0 0 0 0 0 0 0 0 0 0 0 0 0 0 0 0 0 0 0 0 0 0 0 0 0 0 0 0 0 0 0 0 0 0 0 0 0 0 0 0 0 0 0 0 0 0 0 0 0 137 1 0 0 201 16 4 0 1 0 0 0 0 0 0 0 0 0 0 0 2 0 0 0 0 0 7 0 2 0 0 0 64 0 0 0 255 255 255 255 2 0 2 0 0 0 0 0 data 8 0x20002 0x8219 0x90005 0x0 0x181536e0 0x8221 0x0 0x0 oops 1 4 java/util/HashMap
ciMethodData java/util/HashMap$Node <init> (ILjava/lang/Object;Ljava/lang/Object;Ljava/util/HashMap$Node;)V 2 22705 orig 264 104 225 148 100 0 0 0 0 240 175 161 20 0 0 0 0 80 1 0 0 0 0 0 0 0 0 0 0 0 0 0 0 0 0 0 0 0 0 0 0 0 0 0 0 0 0 0 0 0 0 0 0 0 0 0 0 0 0 0 0 0 0 0 0 0 0 0 0 0 0 0 0 0 0 0 0 0 0 0 0 77 68 79 32 101 120 116 114 97 32 100 97 116 97 32 108 111 99 107 0 0 0 0 0 0 0 0 0 0 0 0 0 0 0 0 0 0 0 0 0 0 0 0 0 0 0 0 0 0 0 0 0 0 0 0 0 0 0 0 0 0 0 0 0 0 0 0 0 0 0 0 0 0 0 0 0 0 0 0 0 0 0 0 0 0 0 0 0 0 0 0 0 0 0 0 0 0 0 0 0 0 0 0 0 0 0 0 0 0 0 0 0 0 0 0 0 0 0 0 0 0 0 0 0 0 0 0 0 0 0 0 0 0 0 0 0 81 1 0 0 1 187 2 0 1 0 0 0 0 0 0 0 0 0 0 0 2 0 0 0 0 0 3 0 2 0 0 0 16 0 0 0 255 255 255 255 2 0 1 0 0 0 0 0 data 2 0x10002 0x5760 oops 0
ciMethodData java/util/HashMap get (Ljava/lang/Object;)Ljava/lang/Object; 2 58586 orig 264 104 225 148 100 0 0 0 0 184 105 161 20 0 0 0 0 200 1 0 0 16 0 0 0 0 0 0 0 0 0 0 0 0 0 0 0 0 0 0 0 0 0 0 0 0 0 0 0 0 0 0 0 0 0 0 0 0 0 0 0 0 0 0 0 0 0 0 0 0 0 0 0 0 0 0 0 0 0 0 0 77 68 79 32 101 120 116 114 97 32 100 97 116 97 32 108 111 99 107 0 0 0 0 0 0 0 0 0 0 0 0 0 0 0 0 0 0 0 0 0 0 0 0 0 0 0 0 0 0 0 0 0 0 0 0 0 0 0 0 0 0 0 0 0 0 0 0 0 0 0 0 0 0 0 0 0 0 0 0 0 0 0 0 0 0 0 0 0 0 0 0 0 0 0 0 0 0 0 0 0 0 0 0 0 0 0 0 0 0 0 0 0 0 0 0 0 0 0 0 0 0 0 0 0 0 0 0 0 0 0 0 0 0 0 0 0 135 1 0 0 153 26 7 0 1 0 0 0 0 0 0 0 0 0 0 0 2 0 0 0 0 0 10 0 2 0 0 0 120 0 0 0 255 255 255 255 2 0 2 0 0 0 0 0 data 15 0x20002 0xe358 0x60005 0x4 0x181536e0 0xe354 0x0 0x0 0xb0007 0xa53d 0x38 0x3e30 0xf0003 0x3e30 0x18 oops 1 4 java/util/HashMap
ciMethodData java/util/HashMap newNode (ILjava/lang/Object;Ljava/lang/Object;Ljava/util/HashMap$Node;)Ljava/util/HashMap$Node; 2 22686 orig 264 104 225 148 100 0 0 0 0 152 137 161 20 0 0 0 0 80 1 0 0 0 0 0 0 0 0 0 0 0 0 0 0 0 0 0 0 0 0 0 0 0 0 0 0 0 0 0 0 0 0 0 0 0 0 0 0 0 0 0 0 0 0 0 0 0 0 0 0 0 0 0 0 0 0 0 0 0 0 0 0 77 68 79 32 101 120 116 114 97 32 100 97 116 97 32 108 111 99 107 0 0 0 0 0 0 0 0 0 0 0 0 0 0 0 0 0 0 0 0 0 0 0 0 0 0 0 0 0 0 0 0 0 0 0 0 0 0 0 0 0 0 0 0 0 0 0 0 0 0 0 0 0 0 0 0 0 0 0 0 0 0 0 0 0 0 0 0 0 0 0 0 0 0 0 0 0 0 0 0 0 0 0 0 0 0 0 0 0 0 0 0 0 0 0 0 0 0 0 0 0 0 0 0 0 0 0 0 0 0 0 0 0 0 0 0 0 138 1 0 0 161 184 2 0 1 0 0 0 0 0 0 0 0 0 0 0 2 0 0 0 0 0 3 0 2 0 0 0 16 0 0 0 255 255 255 255 2 0 9 0 0 0 0 0 data 2 0x90002 0x5714 oops 0
ciMethodData java/util/HashMap afterNodeInsertion (Z)V 2 1472 orig 264 104 225 148 100 0 0 0 0 96 141 161 20 0 0 0 0 40 1 0 0 0 0 0 0 0 0 0 0 0 0 0 0 0 0 0 0 0 0 0 0 0 0 0 0 0 0 0 0 0 0 0 0 0 0 0 0 0 0 0 0 0 0 0 0 0 0 0 0 0 0 0 0 0 0 0 0 0 0 0 0 77 68 79 32 101 120 116 114 97 32 100 97 116 97 32 108 111 99 107 0 0 0 0 0 0 0 0 0 0 0 0 0 0 0 0 0 0 0 0 0 0 0 0 0 0 0 0 0 0 0 0 0 0 0 0 0 0 0 0 0 0 0 0 0 0 0 0 0 0 0 0 0 0 0 0 0 0 0 0 0 0 0 0 0 0 0 0 0 0 0 0 0 0 0 0 0 0 0 0 0 0 0 0 0 0 0 0 0 0 0 0 0 0 0 0 0 0 0 0 0 0 0 0 0 0 0 0 0 0 0 0 0 0 0 0 0 138 1 0 0 177 33 0 0 1 0 0 0 0 0 0 0 0 0 0 0 2 0 0 0 0 0 3 0 1 0 0 0 0 0 0 0 255 255 255 255 0 0 0 0 0 0 0 0 data 0 oops 0
ciMethodData java/lang/String substring (I)Ljava/lang/String; 2 9013 orig 264 104 225 148 100 0 0 0 0 136 91 147 20 0 0 0 0 208 1 0 0 128 0 0 0 0 0 0 0 0 0 0 0 0 0 0 0 0 0 0 0 0 0 0 0 0 0 0 0 0 0 0 0 0 0 0 0 0 0 0 0 0 0 0 0 0 0 0 0 0 0 0 0 0 0 0 0 0 0 0 0 77 68 79 32 101 120 116 114 97 32 100 97 116 97 32 108 111 99 107 0 0 0 0 0 0 0 0 0 0 0 0 0 0 0 0 0 0 0 0 0 0 0 0 0 0 0 0 0 0 0 0 0 0 0 0 0 0 0 0 0 0 0 0 0 0 0 0 0 0 0 0 0 0 0 0 0 0 0 0 0 0 0 0 0 0 0 0 0 0 0 0 0 0 0 0 0 0 0 0 0 0 0 0 0 0 0 0 0 0 0 0 0 0 0 0 0 0 0 0 0 0 0 0 0 0 0 0 0 0 0 0 0 0 0 0 0 74 1 0 0 89 15 1 0 1 0 0 0 0 0 0 0 0 0 0 0 2 0 0 0 0 0 10 0 2 0 0 0 168 0 0 0 255 255 255 255 7 0 1 0 0 0 0 0 data 21 0x10007 0x21eb 0x30 0x0 0x90002 0x0 0x160007 0x21eb 0x30 0x0 0x1e0002 0x0 0x230007 0x21eb 0x38 0x0 0x270003 0x0 0x28 0x340002 0x21eb oops 0
ciMethodData java/util/HashMap afterNodeAccess (Ljava/util/HashMap$Node;)V 2 2713 orig 264 104 225 148 100 0 0 0 0 208 140 161 20 0 0 0 0 40 1 0 0 0 0 0 0 0 0 0 0 0 0 0 0 0 0 0 0 0 0 0 0 0 0 0 0 0 0 0 0 0 0 0 0 0 0 0 0 0 0 0 0 0 0 0 0 0 0 0 0 0 0 0 0 0 0 0 0 0 0 0 0 77 68 79 32 101 120 116 114 97 32 100 97 116 97 32 108 111 99 107 0 0 0 0 0 0 0 0 0 0 0 0 0 0 0 0 0 0 0 0 0 0 0 0 0 0 0 0 0 0 0 0 0 0 0 0 0 0 0 0 0 0 0 0 0 0 0 0 0 0 0 0 0 0 0 0 0 0 0 0 0 0 0 0 0 0 0 0 0 0 0 0 0 0 0 0 0 0 0 0 0 0 0 0 0 0 0 0 0 0 0 0 0 0 0 0 0 0 0 0 0 0 0 0 0 0 0 0 0 0 0 0 0 0 0 0 0 0 2 0 0 201 68 0 0 1 0 0 0 0 0 0 0 0 0 0 0 2 0 0 0 0 0 3 0 1 0 0 0 0 0 0 0 255 255 255 255 0 0 0 0 0 0 0 0 data 0 oops 0
ciMethod com/android/dx/rop/cst/Constant <init> ()V 1729 1 27290 0 0
ciMethod com/android/dx/rop/cst/CstType intern (Lcom/android/dx/rop/type/Type;)Lcom/android/dx/rop/cst/CstType; 321 1 169 0 -1
ciMethod com/android/dx/rop/cst/CstType <init> (Lcom/android/dx/rop/type/Type;)V 353 1 2655 0 -1
ciMethod com/android/dx/rop/cst/CstType getClassType ()Lcom/android/dx/rop/type/Type; 1041 1 130 0 0
ciMethod com/android/dx/rop/type/TypeBearer getType ()Lcom/android/dx/rop/type/Type; 0 0 1 0 -1
ciMethod com/android/dx/rop/type/TypeBearer isConstant ()Z 0 0 1 0 -1
ciMethod com/android/dx/rop/cst/TypedConstant <init> ()V 1433 1 21525 0 0
ciMethod com/android/dx/rop/type/TypeList size ()I 0 0 1 0 -1
ciMethod com/android/dx/rop/cst/CstString getString ()Ljava/lang/String; 1025 1 128 0 0
ciMethod com/android/dx/rop/cst/CstInteger make (I)Lcom/android/dx/rop/cst/CstInteger; 201 1 3033 0 -1
ciMethod com/android/dx/rop/cst/CstInteger getValue ()I 81 1 9294 0 -1
ciMethod com/android/dx/rop/cst/CstFieldRef forPrimitiveType (Lcom/android/dx/rop/type/Type;)Lcom/android/dx/rop/cst/CstFieldRef; 0 0 1 0 -1
ciMethod com/android/dx/rop/cst/CstFieldRef getType ()Lcom/android/dx/rop/type/Type; 17609 1 3230 0 -1
ciMethod com/android/dx/rop/cst/CstMemberRef <init> (Lcom/android/dx/rop/cst/CstType;Lcom/android/dx/rop/cst/CstNat;)V 305 1 5838 0 0
ciMethod com/android/dx/rop/cst/CstMemberRef getDefiningClass ()Lcom/android/dx/rop/cst/CstType; 1025 1 128 0 0
ciMethod com/android/dx/rop/cst/CstMemberRef getNat ()Lcom/android/dx/rop/cst/CstNat; 1497 1 187 0 0
ciMethod com/android/dx/rop/cst/CstMethodRef <init> (Lcom/android/dx/rop/cst/CstType;Lcom/android/dx/rop/cst/CstNat;)V 185 1 4253 0 0
ciMethod com/android/dx/rop/cst/CstBaseMethodRef <init> (Lcom/android/dx/rop/cst/CstType;Lcom/android/dx/rop/cst/CstNat;)V 185 1 4515 0 0
ciMethod com/android/dx/rop/cst/CstBaseMethodRef getPrototype ()Lcom/android/dx/rop/type/Prototype; 1409 1 176 0 -1
ciMethod com/android/dx/rop/cst/CstBaseMethodRef getPrototype (Z)Lcom/android/dx/rop/type/Prototype; 4097 1 5753 0 0
ciMethod com/android/dx/rop/cst/CstInterfaceMethodRef toMethodRef ()Lcom/android/dx/rop/cst/CstMethodRef; 713 1 737 0 0
ciMethod com/android/dx/rop/cst/CstNat getDescriptor ()Lcom/android/dx/rop/cst/CstString; 1025 1 128 0 0
ciMethod com/android/dx/rop/cst/CstNat getFieldType ()Lcom/android/dx/rop/type/Type; 1681 1 1718 0 -1
ciMethod com/android/dx/util/MutabilityControl <init> (Z)V 2249 1 46309 0 32
ciMethod com/android/dx/util/MutabilityControl setImmutable ()V 3401 1 147489 0 0
ciMethod com/android/dx/util/MutabilityControl throwIfImmutable ()V 2425 1 268780 0 64
ciMethod com/android/dx/rop/type/Type intern (Ljava/lang/String;)Lcom/android/dx/rop/type/Type; 2953 15841 7618 0 0
ciMethod com/android/dx/rop/type/Type internReturnType (Ljava/lang/String;)Lcom/android/dx/rop/type/Type; 729 1 737 0 0
ciMethod com/android/dx/rop/type/Type <init> (Ljava/lang/String;II)V 1073 1 1303 0 0
ciMethod com/android/dx/rop/type/Type <init> (Ljava/lang/String;I)V 1025 1 533 0 0
ciMethod com/android/dx/rop/type/Type equals (Ljava/lang/Object;)Z 4097 1 25678 0 352
ciMethod com/android/dx/rop/type/Type toHuman ()Ljava/lang/String; 0 0 1 0 -1
ciMethod com/android/dx/rop/type/Type getType ()Lcom/android/dx/rop/type/Type; 2241 1 6156 0 0
ciMethod com/android/dx/rop/type/Type getBasicType ()I 1065 1 133 0 0
ciMethod com/android/dx/rop/type/Type getDescriptor ()Ljava/lang/String; 1025 1 128 0 0
ciMethod com/android/dx/rop/type/Type getCategory ()I 4097 1 1536 0 64
ciMethod com/android/dx/rop/type/Type isIntlike ()Z 3161 1 1731 0 64
ciMethod com/android/dx/rop/type/Type isPrimitive ()Z 0 0 1 0 -1
ciMethod com/android/dx/rop/type/Type isArray ()Z 1353 1 2365 0 0
ciMethod com/android/dx/rop/type/Type getArrayType ()Lcom/android/dx/rop/type/Type; 97 1 61 0 0
ciMethod com/android/dx/rop/type/Type getComponentType ()Lcom/android/dx/rop/type/Type; 65 1 182 0 0
ciMethod com/android/dx/rop/type/Type putIntern (Lcom/android/dx/rop/type/Type;)Lcom/android/dx/rop/type/Type; 1049 1 1300 0 0
ciMethod com/android/dx/rop/type/Prototype intern (Ljava/lang/String;)Lcom/android/dx/rop/type/Prototype; 185 465 5999 0 0
ciMethod com/android/dx/rop/type/Prototype makeParameterArray (Ljava/lang/String;)[Lcom/android/dx/rop/type/Type; 729 19553 737 0 0
ciMethod com/android/dx/rop/type/Prototype internInts (Lcom/android/dx/rop/type/Type;I)Lcom/android/dx/rop/type/Prototype; 0 0 1 0 0
ciMethod com/android/dx/rop/type/Prototype <init> (Ljava/lang/String;Lcom/android/dx/rop/type/Type;Lcom/android/dx/rop/type/StdTypeList;)V 1369 1 8600 0 0
ciMethod com/android/dx/rop/type/Prototype getDescriptor ()Ljava/lang/String; 1153 1 144 0 0
ciMethod com/android/dx/rop/type/Prototype getReturnType ()Lcom/android/dx/rop/type/Type; 1745 1 218 0 -1
ciMethod com/android/dx/rop/type/Prototype getParameterTypes ()Lcom/android/dx/rop/type/StdTypeList; 1793 1 224 0 0
ciMethod com/android/dx/rop/type/Prototype withFirstParameter (Lcom/android/dx/rop/type/Type;)Lcom/android/dx/rop/type/Prototype; 4097 1 7864 0 0
ciMethod com/android/dx/rop/type/Prototype putIntern (Lcom/android/dx/rop/type/Prototype;)Lcom/android/dx/rop/type/Prototype; 1369 1 8601 0 0
ciMethod com/android/dx/rop/type/StdTypeList <init> (I)V 1625 1 11362 0 0
ciMethod com/android/dx/rop/type/StdTypeList getType (I)Lcom/android/dx/rop/type/Type; 4097 1 8516 0 0
ciMethod com/android/dx/rop/type/StdTypeList get (I)Lcom/android/dx/rop/type/Type; 4097 1 16759 0 0
ciMethod com/android/dx/rop/type/StdTypeList set (ILcom/android/dx/rop/type/Type;)V 1801 1 5713 0 0
ciMethod com/android/dx/rop/type/StdTypeList withFirst (Lcom/android/dx/rop/type/Type;)Lcom/android/dx/rop/type/StdTypeList; 4097 4033 7864 0 0
ciMethod com/android/dx/util/FixedSizeList <init> (I)V 2225 1 7468 0 256
ciMethod com/android/dx/util/FixedSizeList size ()I 3129 1 462318 0 0
ciMethod com/android/dx/util/FixedSizeList get0 (I)Ljava/lang/Object; 2049 1 5376 0 128
ciMethod com/android/dx/util/FixedSizeList getOrNull0 (I)Ljava/lang/Object; 2161 1 44879 0 0
ciMethod com/android/dx/util/FixedSizeList set0 (ILjava/lang/Object;)V 2049 1 140134 0 224
ciMethod com/android/dx/util/FixedSizeList throwIndex (I)Ljava/lang/Object; 0 0 1 0 -1
ciMethodData com/android/dx/util/MutabilityControl throwIfImmutable ()V 2 268780 orig 264 104 225 148 100 0 0 0 0 144 119 215 20 0 0 0 0 80 1 0 0 0 0 0 0 0 0 0 0 0 0 0 0 0 0 0 0 0 0 0 0 0 0 0 0 0 0 0 0 0 0 0 0 0 0 0 0 0 0 0 0 0 0 0 0 0 0 0 0 0 0 0 0 0 0 0 0 0 0 0 0 77 68 79 32 101 120 116 114 97 32 100 97 116 97 32 108 111 99 107 0 0 0 0 0 0 0 0 0 0 0 0 0 0 0 0 0 0 0 0 0 0 0 0 0 0 0 0 0 0 0 0 0 0 0 0 0 0 0 0 0 0 0 0 0 0 0 0 0 0 0 0 0 0 0 0 0 0 0 0 0 0 0 0 0 0 0 0 0 0 0 0 0 0 0 0 0 0 0 0 0 0 0 0 0 25 0 0 0 0 0 0 0 0 0 0 0 0 0 0 0 1 0 0 0 0 0 0 0 0 0 0 0 0 0 0 0 47 1 0 0 233 197 32 0 1 0 0 0 0 0 0 0 0 0 0 0 2 0 0 0 0 0 5 0 2 0 0 0 48 0 0 0 255 255 255 255 7 0 4 0 0 0 0 0 data 6 0x40007 0x4192b 0x30 0x0 0xd0002 0x0 oops 0
ciMethodData com/android/dx/rop/cst/TypedConstant <init> ()V 2 21525 orig 264 104 225 148 100 0 0 0 0 248 171 212 20 0 0 0 0 48 1 0 0 0 0 0 0 0 0 0 0 0 0 0 0 0 0 0 0 0 0 0 0 0 0 0 0 0 0 0 0 0 0 0 0 0 0 0 0 0 0 0 0 0 0 0 0 0 0 0 0 0 0 0 0 0 0 0 0 0 0 0 0 77 68 79 32 101 120 116 114 97 32 100 97 116 97 32 108 111 99 107 0 0 0 0 0 0 0 0 0 0 0 0 0 0 0 0 0 0 0 0 0 0 0 0 0 0 0 0 0 0 0 0 0 0 0 0 0 0 0 0 0 0 0 0 0 0 0 0 0 0 0 0 0 0 0 0 0 0 0 0 0 0 0 0 0 0 0 0 0 0 0 0 0 0 0 0 0 0 0 0 0 0 0 0 0 0 0 0 0 0 0 0 0 0 0 0 0 0 0 0 0 0 0 0 0 0 0 0 0 0 0 0 0 0 0 0 0 179 0 0 0 17 155 2 0 1 0 0 0 0 0 0 0 0 0 0 0 2 0 0 0 0 0 3 0 2 0 0 0 16 0 0 0 255 255 255 255 2 0 1 0 0 0 0 0 data 2 0x10002 0x5362 oops 0
ciMethodData com/android/dx/rop/cst/Constant <init> ()V 2 27290 orig 264 104 225 148 100 0 0 0 0 248 137 212 20 0 0 0 0 48 1 0 0 0 0 0 0 0 0 0 0 0 0 0 0 0 0 0 0 0 0 0 0 0 0 0 0 0 0 0 0 0 0 0 0 0 0 0 0 0 0 0 0 0 0 0 0 0 0 0 0 0 0 0 0 0 0 0 0 0 0 0 0 77 68 79 32 101 120 116 114 97 32 100 97 116 97 32 108 111 99 107 0 0 0 0 0 0 0 0 0 0 0 0 0 0 0 0 0 0 0 0 0 0 0 0 0 0 0 0 0 0 0 0 0 0 0 0 0 0 0 0 0 0 0 0 0 0 0 0 0 0 0 0 0 0 0 0 0 0 0 0 0 0 0 0 0 0 0 0 0 0 0 0 0 0 0 0 0 0 0 0 0 0 0 0 0 0 0 0 0 0 0 0 0 0 0 0 0 0 0 0 0 0 0 0 0 0 0 0 0 0 0 0 0 0 0 0 0 216 0 0 0 17 78 3 0 1 0 0 0 0 0 0 0 0 0 0 0 2 0 0 0 0 0 3 0 2 0 0 0 16 0 0 0 255 255 255 255 2 0 1 0 0 0 0 0 data 2 0x10002 0x69c2 oops 0
ciMethodData com/android/dx/rop/cst/CstMemberRef <init> (Lcom/android/dx/rop/cst/CstType;Lcom/android/dx/rop/cst/CstNat;)V 2 5838 orig 264 104 225 148 100 0 0 0 0 56 56 215 20 0 0 0 0 160 1 0 0 48 0 0 0 0 0 0 0 0 0 0 0 0 0 0 0 0 0 0 0 0 0 0 0 0 0 0 0 0 0 0 0 0 0 0 0 0 0 0 0 0 0 0 0 0 0 0 0 0 0 0 0 0 0 0 0 0 0 0 0 77 68 79 32 101 120 116 114 97 32 100 97 116 97 32 108 111 99 107 0 0 0 0 0 0 0 0 0 0 0 0 0 0 0 0 0 0 0 0 0 0 0 0 0 0 0 0 0 0 0 0 0 0 0 0 0 0 0 0 0 0 0 0 0 0 0 0 0 0 0 0 0 0 0 0 0 0 0 0 0 0 0 0 0 0 0 0 0 0 0 0 0 0 0 0 0 0 0 0 0 0 0 0 0 0 0 0 0 0 0 0 0 0 0 0 0 0 0 0 0 0 0 0 0 0 0 0 0 0 0 0 0 0 0 0 0 38 0 0 0 65 181 0 0 1 0 0 0 0 0 0 0 0 0 0 0 2 0 0 0 0 0 7 0 2 0 0 0 112 0 0 0 255 255 255 255 2 0 1 0 0 0 0 0 data 14 0x10002 0x16a8 0x50007 0x16a8 0x30 0x0 0xe0002 0x0 0x130007 0x16a8 0x30 0x0 0x1c0002 0x0 oops 0
ciMethodData com/android/dx/rop/cst/CstMethodRef <init> (Lcom/android/dx/rop/cst/CstType;Lcom/android/dx/rop/cst/CstNat;)V 2 4253 orig 264 104 225 148 100 0 0 0 0 184 64 215 20 0 0 0 0 64 1 0 0 0 0 0 0 0 0 0 0 0 0 0 0 0 0 0 0 0 0 0 0 0 0 0 0 0 0 0 0 0 0 0 0 0 0 0 0 0 0 0 0 0 0 0 0 0 0 0 0 0 0 0 0 0 0 0 0 0 0 0 0 77 68 79 32 101 120 116 114 97 32 100 97 116 97 32 108 111 99 107 0 0 0 0 0 0 0 0 0 0 0 0 0 0 0 0 0 0 0 0 0 0 0 0 0 0 0 0 0 0 0 0 0 0 0 0 0 0 0 0 0 0 0 0 0 0 0 0 0 0 0 0 0 0 0 0 0 0 0 0 0 0 0 0 0 0 0 0 0 0 0 0 0 0 0 0 0 0 0 0 0 0 0 0 0 0 0 0 0 0 0 0 0 0 0 0 0 0 0 0 0 0 0 0 0 0 0 0 0 0 0 0 0 0 0 0 0 23 0 0 0 49 132 0 0 1 0 0 0 0 0 0 0 0 0 0 0 2 0 0 0 0 0 3 0 2 0 0 0 16 0 0 0 255 255 255 255 2 0 3 0 0 0 0 0 data 2 0x30002 0x1086 oops 0
ciMethodData com/android/dx/rop/cst/CstBaseMethodRef <init> (Lcom/android/dx/rop/cst/CstType;Lcom/android/dx/rop/cst/CstNat;)V 2 4515 orig 264 104 225 148 100 0 0 0 0 232 70 215 20 0 0 0 0 8 2 0 0 0 0 0 0 0 0 0 0 0 0 0 0 0 0 0 0 0 0 0 0 0 0 0 0 0 0 0 0 0 0 0 0 0 0 0 0 0 0 0 0 0 0 0 0 0 0 0 0 0 0 0 0 0 0 0 0 0 0 0 0 77 68 79 32 101 120 116 114 97 32 100 97 116 97 32 108 111 99 107 0 0 0 0 0 0 0 0 0 0 0 0 0 0 0 0 0 0 0 0 0 0 0 0 0 0 0 0 0 0 0 0 0 0 0 0 0 0 0 0 0 0 0 0 0 0 0 0 0 0 0 0 0 0 0 0 0 0 0 0 0 0 0 0 0 0 0 0 0 0 0 0 0 0 0 0 0 0 0 0 0 0 0 0 0 0 0 0 0 0 0 0 0 0 0 0 0 0 0 0 0 0 0 0 0 0 0 0 0 0 0 0 0 0 0 0 0 23 0 0 0 97 140 0 0 1 0 0 0 0 0 0 0 0 0 0 0 2 0 0 0 0 0 3 0 2 0 0 0 176 0 0 0 255 255 255 255 2 0 3 0 0 0 0 0 data 22 0x30002 0x118c 0x70005 0x3a 0x18203510 0x1078 0x18203460 0xda 0xa0005 0x3a 0x16ff0ae0 0x1152 0x0 0x0 0xd0005 0x3a 0x1814bf80 0x1152 0x0 0x0 0x130002 0x118c oops 4 4 com/android/dx/rop/cst/CstMethodRef 6 com/android/dx/rop/cst/CstInterfaceMethodRef 10 com/android/dx/rop/cst/CstNat 16 com/android/dx/rop/cst/CstString
ciMethodData com/android/dx/rop/type/Prototype intern (Ljava/lang/String;)Lcom/android/dx/rop/type/Prototype; 2 5999 orig 264 104 225 148 100 0 0 0 0 8 243 215 20 0 0 0 0 232 4 0 0 8 3 0 0 0 0 0 0 0 0 0 0 0 0 0 0 0 0 0 0 0 0 0 0 0 0 0 0 0 0 0 0 0 0 0 0 0 0 0 0 0 0 0 0 0 0 0 0 0 0 0 0 0 0 0 0 0 0 0 0 77 68 79 32 101 120 116 114 97 32 100 97 116 97 32 108 111 99 107 0 0 0 0 0 0 0 0 0 0 0 0 0 0 0 0 0 0 0 0 0 0 0 0 0 0 0 0 0 0 0 0 0 0 0 0 0 0 0 0 0 0 0 0 0 0 0 0 0 0 0 0 0 0 0 0 0 0 0 0 0 0 0 0 0 0 0 0 0 0 0 0 0 0 0 0 0 0 0 0 0 0 0 0 0 0 0 0 0 0 0 0 0 0 0 0 0 0 0 0 0 0 0 0 0 0 0 0 0 0 0 0 0 0 0 0 0 58 0 0 0 193 186 0 0 225 83 0 0 0 0 0 0 0 0 0 0 2 0 0 0 3 0 63 0 2 0 0 0 160 3 0 0 255 255 255 255 7 0 1 0 0 0 0 0 data 116 0x10007 0x1758 0x30 0x0 0xa0002 0x0 0x180005 0x0 0x181536e0 0x1758 0x0 0x0 0x1b0104 0x0 0x18207990 0x1482 0x0 0x0 0x210003 0x1758 0x18 0x2a0007 0x2d6 0x20 0x1482 0x300002 0x2d6 0x400005 0xed 0x2b0a4f0 0x714 0x0 0x0 0x490007 0x52b 0x38 0x2d6 0x4f0003 0x2d6 0x1a0 0x560007 0x52b 0x68 0x26 0x5f0005 0x3 0x2b0a4f0 0x23 0x0 0x0 0x640003 0x26 0xffffffffffffffb0 0x6b0007 0x174 0x98 0x3b7 0x730005 0x61 0x2b0a4f0 0x356 0x0 0x0 0x7b0007 0x3b7 0x30 0x0 0x840002 0x0 0x8e0003 0x3b7 0x18 0x9b0005 0x8f 0x2b0a4f0 0x49c 0x0 0x0 0x9e0002 0x52b 0xa10004 0x0 0x182065f0 0x52b 0x0 0x0 0xa50003 0x52b 0xfffffffffffffe28 0xab0005 0x5e 0x2b0a4f0 0x278 0x0 0x0 0xae0002 0x2d6 0xb80002 0x2d6 0xc30007 0x2d6 0x68 0x52b 0xce0005 0x8f 0x1832c940 0x49c 0x0 0x0 0xd40003 0x52b 0xffffffffffffffb0 0xe00002 0x2d6 0xe50002 0x2d6 oops 9 8 java/util/HashMap 14 com/android/dx/rop/type/Prototype 29 java/lang/String 46 java/lang/String 59 java/lang/String 74 java/lang/String 82 com/android/dx/rop/type/Type 91 java/lang/String 105 com/android/dx/rop/type/StdTypeList
ciMethod com/android/dx/cf/code/SimException <init> (Ljava/lang/String;)V 0 0 1 0 -1
ciMethodData com/android/dx/util/FixedSizeList set0 (ILjava/lang/Object;)V 2 140134 orig 264 104 225 148 100 0 0 0 0 168 57 216 20 0 0 0 0 224 1 0 0 0 0 0 0 0 0 0 0 0 0 0 0 0 0 0 0 0 0 0 0 0 0 0 0 0 0 0 0 0 0 0 0 0 0 0 0 0 0 0 0 0 0 0 0 0 0 0 0 0 0 0 0 0 0 0 0 0 0 0 0 77 68 79 32 101 120 116 114 97 32 100 97 116 97 32 108 111 99 107 0 0 0 0 0 0 0 0 0 0 0 0 0 0 0 0 0 0 0 0 0 0 0 0 0 0 0 0 0 0 0 0 0 0 0 0 0 0 0 0 0 0 0 0 0 0 0 0 0 0 0 0 0 0 0 0 0 0 0 0 0 0 0 0 0 0 0 0 0 0 0 0 0 0 0 0 0 0 0 0 0 0 0 0 0 17 0 0 0 0 0 0 0 0 0 0 0 0 0 0 0 0 0 0 0 0 0 0 0 0 0 0 0 0 0 0 0 0 1 0 0 49 19 17 0 1 0 0 0 0 0 0 0 0 0 0 0 2 0 0 0 0 0 11 0 2 0 0 0 136 0 0 0 255 255 255 255 5 0 1 0 0 0 0 0 data 17 0x10005 0x1cd4c 0x1832c940 0x4b5e 0x183ba3d0 0xa2d 0xa0104 0x0 0x182065f0 0x4b5e 0x183ba480 0x4e2 0xb0003 0x22299 0x28 0x110002 0x0 oops 4 2 com/android/dx/rop/type/StdTypeList 4 com/android/dx/cf/iface/StdAttributeList 8 com/android/dx/rop/type/Type 10 com/android/dx/cf/attrib/AttCode
ciMethodData com/android/dx/util/MutabilityControl <init> (Z)V 2 46309 orig 264 104 225 148 100 0 0 0 0 216 116 215 20 0 0 0 0 56 1 0 0 0 0 0 0 0 0 0 0 0 0 0 0 0 0 0 0 0 0 0 0 0 0 0 0 0 0 0 0 0 0 0 0 0 0 0 0 0 0 0 0 0 0 0 0 0 0 0 0 0 0 0 0 0 0 0 0 0 0 0 0 77 68 79 32 101 120 116 114 97 32 100 97 116 97 32 108 111 99 107 0 0 0 0 0 0 0 0 0 0 0 0 0 0 0 0 0 0 0 0 0 0 0 0 0 0 0 0 0 0 0 0 0 0 0 0 0 0 0 0 0 0 0 0 0 0 0 0 0 0 0 0 0 0 0 0 0 0 0 0 0 0 0 0 0 0 0 0 0 0 0 0 0 0 0 0 0 0 0 0 0 0 0 0 0 0 0 0 0 0 0 0 0 0 0 0 0 0 0 0 0 0 0 0 0 0 0 0 0 0 0 0 0 0 0 0 0 25 1 0 0 97 158 5 0 1 0 0 0 0 0 0 0 0 0 0 0 2 0 0 0 0 0 3 0 2 0 0 0 16 0 0 0 255 255 255 255 2 0 1 0 0 0 0 0 data 2 0x10002 0xb3d1 oops 0
ciMethodData com/android/dx/util/FixedSizeList <init> (I)V 2 7468 orig 264 104 225 148 100 0 0 0 0 168 47 216 20 0 0 0 0 152 1 0 0 56 0 0 0 0 0 0 0 0 0 0 0 0 0 0 0 0 0 0 0 0 0 0 0 0 0 0 0 0 0 0 0 0 0 0 0 0 0 0 0 0 0 0 0 0 0 0 0 0 0 0 0 0 0 0 0 0 0 0 0 77 68 79 32 101 120 116 114 97 32 100 97 116 97 32 108 111 99 107 0 0 0 0 0 0 0 0 0 0 0 0 0 0 0 0 0 0 0 0 0 0 0 0 0 0 0 0 0 0 0 0 0 0 0 0 0 0 0 0 0 0 0 0 0 0 0 0 0 0 0 0 0 0 0 0 0 0 0 0 0 0 0 0 0 0 0 0 0 0 0 0 0 0 0 0 0 0 0 0 0 0 0 0 0 0 0 0 0 0 0 0 0 0 0 0 0 0 0 0 0 0 0 0 0 0 0 0 0 0 0 0 0 0 0 0 0 22 1 0 0 177 224 0 0 1 0 0 0 0 0 0 0 0 0 0 0 2 0 0 0 0 0 10 0 2 0 0 0 112 0 0 0 255 255 255 255 7 0 2 0 0 0 0 0 data 14 0x20007 0x9dd 0x38 0x1246 0x60003 0x1246 0x18 0xa0002 0x1c18 0x150003 0x1c1b 0x28 0x1f0002 0x0 oops 0
ciMethodData com/android/dx/util/FixedSizeList size ()I 2 462318 orig 264 104 225 148 100 0 0 0 0 88 53 216 20 0 0 0 0 32 1 0 0 0 0 0 0 0 0 0 0 0 0 0 0 0 0 0 0 0 0 0 0 0 0 0 0 0 0 0 0 0 0 0 0 0 0 0 0 0 0 0 0 0 0 0 0 0 0 0 0 0 0 0 0 0 0 0 0 0 0 0 0 77 68 79 32 101 120 116 114 97 32 100 97 116 97 32 108 111 99 107 0 0 0 0 0 0 0 0 0 0 0 0 0 0 0 0 0 0 0 0 0 0 0 0 0 0 0 0 0 0 0 0 0 0 0 0 0 0 0 0 0 0 0 0 0 0 0 0 0 0 0 0 0 0 0 0 0 0 0 0 0 0 0 0 0 0 0 0 0 0 0 0 0 0 0 0 0 0 0 0 0 0 0 0 0 1 0 0 0 0 0 0 0 0 0 0 0 0 0 0 0 1 0 0 0 0 0 0 0 0 0 0 0 0 0 0 0 135 1 0 0 57 99 56 0 1 0 0 0 0 0 0 0 0 0 0 0 2 0 0 0 0 0 3 0 1 0 0 0 0 0 0 0 255 255 255 255 0 0 0 0 0 0 0 0 data 0 oops 0
ciMethodData com/android/dx/util/MutabilityControl setImmutable ()V 2 147489 orig 264 104 225 148 100 0 0 0 0 128 117 215 20 0 0 0 0 32 1 0 0 0 0 0 0 0 0 0 0 0 0 0 0 0 0 0 0 0 0 0 0 0 0 0 0 0 0 0 0 0 0 0 0 0 0 0 0 0 0 0 0 0 0 0 0 0 0 0 0 0 0 0 0 0 0 0 0 0 0 0 0 77 68 79 32 101 120 116 114 97 32 100 97 116 97 32 108 111 99 107 0 0 0 0 0 0 0 0 0 0 0 0 0 0 0 0 0 0 0 0 0 0 0 0 0 0 0 0 0 0 0 0 0 0 0 0 0 0 0 0 0 0 0 0 0 0 0 0 0 0 0 0 0 0 0 0 0 0 0 0 0 0 0 0 0 0 0 0 0 0 0 0 0 0 0 0 0 0 0 0 0 0 0 0 0 0 0 0 0 0 0 0 0 0 0 0 0 0 0 0 0 0 0 0 0 0 0 0 0 0 0 0 0 0 0 0 0 169 1 0 0 193 243 17 0 1 0 0 0 0 0 0 0 0 0 0 0 2 0 0 0 0 0 3 0 1 0 0 0 0 0 0 0 255 255 255 255 0 0 0 0 0 0 0 0 data 0 oops 0
ciMethodData com/android/dx/rop/type/Prototype makeParameterArray (Ljava/lang/String;)[Lcom/android/dx/rop/type/Type; 2 31183 orig 264 104 225 148 100 0 0 0 0 200 244 215 20 0 0 0 0 104 3 0 0 176 1 0 0 0 0 0 0 0 0 0 0 0 0 0 0 0 0 0 0 0 0 0 0 0 0 0 0 0 0 0 0 0 0 0 0 0 0 0 0 0 0 0 0 0 0 0 0 0 0 0 0 0 0 0 0 0 0 0 0 77 68 79 32 101 120 116 114 97 32 100 97 116 97 32 108 111 99 107 0 0 0 0 0 0 0 0 0 0 0 0 0 0 0 0 0 0 0 0 0 0 0 0 0 0 0 0 0 0 0 0 0 0 0 0 0 0 0 0 0 0 0 0 0 0 0 0 0 0 0 0 0 0 0 0 0 0 0 0 0 0 0 0 0 0 0 0 0 0 0 0 0 0 0 0 0 0 0 0 0 0 0 0 0 0 0 0 0 0 0 0 0 0 0 0 0 0 0 0 0 0 0 0 0 0 0 0 0 0 0 0 0 0 0 0 0 121 9 0 0 49 20 0 0 25 130 3 0 0 0 0 0 0 0 0 0 2 0 0 0 1 0 33 0 2 0 0 0 32 2 0 0 255 255 255 255 5 0 1 0 0 0 0 0 data 68 0x10005 0x34 0x2b0a4f0 0x252 0x0 0x0 0x70005 0x34 0x2b0a4f0 0x252 0x0 0x0 0xc0007 0x286 0x30 0x0 0x150002 0x0 0x230007 0x0 0xe0 0x72c9 0x290005 0x732 0x2b0a4f0 0x6b97 0x0 0x0 0x320007 0x7043 0x38 0x286 0x380003 0x286 0x70 0x3f0007 0x100e 0x40 0x6035 0x460007 0x56fa 0x20 0x93b 0x4f0003 0x7043 0xffffffffffffff38 0x530007 0x0 0x40 0x286 0x5a0007 0x286 0x30 0x0 0x630002 0x0 0x6d0005 0x34 0x2b0a4f0 0x252 0x0 0x0 0x710007 0x286 0x30 0x0 0x7a0002 0x0 oops 4 2 java/lang/String 8 java/lang/String 24 java/lang/String 58 java/lang/String
ciMethodData com/android/dx/rop/type/Type internReturnType (Ljava/lang/String;)Lcom/android/dx/rop/type/Type; 1 737 orig 264 104 225 148 100 0 0 0 0 8 173 215 20 0 0 0 0 208 1 0 0 104 0 0 0 0 0 0 0 0 0 0 0 0 0 0 0 0 0 0 0 0 0 0 0 0 0 0 0 0 0 0 0 0 0 0 0 0 0 0 0 0 0 0 0 0 0 0 0 0 0 0 0 0 0 0 0 0 0 0 0 77 68 79 32 101 120 116 114 97 32 100 97 116 97 32 108 111 99 107 0 0 0 0 0 0 0 0 0 0 0 0 0 0 0 0 0 0 0 0 0 0 0 0 0 0 0 0 0 0 0 0 0 0 0 0 0 0 0 0 0 0 0 0 0 0 0 0 0 0 0 0 0 0 0 0 0 0 0 0 0 0 0 0 0 0 0 0 0 0 0 0 0 0 0 0 0 0 0 0 0 0 0 0 0 0 0 0 0 0 0 0 0 0 0 0 0 0 0 0 0 0 0 0 0 0 0 0 0 0 0 0 0 0 0 0 0 91 0 0 0 49 20 0 0 1 0 0 0 0 0 0 0 0 0 0 0 2 0 0 0 0 0 0 0 0 0 0 0 136 0 0 0 255 255 255 255 5 0 3 0 0 0 0 0 data 17 0x30005 0xe 0x2b0a4f0 0x278 0x0 0x0 0x60007 0x179 0x20 0x10d 0xd0003 0x179 0x28 0x170002 0x0 0x1c0002 0x179 oops 1 2 java/lang/String
ciMethodData com/android/dx/rop/type/Type intern (Ljava/lang/String;)Lcom/android/dx/rop/type/Type; 2 17890 orig 264 104 225 148 100 0 0 0 0 224 171 215 20 0 0 0 0 32 7 0 0 208 2 0 0 0 0 0 0 0 0 0 0 0 0 0 0 0 0 0 0 0 0 0 0 0 0 0 0 0 0 0 0 0 0 0 0 0 0 0 0 0 0 0 0 0 0 0 0 0 0 0 0 0 0 0 0 0 0 0 0 77 68 79 32 101 120 116 114 97 32 100 97 116 97 32 108 111 99 107 0 0 0 0 0 0 0 0 0 0 0 0 0 0 0 0 0 0 0 0 0 0 0 0 0 0 0 0 0 0 0 0 0 0 0 0 0 0 0 0 0 0 0 0 0 0 0 0 0 0 0 0 0 0 0 0 0 0 0 0 0 0 0 0 0 0 0 0 0 0 0 0 0 0 0 0 0 0 0 0 0 0 0 0 0 0 0 0 0 0 0 0 0 0 0 0 0 0 0 0 0 0 0 0 0 0 0 0 0 0 0 0 0 0 0 0 0 188 7 0 0 137 226 0 0 49 241 1 0 0 0 0 0 0 0 0 0 2 0 0 0 1 0 66 0 2 0 0 0 216 5 0 0 255 255 255 255 5 0 10 0 0 0 0 0 data 187 0xa0005 0x0 0x181536e0 0x1c52 0x0 0x0 0xd0104 0x0 0x182065f0 0x1a94 0x0 0x0 0x130003 0x1c52 0x18 0x1c0007 0x1be 0x20 0x1a94 0x230005 0x23 0x2b0a4f0 0x19b 0x0 0x0 0x270003 0x1be 0x38 0x310002 0x0 0x3c0002 0x0 0x430007 0x1b0 0x90 0xe 0x480005 0x1 0x2b0a4f0 0xd 0x0 0x0 0x4b0002 0xe 0x500005 0x1 0x182065f0 0xd 0x0 0x0 0x550005 0x22 0x2b0a4f0 0x18e 0x0 0x0 0x5c0007 0x0 0x70 0x1b0 0x630005 0x22 0x2b0a4f0 0x18e 0x0 0x0 0x680007 0x1b0 0xd0 0x0 0x730002 0x0 0x780005 0x0 0x0 0x0 0x0 0x0 0x7c0005 0x0 0x0 0x0 0x0 0x0 0x7f0005 0x0 0x0 0x0 0x0 0x0 0x820002 0x0 0x920007 0x1b0 0x2d8 0x3e26 0x980005 0x44f 0x2b0a4f0 0x39d7 0x0 0x0 0x9f0008 0xe 0x3de 0x270 0x0 0x80 0x0 0x80 0x0 0x80 0x71 0x130 0x0 0x80 0x0 0x80 0xe00002 0x0 0xe50005 0x0 0x0 0x0 0x0 0x0 0xe90005 0x0 0x0 0x0 0x0 0x0 0xec0005 0x0 0x0 0x0 0x0 0x0 0xef0002 0x0 0xf60007 0x0 0x90 0x71b 0xfe0007 0x0 0x70 0x71b 0x1060005 0x71 0x2b0a4f0 0x6aa 0x0 0x0 0x10b0007 0x71b 0xd0 0x0 0x1160002 0x0 0x11b0005 0x0 0x0 0x0 0x0 0x0 0x11f0005 0x0 0x0 0x0 0x0 0x0 0x1220005 0x0 0x0 0x0 0x0 0x0 0x1250002 0x0 0x12c0003 0x3e26 0xfffffffffffffd40 0x1360002 0x1b0 0x13b0002 0x1b0 oops 9 2 java/util/HashMap 8 com/android/dx/rop/type/Type 21 java/lang/String 38 java/lang/String 46 com/android/dx/rop/type/Type 52 java/lang/String 62 java/lang/String 98 java/lang/String 150 java/lang/String
ciMethodData com/android/dx/rop/type/StdTypeList <init> (I)V 2 11362 orig 264 104 225 148 100 0 0 0 0 112 31 216 20 0 0 0 0 56 1 0 0 0 0 0 0 0 0 0 0 0 0 0 0 0 0 0 0 0 0 0 0 0 0 0 0 0 0 0 0 0 0 0 0 0 0 0 0 0 0 0 0 0 0 0 0 0 0 0 0 0 0 0 0 0 0 0 0 0 0 0 0 77 68 79 32 101 120 116 114 97 32 100 97 116 97 32 108 111 99 107 0 0 0 0 0 0 0 0 0 0 0 0 0 0 0 0 0 0 0 0 0 0 0 0 0 0 0 0 0 0 0 0 0 0 0 0 0 0 0 0 0 0 0 0 0 0 0 0 0 0 0 0 0 0 0 0 0 0 0 0 0 0 0 0 0 0 0 0 0 0 0 0 0 0 0 0 0 0 0 0 0 0 0 0 0 0 0 0 0 0 0 0 0 0 0 0 0 0 0 0 0 0 0 0 0 0 0 0 0 0 0 0 0 0 0 0 0 203 0 0 0 185 92 1 0 1 0 0 0 0 0 0 0 0 0 0 0 2 0 0 0 0 0 3 0 2 0 0 0 16 0 0 0 255 255 255 255 2 0 2 0 0 0 0 0 data 2 0x20002 0x2b97 oops 0
ciMethodData com/android/dx/rop/type/StdTypeList set (ILcom/android/dx/rop/type/Type;)V 2 5713 orig 264 104 225 148 100 0 0 0 0 24 36 216 20 0 0 0 0 136 1 0 0 0 0 0 0 0 0 0 0 0 0 0 0 0 0 0 0 0 0 0 0 0 0 0 0 0 0 0 0 0 0 0 0 0 0 0 0 0 0 0 0 0 0 0 0 0 0 0 0 0 0 0 0 0 0 0 0 0 0 0 0 77 68 79 32 101 120 116 114 97 32 100 97 116 97 32 108 111 99 107 0 0 0 0 0 0 0 0 0 0 0 0 0 0 0 0 0 0 0 0 0 0 0 0 0 0 0 0 0 0 0 0 0 0 0 0 0 0 0 0 0 0 0 0 0 0 0 0 0 0 0 0 0 0 0 0 0 0 0 0 0 0 0 0 0 0 0 0 0 0 0 0 0 0 0 0 0 0 0 0 0 0 0 0 0 0 0 0 0 0 0 0 0 0 0 0 0 0 0 0 0 0 0 0 0 0 0 0 0 0 0 0 0 0 0 0 0 225 0 0 0 129 171 0 0 1 0 0 0 0 0 0 0 0 0 0 0 2 0 0 0 0 0 0 0 0 0 0 0 48 0 0 0 255 255 255 255 5 0 3 0 0 0 0 0 data 6 0x30005 0x43e 0x1832c940 0x1132 0x0 0x0 oops 1 2 com/android/dx/rop/type/StdTypeList
ciMethodData com/android/dx/rop/type/Prototype <init> (Ljava/lang/String;Lcom/android/dx/rop/type/Type;Lcom/android/dx/rop/type/StdTypeList;)V 2 8600 orig 264 104 225 148 100 0 0 0 0 32 248 215 20 0 0 0 0 216 1 0 0 96 0 0 0 0 0 0 0 0 0 0 0 0 0 0 0 0 0 0 0 0 0 0 0 0 0 0 0 0 0 0 0 0 0 0 0 0 0 0 0 0 0 0 0 0 0 0 0 0 0 0 0 0 0 0 0 0 0 0 0 77 68 79 32 101 120 116 114 97 32 100 97 116 97 32 108 111 99 107 0 0 0 0 0 0 0 0 0 0 0 0 0 0 0 0 0 0 0 0 0 0 0 0 0 0 0 0 0 0 0 0 0 0 0 0 0 0 0 0 0 0 0 0 0 0 0 0 0 0 0 0 0 0 0 0 0 0 0 0 0 0 0 0 0 0 0 0 0 0 0 0 0 0 0 0 0 0 0 0 0 0 0 0 0 0 0 0 0 0 0 0 0 0 0 0 0 0 0 0 0 0 0 0 0 0 0 0 0 0 0 0 0 0 0 0 0 170 0 0 0 105 7 1 0 1 0 0 0 0 0 0 0 0 0 0 0 2 0 0 0 0 0 9 0 2 0 0 0 160 0 0 0 255 255 255 255 2 0 1 0 0 0 0 0 data 20 0x10002 0x20ed 0x50007 0x20ed 0x30 0x0 0xe0002 0x0 0x130007 0x20ed 0x30 0x0 0x1c0002 0x0 0x210007 0x20ed 0x30 0x0 0x2a0002 0x0 oops 0
ciMethodData com/android/dx/rop/type/Prototype putIntern (Lcom/android/dx/rop/type/Prototype;)Lcom/android/dx/rop/type/Prototype; 2 8601 orig 264 104 225 148 100 0 0 0 0 176 1 216 20 0 0 0 0 40 2 0 0 144 0 0 0 0 0 0 0 0 0 0 0 0 0 0 0 0 0 0 0 0 0 0 0 0 0 0 0 0 0 0 0 0 0 0 0 0 0 0 0 0 0 0 0 0 0 0 0 0 0 0 0 0 0 0 0 0 0 0 0 77 68 79 32 101 120 116 114 97 32 100 97 116 97 32 108 111 99 107 0 0 0 0 0 0 0 0 0 0 0 0 0 0 0 0 0 0 0 0 0 0 0 0 0 0 0 0 0 0 0 0 0 0 0 0 0 0 0 0 0 0 0 0 0 0 0 0 0 0 0 0 0 0 0 0 0 0 0 0 0 0 0 0 0 0 0 0 0 0 0 0 0 0 0 0 0 0 0 0 0 0 0 0 0 0 0 0 0 0 0 0 0 0 0 0 0 0 0 0 0 0 0 0 0 0 0 0 0 0 0 0 0 0 0 0 0 171 0 0 0 113 7 1 0 1 0 0 0 0 0 0 0 0 0 0 0 2 0 0 0 0 0 23 0 2 0 0 0 224 0 0 0 255 255 255 255 5 0 7 0 0 0 0 0 data 28 0x70005 0x6a9 0x18207990 0x1a45 0x0 0x0 0xf0005 0x0 0x181536e0 0x20ee 0x0 0x0 0x120104 0x0 0x18207990 0x184e 0x0 0x0 0x170007 0x8a0 0x20 0x184e 0x230005 0x0 0x181536e0 0x8a0 0x0 0x0 oops 4 2 com/android/dx/rop/type/Prototype 8 java/util/HashMap 14 com/android/dx/rop/type/Prototype 24 java/util/HashMap
ciMethodData com/android/dx/rop/type/Type getArrayType ()Lcom/android/dx/rop/type/Type; 1 62 orig 264 104 225 148 100 0 0 0 0 208 195 215 20 0 0 0 0 40 2 0 0 0 0 0 0 0 0 0 0 0 0 0 0 0 0 0 0 0 0 0 0 0 0 0 0 0 0 0 0 0 0 0 0 0 0 0 0 0 0 0 0 0 0 0 0 0 0 0 0 0 0 0 0 0 0 0 0 0 0 0 0 77 68 79 32 101 120 116 114 97 32 100 97 116 97 32 108 111 99 107 0 0 0 0 0 0 0 0 0 0 0 0 0 0 0 0 0 0 0 0 0 0 0 0 0 0 0 0 0 0 0 0 0 0 0 0 0 0 0 0 0 0 0 0 0 0 0 0 0 0 0 0 0 0 0 0 0 0 0 0 0 0 0 0 0 0 0 0 0 0 0 0 0 0 0 0 0 0 0 0 0 0 0 0 0 0 0 0 0 0 0 0 0 0 0 0 0 0 0 0 0 0 0 0 0 0 0 0 0 0 0 0 0 0 0 0 0 12 0 0 0 145 1 0 0 1 0 0 0 0 0 0 0 0 0 0 0 2 0 0 0 0 0 0 0 0 0 0 0 224 0 0 0 255 255 255 255 7 0 4 0 0 0 0 0 data 28 0x40007 0x25 0xe0 0xd 0x100002 0xd 0x150005 0xd 0x0 0x0 0x0 0x0 0x1c0005 0xd 0x0 0x0 0x0 0x0 0x1f0005 0xd 0x0 0x0 0x0 0x0 0x240002 0xd 0x270002 0xd oops 0
ciMethodData com/android/dx/rop/type/Type <init> (Ljava/lang/String;I)V 1 533 orig 264 104 225 148 100 0 0 0 0 16 176 215 20 0 0 0 0 64 1 0 0 0 0 0 0 0 0 0 0 0 0 0 0 0 0 0 0 0 0 0 0 0 0 0 0 0 0 0 0 0 0 0 0 0 0 0 0 0 0 0 0 0 0 0 0 0 0 0 0 0 0 0 0 0 0 0 0 0 0 0 0 77 68 79 32 101 120 116 114 97 32 100 97 116 97 32 108 111 99 107 0 0 0 0 0 0 0 0 0 0 0 0 0 0 0 0 0 0 0 0 0 0 0 0 0 0 0 0 0 0 0 0 0 0 0 0 0 0 0 0 0 0 0 0 0 0 0 0 0 0 0 0 0 0 0 0 0 0 0 0 0 0 0 0 0 0 0 0 0 0 0 0 0 0 0 0 0 0 0 0 0 0 0 0 0 0 0 0 0 0 0 0 0 0 0 0 0 0 0 0 0 0 0 0 0 0 0 0 0 0 0 0 0 0 0 0 0 121 0 0 0 209 12 0 0 1 0 0 0 0 0 0 0 0 0 0 0 2 0 0 0 0 0 3 0 2 0 0 0 16 0 0 0 255 255 255 255 2 0 4 0 0 0 0 0 data 2 0x40002 0x19a oops 0
ciMethodData com/android/dx/rop/type/Type <init> (Ljava/lang/String;II)V 2 1303 orig 264 104 225 148 100 0 0 0 0 48 175 215 20 0 0 0 0 248 1 0 0 128 0 0 0 0 0 0 0 0 0 0 0 0 0 0 0 0 0 0 0 0 0 0 0 0 0 0 0 0 0 0 0 0 0 0 0 0 0 0 0 0 0 0 0 0 0 0 0 0 0 0 0 0 0 0 0 0 0 0 0 77 68 79 32 101 120 116 114 97 32 100 97 116 97 32 108 111 99 107 0 0 0 0 0 0 0 0 0 0 0 0 0 0 0 0 0 0 0 0 0 0 0 0 0 0 0 0 0 0 0 0 0 0 0 0 0 0 0 0 0 0 0 0 0 0 0 0 0 0 0 0 0 0 0 0 0 0 0 0 0 0 0 0 0 0 0 0 0 0 0 0 0 0 0 0 0 0 0 0 0 0 0 0 0 0 0 0 0 0 0 0 0 0 0 0 0 0 0 0 0 0 0 0 0 0 0 0 0 0 0 0 0 0 0 0 0 134 0 0 0 137 36 0 0 1 0 0 0 0 0 0 0 0 0 0 0 2 0 0 0 0 0 12 0 2 0 0 0 192 0 0 0 255 255 255 255 2 0 1 0 0 0 0 0 data 24 0x10002 0x491 0x50007 0x491 0x30 0x0 0xe0002 0x0 0x130007 0x0 0x40 0x491 0x190007 0x491 0x30 0x0 0x220002 0x0 0x280007 0x491 0x30 0x0 0x310002 0x0 oops 0
ciMethodData com/android/dx/rop/type/Type putIntern (Lcom/android/dx/rop/type/Type;)Lcom/android/dx/rop/type/Type; 2 1300 orig 264 104 225 148 100 0 0 0 0 96 199 215 20 0 0 0 0 40 2 0 0 144 0 0 0 0 0 0 0 0 0 0 0 0 0 0 0 0 0 0 0 0 0 0 0 0 0 0 0 0 0 0 0 0 0 0 0 0 0 0 0 0 0 0 0 0 0 0 0 0 0 0 0 0 0 0 0 0 0 0 0 77 68 79 32 101 120 116 114 97 32 100 97 116 97 32 108 111 99 107 0 0 0 0 0 0 0 0 0 0 0 0 0 0 0 0 0 0 0 0 0 0 0 0 0 0 0 0 0 0 0 0 0 0 0 0 0 0 0 0 0 0 0 0 0 0 0 0 0 0 0 0 0 0 0 0 0 0 0 0 0 0 0 0 0 0 0 0 0 0 0 0 0 0 0 0 0 0 0 0 0 0 0 0 0 0 0 0 0 0 0 0 0 0 0 0 0 0 0 0 0 0 0 0 0 0 0 0 0 0 0 0 0 0 0 0 0 131 0 0 0 137 36 0 0 1 0 0 0 0 0 0 0 0 0 0 0 2 0 0 0 0 0 23 0 2 0 0 0 224 0 0 0 255 255 255 255 5 0 7 0 0 0 0 0 data 28 0x70005 0x199 0x182065f0 0x2f8 0x0 0x0 0xf0005 0x0 0x181536e0 0x491 0x0 0x0 0x120104 0x0 0x182065f0 0x86 0x0 0x0 0x170007 0x40b 0x20 0x86 0x230005 0x0 0x181536e0 0x40b 0x0 0x0 oops 4 2 com/android/dx/rop/type/Type 8 java/util/HashMap 14 com/android/dx/rop/type/Type 24 java/util/HashMap
ciMethod com/android/dx/rop/code/TranslationAdvice hasConstantOperation (Lcom/android/dx/rop/code/Rop;Lcom/android/dx/rop/code/RegisterSpec;Lcom/android/dx/rop/code/RegisterSpec;)Z 0 0 1 0 -1
ciMethod com/android/dx/cf/code/ConcreteMethod makeSourcePosistion (I)Lcom/android/dx/rop/code/SourcePosition; 4097 1 23271 0 -1
ciMethod com/android/dx/cf/code/Ropper getFirstTempStackReg ()I 329 1 653 0 -1
ciMethod com/android/dx/cf/code/Machine clearArgs ()V 0 0 1 0 -1
ciMethod com/android/dx/cf/code/Machine popArgs (Lcom/android/dx/cf/code/Frame;Lcom/android/dx/rop/type/Prototype;)V 0 0 1 0 -1
ciMethod com/android/dx/cf/code/Machine popArgs (Lcom/android/dx/cf/code/Frame;Lcom/android/dx/rop/type/Type;)V 0 0 1 0 -1
ciMethod com/android/dx/cf/code/Machine popArgs (Lcom/android/dx/cf/code/Frame;Lcom/android/dx/rop/type/Type;Lcom/android/dx/rop/type/Type;)V 0 0 1 0 -1
ciMethod com/android/dx/cf/code/Machine auxIntArg (I)V 0 0 1 0 -1
ciMethod com/android/dx/cf/code/Machine auxCstArg (Lcom/android/dx/rop/cst/Constant;)V 0 0 1 0 -1
ciMethod com/android/dx/cf/code/Machine run (Lcom/android/dx/cf/code/Frame;II)V 0 0 1 0 -1
ciMethod com/android/dx/rop/code/PlainInsn <init> (Lcom/android/dx/rop/code/Rop;Lcom/android/dx/rop/code/SourcePosition;Lcom/android/dx/rop/code/RegisterSpec;Lcom/android/dx/rop/code/RegisterSpecList;)V 4097 1 5647 0 -1
ciMethod com/android/dx/rop/code/PlainInsn <init> (Lcom/android/dx/rop/code/Rop;Lcom/android/dx/rop/code/SourcePosition;Lcom/android/dx/rop/code/RegisterSpec;Lcom/android/dx/rop/code/RegisterSpec;)V 1665 1 2691 0 -1
ciMethod com/android/dx/rop/code/PlainCstInsn <init> (Lcom/android/dx/rop/code/Rop;Lcom/android/dx/rop/code/SourcePosition;Lcom/android/dx/rop/code/RegisterSpec;Lcom/android/dx/rop/code/RegisterSpecList;Lcom/android/dx/rop/cst/Constant;)V 4097 1 6430 0 -1
ciMethod com/android/dx/rop/code/ThrowingCstInsn <init> (Lcom/android/dx/rop/code/Rop;Lcom/android/dx/rop/code/SourcePosition;Lcom/android/dx/rop/code/RegisterSpecList;Lcom/android/dx/rop/type/TypeList;Lcom/android/dx/rop/cst/Constant;)V 4097 1 14344 0 -1
ciMethod com/android/dx/rop/code/ThrowingInsn <init> (Lcom/android/dx/rop/code/Rop;Lcom/android/dx/rop/code/SourcePosition;Lcom/android/dx/rop/code/RegisterSpecList;Lcom/android/dx/rop/type/TypeList;)V 14937 1 2250 0 -1
ciMethod com/android/dx/util/IntList size ()I 1233 1 154 0 -1
ciMethod com/android/dx/cf/code/RopperMachine run (Lcom/android/dx/cf/code/Frame;II)V 4113 361 22686 0 -1
ciMethod com/android/dx/cf/code/RopperMachine getSources (II)Lcom/android/dx/rop/code/RegisterSpecList; 4113 3001 22686 0 -1
ciMethod com/android/dx/cf/code/RopperMachine updateReturnOp (Lcom/android/dx/rop/code/Rop;Lcom/android/dx/rop/code/SourcePosition;)V 977 1 1402 0 -1
ciMethod com/android/dx/cf/code/RopperMachine jopToRopOpcode (ILcom/android/dx/rop/cst/Constant;)I 4097 225 21672 0 -1
ciMethod com/android/dx/cf/code/ValueAwareMachine run (Lcom/android/dx/cf/code/Frame;II)V 4105 241 22691 0 -1
ciMethod com/android/dx/cf/code/BaseMachine clearArgs ()V 4097 1 3196 0 96
ciMethod com/android/dx/cf/code/BaseMachine popArgs (Lcom/android/dx/cf/code/Frame;I)V 4097 5801 11663 0 0
ciMethod com/android/dx/cf/code/BaseMachine popArgs (Lcom/android/dx/cf/code/Frame;Lcom/android/dx/rop/type/Prototype;)V 4097 7713 4493 0 0
ciMethod com/android/dx/cf/code/BaseMachine popArgs (Lcom/android/dx/cf/code/Frame;Lcom/android/dx/rop/type/Type;)V 4097 1 5213 0 0
ciMethod com/android/dx/cf/code/BaseMachine popArgs (Lcom/android/dx/cf/code/Frame;Lcom/android/dx/rop/type/Type;Lcom/android/dx/rop/type/Type;)V 6153 1 914 0 -1
ciMethod com/android/dx/cf/code/BaseMachine auxIntArg (I)V 4097 1 10579 0 -1
ciMethod com/android/dx/cf/code/BaseMachine auxCstArg (Lcom/android/dx/rop/cst/Constant;)V 4097 1 9888 0 -1
ciMethod com/android/dx/cf/code/BaseMachine arg (I)Lcom/android/dx/rop/type/TypeBearer; 4097 1 33927 0 -1
ciMethod com/android/dx/cf/code/BaseMachine getAuxInt ()I 569 1 71 0 -1
ciMethod com/android/dx/cf/code/BaseMachine getAuxCst ()Lcom/android/dx/rop/cst/Constant; 2137 1 267 0 -1
ciMethod com/android/dx/cf/code/BaseMachine getAuxCases ()Lcom/android/dx/cf/code/SwitchList; 1409 1 176 0 -1
ciMethod com/android/dx/cf/code/BaseMachine getInitValues ()Ljava/util/ArrayList; 1409 1 176 0 -1
ciMethod com/android/dx/cf/code/BaseMachine getLocalTarget (Z)Lcom/android/dx/rop/code/RegisterSpec; 4105 1 23831 0 -1
ciMethod com/android/dx/cf/code/BaseMachine resultCount ()I 4097 1 22684 0 -1
ciMethod com/android/dx/cf/code/BaseMachine result (I)Lcom/android/dx/rop/type/TypeBearer; 4097 1 14698 0 -1
ciMethod com/android/dx/rop/code/SwitchInsn <init> (Lcom/android/dx/rop/code/Rop;Lcom/android/dx/rop/code/SourcePosition;Lcom/android/dx/rop/code/RegisterSpec;Lcom/android/dx/rop/code/RegisterSpecList;Lcom/android/dx/util/IntList;)V 145 1 168 0 -1
ciMethod com/android/dx/cf/code/Simulator$SimVisitor visitConstant (IIILcom/android/dx/rop/cst/Constant;I)V 5121 1 9856 0 -1
ciMethod com/android/dx/cf/code/Frame getStack ()Lcom/android/dx/cf/code/ExecutionStack; 1049 1 131 0 0
ciMethod com/android/dx/cf/code/ExecutionStack size ()I 1569 1 196 0 -1
ciMethod com/android/dx/cf/code/ExecutionStack peek (I)Lcom/android/dx/rop/type/TypeBearer; 4097 1 21029 0 160
ciMethod com/android/dx/cf/code/ExecutionStack pop ()Lcom/android/dx/rop/type/TypeBearer; 4097 1 16023 0 0
ciMethod com/android/dx/cf/code/ExecutionStack throwSimException (Ljava/lang/String;)Lcom/android/dx/rop/type/TypeBearer; 0 0 1 0 -1
ciMethod com/android/dx/rop/code/RegisterSpec make (ILcom/android/dx/rop/type/TypeBearer;)Lcom/android/dx/rop/code/RegisterSpec; 4097 1 44659 0 -1
ciMethod com/android/dx/rop/code/RegisterSpec getType ()Lcom/android/dx/rop/type/Type; 4097 1 14429 0 -1
ciMethod com/android/dx/rop/code/RegisterSpec getReg ()I 2193 1 274 0 -1
ciMethod com/android/dx/rop/code/RegisterSpec getTypeBearer ()Lcom/android/dx/rop/type/TypeBearer; 1217 1 152 0 -1
ciMethod com/android/dx/rop/code/RegisterSpec getNextReg ()I 3121 1 11847 0 -1
ciMethod com/android/dx/rop/code/RegisterSpec getCategory ()I 4097 1 101341 0 -1
ciMethod com/android/dx/rop/code/RegisterSpec withReg (I)Lcom/android/dx/rop/code/RegisterSpec; 2185 1 40281 0 -1
ciMethod com/android/dx/rop/code/Rops ropFor (ILcom/android/dx/rop/type/TypeBearer;Lcom/android/dx/rop/type/TypeList;Lcom/android/dx/rop/cst/Constant;)Lcom/android/dx/rop/code/Rop; 4097 1 21719 0 -1
ciMethod com/android/dx/rop/code/Rops opMove (Lcom/android/dx/rop/type/TypeBearer;)Lcom/android/dx/rop/code/Rop; 4097 1 11633 0 -1
ciMethod com/android/dx/rop/code/Rops opMoveResult (Lcom/android/dx/rop/type/TypeBearer;)Lcom/android/dx/rop/code/Rop; 2289 1 2660 0 -1
ciMethod com/android/dx/rop/code/Rops opMoveResultPseudo (Lcom/android/dx/rop/type/TypeBearer;)Lcom/android/dx/rop/code/Rop; 1865 1 3464 0 -1
ciMethod com/android/dx/rop/code/Rops opFilledNewArray (Lcom/android/dx/rop/type/TypeBearer;I)Lcom/android/dx/rop/code/Rop; 0 0 1 0 -1
ciMethod com/android/dx/rop/code/Rops opInvokeStatic (Lcom/android/dx/rop/type/Prototype;)Lcom/android/dx/rop/code/Rop; 1041 1 1051 0 -1
ciMethod com/android/dx/rop/code/Rop getOpcode ()I 1377 1 172 0 -1
ciMethod com/android/dx/rop/code/Rop getResult ()Lcom/android/dx/rop/type/Type; 25 1 3 0 -1
ciMethod com/android/dx/rop/code/Rop isCallLike ()Z 1177 1 147 0 -1
ciMethod com/android/dx/rop/code/Rop canThrow ()Z 4105 1 36761 0 -1
ciMethod com/android/dx/rop/code/RegisterSpecList make (Lcom/android/dx/rop/code/RegisterSpec;)Lcom/android/dx/rop/code/RegisterSpecList; 2601 1 3620 0 -1
ciMethod com/android/dx/rop/code/RegisterSpecList make (Lcom/android/dx/rop/code/RegisterSpec;Lcom/android/dx/rop/code/RegisterSpec;)Lcom/android/dx/rop/code/RegisterSpecList; 33 1 40 0 -1
ciMethod com/android/dx/rop/code/RegisterSpecList get (I)Lcom/android/dx/rop/code/RegisterSpec; 3881 1 70410 0 -1
ciMethod com/android/dx/rop/code/RegisterSpecList withoutFirst ()Lcom/android/dx/rop/code/RegisterSpecList; 1 1 3 0 -1
ciMethod com/android/dx/rop/code/RegisterSpecList withoutLast ()Lcom/android/dx/rop/code/RegisterSpecList; 1 1 46 0 -1
ciMethod com/android/dx/cf/code/Merger isPossiblyAssignableFrom (Lcom/android/dx/rop/type/TypeBearer;Lcom/android/dx/rop/type/TypeBearer;)Z 4097 1 17203 0 0
ciMethodData com/android/dx/util/FixedSizeList get0 (I)Ljava/lang/Object; 2 5376 orig 264 104 225 148 100 0 0 0 0 240 55 216 20 0 0 0 0 48 2 0 0 192 0 0 0 0 0 0 0 0 0 0 0 0 0 0 0 0 0 0 0 0 0 0 0 0 0 0 0 0 0 0 0 0 0 0 0 0 0 0 0 0 0 0 0 0 0 0 0 0 0 0 0 0 0 0 0 0 0 0 0 77 68 79 32 101 120 116 114 97 32 100 97 116 97 32 108 111 99 107 0 0 0 0 0 0 0 0 0 0 0 0 0 0 0 0 0 0 0 0 0 0 0 0 0 0 0 0 0 0 0 0 0 0 0 0 0 0 0 0 0 0 0 0 0 0 0 0 0 0 0 0 0 0 0 0 0 0 0 0 0 0 0 0 0 0 0 0 0 0 0 0 0 0 0 0 0 0 0 0 0 0 0 0 0 25 0 0 0 0 0 0 0 0 0 0 0 0 0 0 0 1 0 0 0 0 0 0 0 0 0 0 0 0 0 0 0 0 1 0 0 1 160 0 0 1 0 0 0 0 0 0 0 0 0 0 0 2 0 0 0 0 0 9 0 2 0 0 0 224 0 0 0 255 255 255 255 7 0 8 0 0 0 0 0 data 28 0x80007 0x1400 0xd0 0x0 0x130002 0x0 0x180005 0x0 0x0 0x0 0x0 0x0 0x1c0005 0x0 0x0 0x0 0x0 0x0 0x1f0005 0x0 0x0 0x0 0x0 0x0 0x220002 0x0 0x2b0002 0x0 oops 0
ciMethodData com/android/dx/util/FixedSizeList getOrNull0 (I)Ljava/lang/Object; 2 44879 orig 264 104 225 148 100 0 0 0 0 192 56 216 20 0 0 0 0 40 1 0 0 0 0 0 0 0 0 0 0 0 0 0 0 0 0 0 0 0 0 0 0 0 0 0 0 0 0 0 0 0 0 0 0 0 0 0 0 0 0 0 0 0 0 0 0 0 0 0 0 0 0 0 0 0 0 0 0 0 0 0 0 77 68 79 32 101 120 116 114 97 32 100 97 116 97 32 108 111 99 107 0 0 0 0 0 0 0 0 0 0 0 0 0 0 0 0 0 0 0 0 0 0 0 0 0 0 0 0 0 0 0 0 0 0 0 0 0 0 0 0 0 0 0 0 0 0 0 0 0 0 0 0 0 0 0 0 0 0 0 0 0 0 0 0 0 0 0 0 0 0 0 0 0 0 0 0 0 0 0 0 0 0 0 0 0 0 0 0 0 0 0 0 0 0 0 0 0 0 0 0 0 0 0 0 0 0 0 0 0 0 0 0 0 0 0 0 0 14 1 0 0 9 114 5 0 1 0 0 0 0 0 0 0 0 0 0 0 2 0 0 0 0 0 3 0 1 0 0 0 0 0 0 0 255 255 255 255 0 0 0 0 0 0 0 0 data 0 oops 0
ciMethodData com/android/dx/rop/type/Type getType ()Lcom/android/dx/rop/type/Type; 2 6156 orig 264 104 225 148 100 0 0 0 0 232 180 215 20 0 0 0 0 32 1 0 0 0 0 0 0 0 0 0 0 0 0 0 0 0 0 0 0 0 0 0 0 0 0 0 0 0 0 0 0 0 0 0 0 0 0 0 0 0 0 0 0 0 0 0 0 0 0 0 0 0 0 0 0 0 0 0 0 0 0 0 0 77 68 79 32 101 120 116 114 97 32 100 97 116 97 32 108 111 99 107 0 0 0 0 0 0 0 0 0 0 0 0 0 0 0 0 0 0 0 0 0 0 0 0 0 0 0 0 0 0 0 0 0 0 0 0 0 0 0 0 0 0 0 0 0 0 0 0 0 0 0 0 0 0 0 0 0 0 0 0 0 0 0 0 0 0 0 0 0 0 0 0 0 0 0 0 0 0 0 0 0 0 0 0 0 0 0 0 0 0 0 0 0 0 0 0 0 0 0 0 0 0 0 0 0 0 0 0 0 0 0 0 0 0 0 0 0 24 1 0 0 161 183 0 0 1 0 0 0 0 0 0 0 0 0 0 0 2 0 0 0 0 0 3 0 1 0 0 0 0 0 0 0 255 255 255 255 0 0 0 0 0 0 0 0 data 0 oops 0
ciMethodData com/android/dx/rop/type/Type getCategory ()I 2 1536 orig 264 104 225 148 100 0 0 0 0 152 186 215 20 0 0 0 0 96 1 0 0 0 0 0 0 0 0 0 0 0 0 0 0 0 0 0 0 0 0 0 0 0 0 0 0 0 0 0 0 0 0 0 0 0 0 0 0 0 0 0 0 0 0 0 0 0 0 0 0 0 0 0 0 0 0 0 0 0 0 0 0 77 68 79 32 101 120 116 114 97 32 100 97 116 97 32 108 111 99 107 0 0 0 0 0 0 0 0 0 0 0 0 0 0 0 0 0 0 0 0 0 0 0 0 0 0 0 0 0 0 0 0 0 0 0 0 0 0 0 0 0 0 0 0 0 0 0 0 0 0 0 0 0 0 0 0 0 0 0 0 0 0 0 0 0 0 0 0 0 0 0 0 0 0 0 0 0 0 0 0 0 0 0 0 0 0 0 0 0 0 0 0 0 0 0 0 0 0 0 0 0 0 0 0 0 0 0 0 0 0 0 0 0 0 0 0 0 0 2 0 0 1 32 0 0 1 0 0 0 0 0 0 0 0 0 0 0 2 0 0 0 0 0 6 0 1 0 0 0 64 0 0 0 255 255 255 255 8 0 4 0 0 0 0 0 data 8 0x40008 0x6 0x18e 0x40 0x0 0x40 0x0 0x40 oops 0
ciMethodData com/android/dx/rop/type/Type equals (Ljava/lang/Object;)Z 2 25678 orig 264 104 225 148 100 0 0 0 0 224 176 215 20 0 0 0 0 32 2 0 0 80 0 0 0 0 0 0 0 0 0 0 0 0 0 0 0 0 0 0 0 0 0 0 0 0 0 0 0 0 0 0 0 0 0 0 0 0 0 0 0 0 0 0 0 0 0 0 0 0 0 0 0 0 0 0 0 0 0 0 0 77 68 79 32 101 120 116 114 97 32 100 97 116 97 32 108 111 99 107 0 0 0 0 0 0 0 0 0 0 0 0 0 0 0 0 0 0 0 0 0 0 0 0 0 0 0 0 0 0 0 0 0 0 0 0 0 0 0 0 0 0 0 0 0 0 0 0 0 0 0 0 0 0 0 0 0 0 0 0 0 0 0 0 0 0 0 0 0 0 0 0 0 0 0 0 0 0 0 0 0 0 0 0 0 0 0 0 0 0 0 0 0 0 0 0 0 0 0 0 0 0 0 0 0 0 0 0 0 0 0 0 0 0 0 0 0 0 2 0 0 113 18 3 0 1 0 0 0 0 0 0 0 0 0 0 0 2 0 0 0 0 0 7 0 2 0 0 0 208 0 0 0 255 255 255 255 7 0 2 0 0 0 0 0 data 26 0x20007 0x1e83 0x20 0x43d0 0x80104 0xffffffffffffff91 0x182065f0 0x1e11 0x0 0x0 0xb0007 0x1e11 0x20 0x72 0x150004 0x0 0x182065f0 0x2ff 0x0 0x0 0x1b0005 0x0 0x2b0a4f0 0x1e11 0x0 0x0 oops 3 6 com/android/dx/rop/type/Type 16 com/android/dx/rop/type/Type 22 java/lang/String
ciMethod com/android/dx/cf/code/SwitchList size ()I 369 1 36 0 -1
ciMethod com/android/dx/cf/code/SwitchList getValues ()Lcom/android/dx/util/IntList; 41 1 5 0 -1
ciMethodData com/android/dx/rop/type/StdTypeList get (I)Lcom/android/dx/rop/type/Type; 2 16759 orig 264 104 225 148 100 0 0 0 0 88 35 216 20 0 0 0 0 176 1 0 0 0 0 0 0 0 0 0 0 0 0 0 0 0 0 0 0 0 0 0 0 0 0 0 0 0 0 0 0 0 0 0 0 0 0 0 0 0 0 0 0 0 0 0 0 0 0 0 0 0 0 0 0 0 0 0 0 0 0 0 0 77 68 79 32 101 120 116 114 97 32 100 97 116 97 32 108 111 99 107 0 0 0 0 0 0 0 0 0 0 0 0 0 0 0 0 0 0 0 0 0 0 0 0 0 0 0 0 0 0 0 0 0 0 0 0 0 0 0 0 0 0 0 0 0 0 0 0 0 0 0 0 0 0 0 0 0 0 0 0 0 0 0 0 0 0 0 0 0 0 0 0 0 0 0 0 0 0 0 0 0 0 0 0 0 0 0 0 0 0 0 0 0 0 0 0 0 0 0 0 0 0 0 0 0 0 0 0 0 0 0 0 0 0 0 0 0 0 2 0 0 185 251 1 0 1 0 0 0 0 0 0 0 0 0 0 0 2 0 0 0 0 0 3 0 2 0 0 0 96 0 0 0 255 255 255 255 5 0 2 0 0 0 0 0 data 12 0x20005 0x6fa 0x1832c940 0x387d 0x0 0x0 0x50004 0x0 0x182065f0 0x3f76 0x0 0x0 oops 2 2 com/android/dx/rop/type/StdTypeList 8 com/android/dx/rop/type/Type
ciMethodData com/android/dx/cf/code/BaseMachine clearArgs ()V 2 3196 orig 264 104 225 148 100 0 0 0 0 64 19 224 20 0 0 0 0 32 1 0 0 0 0 0 0 0 0 0 0 0 0 0 0 0 0 0 0 0 0 0 0 0 0 0 0 0 0 0 0 0 0 0 0 0 0 0 0 0 0 0 0 0 0 0 0 0 0 0 0 0 0 0 0 0 0 0 0 0 0 0 0 77 68 79 32 101 120 116 114 97 32 100 97 116 97 32 108 111 99 107 0 0 0 0 0 0 0 0 0 0 0 0 0 0 0 0 0 0 0 0 0 0 0 0 0 0 0 0 0 0 0 0 0 0 0 0 0 0 0 0 0 0 0 0 0 0 0 0 0 0 0 0 0 0 0 0 0 0 0 0 0 0 0 0 0 0 0 0 0 0 0 0 0 0 0 0 0 0 0 0 0 0 0 0 0 0 0 0 0 0 0 0 0 0 0 0 0 0 0 0 0 0 0 0 0 0 0 0 0 0 0 0 0 0 0 0 0 0 2 0 0 225 83 0 0 1 0 0 0 0 0 0 0 0 0 0 0 2 0 0 0 0 0 3 0 1 0 0 0 0 0 0 0 255 255 255 255 0 0 0 0 0 0 0 0 data 0 oops 0
ciMethodData com/android/dx/cf/code/RopperMachine run (Lcom/android/dx/cf/code/Frame;II)V 2 22987 orig 264 104 225 148 100 0 0 0 0 216 234 223 20 0 0 0 0 104 26 0 0 8 24 0 0 0 0 0 0 0 0 0 0 0 0 0 0 0 0 0 0 0 0 0 0 0 0 0 0 0 0 0 0 0 0 0 0 0 0 0 0 0 0 0 0 0 0 0 0 0 0 0 0 0 0 0 0 0 0 0 0 77 68 79 32 101 120 116 114 97 32 100 97 116 97 32 108 111 99 107 0 0 0 0 0 0 0 0 0 0 0 0 0 0 0 0 0 0 0 0 0 0 0 0 0 0 0 0 0 0 0 0 0 0 0 0 0 0 0 0 0 0 0 0 0 0 0 0 0 0 0 0 0 0 0 0 0 0 0 0 0 0 0 0 0 0 0 0 0 0 0 0 0 0 0 0 0 0 0 0 0 0 0 0 0 0 0 0 0 0 0 0 0 0 0 0 0 0 0 0 0 0 0 0 0 0 0 0 0 0 0 0 0 0 0 0 0 0 2 0 0 73 190 2 0 73 61 0 0 0 0 0 0 0 0 0 0 2 0 0 0 3 0 96 1 2 0 0 0 216 24 0 0 255 255 255 255 5 0 5 0 0 0 0 0 data 795 0x50005 0x6bc 0x182069e0 0x510d 0x0 0x0 0x80005 0x6bc 0x177fed10 0x510d 0x0 0x0 0x120002 0x57c9 0x190005 0x6ba 0x17fba160 0x5112 0x0 0x0 0x220002 0x57cd 0x2a0005 0x6ba 0x17fba480 0x5108 0x0 0x0 0x330007 0x5366 0x38 0x462 0x370003 0x462 0x18 0x3b0005 0x6bb 0x18203300 0x510c 0x0 0x0 0x410005 0x6bb 0x18203300 0x510c 0x0 0x0 0x480007 0x3fcc 0x78 0x1802 0x4f0008 0x6 0x188 0x40 0x2a 0x40 0x0 0x40 0x690003 0x1695 0x3e8 0x6e0007 0x3b4d 0x38 0x480 0x750003 0x480 0x3b0 0x7b0007 0x284 0x78 0x38ca 0x820005 0x470 0x18203300 0x345a 0x0 0x0 0x850002 0x38ca 0x8a0003 0x38cc 0x338 0x910005 0x24 0x18771d30 0x260 0x0 0x0 0xa40007 0x284 0x178 0x294 0xab0005 0x24 0x17fba160 0x270 0x0 0x0 0xb20005 0x24 0x17e16680 0x270 0x0 0x0 0xbb0005 0x24 0x17e16680 0x270 0x0 0x0 0xca0002 0x294 0xd30002 0x294 0xd60005 0x0 0x17e16360 0x294 0x0 0x0 0xe00004 0x0 0x17e16680 0x294 0x0 0x0 0xe50005 0x24 0x17e16680 0x270 0x0 0x0 0xee0003 0x294 0xfffffffffffffea0 0xf20005 0x24 0x18203300 0x260 0x0 0x0 0xf90007 0x284 0x148 0x515 0x10e0005 0x48 0x17e16680 0x4cd 0x0 0x0 0x11d0002 0x515 0x1260005 0x48 0x17e16680 0x4cd 0x0 0x0 0x12b0002 0x515 0x12e0005 0x0 0x17e16360 0x515 0x0 0x0 0x1360005 0x4 0x182065f0 0x50b 0x1814bf80 0x6 0x13b0005 0x48 0x182065f0 0x4cd 0x0 0x0 0x1470003 0x515 0xfffffffffffffed0 0x14d0007 0x1695 0x38 0x3d4b 0x1520003 0x3d4b 0x18 0x15b0005 0x66e 0x18203300 0x4d6d 0x0 0x0 0x1640007 0x53db 0x508 0x0 0x1740005 0x0 0x0 0x0 0x0 0x0 0x17a0002 0x0 0x1840002 0x0 0x19a0002 0x0 0x1a50005 0x0 0x0 0x0 0x0 0x0 0x1ac0002 0x0 0x1be0002 0x0 0x1c90005 0x0 0x0 0x0 0x0 0x0 0x1cf0004 0x0 0x0 0x0 0x0 0x0 0x1d20005 0x0 0x0 0x0 0x0 0x0 0x1de0007 0x0 0x68 0x0 0x1e30005 0x0 0x0 0x0 0x0 0x0 0x1eb0003 0x0 0xffffffffffffffb0 0x1f00005 0x0 0x0 0x0 0x0 0x0 0x1f60002 0x0 0x1fd0005 0x0 0x0 0x0 0x0 0x0 0x2000007 0x0 0x58 0x0 0x2050002 0x0 0x21c0002 0x0 0x2210003 0x0 0x38 0x23a0002 0x0 0x23d0002 0x0 0x2480005 0x0 0x0 0x0 0x0 0x0 0x24e0005 0x0 0x0 0x0 0x0 0x0 0x2510002 0x0 0x2630002 0x0 0x26e0005 0x0 0x0 0x0 0x0 0x0 0x2740005 0x0 0x0 0x0 0x0 0x0 0x27a0002 0x0 0x2860005 0x0 0x0 0x0 0x0 0x0 0x2890002 0x0 0x2920002 0x0 0x29c0002 0x0 0x2a70005 0x0 0x0 0x0 0x0 0x0 0x2ae0005 0x0 0x0 0x0 0x0 0x0 0x2b10005 0x0 0x0 0x0 0x0 0x0 0x2b40002 0x0 0x2c60002 0x0 0x2d10005 0x0 0x0 0x0 0x0 0x0 0x2db0002 0x0 0x2e00003 0x0 0xe0 0x2e70007 0x53db 0x20 0x0 0x2f40007 0x53db 0xa8 0x0 0x2fa0005 0x0 0x0 0x0 0x0 0x0 0x2fd0004 0x0 0x0 0x0 0x0 0x0 0x3030003 0x0 0x28 0x3100002 0x0 0x3190002 0x53db 0x3260002 0x53da 0x3300007 0x1698 0x138 0x3d45 0x3350005 0x4e4 0x184cce10 0x3860 0x0 0x0 0x3380007 0x3309 0xe8 0xa40 0x34b0004 0x0 0x18203510 0xa40 0x0 0x0 0x34e0005 0x101 0x18203510 0x93f 0x0 0x0 0x3510005 0x101 0x18207990 0x93f 0x0 0x0 0x3540002 0xa40 0x35e0002 0xa40 0x3660003 0xa40 0xd8 0x36b0007 0x1698 0xc0 0x3309 0x3700005 0x3e3 0x184cce10 0x2f25 0x0 0x0 0x3730007 0x259e 0x70 0xd6b 0x3860005 0xc6 0x17e16680 0xca5 0x0 0x0 0x3890002 0xd6b 0x3930002 0xd6b 0x39f0007 0x53aa 0x78 0x25 0x3a40005 0x3 0x184cce10 0x22 0x0 0x0 0x3a70002 0x25 0x3ac0003 0x25 0x460 0x3b10007 0x260e 0x448 0x2daa 0x3b70007 0x2ca3 0x428 0x107 0x3bd0005 0xe 0x17fba160 0xf9 0x0 0x0 0x3c00005 0xe 0x17e16680 0xf9 0x0 0x0 0x3c80005 0xe 0x17fba160 0xf9 0x0 0x0 0x3cb0005 0xe 0x17e16680 0xf9 0x0 0x0 0x3d20005 0xa 0x182065f0 0xb9 0x1806e160 0x44 0x3d70007 0x4e 0x70 0xb9 0x3dc0005 0x1 0x182065f0 0x95 0x1806e160 0x23 0x3e10007 0x95 0x2c8 0x24 0x3ed0005 0x2 0x17fba160 0x70 0x0 0x0 0x3f30005 0x2 0x17fba160 0x70 0x0 0x0 0x3f60005 0x0 0x18cb1a70 0x72 0x0 0x0 0x3fb0007 0x65 0x218 0xd 0x4000005 0x0 0x1806e160 0xd 0x0 0x0 0x4050007 0x0 0x158 0xd 0x40a0004 0x0 0x1806e160 0xd 0x0 0x0 0x4110005 0x0 0x17fba160 0xd 0x0 0x0 0x4180005 0x0 0x184cce10 0xd 0x0 0x0 0x41d0007 0x8 0x108 0x5 0x4260004 0x0 0x1806e160 0x5 0x0 0x0 0x42d0005 0x0 0x1806e160 0x5 0x0 0x0 0x4310002 0x5 0x4360003 0x5 0x78 0x43b0004 0x0 0x0 0x0 0x0 0x0 0x4420005 0x0 0x0 0x0 0x0 0x0 0x44f0002 0xd 0x4550005 0x66b 0x18203300 0x4d63 0x0 0x0 0x45b0005 0x66c 0x18203300 0x4d64 0x0 0x0 0x4620005 0x66c 0x184cce10 0x4d64 0x0 0x0 0x4740007 0x53a6 0x120 0x27 0x4790005 0x4 0x17e16100 0x23 0x0 0x0 0x47c0007 0x27 0x48 0x0 0x48c0002 0x0 0x4960003 0x0 0x3d8 0x49b0005 0x4 0x17e16100 0x23 0x0 0x0 0x4ae0002 0x27 0x4b60005 0x4 0x1877ca10 0x23 0x0 0x0 0x4bc0003 0x27 0x350 0x4c30007 0x4e47 0x1b8 0x564 0x4c80005 0x68 0x17fba160 0x4fc 0x0 0x0 0x4cb0007 0x2b6 0x130 0x2ae 0x4d10005 0x46 0x17fba160 0x268 0x0 0x0 0x4d80005 0x46 0x17e16680 0x268 0x0 0x0 0x4df0005 0x46 0x17e16680 0x268 0x0 0x0 0x4e20007 0x8 0x80 0x2a6 0x4ef0002 0x2a6 0x4f70002 0x2a6 0x4fc0002 0x2a6 0x4ff0005 0x0 0x17e16360 0x2a6 0x0 0x0 0x5100002 0x564 0x51f0002 0x564 0x5270003 0x564 0x198 0x52c0007 0x2813 0xc0 0x2640 0x5310007 0x508 0x78 0x2138 0x5440002 0x2139 0x5530005 0x0 0x1832c940 0x2139 0x0 0x0 0x55b0003 0x2139 0x100 0x56c0002 0x508 0x5710003 0x508 0xd8 0x5760007 0x2658 0xb0 0x1bb 0x5870002 0x1bb 0x5950007 0xe3 0x38 0xd8 0x59d0003 0xd8 0x70 0x5a50005 0x0 0x1832c940 0xe3 0x0 0x0 0x5ad0003 0xe3 0x28 0x5bc0002 0x2658 0x5c70005 0x0 0x17e16360 0x53d4 0x0 0x0 0x5cd0007 0x3c2f 0x50 0x17ab 0x5d60005 0x0 0x17e16360 0x17ab 0x0 0x0 0x5dc0007 0x53d3 0xa0 0x0 0x5f40005 0x0 0x0 0x0 0x0 0x0 0x5f70002 0x0 0x5fe0002 0x0 0x6090005 0x0 0x0 0x0 0x0 0x0 oops 61 2 com/android/dx/cf/code/Frame 8 com/android/dx/cf/code/ExecutionStack 16 com/android/dx/rop/code/RegisterSpecList 24 com/android/dx/cf/code/ConcreteMethod 37 com/android/dx/cf/code/RopperMachine 43 com/android/dx/cf/code/RopperMachine