JvmtiExport can_access_local_variables 0
JvmtiExport can_hotswap_or_post_breakpoint 0
JvmtiExport can_post_on_exceptions 0
# 158 ciObject found
ciMethod java/lang/Object <init> ()V 4097 1 2716 0 -1
ciMethod java/security/AccessController doPrivileged (Ljava/security/PrivilegedExceptionAction;)Ljava/lang/Object; 137 1 17 0 -1
ciMethod java/util/Vector size ()I 713 1 87 0 -1
ciMethod java/util/Vector elementAt (I)Ljava/lang/Object; 281 1 35 0 -1
ciMethod java/util/Vector removeElementAt (I)V 113 1 14 0 -1
ciMethod java/util/Stack pop ()Ljava/lang/Object; 113 1 14 0 -1
ciMethod java/util/Stack peek ()Ljava/lang/Object; 121 1 15 0 -1
ciMethod java/util/Stack empty ()Z 257 1 32 0 -1
ciMethod java/util/ArrayList ensureCapacityInternal (I)V 641 1 80 0 -1
ciMethod java/util/ArrayList ensureExplicitCapacity (I)V 641 1 80 0 -1
ciMethod java/util/ArrayList grow (I)V 89 1 11 0 -1
ciMethod java/util/ArrayList size ()I 1065 1 133 0 -1
ciMethod java/util/ArrayList get (I)Ljava/lang/Object; 1977 1 247 0 -1
ciMethod java/util/ArrayList add (Ljava/lang/Object;)Z 641 1 80 0 -1
ciMethod java/util/ArrayList rangeCheck (I)V 1977 1 247 0 -1
ciMethod java/util/HashMap containsKey (Ljava/lang/Object;)Z 105 1 13 0 -1
ciMethod java/util/HashMap put (Ljava/lang/Object;Ljava/lang/Object;)Ljava/lang/Object; 1137 1 139 0 -1
ciMethod java/lang/Math max (II)I 233 1 29 0 -1
ciMethodData java/lang/Object <init> ()V 2 2716 orig 264 104 225 161 96 0 0 0 0 128 4 140 20 0 0 0 0 32 1 0 0 0 0 0 0 0 0 0 0 0 0 0 0 0 0 0 0 0 0 0 0 0 0 0 0 0 0 0 0 0 0 0 0 0 0 0 0 0 0 0 0 0 0 0 0 0 0 0 0 0 0 0 0 0 0 0 0 0 0 0 0 77 68 79 32 101 120 116 114 97 32 100 97 116 97 32 108 111 99 107 0 0 0 0 0 0 0 0 0 0 0 0 0 0 0 0 0 0 0 0 0 0 0 0 0 0 0 0 0 0 0 0 0 0 0 0 0 0 0 0 0 0 0 0 0 0 0 0 0 0 0 0 0 0 0 0 0 0 0 0 0 0 0 0 0 0 0 0 0 0 0 0 0 0 0 0 0 0 0 0 0 0 0 0 0 0 0 0 0 0 0 0 0 0 0 0 0 0 0 0 0 0 0 0 0 0 0 0 0 0 0 0 0 0 0 0 0 0 2 0 0 225 68 0 0 1 0 0 0 0 0 0 0 0 0 0 0 2 0 0 0 0 0 3 0 1 0 0 0 0 0 0 0 255 255 255 255 0 0 0 0 0 0 0 0 data 0 oops 0
ciMethod sun/misc/URLClassPath validateLookupCache (ILjava/lang/String;)V 105 1 13 0 -1
ciMethod sun/misc/URLClassPath getLoader (I)Lsun/misc/URLClassPath$Loader; 2129 105 266 0 -1
ciMethod sun/misc/URLClassPath getLoader (Ljava/net/URL;)Lsun/misc/URLClassPath$Loader; 105 1 13 0 -1
ciMethod sun/misc/URLClassPath push ([Ljava/net/URL;)V 17 105 2 0 -1
ciMethod sun/net/util/URLUtil urlNoFragString (Ljava/net/URL;)Ljava/lang/String; 105 1 13 0 -1
ciMethod sun/misc/URLClassPath$3 <init> (Lsun/misc/URLClassPath;Ljava/net/URL;)V 105 1 13 0 -1
ciMethod sun/misc/URLClassPath$Loader getClassPath ()[Ljava/net/URL; 0 0 1 0 -1
ciMethodData sun/misc/URLClassPath getLoader (I)Lsun/misc/URLClassPath$Loader; 1 266 orig 264 104 225 161 96 0 0 0 0 112 98 168 20 0 0 0 0 168 5 0 0 200 3 0 0 0 0 0 0 0 0 0 0 0 0 0 0 0 0 0 0 0 0 0 0 0 0 0 0 0 0 0 0 0 0 0 0 0 0 0 0 0 0 0 0 0 0 0 0 0 0 0 0 0 0 0 0 0 0 0 0 77 68 79 32 101 120 116 114 97 32 100 97 116 97 32 108 111 99 107 0 0 0 0 0 0 0 0 0 0 0 0 0 0 0 0 0 0 0 0 0 0 0 0 0 0 0 0 0 0 0 0 0 0 0 0 0 0 0 0 0 0 0 0 0 0 0 0 0 0 0 0 0 0 0 0 0 0 0 0 0 0 0 0 0 0 0 0 0 0 0 0 0 0 0 0 0 0 0 0 0 0 0 0 0 0 0 0 0 0 0 0 0 0 0 0 0 0 0 0 0 0 0 0 0 0 0 0 0 0 0 0 0 0 0 0 0 10 1 0 0 1 0 0 0 1 0 0 0 0 0 0 0 0 0 0 0 2 0 0 0 0 0 0 0 0 0 0 0 88 4 0 0 255 255 255 255 7 0 4 0 0 0 0 0 data 139 0x40007 0x0 0x20 0x0 0xd0005 0x0 0x0 0x0 0x0 0x0 0x130007 0x0 0x2b8 0x0 0x210005 0x0 0x0 0x0 0x0 0x0 0x240007 0x0 0x20 0x0 0x2f0005 0x0 0x0 0x0 0x0 0x0 0x320004 0x0 0x0 0x0 0x0 0x0 0x380003 0x0 0x18 0x430002 0x0 0x4c0005 0x0 0x0 0x0 0x0 0x0 0x4f0007 0x0 0x38 0x0 0x520003 0x0 0xfffffffffffffe88 0x570002 0x0 0x5e0005 0x0 0x0 0x0 0x0 0x0 0x650007 0x0 0x30 0x0 0x6b0002 0x0 0x6e0003 0x0 0x30 0x730003 0x0 0xfffffffffffffde8 0x7b0005 0x0 0x0 0x0 0x0 0x0 0x7f0002 0x0 0x880005 0x0 0x0 0x0 0x0 0x0 0x930005 0x0 0x0 0x0 0x0 0x0 0x970003 0x0 0xfffffffffffffd30 0x9d0007 0x0 0xf0 0x0 0xa70002 0x0 0xac0005 0x0 0x0 0x0 0x0 0x0 0xb00005 0x0 0x0 0x0 0x0 0x0 0xb30005 0x0 0x0 0x0 0x0 0x0 0xb60005 0x0 0x0 0x0 0x0 0x0 0xbe0005 0x0 0x0 0x0 0x0 0x0 0xc10004 0x0 0x0 0x0 0x0 0x0 oops 0